        type trial_config ert_flop   unroll  buffers        nsize       trials       microsecs        bytes        flops         GB/s         GF/s
        long    coalesced        0        8        1           64     67108864          92.451            0            0        0.000        0.000
        long    coalesced        0        8        1          128     33554432          28.119            0            0        0.000        0.000
        long    coalesced        0        8        1          256     16777216          56.826            0            0        0.000        0.000
        long    coalesced        0        8        1          512      8388608          21.179            0            0        0.000        0.000
        long    coalesced        0        8        1         1024      4194304          29.186            0            0        0.000        0.000
        long    coalesced        0        8        1         2048      2097152          20.140            0            0        0.000        0.000
        long    coalesced        0        8        1         4096      1048576          19.747            0            0        0.000        0.000
        long    coalesced        0        8        1         8192       524288          19.928            0            0        0.000        0.000
        long    coalesced        0        8        1        16384       262144          21.228            0            0        0.000        0.000
        long    coalesced        0        8        1        32768       131072          20.728            0            0        0.000        0.000
        long    coalesced        0        8        1        65536        65536          20.316            0            0        0.000        0.000
        long    coalesced        0        8        1       131072        32768          20.361            0            0        0.000        0.000
        long    coalesced        0        8        1       262144        16384          20.736            0            0        0.000        0.000
        long    coalesced        0        8        1       524288         8192          22.914            0            0        0.000        0.000
        long    coalesced        0        8        1      1048576         4096          20.074            0            0        0.000        0.000
        long    coalesced        0        8        1      2097152         2048          59.290            0            0        0.000        0.000
        long    coalesced        0        8        1      4194304         1024          51.874            0            0        0.000        0.000
        long    coalesced        0        8        1      8388608          512          44.394            0            0        0.000        0.000
        long    coalesced        0        8        1     16777216          256          71.738            0            0        0.000        0.000
        long    coalesced        0        8        1     33554432          128         100.865            0            0        0.000        0.000
        long    coalesced        0        8        1     67108864           64          87.238            0            0        0.000        0.000
        long    coalesced        0        8        1    134217728           32          66.885            0            0        0.000        0.000
        long    coalesced        0        8        1    268435456           16          86.054            0            0        0.000        0.000
        long    coalesced        0        8        1    536870912            8          60.427            0            0        0.000        0.000
        long    coalesced        0        8        1   1073741824            4         243.441            0            0        0.000        0.000
        long    coalesced        0        8        1   2147483648            2          71.438            0            0        0.000        0.000
        long    coalesced        0        8        1   4293918720            1          75.616            0            0        0.000        0.000
