        type trial_config ert_flop   unroll  buffers        nsize       trials       microsecs        bytes        flops         GB/s         GF/s
        long    coalesced 1616727096        1        1            8     67108864         110.103 17555678822400 108496718810578944 159447779.101 985411104244.016
        long    coalesced 1616727096        1        1           16     67108864          42.882 35111357644800 216993437621157888 818790113.446 5060245268904.386
        long    coalesced 1616727096        1        1           32     67108864          43.454 70222715289600 433986875242315776 1616024193.161 9987271027806.779
        long    coalesced 1616727096        1        1           64     67108864          36.979 140445430579200 867973750484631552 3797978057.254 23472071999908.910
        long    coalesced 1616727096        1        1          128     33554432          26.140 140445430579200 867973750484631552 5372816778.087 33204810653581.926
        long    coalesced 1616727096        1        1          256     16777216          35.338 140445430579200 867973750484631552 3974345763.178 24562050780594.023
        long    coalesced 1616727096        1        1          512      8388608          32.888 140445430579200 867973750484631552 4270415670.737 26391807056818.035
        long    coalesced 1616727096        1        1         1024      4194304          33.877 140445430579200 867973750484631552 4145745803.324 25621328644349.602
        long    coalesced 1616727096        1        1         2048      2097152          28.219 140445430579200 867973750484631552 4976981132.542 30758487206656.211
        long    coalesced 1616727096        1        1         4096      1048576          30.592 140445430579200 867973750484631552 4590920194.142 28372572910716.250
        long    coalesced 1616727096        1        1         8192       524288          36.026 140445430579200 867973750484631552 3898446415.900 24092981471288.281
        long    coalesced 1616727096        1        1        16384       262144          33.268 140445430579200 867973750484631552 4221637326.536 26090349599754.465
        long    coalesced 1616727096        1        1        32768       131072          37.567 140445430579200 867973750484631552 3738531971.656 23104686306722.164
        long    coalesced 1616727096        1        1        65536        65536          38.460 140445430579200 867973750484631552 3651727264.150 22568220241410.074
        long    coalesced 1616727096        1        1       131072        32768          41.139 140445430579200 867973750484631552 3413924270.867 21098562203374.691
        long    coalesced 1616727096        1        1       262144        16384          32.405 140445430579200 867973750484631552 4334066674.254 26785179771165.918
        long    coalesced 1616727096        1        1       524288         8192          25.808 140445430579200 867973750484631552 5441933918.909 33631964913384.668
        long    coalesced 1616727096        1        1      1048576         4096          23.347 140445430579200 867973750484631552 6015566478.742 37177099862279.164
        long    coalesced 1616727096        1        1      2097152         2048          57.625 140445430579200 867973750484631552 2437230899.422 15062451201468.660
        long    coalesced 1616727096        1        1      4194304         1024          18.847 140445430579200 867973750484631552 7451871946.686 46053682309366.555
        long    coalesced 1616727096        1        1      8388608          512          19.231 140445430579200 867973750484631552 7303074753.221 45134093416079.844
        long    coalesced 1616727096        1        1     16777216          256          44.629 140445430579200 867973750484631552 3146954459.638 19448648871465.449
        long    coalesced 1616727096        1        1     33554432          128          68.678 140445430579200 867973750484631552 2044984282.874 12638308490122.479
        long    coalesced 1616727096        1        1     67108864           64         109.889 140445430579200 867973750484631552 1278066326.741 7898640905683.294
        long    coalesced 1616727096        1        1    134217728           32         118.213 140445430579200 867973750484631552 1188070944.644 7342455994557.549
        long    coalesced 1616727096        1        1    268435456           16         110.775 140445430579200 867973750484631552 1267844103.626 7835466039130.053
        long    coalesced 1616727096        1        1    536870912            8          81.381 140445430579200 867973750484631552 1725776662.602 10665557691409.932
        long    coalesced 1616727096        1        1   1073741824            4         107.979 140445430579200 867973750484631552 1300673562.259 8038356999829.888
        long    coalesced 1616727096        1        1   2147483648            2          92.135 140445430579200 867973750484631552 1524343958.096 9420673473540.256
        long    coalesced 1616727096        1        1   4293918720            1          69.151 140411142144000 867761842830704640 2030500529.913 12548796732233.875
