        type trial_config ert_flop   unroll  buffers        nsize       trials       microsecs        bytes        flops         GB/s         GF/s
        long    coalesced        0        2        1           16     67108864          70.632            0            0        0.000        0.000
        long    coalesced        0        2        1           32     67108864          37.827            0            0        0.000        0.000
        long    coalesced        0        2        1           64     67108864          37.399            0            0        0.000        0.000
        long    coalesced        0        2        1          128     33554432          24.198            0            0        0.000        0.000
        long    coalesced        0        2        1          256     16777216          37.067            0            0        0.000        0.000
        long    coalesced        0        2        1          512      8388608          34.455            0            0        0.000        0.000
        long    coalesced        0        2        1         1024      4194304          36.693            0            0        0.000        0.000
        long    coalesced        0        2        1         2048      2097152          35.671            0            0        0.000        0.000
        long    coalesced        0        2        1         4096      1048576          35.620            0            0        0.000        0.000
        long    coalesced        0        2        1         8192       524288          28.312            0            0        0.000        0.000
        long    coalesced        0        2        1        16384       262144          32.464            0            0        0.000        0.000
        long    coalesced        0        2        1        32768       131072          39.973            0            0        0.000        0.000
        long    coalesced        0        2        1        65536        65536          37.108            0            0        0.000        0.000
        long    coalesced        0        2        1       131072        32768          27.490            0            0        0.000        0.000
        long    coalesced        0        2        1       262144        16384          29.324            0            0        0.000        0.000
        long    coalesced        0        2        1       524288         8192          30.042            0            0        0.000        0.000
        long    coalesced        0        2        1      1048576         4096          28.895            0            0        0.000        0.000
        long    coalesced        0        2        1      2097152         2048          31.833            0            0        0.000        0.000
        long    coalesced        0        2        1      4194304         1024          49.313            0            0        0.000        0.000
        long    coalesced        0        2        1      8388608          512          50.127            0            0        0.000        0.000
        long    coalesced        0        2        1     16777216          256          77.468            0            0        0.000        0.000
        long    coalesced        0        2        1     33554432          128          70.678            0            0        0.000        0.000
        long    coalesced        0        2        1     67108864           64          71.564            0            0        0.000        0.000
        long    coalesced        0        2        1    134217728           32          68.539            0            0        0.000        0.000
        long    coalesced        0        2        1    268435456           16          66.805            0            0        0.000        0.000
        long    coalesced        0        2        1    536870912            8          66.263            0            0        0.000        0.000
        long    coalesced        0        2        1   1073741824            4          73.663            0            0        0.000        0.000
        long    coalesced        0        2        1   2147483648            2          68.070            0            0        0.000        0.000
        long    coalesced        0        2        1   4293918720            1          84.472            0            0        0.000        0.000
