        type trial_config ert_flop   unroll  buffers        nsize       trials       microsecs        bytes        flops         GB/s         GF/s
       float    coalesced        1       64        2          512     16777216     8183367.710  17179869184   2147483648        2.099        0.262
       float    coalesced        1       64        2         1024      8388608     4676500.968  17179869184   2147483648        3.674        0.459
       float    coalesced        1       64        2         2048      4194304     2657572.205  17179869184   2147483648        6.464        0.808
       float    coalesced        1       64        2         4096      2097152     1488246.224  17179869184   2147483648       11.544        1.443
       float    coalesced        1       64        2         8192      1048576     1023370.327  17179869184   2147483648       16.788        2.098
       float    coalesced        1       64        2        16384       524288      818675.559  17179869184   2147483648       20.985        2.623
       float    coalesced        1       64        2        32768       262144      682438.546  17179869184   2147483648       25.174        3.147
       float    coalesced        1       64        2        65536       131072      630015.667  17179869184   2147483648       27.269        3.409
       float    coalesced        1       64        2       131072        65536      591952.360  17179869184   2147483648       29.022        3.628
       float    coalesced        1       64        2       262144        32768      577072.003  17179869184   2147483648       29.771        3.721
       float    coalesced        1       64        2       524288        16384      571217.696  17179869184   2147483648       30.076        3.759
       float    coalesced        1       64        2      1048576         8192      567605.617  17179869184   2147483648       30.267        3.783
       float    coalesced        1       64        2      2097152         4096      565782.966  17179869184   2147483648       30.365        3.796
       float    coalesced        1       64        2      4194304         2048      565047.508  17179869184   2147483648       30.404        3.801
       float    coalesced        1       64        2      8388608         1024      564600.578  17179869184   2147483648       30.428        3.804
       float    coalesced        1       64        2     16777216          512      564369.978  17179869184   2147483648       30.441        3.805
       float    coalesced        1       64        2     33554432          256      564271.939  17179869184   2147483648       30.446        3.806
       float    coalesced        1       64        2     67108864          128      564260.082  17179869184   2147483648       30.447        3.806
       float    coalesced        1       64        2    134217728           64      564198.743  17179869184   2147483648       30.450        3.806
       float    coalesced        1       64        2    268435456           32      564083.735  17179869184   2147483648       30.456        3.807
       float    coalesced        1       64        2    536870912           16      564160.966  17179869184   2147483648       30.452        3.807
       float    coalesced        1       64        2   1073741824            8      564173.206  17179869184   2147483648       30.451        3.806
       float    coalesced        1       64        2   2147483648            4      564161.946  17179869184   2147483648       30.452        3.807
       float    coalesced        1       64        2   4294967296            2      564159.804  17179869184   2147483648       30.452        3.807
       float    coalesced        1       64        2   8588886016            1     1130074.158  17177772032   2147221504       15.201        1.900
