        type trial_config ert_flop   unroll  buffers        nsize       trials       microsecs        bytes        flops         GB/s         GF/s
       float    coalesced       32        4        1           16     67108864    47610215.118   2147483648   8589934592        0.045        0.180
       float    coalesced       32        4        1           32     67108864    47610170.037   4294967296  17179869184        0.090        0.361
       float    coalesced       32        4        1           64     67108864    49098180.554   8589934592  34359738368        0.175        0.700
       float    coalesced       32        4        1          128     33554432    26185768.964   8589934592  34359738368        0.328        1.312
       float    coalesced       32        4        1          256     16777216    14711157.532   8589934592  34359738368        0.584        2.336
       float    coalesced       32        4        1          512      8388608     8539185.675   8589934592  34359738368        1.006        4.024
       float    coalesced       32        4        1         1024      4194304     5169354.469   8589934592  34359738368        1.662        6.647
       float    coalesced       32        4        1         2048      2097152     3273478.893   8589934592  34359738368        2.624       10.496
       float    coalesced       32        4        1         4096      1048576     2153724.883   8589934592  34359738368        3.988       15.954
       float    coalesced       32        4        1         8192       524288     1705131.507   8589934592  34359738368        5.038       20.151
       float    coalesced       32        4        1        16384       262144     1416689.955   8589934592  34359738368        6.063       24.254
       float    coalesced       32        4        1        32768       131072     1278965.941   8589934592  34359738368        6.716       26.865
       float    coalesced       32        4        1        65536        65536     1206671.646   8589934592  34359738368        7.119       28.475
       float    coalesced       32        4        1       131072        32768     1176722.702   8589934592  34359738368        7.300       29.200
       float    coalesced       32        4        1       262144        16384     1159135.472   8589934592  34359738368        7.411       29.643
       float    coalesced       32        4        1       524288         8192     1151223.377   8589934592  34359738368        7.462       29.846
       float    coalesced       32        4        1      1048576         4096     1146658.012   8589934592  34359738368        7.491       29.965
       float    coalesced       32        4        1      2097152         2048     1144451.784   8589934592  34359738368        7.506       30.023
       float    coalesced       32        4        1      4194304         1024     1143350.083   8589934592  34359738368        7.513       30.052
       float    coalesced       32        4        1      8388608          512     1142854.361   8589934592  34359738368        7.516       30.065
       float    coalesced       32        4        1     16777216          256     1142517.569   8589934592  34359738368        7.518       30.074
       float    coalesced       32        4        1     33554432          128     1142518.794   8589934592  34359738368        7.518       30.074
       float    coalesced       32        4        1     67108864           64     1142472.723   8589934592  34359738368        7.519       30.075
       float    coalesced       32        4        1    134217728           32     1142466.314   8589934592  34359738368        7.519       30.075
       float    coalesced       32        4        1    268435456           16     1142368.968   8589934592  34359738368        7.519       30.078
       float    coalesced       32        4        1    536870912            8     1142365.683   8589934592  34359738368        7.519       30.078
       float    coalesced       32        4        1   1073741824            4     1142346.912   8589934592  34359738368        7.520       30.078
       float    coalesced       32        4        1   2147483648            2     1142223.006   8589934592  34359738368        7.520       30.081
       float    coalesced       32        4        1   4293918720            1     1141983.242   8587837440  34351349760        7.520       30.080
