        type trial_config ert_flop   unroll  buffers        nsize       trials       microsecs        bytes        flops         GB/s         GF/s
       float    coalesced        1        6        1           24     67108864   240318311.667   3221225472    402653184        0.013        0.002
       float    coalesced        1        6        1           48     67108864   288306977.233   6442450944    805306368        0.022        0.003
       float    coalesced        1        6        1           96     44739242   256189614.638   8589934464   1073741808        0.034        0.004
       float    coalesced        1        6        1          192     22369621   192079913.780   8589934464   1073741808        0.045        0.006
       float    coalesced        1        6        1          384     11184810   160024973.786   8589934080   1073741760        0.054        0.007
       float    coalesced        1        6        1          768      5592405   143998197.312   8589934080   1073741760        0.060        0.007
       float    coalesced        1        6        1         1536      2796202   135984965.674   8589932544   1073741568        0.063        0.008
       float    coalesced        1        6        1         3072      1398101   131977838.168   8589932544   1073741568        0.065        0.008
       float    coalesced        1        6        1         6144       699050   129974254.770   8589926400   1073740800        0.066        0.008
       float    coalesced        1        6        1        12288       349525   128972369.283   8589926400   1073740800        0.067        0.008
       float    coalesced        1        6        1        24576       174762   128471133.260   8589901824   1073737728        0.067        0.008
       float    coalesced        1        6        1        49152        87381   128220519.388   8589901824   1073737728        0.067        0.008
       float    coalesced        1        6        1        98304        43690   128093712.291   8589803520   1073725440        0.067        0.008
       float    coalesced        1        6        1       196608        21845   128041408.081   8589803520   1073725440        0.067        0.008
       float    coalesced        1        6        1       393216        10922   127995191.264   8589410304   1073676288        0.067        0.008
       float    coalesced        1        6        1       786432         5461   127978286.637   8589410304   1073676288        0.067        0.008
       float    coalesced        1        6        1      1572864         2730   127946966.307   8587837440   1073479680        0.067        0.008
       float    coalesced        1        6        1      3145728         1365   127943088.551   8587837440   1073479680        0.067        0.008
       float    coalesced        1        6        1      6291456          682   127847409.848   8581545984   1072693248        0.067        0.008
       float    coalesced        1        6        1     12582912          341   127846419.078   8581545984   1072693248        0.067        0.008
       float    coalesced        1        6        1     25165824          170   127470978.662   8556380160   1069547520        0.067        0.008
       float    coalesced        1        6        1     50331648           85   127470267.254   8556380160   1069547520        0.067        0.008
       float    coalesced        1        6        1    100663296           42   125970260.066   8455716864   1056964608        0.067        0.008
       float    coalesced        1        6        1    201326592           21   125970384.064   8455716864   1056964608        0.067        0.008
       float    coalesced        1        6        1    402653184           10   119971908.634   8053063680   1006632960        0.067        0.008
       float    coalesced        1        6        1    805306368            5   119971902.995   8053063680   1006632960        0.067        0.008
       float    coalesced        1        6        1   1610612736            2    95977610.965   6442450944    805306368        0.067        0.008
       float    coalesced        1        6        1   3221225472            1    95977571.316   6442450944    805306368        0.067        0.008
