        type trial_config ert_flop   unroll  buffers        nsize       trials       microsecs        bytes        flops         GB/s         GF/s
       float    coalesced       16        2        1            8     67108864    37408342.695   1073741824   2147483648        0.029        0.057
       float    coalesced       16        2        1           16     67108864    38088331.450   2147483648   4294967296        0.056        0.113
       float    coalesced       16        2        1           32     67108864    40285783.395   4294967296   8589934592        0.107        0.213
       float    coalesced       16        2        1           64     67108864    43642933.658   8589934592  17179869184        0.197        0.394
       float    coalesced       16        2        1          128     33554432    24939102.486   8589934592  17179869184        0.344        0.689
       float    coalesced       16        2        1          256     16777216    14547951.431   8589934592  17179869184        0.590        1.181
       float    coalesced       16        2        1          512      8388608     9352424.151   8589934592  17179869184        0.918        1.837
       float    coalesced       16        2        1         1024      4194304     5692815.906   8589934592  17179869184        1.509        3.018
       float    coalesced       16        2        1         2048      2097152     4091883.226   8589934592  17179869184        2.099        4.199
       float    coalesced       16        2        1         4096      1048576     3069115.776   8589934592  17179869184        2.799        5.598
       float    coalesced       16        2        1         8192       524288     2728166.630   8589934592  17179869184        3.149        6.297
       float    coalesced       16        2        1        16384       262144     2455415.819   8589934592  17179869184        3.498        6.997
       float    coalesced       16        2        1        32768       131072     2338457.296   8589934592  17179869184        3.673        7.347
       float    coalesced       16        2        1        65536        65536     2338489.938   8589934592  17179869184        3.673        7.347
       float    coalesced       16        2        1       131072        32768     2338318.085   8589934592  17179869184        3.674        7.347
       float    coalesced       16        2        1       262144        16384     2338393.769   8589934592  17179869184        3.673        7.347
       float    coalesced       16        2        1       524288         8192     2338434.842   8589934592  17179869184        3.673        7.347
       float    coalesced       16        2        1      1048576         4096     2338450.978   8589934592  17179869184        3.673        7.347
       float    coalesced       16        2        1      2097152         2048     2338562.937   8589934592  17179869184        3.673        7.346
       float    coalesced       16        2        1      4194304         1024     2338620.892   8589934592  17179869184        3.673        7.346
       float    coalesced       16        2        1      8388608          512     2338525.594   8589934592  17179869184        3.673        7.346
       float    coalesced       16        2        1     16777216          256     2338487.541   8589934592  17179869184        3.673        7.347
       float    coalesced       16        2        1     33554432          128     2338488.683   8589934592  17179869184        3.673        7.347
       float    coalesced       16        2        1     67108864           64     2338534.079   8589934592  17179869184        3.673        7.346
       float    coalesced       16        2        1    134217728           32     2338322.210   8589934592  17179869184        3.674        7.347
       float    coalesced       16        2        1    268435456           16     2338429.730   8589934592  17179869184        3.673        7.347
       float    coalesced       16        2        1    536870912            8     2338561.401   8589934592  17179869184        3.673        7.346
       float    coalesced       16        2        1   1073741824            4     2338386.810   8589934592  17179869184        3.673        7.347
       float    coalesced       16        2        1   2147483648            2     2338423.549   8589934592  17179869184        3.673        7.347
       float    coalesced       16        2        1   4293918720            1     2337807.846   8587837440  17175674880        3.673        7.347
