        type trial_config ert_flop   unroll  buffers        nsize       trials       microsecs        bytes        flops         GB/s         GF/s
      double    coalesced       32        1        2           16     67108864   137818398.758   2147483648   4294967296        0.016        0.031
      double    coalesced       32        1        2           32     67108864   139656055.501   4294967296   8589934592        0.031        0.062
      double    coalesced       32        1        2           64     67108864   140734083.609   8589934592  17179869184        0.061        0.122
      double    coalesced       32        1        2          128     67108864   143110390.198  17179869184  34359738368        0.120        0.240
      double    coalesced       32        1        2          256     33554432    74815973.794  17179869184  34359738368        0.230        0.459
      double    coalesced       32        1        2          512     16777216    39847863.789  17179869184  34359738368        0.431        0.862
      double    coalesced       32        1        2         1024      8388608    21879198.884  17179869184  34359738368        0.785        1.570
      double    coalesced       32        1        2         2048      4194304    12274986.099  17179869184  34359738368        1.400        2.799
      double    coalesced       32        1        2         4096      2097152     7439537.036  17179869184  34359738368        2.309        4.619
      double    coalesced       32        1        2         8192      1048576     5013476.330  17179869184  34359738368        3.427        6.853
      double    coalesced       32        1        2        16384       524288     3788919.495  17179869184  34359738368        4.534        9.068
      double    coalesced       32        1        2        32768       262144     3171359.312  17179869184  34359738368        5.417       10.834
      double    coalesced       32        1        2        65536       131072     2867436.756  17179869184  34359738368        5.991       11.983
      double    coalesced       32        1        2       131072        65536     2715012.363  17179869184  34359738368        6.328       12.655
      double    coalesced       32        1        2       262144        32768     2639044.676  17179869184  34359738368        6.510       13.020
      double    coalesced       32        1        2       524288        16384     2600298.720  17179869184  34359738368        6.607       13.214
      double    coalesced       32        1        2      1048576         8192     2581102.653  17179869184  34359738368        6.656       13.312
      double    coalesced       32        1        2      2097152         4096     2571550.708  17179869184  34359738368        6.681       13.361
      double    coalesced       32        1        2      4194304         2048     2566694.772  17179869184  34359738368        6.693       13.387
      double    coalesced       32        1        2      8388608         1024     2564350.016  17179869184  34359738368        6.700       13.399
      double    coalesced       32        1        2     16777216          512     2563094.853  17179869184  34359738368        6.703       13.406
      double    coalesced       32        1        2     33554432          256     2562470.559  17179869184  34359738368        6.704       13.409
      double    coalesced       32        1        2     67108864          128     2562183.579  17179869184  34359738368        6.705       13.410
      double    coalesced       32        1        2    134217728           64     2562062.357  17179869184  34359738368        6.705       13.411
      double    coalesced       32        1        2    268435456           32     2561974.167  17179869184  34359738368        6.706       13.411
      double    coalesced       32        1        2    536870912           16     2561899.142  17179869184  34359738368        6.706       13.412
      double    coalesced       32        1        2   1073741824            8     2561916.389  17179869184  34359738368        6.706       13.412
      double    coalesced       32        1        2   2147483648            4     2561896.083  17179869184  34359738368        6.706       13.412
      double    coalesced       32        1        2   4294967296            2     2561951.033  17179869184  34359738368        6.706       13.412
      double    coalesced       32        1        2   8588886016            1     2561550.284  17177772032  34355544064        6.706       13.412
