        type trial_config ert_flop   unroll  buffers        nsize       trials       microsecs        bytes        flops         GB/s         GF/s
         int    coalesced        2        4        2           32     67108864    36174722.723   4294967296   1073741824        0.119        0.030
         int    coalesced        2        4        2           64     67108864    39545695.362   8589934592   2147483648        0.217        0.054
         int    coalesced        2        4        2          128     67108864    40285969.095  17179869184   4294967296        0.426        0.107
         int    coalesced        2        4        2          256     33554432    21361370.669  17179869184   4294967296        0.804        0.201
         int    coalesced        2        4        2          512     16777216    12469877.351  17179869184   4294967296        1.378        0.344
         int    coalesced        2        4        2         1024      8388608     7274228.950  17179869184   4294967296        2.362        0.590
         int    coalesced        2        4        2         2048      4194304     4676658.863  17179869184   4294967296        3.674        0.918
         int    coalesced        2        4        2         4096      2097152     2888758.501  17179869184   4294967296        5.947        1.487
         int    coalesced        2        4        2         8192      1048576     2046423.420  17179869184   4294967296        8.395        2.099
         int    coalesced        2        4        2        16384       524288     1637105.428  17179869184   4294967296       10.494        2.624
         int    coalesced        2        4        2        32768       262144     1421884.784  17179869184   4294967296       12.082        3.021
         int    coalesced        2        4        2        65536       131072     1315677.702  17179869184   4294967296       13.058        3.264
         int    coalesced        2        4        2       131072        65536     1270567.427  17179869184   4294967296       13.521        3.380
         int    coalesced        2        4        2       262144        32768     1239369.047  17179869184   4294967296       13.862        3.465
         int    coalesced        2        4        2       524288        16384     1225875.153  17179869184   4294967296       14.014        3.504
         int    coalesced        2        4        2      1048576         8192     1219484.667  17179869184   4294967296       14.088        3.522
         int    coalesced        2        4        2      2097152         4096     1215385.346  17179869184   4294967296       14.135        3.534
         int    coalesced        2        4        2      4194304         2048     1214727.734  17179869184   4294967296       14.143        3.536
         int    coalesced        2        4        2      8388608         1024     1213854.239  17179869184   4294967296       14.153        3.538
         int    coalesced        2        4        2     16777216          512     1213122.174  17179869184   4294967296       14.162        3.540
         int    coalesced        2        4        2     33554432          256     1212954.518  17179869184   4294967296       14.164        3.541
         int    coalesced        2        4        2     67108864          128     1212911.150  17179869184   4294967296       14.164        3.541
         int    coalesced        2        4        2    134217728           64     1212855.043  17179869184   4294967296       14.165        3.541
         int    coalesced        2        4        2    268435456           32     1212887.091  17179869184   4294967296       14.164        3.541
         int    coalesced        2        4        2    536870912           16     1212965.773  17179869184   4294967296       14.164        3.541
         int    coalesced        2        4        2   1073741824            8     1212900.775  17179869184   4294967296       14.164        3.541
         int    coalesced        2        4        2   2147483648            4     1213058.774  17179869184   4294967296       14.162        3.541
         int    coalesced        2        4        2   4294967296            2     1212943.249  17179869184   4294967296       14.164        3.541
         int    coalesced        2        4        2   8588886016            1     1212722.137  17177772032   4294443008       14.165        3.541
