        type trial_config ert_flop   unroll  buffers        nsize       trials       microsecs        bytes        flops         GB/s         GF/s
       float    coalesced        4       16        0           64       262144       27165.625     33554432     16777216        1.235        0.618
       float    coalesced        4       16        0          128       131072       14275.224     33554432     16777216        2.351        1.175
       float    coalesced        4       16        0          256        65536        7794.565     33554432     16777216        4.305        2.152
       float    coalesced        4       16        0          512        32768        4556.372     33554432     16777216        7.364        3.682
       float    coalesced        4       16        0         1024        16384        3002.650     33554432     16777216       11.175        5.587
       float    coalesced        4       16        0         2048         8192        2134.067     33554432     16777216       15.723        7.862
       float    coalesced        4       16        0         4096         4096        1702.621     33554432     16777216       19.708        9.854
       float    coalesced        4       16        0         8192         2048        1513.299     33554432     16777216       22.173       11.087
       float    coalesced        4       16        0        16384         1024        1414.556     33554432     16777216       23.721       11.860
       float    coalesced        4       16        0        32768         1024        2528.309     67108864     33554432       26.543       13.271
       float    coalesced        4       16        0        65536         1024        4664.617    134217728     67108864       28.774       14.387
       float    coalesced        4       16        0       131072         1024        8954.438    268435456    134217728       29.978       14.989
       float    coalesced        4       16        0       262144         1024       17555.497    536870912    268435456       30.581       15.291
       float    coalesced        4       16        0       524288         1024       34821.253   1073741824    536870912       30.836       15.418
       float    coalesced        4       16        0      1048576         1024       69172.467   2147483648   1073741824       31.045       15.523
       float    coalesced        4       16        0      2097152         1024      137932.811   4294967296   2147483648       31.138       15.569
       float    coalesced        4       16        0      4194304         1024      275469.287   8589934592   4294967296       31.183       15.591
       float    coalesced        4       16        0      8388608         1024      550482.009  17179869184   8589934592       31.209       15.604
       float    coalesced        4       16        0     16777216         1024     1100604.029  34359738368  17179869184       31.219       15.609
