        type trial_config ert_flop   unroll  buffers        nsize       trials       microsecs        bytes        flops         GB/s         GF/s
         int    coalesced        7       64        2          512     16777216    14548038.691  17179869184  15032385536        1.181        1.033
         int    coalesced        7       64        2         1024      8388608     7693892.034  17179869184  15032385536        2.233        1.954
         int    coalesced        7       64        2         2048      4194304     4251575.262  17179869184  15032385536        4.041        3.536
         int    coalesced        7       64        2         4096      2097152     2338468.548  17179869184  15032385536        7.347        6.428
         int    coalesced        7       64        2         8192      1048576     1523192.675  17179869184  15032385536       11.279        9.869
         int    coalesced        7       64        2        16384       524288     1088061.715  17179869184  15032385536       15.789       13.816
         int    coalesced        7       64        2        32768       262144      881656.038  17179869184  15032385536       19.486       17.050
         int    coalesced        7       64        2        65536       131072      780601.653  17179869184  15032385536       22.008       19.257
         int    coalesced        7       64        2       131072        65536      731086.120  17179869184  15032385536       23.499       20.562
         int    coalesced        7       64        2       262144        32768      703706.700  17179869184  15032385536       24.413       21.362
         int    coalesced        7       64        2       524288        16384      687645.008  17179869184  15032385536       24.984       21.861
         int    coalesced        7       64        2      1048576         8192      681250.915  17179869184  15032385536       25.218       22.066
         int    coalesced        7       64        2      2097152         4096      677805.496  17179869184  15032385536       25.346       22.178
         int    coalesced        7       64        2      4194304         2048      676057.026  17179869184  15032385536       25.412       22.235
         int    coalesced        7       64        2      8388608         1024      675281.122  17179869184  15032385536       25.441       22.261
         int    coalesced        7       64        2     16777216          512      674888.477  17179869184  15032385536       25.456       22.274
         int    coalesced        7       64        2     33554432          256      674596.076  17179869184  15032385536       25.467       22.284
         int    coalesced        7       64        2     67108864          128      674496.568  17179869184  15032385536       25.471       22.287
         int    coalesced        7       64        2    134217728           64      674457.051  17179869184  15032385536       25.472       22.288
         int    coalesced        7       64        2    268435456           32      674393.400  17179869184  15032385536       25.475       22.290
         int    coalesced        7       64        2    536870912           16      674338.919  17179869184  15032385536       25.477       22.292
         int    coalesced        7       64        2   1073741824            8      674394.097  17179869184  15032385536       25.475       22.290
         int    coalesced        7       64        2   2147483648            4      674592.608  17179869184  15032385536       25.467       22.284
         int    coalesced        7       64        2   4294967296            2      674437.038  17179869184  15032385536       25.473       22.289
         int    coalesced        7       64        2   8588886016            1      674400.890  17177772032  15030550528       25.471       22.287
