        type trial_config ert_flop   unroll  buffers        nsize       trials       microsecs        bytes        flops         GB/s         GF/s
      double    coalesced        2        8        2          128     67108864    39193956.114  17179869184   2147483648        0.438        0.055
      double    coalesced        2        8        2          256     33554432    20143159.389  17179869184   2147483648        0.853        0.107
      double    coalesced        2        8        2          512     16777216    10911166.846  17179869184   2147483648        1.575        0.197
      double    coalesced        2        8        2         1024      8388608     5951812.809  17179869184   2147483648        2.886        0.361
      double    coalesced        2        8        2         2048      4194304     3273646.249  17179869184   2147483648        5.248        0.656
      double    coalesced        2        8        2         4096      2097152     1819000.452  17179869184   2147483648        9.445        1.181
      double    coalesced        2        8        2         8192      1048576     1172041.211  17179869184   2147483648       14.658        1.832
      double    coalesced        2        8        2        16384       524288      869979.153  17179869184   2147483648       19.747        2.468
      double    coalesced        2        8        2        32768       262144      708999.196  17179869184   2147483648       24.231        3.029
      double    coalesced        2        8        2        65536       131072      634361.152  17179869184   2147483648       27.082        3.385
      double    coalesced        2        8        2       131072        65536      591653.976  17179869184   2147483648       29.037        3.630
      double    coalesced        2        8        2       262144        32768      580376.739  17179869184   2147483648       29.601        3.700
      double    coalesced        2        8        2       524288        16384      574201.807  17179869184   2147483648       29.920        3.740
      double    coalesced        2        8        2      1048576         8192      570419.696  17179869184   2147483648       30.118        3.765
      double    coalesced        2        8        2      2097152         4096      568599.211  17179869184   2147483648       30.214        3.777
      double    coalesced        2        8        2      4194304         2048      567830.467  17179869184   2147483648       30.255        3.782
      double    coalesced        2        8        2      8388608         1024      567368.358  17179869184   2147483648       30.280        3.785
      double    coalesced        2        8        2     16777216          512      567137.915  17179869184   2147483648       30.292        3.787
      double    coalesced        2        8        2     33554432          256      567012.619  17179869184   2147483648       30.299        3.787
      double    coalesced        2        8        2     67108864          128      566982.430  17179869184   2147483648       30.301        3.788
      double    coalesced        2        8        2    134217728           64      566960.789  17179869184   2147483648       30.302        3.788
      double    coalesced        2        8        2    268435456           32      567069.025  17179869184   2147483648       30.296        3.787
      double    coalesced        2        8        2    536870912           16      567148.952  17179869184   2147483648       30.292        3.786
      double    coalesced        2        8        2   1073741824            8      567193.851  17179869184   2147483648       30.289        3.786
      double    coalesced        2        8        2   2147483648            4      567172.180  17179869184   2147483648       30.290        3.786
      double    coalesced        2        8        2   4294967296            2      567030.668  17179869184   2147483648       30.298        3.787
      double    coalesced        2        8        2   8588886016            1      566884.635  17177772032   2147221504       30.302        3.788
