        type trial_config ert_flop   unroll  buffers        nsize       trials       microsecs        bytes        flops         GB/s         GF/s
      double    coalesced       36        4        2           64     67108864   155172838.585   8589934592  19327352832        0.055        0.125
      double    coalesced       36        4        2          128     67108864   157112937.792  17179869184  38654705664        0.109        0.246
      double    coalesced       36        4        2          256     33554432    78556768.013  17179869184  38654705664        0.219        0.492
      double    coalesced       36        4        2          512     16777216    40285833.160  17179869184  38654705664        0.426        0.960
      double    coalesced       36        4        2         1024      8388608    21821694.184  17179869184  38654705664        0.787        1.771
      double    coalesced       36        4        2         2048      4194304    10911081.102  17179869184  38654705664        1.575        3.543
      double    coalesced       36        4        2         4096      2097152     5728613.019  17179869184  38654705664        2.999        6.748
      double    coalesced       36        4        2         8192      1048576     3191816.733  17179869184  38654705664        5.382       12.111
      double    coalesced       36        4        2        16384       524288     1902168.920  17179869184  38654705664        9.032       20.321
      double    coalesced       36        4        2        32768       262144     1242177.304  17179869184  38654705664       13.830       31.119
      double    coalesced       36        4        2        65536       131072      923414.300  17179869184  38654705664       18.605       41.861
      double    coalesced       36        4        2       131072        65536      754473.485  17179869184  38654705664       22.771       51.234
      double    coalesced       36        4        2       262144        32768      691753.041  17179869184  38654705664       24.835       55.879
      double    coalesced       36        4        2       524288        16384      650528.368  17179869184  38654705664       26.409       59.420
      double    coalesced       36        4        2      1048576         8192      631571.730  17179869184  38654705664       27.202       61.204
      double    coalesced       36        4        2      2097152         4096      622365.610  17179869184  38654705664       27.604       62.109
      double    coalesced       36        4        2      4194304         2048      618546.502  17179869184  38654705664       27.775       62.493
      double    coalesced       36        4        2      8388608         1024      615952.249  17179869184  38654705664       27.892       62.756
      double    coalesced       36        4        2     16777216          512      614680.878  17179869184  38654705664       27.949       62.886
      double    coalesced       36        4        2     33554432          256      614220.834  17179869184  38654705664       27.970       62.933
      double    coalesced       36        4        2     67108864          128      613787.082  17179869184  38654705664       27.990       62.977
      double    coalesced       36        4        2    134217728           64      613749.484  17179869184  38654705664       27.992       62.981
      double    coalesced       36        4        2    268435456           32      613674.438  17179869184  38654705664       27.995       62.989
      double    coalesced       36        4        2    536870912           16      613661.041  17179869184  38654705664       27.996       62.990
      double    coalesced       36        4        2   1073741824            8      613609.144  17179869184  38654705664       27.998       62.996
      double    coalesced       36        4        2   2147483648            4      613626.098  17179869184  38654705664       27.997       62.994
      double    coalesced       36        4        2   4294967296            2      613595.262  17179869184  38654705664       27.999       62.997
      double    coalesced       36        4        2   8588886016            1      613436.530  17177772032  38649987072       28.003       63.006
