        type trial_config ert_flop   unroll  buffers        nsize       trials       microsecs        bytes        flops         GB/s         GF/s
       float    coalesced      256        4        1           16     67108864   174301484.063   2147483648  68719476736        0.012        0.394
       float    coalesced      256        4        1           32     67108864   174570913.683   4294967296 137438953472        0.025        0.787
       float    coalesced      256        4        1           64     67108864   174570584.428   8589934592 274877906944        0.049        1.575
       float    coalesced      256        4        1          128     33554432    87285449.049   8589934592 274877906944        0.098        3.149
       float    coalesced      256        4        1          256     16777216    44634870.380   8589934592 274877906944        0.192        6.158
       float    coalesced      256        4        1          512      8388608    23380274.930   8589934592 274877906944        0.367       11.757
       float    coalesced      256        4        1         1024      4194304    12589580.321   8589934592 274877906944        0.682       21.834
       float    coalesced      256        4        1         2048      2097152     6840439.128   8589934592 274877906944        1.256       40.184
       float    coalesced      256        4        1         4096      1048576     4091816.027   8589934592 274877906944        2.099       67.177
       float    coalesced      256        4        1         8192       524288     2557515.591   8589934592 274877906944        3.359      107.478
       float    coalesced      256        4        1        16384       262144     1860151.134   8589934592 274877906944        4.618      147.772
       float    coalesced      256        4        1        32768       131072     1500104.160   8589934592 274877906944        5.726      183.239
       float    coalesced      256        4        1        65536        65536     1295934.065   8589934592 274877906944        6.628      212.108
       float    coalesced      256        4        1       131072        32768     1193659.662   8589934592 274877906944        7.196      230.282
       float    coalesced      256        4        1       262144        16384     1142609.316   8589934592 274877906944        7.518      240.570
       float    coalesced      256        4        1       524288         8192     1116975.966   8589934592 274877906944        7.690      246.091
       float    coalesced      256        4        1      1048576         4096     1104260.844   8589934592 274877906944        7.779      248.925
       float    coalesced      256        4        1      2097152         2048     1097911.123   8589934592 274877906944        7.824      250.364
       float    coalesced      256        4        1      4194304         1024     1094714.725   8589934592 274877906944        7.847      251.095
       float    coalesced      256        4        1      8388608          512     1093046.218   8589934592 274877906944        7.859      251.479
       float    coalesced      256        4        1     16777216          256     1092258.037   8589934592 274877906944        7.864      251.660
       float    coalesced      256        4        1     33554432          128     1091928.068   8589934592 274877906944        7.867      251.736
       float    coalesced      256        4        1     67108864           64     1091713.961   8589934592 274877906944        7.868      251.786
       float    coalesced      256        4        1    134217728           32     1091519.339   8589934592 274877906944        7.870      251.831
       float    coalesced      256        4        1    268435456           16     1091548.653   8589934592 274877906944        7.869      251.824
       float    coalesced      256        4        1    536870912            8     1091484.846   8589934592 274877906944        7.870      251.839
       float    coalesced      256        4        1   1073741824            4     1091469.311   8589934592 274877906944        7.870      251.842
       float    coalesced      256        4        1   2147483648            2     1091451.924   8589934592 274877906944        7.870      251.846
       float    coalesced      256        4        1   4293918720            1     1091218.246   8587837440 274810798080        7.870      251.839
