        type trial_config ert_flop   unroll  buffers        nsize       trials       microsecs        bytes        flops         GB/s         GF/s
       float    coalesced       32        8        1           32     67108864    45540308.988   4294967296  17179869184        0.094        0.377
       float    coalesced       32        8        1           64     67108864    47610375.257   8589934592  34359738368        0.180        0.722
       float    coalesced       32        8        1          128     33554432    23805256.142   8589934592  34359738368        0.361        1.443
       float    coalesced       32        8        1          256     16777216    13093156.744   8589934592  34359738368        0.656        2.624
       float    coalesced       32        8        1          512      8388608     7274218.454   8589934592  34359738368        1.181        4.723
       float    coalesced       32        8        1         1024      4194304     4091926.147   8589934592  34359738368        2.099        8.397
       float    coalesced       32        8        1         2048      2097152     2338429.758   8589934592  34359738368        3.673       14.694
       float    coalesced       32        8        1         4096      1048576     1423530.122   8589934592  34359738368        6.034       24.137
       float    coalesced       32        8        1         8192       524288     1023307.677   8589934592  34359738368        8.394       33.577
       float    coalesced       32        8        1        16384       262144      800920.662   8589934592  34359738368       10.725       42.900
       float    coalesced       32        8        1        32768       131072      691668.716   8589934592  34359738368       12.419       49.677
       float    coalesced       32        8        1        65536        65536      632328.122   8589934592  34359738368       13.585       54.338
       float    coalesced       32        8        1       131072        32768      597212.736   8589934592  34359738368       14.383       57.533
       float    coalesced       32        8        1       262144        16384      581933.194   8589934592  34359738368       14.761       59.044
       float    coalesced       32        8        1       524288         8192      573984.464   8589934592  34359738368       14.965       59.862
       float    coalesced       32        8        1      1048576         4096      569824.507   8589934592  34359738368       15.075       60.299
       float    coalesced       32        8        1      2097152         2048      567826.275   8589934592  34359738368       15.128       60.511
       float    coalesced       32        8        1      4194304         1024      566821.305   8589934592  34359738368       15.155       60.618
       float    coalesced       32        8        1      8388608          512      566359.976   8589934592  34359738368       15.167       60.668
       float    coalesced       32        8        1     16777216          256      566188.232   8589934592  34359738368       15.172       60.686
       float    coalesced       32        8        1     33554432          128      566024.562   8589934592  34359738368       15.176       60.704
       float    coalesced       32        8        1     67108864           64      566013.303   8589934592  34359738368       15.176       60.705
       float    coalesced       32        8        1    134217728           32      565887.771   8589934592  34359738368       15.180       60.718
       float    coalesced       32        8        1    268435456           16      565877.098   8589934592  34359738368       15.180       60.719
       float    coalesced       32        8        1    536870912            8      565794.048   8589934592  34359738368       15.182       60.728
       float    coalesced       32        8        1   1073741824            4      565744.814   8589934592  34359738368       15.183       60.734
       float    coalesced       32        8        1   2147483648            2      565801.363   8589934592  34359738368       15.182       60.728
       float    coalesced       32        8        1   4293918720            1      565738.273   8587837440  34351349760       15.180       60.720
