        type trial_config ert_flop   unroll  buffers        nsize       trials       microsecs        bytes        flops         GB/s         GF/s
       float    coalesced        2        4        1           16     67108864    29095464.912   2147483648    536870912        0.074        0.018
       float    coalesced        2        4        1           32     67108864    30806941.822   4294967296   1073741824        0.139        0.035
       float    coalesced        2        4        1           64     67108864    32732307.544   8589934592   2147483648        0.262        0.066
       float    coalesced        2        4        1          128     33554432    17457492.135   8589934592   2147483648        0.492        0.123
       float    coalesced        2        4        1          256     16777216    10474696.316   8589934592   2147483648        0.820        0.205
       float    coalesced        2        4        1          512      8388608     6377344.344   8589934592   2147483648        1.347        0.337
       float    coalesced        2        4        1         1024      4194304     4091956.193   8589934592   2147483648        2.099        0.525
       float    coalesced        2        4        1         2048      2097152     2728070.062   8589934592   2147483648        3.149        0.787
       float    coalesced        2        4        1         4096      1048576     1888902.817   8589934592   2147483648        4.548        1.137
       float    coalesced        2        4        1         8192       524288     1469219.521   8589934592   2147483648        5.847        1.462
       float    coalesced        2        4        1        16384       262144     1315607.062   8589934592   2147483648        6.529        1.632
       float    coalesced        2        4        1        32768       131072     1227941.661   8589934592   2147483648        6.995        1.749
       float    coalesced        2        4        1        65536        65536     1159785.445   8589934592   2147483648        7.406        1.852
       float    coalesced        2        4        1       131072        32768     1125807.576   8589934592   2147483648        7.630        1.908
       float    coalesced        2        4        1       262144        16384     1108657.506   8589934592   2147483648        7.748        1.937
       float    coalesced        2        4        1       524288         8192     1100119.518   8589934592   2147483648        7.808        1.952
       float    coalesced        2        4        1      1048576         4096     1095866.698   8589934592   2147483648        7.838        1.960
       float    coalesced        2        4        1      2097152         2048     1093605.802   8589934592   2147483648        7.855        1.964
       float    coalesced        2        4        1      4194304         1024     1092495.756   8589934592   2147483648        7.863        1.966
       float    coalesced        2        4        1      8388608          512     1092046.559   8589934592   2147483648        7.866        1.966
       float    coalesced        2        4        1     16777216          256     1091841.475   8589934592   2147483648        7.867        1.967
       float    coalesced        2        4        1     33554432          128     1091721.463   8589934592   2147483648        7.868        1.967
       float    coalesced        2        4        1     67108864           64     1091653.984   8589934592   2147483648        7.869        1.967
       float    coalesced        2        4        1    134217728           32     1091666.068   8589934592   2147483648        7.869        1.967
       float    coalesced        2        4        1    268435456           16     1091589.503   8589934592   2147483648        7.869        1.967
       float    coalesced        2        4        1    536870912            8     1091569.078   8589934592   2147483648        7.869        1.967
       float    coalesced        2        4        1   1073741824            4     1091515.156   8589934592   2147483648        7.870        1.967
       float    coalesced        2        4        1   2147483648            2     1091560.793   8589934592   2147483648        7.869        1.967
       float    coalesced        2        4        1   4293918720            1     1091240.482   8587837440   2146959360        7.870        1.967
