        type trial_config ert_flop   unroll  buffers        nsize       trials       microsecs        bytes        flops         GB/s         GF/s
       float    coalesced       16        8        0           32       524288      107481.944     33554432     67108864        0.312        0.624
       float    coalesced       16        8        0           64       262144       54961.063     33554432     67108864        0.611        1.221
       float    coalesced       16        8        0          128       131072       28730.200     33554432     67108864        1.168        2.336
       float    coalesced       16        8        0          256        65536       15675.255     33554432     67108864        2.141        4.281
       float    coalesced       16        8        0          512        32768        9109.658     33554432     67108864        3.683        7.367
       float    coalesced       16        8        0         1024        16384        5766.876     33554432     67108864        5.818       11.637
       float    coalesced       16        8        0         2048         8192        4133.755     33554432     67108864        8.117       16.234
       float    coalesced       16        8        0         4096         4096        3342.611     33554432     67108864       10.038       20.077
       float    coalesced       16        8        0         8192         2048        2865.189     33554432     67108864       11.711       23.422
       float    coalesced       16        8        0        16384         1024        2649.825     33554432     67108864       12.663       25.326
       float    coalesced       16        8        0        32768         1024        4857.970     67108864    134217728       13.814       27.628
       float    coalesced       16        8        0        65536         1024        9290.777    134217728    268435456       14.446       28.893
       float    coalesced       16        8        0       131072         1024       18070.163    268435456    536870912       14.855       29.710
       float    coalesced       16        8        0       262144         1024       35493.062    536870912   1073741824       15.126       30.252
       float    coalesced       16        8        0       524288         1024       70460.999   1073741824   2147483648       15.239       30.478
       float    coalesced       16        8        0      1048576         1024      140405.427   2147483648   4294967296       15.295       30.590
       float    coalesced       16        8        0      2097152         1024      280206.479   4294967296   8589934592       15.328       30.656
       float    coalesced       16        8        0      4194304         1024      559814.293   8589934592  17179869184       15.344       30.689
       float    coalesced       16        8        0      8388608         1024     1119048.915  17179869184  34359738368       15.352       30.704
       float    coalesced       16        8        0     16777216         1024     2237571.065  34359738368  68719476736       15.356       30.712
