        type trial_config ert_flop   unroll  buffers        nsize       trials       microsecs        bytes        flops         GB/s         GF/s
      double    coalesced       16        4        2           64     67108864    83793543.121   8589934592   8589934592        0.103        0.103
      double    coalesced       16        4        2          128     67108864    87284685.281  17179869184  17179869184        0.197        0.197
      double    coalesced       16        4        2          256     33554432    43642631.927  17179869184  17179869184        0.394        0.394
      double    coalesced       16        4        2          512     16777216    22395773.477  17179869184  17179869184        0.767        0.767
      double    coalesced       16        4        2         1024      8388608    12046150.291  17179869184  17179869184        1.426        1.426
      double    coalesced       16        4        2         2048      4194304     6546853.565  17179869184  17179869184        2.624        2.624
      double    coalesced       16        4        2         4096      2097152     3472169.249  17179869184  17179869184        4.948        4.948
      double    coalesced       16        4        2         8192      1048576     2046263.897  17179869184  17179869184        8.396        8.396
      double    coalesced       16        4        2        16384       524288     1318558.560  17179869184  17179869184       13.029       13.029
      double    coalesced       16        4        2        32768       262144      949231.198  17179869184  17179869184       18.099       18.099
      double    coalesced       16        4        2        65536       131072      767658.461  17179869184  17179869184       22.380       22.380
      double    coalesced       16        4        2       131072        65536      697388.366  17179869184  17179869184       24.635       24.635
      double    coalesced       16        4        2       262144        32768      659634.054  17179869184  17179869184       26.045       26.045
      double    coalesced       16        4        2       524288        16384      639747.817  17179869184  17179869184       26.854       26.854
      double    coalesced       16        4        2      1048576         8192      626792.066  17179869184  17179869184       27.409       27.409
      double    coalesced       16        4        2      2097152         4096      620614.541  17179869184  17179869184       27.682       27.682
      double    coalesced       16        4        2      4194304         2048      617962.183  17179869184  17179869184       27.801       27.801
      double    coalesced       16        4        2      8388608         1024      616361.763  17179869184  17179869184       27.873       27.873
      double    coalesced       16        4        2     16777216          512      615890.426  17179869184  17179869184       27.894       27.894
      double    coalesced       16        4        2     33554432          256      615563.707  17179869184  17179869184       27.909       27.909
      double    coalesced       16        4        2     67108864          128      615310.511  17179869184  17179869184       27.921       27.921
      double    coalesced       16        4        2    134217728           64      615269.878  17179869184  17179869184       27.922       27.922
      double    coalesced       16        4        2    268435456           32      615309.295  17179869184  17179869184       27.921       27.921
      double    coalesced       16        4        2    536870912           16      615231.958  17179869184  17179869184       27.924       27.924
      double    coalesced       16        4        2   1073741824            8      615139.915  17179869184  17179869184       27.928       27.928
      double    coalesced       16        4        2   2147483648            4      615102.237  17179869184  17179869184       27.930       27.930
      double    coalesced       16        4        2   4294967296            2      615223.553  17179869184  17179869184       27.925       27.925
      double    coalesced       16        4        2   8588886016            1      615109.054  17177772032  17177772032       27.926       27.926
