        type trial_config ert_flop   unroll  buffers        nsize       trials       microsecs        bytes        flops         GB/s         GF/s
       float    coalesced        8        8        0           32       524288       69947.293     33554432     33554432        0.480        0.480
       float    coalesced        8        8        0           64       262144       36191.541     33554432     33554432        0.927        0.927
       float    coalesced        8        8        0          128       131072       19345.688     33554432     33554432        1.734        1.734
       float    coalesced        8        8        0          256        65536       10918.342     33554432     33554432        3.073        3.073
       float    coalesced        8        8        0          512        32768        6695.279     33554432     33554432        5.012        5.012
       float    coalesced        8        8        0         1024        16384        4494.875     33554432     33554432        7.465        7.465
       float    coalesced        8        8        0         2048         8192        3492.484     33554432     33554432        9.608        9.608
       float    coalesced        8        8        0         4096         4096        2924.252     33554432     33554432       11.475       11.475
       float    coalesced        8        8        0         8192         2048        2643.531     33554432     33554432       12.693       12.693
       float    coalesced        8        8        0        16384         1024        2502.003     33554432     33554432       13.411       13.411
       float    coalesced        8        8        0        32768         1024        4669.902     67108864     67108864       14.371       14.371
       float    coalesced        8        8        0        65536         1024        8877.360    134217728    134217728       15.119       15.119
       float    coalesced        8        8        0       131072         1024       17368.922    268435456    268435456       15.455       15.455
       float    coalesced        8        8        0       262144         1024       34172.456    536870912    536870912       15.711       15.711
       float    coalesced        8        8        0       524288         1024       67904.328   1073741824   1073741824       15.813       15.813
       float    coalesced        8        8        0      1048576         1024      135234.812   2147483648   2147483648       15.880       15.880
       float    coalesced        8        8        0      2097152         1024      270043.256   4294967296   4294967296       15.905       15.905
       float    coalesced        8        8        0      4194304         1024      539526.772   8589934592   8589934592       15.921       15.921
       float    coalesced        8        8        0      8388608         1024     1078566.343  17179869184  17179869184       15.928       15.928
       float    coalesced        8        8        0     16777216         1024     2156634.996  34359738368  34359738368       15.932       15.932
