        type trial_config ert_flop   unroll  buffers        nsize       trials       microsecs        bytes        flops         GB/s         GF/s
       float    coalesced        4        2        0            8      2097152      205880.428     33554432     16777216        0.163        0.081
       float    coalesced        4        2        0           16      1048576      107347.873     33554432     16777216        0.313        0.156
       float    coalesced        4        2        0           32       524288       58139.735     33554432     16777216        0.577        0.289
       float    coalesced        4        2        0           64       262144       33545.468     33554432     16777216        1.000        0.500
       float    coalesced        4        2        0          128       131072       21214.248     33554432     16777216        1.582        0.791
       float    coalesced        4        2        0          256        65536       15071.466     33554432     16777216        2.226        1.113
       float    coalesced        4        2        0          512        32768       11989.858     33554432     16777216        2.799        1.399
       float    coalesced        4        2        0         1024        16384       10458.303     33554432     16777216        3.208        1.604
       float    coalesced        4        2        0         2048         8192        9672.685     33554432     16777216        3.469        1.734
       float    coalesced        4        2        0         4096         4096        9267.577     33554432     16777216        3.621        1.810
       float    coalesced        4        2        0         8192         2048        9098.782     33554432     16777216        3.688        1.844
       float    coalesced        4        2        0        16384         1024        8988.032     33554432     16777216        3.733        1.867
       float    coalesced        4        2        0        32768         1024       17574.600     67108864     33554432        3.819        1.909
       float    coalesced        4        2        0        65536         1024       34637.925    134217728     67108864        3.875        1.937
       float    coalesced        4        2        0       131072         1024       68923.051    268435456    134217728        3.895        1.947
       float    coalesced        4        2        0       262144         1024      137347.393    536870912    268435456        3.909        1.954
       float    coalesced        4        2        0       524288         1024      274334.025   1073741824    536870912        3.914        1.957
       float    coalesced        4        2        0      1048576         1024      548290.028   2147483648   1073741824        3.917        1.958
       float    coalesced        4        2        0      2097152         1024     1096095.265   4294967296   2147483648        3.918        1.959
       float    coalesced        4        2        0      4194304         1024     2191778.649   8589934592   4294967296        3.919        1.960
       float    coalesced        4        2        0      8388608         1024     4383080.613  17179869184   8589934592        3.920        1.960
       float    coalesced        4        2        0     16777216         1024     8765787.126  34359738368  17179869184        3.920        1.960
