        type trial_config ert_flop   unroll  buffers        nsize       trials       microsecs        bytes        flops         GB/s         GF/s
        long    coalesced       16       16        1          128     33554432    37408252.342   8589934592   8589934592        0.230        0.230
        long    coalesced       16       16        1          256     16777216    18873830.887   8589934592   8589934592        0.455        0.455
        long    coalesced       16       16        1          512      8388608     9819987.253   8589934592   8589934592        0.875        0.875
        long    coalesced       16       16        1         1024      4194304     5114806.653   8589934592   8589934592        1.679        1.679
        long    coalesced       16       16        1         2048      2097152     2728138.701   8589934592   8589934592        3.149        3.149
        long    coalesced       16       16        1         4096      1048576     1488266.430   8589934592   8589934592        5.772        5.772
        long    coalesced       16       16        1         8192       524288      889922.189   8589934592   8589934592        9.652        9.652
        long    coalesced       16       16        1        16384       262144      574401.365   8589934592   8589934592       14.955       14.955
        long    coalesced       16       16        1        32768       131072      415609.331   8589934592   8589934592       20.668       20.668
        long    coalesced       16       16        1        65536        65536      341493.260   8589934592   8589934592       25.154       25.154
        long    coalesced       16       16        1       131072        32768      315682.013   8589934592   8589934592       27.211       27.211
        long    coalesced       16       16        1       262144        16384      303000.586   8589934592   8589934592       28.350       28.350
        long    coalesced       16       16        1       524288         8192      297485.827   8589934592   8589934592       28.875       28.875
        long    coalesced       16       16        1      1048576         4096      294283.700   8589934592   8589934592       29.189       29.189
        long    coalesced       16       16        1      2097152         2048      292725.469   8589934592   8589934592       29.345       29.345
        long    coalesced       16       16        1      4194304         1024      291983.180   8589934592   8589934592       29.419       29.419
        long    coalesced       16       16        1      8388608          512      291535.731   8589934592   8589934592       29.464       29.464
        long    coalesced       16       16        1     16777216          256      291377.909   8589934592   8589934592       29.480       29.480
        long    coalesced       16       16        1     33554432          128      291265.479   8589934592   8589934592       29.492       29.492
        long    coalesced       16       16        1     67108864           64      291247.464   8589934592   8589934592       29.494       29.494
        long    coalesced       16       16        1    134217728           32      291055.174   8589934592   8589934592       29.513       29.513
        long    coalesced       16       16        1    268435456           16      291186.507   8589934592   8589934592       29.500       29.500
        long    coalesced       16       16        1    536870912            8      291118.883   8589934592   8589934592       29.507       29.507
        long    coalesced       16       16        1   1073741824            4      291073.258   8589934592   8589934592       29.511       29.511
        long    coalesced       16       16        1   2147483648            2      291150.874   8589934592   8589934592       29.503       29.503
        long    coalesced       16       16        1   4293918720            1      291053.995   8587837440   8587837440       29.506       29.506
