        type trial_config ert_flop   unroll  buffers        nsize       trials       microsecs        bytes        flops         GB/s         GF/s
         int    coalesced        4       64        2          512     16777216    12671173.177  17179869184   8589934592        1.356        0.678
         int    coalesced        4       64        2         1024      8388608     6857718.206  17179869184   8589934592        2.505        1.253
         int    coalesced        4       64        2         2048      4194304     3721581.034  17179869184   8589934592        4.616        2.308
         int    coalesced        4       64        2         4096      2097152     2121106.394  17179869184   8589934592        8.099        4.050
         int    coalesced        4       64        2         8192      1048576     1364340.054  17179869184   8589934592       12.592        6.296
         int    coalesced        4       64        2        16384       524288     1023385.457  17179869184   8589934592       16.787        8.394
         int    coalesced        4       64        2        32768       262144      826123.227  17179869184   8589934592       20.796       10.398
         int    coalesced        4       64        2        65536       131072      743091.032  17179869184   8589934592       23.119       11.560
         int    coalesced        4       64        2       131072        65536      696122.683  17179869184   8589934592       24.679       12.340
         int    coalesced        4       64        2       262144        32768      672299.273  17179869184   8589934592       25.554       12.777
         int    coalesced        4       64        2       524288        16384      661112.318  17179869184   8589934592       25.986       12.993
         int    coalesced        4       64        2      1048576         8192      654858.229  17179869184   8589934592       26.234       13.117
         int    coalesced        4       64        2      2097152         4096      651890.817  17179869184   8589934592       26.354       13.177
         int    coalesced        4       64        2      4194304         2048      650418.262  17179869184   8589934592       26.414       13.207
         int    coalesced        4       64        2      8388608         1024      649761.004  17179869184   8589934592       26.440       13.220
         int    coalesced        4       64        2     16777216          512      649335.709  17179869184   8589934592       26.458       13.229
         int    coalesced        4       64        2     33554432          256      652796.103  17179869184   8589934592       26.317       13.159
         int    coalesced        4       64        2     67108864          128      649055.853  17179869184   8589934592       26.469       13.235
         int    coalesced        4       64        2    134217728           64      649065.483  17179869184   8589934592       26.469       13.234
         int    coalesced        4       64        2    268435456           32      649019.047  17179869184   8589934592       26.471       13.235
         int    coalesced        4       64        2    536870912           16      648960.259  17179869184   8589934592       26.473       13.236
         int    coalesced        4       64        2   1073741824            8      648943.279  17179869184   8589934592       26.474       13.237
         int    coalesced        4       64        2   2147483648            4      648948.946  17179869184   8589934592       26.473       13.237
         int    coalesced        4       64        2   4294967296            2      649029.880  17179869184   8589934592       26.470       13.235
         int    coalesced        4       64        2   8588886016            1      648830.151  17177772032   8588886016       26.475       13.237
