        type trial_config ert_flop   unroll  buffers        nsize       trials       microsecs        bytes        flops         GB/s         GF/s
       float    coalesced       16       16        0           64       262144       52104.889     33554432     67108864        0.644        1.288
       float    coalesced       16       16        0          128       131072       26741.706     33554432     67108864        1.255        2.510
       float    coalesced       16       16        0          256        65536       14000.805     33554432     67108864        2.397        4.793
       float    coalesced       16       16        0          512        32768        7687.184     33554432     67108864        4.365        8.730
       float    coalesced       16       16        0         1024        16384        4485.508     33554432     67108864        7.481       14.961
       float    coalesced       16       16        0         2048         8192        2865.851     33554432     67108864       11.708       23.417
       float    coalesced       16       16        0         4096         4096        2132.646     33554432     67108864       15.734       31.467
       float    coalesced       16       16        0         8192         2048        1729.176     33554432     67108864       19.405       38.810
       float    coalesced       16       16        0        16384         1024        1512.346     33554432     67108864       22.187       44.374
       float    coalesced       16       16        0        32768         1024        2593.640     67108864    134217728       25.874       51.749
       float    coalesced       16       16        0        65536         1024        4683.195    134217728    268435456       28.659       57.319
       float    coalesced       16       16        0       131072         1024        8942.166    268435456    536870912       30.019       60.038
       float    coalesced       16       16        0       262144         1024       17358.920    536870912   1073741824       30.928       61.855
       float    coalesced       16       16        0       524288         1024       34319.682   1073741824   2147483648       31.286       62.573
       float    coalesced       16       16        0      1048576         1024       68122.127   2147483648   4294967296       31.524       63.048
       float    coalesced       16       16        0      2097152         1024      135797.371   4294967296   8589934592       31.628       63.256
       float    coalesced       16       16        0      4194304         1024      271111.553   8589934592  17179869184       31.684       63.368
       float    coalesced       16       16        0      8388608         1024      541764.669  17179869184  34359738368       31.711       63.422
       float    coalesced       16       16        0     16777216         1024     1082928.871  34359738368  68719476736       31.729       63.457
