        type trial_config ert_flop   unroll  buffers        nsize       trials       microsecs        bytes        flops         GB/s         GF/s
       float    coalesced        1       16        0           64       262144       18655.762     33554432      4194304        1.799        0.225
       float    coalesced        1       16        0          128       131072        9952.789     33554432      4194304        3.371        0.421
       float    coalesced        1       16        0          256        65536        5685.074     33554432      4194304        5.902        0.738
       float    coalesced        1       16        0          512        32768        3467.084     33554432      4194304        9.678        1.210
       float    coalesced        1       16        0         1024        16384        2436.427     33554432      4194304       13.772        1.721
       float    coalesced        1       16        0         2048         8192        1934.799     33554432      4194304       17.343        2.168
       float    coalesced        1       16        0         4096         4096        1625.547     33554432      4194304       20.642        2.580
       float    coalesced        1       16        0         8192         2048        1489.012     33554432      4194304       22.535        2.817
       float    coalesced        1       16        0        16384         1024        1412.565     33554432      4194304       23.754        2.969
       float    coalesced        1       16        0        32768         1024        2459.731     67108864      8388608       27.283        3.410
       float    coalesced        1       16        0        65536         1024        4628.582    134217728     16777216       28.998        3.625
       float    coalesced        1       16        0       131072         1024        8984.693    268435456     33554432       29.877        3.735
       float    coalesced        1       16        0       262144         1024       17581.746    536870912     67108864       30.536        3.817
       float    coalesced        1       16        0       524288         1024       34863.821   1073741824    134217728       30.798        3.850
       float    coalesced        1       16        0      1048576         1024       69403.937   2147483648    268435456       30.942        3.868
       float    coalesced        1       16        0      2097152         1024      138443.570   4294967296    536870912       31.023        3.878
       float    coalesced        1       16        0      4194304         1024      276544.649   8589934592   1073741824       31.062        3.883
       float    coalesced        1       16        0      8388608         1024      552787.501  17179869184   2147483648       31.079        3.885
       float    coalesced        1       16        0     16777216         1024     1105045.169  34359738368   4294967296       31.094        3.887
