        type trial_config ert_flop   unroll  buffers        nsize       trials       microsecs        bytes        flops         GB/s         GF/s
       float    coalesced        2        8        2           64     67108864    30806946.660   8589934592   2147483648        0.279        0.070
       float    coalesced        2        8        2          128     67108864    32732314.892  17179869184   4294967296        0.525        0.131
       float    coalesced        2        8        2          256     33554432    17457458.236  17179869184   4294967296        0.984        0.246
       float    coalesced        2        8        2          512     16777216     9417347.124  17179869184   4294967296        1.824        0.456
       float    coalesced        2        8        2         1024      8388608     5951758.066  17179869184   4294967296        2.887        0.722
       float    coalesced        2        8        2         2048      4194304     3273664.547  17179869184   4294967296        5.248        1.312
       float    coalesced        2        8        2         4096      2097152     1954959.632  17179869184   4294967296        8.788        2.197
       float    coalesced        2        8        2         8192      1048576     1336773.899  17179869184   4294967296       12.852        3.213
       float    coalesced        2        8        2        16384       524288      986819.298  17179869184   4294967296       17.409        4.352
       float    coalesced        2        8        2        32768       262144      818832.739  17179869184   4294967296       20.981        5.245
       float    coalesced        2        8        2        65536       131072      723557.687  17179869184   4294967296       23.744        5.936
       float    coalesced        2        8        2       131072        65536      677583.773  17179869184   4294967296       25.355        6.339
       float    coalesced        2        8        2       262144        32768      653584.736  17179869184   4294967296       26.286        6.571
       float    coalesced        2        8        2       524288        16384      639775.362  17179869184   4294967296       26.853        6.713
       float    coalesced        2        8        2      1048576         8192      636360.218  17179869184   4294967296       26.997        6.749
       float    coalesced        2        8        2      2097152         4096      642710.169  17179869184   4294967296       26.730        6.683
       float    coalesced        2        8        2      4194304         2048      631826.647  17179869184   4294967296       27.191        6.798
       float    coalesced        2        8        2      8388608         1024      631057.723  17179869184   4294967296       27.224        6.806
       float    coalesced        2        8        2     16777216          512      630646.139  17179869184   4294967296       27.242        6.810
       float    coalesced        2        8        2     33554432          256      630525.457  17179869184   4294967296       27.247        6.812
       float    coalesced        2        8        2     67108864          128      630460.118  17179869184   4294967296       27.250        6.812
       float    coalesced        2        8        2    134217728           64      630355.472  17179869184   4294967296       27.254        6.814
       float    coalesced        2        8        2    268435456           32      630429.122  17179869184   4294967296       27.251        6.813
       float    coalesced        2        8        2    536870912           16      630267.092  17179869184   4294967296       27.258        6.815
       float    coalesced        2        8        2   1073741824            8      630342.969  17179869184   4294967296       27.255        6.814
       float    coalesced        2        8        2   2147483648            4      630357.610  17179869184   4294967296       27.254        6.814
       float    coalesced        2        8        2   4294967296            2      630275.494  17179869184   4294967296       27.258        6.814
       float    coalesced        2        8        2   8588886016            1      630236.205  17177772032   4294443008       27.256        6.814
