        type trial_config ert_flop   unroll  buffers        nsize       trials       microsecs        bytes        flops         GB/s         GF/s
         int    coalesced      252        2        2           16     67108864   607500877.891   2147483648  67645734912        0.004        0.111
         int    coalesced      252        2        2           32     67108864   610991977.270   4294967296 135291469824        0.007        0.221
         int    coalesced      252        2        2           64     67108864   610993087.045   8589934592 270582939648        0.014        0.443
         int    coalesced      252        2        2          128     67108864   612468542.502  17179869184 541165879296        0.028        0.884
         int    coalesced      252        2        2          256     33554432   309581552.174  17179869184 541165879296        0.055        1.748
         int    coalesced      252        2        2          512     16777216   157113484.397  17179869184 541165879296        0.109        3.444
         int    coalesced      252        2        2         1024      8388608    80867360.902  17179869184 541165879296        0.212        6.692
         int    coalesced      252        2        2         2048      4194304    41824504.038  17179869184 541165879296        0.411       12.939
         int    coalesced      252        2        2         4096      2097152    22250742.984  17179869184 541165879296        0.772       24.321
         int    coalesced      252        2        2         8192      1048576    12469327.141  17179869184 541165879296        1.378       43.400
         int    coalesced      252        2        2        16384       524288     7585405.473  17179869184 541165879296        2.265       71.343
         int    coalesced      252        2        2        32768       262144     5126392.571  17179869184 541165879296        3.351      105.565
         int    coalesced      252        2        2        65536       131072     3910226.778  17179869184 541165879296        4.394      138.398
         int    coalesced      252        2        2       131072        65536     3296358.990  17179869184 541165879296        5.212      164.171
         int    coalesced      252        2        2       262144        32768     2990471.425  17179869184 541165879296        5.745      180.963
         int    coalesced      252        2        2       524288        16384     2838037.899  17179869184 541165879296        6.053      190.683
         int    coalesced      252        2        2      1048576         8192     2761483.067  17179869184 541165879296        6.221      195.969
         int    coalesced      252        2        2      2097152         4096     2723116.386  17179869184 541165879296        6.309      198.730
         int    coalesced      252        2        2      4194304         2048     2703937.975  17179869184 541165879296        6.354      200.140
         int    coalesced      252        2        2      8388608         1024     2694421.131  17179869184 541165879296        6.376      200.847
         int    coalesced      252        2        2     16777216          512     2689638.403  17179869184 541165879296        6.387      201.204
         int    coalesced      252        2        2     33554432          256     2687223.469  17179869184 541165879296        6.393      201.385
         int    coalesced      252        2        2     67108864          128     2686036.086  17179869184 541165879296        6.396      201.474
         int    coalesced      252        2        2    134217728           64     2685459.407  17179869184 541165879296        6.397      201.517
         int    coalesced      252        2        2    268435456           32     2685195.495  17179869184 541165879296        6.398      201.537
         int    coalesced      252        2        2    536870912           16     2685123.170  17179869184 541165879296        6.398      201.542
         int    coalesced      252        2        2   1073741824            8     2684949.091  17179869184 541165879296        6.399      201.555
         int    coalesced      252        2        2   2147483648            4     2684923.725  17179869184 541165879296        6.399      201.557
         int    coalesced      252        2        2   4294967296            2     2684870.433  17179869184 541165879296        6.399      201.561
         int    coalesced      252        2        2   8588886016            1     2684524.777  17177772032 541099819008        6.399      201.563
