        type trial_config ert_flop   unroll  buffers        nsize       trials       microsecs        bytes        flops         GB/s         GF/s
        long    coalesced       64        1        2           16     67108864   200877177.732   2147483648   8589934592        0.011        0.043
        long    coalesced       64        1        2           32     67108864   201426885.202   4294967296  17179869184        0.021        0.085
        long    coalesced       64        1        2           64     67108864   201426924.157   8589934592  34359738368        0.043        0.171
        long    coalesced       64        1        2          128     67108864   204930020.950  17179869184  68719476736        0.084        0.335
        long    coalesced       64        1        2          256     33554432   105311470.509  17179869184  68719476736        0.163        0.653
        long    coalesced       64        1        2          512     16777216    56112193.488  17179869184  68719476736        0.306        1.225
        long    coalesced       64        1        2         1024      8388608    29459157.049  17179869184  68719476736        0.583        2.333
        long    coalesced       64        1        2         2048      4194304    16366558.498  17179869184  68719476736        1.050        4.199
        long    coalesced       64        1        2         4096      2097152     9352540.563  17179869184  68719476736        1.837        7.348
        long    coalesced       64        1        2         8192      1048576     5951971.795  17179869184  68719476736        2.886       11.546
        long    coalesced       64        1        2        16384       524288     4202738.010  17179869184  68719476736        4.088       16.351
        long    coalesced       64        1        2        32768       262144     3361318.104  17179869184  68719476736        5.111       20.444
        long    coalesced       64        1        2        65536       131072     2932772.582  17179869184  68719476736        5.858       23.432
        long    coalesced       64        1        2       131072        65536     2719108.963  17179869184  68719476736        6.318       25.273
        long    coalesced       64        1        2       262144        32768     2612450.619  17179869184  68719476736        6.576       26.305
        long    coalesced       64        1        2       524288        16384     2557602.586  17179869184  68719476736        6.717       26.869
        long    coalesced       64        1        2      1048576         8192     2531434.461  17179869184  68719476736        6.787       27.146
        long    coalesced       64        1        2      2097152         4096     2518124.321  17179869184  68719476736        6.822       27.290
        long    coalesced       64        1        2      4194304         2048     2511285.427  17179869184  68719476736        6.841       27.364
        long    coalesced       64        1        2      8388608         1024     2507897.646  17179869184  68719476736        6.850       27.401
        long    coalesced       64        1        2     16777216          512     2506330.125  17179869184  68719476736        6.855       27.418
        long    coalesced       64        1        2     33554432          256     2505363.637  17179869184  68719476736        6.857       27.429
        long    coalesced       64        1        2     67108864          128     2505128.524  17179869184  68719476736        6.858       27.432
        long    coalesced       64        1        2    134217728           64     2504928.808  17179869184  68719476736        6.858       27.434
        long    coalesced       64        1        2    268435456           32     2504830.512  17179869184  68719476736        6.859       27.435
        long    coalesced       64        1        2    536870912           16     2504568.385  17179869184  68719476736        6.859       27.438
        long    coalesced       64        1        2   1073741824            8     2504537.902  17179869184  68719476736        6.859       27.438
        long    coalesced       64        1        2   2147483648            4     2504615.203  17179869184  68719476736        6.859       27.437
        long    coalesced       64        1        2   4294967296            2     2504579.066  17179869184  68719476736        6.859       27.438
        long    coalesced       64        1        2   8588886016            1     2504321.624  17177772032  68711088128        6.859       27.437
