        type trial_config ert_flop   unroll  buffers        nsize       trials       microsecs        bytes        flops         GB/s         GF/s
       float    coalesced        1       32        1          128     33554432    14547962.690   8589934592   1073741824        0.590        0.074
       float    coalesced        1       32        1          256     16777216     7702049.988   8589934592   1073741824        1.115        0.139
       float    coalesced        1       32        1          512      8388608     4223907.420   8589934592   1073741824        2.034        0.254
       float    coalesced        1       32        1         1024      4194304     2338415.287   8589934592   1073741824        3.673        0.459
       float    coalesced        1       32        1         2048      2097152     1364250.584   8589934592   1073741824        6.296        0.787
       float    coalesced        1       32        1         4096      1048576      818689.941   8589934592   1073741824       10.492        1.312
       float    coalesced        1       32        1         8192       524288      545907.804   8589934592   1073741824       15.735        1.967
       float    coalesced        1       32        1        16384       262144      409571.103   8589934592   1073741824       20.973        2.622
       float    coalesced        1       32        1        32768       131072      341377.303   8589934592   1073741824       25.163        3.145
       float    coalesced        1       32        1        65536        65536      331047.053   8589934592   1073741824       25.948        3.243
       float    coalesced        1       32        1       131072        32768      312669.638   8589934592   1073741824       27.473        3.434
       float    coalesced        1       32        1       262144        16384      306530.740   8589934592   1073741824       28.023        3.503
       float    coalesced        1       32        1       524288         8192      303186.500   8589934592   1073741824       28.332        3.542
       float    coalesced        1       32        1      1048576         4096      301616.662   8589934592   1073741824       28.480        3.560
       float    coalesced        1       32        1      2097152         2048      300817.465   8589934592   1073741824       28.555        3.569
       float    coalesced        1       32        1      4194304         1024      300422.430   8589934592   1073741824       28.593        3.574
       float    coalesced        1       32        1      8388608          512      300214.386   8589934592   1073741824       28.613        3.577
       float    coalesced        1       32        1     16777216          256      300095.832   8589934592   1073741824       28.624        3.578
       float    coalesced        1       32        1     33554432          128      300072.764   8589934592   1073741824       28.626        3.578
       float    coalesced        1       32        1     67108864           64      300052.576   8589934592   1073741824       28.628        3.579
       float    coalesced        1       32        1    134217728           32      300029.327   8589934592   1073741824       28.630        3.579
       float    coalesced        1       32        1    268435456           16      300016.298   8589934592   1073741824       28.632        3.579
       float    coalesced        1       32        1    536870912            8      300019.896   8589934592   1073741824       28.631        3.579
       float    coalesced        1       32        1   1073741824            4      299992.214   8589934592   1073741824       28.634        3.579
       float    coalesced        1       32        1   2147483648            2      300031.542   8589934592   1073741824       28.630        3.579
       float    coalesced        1       32        1   4293918720            1      299912.400   8587837440   1073479680       28.634        3.579
