        type trial_config ert_flop   unroll  buffers        nsize       trials       microsecs        bytes        flops         GB/s         GF/s
        long    coalesced        8        4        2           64     67108864    54106603.375   8589934592   4294967296        0.159        0.079
        long    coalesced        8        4        2          128     67108864    58190340.818  17179869184   8589934592        0.295        0.148
        long    coalesced        8        4        2          256     33554432    29095534.171  17179869184   8589934592        0.590        0.295
        long    coalesced        8        4        2          512     16777216    15107511.120  17179869184   8589934592        1.137        0.569
        long    coalesced        8        4        2         1024      8388608     8538881.036  17179869184   8589934592        2.012        1.006
        long    coalesced        8        4        2         2048      4194304     4676406.160  17179869184   8589934592        3.674        1.837
        long    coalesced        8        4        2         4096      2097152     2659149.910  17179869184   8589934592        6.461        3.230
        long    coalesced        8        4        2         8192      1048576     1637141.821  17179869184   8589934592       10.494        5.247
        long    coalesced        8        4        2        16384       524288     1116441.295  17179869184   8589934592       15.388        7.694
        long    coalesced        8        4        2        32768       262144      886304.688  17179869184   8589934592       19.384        9.692
        long    coalesced        8        4        2        65536       131072      751304.373  17179869184   8589934592       22.867       11.433
        long    coalesced        8        4        2       131072        65536      688129.933  17179869184   8589934592       24.966       12.483
        long    coalesced        8        4        2       262144        32768      675002.855  17179869184   8589934592       25.452       12.726
        long    coalesced        8        4        2       524288        16384      667318.619  17179869184   8589934592       25.745       12.872
        long    coalesced        8        4        2      1048576         8192      663462.819  17179869184   8589934592       25.894       12.947
        long    coalesced        8        4        2      2097152         4096      661296.806  17179869184   8589934592       25.979       12.990
        long    coalesced        8        4        2      4194304         2048      660402.192  17179869184   8589934592       26.014       13.007
        long    coalesced        8        4        2      8388608         1024      659840.098  17179869184   8589934592       26.036       13.018
        long    coalesced        8        4        2     16777216          512      659836.542  17179869184   8589934592       26.037       13.018
        long    coalesced        8        4        2     33554432          256      659502.469  17179869184   8589934592       26.050       13.025
        long    coalesced        8        4        2     67108864          128      659568.023  17179869184   8589934592       26.047       13.024
        long    coalesced        8        4        2    134217728           64      659607.255  17179869184   8589934592       26.046       13.023
        long    coalesced        8        4        2    268435456           32      659529.090  17179869184   8589934592       26.049       13.024
        long    coalesced        8        4        2    536870912           16      659306.191  17179869184   8589934592       26.057       13.029
        long    coalesced        8        4        2   1073741824            8      659364.389  17179869184   8589934592       26.055       13.028
        long    coalesced        8        4        2   2147483648            4      659376.156  17179869184   8589934592       26.055       13.027
        long    coalesced        8        4        2   4294967296            2      659396.362  17179869184   8589934592       26.054       13.027
        long    coalesced        8        4        2   8588886016            1      659274.352  17177772032   8588886016       26.056       13.028
