        type trial_config ert_flop   unroll  buffers        nsize       trials       microsecs        bytes        flops         GB/s         GF/s
         int    coalesced        1      256        2         2048      4194304     3446000.988  17179869184   2147483648        4.985        0.623
         int    coalesced        1      256        2         4096      2097152     2046209.136  17179869184   2147483648        8.396        1.049
         int    coalesced        1      256        2         8192      1048576     1393146.396  17179869184   2147483648       12.332        1.541
         int    coalesced        1      256        2        16384       524288     1076644.093  17179869184   2147483648       15.957        1.995
         int    coalesced        1      256        2        32768       262144      909615.003  17179869184   2147483648       18.887        2.361
         int    coalesced        1      256        2        65536       131072      826690.802  17179869184   2147483648       20.781        2.598
         int    coalesced        1      256        2       131072        65536      783398.382  17179869184   2147483648       21.930        2.741
         int    coalesced        1      256        2       262144        32768      767679.002  17179869184   2147483648       22.379        2.797
         int    coalesced        1      256        2       524288        16384      750650.196  17179869184   2147483648       22.887        2.861
         int    coalesced        1      256        2      1048576         8192      745077.365  17179869184   2147483648       23.058        2.882
         int    coalesced        1      256        2      2097152         4096      742467.045  17179869184   2147483648       23.139        2.892
         int    coalesced        1      256        2      4194304         2048      741086.321  17179869184   2147483648       23.182        2.898
         int    coalesced        1      256        2      8388608         1024      740533.289  17179869184   2147483648       23.199        2.900
         int    coalesced        1      256        2     16777216          512      739975.546  17179869184   2147483648       23.217        2.902
         int    coalesced        1      256        2     33554432          256      739958.081  17179869184   2147483648       23.217        2.902
         int    coalesced        1      256        2     67108864          128      739886.017  17179869184   2147483648       23.220        2.902
         int    coalesced        1      256        2    134217728           64      739811.364  17179869184   2147483648       23.222        2.903
         int    coalesced        1      256        2    268435456           32      739906.076  17179869184   2147483648       23.219        2.902
         int    coalesced        1      256        2    536870912           16      739868.945  17179869184   2147483648       23.220        2.903
         int    coalesced        1      256        2   1073741824            8      739879.329  17179869184   2147483648       23.220        2.902
         int    coalesced        1      256        2   2147483648            4      739782.177  17179869184   2147483648       23.223        2.903
         int    coalesced        1      256        2   4294967296            2      739794.935  17179869184   2147483648       23.222        2.903
         int    coalesced        1      256        2   8588886016            1      739648.223  17177772032   2147221504       23.224        2.903
