        type trial_config ert_flop   unroll  buffers        nsize       trials       microsecs        bytes        flops         GB/s         GF/s
       float    coalesced      512        1        2            8     67108864   300322450.765   1073741824  68719476736        0.004        0.229
       float    coalesced      512        1        2           16     67108864   303200035.170   2147483648 137438953472        0.007        0.453
       float    coalesced      512        1        2           32     67108864   305497015.073   4294967296 274877906944        0.014        0.900
       float    coalesced      512        1        2           64     67108864   308506487.183   8589934592 549755813888        0.028        1.782
       float    coalesced      512        1        2          128     67108864   314225622.038  17179869184 1099511627776        0.055        3.499
       float    coalesced      512        1        2          256     33554432   161141687.978  17179869184 1099511627776        0.107        6.823
       float    coalesced      512        1        2          512     16777216    84718077.944  17179869184 1099511627776        0.203       12.978
       float    coalesced      512        1        2         1024      8388608    44791314.237  17179869184 1099511627776        0.384       24.547
       float    coalesced      512        1        2         2048      4194304    24876623.882  17179869184 1099511627776        0.691       44.199
       float    coalesced      512        1        2         4096      2097152    15002597.034  17179869184 1099511627776        1.145       73.288
       float    coalesced      512        1        2         8192      1048576     9820043.710  17179869184 1099511627776        1.749      111.966
       float    coalesced      512        1        2        16384       524288     7311422.871  17179869184 1099511627776        2.350      150.383
       float    coalesced      512        1        2        32768       262144     6122114.104  17179869184 1099511627776        2.806      179.597
       float    coalesced      512        1        2        65536       131072     5414254.485  17179869184 1099511627776        3.173      203.077
       float    coalesced      512        1        2       131072        65536     5114859.214  17179869184 1099511627776        3.359      214.964
       float    coalesced      512        1        2       262144        32768     4935507.209  17179869184 1099511627776        3.481      222.776
       float    coalesced      512        1        2       524288        16384     4859179.817  17179869184 1099511627776        3.536      226.275
       float    coalesced      512        1        2      1048576         8192     4814914.785  17179869184 1099511627776        3.568      228.355
       float    coalesced      512        1        2      2097152         4096     4795202.547  17179869184 1099511627776        3.583      229.294
       float    coalesced      512        1        2      4194304         2048     4784970.136  17179869184 1099511627776        3.590      229.784
       float    coalesced      512        1        2      8388608         1024     4780110.077  17179869184 1099511627776        3.594      230.018
       float    coalesced      512        1        2     16777216          512     4777555.614  17179869184 1099511627776        3.596      230.141
       float    coalesced      512        1        2     33554432          256     4776315.482  17179869184 1099511627776        3.597      230.201
       float    coalesced      512        1        2     67108864          128     4775736.355  17179869184 1099511627776        3.597      230.229
       float    coalesced      512        1        2    134217728           64     4775387.233  17179869184 1099511627776        3.598      230.246
       float    coalesced      512        1        2    268435456           32     4775151.435  17179869184 1099511627776        3.598      230.257
       float    coalesced      512        1        2    536870912           16     4775148.087  17179869184 1099511627776        3.598      230.257
       float    coalesced      512        1        2   1073741824            8     4775112.814  17179869184 1099511627776        3.598      230.259
       float    coalesced      512        1        2   2147483648            4     4775056.431  17179869184 1099511627776        3.598      230.261
       float    coalesced      512        1        2   4294967296            2     4775073.574  17179869184 1099511627776        3.598      230.261
       float    coalesced      512        1        2   8588886016            1     4774493.510  17177772032 1099377410048        3.598      230.261
