        type trial_config ert_flop   unroll  buffers        nsize       trials       microsecs        bytes        flops         GB/s         GF/s
        long    coalesced        2        8        2          128     67108864    40285828.402  17179869184   2147483648        0.426        0.053
        long    coalesced        2        8        2          256     33554432    20143155.756  17179869184   2147483648        0.853        0.107
        long    coalesced        2        8        2          512     16777216    10377095.370  17179869184   2147483648        1.656        0.207
        long    coalesced        2        8        2         1024      8388608     5951860.077  17179869184   2147483648        2.886        0.361
        long    coalesced        2        8        2         2048      4194304     3392292.054  17179869184   2147483648        5.064        0.633
        long    coalesced        2        8        2         4096      2097152     1818911.594  17179869184   2147483648        9.445        1.181
        long    coalesced        2        8        2         8192      1048576     1170074.261  17179869184   2147483648       14.683        1.835
        long    coalesced        2        8        2        16384       524288      893102.310  17179869184   2147483648       19.236        2.405
        long    coalesced        2        8        2        32768       262144      726725.383  17179869184   2147483648       23.640        2.955
        long    coalesced        2        8        2        65536       131072      646463.805  17179869184   2147483648       26.575        3.322
        long    coalesced        2        8        2       131072        65536      602109.328  17179869184   2147483648       28.533        3.567
        long    coalesced        2        8        2       262144        32768      583885.318  17179869184   2147483648       29.423        3.678
        long    coalesced        2        8        2       524288        16384      575749.318  17179869184   2147483648       29.839        3.730
        long    coalesced        2        8        2      1048576         8192      573371.079  17179869184   2147483648       29.963        3.745
        long    coalesced        2        8        2      2097152         4096      571532.291  17179869184   2147483648       30.059        3.757
        long    coalesced        2        8        2      4194304         2048      570642.045  17179869184   2147483648       30.106        3.763
        long    coalesced        2        8        2      8388608         1024      570070.846  17179869184   2147483648       30.136        3.767
        long    coalesced        2        8        2     16777216          512      569879.486  17179869184   2147483648       30.146        3.768
        long    coalesced        2        8        2     33554432          256      569868.436  17179869184   2147483648       30.147        3.768
        long    coalesced        2        8        2     67108864          128      569695.844  17179869184   2147483648       30.156        3.770
        long    coalesced        2        8        2    134217728           64      569610.780  17179869184   2147483648       30.161        3.770
        long    coalesced        2        8        2    268435456           32      569723.100  17179869184   2147483648       30.155        3.769
        long    coalesced        2        8        2    536870912           16      569635.052  17179869184   2147483648       30.159        3.770
        long    coalesced        2        8        2   1073741824            8      569620.342  17179869184   2147483648       30.160        3.770
        long    coalesced        2        8        2   2147483648            4      569594.280  17179869184   2147483648       30.162        3.770
        long    coalesced        2        8        2   4294967296            2      569652.883  17179869184   2147483648       30.158        3.770
        long    coalesced        2        8        2   8588886016            1      569661.986  17177772032   2147221504       30.154        3.769
