        type trial_config ert_flop   unroll  buffers        nsize       trials       microsecs        bytes        flops         GB/s         GF/s
        long    coalesced       53        4        2           64     67108864   333270270.136   8589934592  28454158336        0.026        0.085
        long    coalesced       53        4        2          128     67108864   333610728.367  17179869184  56908316672        0.051        0.171
        long    coalesced       53        4        2          256     33554432   168335562.060  17179869184  56908316672        0.102        0.338
        long    coalesced       53        4        2          512     16777216    85404688.979  17179869184  56908316672        0.201        0.666
        long    coalesced       53        4        2         1024      8388608    43642830.836  17179869184  56908316672        0.394        1.304
        long    coalesced       53        4        2         2048      4194304    22258075.850  17179869184  56908316672        0.772        2.557
        long    coalesced       53        4        2         4096      2097152    11456612.507  17179869184  56908316672        1.500        4.967
        long    coalesced       53        4        2         8192      1048576     6137623.667  17179869184  56908316672        2.799        9.272
        long    coalesced       53        4        2        16384       524288     3410037.307  17179869184  56908316672        5.038       16.688
        long    coalesced       53        4        2        32768       262144     2046168.301  17179869184  56908316672        8.396       27.812
        long    coalesced       53        4        2        65536       131072     1364296.461  17179869184  56908316672       12.592       41.713
        long    coalesced       53        4        2       131072        65536     1023278.014  17179869184  56908316672       16.789       55.614
        long    coalesced       53        4        2       262144        32768      845120.079  17179869184  56908316672       20.328       67.338
        long    coalesced       53        4        2       524288        16384      760203.615  17179869184  56908316672       22.599       74.859
        long    coalesced       53        4        2      1048576         8192      716906.290  17179869184  56908316672       23.964       79.380
        long    coalesced       53        4        2      2097152         4096      695628.872  17179869184  56908316672       24.697       81.808
        long    coalesced       53        4        2      4194304         2048      684850.414  17179869184  56908316672       25.086       83.096
        long    coalesced       53        4        2      8388608         1024      679667.000  17179869184  56908316672       25.277       83.730
        long    coalesced       53        4        2     16777216          512      676832.121  17179869184  56908316672       25.383       84.080
        long    coalesced       53        4        2     33554432          256      675520.157  17179869184  56908316672       25.432       84.244
        long    coalesced       53        4        2     67108864          128      674831.681  17179869184  56908316672       25.458       84.330
        long    coalesced       53        4        2    134217728           64      674559.091  17179869184  56908316672       25.468       84.364
        long    coalesced       53        4        2    268435456           32      674344.589  17179869184  56908316672       25.476       84.391
        long    coalesced       53        4        2    536870912           16      674255.918  17179869184  56908316672       25.480       84.402
        long    coalesced       53        4        2   1073741824            8      674270.190  17179869184  56908316672       25.479       84.400
        long    coalesced       53        4        2   2147483648            4      674227.257  17179869184  56908316672       25.481       84.405
        long    coalesced       53        4        2   4294967296            2      674221.365  17179869184  56908316672       25.481       84.406
        long    coalesced       53        4        2   8588886016            1      674121.724  17177772032  56901369856       25.482       84.408
