        type trial_config ert_flop   unroll  buffers        nsize       trials       microsecs        bytes        flops         GB/s         GF/s
       float    coalesced        1        2        1            8     67108864    28207003.859   1073741824    134217728        0.038        0.005
       float    coalesced        1        2        1           16     67108864    29095568.896   2147483648    268435456        0.074        0.009
       float    coalesced        1        2        1           32     67108864    30807005.722   4294967296    536870912        0.139        0.017
       float    coalesced        1        2        1           64     67108864    34914593.471   8589934592   1073741824        0.246        0.031
       float    coalesced        1        2        1          128     33554432    20143176.863   8589934592   1073741824        0.426        0.053
       float    coalesced        1        2        1          256     16777216    12274906.577   8589934592   1073741824        0.700        0.087
       float    coalesced        1        2        1          512      8388608     8183399.282   8589934592   1073741824        1.050        0.131
       float    coalesced        1        2        1         1024      4194304     5168658.222   8589934592   1073741824        1.662        0.208
       float    coalesced        1        2        1         2048      2097152     3637317.138   8589934592   1073741824        2.362        0.295
       float    coalesced        1        2        1         4096      1048576     2941794.259   8589934592   1073741824        2.920        0.365
       float    coalesced        1        2        1         8192       524288     2557546.674   8589934592   1073741824        3.359        0.420
       float    coalesced        1        2        1        16384       262144     2338403.571   8589934592   1073741824        3.673        0.459
       float    coalesced        1        2        1        32768       131072     2301898.074   8589934592   1073741824        3.732        0.466
       float    coalesced        1        2        1        65536        65536     2237970.450   8589934592   1073741824        3.838        0.480
       float    coalesced        1        2        1       131072        32768     2205952.708   8589934592   1073741824        3.894        0.487
       float    coalesced        1        2        1       262144        16384     2195262.316   8589934592   1073741824        3.913        0.489
       float    coalesced        1        2        1       524288         8192     2195029.847   8589934592   1073741824        3.913        0.489
       float    coalesced        1        2        1      1048576         4096     2192950.214   8589934592   1073741824        3.917        0.490
       float    coalesced        1        2        1      2097152         2048     2192405.660   8589934592   1073741824        3.918        0.490
       float    coalesced        1        2        1      4194304         1024     2192361.188   8589934592   1073741824        3.918        0.490
       float    coalesced        1        2        1      8388608          512     2192300.118   8589934592   1073741824        3.918        0.490
       float    coalesced        1        2        1     16777216          256     2192240.706   8589934592   1073741824        3.918        0.490
       float    coalesced        1        2        1     33554432          128     2192253.721   8589934592   1073741824        3.918        0.490
       float    coalesced        1        2        1     67108864           64     2192200.914   8589934592   1073741824        3.918        0.490
       float    coalesced        1        2        1    134217728           32     2192161.835   8589934592   1073741824        3.918        0.490
       float    coalesced        1        2        1    268435456           16     2192219.108   8589934592   1073741824        3.918        0.490
       float    coalesced        1        2        1    536870912            8     2192203.614   8589934592   1073741824        3.918        0.490
       float    coalesced        1        2        1   1073741824            4     2192259.027   8589934592   1073741824        3.918        0.490
       float    coalesced        1        2        1   2147483648            2     2192187.865   8589934592   1073741824        3.918        0.490
       float    coalesced        1        2        1   4293918720            1     2191677.518   8587837440   1073479680        3.918        0.490
