        type trial_config ert_flop   unroll  buffers        nsize       trials       microsecs        bytes        flops         GB/s         GF/s
      double    coalesced        1        1        2           16     67108864    32732493.448   2147483648    134217728        0.066        0.004
      double    coalesced        1        1        2           32     67108864    34914422.557   4294967296    268435456        0.123        0.008
      double    coalesced        1        1        2           64     67108864    37408287.678   8589934592    536870912        0.230        0.014
      double    coalesced        1        1        2          128     67108864    38793660.620  17179869184   1073741824        0.443        0.028
      double    coalesced        1        1        2          256     33554432    23805365.465  17179869184   1073741824        0.722        0.045
      double    coalesced        1        1        2          512     16777216    14547928.354  17179869184   1073741824        1.181        0.074
      double    coalesced        1        1        2         1024      8388608     9352399.532  17179869184   1073741824        1.837        0.115
      double    coalesced        1        1        2         2048      4194304     6137791.019  17179869184   1073741824        2.799        0.175
      double    coalesced        1        1        2         4096      2097152     4463936.273  17179869184   1073741824        3.849        0.241
      double    coalesced        1        1        2         8192      1048576     3719945.629  17179869184   1073741824        4.618        0.289
      double    coalesced        1        1        2        16384       524288     3284517.026  17179869184   1073741824        5.231        0.327
      double    coalesced        1        1        2        32768       262144     3083039.614  17179869184   1073741824        5.572        0.348
      double    coalesced        1        1        2        65536       131072     2980075.880  17179869184   1073741824        5.765        0.360
      double    coalesced        1        1        2       131072        65536     2922217.576  17179869184   1073741824        5.879        0.367
      double    coalesced        1        1        2       262144        32768     2890650.376  17179869184   1073741824        5.943        0.371
      double    coalesced        1        1        2       524288        16384     2876430.920  17179869184   1073741824        5.973        0.373
      double    coalesced        1        1        2      1048576         8192     2867968.437  17179869184   1073741824        5.990        0.374
      double    coalesced        1        1        2      2097152         4096     2864864.046  17179869184   1073741824        5.997        0.375
      double    coalesced        1        1        2      4194304         2048     2862808.410  17179869184   1073741824        6.001        0.375
      double    coalesced        1        1        2      8388608         1024     2862032.241  17179869184   1073741824        6.003        0.375
      double    coalesced        1        1        2     16777216          512     2861655.657  17179869184   1073741824        6.003        0.375
      double    coalesced        1        1        2     33554432          256     2861496.767  17179869184   1073741824        6.004        0.375
      double    coalesced        1        1        2     67108864          128     2861345.243  17179869184   1073741824        6.004        0.375
      double    coalesced        1        1        2    134217728           64     2861232.610  17179869184   1073741824        6.004        0.375
      double    coalesced        1        1        2    268435456           32     2861220.736  17179869184   1073741824        6.004        0.375
      double    coalesced        1        1        2    536870912           16     2861225.404  17179869184   1073741824        6.004        0.375
      double    coalesced        1        1        2   1073741824            8     2861256.560  17179869184   1073741824        6.004        0.375
      double    coalesced        1        1        2   2147483648            4     2861138.831  17179869184   1073741824        6.005        0.375
      double    coalesced        1        1        2   4294967296            2     2861283.981  17179869184   1073741824        6.004        0.375
      double    coalesced        1        1        2   8588886016            1     2860865.135  17177772032   1073610752        6.004        0.375
