        type trial_config ert_flop   unroll  buffers        nsize       trials       microsecs        bytes        flops         GB/s         GF/s
       float    coalesced       16      128        1          512      8388608     5036314.201   8589934592  17179869184        1.706        3.411
       float    coalesced       16      128        1         1024      4194304     2728077.549   8589934592  17179869184        3.149        6.297
       float    coalesced       16      128        1         2048      2097152     1488193.294   8589934592  17179869184        5.772       11.544
       float    coalesced       16      128        1         4096      1048576      880021.708   8589934592  17179869184        9.761       19.522
       float    coalesced       16      128        1         8192       524288      584910.994   8589934592  17179869184       14.686       29.372
       float    coalesced       16      128        1        16384       262144      411412.447   8589934592  17179869184       20.879       41.758
       float    coalesced       16      128        1        32768       131072      341347.241   8589934592  17179869184       25.165       50.330
       float    coalesced       16      128        1        65536        65536      303157.529   8589934592  17179869184       28.335       56.670
       float    coalesced       16      128        1       131072        32768      288324.735   8589934592  17179869184       29.793       59.585
       float    coalesced       16      128        1       262144        16384      285681.628   8589934592  17179869184       30.068       60.136
       float    coalesced       16      128        1       524288         8192      282573.076   8589934592  17179869184       30.399       60.798
       float    coalesced       16      128        1      1048576         4096      281644.446   8589934592  17179869184       30.499       60.998
       float    coalesced       16      128        1      2097152         2048      281006.168   8589934592  17179869184       30.568       61.137
       float    coalesced       16      128        1      4194304         1024      280581.378   8589934592  17179869184       30.615       61.230
       float    coalesced       16      128        1      8388608          512      280494.682   8589934592  17179869184       30.624       61.248
       float    coalesced       16      128        1     16777216          256      280417.545   8589934592  17179869184       30.633       61.265
       float    coalesced       16      128        1     33554432          128      280399.991   8589934592  17179869184       30.635       61.269
       float    coalesced       16      128        1     67108864           64      280415.256   8589934592  17179869184       30.633       61.266
       float    coalesced       16      128        1    134217728           32      280352.166   8589934592  17179869184       30.640       61.280
       float    coalesced       16      128        1    268435456           16      280341.188   8589934592  17179869184       30.641       61.282
       float    coalesced       16      128        1    536870912            8      280338.420   8589934592  17179869184       30.641       61.283
       float    coalesced       16      128        1   1073741824            4      280359.276   8589934592  17179869184       30.639       61.278
       float    coalesced       16      128        1   2147483648            2      280390.963   8589934592  17179869184       30.636       61.271
       float    coalesced       16      128        1   4293918720            1      280243.457   8587837440  17175674880       30.644       61.288
