        type trial_config ert_flop   unroll  buffers        nsize       trials       microsecs        bytes        flops         GB/s         GF/s
         int    coalesced      505        2        1            8     67108864  1346679958.377   1073741824  67779952640        0.001        0.050
         int    coalesced      505        2        1           16     67108864  1347686994.000   2147483648 135559905280        0.002        0.101
         int    coalesced      505        2        1           32     67108864  1349627006.743   4294967296 271119810560        0.003        0.201
         int    coalesced      505        2        1           64     67108864  1352917354.553   8589934592 542239621120        0.006        0.401
         int    coalesced      505        2        1          128     33554432   680821515.594   8589934592 542239621120        0.013        0.796
         int    coalesced      505        2        1          256     16777216   342735233.059   8589934592 542239621120        0.025        1.582
         int    coalesced      505        2        1          512      8388608   173608041.647   8589934592 542239621120        0.049        3.123
         int    coalesced      505        2        1         1024      4194304    88035473.926   8589934592 542239621120        0.098        6.159
         int    coalesced      505        2        1         2048      2097152    45247233.816   8589934592 542239621120        0.190       11.984
         int    coalesced      505        2        1         4096      1048576    23924644.515   8589934592 542239621120        0.359       22.664
         int    coalesced      505        2        1         8192       524288    13223880.189   8589934592 542239621120        0.650       41.005
         int    coalesced      505        2        1        16384       262144     7881175.313   8589934592 542239621120        1.090       68.802
         int    coalesced      505        2        1        32768       131072     5161204.107   8589934592 542239621120        1.664      105.061
         int    coalesced      505        2        1        65536        65536     3823984.458   8589934592 542239621120        2.246      141.800
         int    coalesced      505        2        1       131072        32768     3150178.502   8589934592 542239621120        2.727      172.130
         int    coalesced      505        2        1       262144        16384     2813326.367   8589934592 542239621120        3.053      192.740
         int    coalesced      505        2        1       524288         8192     2647845.138   8589934592 542239621120        3.244      204.785
         int    coalesced      505        2        1      1048576         4096     2563959.689   8589934592 542239621120        3.350      211.485
         int    coalesced      505        2        1      2097152         2048     2524677.420   8589934592 542239621120        3.402      214.776
         int    coalesced      505        2        1      4194304         1024     2500984.558   8589934592 542239621120        3.435      216.810
         int    coalesced      505        2        1      8388608          512     2490572.163   8589934592 542239621120        3.449      217.717
         int    coalesced      505        2        1     16777216          256     2485391.825   8589934592 542239621120        3.456      218.171
         int    coalesced      505        2        1     33554432          128     2482807.584   8589934592 542239621120        3.460      218.398
         int    coalesced      505        2        1     67108864           64     2481435.687   8589934592 542239621120        3.462      218.519
         int    coalesced      505        2        1    134217728           32     2480762.173   8589934592 542239621120        3.463      218.578
         int    coalesced      505        2        1    268435456           16     2480441.461   8589934592 542239621120        3.463      218.606
         int    coalesced      505        2        1    536870912            8     2480291.095   8589934592 542239621120        3.463      218.619
         int    coalesced      505        2        1   1073741824            4     2480294.194   8589934592 542239621120        3.463      218.619
         int    coalesced      505        2        1   2147483648            2     2480211.174   8589934592 542239621120        3.463      218.626
         int    coalesced      505        2        1   4293918720            1     2479496.458   8587837440 542107238400        3.464      218.636
