        type trial_config ert_flop   unroll  buffers        nsize       trials       microsecs        bytes        flops         GB/s         GF/s
       float    coalesced        4        4        0           16      1048576      102879.547     33554432     16777216        0.326        0.163
       float    coalesced        4        4        0           32       524288       53647.320     33554432     16777216        0.625        0.313
       float    coalesced        4        4        0           64       262144       29076.944     33554432     16777216        1.154        0.577
       float    coalesced        4        4        0          128       131072       16856.548     33554432     16777216        1.991        0.995
       float    coalesced        4        4        0          256        65536       10733.743     33554432     16777216        3.126        1.563
       float    coalesced        4        4        0          512        32768        7669.985     33554432     16777216        4.375        2.187
       float    coalesced        4        4        0         1024        16384        6111.091     33554432     16777216        5.491        2.745
       float    coalesced        4        4        0         2048         8192        5349.037     33554432     16777216        6.273        3.136
       float    coalesced        4        4        0         4096         4096        4941.310     33554432     16777216        6.791        3.395
       float    coalesced        4        4        0         8192         2048        4727.715     33554432     16777216        7.097        3.549
       float    coalesced        4        4        0        16384         1024        4607.048     33554432     16777216        7.283        3.642
       float    coalesced        4        4        0        32768         1024        8896.685     67108864     33554432        7.543        3.772
       float    coalesced        4        4        0        65536         1024       17432.800    134217728     67108864        7.699        3.850
       float    coalesced        4        4        0       131072         1024       34529.585    268435456    134217728        7.774        3.887
       float    coalesced        4        4        0       262144         1024       68630.707    536870912    268435456        7.823        3.911
       float    coalesced        4        4        0       524288         1024      136810.526   1073741824    536870912        7.848        3.924
       float    coalesced        4        4        0      1048576         1024      273234.602   2147483648   1073741824        7.859        3.930
       float    coalesced        4        4        0      2097152         1024      546054.189   4294967296   2147483648        7.865        3.933
       float    coalesced        4        4        0      4194304         1024     1091668.834   8589934592   4294967296        7.869        3.934
       float    coalesced        4        4        0      8388608         1024     2182843.082  17179869184   8589934592        7.870        3.935
       float    coalesced        4        4        0     16777216         1024     4365253.535  34359738368  17179869184        7.871        3.936
