        type trial_config ert_flop   unroll  buffers        nsize       trials       microsecs        bytes        flops         GB/s         GF/s
         int    coalesced       31       32        1          128     33554432    52371277.449   8589934592  33285996544        0.164        0.636
         int    coalesced       31       32        1          256     16777216    26185809.917   8589934592  33285996544        0.328        1.271
         int    coalesced       31       32        1          512      8388608    13182201.898   8589934592  33285996544        0.652        2.525
         int    coalesced       31       32        1         1024      4194304     6851241.219   8589934592  33285996544        1.254        4.858
         int    coalesced       31       32        1         2048      2097152     3634250.889   8589934592  33285996544        2.364        9.159
         int    coalesced       31       32        1         4096      1048576     1948672.440   8589934592  33285996544        4.408       17.081
         int    coalesced       31       32        1         8192       524288     1116252.165   8589934592  33285996544        7.695       29.819
         int    coalesced       31       32        1        16384       262144      682292.036   8589934592  33285996544       12.590       48.786
         int    coalesced       31       32        1        32768       131072      486045.668   8589934592  33285996544       17.673       68.483
         int    coalesced       31       32        1        65536        65536      379563.787   8589934592  33285996544       22.631       87.695
         int    coalesced       31       32        1       131072        32768      328888.153   8589934592  33285996544       26.118      101.208
         int    coalesced       31       32        1       262144        16384      311551.694   8589934592  33285996544       27.571      106.839
         int    coalesced       31       32        1       524288         8192      302242.575   8589934592  33285996544       28.421      110.130
         int    coalesced       31       32        1      1048576         4096      297629.349   8589934592  33285996544       28.861      111.837
         int    coalesced       31       32        1      2097152         2048      295353.260   8589934592  33285996544       29.084      112.699
         int    coalesced       31       32        1      4194304         1024      294094.840   8589934592  33285996544       29.208      113.181
         int    coalesced       31       32        1      8388608          512      293554.437   8589934592  33285996544       29.262      113.390
         int    coalesced       31       32        1     16777216          256      293208.644   8589934592  33285996544       29.296      113.523
         int    coalesced       31       32        1     33554432          128      293099.379   8589934592  33285996544       29.307      113.566
         int    coalesced       31       32        1     67108864           64      292986.406   8589934592  33285996544       29.319      113.609
         int    coalesced       31       32        1    134217728           32      292973.836   8589934592  33285996544       29.320      113.614
         int    coalesced       31       32        1    268435456           16      292870.298   8589934592  33285996544       29.330      113.654
         int    coalesced       31       32        1    536870912            8      292972.159   8589934592  33285996544       29.320      113.615
         int    coalesced       31       32        1   1073741824            4      292949.342   8589934592  33285996544       29.322      113.624
         int    coalesced       31       32        1   2147483648            2      292943.001   8589934592  33285996544       29.323      113.626
         int    coalesced       31       32        1   4293918720            1      292874.224   8587837440  33277870080       29.323      113.625
