        type trial_config ert_flop   unroll  buffers        nsize       trials       microsecs        bytes        flops         GB/s         GF/s
      double    coalesced      162        2        1           16     67108864   589170824.063   2147483648  21743271936        0.004        0.037
      double    coalesced      162        2        1           32     67108864   590414124.599   4294967296  43486543872        0.007        0.074
      double    coalesced      162        2        1           64     67108864   592328201.869   8589934592  86973087744        0.015        0.147
      double    coalesced      162        2        1          128     33554432   298209445.286   8589934592  86973087744        0.029        0.292
      double    coalesced      162        2        1          256     16777216   150566806.031   8589934592  86973087744        0.057        0.578
      double    coalesced      162        2        1          512      8388608    76374672.866   8589934592  86973087744        0.112        1.139
      double    coalesced      162        2        1         1024      4194304    39278594.814   8589934592  86973087744        0.219        2.214
      double    coalesced      162        2        1         2048      2097152    20085815.134   8589934592  86973087744        0.428        4.330
      double    coalesced      162        2        1         4096      1048576    10604749.883   8589934592  86973087744        0.810        8.201
      double    coalesced      162        2        1         8192       524288     5845297.088   8589934592  86973087744        1.470       14.879
      double    coalesced      162        2        1        16384       262144     3452538.839   8589934592  86973087744        2.488       25.191
      double    coalesced      162        2        1        32768       131072     2284735.487   8589934592  86973087744        3.760       38.067
      double    coalesced      162        2        1        65536        65536     1681569.715   8589934592  86973087744        5.108       51.721
      double    coalesced      162        2        1       131072        32768     1377271.422   8589934592  86973087744        6.237       63.149
      double    coalesced      162        2        1       262144        16384     1226272.854   8589934592  86973087744        7.005       70.925
      double    coalesced      162        2        1       524288         8192     1151106.660   8589934592  86973087744        7.462       75.556
      double    coalesced      162        2        1      1048576         4096     1111803.641   8589934592  86973087744        7.726       78.227
      double    coalesced      162        2        1      2097152         2048     1092764.708   8589934592  86973087744        7.861       79.590
      double    coalesced      162        2        1      4194304         1024     1083294.562   8589934592  86973087744        7.929       80.286
      double    coalesced      162        2        1      8388608          512     1078536.411   8589934592  86973087744        7.964       80.640
      double    coalesced      162        2        1     16777216          256     1076109.488   8589934592  86973087744        7.982       80.822
      double    coalesced      162        2        1     33554432          128     1074932.239   8589934592  86973087744        7.991       80.910
      double    coalesced      162        2        1     67108864           64     1074346.622   8589934592  86973087744        7.995       80.954
      double    coalesced      162        2        1    134217728           32     1074027.111   8589934592  86973087744        7.998       80.978
      double    coalesced      162        2        1    268435456           16     1073845.841   8589934592  86973087744        7.999       80.992
      double    coalesced      162        2        1    536870912            8     1073880.717   8589934592  86973087744        7.999       80.990
      double    coalesced      162        2        1   1073741824            4     1073864.004   8589934592  86973087744        7.999       80.991
      double    coalesced      162        2        1   2147483648            2     1073799.913   8589934592  86973087744        8.000       80.996
      double    coalesced      162        2        1   4293918720            1     1073552.415   8587837440  86951854080        7.999       80.995
