        type trial_config ert_flop   unroll  buffers        nsize       trials       microsecs        bytes        flops         GB/s         GF/s
         int    coalesced        1      128        1          512      8388608     4364684.360   8589934592   1073741824        1.968        0.246
         int    coalesced        1      128        1         1024      4194304     2338437.382   8589934592   1073741824        3.673        0.459
         int    coalesced        1      128        1         2048      2097152     1309509.764   8589934592   1073741824        6.560        0.820
         int    coalesced        1      128        1         4096      1048576      818807.569   8589934592   1073741824       10.491        1.311
         int    coalesced        1      128        1         8192       524288      548193.878   8589934592   1073741824       15.670        1.959
         int    coalesced        1      128        1        16384       262144      409575.270   8589934592   1073741824       20.973        2.622
         int    coalesced        1      128        1        32768       131072      341355.256   8589934592   1073741824       25.164        3.146
         int    coalesced        1      128        1        65536        65536      301253.795   8589934592   1073741824       28.514        3.564
         int    coalesced        1      128        1       131072        32768      288928.065   8589934592   1073741824       29.730        3.716
         int    coalesced        1      128        1       262144        16384      286315.386   8589934592   1073741824       30.002        3.750
         int    coalesced        1      128        1       524288         8192      283383.640   8589934592   1073741824       30.312        3.789
         int    coalesced        1      128        1      1048576         4096      282866.801   8589934592   1073741824       30.367        3.796
         int    coalesced        1      128        1      2097152         2048      282295.946   8589934592   1073741824       30.429        3.804
         int    coalesced        1      128        1      4194304         1024      282150.101   8589934592   1073741824       30.445        3.806
         int    coalesced        1      128        1      8388608          512      281993.319   8589934592   1073741824       30.461        3.808
         int    coalesced        1      128        1     16777216          256      281945.207   8589934592   1073741824       30.467        3.808
         int    coalesced        1      128        1     33554432          128      281886.021   8589934592   1073741824       30.473        3.809
         int    coalesced        1      128        1     67108864           64      281896.849   8589934592   1073741824       30.472        3.809
         int    coalesced        1      128        1    134217728           32      281893.608   8589934592   1073741824       30.472        3.809
         int    coalesced        1      128        1    268435456           16      281916.826   8589934592   1073741824       30.470        3.809
         int    coalesced        1      128        1    536870912            8      281810.052   8589934592   1073741824       30.481        3.810
         int    coalesced        1      128        1   1073741824            4      281848.539   8589934592   1073741824       30.477        3.810
         int    coalesced        1      128        1   2147483648            2      281797.358   8589934592   1073741824       30.483        3.810
         int    coalesced        1      128        1   4293918720            1      281818.522   8587837440   1073479680       30.473        3.809
