        type trial_config ert_flop   unroll  buffers        nsize       trials       microsecs        bytes        flops         GB/s         GF/s
      double    coalesced        4        4        2           64     67108864    43642577.084   8589934592   2147483648        0.197        0.049
      double    coalesced        4        4        2          128     67108864    46005895.278  17179869184   4294967296        0.373        0.093
      double    coalesced        4        4        2          256     33554432    23805244.664  17179869184   4294967296        0.722        0.180
      double    coalesced        4        4        2          512     16777216    13093118.419  17179869184   4294967296        1.312        0.328
      double    coalesced        4        4        2         1024      8388608     7274200.540  17179869184   4294967296        2.362        0.590
      double    coalesced        4        4        2         2048      4194304     4091999.312  17179869184   4294967296        4.198        1.050
      double    coalesced        4        4        2         4096      2097152     2314247.368  17179869184   4294967296        7.424        1.856
      double    coalesced        4        4        2         8192      1048576     1422933.963  17179869184   4294967296       12.074        3.018
      double    coalesced        4        4        2        16384       524288     1023378.781  17179869184   4294967296       16.787        4.197
      double    coalesced        4        4        2        32768       262144      810037.385  17179869184   4294967296       21.209        5.302
      double    coalesced        4        4        2        65536       131072      699208.788  17179869184   4294967296       24.570        6.143
      double    coalesced        4        4        2       131072        65536      676370.220  17179869184   4294967296       25.400        6.350
      double    coalesced        4        4        2       262144        32768      683008.047  17179869184   4294967296       25.153        6.288
      double    coalesced        4        4        2       524288        16384      685601.492  17179869184   4294967296       25.058        6.265
      double    coalesced        4        4        2      1048576         8192      687085.302  17179869184   4294967296       25.004        6.251
      double    coalesced        4        4        2      2097152         4096      687198.936  17179869184   4294967296       25.000        6.250
      double    coalesced        4        4        2      4194304         2048      687684.398  17179869184   4294967296       24.982        6.246
      double    coalesced        4        4        2      8388608         1024      688017.033  17179869184   4294967296       24.970        6.243
      double    coalesced        4        4        2     16777216          512      687993.558  17179869184   4294967296       24.971        6.243
      double    coalesced        4        4        2     33554432          256      688319.975  17179869184   4294967296       24.959        6.240
      double    coalesced        4        4        2     67108864          128      688056.626  17179869184   4294967296       24.969        6.242
      double    coalesced        4        4        2    134217728           64      687997.749  17179869184   4294967296       24.971        6.243
      double    coalesced        4        4        2    268435456           32      688343.284  17179869184   4294967296       24.958        6.240
      double    coalesced        4        4        2    536870912           16      689875.121  17179869184   4294967296       24.903        6.226
      double    coalesced        4        4        2   1073741824            8      689571.823  17179869184   4294967296       24.914        6.228
      double    coalesced        4        4        2   2147483648            4      690629.555  17179869184   4294967296       24.876        6.219
      double    coalesced        4        4        2   4294967296            2      690490.147  17179869184   4294967296       24.881        6.220
      double    coalesced        4        4        2   8588886016            1      690282.298  17177772032   4294443008       24.885        6.221
