        type trial_config ert_flop   unroll  buffers        nsize       trials       microsecs        bytes        flops         GB/s         GF/s
       float    coalesced        4        1        1            4     67108864    30806884.075    536870912    268435456        0.017        0.009
       float    coalesced        4        1        1            8     67108864    30807009.073   1073741824    536870912        0.035        0.017
       float    coalesced        4        1        1           16     67108864    32732426.231   2147483648   1073741824        0.066        0.033
       float    coalesced        4        1        1           32     67108864    36118411.500   4294967296   2147483648        0.119        0.059
       float    coalesced        4        1        1           64     67108864    43642949.188   8589934592   4294967296        0.197        0.098
       float    coalesced        4        1        1          128     33554432    26186007.168   8589934592   4294967296        0.328        0.164
       float    coalesced        4        1        1          256     16777216    16379012.988   8589934592   4294967296        0.524        0.262
       float    coalesced        4        1        1          512      8388608    10911120.137   8589934592   4294967296        0.787        0.394
       float    coalesced        4        1        1         1024      4194304     7693056.043   8589934592   4294967296        1.117        0.558
       float    coalesced        4        1        1         2048      2097152     6137687.705   8589934592   4294967296        1.400        0.700
       float    coalesced        4        1        1         4096      1048576     5455706.412   8589934592   4294967296        1.574        0.787
       float    coalesced        4        1        1         8192       524288     5114858.459   8589934592   4294967296        1.679        0.840
       float    coalesced        4        1        1        16384       262144     4855564.928   8589934592   4294967296        1.769        0.885
       float    coalesced        4        1        1        32768       131072     4773754.245   8589934592   4294967296        1.799        0.900
       float    coalesced        4        1        1        65536        65536     4731136.050   8589934592   4294967296        1.816        0.908
       float    coalesced        4        1        1       131072        32768     4688581.966   8589934592   4294967296        1.832        0.916
       float    coalesced        4        1        1       262144        16384     4688682.300   8589934592   4294967296        1.832        0.916
       float    coalesced        4        1        1       524288         8192     4683293.822   8589934592   4294967296        1.834        0.917
       float    coalesced        4        1        1      1048576         4096     4677987.338   8589934592   4294967296        1.836        0.918
       float    coalesced        4        1        1      2097152         2048     4678061.089   8589934592   4294967296        1.836        0.918
       float    coalesced        4        1        1      4194304         1024     4677236.143   8589934592   4294967296        1.837        0.918
       float    coalesced        4        1        1      8388608          512     4676717.271   8589934592   4294967296        1.837        0.918
       float    coalesced        4        1        1     16777216          256     4676733.783   8589934592   4294967296        1.837        0.918
       float    coalesced        4        1        1     33554432          128     4676630.829   8589934592   4294967296        1.837        0.918
       float    coalesced        4        1        1     67108864           64     4676500.572   8589934592   4294967296        1.837        0.918
       float    coalesced        4        1        1    134217728           32     4676576.820   8589934592   4294967296        1.837        0.918
       float    coalesced        4        1        1    268435456           16     4676583.569   8589934592   4294967296        1.837        0.918
       float    coalesced        4        1        1    536870912            8     4676522.903   8589934592   4294967296        1.837        0.918
       float    coalesced        4        1        1   1073741824            4     4676480.826   8589934592   4294967296        1.837        0.918
       float    coalesced        4        1        1   2147483648            2     4676525.555   8589934592   4294967296        1.837        0.918
       float    coalesced        4        1        1   4293918720            1     4675287.164   8587837440   4293918720        1.837        0.918
