        type trial_config ert_flop   unroll  buffers        nsize       trials       microsecs        bytes        flops         GB/s         GF/s
       float    coalesced       32        1        2            8     67108864    47610472.998   1073741824   4294967296        0.023        0.090
       float    coalesced       32        1        2           16     67108864    49098287.237   2147483648   8589934592        0.044        0.175
       float    coalesced       32        1        2           32     67108864    51423008.055   4294967296  17179869184        0.084        0.334
       float    coalesced       32        1        2           64     67108864    57273624.941   8589934592  34359738368        0.150        0.600
       float    coalesced       32        1        2          128     67108864    60428442.530  17179869184  68719476736        0.284        1.137
       float    coalesced       32        1        2          256     33554432    34914435.823  17179869184  68719476736        0.492        1.968
       float    coalesced       32        1        2          512     16777216    21821664.617  17179869184  68719476736        0.787        3.149
       float    coalesced       32        1        2         1024      8388608    13377849.265  17179869184  68719476736        1.284        5.137
       float    coalesced       32        1        2         2048      4194304     9352396.164  17179869184  68719476736        1.837        7.348
       float    coalesced       32        1        2         4096      2097152     7371303.670  17179869184  68719476736        2.331        9.323
       float    coalesced       32        1        2         8192      1048576     6364962.392  17179869184  68719476736        2.699       10.797
       float    coalesced       32        1        2        16384       524288     5829456.200  17179869184  68719476736        2.947       11.788
       float    coalesced       32        1        2        32768       262144     5534699.774  17179869184  68719476736        3.104       12.416
       float    coalesced       32        1        2        65536       131072     5410279.249  17179869184  68719476736        3.175       12.702
       float    coalesced       32        1        2       131072        65536     5342569.125  17179869184  68719476736        3.216       12.863
       float    coalesced       32        1        2       262144        32768     5309406.619  17179869184  68719476736        3.236       12.943
       float    coalesced       32        1        2       524288        16384     5294424.397  17179869184  68719476736        3.245       12.980
       float    coalesced       32        1        2      1048576         8192     5286745.515  17179869184  68719476736        3.250       12.998
       float    coalesced       32        1        2      2097152         4096     5282801.437  17179869184  68719476736        3.252       13.008
       float    coalesced       32        1        2      4194304         2048     5280913.362  17179869184  68719476736        3.253       13.013
       float    coalesced       32        1        2      8388608         1024     5280108.787  17179869184  68719476736        3.254       13.015
       float    coalesced       32        1        2     16777216          512     5279492.834  17179869184  68719476736        3.254       13.016
       float    coalesced       32        1        2     33554432          256     5279404.181  17179869184  68719476736        3.254       13.017
       float    coalesced       32        1        2     67108864          128     5279189.322  17179869184  68719476736        3.254       13.017
       float    coalesced       32        1        2    134217728           64     5279141.291  17179869184  68719476736        3.254       13.017
       float    coalesced       32        1        2    268435456           32     5279152.067  17179869184  68719476736        3.254       13.017
       float    coalesced       32        1        2    536870912           16     5279223.804  17179869184  68719476736        3.254       13.017
       float    coalesced       32        1        2   1073741824            8     5279392.363  17179869184  68719476736        3.254       13.017
       float    coalesced       32        1        2   2147483648            4     5279237.709  17179869184  68719476736        3.254       13.017
       float    coalesced       32        1        2   4294967296            2     5279239.638  17179869184  68719476736        3.254       13.017
       float    coalesced       32        1        2   8588886016            1     5278559.902  17177772032  68711088128        3.254       13.017
