        type trial_config ert_flop   unroll  buffers        nsize       trials       microsecs        bytes        flops         GB/s         GF/s
       float    coalesced        4        4        0           16      1048576      108659.246     33554432     16777216        0.309        0.154
       float    coalesced        4        4        0           32       524288       56589.466     33554432     16777216        0.593        0.296
       float    coalesced        4        4        0           64       262144       30586.928     33554432     16777216        1.097        0.549
       float    coalesced        4        4        0          128       131072       17617.211     33554432     16777216        1.905        0.952
       float    coalesced        4        4        0          256        65536       11080.665     33554432     16777216        3.028        1.514
       float    coalesced        4        4        0          512        32768        7865.310     33554432     16777216        4.266        2.133
       float    coalesced        4        4        0         1024        16384        6207.294     33554432     16777216        5.406        2.703
       float    coalesced        4        4        0         2048         8192        5405.746     33554432     16777216        6.207        3.104
       float    coalesced        4        4        0         4096         4096        5036.524     33554432     16777216        6.662        3.331
       float    coalesced        4        4        0         8192         2048        4806.804     33554432     16777216        6.981        3.490
       float    coalesced        4        4        0        16384         1024        4666.620     33554432     16777216        7.190        3.595
       float    coalesced        4        4        0        32768         1024        9045.685     67108864     33554432        7.419        3.709
       float    coalesced        4        4        0        65536         1024       17784.526    134217728     67108864        7.547        3.773
       float    coalesced        4        4        0       131072         1024       35108.104    268435456    134217728        7.646        3.823
       float    coalesced        4        4        0       262144         1024       69719.845    536870912    268435456        7.700        3.850
       float    coalesced        4        4        0       524288         1024      139076.056   1073741824    536870912        7.721        3.860
       float    coalesced        4        4        0      1048576         1024      277739.184   2147483648   1073741824        7.732        3.866
       float    coalesced        4        4        0      2097152         1024      555072.462   4294967296   2147483648        7.738        3.869
       float    coalesced        4        4        0      4194304         1024     1109680.409   8589934592   4294967296        7.741        3.870
       float    coalesced        4        4        0      8388608         1024     2218905.618  17179869184   8589934592        7.742        3.871
       float    coalesced        4        4        0     16777216         1024     4437444.259  34359738368  17179869184        7.743        3.872
