        type trial_config ert_flop   unroll  buffers        nsize       trials       microsecs        bytes        flops         GB/s         GF/s
       float    coalesced        1        8        0           32       524288       36787.228     33554432      4194304        0.912        0.114
       float    coalesced        1        8        0           64       262144       19563.646     33554432      4194304        1.715        0.214
       float    coalesced        1        8        0          128       131072       10969.962     33554432      4194304        3.059        0.382
       float    coalesced        1        8        0          256        65536        6754.305     33554432      4194304        4.968        0.621
       float    coalesced        1        8        0          512        32768        4610.437     33554432      4194304        7.278        0.910
       float    coalesced        1        8        0         1024        16384        3522.877     33554432      4194304        9.525        1.191
       float    coalesced        1        8        0         2048         8192        2969.448     33554432      4194304       11.300        1.412
       float    coalesced        1        8        0         4096         4096        2699.223     33554432      4194304       12.431        1.554
       float    coalesced        1        8        0         8192         2048        2642.544     33554432      4194304       12.698        1.587
       float    coalesced        1        8        0        16384         1024        2542.120     33554432      4194304       13.199        1.650
       float    coalesced        1        8        0        32768         1024        4657.263     67108864      8388608       14.410        1.801
       float    coalesced        1        8        0        65536         1024        8983.491    134217728     16777216       14.940        1.868
       float    coalesced        1        8        0       131072         1024       17532.749    268435456     33554432       15.311        1.914
       float    coalesced        1        8        0       262144         1024       34616.521    536870912     67108864       15.509        1.939
       float    coalesced        1        8        0       524288         1024       68914.343   1073741824    134217728       15.581        1.948
       float    coalesced        1        8        0      1048576         1024      137430.901   2147483648    268435456       15.626        1.953
       float    coalesced        1        8        0      2097152         1024      274372.923   4294967296    536870912       15.654        1.957
       float    coalesced        1        8        0      4194304         1024      548315.015   8589934592   1073741824       15.666        1.958
       float    coalesced        1        8        0      8388608         1024     1096137.969  17179869184   2147483648       15.673        1.959
       float    coalesced        1        8        0     16777216         1024     2191812.415  34359738368   4294967296       15.676        1.960
