        type trial_config ert_flop   unroll  buffers        nsize       trials       microsecs        bytes        flops         GB/s         GF/s
      double    coalesced       19        4        2           64     67108864    91080420.447   8589934592  10200547328        0.094        0.112
      double    coalesced       19        4        2          128     67108864    92419601.149  17179869184  20401094656        0.186        0.221
      double    coalesced       19        4        2          256     33554432    47610339.106  17179869184  20401094656        0.361        0.429
      double    coalesced       19        4        2          512     16777216    24373057.975  17179869184  20401094656        0.705        0.837
      double    coalesced       19        4        2         1024      8388608    13093189.742  17179869184  20401094656        1.312        1.558
      double    coalesced       19        4        2         2048      4194304     6944824.138  17179869184  20401094656        2.474        2.938
      double    coalesced       19        4        2         4096      2097152     3777242.784  17179869184  20401094656        4.548        5.401
      double    coalesced       19        4        2         8192      1048576     2199362.084  17179869184  20401094656        7.811        9.276
      double    coalesced       19        4        2        16384       524288     1364306.202  17179869184  20401094656       12.592       14.953
      double    coalesced       19        4        2        32768       262144     1023334.560  17179869184  20401094656       16.788       19.936
      double    coalesced       19        4        2        65536       131072      809776.965  17179869184  20401094656       21.216       25.193
      double    coalesced       19        4        2       131072        65536      706210.247  17179869184  20401094656       24.327       28.888
      double    coalesced       19        4        2       262144        32768      673958.217  17179869184  20401094656       25.491       30.271
      double    coalesced       19        4        2       524288        16384      658390.743  17179869184  20401094656       26.094       30.986
      double    coalesced       19        4        2      1048576         8192      646062.589  17179869184  20401094656       26.592       31.578
      double    coalesced       19        4        2      2097152         4096      641757.420  17179869184  20401094656       26.770       31.789
      double    coalesced       19        4        2      4194304         2048      639183.472  17179869184  20401094656       26.878       31.917
      double    coalesced       19        4        2      8388608         1024      637930.077  17179869184  20401094656       26.931       31.980
      double    coalesced       19        4        2     16777216          512      637248.170  17179869184  20401094656       26.959       32.014
      double    coalesced       19        4        2     33554432          256      637106.895  17179869184  20401094656       26.965       32.021
      double    coalesced       19        4        2     67108864          128      636778.651  17179869184  20401094656       26.979       32.038
      double    coalesced       19        4        2    134217728           64      636672.707  17179869184  20401094656       26.984       32.043
      double    coalesced       19        4        2    268435456           32      636769.450  17179869184  20401094656       26.980       32.038
      double    coalesced       19        4        2    536870912           16      636687.434  17179869184  20401094656       26.983       32.043
      double    coalesced       19        4        2   1073741824            8      636593.163  17179869184  20401094656       26.987       32.047
      double    coalesced       19        4        2   2147483648            4      636711.991  17179869184  20401094656       26.982       32.041
      double    coalesced       19        4        2   4294967296            2      636708.498  17179869184  20401094656       26.982       32.041
      double    coalesced       19        4        2   8588886016            1      636529.874  17177772032  20398604288       26.987       32.047
