        type trial_config ert_flop   unroll  buffers        nsize       trials       microsecs        bytes        flops         GB/s         GF/s
        long    coalesced       32        8        1           64     67108864   117248659.190   8589934592  17179869184        0.073        0.147
        long    coalesced       32        8        1          128     33554432    59128928.225   8589934592  17179869184        0.145        0.291
        long    coalesced       32        8        1          256     16777216    30214530.478   8589934592  17179869184        0.284        0.569
        long    coalesced       32        8        1          512      8388608    15403807.522   8589934592  17179869184        0.558        1.115
        long    coalesced       32        8        1         1024      4194304     8183340.423   8589934592  17179869184        1.050        2.099
        long    coalesced       32        8        1         2048      2097152     4091805.246   8589934592  17179869184        2.099        4.199
        long    coalesced       32        8        1         4096      1048576     2232056.366   8589934592  17179869184        3.848        7.697
        long    coalesced       32        8        1         8192       524288     1259268.279   8589934592  17179869184        6.821       13.643
        long    coalesced       32        8        1        16384       262144      767558.267   8589934592  17179869184       11.191       22.382
        long    coalesced       32        8        1        32768       131072      511816.566   8589934592  17179869184       16.783       33.566
        long    coalesced       32        8        1        65536        65536      438833.918   8589934592  17179869184       19.574       39.149
        long    coalesced       32        8        1       131072        32768      383945.326   8589934592  17179869184       22.373       44.746
        long    coalesced       32        8        1       262144        16384      360947.042   8589934592  17179869184       23.798       47.597
        long    coalesced       32        8        1       524288         8192      346576.749   8589934592  17179869184       24.785       49.570
        long    coalesced       32        8        1      1048576         4096      338677.054   8589934592  17179869184       25.363       50.726
        long    coalesced       32        8        1      2097152         2048      336033.106   8589934592  17179869184       25.563       51.126
        long    coalesced       32        8        1      4194304         1024      333399.699   8589934592  17179869184       25.765       51.529
        long    coalesced       32        8        1      8388608          512      332543.481   8589934592  17179869184       25.831       51.662
        long    coalesced       32        8        1     16777216          256      332098.002   8589934592  17179869184       25.866       51.731
        long    coalesced       32        8        1     33554432          128      331871.080   8589934592  17179869184       25.883       51.767
        long    coalesced       32        8        1     67108864           64      331789.485   8589934592  17179869184       25.890       51.779
        long    coalesced       32        8        1    134217728           32      331738.539   8589934592  17179869184       25.894       51.787
        long    coalesced       32        8        1    268435456           16      331672.691   8589934592  17179869184       25.899       51.798
        long    coalesced       32        8        1    536870912            8      331640.303   8589934592  17179869184       25.901       51.803
        long    coalesced       32        8        1   1073741824            4      331661.162   8589934592  17179869184       25.900       51.799
        long    coalesced       32        8        1   2147483648            2      331585.927   8589934592  17179869184       25.906       51.811
        long    coalesced       32        8        1   4293918720            1      331554.970   8587837440  17175674880       25.902       51.803
