        type trial_config ert_flop   unroll  buffers        nsize       trials       microsecs        bytes        flops         GB/s         GF/s
      double    coalesced        1        1        1            8     67108864    30806744.838   1073741824     67108864        0.035        0.002
      double    coalesced        1        1        1           16     67108864    32732210.608   2147483648    134217728        0.066        0.004
      double    coalesced        1        1        1           32     67108864    33423966.572   4294967296    268435456        0.128        0.008
      double    coalesced        1        1        1           64     67108864    37408104.237   8589934592    536870912        0.230        0.014
      double    coalesced        1        1        1          128     33554432    21821552.437   8589934592    536870912        0.394        0.025
      double    coalesced        1        1        1          256     16777216    13093094.669   8589934592    536870912        0.656        0.041
      double    coalesced        1        1        1          512      8388608     8539071.653   8589934592    536870912        1.006        0.063
      double    coalesced        1        1        1         1024      4194304     5455703.764   8589934592    536870912        1.574        0.098
      double    coalesced        1        1        1         2048      2097152     3851182.714   8589934592    536870912        2.230        0.139
      double    coalesced        1        1        1         4096      1048576     3068966.660   8589934592    536870912        2.799        0.175
      double    coalesced        1        1        1         8192       524288     2673107.481   8589934592    536870912        3.213        0.201
      double    coalesced        1        1        1        16384       262144     2458593.011   8589934592    536870912        3.494        0.218
      double    coalesced        1        1        1        32768       131072     2387064.001   8589934592    536870912        3.599        0.225
      double    coalesced        1        1        1        65536        65536     2325201.788   8589934592    536870912        3.694        0.231
      double    coalesced        1        1        1       131072        32768     2301831.360   8589934592    536870912        3.732        0.233
      double    coalesced        1        1        1       262144        16384     2286774.635   8589934592    536870912        3.756        0.235
      double    coalesced        1        1        1       524288         8192     2280536.085   8589934592    536870912        3.767        0.235
      double    coalesced        1        1        1      1048576         4096     2276806.157   8589934592    536870912        3.773        0.236
      double    coalesced        1        1        1      2097152         2048     2275217.464   8589934592    536870912        3.775        0.236
      double    coalesced        1        1        1      4194304         1024     2274345.978   8589934592    536870912        3.777        0.236
      double    coalesced        1        1        1      8388608          512     2273849.241   8589934592    536870912        3.778        0.236
      double    coalesced        1        1        1     16777216          256     2273620.928   8589934592    536870912        3.778        0.236
      double    coalesced        1        1        1     33554432          128     2273510.810   8589934592    536870912        3.778        0.236
      double    coalesced        1        1        1     67108864           64     2273521.760   8589934592    536870912        3.778        0.236
      double    coalesced        1        1        1    134217728           32     2273440.770   8589934592    536870912        3.778        0.236
      double    coalesced        1        1        1    268435456           16     2273435.447   8589934592    536870912        3.778        0.236
      double    coalesced        1        1        1    536870912            8     2273470.821   8589934592    536870912        3.778        0.236
      double    coalesced        1        1        1   1073741824            4     2273411.953   8589934592    536870912        3.778        0.236
      double    coalesced        1        1        1   2147483648            2     2273414.563   8589934592    536870912        3.778        0.236
      double    coalesced        1        1        1   4293918720            1     2272870.189   8587837440    536739840        3.778        0.236
