        type trial_config ert_flop   unroll  buffers        nsize       trials       microsecs        bytes        flops         GB/s         GF/s
        long    coalesced        2        2        2           32     67108864    39074926.551   4294967296    536870912        0.110        0.014
        long    coalesced        2        2        2           64     67108864    40285816.600   8589934592   1073741824        0.213        0.027
        long    coalesced        2        2        2          128     67108864    40285705.164  17179869184   2147483648        0.426        0.053
        long    coalesced        2        2        2          256     33554432    23324179.340  17179869184   2147483648        0.737        0.092
        long    coalesced        2        2        2          512     16777216    13093269.038  17179869184   2147483648        1.312        0.164
        long    coalesced        2        2        2         1024      8388608     7321242.278  17179869184   2147483648        2.347        0.293
        long    coalesced        2        2        2         2048      4194304     4676523.533  17179869184   2147483648        3.674        0.459
        long    coalesced        2        2        2         4096      2097152     2940148.954  17179869184   2147483648        5.843        0.730
        long    coalesced        2        2        2         8192      1048576     2046328.044  17179869184   2147483648        8.395        1.049
        long    coalesced        2        2        2        16384       524288     1637214.779  17179869184   2147483648       10.493        1.312
        long    coalesced        2        2        2        32768       262144     1432154.339  17179869184   2147483648       11.996        1.499
        long    coalesced        2        2        2        65536       131072     1325261.295  17179869184   2147483648       12.963        1.620
        long    coalesced        2        2        2       131072        65536     1273047.010  17179869184   2147483648       13.495        1.687
        long    coalesced        2        2        2       262144        32768     1240448.792  17179869184   2147483648       13.850        1.731
        long    coalesced        2        2        2       524288        16384     1226746.244  17179869184   2147483648       14.004        1.751
        long    coalesced        2        2        2      1048576         8192     1219583.107  17179869184   2147483648       14.087        1.761
        long    coalesced        2        2        2      2097152         4096     1215341.082  17179869184   2147483648       14.136        1.767
        long    coalesced        2        2        2      4194304         2048     1214829.984  17179869184   2147483648       14.142        1.768
        long    coalesced        2        2        2      8388608         1024     1213829.681  17179869184   2147483648       14.153        1.769
        long    coalesced        2        2        2     16777216          512     1213413.704  17179869184   2147483648       14.158        1.770
        long    coalesced        2        2        2     33554432          256     1213232.408  17179869184   2147483648       14.160        1.770
        long    coalesced        2        2        2     67108864          128     1213141.693  17179869184   2147483648       14.161        1.770
        long    coalesced        2        2        2    134217728           64     1213011.275  17179869184   2147483648       14.163        1.770
        long    coalesced        2        2        2    268435456           32     1212952.052  17179869184   2147483648       14.164        1.770
        long    coalesced        2        2        2    536870912           16     1212884.405  17179869184   2147483648       14.164        1.771
        long    coalesced        2        2        2   1073741824            8     1212824.938  17179869184   2147483648       14.165        1.771
        long    coalesced        2        2        2   2147483648            4     1212853.325  17179869184   2147483648       14.165        1.771
        long    coalesced        2        2        2   4294967296            2     1212790.035  17179869184   2147483648       14.166        1.771
        long    coalesced        2        2        2   8588886016            1     1212680.263  17177772032   2147221504       14.165        1.771
