        type trial_config ert_flop   unroll  buffers        nsize       trials       microsecs        bytes        flops         GB/s         GF/s
      double    coalesced        2        4        2           64     67108864    39353318.294   8589934592   1073741824        0.218        0.027
      double    coalesced        2        4        2          128     67108864    40285754.882  17179869184   2147483648        0.426        0.053
      double    coalesced        2        4        2          256     33554432    21233382.443  17179869184   2147483648        0.809        0.101
      double    coalesced        2        4        2          512     16777216    11655604.409  17179869184   2147483648        1.474        0.184
      double    coalesced        2        4        2         1024      8388608     6546863.142  17179869184   2147483648        2.624        0.328
      double    coalesced        2        4        2         2048      4194304     3665924.486  17179869184   2147483648        4.686        0.586
      double    coalesced        2        4        2         4096      2097152     2140636.278  17179869184   2147483648        8.026        1.003
      double    coalesced        2        4        2         8192      1048576     1364390.993  17179869184   2147483648       12.592        1.574
      double    coalesced        2        4        2        16384       524288     1023420.573  17179869184   2147483648       16.787        2.098
      double    coalesced        2        4        2        32768       262144      818838.157  17179869184   2147483648       20.981        2.623
      double    coalesced        2        4        2        65536       131072      712199.252  17179869184   2147483648       24.122        3.015
      double    coalesced        2        4        2       131072        65536      661007.030  17179869184   2147483648       25.990        3.249
      double    coalesced        2        4        2       262144        32768      639819.360  17179869184   2147483648       26.851        3.356
      double    coalesced        2        4        2       524288        16384      629589.826  17179869184   2147483648       27.287        3.411
      double    coalesced        2        4        2      1048576         8192      624309.777  17179869184   2147483648       27.518        3.440
      double    coalesced        2        4        2      2097152         4096      621717.060  17179869184   2147483648       27.633        3.454
      double    coalesced        2        4        2      4194304         2048      620403.193  17179869184   2147483648       27.691        3.461
      double    coalesced        2        4        2      8388608         1024      619773.042  17179869184   2147483648       27.720        3.465
      double    coalesced        2        4        2     16777216          512      619428.584  17179869184   2147483648       27.735        3.467
      double    coalesced        2        4        2     33554432          256      619237.084  17179869184   2147483648       27.744        3.468
      double    coalesced        2        4        2     67108864          128      619138.218  17179869184   2147483648       27.748        3.469
      double    coalesced        2        4        2    134217728           64      619155.946  17179869184   2147483648       27.747        3.468
      double    coalesced        2        4        2    268435456           32      619130.335  17179869184   2147483648       27.748        3.469
      double    coalesced        2        4        2    536870912           16      619055.166  17179869184   2147483648       27.752        3.469
      double    coalesced        2        4        2   1073741824            8      619098.681  17179869184   2147483648       27.750        3.469
      double    coalesced        2        4        2   2147483648            4      618959.909  17179869184   2147483648       27.756        3.470
      double    coalesced        2        4        2   4294967296            2      619068.749  17179869184   2147483648       27.751        3.469
      double    coalesced        2        4        2   8588886016            1      619062.592  17177772032   2147221504       27.748        3.469
