        type trial_config ert_flop   unroll  buffers        nsize       trials       microsecs        bytes        flops         GB/s         GF/s
       float    coalesced        1        1        2            8     67108864    30806870.702   1073741824    134217728        0.035        0.004
       float    coalesced        1        1        2           16     67108864    30806778.474   2147483648    268435456        0.070        0.009
       float    coalesced        1        1        2           32     67108864    32732228.795   4294967296    536870912        0.131        0.016
       float    coalesced        1        1        2           64     67108864    37408196.952   8589934592   1073741824        0.230        0.029
       float    coalesced        1        1        2          128     67108864    43642827.578  17179869184   2147483648        0.394        0.049
       float    coalesced        1        1        2          256     33554432    26185922.072  17179869184   2147483648        0.656        0.082
       float    coalesced        1        1        2          512     16777216    16550819.283  17179869184   2147483648        1.038        0.130
       float    coalesced        1        1        2         1024      8388608    10911103.702  17179869184   2147483648        1.575        0.197
       float    coalesced        1        1        2         2048      4194304     8183409.495  17179869184   2147483648        2.099        0.262
       float    coalesced        1        1        2         4096      2097152     6546841.991  17179869184   2147483648        2.624        0.328
       float    coalesced        1        1        2         8192      1048576     5845440.268  17179869184   2147483648        2.939        0.367
       float    coalesced        1        1        2        16384       524288     5455749.047  17179869184   2147483648        3.149        0.394
       float    coalesced        1        1        2        32768       262144     5309924.719  17179869184   2147483648        3.235        0.404
       float    coalesced        1        1        2        65536       131072     5222879.632  17179869184   2147483648        3.289        0.411
       float    coalesced        1        1        2       131072        65536     5175384.067  17179869184   2147483648        3.320        0.415
       float    coalesced        1        1        2       262144        32768     5151747.084  17179869184   2147483648        3.335        0.417
       float    coalesced        1        1        2       524288        16384     5141369.668  17179869184   2147483648        3.341        0.418
       float    coalesced        1        1        2      1048576         8192     5136195.912  17179869184   2147483648        3.345        0.418
       float    coalesced        1        1        2      2097152         4096     5133149.922  17179869184   2147483648        3.347        0.418
       float    coalesced        1        1        2      4194304         2048     5131725.160  17179869184   2147483648        3.348        0.418
       float    coalesced        1        1        2      8388608         1024     5130898.402  17179869184   2147483648        3.348        0.419
       float    coalesced        1        1        2     16777216          512     5130611.427  17179869184   2147483648        3.349        0.419
       float    coalesced        1        1        2     33554432          256     5130417.908  17179869184   2147483648        3.349        0.419
       float    coalesced        1        1        2     67108864          128     5130184.422  17179869184   2147483648        3.349        0.419
       float    coalesced        1        1        2    134217728           64     5129851.742  17179869184   2147483648        3.349        0.419
       float    coalesced        1        1        2    268435456           32     5130681.953  17179869184   2147483648        3.348        0.419
       float    coalesced        1        1        2    536870912           16     5129933.182  17179869184   2147483648        3.349        0.419
       float    coalesced        1        1        2   1073741824            8     5130115.698  17179869184   2147483648        3.349        0.419
       float    coalesced        1        1        2   2147483648            4     5129423.637  17179869184   2147483648        3.349        0.419
       float    coalesced        1        1        2   4294967296            2     5130125.235  17179869184   2147483648        3.349        0.419
       float    coalesced        1        1        2   8588886016            1     5035415.365  17177772032   2147221504        3.411        0.426
