        type trial_config ert_flop   unroll  buffers        nsize       trials       microsecs        bytes        flops         GB/s         GF/s
        long    coalesced        1        8        1           64     67108864    30806845.032   8589934592    536870912        0.279        0.017
        long    coalesced        1        8        1          128     33554432    15907484.289   8589934592    536870912        0.540        0.034
        long    coalesced        1        8        1          256     16777216     8183263.184   8589934592    536870912        1.050        0.066
        long    coalesced        1        8        1          512      8388608     4676386.090   8589934592    536870912        1.837        0.115
        long    coalesced        1        8        1         1024      4194304     2518229.332   8589934592    536870912        3.411        0.213
        long    coalesced        1        8        1         2048      2097152     1488221.885   8589934592    536870912        5.772        0.361
        long    coalesced        1        8        1         4096      1048576      909723.997   8589934592    536870912        9.442        0.590
        long    coalesced        1        8        1         8192       524288      584940.546   8589934592    536870912       14.685        0.918
        long    coalesced        1        8        1        16384       262144      472548.274   8589934592    536870912       18.178        1.136
        long    coalesced        1        8        1        32768       131072      393923.508   8589934592    536870912       21.806        1.363
        long    coalesced        1        8        1        65536        65536      368458.128   8589934592    536870912       23.313        1.457
        long    coalesced        1        8        1       131072        32768      353167.236   8589934592    536870912       24.323        1.520
        long    coalesced        1        8        1       262144        16384      348452.851   8589934592    536870912       24.652        1.541
        long    coalesced        1        8        1       524288         8192      344430.184   8589934592    536870912       24.940        1.559
        long    coalesced        1        8        1      1048576         4096      343098.080   8589934592    536870912       25.036        1.565
        long    coalesced        1        8        1      2097152         2048      342170.138   8589934592    536870912       25.104        1.569
        long    coalesced        1        8        1      4194304         1024      341803.599   8589934592    536870912       25.131        1.571
        long    coalesced        1        8        1      8388608          512      341651.515   8589934592    536870912       25.142        1.571
        long    coalesced        1        8        1     16777216          256      341579.468   8589934592    536870912       25.148        1.572
        long    coalesced        1        8        1     33554432          128      341525.588   8589934592    536870912       25.152        1.572
        long    coalesced        1        8        1     67108864           64      341488.859   8589934592    536870912       25.154        1.572
        long    coalesced        1        8        1    134217728           32      341532.720   8589934592    536870912       25.151        1.572
        long    coalesced        1        8        1    268435456           16      341468.009   8589934592    536870912       25.156        1.572
        long    coalesced        1        8        1    536870912            8      341449.159   8589934592    536870912       25.157        1.572
        long    coalesced        1        8        1   1073741824            4      341512.888   8589934592    536870912       25.153        1.572
        long    coalesced        1        8        1   2147483648            2      341483.900   8589934592    536870912       25.155        1.572
        long    coalesced        1        8        1   4293918720            1      341347.019   8587837440    536739840       25.159        1.572
