        type trial_config ert_flop   unroll  buffers        nsize       trials       microsecs        bytes        flops         GB/s         GF/s
       float    coalesced        2      256        2         2048      4194304     3273895.001  17179869184   4294967296        5.248        1.312
       float    coalesced        2      256        2         4096      2097152     2046242.020  17179869184   4294967296        8.396        2.099
       float    coalesced        2      256        2         8192      1048576     1364317.020  17179869184   4294967296       12.592        3.148
       float    coalesced        2      256        2        16384       524288     1035967.363  17179869184   4294967296       16.583        4.146
       float    coalesced        2      256        2        32768       262144      887655.805  17179869184   4294967296       19.354        4.839
       float    coalesced        2      256        2        65536       131072      810815.365  17179869184   4294967296       21.188        5.297
       float    coalesced        2      256        2       131072        65536      767663.143  17179869184   4294967296       22.379        5.595
       float    coalesced        2      256        2       262144        32768      748622.935  17179869184   4294967296       22.949        5.737
       float    coalesced        2      256        2       524288        16384      738174.815  17179869184   4294967296       23.273        5.818
       float    coalesced        2      256        2      1048576         8192      733064.835  17179869184   4294967296       23.436        5.859
       float    coalesced        2      256        2      2097152         4096      730388.214  17179869184   4294967296       23.522        5.880
       float    coalesced        2      256        2      4194304         2048      729028.109  17179869184   4294967296       23.565        5.891
       float    coalesced        2      256        2      8388608         1024      728355.233  17179869184   4294967296       23.587        5.897
       float    coalesced        2      256        2     16777216          512      728043.389  17179869184   4294967296       23.597        5.899
       float    coalesced        2      256        2     33554432          256      727946.353  17179869184   4294967296       23.600        5.900
       float    coalesced        2      256        2     67108864          128      727811.404  17179869184   4294967296       23.605        5.901
       float    coalesced        2      256        2    134217728           64      727792.276  17179869184   4294967296       23.605        5.901
       float    coalesced        2      256        2    268435456           32      727816.740  17179869184   4294967296       23.605        5.901
       float    coalesced        2      256        2    536870912           16      727741.356  17179869184   4294967296       23.607        5.902
       float    coalesced        2      256        2   1073741824            8      727738.750  17179869184   4294967296       23.607        5.902
       float    coalesced        2      256        2   2147483648            4      727730.895  17179869184   4294967296       23.607        5.902
       float    coalesced        2      256        2   4294967296            2      727839.111  17179869184   4294967296       23.604        5.901
       float    coalesced        2      256        2   8588886016            1      727697.558  17177772032   4294443008       23.606        5.901
