        type trial_config ert_flop   unroll  buffers        nsize       trials       microsecs        bytes        flops         GB/s         GF/s
       float    coalesced        1      128        1          512      8388608     4091939.141   8589934592   1073741824        2.099        0.262
       float    coalesced        1      128        1         1024      4194304     2182523.117   8589934592   1073741824        3.936        0.492
       float    coalesced        1      128        1         2048      2097152     1259252.279   8589934592   1073741824        6.821        0.853
       float    coalesced        1      128        1         4096      1048576      767238.036   8589934592   1073741824       11.196        1.399
       float    coalesced        1      128        1         8192       524288      511863.808   8589934592   1073741824       16.782        2.098
       float    coalesced        1      128        1        16384       262144      396385.212   8589934592   1073741824       21.671        2.709
       float    coalesced        1      128        1        32768       131072      341333.456   8589934592   1073741824       25.166        3.146
       float    coalesced        1      128        1        65536        65536      297891.863   8589934592   1073741824       28.836        3.604
       float    coalesced        1      128        1       131072        32768      288088.277   8589934592   1073741824       29.817        3.727
       float    coalesced        1      128        1       262144        16384      284572.297   8589934592   1073741824       30.185        3.773
       float    coalesced        1      128        1       524288         8192      281869.207   8589934592   1073741824       30.475        3.809
       float    coalesced        1      128        1      1048576         4096      281608.413   8589934592   1073741824       30.503        3.813
       float    coalesced        1      128        1      2097152         2048      281218.179   8589934592   1073741824       30.545        3.818
       float    coalesced        1      128        1      4194304         1024      281004.444   8589934592   1073741824       30.569        3.821
       float    coalesced        1      128        1      8388608          512      280854.133   8589934592   1073741824       30.585        3.823
       float    coalesced        1      128        1     16777216          256      280855.745   8589934592   1073741824       30.585        3.823
       float    coalesced        1      128        1     33554432          128      280797.986   8589934592   1073741824       30.591        3.824
       float    coalesced        1      128        1     67108864           64      280767.908   8589934592   1073741824       30.594        3.824
       float    coalesced        1      128        1    134217728           32      280818.882   8589934592   1073741824       30.589        3.824
       float    coalesced        1      128        1    268435456           16      280761.304   8589934592   1073741824       30.595        3.824
       float    coalesced        1      128        1    536870912            8      280815.513   8589934592   1073741824       30.589        3.824
       float    coalesced        1      128        1   1073741824            4      280789.908   8589934592   1073741824       30.592        3.824
       float    coalesced        1      128        1   2147483648            2      280783.752   8589934592   1073741824       30.593        3.824
       float    coalesced        1      128        1   4293918720            1      280706.905   8587837440   1073479680       30.594        3.824
