        type trial_config ert_flop   unroll  buffers        nsize       trials       microsecs        bytes        flops         GB/s         GF/s
       float    coalesced        2        8        0           32       524288       44099.375     33554432      8388608        0.761        0.190
       float    coalesced        2        8        0           64       262144       23300.020     33554432      8388608        1.440        0.360
       float    coalesced        2        8        0          128       131072       12811.984     33554432      8388608        2.619        0.655
       float    coalesced        2        8        0          256        65536        7650.380     33554432      8388608        4.386        1.096
       float    coalesced        2        8        0          512        32768        5002.764     33554432      8388608        6.707        1.677
       float    coalesced        2        8        0         1024        16384        3738.195     33554432      8388608        8.976        2.244
       float    coalesced        2        8        0         2048         8192        3043.816     33554432      8388608       11.024        2.756
       float    coalesced        2        8        0         4096         4096        2717.419     33554432      8388608       12.348        3.087
       float    coalesced        2        8        0         8192         2048        2522.435     33554432      8388608       13.302        3.326
       float    coalesced        2        8        0        16384         1024        2456.507     33554432      8388608       13.659        3.415
       float    coalesced        2        8        0        32768         1024        4533.560     67108864     16777216       14.803        3.701
       float    coalesced        2        8        0        65536         1024        8693.209    134217728     33554432       15.439        3.860
       float    coalesced        2        8        0       131072         1024       17016.360    268435456     67108864       15.775        3.944
       float    coalesced        2        8        0       262144         1024       33678.606    536870912    134217728       15.941        3.985
       float    coalesced        2        8        0       524288         1024       66995.591   1073741824    268435456       16.027        4.007
       float    coalesced        2        8        0      1048576         1024      133582.053   2147483648    536870912       16.076        4.019
       float    coalesced        2        8        0      2097152         1024      266743.334   4294967296   1073741824       16.101        4.025
       float    coalesced        2        8        0      4194304         1024      533084.723   8589934592   2147483648       16.114        4.028
       float    coalesced        2        8        0      8388608         1024     1065651.279  17179869184   4294967296       16.121        4.030
       float    coalesced        2        8        0     16777216         1024     2130946.044  34359738368   8589934592       16.124        4.031
