        type trial_config ert_flop   unroll  buffers        nsize       trials       microsecs        bytes        flops         GB/s         GF/s
       float    coalesced        8        2        0            8      2097152      281095.426     33554432     33554432        0.119        0.119
       float    coalesced        8        2        0           16      1048576      145103.944     33554432     33554432        0.231        0.231
       float    coalesced        8        2        0           32       524288       77144.120     33554432     33554432        0.435        0.435
       float    coalesced        8        2        0           64       262144       43099.758     33554432     33554432        0.779        0.779
       float    coalesced        8        2        0          128       131072       26100.439     33554432     33554432        1.286        1.286
       float    coalesced        8        2        0          256        65536       17645.258     33554432     33554432        1.902        1.902
       float    coalesced        8        2        0          512        32768       13373.271     33554432     33554432        2.509        2.509
       float    coalesced        8        2        0         1024        16384       11215.398     33554432     33554432        2.992        2.992
       float    coalesced        8        2        0         2048         8192       10170.385     33554432     33554432        3.299        3.299
       float    coalesced        8        2        0         4096         4096        9650.192     33554432     33554432        3.477        3.477
       float    coalesced        8        2        0         8192         2048        9367.362     33554432     33554432        3.582        3.582
       float    coalesced        8        2        0        16384         1024        9203.968     33554432     33554432        3.646        3.646
       float    coalesced        8        2        0        32768         1024       18020.810     67108864     67108864        3.724        3.724
       float    coalesced        8        2        0        65536         1024       35555.619    134217728    134217728        3.775        3.775
       float    coalesced        8        2        0       131072         1024       70700.936    268435456    268435456        3.797        3.797
       float    coalesced        8        2        0       262144         1024      140846.056    536870912    536870912        3.812        3.812
       float    coalesced        8        2        0       524288         1024      281264.476   1073741824   1073741824        3.818        3.818
       float    coalesced        8        2        0      1048576         1024      562031.354   2147483648   2147483648        3.821        3.821
       float    coalesced        8        2        0      2097152         1024     1123646.459   4294967296   4294967296        3.822        3.822
       float    coalesced        8        2        0      4194304         1024     2246758.940   8589934592   8589934592        3.823        3.823
       float    coalesced        8        2        0      8388608         1024     4493183.053  17179869184  17179869184        3.824        3.824
       float    coalesced        8        2        0     16777216         1024     8985895.544  34359738368  34359738368        3.824        3.824
