        type trial_config ert_flop   unroll  buffers        nsize       trials       microsecs        bytes        flops         GB/s         GF/s
       float    coalesced        1        8        0           32       524288       34987.574     33554432      4194304        0.959        0.120
       float    coalesced        1        8        0           64       262144       18672.622     33554432      4194304        1.797        0.225
       float    coalesced        1        8        0          128       131072       10520.717     33554432      4194304        3.189        0.399
       float    coalesced        1        8        0          256        65536        6484.970     33554432      4194304        5.174        0.647
       float    coalesced        1        8        0          512        32768        4384.249     33554432      4194304        7.653        0.957
       float    coalesced        1        8        0         1024        16384        3359.927     33554432      4194304        9.987        1.248
       float    coalesced        1        8        0         2048         8192        2890.879     33554432      4194304       11.607        1.451
       float    coalesced        1        8        0         4096         4096        2594.633     33554432      4194304       12.932        1.617
       float    coalesced        1        8        0         8192         2048        2488.210     33554432      4194304       13.485        1.686
       float    coalesced        1        8        0        16384         1024        2426.325     33554432      4194304       13.829        1.729
       float    coalesced        1        8        0        32768         1024        4614.786     67108864      8388608       14.542        1.818
       float    coalesced        1        8        0        65536         1024        8951.754    134217728     16777216       14.993        1.874
       float    coalesced        1        8        0       131072         1024       17601.010    268435456     33554432       15.251        1.906
       float    coalesced        1        8        0       262144         1024       34938.882    536870912     67108864       15.366        1.921
       float    coalesced        1        8        0       524288         1024       69603.651   1073741824    134217728       15.427        1.928
       float    coalesced        1        8        0      1048576         1024      138929.593   2147483648    268435456       15.457        1.932
       float    coalesced        1        8        0      2097152         1024      277609.138   4294967296    536870912       15.471        1.934
       float    coalesced        1        8        0      4194304         1024      554948.663   8589934592   1073741824       15.479        1.935
       float    coalesced        1        8        0      8388608         1024     1109561.408  17179869184   2147483648       15.483        1.935
       float    coalesced        1        8        0     16777216         1024     2218782.932  34359738368   4294967296       15.486        1.936
