        type trial_config ert_flop   unroll  buffers        nsize       trials       microsecs        bytes        flops         GB/s         GF/s
      double    coalesced       82        2        2           32     67108864   354770412.209   4294967296  22011707392        0.012        0.062
      double    coalesced       82        2        2           64     67108864   355839411.908   8589934592  44023414784        0.024        0.124
      double    coalesced       82        2        2          128     67108864   357776214.774  17179869184  88046829568        0.048        0.246
      double    coalesced       82        2        2          256     33554432   181284194.020  17179869184  88046829568        0.095        0.486
      double    coalesced       82        2        2          512     16777216    92419657.997  17179869184  88046829568        0.186        0.953
      double    coalesced       82        2        2         1024      8388608    47465350.580  17179869184  88046829568        0.362        1.855
      double    coalesced       82        2        2         2048      4194304    24705840.172  17179869184  88046829568        0.695        3.564
      double    coalesced       82        2        2         4096      2097152    13093217.358  17179869184  88046829568        1.312        6.725
      double    coalesced       82        2        2         8192      1048576     7160650.269  17179869184  88046829568        2.399       12.296
      double    coalesced       82        2        2        16384       524288     4223600.768  17179869184  88046829568        4.068       20.846
      double    coalesced       82        2        2        32768       262144     2762342.451  17179869184  88046829568        6.219       31.874
      double    coalesced       82        2        2        65536       131072     2046163.480  17179869184  88046829568        8.396       43.030
      double    coalesced       82        2        2       131072        65536     1648422.654  17179869184  88046829568       10.422       53.413
      double    coalesced       82        2        2       262144        32768     1461672.008  17179869184  88046829568       11.754       60.237
      double    coalesced       82        2        2       524288        16384     1367678.027  17179869184  88046829568       12.561       64.377
      double    coalesced       82        2        2      1048576         8192     1320967.594  17179869184  88046829568       13.006       66.653
      double    coalesced       82        2        2      2097152         4096     1297545.317  17179869184  88046829568       13.240       67.856
      double    coalesced       82        2        2      4194304         2048     1285918.369  17179869184  88046829568       13.360       68.470
      double    coalesced       82        2        2      8388608         1024     1280147.112  17179869184  88046829568       13.420       68.779
      double    coalesced       82        2        2     16777216          512     1277177.041  17179869184  88046829568       13.451       68.939
      double    coalesced       82        2        2     33554432          256     1275727.870  17179869184  88046829568       13.467       69.017
      double    coalesced       82        2        2     67108864          128     1275023.483  17179869184  88046829568       13.474       69.055
      double    coalesced       82        2        2    134217728           64     1274629.968  17179869184  88046829568       13.478       69.076
      double    coalesced       82        2        2    268435456           32     1274444.912  17179869184  88046829568       13.480       69.086
      double    coalesced       82        2        2    536870912           16     1274362.205  17179869184  88046829568       13.481       69.091
      double    coalesced       82        2        2   1073741824            8     1274351.672  17179869184  88046829568       13.481       69.091
      double    coalesced       82        2        2   2147483648            4     1274313.003  17179869184  88046829568       13.482       69.094
      double    coalesced       82        2        2   4294967296            2     1274294.861  17179869184  88046829568       13.482       69.095
      double    coalesced       82        2        2   8588886016            1     1274202.065  17177772032  88036081664       13.481       69.091
