        type trial_config ert_flop   unroll  buffers        nsize       trials       microsecs        bytes        flops         GB/s         GF/s
       float    coalesced       64       32        1          128     33554432    20713343.715   8589934592  68719476736        0.415        3.318
       float    coalesced       64       32        1          256     16777216    16366316.782   8589934592  68719476736        0.525        4.199
       float    coalesced       64       32        1          512      8388608     8298539.641   8589934592  68719476736        1.035        8.281
       float    coalesced       64       32        1         1024      4194304     4364655.717   8589934592  68719476736        1.968       15.745
       float    coalesced       64       32        1         2048      2097152     2338415.724   8589934592  68719476736        3.673       29.387
       float    coalesced       64       32        1         4096      1048576     1212674.238   8589934592  68719476736        7.083       56.668
       float    coalesced       64       32        1         8192       524288      682312.753   8589934592  68719476736       12.589      100.716
       float    coalesced       64       32        1        16384       262144      409587.726   8589934592  68719476736       20.972      167.777
       float    coalesced       64       32        1        32768       131072      274130.574   8589934592  68719476736       31.335      250.682
       float    coalesced       64       32        1        65536        65536      206240.330   8589934592  68719476736       41.650      333.201
       float    coalesced       64       32        1       131072        32768      172760.961   8589934592  68719476736       49.722      397.772
       float    coalesced       64       32        1       262144        16384      160220.279   8589934592  68719476736       53.613      428.906
       float    coalesced       64       32        1       524288         8192      154083.375   8589934592  68719476736       55.749      445.989
       float    coalesced       64       32        1      1048576         4096      151391.218   8589934592  68719476736       56.740      453.920
       float    coalesced       64       32        1      2097152         2048      149781.215   8589934592  68719476736       57.350      458.799
       float    coalesced       64       32        1      4194304         1024      149092.458   8589934592  68719476736       57.615      460.919
       float    coalesced       64       32        1      8388608          512      148671.916   8589934592  68719476736       57.778      462.222
       float    coalesced       64       32        1     16777216          256      148486.581   8589934592  68719476736       57.850      462.799
       float    coalesced       64       32        1     33554432          128      148345.348   8589934592  68719476736       57.905      463.240
       float    coalesced       64       32        1     67108864           64      148300.993   8589934592  68719476736       57.922      463.378
       float    coalesced       64       32        1    134217728           32      148335.163   8589934592  68719476736       57.909      463.272
       float    coalesced       64       32        1    268435456           16      148254.485   8589934592  68719476736       57.940      463.524
       float    coalesced       64       32        1    536870912            8      148295.078   8589934592  68719476736       57.925      463.397
       float    coalesced       64       32        1   1073741824            4      148389.911   8589934592  68719476736       57.888      463.101
       float    coalesced       64       32        1   2147483648            2      148305.354   8589934592  68719476736       57.921      463.365
       float    coalesced       64       32        1   4293918720            1      148284.169   8587837440  68702699520       57.915      463.318
