        type trial_config ert_flop   unroll  buffers        nsize       trials       microsecs        bytes        flops         GB/s         GF/s
       float    coalesced        2      128        2         1024      8388608     4685476.318  17179869184   4294967296        3.667        0.917
       float    coalesced        2      128        2         2048      4194304     2728144.735  17179869184   4294967296        6.297        1.574
       float    coalesced        2      128        2         4096      2097152     1637149.962  17179869184   4294967296       10.494        2.623
       float    coalesced        2      128        2         8192      1048576     1114724.277  17179869184   4294967296       15.412        3.853
       float    coalesced        2      128        2        16384       524288      841050.862  17179869184   4294967296       20.427        5.107
       float    coalesced        2      128        2        32768       262144      716474.425  17179869184   4294967296       23.978        5.995
       float    coalesced        2      128        2        65536       131072      656510.814  17179869184   4294967296       26.168        6.542
       float    coalesced        2      128        2       131072        65536      623123.857  17179869184   4294967296       27.571        6.893
       float    coalesced        2      128        2       262144        32768      605697.670  17179869184   4294967296       28.364        7.091
       float    coalesced        2      128        2       524288        16384      597211.588  17179869184   4294967296       28.767        7.192
       float    coalesced        2      128        2      1048576         8192      592365.420  17179869184   4294967296       29.002        7.251
       float    coalesced        2      128        2      2097152         4096      590274.141  17179869184   4294967296       29.105        7.276
       float    coalesced        2      128        2      4194304         2048      589119.655  17179869184   4294967296       29.162        7.290
       float    coalesced        2      128        2      8388608         1024      588652.878  17179869184   4294967296       29.185        7.296
       float    coalesced        2      128        2     16777216          512      588351.834  17179869184   4294967296       29.200        7.300
       float    coalesced        2      128        2     33554432          256      588178.145  17179869184   4294967296       29.209        7.302
       float    coalesced        2      128        2     67108864          128      588138.836  17179869184   4294967296       29.211        7.303
       float    coalesced        2      128        2    134217728           64      588091.543  17179869184   4294967296       29.213        7.303
       float    coalesced        2      128        2    268435456           32      588068.279  17179869184   4294967296       29.214        7.304
       float    coalesced        2      128        2    536870912           16      588143.618  17179869184   4294967296       29.210        7.303
       float    coalesced        2      128        2   1073741824            8      588085.231  17179869184   4294967296       29.213        7.303
       float    coalesced        2      128        2   2147483648            4      588059.317  17179869184   4294967296       29.215        7.304
       float    coalesced        2      128        2   4294967296            2      588089.911  17179869184   4294967296       29.213        7.303
       float    coalesced        2      128        2   8588886016            1      587996.047  17177772032   4294443008       29.214        7.304
