        type trial_config ert_flop   unroll  buffers        nsize       trials       microsecs        bytes        flops         GB/s         GF/s
       float    coalesced       16       64        2          512     16777216    10072083.224  17179869184  34359738368        1.706        3.411
       float    coalesced       16       64        2         1024      8388608     5455823.975  17179869184  34359738368        3.149        6.298
       float    coalesced       16       64        2         2048      4194304     3045242.770  17179869184  34359738368        5.642       11.283
       float    coalesced       16       64        2         4096      2097152     1757785.569  17179869184  34359738368        9.774       19.547
       float    coalesced       16       64        2         8192      1048576     1166840.853  17179869184  34359738368       14.723       29.447
       float    coalesced       16       64        2        16384       524288      832377.138  17179869184  34359738368       20.640       41.279
       float    coalesced       16       64        2        32768       262144      688428.903  17179869184  34359738368       24.955       49.910
       float    coalesced       16       64        2        65536       131072      630265.853  17179869184  34359738368       27.258       54.516
       float    coalesced       16       64        2       131072        65536      589582.625  17179869184  34359738368       29.139       58.278
       float    coalesced       16       64        2       262144        32768      576677.501  17179869184  34359738368       29.791       59.582
       float    coalesced       16       64        2       524288        16384      569985.761  17179869184  34359738368       30.141       60.282
       float    coalesced       16       64        2      1048576         8192      566421.274  17179869184  34359738368       30.331       60.661
       float    coalesced       16       64        2      2097152         4096      564578.818  17179869184  34359738368       30.430       60.859
       float    coalesced       16       64        2      4194304         2048      563622.464  17179869184  34359738368       30.481       60.962
       float    coalesced       16       64        2      8388608         1024      563145.656  17179869184  34359738368       30.507       61.014
       float    coalesced       16       64        2     16777216          512      562843.263  17179869184  34359738368       30.523       61.047
       float    coalesced       16       64        2     33554432          256      562670.540  17179869184  34359738368       30.533       61.065
       float    coalesced       16       64        2     67108864          128      562613.056  17179869184  34359738368       30.536       61.072
       float    coalesced       16       64        2    134217728           64      562631.109  17179869184  34359738368       30.535       61.070
       float    coalesced       16       64        2    268435456           32      562472.518  17179869184  34359738368       30.543       61.087
       float    coalesced       16       64        2    536870912           16      562538.711  17179869184  34359738368       30.540       61.080
       float    coalesced       16       64        2   1073741824            8      562459.900  17179869184  34359738368       30.544       61.088
       float    coalesced       16       64        2   2147483648            4      561769.817  17179869184  34359738368       30.582       61.163
       float    coalesced       16       64        2   4294967296            2      562479.158  17179869184  34359738368       30.543       61.086
       float    coalesced       16       64        2   8588886016            1      563133.705  17177772032  34355544064       30.504       61.008
