        type trial_config ert_flop   unroll  buffers        nsize       trials       microsecs        bytes        flops         GB/s         GF/s
      double    coalesced        9       16        2          256     33554432    31132043.224  17179869184   9663676416        0.552        0.310
      double    coalesced        9       16        2          512     16777216    16366408.530  17179869184   9663676416        1.050        0.590
      double    coalesced        9       16        2         1024      8388608     8447445.655  17179869184   9663676416        2.034        1.144
      double    coalesced        9       16        2         2048      4194304     4676475.487  17179869184   9663676416        3.674        2.066
      double    coalesced        9       16        2         4096      2097152     2593120.549  17179869184   9663676416        6.625        3.727
      double    coalesced        9       16        2         8192      1048576     1575533.857  17179869184   9663676416       10.904        6.134
      double    coalesced        9       16        2        16384       524288     1061788.678  17179869184   9663676416       16.180        9.101
      double    coalesced        9       16        2        32768       262144      818828.411  17179869184   9663676416       20.981       11.802
      double    coalesced        9       16        2        65536       131072      689193.445  17179869184   9663676416       24.927       14.022
      double    coalesced        9       16        2       131072        65536      632247.747  17179869184   9663676416       27.173       15.285
      double    coalesced        9       16        2       262144        32768      600182.744  17179869184   9663676416       28.624       16.101
      double    coalesced        9       16        2       524288        16384      585042.414  17179869184   9663676416       29.365       16.518
      double    coalesced        9       16        2      1048576         8192      576519.564  17179869184   9663676416       29.799       16.762
      double    coalesced        9       16        2      2097152         4096      575019.061  17179869184   9663676416       29.877       16.806
      double    coalesced        9       16        2      4194304         2048      570930.535  17179869184   9663676416       30.091       16.926
      double    coalesced        9       16        2      8388608         1024      569945.707  17179869184   9663676416       30.143       16.955
      double    coalesced        9       16        2     16777216          512      569451.464  17179869184   9663676416       30.169       16.970
      double    coalesced        9       16        2     33554432          256      569250.837  17179869184   9663676416       30.180       16.976
      double    coalesced        9       16        2     67108864          128      569122.303  17179869184   9663676416       30.187       16.980
      double    coalesced        9       16        2    134217728           64      569003.141  17179869184   9663676416       30.193       16.984
      double    coalesced        9       16        2    268435456           32      568988.250  17179869184   9663676416       30.194       16.984
      double    coalesced        9       16        2    536870912           16      568948.806  17179869184   9663676416       30.196       16.985
      double    coalesced        9       16        2   1073741824            8      569013.602  17179869184   9663676416       30.192       16.983
      double    coalesced        9       16        2   2147483648            4      568949.001  17179869184   9663676416       30.196       16.985
      double    coalesced        9       16        2   4294967296            2      568945.952  17179869184   9663676416       30.196       16.985
      double    coalesced        9       16        2   8588886016            1      568903.839  17177772032   9662496768       30.195       16.984
