        type trial_config ert_flop   unroll  buffers        nsize       trials       microsecs        bytes        flops         GB/s         GF/s
       float    coalesced        2        2        0            8      2097152      170240.445     33554432      8388608        0.197        0.049
       float    coalesced        2        2        0           16      1048576       89525.160     33554432      8388608        0.375        0.094
       float    coalesced        2        2        0           32       524288       49131.902     33554432      8388608        0.683        0.171
       float    coalesced        2        2        0           64       262144       28954.268     33554432      8388608        1.159        0.290
       float    coalesced        2        2        0          128       131072       18853.890     33554432      8388608        1.780        0.445
       float    coalesced        2        2        0          256        65536       13803.604     33554432      8388608        2.431        0.608
       float    coalesced        2        2        0          512        32768       11301.068     33554432      8388608        2.969        0.742
       float    coalesced        2        2        0         1024        16384       10023.189     33554432      8388608        3.348        0.837
       float    coalesced        2        2        0         2048         8192        9376.187     33554432      8388608        3.579        0.895
       float    coalesced        2        2        0         4096         4096        9101.637     33554432      8388608        3.687        0.922
       float    coalesced        2        2        0         8192         2048        8942.494     33554432      8388608        3.752        0.938
       float    coalesced        2        2        0        16384         1024        8865.943     33554432      8388608        3.785        0.946
       float    coalesced        2        2        0        32768         1024       17342.956     67108864     16777216        3.870        0.967
       float    coalesced        2        2        0        65536         1024       34295.532    134217728     33554432        3.914        0.978
       float    coalesced        2        2        0       131072         1024       68281.111    268435456     67108864        3.931        0.983
       float    coalesced        2        2        0       262144         1024      136180.360    536870912    134217728        3.942        0.986
       float    coalesced        2        2        0       524288         1024      272067.528   1073741824    268435456        3.947        0.987
       float    coalesced        2        2        0      1048576         1024      543780.051   2147483648    536870912        3.949        0.987
       float    coalesced        2        2        0      2097152         1024     1087186.319   4294967296   1073741824        3.951        0.988
       float    coalesced        2        2        0      4194304         1024     2173967.438   8589934592   2147483648        3.951        0.988
       float    coalesced        2        2        0      8388608         1024     4347514.796  17179869184   4294967296        3.952        0.988
       float    coalesced        2        2        0     16777216         1024     8694647.111  34359738368   8589934592        3.952        0.988
