        type trial_config ert_flop   unroll  buffers        nsize       trials       microsecs        bytes        flops         GB/s         GF/s
       float    coalesced       32        4        2           32     67108864    47610495.014   4294967296  17179869184        0.090        0.361
       float    coalesced       32        4        2           64     67108864    47610432.274   8589934592  34359738368        0.180        0.722
       float    coalesced       32        4        2          128     67108864    49951162.591  17179869184  68719476736        0.344        1.376
       float    coalesced       32        4        2          256     33554432    26185917.913  17179869184  68719476736        0.656        2.624
       float    coalesced       32        4        2          512     16777216    14959789.333  17179869184  68719476736        1.148        4.594
       float    coalesced       32        4        2         1024      8388608     8618315.382  17179869184  68719476736        1.993        7.974
       float    coalesced       32        4        2         2048      4194304     5455851.282  17179869184  68719476736        3.149       12.596
       float    coalesced       32        4        2         4096      2097152     3273615.327  17179869184  68719476736        5.248       20.992
       float    coalesced       32        4        2         8192      1048576     2232165.008  17179869184  68719476736        7.697       30.786
       float    coalesced       32        4        2        16384       524288     1701465.013  17179869184  68719476736       10.097       40.388
       float    coalesced       32        4        2        32768       262144     1444539.632  17179869184  68719476736       11.893       47.572
       float    coalesced       32        4        2        65536       131072     1315591.509  17179869184  68719476736       13.059       52.235
       float    coalesced       32        4        2       131072        65536     1251656.685  17179869184  68719476736       13.726       54.903
       float    coalesced       32        4        2       262144        32768     1218842.863  17179869184  68719476736       14.095       56.381
       float    coalesced       32        4        2       524288        16384     1202910.156  17179869184  68719476736       14.282       57.128
       float    coalesced       32        4        2      1048576         8192     1194703.850  17179869184  68719476736       14.380       57.520
       float    coalesced       32        4        2      2097152         4096     1190403.959  17179869184  68719476736       14.432       57.728
       float    coalesced       32        4        2      4194304         2048     1188110.454  17179869184  68719476736       14.460       57.839
       float    coalesced       32        4        2      8388608         1024     1186965.909  17179869184  68719476736       14.474       57.895
       float    coalesced       32        4        2     16777216          512     1186387.080  17179869184  68719476736       14.481       57.923
       float    coalesced       32        4        2     33554432          256     1186079.696  17179869184  68719476736       14.485       57.938
       float    coalesced       32        4        2     67108864          128     1185950.428  17179869184  68719476736       14.486       57.945
       float    coalesced       32        4        2    134217728           64     1185877.087  17179869184  68719476736       14.487       57.948
       float    coalesced       32        4        2    268435456           32     1185750.175  17179869184  68719476736       14.489       57.954
       float    coalesced       32        4        2    536870912           16     1185771.524  17179869184  68719476736       14.488       57.953
       float    coalesced       32        4        2   1073741824            8     1185803.604  17179869184  68719476736       14.488       57.952
       float    coalesced       32        4        2   2147483648            4     1185764.767  17179869184  68719476736       14.488       57.954
       float    coalesced       32        4        2   4294967296            2     1185807.246  17179869184  68719476736       14.488       57.952
       float    coalesced       32        4        2   8588886016            1     1185653.162  17177772032  68711088128       14.488       57.952
