        type trial_config ert_flop   unroll  buffers        nsize       trials       microsecs        bytes        flops         GB/s         GF/s
       float    coalesced       32       16        2          128     67108864    47610379.794  17179869184  68719476736        0.361        1.443
       float    coalesced       32       16        2          256     33554432    24246276.614  17179869184  68719476736        0.709        2.834
       float    coalesced       32       16        2          512     16777216    13093167.633  17179869184  68719476736        1.312        5.248
       float    coalesced       32       16        2         1024      8388608     7015318.195  17179869184  68719476736        2.449        9.796
       float    coalesced       32       16        2         2048      4194304     3939638.627  17179869184  68719476736        4.361       17.443
       float    coalesced       32       16        2         4096      2097152     2115429.299  17179869184  68719476736        8.121       32.485
       float    coalesced       32       16        2         8192      1048576     1364238.172  17179869184  68719476736       12.593       50.372
       float    coalesced       32       16        2        16384       524288      962886.261  17179869184  68719476736       17.842       71.368
       float    coalesced       32       16        2        32768       262144      760244.338  17179869184  68719476736       22.598       90.391
       float    coalesced       32       16        2        65536       131072      666087.586  17179869184  68719476736       25.792      103.169
       float    coalesced       32       16        2       131072        65536      614146.770  17179869184  68719476736       27.974      111.894
       float    coalesced       32       16        2       262144        32768      589622.047  17179869184  68719476736       29.137      116.548
       float    coalesced       32       16        2       524288        16384      578410.178  17179869184  68719476736       29.702      118.808
       float    coalesced       32       16        2      1048576         8192      575654.849  17179869184  68719476736       29.844      119.376
       float    coalesced       32       16        2      2097152         4096      572321.675  17179869184  68719476736       30.018      120.071
       float    coalesced       32       16        2      4194304         2048      571215.189  17179869184  68719476736       30.076      120.304
       float    coalesced       32       16        2      8388608         1024      570687.283  17179869184  68719476736       30.104      120.415
       float    coalesced       32       16        2     16777216          512      570419.941  17179869184  68719476736       30.118      120.472
       float    coalesced       32       16        2     33554432          256      570258.456  17179869184  68719476736       30.126      120.506
       float    coalesced       32       16        2     67108864          128      570211.438  17179869184  68719476736       30.129      120.516
       float    coalesced       32       16        2    134217728           64      570173.163  17179869184  68719476736       30.131      120.524
       float    coalesced       32       16        2    268435456           32      570201.819  17179869184  68719476736       30.129      120.518
       float    coalesced       32       16        2    536870912           16      570242.565  17179869184  68719476736       30.127      120.509
       float    coalesced       32       16        2   1073741824            8      570167.455  17179869184  68719476736       30.131      120.525
       float    coalesced       32       16        2   2147483648            4      570184.525  17179869184  68719476736       30.130      120.521
       float    coalesced       32       16        2   4294967296            2      570203.187  17179869184  68719476736       30.129      120.518
       float    coalesced       32       16        2   8588886016            1      570050.328  17177772032  68711088128       30.134      120.535
