        type trial_config ert_flop   unroll  buffers        nsize       trials       microsecs        bytes        flops         GB/s         GF/s
       float    coalesced        2        4        2           32     67108864    30737180.755   4294967296   1073741824        0.140        0.035
       float    coalesced        2        4        2           64     67108864    30959809.718   8589934592   2147483648        0.277        0.069
       float    coalesced        2        4        2          128     67108864    32732360.994  17179869184   4294967296        0.525        0.131
       float    coalesced        2        4        2          256     33554432    18460695.207  17179869184   4294967296        0.931        0.233
       float    coalesced        2        4        2          512     16777216    10911071.753  17179869184   4294967296        1.575        0.394
       float    coalesced        2        4        2         1024      8388608     6546884.594  17179869184   4294967296        2.624        0.656
       float    coalesced        2        4        2         2048      4194304     4155974.471  17179869184   4294967296        4.134        1.033
       float    coalesced        2        4        2         4096      2097152     2728162.606  17179869184   4294967296        6.297        1.574
       float    coalesced        2        4        2         8192      1048576     1948772.417  17179869184   4294967296        8.816        2.204
       float    coalesced        2        4        2        16384       524288     1541133.677  17179869184   4294967296       11.148        2.787
       float    coalesced        2        4        2        32768       262144     1364348.473  17179869184   4294967296       12.592        3.148
       float    coalesced        2        4        2        65536       131072     1269637.038  17179869184   4294967296       13.531        3.383
       float    coalesced        2        4        2       131072        65536     1221805.452  17179869184   4294967296       14.061        3.515
       float    coalesced        2        4        2       262144        32768     1193853.564  17179869184   4294967296       14.390        3.598
       float    coalesced        2        4        2       524288        16384     1183197.271  17179869184   4294967296       14.520        3.630
       float    coalesced        2        4        2      1048576         8192     1176139.145  17179869184   4294967296       14.607        3.652
       float    coalesced        2        4        2      2097152         4096     1172541.587  17179869184   4294967296       14.652        3.663
       float    coalesced        2        4        2      4194304         2048     1171255.132  17179869184   4294967296       14.668        3.667
       float    coalesced        2        4        2      8388608         1024     1170364.037  17179869184   4294967296       14.679        3.670
       float    coalesced        2        4        2     16777216          512     1169933.389  17179869184   4294967296       14.684        3.671
       float    coalesced        2        4        2     33554432          256     1169715.872  17179869184   4294967296       14.687        3.672
       float    coalesced        2        4        2     67108864          128     1169616.527  17179869184   4294967296       14.688        3.672
       float    coalesced        2        4        2    134217728           64     1169627.495  17179869184   4294967296       14.688        3.672
       float    coalesced        2        4        2    268435456           32     1169566.719  17179869184   4294967296       14.689        3.672
       float    coalesced        2        4        2    536870912           16     1169540.047  17179869184   4294967296       14.689        3.672
       float    coalesced        2        4        2   1073741824            8     1169518.737  17179869184   4294967296       14.690        3.672
       float    coalesced        2        4        2   2147483648            4     1173353.279  17179869184   4294967296       14.642        3.660
       float    coalesced        2        4        2   4294967296            2     1169516.440  17179869184   4294967296       14.690        3.672
       float    coalesced        2        4        2   8588886016            1     1169407.566  17177772032   4294443008       14.689        3.672
