        type trial_config ert_flop   unroll  buffers        nsize       trials       microsecs        bytes        flops         GB/s         GF/s
         int    coalesced        1      128        2         1024      8388608     5036262.449  17179869184   2147483648        3.411        0.426
         int    coalesced        1      128        2         2048      4194304     2780644.460  17179869184   2147483648        6.178        0.772
         int    coalesced        1      128        2         4096      2097152     1637266.205  17179869184   2147483648       10.493        1.312
         int    coalesced        1      128        2         8192      1048576     1107874.117  17179869184   2147483648       15.507        1.938
         int    coalesced        1      128        2        16384       524288      818909.954  17179869184   2147483648       20.979        2.622
         int    coalesced        1      128        2        32768       262144      682539.778  17179869184   2147483648       25.171        3.146
         int    coalesced        1      128        2        65536       131072      636094.563  17179869184   2147483648       27.008        3.376
         int    coalesced        1      128        2       131072        65536      601628.070  17179869184   2147483648       28.556        3.569
         int    coalesced        1      128        2       262144        32768      583476.004  17179869184   2147483648       29.444        3.681
         int    coalesced        1      128        2       524288        16384      575649.924  17179869184   2147483648       29.844        3.731
         int    coalesced        1      128        2      1048576         8192      570476.716  17179869184   2147483648       30.115        3.764
         int    coalesced        1      128        2      2097152         4096      568284.203  17179869184   2147483648       30.231        3.779
         int    coalesced        1      128        2      4194304         2048      567323.609  17179869184   2147483648       30.282        3.785
         int    coalesced        1      128        2      8388608         1024      566677.401  17179869184   2147483648       30.317        3.790
         int    coalesced        1      128        2     16777216          512      566659.946  17179869184   2147483648       30.318        3.790
         int    coalesced        1      128        2     33554432          256      566556.605  17179869184   2147483648       30.323        3.790
         int    coalesced        1      128        2     67108864          128      566473.550  17179869184   2147483648       30.328        3.791
         int    coalesced        1      128        2    134217728           64      566444.446  17179869184   2147483648       30.329        3.791
         int    coalesced        1      128        2    268435456           32      566355.143  17179869184   2147483648       30.334        3.792
         int    coalesced        1      128        2    536870912           16      566224.540  17179869184   2147483648       30.341        3.793
         int    coalesced        1      128        2   1073741824            8      566208.446  17179869184   2147483648       30.342        3.793
         int    coalesced        1      128        2   2147483648            4      566242.625  17179869184   2147483648       30.340        3.793
         int    coalesced        1      128        2   4294967296            2      566271.721  17179869184   2147483648       30.339        3.792
         int    coalesced        1      128        2   8588886016            1      566174.017  17177772032   2147221504       30.340        3.793
