        type trial_config ert_flop   unroll  buffers        nsize       trials       microsecs        bytes        flops         GB/s         GF/s
      double    coalesced      159        2        1           16     67108864   587302617.336   2147483648  21340618752        0.004        0.036
      double    coalesced      159        2        1           32     67108864   589172794.210   4294967296  42681237504        0.007        0.072
      double    coalesced      159        2        1           64     67108864   589170753.137   8589934592  85362475008        0.015        0.145
      double    coalesced      159        2        1          128     33554432   296009078.583   8589934592  85362475008        0.029        0.288
      double    coalesced      159        2        1          256     16777216   149631295.986   8589934592  85362475008        0.057        0.570
      double    coalesced      159        2        1          512      8388608    76374498.844   8589934592  85362475008        0.112        1.118
      double    coalesced      159        2        1         1024      4194304    38874060.292   8589934592  85362475008        0.221        2.196
      double    coalesced      159        2        1         2048      2097152    20003113.872   8589934592  85362475008        0.429        4.267
      double    coalesced      159        2        1         4096      1048576    10638173.406   8589934592  85362475008        0.807        8.024
      double    coalesced      159        2        1         8192       524288     5845350.729   8589934592  85362475008        1.470       14.603
      double    coalesced      159        2        1        16384       262144     3478143.236   8589934592  85362475008        2.470       24.543
      double    coalesced      159        2        1        32768       131072     2301808.486   8589934592  85362475008        3.732       37.085
      double    coalesced      159        2        1        65536        65536     1696378.674   8589934592  85362475008        5.064       50.320
      double    coalesced      159        2        1       131072        32768     1395139.165   8589934592  85362475008        6.157       61.186
      double    coalesced      159        2        1       262144        16384     1244876.935   8589934592  85362475008        6.900       68.571
      double    coalesced      159        2        1       524288         8192     1168180.123   8589934592  85362475008        7.353       73.073
      double    coalesced      159        2        1      1048576         4096     1129750.267   8589934592  85362475008        7.603       75.559
      double    coalesced      159        2        1      2097152         2048     1110594.084   8589934592  85362475008        7.735       76.862
      double    coalesced      159        2        1      4194304         1024     1101045.219   8589934592  85362475008        7.802       77.529
      double    coalesced      159        2        1      8388608          512     1096300.377   8589934592  85362475008        7.835       77.864
      double    coalesced      159        2        1     16777216          256     1093864.206   8589934592  85362475008        7.853       78.038
      double    coalesced      159        2        1     33554432          128     1092670.827   8589934592  85362475008        7.861       78.123
      double    coalesced      159        2        1     67108864           64     1092060.767   8589934592  85362475008        7.866       78.166
      double    coalesced      159        2        1    134217728           32     1091746.151   8589934592  85362475008        7.868       78.189
      double    coalesced      159        2        1    268435456           16     1091692.351   8589934592  85362475008        7.868       78.193
      double    coalesced      159        2        1    536870912            8     1091544.687   8589934592  85362475008        7.870       78.203
      double    coalesced      159        2        1   1073741824            4     1091541.053   8589934592  85362475008        7.870       78.204
      double    coalesced      159        2        1   2147483648            2     1091580.904   8589934592  85362475008        7.869       78.201
      double    coalesced      159        2        1   4293918720            1     1091180.252   8587837440  85341634560        7.870       78.210
