        type trial_config ert_flop   unroll  buffers        nsize       trials       microsecs        bytes        flops         GB/s         GF/s
      double    coalesced       83        2        2           32     67108864   314225429.304   4294967296  22280142848        0.014        0.071
      double    coalesced       83        2        2           64     67108864   314234699.614   8589934592  44560285696        0.027        0.142
      double    coalesced       83        2        2          128     67108864   314906779.910  17179869184  89120571392        0.055        0.283
      double    coalesced       83        2        2          256     33554432   159390888.654  17179869184  89120571392        0.108        0.559
      double    coalesced       83        2        2          512     16777216    81830453.952  17179869184  89120571392        0.210        1.089
      double    coalesced       83        2        2         1024      8388608    41773418.801  17179869184  89120571392        0.411        2.133
      double    coalesced       83        2        2         2048      4194304    21822034.072  17179869184  89120571392        0.787        4.084
      double    coalesced       83        2        2         4096      2097152    11553178.624  17179869184  89120571392        1.487        7.714
      double    coalesced       83        2        2         8192      1048576     6365334.461  17179869184  89120571392        2.699       14.001
      double    coalesced       83        2        2        16384       524288     3776222.250  17179869184  89120571392        4.549       23.600
      double    coalesced       83        2        2        32768       262144     2455587.047  17179869184  89120571392        6.996       36.293
      double    coalesced       83        2        2        65536       131072     1790778.283  17179869184  89120571392        9.594       49.766
      double    coalesced       83        2        2       131072        65536     1461513.592  17179869184  89120571392       11.755       60.978
      double    coalesced       83        2        2       262144        32768     1293287.469  17179869184  89120571392       13.284       68.910
      double    coalesced       83        2        2       524288        16384     1215884.924  17179869184  89120571392       14.130       73.297
      double    coalesced       83        2        2      1048576         8192     1170324.771  17179869184  89120571392       14.680       76.150
      double    coalesced       83        2        2      2097152         4096     1150067.134  17179869184  89120571392       14.938       77.492
      double    coalesced       83        2        2      4194304         2048     1139596.361  17179869184  89120571392       15.075       78.204
      double    coalesced       83        2        2      8388608         1024     1134473.942  17179869184  89120571392       15.143       78.557
      double    coalesced       83        2        2     16777216          512     1131901.321  17179869184  89120571392       15.178       78.735
      double    coalesced       83        2        2     33554432          256     1130638.411  17179869184  89120571392       15.195       78.823
      double    coalesced       83        2        2     67108864          128     1129998.307  17179869184  89120571392       15.203       78.868
      double    coalesced       83        2        2    134217728           64     1129651.417  17179869184  89120571392       15.208       78.892
      double    coalesced       83        2        2    268435456           32     1129466.267  17179869184  89120571392       15.211       78.905
      double    coalesced       83        2        2    536870912           16     1129372.085  17179869184  89120571392       15.212       78.912
      double    coalesced       83        2        2   1073741824            8     1129281.721  17179869184  89120571392       15.213       78.918
      double    coalesced       83        2        2   2147483648            4     1129377.799  17179869184  89120571392       15.212       78.911
      double    coalesced       83        2        2   4294967296            2     1129210.116  17179869184  89120571392       15.214       78.923
      double    coalesced       83        2        2   8588886016            1     1129065.508  17177772032  89109692416       15.214       78.923
