        type trial_config ert_flop   unroll  buffers        nsize       trials       microsecs        bytes        flops         GB/s         GF/s
       float    coalesced       64        4        2           32     67108864    62845551.276   4294967296  34359738368        0.068        0.547
       float    coalesced       64        4        2           64     67108864    65464029.870   8589934592  68719476736        0.131        1.050
       float    coalesced       64        4        2          128     67108864    65464045.228  17179869184 137438953472        0.262        2.099
       float    coalesced       64        4        2          256     33554432    34914349.782  17179869184 137438953472        0.492        3.936
       float    coalesced       64        4        2          512     16777216    18898570.958  17179869184 137438953472        0.909        7.272
       float    coalesced       64        4        2         1024      8388608    10911081.471  17179869184 137438953472        1.575       12.596
       float    coalesced       64        4        2         2048      4194304     6235165.376  17179869184 137438953472        2.755       22.043
       float    coalesced       64        4        2         4096      2097152     3663471.792  17179869184 137438953472        4.690       37.516
       float    coalesced       64        4        2         8192      1048576     2428338.036  17179869184 137438953472        7.075       56.598
       float    coalesced       64        4        2        16384       524288     1801572.554  17179869184 137438953472        9.536       76.288
       float    coalesced       64        4        2        32768       262144     1477961.744  17179869184 137438953472       11.624       92.992
       float    coalesced       64        4        2        65536       131072     1323263.298  17179869184 137438953472       12.983      103.864
       float    coalesced       64        4        2       131072        65536     1244136.995  17179869184 137438953472       13.809      110.469
       float    coalesced       64        4        2       262144        32768     1206321.849  17179869184 137438953472       14.242      113.932
       float    coalesced       64        4        2       524288        16384     1188112.467  17179869184 137438953472       14.460      115.678
       float    coalesced       64        4        2      1048576         8192     1178780.416  17179869184 137438953472       14.574      116.594
       float    coalesced       64        4        2      2097152         4096     1174168.965  17179869184 137438953472       14.632      117.052
       float    coalesced       64        4        2      4194304         2048     1171848.505  17179869184 137438953472       14.660      117.284
       float    coalesced       64        4        2      8388608         1024     1170697.553  17179869184 137438953472       14.675      117.399
       float    coalesced       64        4        2     16777216          512     1170078.590  17179869184 137438953472       14.683      117.461
       float    coalesced       64        4        2     33554432          256     1169780.005  17179869184 137438953472       14.686      117.491
       float    coalesced       64        4        2     67108864          128     1169657.858  17179869184 137438953472       14.688      117.504
       float    coalesced       64        4        2    134217728           64     1169585.681  17179869184 137438953472       14.689      117.511
       float    coalesced       64        4        2    268435456           32     1169543.244  17179869184 137438953472       14.689      117.515
       float    coalesced       64        4        2    536870912           16     1169504.286  17179869184 137438953472       14.690      117.519
       float    coalesced       64        4        2   1073741824            8     1169516.657  17179869184 137438953472       14.690      117.518
       float    coalesced       64        4        2   2147483648            4     1169551.037  17179869184 137438953472       14.689      117.514
       float    coalesced       64        4        2   4294967296            2     1169532.375  17179869184 137438953472       14.690      117.516
       float    coalesced       64        4        2   8588886016            1     1169401.858  17177772032 137422176256       14.689      117.515
