        type trial_config ert_flop   unroll  buffers        nsize       trials       microsecs        bytes        flops         GB/s         GF/s
       float    coalesced        3      256        2         2048      4194304     3273854.978  17179869184   6442450944        5.248        1.968
       float    coalesced        3      256        2         4096      2097152     1960625.084  17179869184   6442450944        8.762        3.286
       float    coalesced        3      256        2         8192      1048576     1364314.568  17179869184   6442450944       12.592        4.722
       float    coalesced        3      256        2        16384       524288     1023308.039  17179869184   6442450944       16.789        6.296
       float    coalesced        3      256        2        32768       262144      862437.462  17179869184   6442450944       19.920        7.470
       float    coalesced        3      256        2        65536       131072      785010.144  17179869184   6442450944       21.885        8.207
       float    coalesced        3      256        2       131072        65536      746157.094  17179869184   6442450944       23.024        8.634
       float    coalesced        3      256        2       262144        32768      724961.083  17179869184   6442450944       23.698        8.887
       float    coalesced        3      256        2       524288        16384      715330.952  17179869184   6442450944       24.017        9.006
       float    coalesced        3      256        2      1048576         8192      710050.669  17179869184   6442450944       24.195        9.073
       float    coalesced        3      256        2      2097152         4096      707565.659  17179869184   6442450944       24.280        9.105
       float    coalesced        3      256        2      4194304         2048      706251.783  17179869184   6442450944       24.325        9.122
       float    coalesced        3      256        2      8388608         1024      705657.628  17179869184   6442450944       24.346        9.130
       float    coalesced        3      256        2     16777216          512      705277.473  17179869184   6442450944       24.359        9.135
       float    coalesced        3      256        2     33554432          256      705108.986  17179869184   6442450944       24.365        9.137
       float    coalesced        3      256        2     67108864          128      705056.634  17179869184   6442450944       24.367        9.137
       float    coalesced        3      256        2    134217728           64      705038.722  17179869184   6442450944       24.367        9.138
       float    coalesced        3      256        2    268435456           32      704977.429  17179869184   6442450944       24.369        9.139
       float    coalesced        3      256        2    536870912           16      704999.542  17179869184   6442450944       24.369        9.138
       float    coalesced        3      256        2   1073741824            8      704995.657  17179869184   6442450944       24.369        9.138
       float    coalesced        3      256        2   2147483648            4      704926.752  17179869184   6442450944       24.371        9.139
       float    coalesced        3      256        2   4294967296            2      704977.352  17179869184   6442450944       24.369        9.139
       float    coalesced        3      256        2   8588886016            1      704881.737  17177772032   6441664512       24.370        9.139
