        type trial_config ert_flop   unroll  buffers        nsize       trials       microsecs        bytes        flops         GB/s         GF/s
        long    coalesced        4        8        2          128     67108864    43799198.297  17179869184   4294967296        0.392        0.098
        long    coalesced        4        8        2          256     33554432    23805507.118  17179869184   4294967296        0.722        0.180
        long    coalesced        4        8        2          512     16777216    11903049.836  17179869184   4294967296        1.443        0.361
        long    coalesced        4        8        2         1024      8388608     6546951.742  17179869184   4294967296        2.624        0.656
        long    coalesced        4        8        2         2048      4194304     3637524.268  17179869184   4294967296        4.723        1.181
        long    coalesced        4        8        2         4096      2097152     2046343.133  17179869184   4294967296        8.395        2.099
        long    coalesced        4        8        2         8192      1048576     1311306.338  17179869184   4294967296       13.101        3.275
        long    coalesced        4        8        2        16384       524288      929184.218  17179869184   4294967296       18.489        4.622
        long    coalesced        4        8        2        32768       262144      743011.292  17179869184   4294967296       23.122        5.780
        long    coalesced        4        8        2        65536       131072      651954.170  17179869184   4294967296       26.351        6.588
        long    coalesced        4        8        2       131072        65536      604693.088  17179869184   4294967296       28.411        7.103
        long    coalesced        4        8        2       262144        32768      583402.627  17179869184   4294967296       29.448        7.362
        long    coalesced        4        8        2       524288        16384      575748.071  17179869184   4294967296       29.839        7.460
        long    coalesced        4        8        2      1048576         8192      572396.630  17179869184   4294967296       30.014        7.503
        long    coalesced        4        8        2      2097152         4096      570252.357  17179869184   4294967296       30.127        7.532
        long    coalesced        4        8        2      4194304         2048      569318.667  17179869184   4294967296       30.176        7.544
        long    coalesced        4        8        2      8388608         1024      568854.812  17179869184   4294967296       30.201        7.550
        long    coalesced        4        8        2     16777216          512      568579.770  17179869184   4294967296       30.215        7.554
        long    coalesced        4        8        2     33554432          256      568362.062  17179869184   4294967296       30.227        7.557
        long    coalesced        4        8        2     67108864          128      568380.580  17179869184   4294967296       30.226        7.556
        long    coalesced        4        8        2    134217728           64      568308.950  17179869184   4294967296       30.230        7.557
        long    coalesced        4        8        2    268435456           32      568291.239  17179869184   4294967296       30.231        7.558
        long    coalesced        4        8        2    536870912           16      568348.993  17179869184   4294967296       30.228        7.557
        long    coalesced        4        8        2   1073741824            8      568284.635  17179869184   4294967296       30.231        7.558
        long    coalesced        4        8        2   2147483648            4      568412.933  17179869184   4294967296       30.224        7.556
        long    coalesced        4        8        2   4294967296            2      568304.363  17179869184   4294967296       30.230        7.558
        long    coalesced        4        8        2   8588886016            1      568187.894  17177772032   4294443008       30.233        7.558
