        type trial_config ert_flop   unroll  buffers        nsize       trials       microsecs        bytes        flops         GB/s         GF/s
         int    coalesced      512        1        1            4     67108864  1178344541.049    536870912  34359738368        0.000        0.029
         int    coalesced      512        1        1            8     67108864  1178344442.155   1073741824  68719476736        0.001        0.058
         int    coalesced      512        1        1           16     67108864  1178344479.192   2147483648 137438953472        0.002        0.117
         int    coalesced      512        1        1           32     67108864  1181296808.835   4294967296 274877906944        0.004        0.233
         int    coalesced      512        1        1           64     67108864  1187213164.163   8589934592 549755813888        0.007        0.463
         int    coalesced      512        1        1          128     33554432   598524454.440   8589934592 549755813888        0.014        0.919
         int    coalesced      512        1        1          256     16777216   302769397.740   8589934592 549755813888        0.028        1.816
         int    coalesced      512        1        1          512      8388608   153697701.418   8589934592 549755813888        0.056        3.577
         int    coalesced      512        1        1         1024      4194304    79102329.935   8589934592 549755813888        0.109        6.950
         int    coalesced      512        1        1         2048      2097152    41897218.509   8589934592 549755813888        0.205       13.122
         int    coalesced      512        1        1         4096      1048576    23185459.942   8589934592 549755813888        0.370       23.711
         int    coalesced      512        1        1         8192       524288    13848573.087   8589934592 549755813888        0.620       39.698
         int    coalesced      512        1        1        16384       262144     9206356.716   8589934592 549755813888        0.933       59.715
         int    coalesced      512        1        1        32768       131072     6819562.837   8589934592 549755813888        1.260       80.615
         int    coalesced      512        1        1        65536        65536     5644055.537   8589934592 549755813888        1.522       97.404
         int    coalesced      512        1        1       131072        32768     5059937.060   8589934592 549755813888        1.698      108.649
         int    coalesced      512        1        1       262144        16384     4767743.459   8589934592 549755813888        1.802      115.307
         int    coalesced      512        1        1       524288         8192     4620843.805   8589934592 549755813888        1.859      118.973
         int    coalesced      512        1        1      1048576         4096     4547440.666   8589934592 549755813888        1.889      120.893
         int    coalesced      512        1        1      2097152         2048     4511048.614   8589934592 549755813888        1.904      121.869
         int    coalesced      512        1        1      4194304         1024     4492807.999   8589934592 549755813888        1.912      122.364
         int    coalesced      512        1        1      8388608          512     4483464.264   8589934592 549755813888        1.916      122.619
         int    coalesced      512        1        1     16777216          256     4478905.195   8589934592 549755813888        1.918      122.743
         int    coalesced      512        1        1     33554432          128     4476693.267   8589934592 549755813888        1.919      122.804
         int    coalesced      512        1        1     67108864           64     4475485.335   8589934592 549755813888        1.919      122.837
         int    coalesced      512        1        1    134217728           32     4474881.407   8589934592 549755813888        1.920      122.854
         int    coalesced      512        1        1    268435456           16     4474628.002   8589934592 549755813888        1.920      122.861
         int    coalesced      512        1        1    536870912            8     4474454.687   8589934592 549755813888        1.920      122.865
         int    coalesced      512        1        1   1073741824            4     4474493.893   8589934592 549755813888        1.920      122.864
         int    coalesced      512        1        1   2147483648            2     4474478.130   8589934592 549755813888        1.920      122.865
         int    coalesced      512        1        1   4293918720            1     4473319.789   8587837440 549621596160        1.920      122.867
