        type trial_config ert_flop   unroll  buffers        nsize       trials       microsecs        bytes        flops         GB/s         GF/s
       float    coalesced        8        8        0           32       524288       68344.696     33554432     33554432        0.491        0.491
       float    coalesced        8        8        0           64       262144       35328.742     33554432     33554432        0.950        0.950
       float    coalesced        8        8        0          128       131072       18930.796     33554432     33554432        1.772        1.772
       float    coalesced        8        8        0          256        65536       10661.047     33554432     33554432        3.147        3.147
       float    coalesced        8        8        0          512        32768        6521.586     33554432     33554432        5.145        5.145
       float    coalesced        8        8        0         1024        16384        4452.748     33554432     33554432        7.536        7.536
       float    coalesced        8        8        0         2048         8192        3411.691     33554432     33554432        9.835        9.835
       float    coalesced        8        8        0         4096         4096        2921.821     33554432     33554432       11.484       11.484
       float    coalesced        8        8        0         8192         2048        2614.622     33554432     33554432       12.833       12.833
       float    coalesced        8        8        0        16384         1024        2496.435     33554432     33554432       13.441       13.441
       float    coalesced        8        8        0        32768         1024        4614.742     67108864     67108864       14.542       14.542
       float    coalesced        8        8        0        65536         1024        8862.282    134217728    134217728       15.145       15.145
       float    coalesced        8        8        0       131072         1024       17430.278    268435456    268435456       15.401       15.401
       float    coalesced        8        8        0       262144         1024       34382.324    536870912    536870912       15.615       15.615
       float    coalesced        8        8        0       524288         1024       68353.174   1073741824   1073741824       15.709       15.709
       float    coalesced        8        8        0      1048576         1024      136305.323   2147483648   2147483648       15.755       15.755
       float    coalesced        8        8        0      2097152         1024      272187.740   4294967296   4294967296       15.779       15.779
       float    coalesced        8        8        0      4194304         1024      543837.778   8589934592   8589934592       15.795       15.795
       float    coalesced        8        8        0      8388608         1024     1087258.787  17179869184  17179869184       15.801       15.801
       float    coalesced        8        8        0     16777216         1024     2174044.892  34359738368  34359738368       15.805       15.805
