        type trial_config ert_flop   unroll  buffers        nsize       trials       microsecs        bytes        flops         GB/s         GF/s
      double    coalesced        2       32        2          512     16777216    12274950.793  17179869184   2147483648        1.400        0.175
      double    coalesced        2       32        2         1024      8388608     6596905.561  17179869184   2147483648        2.604        0.326
      double    coalesced        2       32        2         2048      4194304     3637361.781  17179869184   2147483648        4.723        0.590
      double    coalesced        2       32        2         4096      2097152     2073919.269  17179869184   2147483648        8.284        1.035
      double    coalesced        2       32        2         8192      1048576     1364342.131  17179869184   2147483648       12.592        1.574
      double    coalesced        2       32        2        16384       524288     1023362.466  17179869184   2147483648       16.788        2.098
      double    coalesced        2       32        2        32768       262144      837104.211  17179869184   2147483648       20.523        2.565
      double    coalesced        2       32        2        65536       131072      753327.194  17179869184   2147483648       22.805        2.851
      double    coalesced        2       32        2       131072        65536      707607.682  17179869184   2147483648       24.279        3.035
      double    coalesced        2       32        2       262144        32768      683777.445  17179869184   2147483648       25.125        3.141
      double    coalesced        2       32        2       524288        16384      672643.982  17179869184   2147483648       25.541        3.193
      double    coalesced        2       32        2      1048576         8192      667145.522  17179869184   2147483648       25.751        3.219
      double    coalesced        2       32        2      2097152         4096      664270.496  17179869184   2147483648       25.863        3.233
      double    coalesced        2       32        2      4194304         2048      662911.128  17179869184   2147483648       25.916        3.239
      double    coalesced        2       32        2      8388608         1024      662173.500  17179869184   2147483648       25.945        3.243
      double    coalesced        2       32        2     16777216          512      661811.436  17179869184   2147483648       25.959        3.245
      double    coalesced        2       32        2     33554432          256      661707.843  17179869184   2147483648       25.963        3.245
      double    coalesced        2       32        2     67108864          128      661561.194  17179869184   2147483648       25.969        3.246
      double    coalesced        2       32        2    134217728           64      661553.725  17179869184   2147483648       25.969        3.246
      double    coalesced        2       32        2    268435456           32      661466.228  17179869184   2147483648       25.972        3.247
      double    coalesced        2       32        2    536870912           16      661454.144  17179869184   2147483648       25.973        3.247
      double    coalesced        2       32        2   1073741824            8      661493.363  17179869184   2147483648       25.971        3.246
      double    coalesced        2       32        2   2147483648            4      661464.887  17179869184   2147483648       25.972        3.247
      double    coalesced        2       32        2   4294967296            2      661495.131  17179869184   2147483648       25.971        3.246
      double    coalesced        2       32        2   8588886016            1      661377.977  17177772032   2147221504       25.973        3.247
