        type trial_config ert_flop   unroll  buffers        nsize       trials       microsecs        bytes        flops         GB/s         GF/s
         int    coalesced       31       16        2          128     67108864   110255225.215  17179869184  66571993088        0.156        0.604
         int    coalesced       31       16        2          256     33554432    56112210.753  17179869184  66571993088        0.306        1.186
         int    coalesced       31       16        2          512     16777216    29095447.031  17179869184  66571993088        0.590        2.288
         int    coalesced       31       16        2         1024      8388608    15014546.343  17179869184  66571993088        1.144        4.434
         int    coalesced       31       16        2         2048      4194304     8183435.879  17179869184  66571993088        2.099        8.135
         int    coalesced       31       16        2         4096      2097152     4132935.260  17179869184  66571993088        4.157       16.108
         int    coalesced       31       16        2         8192      1048576     2384111.932  17179869184  66571993088        7.206       27.923
         int    coalesced       31       16        2        16384       524288     1500667.128  17179869184  66571993088       11.448       44.362
         int    coalesced       31       16        2        32768       262144     1055244.248  17179869184  66571993088       16.280       63.087
         int    coalesced       31       16        2        65536       131072      838912.532  17179869184  66571993088       20.479       79.355
         int    coalesced       31       16        2       131072        65536      728894.500  17179869184  66571993088       23.570       91.333
         int    coalesced       31       16        2       262144        32768      672572.216  17179869184  66571993088       25.544       98.981
         int    coalesced       31       16        2       524288        16384      644456.042  17179869184  66571993088       26.658      103.300
         int    coalesced       31       16        2      1048576         8192      630603.419  17179869184  66571993088       27.244      105.569
         int    coalesced       31       16        2      2097152         4096      623752.284  17179869184  66571993088       27.543      106.728
         int    coalesced       31       16        2      4194304         2048      620193.971  17179869184  66571993088       27.701      107.341
         int    coalesced       31       16        2      8388608         1024      618386.993  17179869184  66571993088       27.782      107.654
         int    coalesced       31       16        2     16777216          512      617561.350  17179869184  66571993088       27.819      107.798
         int    coalesced       31       16        2     33554432          256      617107.309  17179869184  66571993088       27.839      107.877
         int    coalesced       31       16        2     67108864          128      616894.017  17179869184  66571993088       27.849      107.915
         int    coalesced       31       16        2    134217728           64      616780.781  17179869184  66571993088       27.854      107.935
         int    coalesced       31       16        2    268435456           32      616692.084  17179869184  66571993088       27.858      107.950
         int    coalesced       31       16        2    536870912           16      616701.048  17179869184  66571993088       27.858      107.949
         int    coalesced       31       16        2   1073741824            8      616725.167  17179869184  66571993088       27.857      107.944
         int    coalesced       31       16        2   2147483648            4      616720.708  17179869184  66571993088       27.857      107.945
         int    coalesced       31       16        2   4294967296            2      616685.003  17179869184  66571993088       27.858      107.951
         int    coalesced       31       16        2   8588886016            1      616579.064  17177772032  66563866624       27.860      107.957
