        type trial_config ert_flop   unroll  buffers        nsize       trials       microsecs        bytes        flops         GB/s         GF/s
        long    coalesced        1      128        1         1024      4194304     2338379.340   8589934592    536870912        3.673        0.230
        long    coalesced        1      128        1         2048      2097152     1364200.280   8589934592    536870912        6.297        0.394
        long    coalesced        1      128        1         4096      1048576      818671.262   8589934592    536870912       10.493        0.656
        long    coalesced        1      128        1         8192       524288      578178.895   8589934592    536870912       14.857        0.929
        long    coalesced        1      128        1        16384       262144      409492.236   8589934592    536870912       20.977        1.311
        long    coalesced        1      128        1        32768       131072      341358.999   8589934592    536870912       25.164        1.573
        long    coalesced        1      128        1        65536        65536      310971.204   8589934592    536870912       27.623        1.726
        long    coalesced        1      128        1       131072        32768      294438.393   8589934592    536870912       29.174        1.823
        long    coalesced        1      128        1       262144        16384      289278.606   8589934592    536870912       29.694        1.856
        long    coalesced        1      128        1       524288         8192      286591.750   8589934592    536870912       29.973        1.873
        long    coalesced        1      128        1      1048576         4096      285287.012   8589934592    536870912       30.110        1.882
        long    coalesced        1      128        1      2097152         2048      284532.026   8589934592    536870912       30.190        1.887
        long    coalesced        1      128        1      4194304         1024      284138.925   8589934592    536870912       30.231        1.889
        long    coalesced        1      128        1      8388608          512      283970.514   8589934592    536870912       30.249        1.891
        long    coalesced        1      128        1     16777216          256      283827.837   8589934592    536870912       30.265        1.892
        long    coalesced        1      128        1     33554432          128      283836.375   8589934592    536870912       30.264        1.891
        long    coalesced        1      128        1     67108864           64      283820.766   8589934592    536870912       30.265        1.892
        long    coalesced        1      128        1    134217728           32      283796.837   8589934592    536870912       30.268        1.892
        long    coalesced        1      128        1    268435456           16      283823.489   8589934592    536870912       30.265        1.892
        long    coalesced        1      128        1    536870912            8      283808.272   8589934592    536870912       30.267        1.892
        long    coalesced        1      128        1   1073741824            4      283782.123   8589934592    536870912       30.269        1.892
        long    coalesced        1      128        1   2147483648            2      283786.541   8589934592    536870912       30.269        1.892
        long    coalesced        1      128        1   4293918720            1      283694.828   8587837440    536739840       30.271        1.892
