        type trial_config ert_flop   unroll  buffers        nsize       trials       microsecs        bytes        flops         GB/s         GF/s
       float    coalesced       21       64        2          512     16777216    10911052.352  17179869184  45097156608        1.575        4.133
       float    coalesced       21       64        2         1024      8388608     5951654.259  17179869184  45097156608        2.887        7.577
       float    coalesced       21       64        2         2048      4194304     3388112.164  17179869184  45097156608        5.071       13.310
       float    coalesced       21       64        2         4096      2097152     1925824.137  17179869184  45097156608        8.921       23.417
       float    coalesced       21       64        2         8192      1048576     1259386.478  17179869184  45097156608       13.641       35.809
       float    coalesced       21       64        2        16384       524288      901942.261  17179869184  45097156608       19.048       50.000
       float    coalesced       21       64        2        32768       262144      739985.722  17179869184  45097156608       23.216       60.943
       float    coalesced       21       64        2        65536       131072      661247.697  17179869184  45097156608       25.981       68.200
       float    coalesced       21       64        2       131072        65536      614170.937  17179869184  45097156608       27.972       73.428
       float    coalesced       21       64        2       262144        32768      597235.256  17179869184  45097156608       28.766       75.510
       float    coalesced       21       64        2       524288        16384      581846.597  17179869184  45097156608       29.526       77.507
       float    coalesced       21       64        2      1048576         8192      575934.289  17179869184  45097156608       29.830       78.303
       float    coalesced       21       64        2      2097152         4096      573756.606  17179869184  45097156608       29.943       78.600
       float    coalesced       21       64        2      4194304         2048      572379.311  17179869184  45097156608       30.015       78.789
       float    coalesced       21       64        2      8388608         1024      571655.460  17179869184  45097156608       30.053       78.889
       float    coalesced       21       64        2     16777216          512      571245.217  17179869184  45097156608       30.074       78.945
       float    coalesced       21       64        2     33554432          256      571163.465  17179869184  45097156608       30.079       78.957
       float    coalesced       21       64        2     67108864          128      571044.192  17179869184  45097156608       30.085       78.973
       float    coalesced       21       64        2    134217728           64      570965.019  17179869184  45097156608       30.089       78.984
       float    coalesced       21       64        2    268435456           32      570931.685  17179869184  45097156608       30.091       78.989
       float    coalesced       21       64        2    536870912           16      570933.192  17179869184  45097156608       30.091       78.989
       float    coalesced       21       64        2   1073741824            8      570928.189  17179869184  45097156608       30.091       78.989
       float    coalesced       21       64        2   2147483648            4      570941.602  17179869184  45097156608       30.090       78.987
       float    coalesced       21       64        2   4294967296            2      570923.686  17179869184  45097156608       30.091       78.990
       float    coalesced       21       64        2   8588886016            1     1506782.533  17177772032  45091651584       11.400       29.926
