        type trial_config ert_flop   unroll  buffers        nsize       trials       microsecs        bytes        flops         GB/s         GF/s
         int    coalesced       16        2        2           16     67108864    67142660.278   2147483648   4294967296        0.032        0.064
         int    coalesced       16        2        2           32     67108864    69137883.852   4294967296   8589934592        0.062        0.124
         int    coalesced       16        2        2           64     67108864    69828223.000   8589934592  17179869184        0.123        0.246
         int    coalesced       16        2        2          128     67108864    74815965.801  17179869184  34359738368        0.230        0.459
         int    coalesced       16        2        2          256     33554432    40285752.452  17179869184  34359738368        0.426        0.853
         int    coalesced       16        2        2          512     16777216    22353882.645  17179869184  34359738368        0.769        1.537
         int    coalesced       16        2        2         1024      8388608    13286463.835  17179869184  34359738368        1.293        2.586
         int    coalesced       16        2        2         2048      4194304     8183462.743  17179869184  34359738368        2.099        4.199
         int    coalesced       16        2        2         4096      2097152     5455785.376  17179869184  34359738368        3.149        6.298
         int    coalesced       16        2        2         8192      1048576     4091999.187  17179869184  34359738368        4.198        8.397
         int    coalesced       16        2        2        16384       524288     3334915.932  17179869184  34359738368        5.152       10.303
         int    coalesced       16        2        2        32768       262144     3006662.504  17179869184  34359738368        5.714       11.428
         int    coalesced       16        2        2        65536       131072     2840767.934  17179869184  34359738368        6.048       12.095
         int    coalesced       16        2        2       131072        65536     2754844.386  17179869184  34359738368        6.236       12.472
         int    coalesced       16        2        2       262144        32768     2714659.846  17179869184  34359738368        6.329       12.657
         int    coalesced       16        2        2       524288        16384     2693321.011  17179869184  34359738368        6.379       12.757
         int    coalesced       16        2        2      1048576         8192     2683105.625  17179869184  34359738368        6.403       12.806
         int    coalesced       16        2        2      2097152         4096     2677615.449  17179869184  34359738368        6.416       12.832
         int    coalesced       16        2        2      4194304         2048     2675125.559  17179869184  34359738368        6.422       12.844
         int    coalesced       16        2        2      8388608         1024     2673853.236  17179869184  34359738368        6.425       12.850
         int    coalesced       16        2        2     16777216          512     2673213.432  17179869184  34359738368        6.427       12.853
         int    coalesced       16        2        2     33554432          256     2672810.358  17179869184  34359738368        6.428       12.855
         int    coalesced       16        2        2     67108864          128     2672716.258  17179869184  34359738368        6.428       12.856
         int    coalesced       16        2        2    134217728           64     2672640.240  17179869184  34359738368        6.428       12.856
         int    coalesced       16        2        2    268435456           32     2672570.172  17179869184  34359738368        6.428       12.856
         int    coalesced       16        2        2    536870912           16     2672479.014  17179869184  34359738368        6.428       12.857
         int    coalesced       16        2        2   1073741824            8     2672507.793  17179869184  34359738368        6.428       12.857
         int    coalesced       16        2        2   2147483648            4     2672444.566  17179869184  34359738368        6.429       12.857
         int    coalesced       16        2        2   4294967296            2     2672571.466  17179869184  34359738368        6.428       12.856
         int    coalesced       16        2        2   8588886016            1     2672167.537  17177772032  34355544064        6.428       12.857
