        type trial_config ert_flop   unroll  buffers        nsize       trials       microsecs        bytes        flops         GB/s         GF/s
       float    coalesced        4        8        0           32       524288       50436.503     33554432     16777216        0.665        0.333
       float    coalesced        4        8        0           64       262144       26262.960     33554432     16777216        1.278        0.639
       float    coalesced        4        8        0          128       131072       14310.490     33554432     16777216        2.345        1.172
       float    coalesced        4        8        0          256        65536        8292.743     33554432     16777216        4.046        2.023
       float    coalesced        4        8        0          512        32768        5275.054     33554432     16777216        6.361        3.180
       float    coalesced        4        8        0         1024        16384        3835.863     33554432     16777216        8.748        4.374
       float    coalesced        4        8        0         2048         8192        3068.580     33554432     16777216       10.935        5.467
       float    coalesced        4        8        0         4096         4096        2680.053     33554432     16777216       12.520        6.260
       float    coalesced        4        8        0         8192         2048        2507.712     33554432     16777216       13.380        6.690
       float    coalesced        4        8        0        16384         1024        2410.500     33554432     16777216       13.920        6.960
       float    coalesced        4        8        0        32768         1024        4499.340     67108864     33554432       14.915        7.458
       float    coalesced        4        8        0        65536         1024        8664.771    134217728     67108864       15.490        7.745
       float    coalesced        4        8        0       131072         1024       17003.452    268435456    134217728       15.787        7.894
       float    coalesced        4        8        0       262144         1024       33673.832    536870912    268435456       15.943        7.972
       float    coalesced        4        8        0       524288         1024       66986.106   1073741824    536870912       16.029        8.015
       float    coalesced        4        8        0      1048576         1024      133564.711   2147483648   1073741824       16.078        8.039
       float    coalesced        4        8        0      2097152         1024      266720.165   4294967296   2147483648       16.103        8.051
       float    coalesced        4        8        0      4194304         1024      532994.061   8589934592   4294967296       16.116        8.058
       float    coalesced        4        8        0      8388608         1024     1065589.368  17179869184   8589934592       16.122        8.061
       float    coalesced        4        8        0     16777216         1024     2130832.765  34359738368  17179869184       16.125        8.063
