        type trial_config ert_flop   unroll  buffers        nsize       trials       microsecs        bytes        flops         GB/s         GF/s
       float    coalesced      512        2        1            8     67108864   314225535.296   1073741824  68719476736        0.003        0.219
       float    coalesced      512        2        1           16     67108864   314225597.335   2147483648 137438953472        0.007        0.437
       float    coalesced      512        2        1           32     67108864   315323694.138   4294967296 274877906944        0.014        0.872
       float    coalesced      512        2        1           64     67108864   318779383.213   8589934592 549755813888        0.027        1.725
       float    coalesced      512        2        1          128     33554432   163659300.749   8589934592 549755813888        0.052        3.359
       float    coalesced      512        2        1          256     16777216    83793779.927   8589934592 549755813888        0.103        6.561
       float    coalesced      512        2        1          512      8388608    43725373.595   8589934592 549755813888        0.196       12.573
       float    coalesced      512        2        1         1024      4194304    23094459.741   8589934592 549755813888        0.372       23.805
       float    coalesced      512        2        1         2048      2097152    12728342.175   8589934592 549755813888        0.675       43.191
       float    coalesced      512        2        1         4096      1048576     7501382.741   8589934592 549755813888        1.145       73.287
       float    coalesced      512        2        1         8192       524288     4910222.298   8589934592 549755813888        1.749      111.961
       float    coalesced      512        2        1        16384       262144     3580533.250   8589934592 549755813888        2.399      153.540
       float    coalesced      512        2        1        32768       131072     2922938.097   8589934592 549755813888        2.939      188.083
       float    coalesced      512        2        1        65536        65536     2596535.543   8589934592 549755813888        3.308      211.727
       float    coalesced      512        2        1       131072        32768     2429802.523   8589934592 549755813888        3.535      226.255
       float    coalesced      512        2        1       262144        16384     2355018.391   8589934592 549755813888        3.648      233.440
       float    coalesced      512        2        1       524288         8192     2314536.090   8589934592 549755813888        3.711      237.523
       float    coalesced      512        2        1      1048576         4096     2294110.615   8589934592 549755813888        3.744      239.638
       float    coalesced      512        2        1      2097152         2048     2284005.142   8589934592 549755813888        3.761      240.698
       float    coalesced      512        2        1      4194304         1024     2278835.398   8589934592 549755813888        3.769      241.244
       float    coalesced      512        2        1      8388608          512     2276157.275   8589934592 549755813888        3.774      241.528
       float    coalesced      512        2        1     16777216          256     2274900.588   8589934592 549755813888        3.776      241.661
       float    coalesced      512        2        1     33554432          128     2274212.286   8589934592 549755813888        3.777      241.735
       float    coalesced      512        2        1     67108864           64     2273944.126   8589934592 549755813888        3.778      241.763
       float    coalesced      512        2        1    134217728           32     2273779.582   8589934592 549755813888        3.778      241.781
       float    coalesced      512        2        1    268435456           16     2273718.726   8589934592 549755813888        3.778      241.787
       float    coalesced      512        2        1    536870912            8     2273579.795   8589934592 549755813888        3.778      241.802
       float    coalesced      512        2        1   1073741824            4     2273575.002   8589934592 549755813888        3.778      241.802
       float    coalesced      512        2        1   2147483648            2     2273546.560   8589934592 549755813888        3.778      241.805
       float    coalesced      512        2        1   4293918720            1     2272889.671   8587837440 549621596160        3.778      241.816
