        type trial_config ert_flop   unroll  buffers        nsize       trials       microsecs        bytes        flops         GB/s         GF/s
       float    coalesced        8       32        1          128     33554432    16369976.857   8589934592   8589934592        0.525        0.525
       float    coalesced        8       32        1          256     16777216     8729006.514   8589934592   8589934592        0.984        0.984
       float    coalesced        8       32        1          512      8388608     4676453.271   8589934592   8589934592        1.837        1.837
       float    coalesced        8       32        1         1024      4194304     2518356.852   8589934592   8589934592        3.411        3.411
       float    coalesced        8       32        1         2048      2097152     1488224.277   8589934592   8589934592        5.772        5.772
       float    coalesced        8       32        1         4096      1048576      909575.488   8589934592   8589934592        9.444        9.444
       float    coalesced        8       32        1         8192       524288      584955.215   8589934592   8589934592       14.685       14.685
       float    coalesced        8       32        1        16384       262144      409540.808   8589934592   8589934592       20.975       20.975
       float    coalesced        8       32        1        32768       131072      341367.998   8589934592   8589934592       25.163       25.163
       float    coalesced        8       32        1        65536        65536      330630.400   8589934592   8589934592       25.980       25.980
       float    coalesced        8       32        1       131072        32768      314410.983   8589934592   8589934592       27.321       27.321
       float    coalesced        8       32        1       262144        16384      309278.140   8589934592   8589934592       27.774       27.774
       float    coalesced        8       32        1       524288         8192      304963.642   8589934592   8589934592       28.167       28.167
       float    coalesced        8       32        1      1048576         4096      303322.155   8589934592   8589934592       28.320       28.320
       float    coalesced        8       32        1      2097152         2048      302154.104   8589934592   8589934592       28.429       28.429
       float    coalesced        8       32        1      4194304         1024      301691.149   8589934592   8589934592       28.473       28.473
       float    coalesced        8       32        1      8388608          512      301469.063   8589934592   8589934592       28.494       28.494
       float    coalesced        8       32        1     16777216          256      301368.634   8589934592   8589934592       28.503       28.503
       float    coalesced        8       32        1     33554432          128      301341.971   8589934592   8589934592       28.506       28.506
       float    coalesced        8       32        1     67108864           64      301392.907   8589934592   8589934592       28.501       28.501
       float    coalesced        8       32        1    134217728           32      301372.253   8589934592   8589934592       28.503       28.503
       float    coalesced        8       32        1    268435456           16      301423.359   8589934592   8589934592       28.498       28.498
       float    coalesced        8       32        1    536870912            8      301386.328   8589934592   8589934592       28.501       28.501
       float    coalesced        8       32        1   1073741824            4      301380.205   8589934592   8589934592       28.502       28.502
       float    coalesced        8       32        1   2147483648            2      301359.553   8589934592   8589934592       28.504       28.504
       float    coalesced        8       32        1   4293918720            1      301334.914   8587837440   8587837440       28.499       28.499
