        type trial_config ert_flop   unroll  buffers        nsize       trials       microsecs        bytes        flops         GB/s         GF/s
       float    coalesced        2        4        0           16      1048576       90013.221     33554432      8388608        0.373        0.093
       float    coalesced        2        4        0           32       524288       47323.990     33554432      8388608        0.709        0.177
       float    coalesced        2        4        0           64       262144       26031.314     33554432      8388608        1.289        0.322
       float    coalesced        2        4        0          128       131072       15339.365     33554432      8388608        2.187        0.547
       float    coalesced        2        4        0          256        65536       10032.555     33554432      8388608        3.345        0.836
       float    coalesced        2        4        0          512        32768        7340.883     33554432      8388608        4.571        1.143
       float    coalesced        2        4        0         1024        16384        6025.010     33554432      8388608        5.569        1.392
       float    coalesced        2        4        0         2048         8192        5355.841     33554432      8388608        6.265        1.566
       float    coalesced        2        4        0         4096         4096        5023.466     33554432      8388608        6.680        1.670
       float    coalesced        2        4        0         8192         2048        4871.702     33554432      8388608        6.888        1.722
       float    coalesced        2        4        0        16384         1024        4778.873     33554432      8388608        7.021        1.755
       float    coalesced        2        4        0        32768         1024        9032.893     67108864     16777216        7.429        1.857
       float    coalesced        2        4        0        65536         1024       17532.768    134217728     33554432        7.655        1.914
       float    coalesced        2        4        0       131072         1024       34604.673    268435456     67108864        7.757        1.939
       float    coalesced        2        4        0       262144         1024       68679.734    536870912    134217728        7.817        1.954
       float    coalesced        2        4        0       524288         1024      136926.820   1073741824    268435456        7.842        1.960
       float    coalesced        2        4        0      1048576         1024      273314.924   2147483648    536870912        7.857        1.964
       float    coalesced        2        4        0      2097152         1024      546024.040   4294967296   1073741824        7.866        1.966
       float    coalesced        2        4        0      4194304         1024     1091710.142   8589934592   2147483648        7.868        1.967
       float    coalesced        2        4        0      8388608         1024     2182903.177  17179869184   4294967296        7.870        1.968
       float    coalesced        2        4        0     16777216         1024     4365349.498  34359738368   8589934592        7.871        1.968
