        type trial_config ert_flop   unroll  buffers        nsize       trials       microsecs        bytes        flops         GB/s         GF/s
         int    coalesced        1       16        1           64     67108864    30806969.241   8589934592   1073741824        0.279        0.035
         int    coalesced        1       16        1          128     33554432    15403630.211   8589934592   1073741824        0.558        0.070
         int    coalesced        1       16        1          256     16777216     8183484.027   8589934592   1073741824        1.050        0.131
         int    coalesced        1       16        1          512      8388608     4569749.868   8589934592   1073741824        1.880        0.235
         int    coalesced        1       16        1         1024      4194304     2518352.970   8589934592   1073741824        3.411        0.426
         int    coalesced        1       16        1         2048      2097152     1488334.761   8589934592   1073741824        5.772        0.721
         int    coalesced        1       16        1         4096      1048576      909669.981   8589934592   1073741824        9.443        1.180
         int    coalesced        1       16        1         8192       524288      584913.439   8589934592   1073741824       14.686        1.836
         int    coalesced        1       16        1        16384       262144      470047.925   8589934592   1073741824       18.275        2.284
         int    coalesced        1       16        1        32768       131072      395971.822   8589934592   1073741824       21.693        2.712
         int    coalesced        1       16        1        65536        65536      368080.144   8589934592   1073741824       23.337        2.917
         int    coalesced        1       16        1       131072        32768      352825.809   8589934592   1073741824       24.346        3.043
         int    coalesced        1       16        1       262144        16384      348260.598   8589934592   1073741824       24.665        3.083
         int    coalesced        1       16        1       524288         8192      344389.122   8589934592   1073741824       24.943        3.118
         int    coalesced        1       16        1      1048576         4096      342863.100   8589934592   1073741824       25.054        3.132
         int    coalesced        1       16        1      2097152         2048      342088.054   8589934592   1073741824       25.110        3.139
         int    coalesced        1       16        1      4194304         1024      341728.613   8589934592   1073741824       25.137        3.142
         int    coalesced        1       16        1      8388608          512      341581.645   8589934592   1073741824       25.148        3.143
         int    coalesced        1       16        1     16777216          256      341603.526   8589934592   1073741824       25.146        3.143
         int    coalesced        1       16        1     33554432          128      341553.607   8589934592   1073741824       25.150        3.144
         int    coalesced        1       16        1     67108864           64      341501.599   8589934592   1073741824       25.153        3.144
         int    coalesced        1       16        1    134217728           32      341455.431   8589934592   1073741824       25.157        3.145
         int    coalesced        1       16        1    268435456           16      341533.140   8589934592   1073741824       25.151        3.144
         int    coalesced        1       16        1    536870912            8      341535.004   8589934592   1073741824       25.151        3.144
         int    coalesced        1       16        1   1073741824            4      341471.251   8589934592   1073741824       25.156        3.144
         int    coalesced        1       16        1   2147483648            2      341436.577   8589934592   1073741824       25.158        3.145
         int    coalesced        1       16        1   4293918720            1      341299.744   8587837440   1073479680       25.162        3.145
