        type trial_config ert_flop   unroll  buffers        nsize       trials       microsecs        bytes        flops         GB/s         GF/s
       float    coalesced        1        1        0            4      4194304      245454.661     33554432      4194304        0.137        0.017
       float    coalesced        1        1        0            8      2097152      130424.078     33554432      4194304        0.257        0.032
       float    coalesced        1        1        0           16      1048576       73015.723     33554432      4194304        0.460        0.057
       float    coalesced        1        1        0           32       524288       44265.134     33554432      4194304        0.758        0.095
       float    coalesced        1        1        0           64       262144       29950.345     33554432      4194304        1.120        0.140
       float    coalesced        1        1        0          128       131072       22792.837     33554432      4194304        1.472        0.184
       float    coalesced        1        1        0          256        65536       19154.233     33554432      4194304        1.752        0.219
       float    coalesced        1        1        0          512        32768       17362.104     33554432      4194304        1.933        0.242
       float    coalesced        1        1        0         1024        16384       16489.026     33554432      4194304        2.035        0.254
       float    coalesced        1        1        0         2048         8192       16005.981     33554432      4194304        2.096        0.262
       float    coalesced        1        1        0         4096         4096       15783.869     33554432      4194304        2.126        0.266
       float    coalesced        1        1        0         8192         2048       15701.386     33554432      4194304        2.137        0.267
       float    coalesced        1        1        0        16384         1024       15626.351     33554432      4194304        2.147        0.268
       float    coalesced        1        1        0        32768         1024       30944.126     67108864      8388608        2.169        0.271
       float    coalesced        1        1        0        65536         1024       61550.303    134217728     16777216        2.181        0.273
       float    coalesced        1        1        0       131072         1024      122819.636    268435456     33554432        2.186        0.273
       float    coalesced        1        1        0       262144         1024      245261.834    536870912     67108864        2.189        0.274
       float    coalesced        1        1        0       524288         1024      490212.779   1073741824    134217728        2.190        0.274
       float    coalesced        1        1        0      1048576         1024      980064.051   2147483648    268435456        2.191        0.274
       float    coalesced        1        1        0      2097152         1024     1959731.568   4294967296    536870912        2.192        0.274
       float    coalesced        1        1        0      4194304         1024     3919131.024   8589934592   1073741824        2.192        0.274
       float    coalesced        1        1        0      8388608         1024     7837950.532  17179869184   2147483648        2.192        0.274
       float    coalesced        1        1        0     16777216         1024    15675525.303  34359738368   4294967296        2.192        0.274
