        type trial_config ert_flop   unroll  buffers        nsize       trials       microsecs        bytes        flops         GB/s         GF/s
       float    coalesced        1        2        0            8      2097152      141278.067     33554432      4194304        0.238        0.030
       float    coalesced        1        2        0           16      1048576       74842.235     33554432      4194304        0.448        0.056
       float    coalesced        1        2        0           32       524288       41720.824     33554432      4194304        0.804        0.101
       float    coalesced        1        2        0           64       262144       25076.177     33554432      4194304        1.338        0.167
       float    coalesced        1        2        0          128       131072       16818.824     33554432      4194304        1.995        0.249
       float    coalesced        1        2        0          256        65536       12674.401     33554432      4194304        2.647        0.331
       float    coalesced        1        2        0          512        32768       10583.524     33554432      4194304        3.170        0.396
       float    coalesced        1        2        0         1024        16384        9576.579     33554432      4194304        3.504        0.438
       float    coalesced        1        2        0         2048         8192        9049.595     33554432      4194304        3.708        0.463
       float    coalesced        1        2        0         4096         4096        8776.282     33554432      4194304        3.823        0.478
       float    coalesced        1        2        0         8192         2048        8658.320     33554432      4194304        3.875        0.484
       float    coalesced        1        2        0        16384         1024        8604.932     33554432      4194304        3.899        0.487
       float    coalesced        1        2        0        32768         1024       16899.810     67108864      8388608        3.971        0.496
       float    coalesced        1        2        0        65536         1024       33442.395    134217728     16777216        4.013        0.502
       float    coalesced        1        2        0       131072         1024       66636.016    268435456     33554432        4.028        0.504
       float    coalesced        1        2        0       262144         1024      133006.305    536870912     67108864        4.036        0.505
       float    coalesced        1        2        0       524288         1024      265607.086   1073741824    134217728        4.043        0.505
       float    coalesced        1        2        0      1048576         1024      530883.789   2147483648    268435456        4.045        0.506
       float    coalesced        1        2        0      2097152         1024     1061376.004   4294967296    536870912        4.047        0.506
       float    coalesced        1        2        0      4194304         1024     2122407.710   8589934592   1073741824        4.047        0.506
       float    coalesced        1        2        0      8388608         1024     4244473.919  17179869184   2147483648        4.048        0.506
       float    coalesced        1        2        0     16777216         1024     8488559.832  34359738368   4294967296        4.048        0.506
