        type trial_config ert_flop   unroll  buffers        nsize       trials       microsecs        bytes        flops         GB/s         GF/s
         int    coalesced       16       16        2          128     67108864    65822045.430  17179869184  34359738368        0.261        0.522
         int    coalesced       16       16        2          256     33554432    34909652.009  17179869184  34359738368        0.492        0.984
         int    coalesced       16       16        2          512     16777216    17457614.775  17179869184  34359738368        0.984        1.968
         int    coalesced       16       16        2         1024      8388608     9352540.223  17179869184  34359738368        1.837        3.674
         int    coalesced       16       16        2         2048      4194304     5036351.849  17179869184  34359738368        3.411        6.822
         int    coalesced       16       16        2         4096      2097152     2728224.314  17179869184  34359738368        6.297       12.594
         int    coalesced       16       16        2         8192      1048576     1637149.569  17179869184  34359738368       10.494       20.988
         int    coalesced       16       16        2        16384       524288     1082543.373  17179869184  34359738368       15.870       31.740
         int    coalesced       16       16        2        32768       262144      818853.452  17179869184  34359738368       20.980       41.961
         int    coalesced       16       16        2        65536       131072      682514.326  17179869184  34359738368       25.171       50.343
         int    coalesced       16       16        2       131072        65536      609738.165  17179869184  34359738368       28.176       56.352
         int    coalesced       16       16        2       262144        32768      582866.499  17179869184  34359738368       29.475       58.950
         int    coalesced       16       16        2       524288        16384      575214.941  17179869184  34359738368       29.867       59.734
         int    coalesced       16       16        2      1048576         8192      568199.174  17179869184  34359738368       30.236       60.471
         int    coalesced       16       16        2      2097152         4096      565272.466  17179869184  34359738368       30.392       60.784
         int    coalesced       16       16        2      4194304         2048      563862.756  17179869184  34359738368       30.468       60.936
         int    coalesced       16       16        2      8388608         1024      563222.409  17179869184  34359738368       30.503       61.006
         int    coalesced       16       16        2     16777216          512      562943.938  17179869184  34359738368       30.518       61.036
         int    coalesced       16       16        2     33554432          256      562829.823  17179869184  34359738368       30.524       61.048
         int    coalesced       16       16        2     67108864          128      562665.929  17179869184  34359738368       30.533       61.066
         int    coalesced       16       16        2    134217728           64      562577.219  17179869184  34359738368       30.538       61.076
         int    coalesced       16       16        2    268435456           32      562618.774  17179869184  34359738368       30.536       61.071
         int    coalesced       16       16        2    536870912           16      562511.803  17179869184  34359738368       30.541       61.083
         int    coalesced       16       16        2   1073741824            8      562582.839  17179869184  34359738368       30.537       61.075
         int    coalesced       16       16        2   2147483648            4      562494.131  17179869184  34359738368       30.542       61.085
         int    coalesced       16       16        2   4294967296            2      562594.995  17179869184  34359738368       30.537       61.074
         int    coalesced       16       16        2   8588886016            1      562419.269  17177772032  34355544064       30.543       61.085
