        type trial_config ert_flop   unroll  buffers        nsize       trials       microsecs        bytes        flops         GB/s         GF/s
        long    coalesced        2      128        1         1024      4194304     2975964.423   8589934592   1073741824        2.886        0.361
        long    coalesced        2      128        1         2048      2097152     1636964.446   8589934592   1073741824        5.247        0.656
        long    coalesced        2      128        1         4096      1048576     1007843.064   8589934592   1073741824        8.523        1.065
        long    coalesced        2      128        1         8192       524288      659863.021   8589934592   1073741824       13.018        1.627
        long    coalesced        2      128        1        16384       262144      480047.535   8589934592   1073741824       17.894        2.237
        long    coalesced        2      128        1        32768       131072      388729.432   8589934592   1073741824       22.097        2.762
        long    coalesced        2      128        1        65536        65536      342018.211   8589934592   1073741824       25.115        3.139
        long    coalesced        2      128        1       131072        32768      321457.797   8589934592   1073741824       26.722        3.340
        long    coalesced        2      128        1       262144        16384      310879.786   8589934592   1073741824       27.631        3.454
        long    coalesced        2      128        1       524288         8192      305535.471   8589934592   1073741824       28.114        3.514
        long    coalesced        2      128        1      1048576         4096      302983.422   8589934592   1073741824       28.351        3.544
        long    coalesced        2      128        1      2097152         2048      301362.394   8589934592   1073741824       28.504        3.563
        long    coalesced        2      128        1      4194304         1024      300614.211   8589934592   1073741824       28.575        3.572
        long    coalesced        2      128        1      8388608          512      300261.342   8589934592   1073741824       28.608        3.576
        long    coalesced        2      128        1     16777216          256      300144.836   8589934592   1073741824       28.619        3.577
        long    coalesced        2      128        1     33554432          128      300010.153   8589934592   1073741824       28.632        3.579
        long    coalesced        2      128        1     67108864           64      299993.645   8589934592   1073741824       28.634        3.579
        long    coalesced        2      128        1    134217728           32      299951.498   8589934592   1073741824       28.638        3.580
        long    coalesced        2      128        1    268435456           16      299974.352   8589934592   1073741824       28.636        3.579
        long    coalesced        2      128        1    536870912            8      299958.533   8589934592   1073741824       28.637        3.580
        long    coalesced        2      128        1   1073741824            4      299946.981   8589934592   1073741824       28.638        3.580
        long    coalesced        2      128        1   2147483648            2      299989.503   8589934592   1073741824       28.634        3.579
        long    coalesced        2      128        1   4293918720            1      299877.683   8587837440   1073479680       28.638        3.580
