        type trial_config ert_flop   unroll  buffers        nsize       trials       microsecs        bytes        flops         GB/s         GF/s
         int    coalesced        8        1        2            8     67108864    49993383.615   1073741824   1073741824        0.021        0.021
         int    coalesced        8        1        2           16     67108864    52371430.095   2147483648   2147483648        0.041        0.041
         int    coalesced        8        1        2           32     67108864    52371361.877   4294967296   4294967296        0.082        0.082
         int    coalesced        8        1        2           64     67108864    57181715.151   8589934592   8589934592        0.150        0.150
         int    coalesced        8        1        2          128     67108864    62845534.724  17179869184  17179869184        0.273        0.273
         int    coalesced        8        1        2          256     33554432    36118321.709  17179869184  17179869184        0.476        0.476
         int    coalesced        8        1        2          512     16777216    21821680.429  17179869184  17179869184        0.787        0.787
         int    coalesced        8        1        2         1024      8388608    13335639.586  17179869184  17179869184        1.288        1.288
         int    coalesced        8        1        2         2048      4194304     9165374.489  17179869184  17179869184        1.874        1.874
         int    coalesced        8        1        2         4096      2097152     7116071.161  17179869184  17179869184        2.414        2.414
         int    coalesced        8        1        2         8192      1048576     6029949.417  17179869184  17179869184        2.849        2.849
         int    coalesced        8        1        2        16384       524288     5455853.943  17179869184  17179869184        3.149        3.149
         int    coalesced        8        1        2        32768       262144     5249085.755  17179869184  17179869184        3.273        3.273
         int    coalesced        8        1        2        65536       131072     5114838.835  17179869184  17179869184        3.359        3.359
         int    coalesced        8        1        2       131072        65536     5039781.178  17179869184  17179869184        3.409        3.409
         int    coalesced        8        1        2       262144        32768     5007255.326  17179869184  17179869184        3.431        3.431
         int    coalesced        8        1        2       524288        16384     4989360.646  17179869184  17179869184        3.443        3.443
         int    coalesced        8        1        2      1048576         8192     4982237.127  17179869184  17179869184        3.448        3.448
         int    coalesced        8        1        2      2097152         4096     4978064.083  17179869184  17179869184        3.451        3.451
         int    coalesced        8        1        2      4194304         2048     4976011.410  17179869184  17179869184        3.453        3.453
         int    coalesced        8        1        2      8388608         1024     4975040.846  17179869184  17179869184        3.453        3.453
         int    coalesced        8        1        2     16777216          512     4974472.524  17179869184  17179869184        3.454        3.454
         int    coalesced        8        1        2     33554432          256     4974300.192  17179869184  17179869184        3.454        3.454
         int    coalesced        8        1        2     67108864          128     4974072.847  17179869184  17179869184        3.454        3.454
         int    coalesced        8        1        2    134217728           64     4973956.119  17179869184  17179869184        3.454        3.454
         int    coalesced        8        1        2    268435456           32     4973984.935  17179869184  17179869184        3.454        3.454
         int    coalesced        8        1        2    536870912           16     4973956.554  17179869184  17179869184        3.454        3.454
         int    coalesced        8        1        2   1073741824            8     4973958.576  17179869184  17179869184        3.454        3.454
         int    coalesced        8        1        2   2147483648            4     4973964.476  17179869184  17179869184        3.454        3.454
         int    coalesced        8        1        2   4294967296            2     4974095.173  17179869184  17179869184        3.454        3.454
         int    coalesced        8        1        2   8588886016            1     4973393.536  17177772032  17177772032        3.454        3.454
