        type trial_config ert_flop   unroll  buffers        nsize       trials       microsecs        bytes        flops         GB/s         GF/s
       float    coalesced        8        4        2           32     67108864    33163936.322   4294967296   4294967296        0.130        0.130
       float    coalesced        8        4        2           64     67108864    34914456.111   8589934592   8589934592        0.246        0.246
       float    coalesced        8        4        2          128     67108864    37408284.160  17179869184  17179869184        0.459        0.459
       float    coalesced        8        4        2          256     33554432    20143125.493  17179869184  17179869184        0.853        0.853
       float    coalesced        8        4        2          512     16777216    11902942.437  17179869184  17179869184        1.443        1.443
       float    coalesced        8        4        2         1024      8388608     7044014.421  17179869184  17179869184        2.439        2.439
       float    coalesced        8        4        2         2048      4194304     4463870.326  17179869184  17179869184        3.849        3.849
       float    coalesced        8        4        2         4096      2097152     2779620.419  17179869184  17179869184        6.181        6.181
       float    coalesced        8        4        2         8192      1048576     2046231.066  17179869184  17179869184        8.396        8.396
       float    coalesced        8        4        2        16384       524288     1600323.998  17179869184  17179869184       10.735       10.735
       float    coalesced        8        4        2        32768       262144     1386683.680  17179869184  17179869184       12.389       12.389
       float    coalesced        8        4        2        65536       131072     1290902.507  17179869184  17179869184       13.308       13.308
       float    coalesced        8        4        2       131072        65536     1241809.698  17179869184  17179869184       13.835       13.835
       float    coalesced        8        4        2       262144        32768     1215083.580  17179869184  17179869184       14.139       14.139
       float    coalesced        8        4        2       524288        16384     1202175.098  17179869184  17179869184       14.291       14.291
       float    coalesced        8        4        2      1048576         8192     1195446.623  17179869184  17179869184       14.371       14.371
       float    coalesced        8        4        2      2097152         4096     1192347.821  17179869184  17179869184       14.408       14.408
       float    coalesced        8        4        2      4194304         2048     1190857.659  17179869184  17179869184       14.426       14.426
       float    coalesced        8        4        2      8388608         1024     1190028.290  17179869184  17179869184       14.437       14.437
       float    coalesced        8        4        2     16777216          512     1189683.941  17179869184  17179869184       14.441       14.441
       float    coalesced        8        4        2     33554432          256     1189438.985  17179869184  17179869184       14.444       14.444
       float    coalesced        8        4        2     67108864          128     1189337.662  17179869184  17179869184       14.445       14.445
       float    coalesced        8        4        2    134217728           64     1189272.357  17179869184  17179869184       14.446       14.446
       float    coalesced        8        4        2    268435456           32     1189283.965  17179869184  17179869184       14.446       14.446
       float    coalesced        8        4        2    536870912           16     1189260.728  17179869184  17179869184       14.446       14.446
       float    coalesced        8        4        2   1073741824            8     1189265.346  17179869184  17179869184       14.446       14.446
       float    coalesced        8        4        2   2147483648            4     1189260.843  17179869184  17179869184       14.446       14.446
       float    coalesced        8        4        2   4294967296            2     1189257.782  17179869184  17179869184       14.446       14.446
       float    coalesced        8        4        2   8588886016            1     1189062.439  17177772032  17177772032       14.446       14.446
