        type trial_config ert_flop   unroll  buffers        nsize       trials       microsecs        bytes        flops         GB/s         GF/s
         int    coalesced        1        2        2           16     67108864    32301451.350   2147483648    268435456        0.066        0.008
         int    coalesced        1        2        2           32     67108864    33247010.859   4294967296    536870912        0.129        0.016
         int    coalesced        1        2        2           64     67108864    34914601.461   8589934592   1073741824        0.246        0.031
         int    coalesced        1        2        2          128     67108864    38793718.653  17179869184   2147483648        0.443        0.055
         int    coalesced        1        2        2          256     33554432    23805315.659  17179869184   2147483648        0.722        0.090
         int    coalesced        1        2        2          512     16777216    13782448.242  17179869184   2147483648        1.247        0.156
         int    coalesced        1        2        2         1024      8388608     8729293.815  17179869184   2147483648        1.968        0.246
         int    coalesced        1        2        2         2048      4194304     5776771.512  17179869184   2147483648        2.974        0.372
         int    coalesced        1        2        2         4096      2097152     4266680.957  17179869184   2147483648        4.027        0.503
         int    coalesced        1        2        2         8192      1048576     3507624.411  17179869184   2147483648        4.898        0.612
         int    coalesced        1        2        2        16384       524288     3140936.743  17179869184   2147483648        5.470        0.684
         int    coalesced        1        2        2        32768       262144     2942287.000  17179869184   2147483648        5.839        0.730
         int    coalesced        1        2        2        65536       131072     2834053.477  17179869184   2147483648        6.062        0.758
         int    coalesced        1        2        2       131072        65536     2778525.882  17179869184   2147483648        6.183        0.773
         int    coalesced        1        2        2       262144        32768     2752401.921  17179869184   2147483648        6.242        0.780
         int    coalesced        1        2        2       524288        16384     2741078.724  17179869184   2147483648        6.268        0.783
         int    coalesced        1        2        2      1048576         8192     2734458.172  17179869184   2147483648        6.283        0.785
         int    coalesced        1        2        2      2097152         4096     2731415.298  17179869184   2147483648        6.290        0.786
         int    coalesced        1        2        2      4194304         2048     2729704.159  17179869184   2147483648        6.294        0.787
         int    coalesced        1        2        2      8388608         1024     2729094.148  17179869184   2147483648        6.295        0.787
         int    coalesced        1        2        2     16777216          512     2728734.769  17179869184   2147483648        6.296        0.787
         int    coalesced        1        2        2     33554432          256     2728578.370  17179869184   2147483648        6.296        0.787
         int    coalesced        1        2        2     67108864          128     2728491.136  17179869184   2147483648        6.296        0.787
         int    coalesced        1        2        2    134217728           64     2728396.597  17179869184   2147483648        6.297        0.787
         int    coalesced        1        2        2    268435456           32     2728361.690  17179869184   2147483648        6.297        0.787
         int    coalesced        1        2        2    536870912           16     2728232.315  17179869184   2147483648        6.297        0.787
         int    coalesced        1        2        2   1073741824            8     2728297.241  17179869184   2147483648        6.297        0.787
         int    coalesced        1        2        2   2147483648            4     2728206.259  17179869184   2147483648        6.297        0.787
         int    coalesced        1        2        2   4294967296            2     2728137.690  17179869184   2147483648        6.297        0.787
         int    coalesced        1        2        2   8588886016            1     2727863.786  17177772032   2147221504        6.297        0.787
