        type trial_config ert_flop   unroll  buffers        nsize       trials       microsecs        bytes        flops         GB/s         GF/s
      double    coalesced       32        4        2           64     67108864   149631515.621   8589934592  17179869184        0.057        0.115
      double    coalesced       32        4        2          128     67108864   150454749.058  17179869184  34359738368        0.114        0.228
      double    coalesced       32        4        2          256     33554432    76716771.188  17179869184  34359738368        0.224        0.448
      double    coalesced       32        4        2          512     16777216    39278553.909  17179869184  34359738368        0.437        0.875
      double    coalesced       32        4        2         1024      8388608    20710044.204  17179869184  34359738368        0.830        1.659
      double    coalesced       32        4        2         2048      4194304    10911099.811  17179869184  34359738368        1.575        3.149
      double    coalesced       32        4        2         4096      2097152     5639164.821  17179869184  34359738368        3.047        6.093
      double    coalesced       32        4        2         8192      1048576     3147801.313  17179869184  34359738368        5.458       10.915
      double    coalesced       32        4        2        16384       524288     1909850.911  17179869184  34359738368        8.995       17.991
      double    coalesced       32        4        2        32768       262144     1267267.690  17179869184  34359738368       13.557       27.113
      double    coalesced       32        4        2        65536       131072      955206.502  17179869184  34359738368       17.986       35.971
      double    coalesced       32        4        2       131072        65536      786612.004  17179869184  34359738368       21.840       43.681
      double    coalesced       32        4        2       262144        32768      703752.086  17179869184  34359738368       24.412       48.824
      double    coalesced       32        4        2       524288        16384      662260.429  17179869184  34359738368       25.941       51.883
      double    coalesced       32        4        2      1048576         8192      641255.530  17179869184  34359738368       26.791       53.582
      double    coalesced       32        4        2      2097152         4096      631280.579  17179869184  34359738368       27.214       54.429
      double    coalesced       32        4        2      4194304         2048      626128.326  17179869184  34359738368       27.438       54.877
      double    coalesced       32        4        2      8388608         1024      623563.405  17179869184  34359738368       27.551       55.102
      double    coalesced       32        4        2     16777216          512      622252.555  17179869184  34359738368       27.609       55.218
      double    coalesced       32        4        2     33554432          256      621596.743  17179869184  34359738368       27.638       55.277
      double    coalesced       32        4        2     67108864          128      621197.311  17179869184  34359738368       27.656       55.312
      double    coalesced       32        4        2    134217728           64      621016.219  17179869184  34359738368       27.664       55.328
      double    coalesced       32        4        2    268435456           32      620982.366  17179869184  34359738368       27.666       55.331
      double    coalesced       32        4        2    536870912           16      620909.282  17179869184  34359738368       27.669       55.338
      double    coalesced       32        4        2   1073741824            8      620865.507  17179869184  34359738368       27.671       55.342
      double    coalesced       32        4        2   2147483648            4      620906.041  17179869184  34359738368       27.669       55.338
      double    coalesced       32        4        2   4294967296            2      620891.069  17179869184  34359738368       27.670       55.339
      double    coalesced       32        4        2   8588886016            1      620784.892  17177772032  34355544064       27.671       55.342
