        type trial_config ert_flop   unroll  buffers        nsize       trials       microsecs        bytes        flops         GB/s         GF/s
        long    coalesced        1        4        2           64     67108864    32732228.990   8589934592    536870912        0.262        0.016
        long    coalesced        1        4        2          128     67108864    34914530.403  17179869184   1073741824        0.492        0.031
        long    coalesced        1        4        2          256     33554432    17457698.836  17179869184   1073741824        0.984        0.062
        long    coalesced        1        4        2          512     16777216    10071877.290  17179869184   1073741824        1.706        0.107
        long    coalesced        1        4        2         1024      8388608     5951737.338  17179869184   1073741824        2.887        0.180
        long    coalesced        1        4        2         2048      4194304     3299500.082  17179869184   1073741824        5.207        0.325
        long    coalesced        1        4        2         4096      2097152     1959138.663  17179869184   1073741824        8.769        0.548
        long    coalesced        1        4        2         8192      1048576     1351062.873  17179869184   1073741824       12.716        0.795
        long    coalesced        1        4        2        16384       524288     1023526.672  17179869184   1073741824       16.785        1.049
        long    coalesced        1        4        2        32768       262144      818932.526  17179869184   1073741824       20.978        1.311
        long    coalesced        1        4        2        65536       131072      723238.784  17179869184   1073741824       23.754        1.485
        long    coalesced        1        4        2       131072        65536      677757.647  17179869184   1073741824       25.348        1.584
        long    coalesced        1        4        2       262144        32768      656101.510  17179869184   1073741824       26.185        1.637
        long    coalesced        1        4        2       524288        16384      647065.579  17179869184   1073741824       26.550        1.659
        long    coalesced        1        4        2      1048576         8192      642801.841  17179869184   1073741824       26.727        1.670
        long    coalesced        1        4        2      2097152         4096      640569.964  17179869184   1073741824       26.820        1.676
        long    coalesced        1        4        2      4194304         2048      639495.350  17179869184   1073741824       26.865        1.679
        long    coalesced        1        4        2      8388608         1024      638852.028  17179869184   1073741824       26.892        1.681
        long    coalesced        1        4        2     16777216          512      638597.690  17179869184   1073741824       26.902        1.681
        long    coalesced        1        4        2     33554432          256      638420.253  17179869184   1073741824       26.910        1.682
        long    coalesced        1        4        2     67108864          128      638394.917  17179869184   1073741824       26.911        1.682
        long    coalesced        1        4        2    134217728           64      638387.816  17179869184   1073741824       26.911        1.682
        long    coalesced        1        4        2    268435456           32      638350.427  17179869184   1073741824       26.913        1.682
        long    coalesced        1        4        2    536870912           16      638294.994  17179869184   1073741824       26.915        1.682
        long    coalesced        1        4        2   1073741824            8      638085.542  17179869184   1073741824       26.924        1.683
        long    coalesced        1        4        2   2147483648            4      638242.013  17179869184   1073741824       26.917        1.682
        long    coalesced        1        4        2   4294967296            2      638212.871  17179869184   1073741824       26.919        1.682
        long    coalesced        1        4        2   8588886016            1      638208.194  17177772032   1073610752       26.916        1.682
