        type trial_config ert_flop   unroll  buffers        nsize       trials       microsecs        bytes        flops         GB/s         GF/s
      double    coalesced        4        1        2           16     67108864    47610390.719   2147483648    536870912        0.045        0.011
      double    coalesced        4        1        2           32     67108864    47612001.025   4294967296   1073741824        0.090        0.023
      double    coalesced        4        1        2           64     67108864    49877455.106   8589934592   2147483648        0.172        0.043
      double    coalesced        4        1        2          128     67108864    52371285.641  17179869184   4294967296        0.328        0.082
      double    coalesced        4        1        2          256     33554432    29756582.798  17179869184   4294967296        0.577        0.144
      double    coalesced        4        1        2          512     16777216    17457449.161  17179869184   4294967296        0.984        0.246
      double    coalesced        4        1        2         1024      8388608    10911059.952  17179869184   4294967296        1.575        0.394
      double    coalesced        4        1        2         2048      4194304     6772579.534  17179869184   4294967296        2.537        0.634
      double    coalesced        4        1        2         4096      2097152     4773859.928  17179869184   4294967296        3.599        0.900
      double    coalesced        4        1        2         8192      1048576     3750978.180  17179869184   4294967296        4.580        1.145
      double    coalesced        4        1        2        16384       524288     3273625.782  17179869184   4294967296        5.248        1.312
      double    coalesced        4        1        2        32768       262144     2994473.299  17179869184   4294967296        5.737        1.434
      double    coalesced        4        1        2        65536       131072     2864430.412  17179869184   4294967296        5.998        1.499
      double    coalesced        4        1        2       131072        65536     2795219.970  17179869184   4294967296        6.146        1.537
      double    coalesced        4        1        2       262144        32768     2762242.766  17179869184   4294967296        6.220        1.555
      double    coalesced        4        1        2       524288        16384     2744809.066  17179869184   4294967296        6.259        1.565
      double    coalesced        4        1        2      1048576         8192     2736718.224  17179869184   4294967296        6.278        1.569
      double    coalesced        4        1        2      2097152         4096     2732407.941  17179869184   4294967296        6.287        1.572
      double    coalesced        4        1        2      4194304         2048     2730299.691  17179869184   4294967296        6.292        1.573
      double    coalesced        4        1        2      8388608         1024     2729209.717  17179869184   4294967296        6.295        1.574
      double    coalesced        4        1        2     16777216          512     2728674.450  17179869184   4294967296        6.296        1.574
      double    coalesced        4        1        2     33554432          256     2728408.282  17179869184   4294967296        6.297        1.574
      double    coalesced        4        1        2     67108864          128     2728282.400  17179869184   4294967296        6.297        1.574
      double    coalesced        4        1        2    134217728           64     2728218.440  17179869184   4294967296        6.297        1.574
      double    coalesced        4        1        2    268435456           32     2728077.558  17179869184   4294967296        6.297        1.574
      double    coalesced        4        1        2    536870912           16     2728098.755  17179869184   4294967296        6.297        1.574
      double    coalesced        4        1        2   1073741824            8     2728168.646  17179869184   4294967296        6.297        1.574
      double    coalesced        4        1        2   2147483648            4     2728146.002  17179869184   4294967296        6.297        1.574
      double    coalesced        4        1        2   4294967296            2     2728156.362  17179869184   4294967296        6.297        1.574
      double    coalesced        4        1        2   8588886016            1     2727871.777  17177772032   4294443008        6.297        1.574
