        type trial_config ert_flop   unroll  buffers        nsize       trials       microsecs        bytes        flops         GB/s         GF/s
       float    coalesced       32        1        1            4     67108864    47610323.959    536870912   2147483648        0.011        0.045
       float    coalesced       32        1        1            8     67108864    47610360.182   1073741824   4294967296        0.023        0.090
       float    coalesced       32        1        1           16     67108864    49877472.380   2147483648   8589934592        0.043        0.172
       float    coalesced       32        1        1           32     67108864    52718900.625   4294967296  17179869184        0.081        0.326
       float    coalesced       32        1        1           64     67108864    59852990.439   8589934592  34359738368        0.144        0.574
       float    coalesced       32        1        1          128     33554432    34914501.144   8589934592  34359738368        0.246        0.984
       float    coalesced       32        1        1          256     16777216    21821755.584   8589934592  34359738368        0.394        1.575
       float    coalesced       32        1        1          512      8388608    13093316.508   8589934592  34359738368        0.656        2.624
       float    coalesced       32        1        1         1024      4194304     8990625.346   8589934592  34359738368        0.955        3.822
       float    coalesced       32        1        1         2048      2097152     7014423.175   8589934592  34359738368        1.225        4.898
       float    coalesced       32        1        1         4096      1048576     5910437.960   8589934592  34359738368        1.453        5.813
       float    coalesced       32        1        1         8192       524288     5455872.898   8589934592  34359738368        1.574        6.298
       float    coalesced       32        1        1        16384       262144     5175011.886   8589934592  34359738368        1.660        6.640
       float    coalesced       32        1        1        32768       131072     5046529.782   8589934592  34359738368        1.702        6.809
       float    coalesced       32        1        1        65536        65536     4968717.844   8589934592  34359738368        1.729        6.915
       float    coalesced       32        1        1       131072        32768     4944381.286   8589934592  34359738368        1.737        6.949
       float    coalesced       32        1        1       262144        16384     4928683.734   8589934592  34359738368        1.743        6.971
       float    coalesced       32        1        1       524288         8192     4922980.966   8589934592  34359738368        1.745        6.979
       float    coalesced       32        1        1      1048576         4096     4913921.165   8589934592  34359738368        1.748        6.992
       float    coalesced       32        1        1      2097152         2048     4912436.064   8589934592  34359738368        1.749        6.994
       float    coalesced       32        1        1      4194304         1024     4911459.830   8589934592  34359738368        1.749        6.996
       float    coalesced       32        1        1      8388608          512     4911060.062   8589934592  34359738368        1.749        6.996
       float    coalesced       32        1        1     16777216          256     4910481.152   8589934592  34359738368        1.749        6.997
       float    coalesced       32        1        1     33554432          128     4910301.395   8589934592  34359738368        1.749        6.997
       float    coalesced       32        1        1     67108864           64     4910303.057   8589934592  34359738368        1.749        6.997
       float    coalesced       32        1        1    134217728           32     4910328.353   8589934592  34359738368        1.749        6.997
       float    coalesced       32        1        1    268435456           16     4910161.749   8589934592  34359738368        1.749        6.998
       float    coalesced       32        1        1    536870912            8     4910272.877   8589934592  34359738368        1.749        6.998
       float    coalesced       32        1        1   1073741824            4     4910264.360   8589934592  34359738368        1.749        6.998
       float    coalesced       32        1        1   2147483648            2     4910256.884   8589934592  34359738368        1.749        6.998
       float    coalesced       32        1        1   4293918720            1     4909097.670   8587837440  34351349760        1.749        6.997
