        type trial_config ert_flop   unroll  buffers        nsize       trials       microsecs        bytes        flops         GB/s         GF/s
       float    coalesced       32       16        1           64     67108864    47610286.457   8589934592  34359738368        0.180        0.722
       float    coalesced       32       16        1          128     33554432    23805422.997   8589934592  34359738368        0.361        1.443
       float    coalesced       32       16        1          256     16777216    12469620.544   8589934592  34359738368        0.689        2.755
       float    coalesced       32       16        1          512      8388608     6546794.761   8589934592  34359738368        1.312        5.248
       float    coalesced       32       16        1         1024      4194304     3637340.446   8589934592  34359738368        2.362        9.446
       float    coalesced       32       16        1         2048      2097152     2046288.872   8589934592  34359738368        4.198       16.791
       float    coalesced       32       16        1         4096      1048576     1169518.749   8589934592  34359738368        7.345       29.379
       float    coalesced       32       16        1         8192       524288      712053.695   8589934592  34359738368       12.064       48.254
       float    coalesced       32       16        1        16384       262144      511978.891   8589934592  34359738368       16.778       67.112
       float    coalesced       32       16        1        32768       131072      435622.415   8589934592  34359738368       19.719       78.875
       float    coalesced       32       16        1        65536        65536      384113.392   8589934592  34359738368       22.363       89.452
       float    coalesced       32       16        1       131072        32768      359721.829   8589934592  34359738368       23.879       95.518
       float    coalesced       32       16        1       262144        16384      349223.297   8589934592  34359738368       24.597       98.389
       float    coalesced       32       16        1       524288         8192      343593.642   8589934592  34359738368       25.000      100.001
       float    coalesced       32       16        1      1048576         4096      340675.755   8589934592  34359738368       25.214      100.858
       float    coalesced       32       16        1      2097152         2048      339320.982   8589934592  34359738368       25.315      101.260
       float    coalesced       32       16        1      4194304         1024      338549.486   8589934592  34359738368       25.373      101.491
       float    coalesced       32       16        1      8388608          512      338152.968   8589934592  34359738368       25.403      101.610
       float    coalesced       32       16        1     16777216          256      338109.089   8589934592  34359738368       25.406      101.623
       float    coalesced       32       16        1     33554432          128      337973.441   8589934592  34359738368       25.416      101.664
       float    coalesced       32       16        1     67108864           64      337834.928   8589934592  34359738368       25.426      101.706
       float    coalesced       32       16        1    134217728           32      337757.902   8589934592  34359738368       25.432      101.729
       float    coalesced       32       16        1    268435456           16      337851.259   8589934592  34359738368       25.425      101.701
       float    coalesced       32       16        1    536870912            8      337874.157   8589934592  34359738368       25.423      101.694
       float    coalesced       32       16        1   1073741824            4      342419.367   8589934592  34359738368       25.086      100.344
       float    coalesced       32       16        1   2147483648            2      337696.855   8589934592  34359738368       25.437      101.747
       float    coalesced       32       16        1   4293918720            1      337665.415   8587837440  34351349760       25.433      101.732
