        type trial_config ert_flop   unroll  buffers        nsize       trials       microsecs        bytes        flops         GB/s         GF/s
       float    coalesced        4        8        0           32       524288       53728.507     33554432     16777216        0.625        0.312
       float    coalesced        4        8        0           64       262144       28001.089     33554432     16777216        1.198        0.599
       float    coalesced        4        8        0          128       131072       15220.968     33554432     16777216        2.204        1.102
       float    coalesced        4        8        0          256        65536        8868.767     33554432     16777216        3.783        1.892
       float    coalesced        4        8        0          512        32768        5587.064     33554432     16777216        6.006        3.003
       float    coalesced        4        8        0         1024        16384        4000.743     33554432     16777216        8.387        4.194
       float    coalesced        4        8        0         2048         8192        3244.403     33554432     16777216       10.342        5.171
       float    coalesced        4        8        0         4096         4096        2905.311     33554432     16777216       11.549        5.775
       float    coalesced        4        8        0         8192         2048        2651.768     33554432     16777216       12.654        6.327
       float    coalesced        4        8        0        16384         1024        2508.365     33554432     16777216       13.377        6.689
       float    coalesced        4        8        0        32768         1024        4649.366     67108864     33554432       14.434        7.217
       float    coalesced        4        8        0        65536         1024        8969.746    134217728     67108864       14.963        7.482
       float    coalesced        4        8        0       131072         1024       17483.989    268435456    134217728       15.353        7.677
       float    coalesced        4        8        0       262144         1024       34551.182    536870912    268435456       15.538        7.769
       float    coalesced        4        8        0       524288         1024       68682.533   1073741824    536870912       15.633        7.817
       float    coalesced        4        8        0      1048576         1024      136827.236   2147483648   1073741824       15.695        7.847
       float    coalesced        4        8        0      2097152         1024      273254.250   4294967296   2147483648       15.718        7.859
       float    coalesced        4        8        0      4194304         1024      546116.233   8589934592   4294967296       15.729        7.865
       float    coalesced        4        8        0      8388608         1024     1091716.130  17179869184   8589934592       15.737        7.868
       float    coalesced        4        8        0     16777216         1024     2182994.162  34359738368  17179869184       15.740        7.870
