        type trial_config ert_flop   unroll  buffers        nsize       trials       microsecs        bytes        flops         GB/s         GF/s
        long    coalesced      215        1        2           16     67108864   945231455.256   2147483648  28856811520        0.002        0.031
        long    coalesced      215        1        2           32     67108864   947664432.795   4294967296  57713623040        0.005        0.061
        long    coalesced      215        1        2           64     67108864   949223384.548   8589934592 115427246080        0.009        0.122
        long    coalesced      215        1        2          128     67108864   953683594.319  17179869184 230854492160        0.018        0.242
        long    coalesced      215        1        2          256     33554432   480547935.313  17179869184 230854492160        0.036        0.480
        long    coalesced      215        1        2          512     16777216   243151839.554  17179869184 230854492160        0.071        0.949
        long    coalesced      215        1        2         1024      8388608   124382028.326  17179869184 230854492160        0.138        1.856
        long    coalesced      215        1        2         2048      4194304    64061174.935  17179869184 230854492160        0.268        3.604
        long    coalesced      215        1        2         4096      2097152    33550912.792  17179869184 230854492160        0.512        6.881
        long    coalesced      215        1        2         8192      1048576    18412474.737  17179869184 230854492160        0.933       12.538
        long    coalesced      215        1        2        16384       524288    10813780.294  17179869184 230854492160        1.589       21.348
        long    coalesced      215        1        2        32768       262144     7014767.137  17179869184 230854492160        2.449       32.910
        long    coalesced      215        1        2        65536       131072     5122931.275  17179869184 230854492160        3.354       45.063
        long    coalesced      215        1        2       131072        65536     4177445.522  17179869184 230854492160        4.113       55.262
        long    coalesced      215        1        2       262144        32768     3701875.440  17179869184 230854492160        4.641       62.361
        long    coalesced      215        1        2       524288        16384     3464457.008  17179869184 230854492160        4.959       66.635
        long    coalesced      215        1        2      1048576         8192     3346340.802  17179869184 230854492160        5.134       68.987
        long    coalesced      215        1        2      2097152         4096     3286451.076  17179869184 230854492160        5.227       70.244
        long    coalesced      215        1        2      4194304         2048     3256794.789  17179869184 230854492160        5.275       70.884
        long    coalesced      215        1        2      8388608         1024     3241936.956  17179869184 230854492160        5.299       71.209
        long    coalesced      215        1        2     16777216          512     3234544.688  17179869184 230854492160        5.311       71.372
        long    coalesced      215        1        2     33554432          256     3230809.724  17179869184 230854492160        5.318       71.454
        long    coalesced      215        1        2     67108864          128     3228980.164  17179869184 230854492160        5.321       71.495
        long    coalesced      215        1        2    134217728           64     3227954.405  17179869184 230854492160        5.322       71.517
        long    coalesced      215        1        2    268435456           32     3227368.838  17179869184 230854492160        5.323       71.530
        long    coalesced      215        1        2    536870912           16     3227334.790  17179869184 230854492160        5.323       71.531
        long    coalesced      215        1        2   1073741824            8     3227290.411  17179869184 230854492160        5.323       71.532
        long    coalesced      215        1        2   2147483648            4     3227214.319  17179869184 230854492160        5.323       71.534
        long    coalesced      215        1        2   4294967296            2     3227091.155  17179869184 230854492160        5.324       71.536
        long    coalesced      215        1        2   8588886016            1     3226679.862  17177772032 230826311680        5.324       71.537
