        type trial_config ert_flop   unroll  buffers        nsize       trials       microsecs        bytes        flops         GB/s         GF/s
         int    coalesced      256        1        2            8     67108864   598524083.004   1073741824  34359738368        0.002        0.057
         int    coalesced      256        1        2           16     67108864   598524265.854   2147483648  68719476736        0.004        0.115
         int    coalesced      256        1        2           32     67108864   599654796.934   4294967296 137438953472        0.007        0.229
         int    coalesced      256        1        2           64     67108864   604278629.361   8589934592 274877906944        0.014        0.455
         int    coalesced      256        1        2          128     67108864   610993017.309  17179869184 549755813888        0.028        0.900
         int    coalesced      256        1        2          256     33554432   309464257.086  17179869184 549755813888        0.056        1.776
         int    coalesced      256        1        2          512     16777216   158491238.024  17179869184 549755813888        0.108        3.469
         int    coalesced      256        1        2         1024      8388608    81830015.780  17179869184 549755813888        0.210        6.718
         int    coalesced      256        1        2         2048      4194304    43642860.825  17179869184 549755813888        0.394       12.597
         int    coalesced      256        1        2         4096      2097152    24055513.196  17179869184 549755813888        0.714       22.854
         int    coalesced      256        1        2         8192      1048576    14320597.608  17179869184 549755813888        1.200       38.389
         int    coalesced      256        1        2        16384       524288     9547236.587  17179869184 549755813888        1.799       57.583
         int    coalesced      256        1        2        32768       262144     7103408.231  17179869184 549755813888        2.419       77.393
         int    coalesced      256        1        2        65536       131072     5892205.863  17179869184 549755813888        2.916       93.302
         int    coalesced      256        1        2       131072        65536     5285303.527  17179869184 549755813888        3.250      104.016
         int    coalesced      256        1        2       262144        32768     4987029.511  17179869184 549755813888        3.445      110.237
         int    coalesced      256        1        2       524288        16384     4833506.656  17179869184 549755813888        3.554      113.739
         int    coalesced      256        1        2      1048576         8192     4758457.807  17179869184 549755813888        3.610      115.532
         int    coalesced      256        1        2      2097152         4096     4720604.527  17179869184 549755813888        3.639      116.459
         int    coalesced      256        1        2      4194304         2048     4701475.506  17179869184 549755813888        3.654      116.933
         int    coalesced      256        1        2      8388608         1024     4691960.519  17179869184 549755813888        3.662      117.170
         int    coalesced      256        1        2     16777216          512     4687269.302  17179869184 549755813888        3.665      117.287
         int    coalesced      256        1        2     33554432          256     4684874.399  17179869184 549755813888        3.667      117.347
         int    coalesced      256        1        2     67108864          128     4683726.633  17179869184 549755813888        3.668      117.376
         int    coalesced      256        1        2    134217728           64     4683120.179  17179869184 549755813888        3.668      117.391
         int    coalesced      256        1        2    268435456           32     4682779.818  17179869184 549755813888        3.669      117.399
         int    coalesced      256        1        2    536870912           16     4682692.284  17179869184 549755813888        3.669      117.402
         int    coalesced      256        1        2   1073741824            8     4682594.055  17179869184 549755813888        3.669      117.404
         int    coalesced      256        1        2   2147483648            4     4682563.685  17179869184 549755813888        3.669      117.405
         int    coalesced      256        1        2   4294967296            2     4682482.289  17179869184 549755813888        3.669      117.407
         int    coalesced      256        1        2   8588886016            1     4681937.591  17177772032 549688705024        3.669      117.406
