        type trial_config ert_flop   unroll  buffers        nsize       trials       microsecs        bytes        flops         GB/s         GF/s
        long    coalesced        8       32        1          256     16777216    14547863.908   8589934592   4294967296        0.590        0.295
        long    coalesced        8       32        1          512      8388608     7274068.923   8589934592   4294967296        1.181        0.590
        long    coalesced        8       32        1         1024      4194304     3851204.309   8589934592   4294967296        2.230        1.115
        long    coalesced        8       32        1         2048      2097152     2046041.328   8589934592   4294967296        4.198        2.099
        long    coalesced        8       32        1         4096      1048576     1169264.682   8589934592   4294967296        7.346        3.673
        long    coalesced        8       32        1         8192       524288      736786.068   8589934592   4294967296       11.659        5.829
        long    coalesced        8       32        1        16384       262144      511739.717   8589934592   4294967296       16.786        8.393
        long    coalesced        8       32        1        32768       131072      388888.538   8589934592   4294967296       22.088       11.044
        long    coalesced        8       32        1        65536        65536      330239.976   8589934592   4294967296       26.011       13.006
        long    coalesced        8       32        1       131072        32768      300210.158   8589934592   4294967296       28.613       14.307
        long    coalesced        8       32        1       262144        16384      294736.404   8589934592   4294967296       29.144       14.572
        long    coalesced        8       32        1       524288         8192      290403.701   8589934592   4294967296       29.579       14.790
        long    coalesced        8       32        1      1048576         4096      288513.083   8589934592   4294967296       29.773       14.887
        long    coalesced        8       32        1      2097152         2048      287543.884   8589934592   4294967296       29.873       14.937
        long    coalesced        8       32        1      4194304         1024      286970.540   8589934592   4294967296       29.933       14.967
        long    coalesced        8       32        1      8388608          512      286650.354   8589934592   4294967296       29.967       14.983
        long    coalesced        8       32        1     16777216          256      286467.626   8589934592   4294967296       29.986       14.993
        long    coalesced        8       32        1     33554432          128      286398.321   8589934592   4294967296       29.993       14.996
        long    coalesced        8       32        1     67108864           64      286348.423   8589934592   4294967296       29.998       14.999
        long    coalesced        8       32        1    134217728           32      286346.552   8589934592   4294967296       29.998       14.999
        long    coalesced        8       32        1    268435456           16      286332.382   8589934592   4294967296       30.000       15.000
        long    coalesced        8       32        1    536870912            8      286461.677   8589934592   4294967296       29.986       14.993
        long    coalesced        8       32        1   1073741824            4      286395.642   8589934592   4294967296       29.993       14.997
        long    coalesced        8       32        1   2147483648            2      286402.684   8589934592   4294967296       29.993       14.996
        long    coalesced        8       32        1   4293918720            1      286341.200   8587837440   4293918720       29.992       14.996
