        type trial_config ert_flop   unroll  buffers        nsize       trials       microsecs        bytes        flops         GB/s         GF/s
       float    coalesced        8       32        2          256     33554432    17457604.822  17179869184  17179869184        0.984        0.984
       float    coalesced        8       32        2          512     16777216     9352497.262  17179869184  17179869184        1.837        1.837
       float    coalesced        8       32        2         1024      8388608     5141326.216  17179869184  17179869184        3.342        3.342
       float    coalesced        8       32        2         2048      4194304     2976066.561  17179869184  17179869184        5.773        5.773
       float    coalesced        8       32        2         4096      2097152     1637047.539  17179869184  17179869184       10.494       10.494
       float    coalesced        8       32        2         8192      1048576     1116322.186  17179869184  17179869184       15.390       15.390
       float    coalesced        8       32        2        16384       524288      818736.467  17179869184  17179869184       20.983       20.983
       float    coalesced        8       32        2        32768       262144      697276.059  17179869184  17179869184       24.639       24.639
       float    coalesced        8       32        2        65536       131072      639764.984  17179869184  17179869184       26.853       26.853
       float    coalesced        8       32        2       131072        65536      597811.752  17179869184  17179869184       28.738       28.738
       float    coalesced        8       32        2       262144        32768      580703.024  17179869184  17179869184       29.585       29.585
       float    coalesced        8       32        2       524288        16384      573249.346  17179869184  17179869184       29.969       29.969
       float    coalesced        8       32        2      1048576         8192      569591.458  17179869184  17179869184       30.162       30.162
       float    coalesced        8       32        2      2097152         4096      567793.499  17179869184  17179869184       30.257       30.257
       float    coalesced        8       32        2      4194304         2048      566743.454  17179869184  17179869184       30.313       30.313
       float    coalesced        8       32        2      8388608         1024      566167.184  17179869184  17179869184       30.344       30.344
       float    coalesced        8       32        2     16777216          512      565877.568  17179869184  17179869184       30.360       30.360
       float    coalesced        8       32        2     33554432          256      565785.019  17179869184  17179869184       30.365       30.365
       float    coalesced        8       32        2     67108864          128      565854.122  17179869184  17179869184       30.361       30.361
       float    coalesced        8       32        2    134217728           64      566217.242  17179869184  17179869184       30.341       30.341
       float    coalesced        8       32        2    268435456           32      566405.471  17179869184  17179869184       30.331       30.331
       float    coalesced        8       32        2    536870912           16      566483.244  17179869184  17179869184       30.327       30.327
       float    coalesced        8       32        2   1073741824            8      566586.213  17179869184  17179869184       30.322       30.322
       float    coalesced        8       32        2   2147483648            4      566665.977  17179869184  17179869184       30.317       30.317
       float    coalesced        8       32        2   4294967296            2      566702.527  17179869184  17179869184       30.315       30.315
       float    coalesced        8       32        2   8588886016            1      566582.538  17177772032  17177772032       30.318       30.318
