        type trial_config ert_flop   unroll  buffers        nsize       trials       microsecs        bytes        flops         GB/s         GF/s
      double    coalesced       38        4        2           64     67108864   174569920.881   8589934592  20401094656        0.049        0.117
      double    coalesced       38        4        2          128     67108864   174569899.943  17179869184  40802189312        0.098        0.234
      double    coalesced       38        4        2          256     33554432    87285227.966  17179869184  40802189312        0.197        0.467
      double    coalesced       38        4        2          512     16777216    44000605.997  17179869184  40802189312        0.390        0.927
      double    coalesced       38        4        2         1024      8388608    23105323.904  17179869184  40802189312        0.744        1.766
      double    coalesced       38        4        2         2048      4194304    11903047.807  17179869184  40802189312        1.443        3.428
      double    coalesced       38        4        2         4096      2097152     6269075.403  17179869184  40802189312        2.740        6.508
      double    coalesced       38        4        2         8192      1048576     3467764.578  17179869184  40802189312        4.954       11.766
      double    coalesced       38        4        2        16384       524288     2046279.529  17179869184  40802189312        8.396       19.940
      double    coalesced       38        4        2        32768       262144     1364411.934  17179869184  40802189312       12.591       29.905
      double    coalesced       38        4        2        65536       131072      994386.256  17179869184  40802189312       17.277       41.033
      double    coalesced       38        4        2       131072        65536      802183.261  17179869184  40802189312       21.416       50.864
      double    coalesced       38        4        2       262144        32768      707615.424  17179869184  40802189312       24.279       57.662
      double    coalesced       38        4        2       524288        16384      661065.398  17179869184  40802189312       25.988       61.722
      double    coalesced       38        4        2      1048576         8192      637011.052  17179869184  40802189312       26.969       64.053
      double    coalesced       38        4        2      2097152         4096      625031.318  17179869184  40802189312       27.486       65.280
      double    coalesced       38        4        2      4194304         2048      619142.766  17179869184  40802189312       27.748       65.901
      double    coalesced       38        4        2      8388608         1024      616183.668  17179869184  40802189312       27.881       66.218
      double    coalesced       38        4        2     16777216          512      614823.912  17179869184  40802189312       27.943       66.364
      double    coalesced       38        4        2     33554432          256      613983.196  17179869184  40802189312       27.981       66.455
      double    coalesced       38        4        2     67108864          128      613599.389  17179869184  40802189312       27.999       66.496
      double    coalesced       38        4        2    134217728           64      613517.749  17179869184  40802189312       28.002       66.505
      double    coalesced       38        4        2    268435456           32      613405.431  17179869184  40802189312       28.007       66.517
      double    coalesced       38        4        2    536870912           16      613357.955  17179869184  40802189312       28.010       66.523
      double    coalesced       38        4        2   1073741824            8      613296.860  17179869184  40802189312       28.012       66.529
      double    coalesced       38        4        2   2147483648            4      613333.007  17179869184  40802189312       28.011       66.525
      double    coalesced       38        4        2   4294967296            2      613361.577  17179869184  40802189312       28.009       66.522
      double    coalesced       38        4        2   8588886016            1      613220.206  17177772032  40797208576       28.012       66.529
