        type trial_config ert_flop   unroll  buffers        nsize       trials       microsecs        bytes        flops         GB/s         GF/s
         int    coalesced       32        1        2            8     67108864   104742199.731   1073741824   4294967296        0.010        0.041
         int    coalesced       32        1        2           16     67108864   105749103.123   2147483648   8589934592        0.020        0.081
         int    coalesced       32        1        2           32     67108864   107822555.863   4294967296  17179869184        0.040        0.159
         int    coalesced       32        1        2           64     67108864   111452914.352   8589934592  34359738368        0.077        0.308
         int    coalesced       32        1        2          128     67108864   117113283.304  17179869184  68719476736        0.147        0.587
         int    coalesced       32        1        2          256     33554432    65463942.160  17179869184  68719476736        0.262        1.050
         int    coalesced       32        1        2          512     16777216    35707860.229  17179869184  68719476736        0.481        1.924
         int    coalesced       32        1        2         1024      8388608    20457816.166  17179869184  68719476736        0.840        3.359
         int    coalesced       32        1        2         2048      4194304    12687841.519  17179869184  68719476736        1.354        5.416
         int    coalesced       32        1        2         4096      2097152     8812852.607  17179869184  68719476736        1.949        7.798
         int    coalesced       32        1        2         8192      1048576     6861229.076  17179869184  68719476736        2.504       10.016
         int    coalesced       32        1        2        16384       524288     5892117.031  17179869184  68719476736        2.916       11.663
         int    coalesced       32        1        2        32768       262144     5391306.137  17179869184  68719476736        3.187       12.746
         int    coalesced       32        1        2        65536       131072     5132435.862  17179869184  68719476736        3.347       13.389
         int    coalesced       32        1        2       131072        65536     5019625.741  17179869184  68719476736        3.423       13.690
         int    coalesced       32        1        2       262144        32768     4959330.393  17179869184  68719476736        3.464       13.857
         int    coalesced       32        1        2       524288        16384     4928857.817  17179869184  68719476736        3.486       13.942
         int    coalesced       32        1        2      1048576         8192     4913618.768  17179869184  68719476736        3.496       13.986
         int    coalesced       32        1        2      2097152         4096     4905896.425  17179869184  68719476736        3.502       14.008
         int    coalesced       32        1        2      4194304         2048     4902243.320  17179869184  68719476736        3.504       14.018
         int    coalesced       32        1        2      8388608         1024     4900337.583  17179869184  68719476736        3.506       14.023
         int    coalesced       32        1        2     16777216          512     4899284.965  17179869184  68719476736        3.507       14.026
         int    coalesced       32        1        2     33554432          256     4899012.878  17179869184  68719476736        3.507       14.027
         int    coalesced       32        1        2     67108864          128     4898585.239  17179869184  68719476736        3.507       14.028
         int    coalesced       32        1        2    134217728           64     4898511.523  17179869184  68719476736        3.507       14.029
         int    coalesced       32        1        2    268435456           32     4898509.855  17179869184  68719476736        3.507       14.029
         int    coalesced       32        1        2    536870912           16     4898380.375  17179869184  68719476736        3.507       14.029
         int    coalesced       32        1        2   1073741824            8     4898549.256  17179869184  68719476736        3.507       14.029
         int    coalesced       32        1        2   2147483648            4     4898345.977  17179869184  68719476736        3.507       14.029
         int    coalesced       32        1        2   4294967296            2     4898480.389  17179869184  68719476736        3.507       14.029
         int    coalesced       32        1        2   8588886016            1     4897735.973  17177772032  68711088128        3.507       14.029
