        type trial_config ert_flop   unroll  buffers        nsize       trials       microsecs        bytes        flops         GB/s         GF/s
       float    coalesced        8        4        1           16     67108864    34914461.846   2147483648   2147483648        0.062        0.062
       float    coalesced        8        4        1           32     67108864    34914393.362   4294967296   4294967296        0.123        0.123
       float    coalesced        8        4        1           64     67108864    37408201.830   8589934592   8589934592        0.230        0.230
       float    coalesced        8        4        1          128     33554432    20143110.112   8589934592   8589934592        0.426        0.426
       float    coalesced        8        4        1          256     16777216    11902974.786   8589934592   8589934592        0.722        0.722
       float    coalesced        8        4        1          512      8388608     7133115.934   8589934592   8589934592        1.204        1.204
       float    coalesced        8        4        1         1024      4194304     4406658.394   8589934592   8589934592        1.949        1.949
       float    coalesced        8        4        1         2048      2097152     2763574.664   8589934592   8589934592        3.108        3.108
       float    coalesced        8        4        1         4096      1048576     2046255.896   8589934592   8589934592        4.198        4.198
       float    coalesced        8        4        1         8192       524288     1637146.451   8589934592   8589934592        5.247        5.247
       float    coalesced        8        4        1        16384       262144     1406050.894   8589934592   8589934592        6.109        6.109
       float    coalesced        8        4        1        32768       131072     1279001.602   8589934592   8589934592        6.716        6.716
       float    coalesced        8        4        1        65536        65536     1220084.270   8589934592   8589934592        7.040        7.040
       float    coalesced        8        4        1       131072        32768     1193789.163   8589934592   8589934592        7.196        7.196
       float    coalesced        8        4        1       262144        16384     1183146.473   8589934592   8589934592        7.260        7.260
       float    coalesced        8        4        1       524288         8192     1175668.400   8589934592   8589934592        7.306        7.306
       float    coalesced        8        4        1      1048576         4096     1172344.145   8589934592   8589934592        7.327        7.327
       float    coalesced        8        4        1      2097152         2048     1171035.485   8589934592   8589934592        7.335        7.335
       float    coalesced        8        4        1      4194304         1024     1170142.953   8589934592   8589934592        7.341        7.341
       float    coalesced        8        4        1      8388608          512     1169692.642   8589934592   8589934592        7.344        7.344
       float    coalesced        8        4        1     16777216          256     1169617.557   8589934592   8589934592        7.344        7.344
       float    coalesced        8        4        1     33554432          128     1169532.253   8589934592   8589934592        7.345        7.345
       float    coalesced        8        4        1     67108864           64     1169492.811   8589934592   8589934592        7.345        7.345
       float    coalesced        8        4        1    134217728           32     1169479.327   8589934592   8589934592        7.345        7.345
       float    coalesced        8        4        1    268435456           16     1169516.355   8589934592   8589934592        7.345        7.345
       float    coalesced        8        4        1    536870912            8     1169464.621   8589934592   8589934592        7.345        7.345
       float    coalesced        8        4        1   1073741824            4     1169559.519   8589934592   8589934592        7.345        7.345
       float    coalesced        8        4        1   2147483648            2     1169432.001   8589934592   8589934592        7.345        7.345
       float    coalesced        8        4        1   4293918720            1     1169205.197   8587837440   8587837440        7.345        7.345
