        type trial_config ert_flop   unroll  buffers        nsize       trials       microsecs        bytes        flops         GB/s         GF/s
        long    coalesced        3       32        2          512     16777216    10072111.632  17179869184   3221225472        1.706        0.320
        long    coalesced        3       32        2         1024      8388608     5455877.525  17179869184   3221225472        3.149        0.590
        long    coalesced        3       32        2         2048      4194304     3156985.378  17179869184   3221225472        5.442        1.020
        long    coalesced        3       32        2         4096      2097152     1794739.765  17179869184   3221225472        9.572        1.795
        long    coalesced        3       32        2         8192      1048576     1169593.601  17179869184   3221225472       14.689        2.754
        long    coalesced        3       32        2        16384       524288      854787.879  17179869184   3221225472       20.098        3.768
        long    coalesced        3       32        2        32768       262144      706819.490  17179869184   3221225472       24.306        4.557
        long    coalesced        3       32        2        65536       131072      640388.354  17179869184   3221225472       26.827        5.030
        long    coalesced        3       32        2       131072        65536      600695.982  17179869184   3221225472       28.600        5.362
        long    coalesced        3       32        2       262144        32768      582244.274  17179869184   3221225472       29.506        5.532
        long    coalesced        3       32        2       524288        16384      574491.321  17179869184   3221225472       29.904        5.607
        long    coalesced        3       32        2      1048576         8192      570183.452  17179869184   3221225472       30.130        5.649
        long    coalesced        3       32        2      2097152         4096      568017.846  17179869184   3221225472       30.245        5.671
        long    coalesced        3       32        2      4194304         2048      567040.955  17179869184   3221225472       30.297        5.681
        long    coalesced        3       32        2      8388608         1024      566632.741  17179869184   3221225472       30.319        5.685
        long    coalesced        3       32        2     16777216          512      566330.655  17179869184   3221225472       30.335        5.688
        long    coalesced        3       32        2     33554432          256      566272.793  17179869184   3221225472       30.339        5.688
        long    coalesced        3       32        2     67108864          128      566194.607  17179869184   3221225472       30.343        5.689
        long    coalesced        3       32        2    134217728           64      566018.496  17179869184   3221225472       30.352        5.691
        long    coalesced        3       32        2    268435456           32      566203.844  17179869184   3221225472       30.342        5.689
        long    coalesced        3       32        2    536870912           16      565924.059  17179869184   3221225472       30.357        5.692
        long    coalesced        3       32        2   1073741824            8      566317.888  17179869184   3221225472       30.336        5.688
        long    coalesced        3       32        2   2147483648            4      566069.889  17179869184   3221225472       30.349        5.691
        long    coalesced        3       32        2   4294967296            2      566973.074  17179869184   3221225472       30.301        5.681
        long    coalesced        3       32        2   8588886016            1      566908.941  17177772032   3220832256       30.301        5.681
