        type trial_config ert_flop   unroll  buffers        nsize       trials       microsecs        bytes        flops         GB/s         GF/s
       float    coalesced       64        4        1           16     67108864    65463926.079   2147483648  17179869184        0.033        0.262
       float    coalesced       64        4        1           32     67108864    66292690.070   4294967296  34359738368        0.065        0.518
       float    coalesced       64        4        1           64     67108864    68310368.505   8589934592  68719476736        0.126        1.006
       float    coalesced       64        4        1          128     33554432    37408208.918   8589934592  68719476736        0.230        1.837
       float    coalesced       64        4        1          256     16777216    19639508.824   8589934592  68719476736        0.437        3.499
       float    coalesced       64        4        1          512      8388608    10910967.049   8589934592  68719476736        0.787        6.298
       float    coalesced       64        4        1         1024      4194304     6546735.039   8589934592  68719476736        1.312       10.497
       float    coalesced       64        4        1         2048      2097152     4091911.906   8589934592  68719476736        2.099       16.794
       float    coalesced       64        4        1         4096      1048576     2455447.648   8589934592  68719476736        3.498       27.987
       float    coalesced       64        4        1         8192       524288     1860099.067   8589934592  68719476736        4.618       36.944
       float    coalesced       64        4        1        16384       262144     1534621.673   8589934592  68719476736        5.597       44.779
       float    coalesced       64        4        1        32768       131072     1337980.590   8589934592  68719476736        6.420       51.361
       float    coalesced       64        4        1        65536        65536     1255639.625   8589934592  68719476736        6.841       54.729
       float    coalesced       64        4        1       131072        32768     1214968.363   8589934592  68719476736        7.070       56.561
       float    coalesced       64        4        1       262144        16384     1190490.339   8589934592  68719476736        7.215       57.724
       float    coalesced       64        4        1       524288         8192     1180164.650   8589934592  68719476736        7.279       58.229
       float    coalesced       64        4        1      1048576         4096     1175130.481   8589934592  68719476736        7.310       58.478
       float    coalesced       64        4        1      2097152         2048     1172067.776   8589934592  68719476736        7.329       58.631
       float    coalesced       64        4        1      4194304         1024     1170820.074   8589934592  68719476736        7.337       58.693
       float    coalesced       64        4        1      8388608          512     1170150.859   8589934592  68719476736        7.341       58.727
       float    coalesced       64        4        1     16777216          256     1169820.748   8589934592  68719476736        7.343       58.744
       float    coalesced       64        4        1     33554432          128     1169694.474   8589934592  68719476736        7.344       58.750
       float    coalesced       64        4        1     67108864           64     1169600.428   8589934592  68719476736        7.344       58.755
       float    coalesced       64        4        1    134217728           32     1169627.821   8589934592  68719476736        7.344       58.753
       float    coalesced       64        4        1    268435456           16     1169476.631   8589934592  68719476736        7.345       58.761
       float    coalesced       64        4        1    536870912            8     1169479.719   8589934592  68719476736        7.345       58.761
       float    coalesced       64        4        1   1073741824            4     1169489.074   8589934592  68719476736        7.345       58.760
       float    coalesced       64        4        1   2147483648            2     1169434.430   8589934592  68719476736        7.345       58.763
       float    coalesced       64        4        1   4293918720            1     1169221.440   8587837440  68702699520        7.345       58.759
