        type trial_config ert_flop   unroll  buffers        nsize       trials       microsecs        bytes        flops         GB/s         GF/s
       float    coalesced        2      256        1         1024      4194304     2258464.666   8589934592   2147483648        3.803        0.951
       float    coalesced        2      256        1         2048      2097152     1259350.335   8589934592   2147483648        6.821        1.705
       float    coalesced        2      256        1         4096      1048576      779519.584   8589934592   2147483648       11.020        2.755
       float    coalesced        2      256        1         8192       524288      511792.849   8589934592   2147483648       16.784        4.196
       float    coalesced        2      256        1        16384       262144      409535.948   8589934592   2147483648       20.975        5.244
       float    coalesced        2      256        1        32768       131072      341325.481   8589934592   2147483648       25.166        6.292
       float    coalesced        2      256        1        65536        65536      302414.283   8589934592   2147483648       28.405        7.101
       float    coalesced        2      256        1       131072        32768      289160.389   8589934592   2147483648       29.706        7.427
       float    coalesced        2      256        1       262144        16384      285730.000   8589934592   2147483648       30.063        7.516
       float    coalesced        2      256        1       524288         8192      283343.196   8589934592   2147483648       30.316        7.579
       float    coalesced        2      256        1      1048576         4096      282261.516   8589934592   2147483648       30.433        7.608
       float    coalesced        2      256        1      2097152         2048      281797.672   8589934592   2147483648       30.483        7.621
       float    coalesced        2      256        1      4194304         1024      281591.244   8589934592   2147483648       30.505        7.626
       float    coalesced        2      256        1      8388608          512      281475.231   8589934592   2147483648       30.518        7.629
       float    coalesced        2      256        1     16777216          256      281407.327   8589934592   2147483648       30.525        7.631
       float    coalesced        2      256        1     33554432          128      281341.332   8589934592   2147483648       30.532        7.633
       float    coalesced        2      256        1     67108864           64      281391.328   8589934592   2147483648       30.527        7.632
       float    coalesced        2      256        1    134217728           32      281360.976   8589934592   2147483648       30.530        7.632
       float    coalesced        2      256        1    268435456           16      281362.323   8589934592   2147483648       30.530        7.632
       float    coalesced        2      256        1    536870912            8      281345.604   8589934592   2147483648       30.532        7.633
       float    coalesced        2      256        1   1073741824            4      281370.969   8589934592   2147483648       30.529        7.632
       float    coalesced        2      256        1   2147483648            2      281375.511   8589934592   2147483648       30.528        7.632
       float    coalesced        2      256        1   4293918720            1      281275.701   8587837440   2146959360       30.532        7.633
