        type trial_config ert_flop   unroll  buffers        nsize       trials       microsecs        bytes        flops         GB/s         GF/s
       float    coalesced        8       16        2          128     67108864    34914385.681  17179869184  17179869184        0.492        0.492
       float    coalesced        8       16        2          256     33554432    18704468.605  17179869184  17179869184        0.918        0.918
       float    coalesced        8       16        2          512     16777216     9698909.694  17179869184  17179869184        1.771        1.771
       float    coalesced        8       16        2         1024      8388608     5455819.834  17179869184  17179869184        3.149        3.149
       float    coalesced        8       16        2         2048      4194304     3133760.501  17179869184  17179869184        5.482        5.482
       float    coalesced        8       16        2         4096      2097152     1778479.869  17179869184  17179869184        9.660        9.660
       float    coalesced        8       16        2         8192      1048576     1169558.324  17179869184  17179869184       14.689       14.689
       float    coalesced        8       16        2        16384       524288      877286.618  17179869184  17179869184       19.583       19.583
       float    coalesced        8       16        2        32768       262144      730979.376  17179869184  17179869184       23.503       23.503
       float    coalesced        8       16        2        65536       131072      657440.843  17179869184  17179869184       26.131       26.131
       float    coalesced        8       16        2       131072        65536      617171.854  17179869184  17179869184       27.836       27.836
       float    coalesced        8       16        2       262144        32768      597199.652  17179869184  17179869184       28.767       28.767
       float    coalesced        8       16        2       524288        16384      590203.017  17179869184  17179869184       29.108       29.108
       float    coalesced        8       16        2      1048576         8192      583056.913  17179869184  17179869184       29.465       29.465
       float    coalesced        8       16        2      2097152         4096      580686.260  17179869184  17179869184       29.585       29.585
       float    coalesced        8       16        2      4194304         2048      579416.741  17179869184  17179869184       29.650       29.650
       float    coalesced        8       16        2      8388608         1024      578749.038  17179869184  17179869184       29.684       29.684
       float    coalesced        8       16        2     16777216          512      578457.144  17179869184  17179869184       29.699       29.699
       float    coalesced        8       16        2     33554432          256      578355.586  17179869184  17179869184       29.705       29.705
       float    coalesced        8       16        2     67108864          128      578328.236  17179869184  17179869184       29.706       29.706
       float    coalesced        8       16        2    134217728           64      578170.085  17179869184  17179869184       29.714       29.714
       float    coalesced        8       16        2    268435456           32      578251.604  17179869184  17179869184       29.710       29.710
       float    coalesced        8       16        2    536870912           16      578193.810  17179869184  17179869184       29.713       29.713
       float    coalesced        8       16        2   1073741824            8      578173.927  17179869184  17179869184       29.714       29.714
       float    coalesced        8       16        2   2147483648            4      578200.675  17179869184  17179869184       29.713       29.713
       float    coalesced        8       16        2   4294967296            2      578246.113  17179869184  17179869184       29.710       29.710
       float    coalesced        8       16        2   8588886016            1      578154.107  17177772032  17177772032       29.711       29.711
