        type trial_config ert_flop   unroll  buffers        nsize       trials       microsecs        bytes        flops         GB/s         GF/s
       float    coalesced        2       16        0           64       262144       21011.748     33554432      8388608        1.597        0.399
       float    coalesced        2       16        0          128       131072       11096.573     33554432      8388608        3.024        0.756
       float    coalesced        2       16        0          256        65536        6211.817     33554432      8388608        5.402        1.350
       float    coalesced        2       16        0          512        32768        3707.362     33554432      8388608        9.051        2.263
       float    coalesced        2       16        0         1024        16384        2457.277     33554432      8388608       13.655        3.414
       float    coalesced        2       16        0         2048         8192        1874.619     33554432      8388608       17.899        4.475
       float    coalesced        2       16        0         4096         4096        1541.301     33554432      8388608       21.770        5.443
       float    coalesced        2       16        0         8192         2048        1441.110     33554432      8388608       23.284        5.821
       float    coalesced        2       16        0        16384         1024        1323.357     33554432      8388608       25.356        6.339
       float    coalesced        2       16        0        32768         1024        2370.248     67108864     16777216       28.313        7.078
       float    coalesced        2       16        0        65536         1024        4446.699    134217728     33554432       30.184        7.546
       float    coalesced        2       16        0       131072         1024        8629.931    268435456     67108864       31.105        7.776
       float    coalesced        2       16        0       262144         1024       16878.074    536870912    134217728       31.809        7.952
       float    coalesced        2       16        0       524288         1024       33477.203   1073741824    268435456       32.074        8.018
       float    coalesced        2       16        0      1048576         1024       66624.208   2147483648    536870912       32.233        8.058
       float    coalesced        2       16        0      2097152         1024      132939.293   4294967296   1073741824       32.308        8.077
       float    coalesced        2       16        0      4194304         1024      265628.375   8589934592   2147483648       32.338        8.085
       float    coalesced        2       16        0      8388608         1024      530868.819  17179869184   4294967296       32.362        8.090
       float    coalesced        2       16        0     16777216         1024     1061404.739  34359738368   8589934592       32.372        8.093
