        type trial_config ert_flop   unroll  buffers        nsize       trials       microsecs        bytes        flops         GB/s         GF/s
         int    coalesced      505        1        1            4     67108864  1134701278.286    536870912  33889976320        0.000        0.030
         int    coalesced      505        1        1            8     67108864  1134701501.750   1073741824  67779952640        0.001        0.060
         int    coalesced      505        1        1           16     67108864  1134701096.768   2147483648 135559905280        0.002        0.119
         int    coalesced      505        1        1           32     67108864  1136830310.919   4294967296 271119810560        0.004        0.238
         int    coalesced      505        1        1           64     67108864  1142636554.821   8589934592 542239621120        0.008        0.475
         int    coalesced      505        1        1          128     33554432   576079420.907   8589934592 542239621120        0.015        0.941
         int    coalesced      505        1        1          256     16777216   291610680.780   8589934592 542239621120        0.029        1.859
         int    coalesced      505        1        1          512      8388608   148004926.795   8589934592 542239621120        0.058        3.664
         int    coalesced      505        1        1         1024      4194304    76374268.485   8589934592 542239621120        0.112        7.100
         int    coalesced      505        1        1         2048      2097152    40369414.312   8589934592 542239621120        0.213       13.432
         int    coalesced      505        1        1         4096      1048576    22367069.296   8589934592 542239621120        0.384       24.243
         int    coalesced      505        1        1         8192       524288    13390630.186   8589934592 542239621120        0.641       40.494
         int    coalesced      505        1        1        16384       262144     8865236.496   8589934592 542239621120        0.969       61.165
         int    coalesced      505        1        1        32768       131072     6625465.344   8589934592 542239621120        1.297       81.842
         int    coalesced      505        1        1        65536        65536     5498236.923   8589934592 542239621120        1.562       98.621
         int    coalesced      505        1        1       131072        32768     4935706.740   8589934592 542239621120        1.740      109.861
         int    coalesced      505        1        1       262144        16384     4653288.125   8589934592 542239621120        1.846      116.528
         int    coalesced      505        1        1       524288         8192     4512259.177   8589934592 542239621120        1.904      120.170
         int    coalesced      505        1        1      1048576         4096     4442011.175   8589934592 542239621120        1.934      122.071
         int    coalesced      505        1        1      2097152         2048     4406804.226   8589934592 542239621120        1.949      123.046
         int    coalesced      505        1        1      4194304         1024     4389124.679   8589934592 542239621120        1.957      123.542
         int    coalesced      505        1        1      8388608          512     4380294.254   8589934592 542239621120        1.961      123.791
         int    coalesced      505        1        1     16777216          256     4375874.346   8589934592 542239621120        1.963      123.916
         int    coalesced      505        1        1     33554432          128     4373656.324   8589934592 542239621120        1.964      123.979
         int    coalesced      505        1        1     67108864           64     4372603.386   8589934592 542239621120        1.964      124.008
         int    coalesced      505        1        1    134217728           32     4372038.902   8589934592 542239621120        1.965      124.024
         int    coalesced      505        1        1    268435456           16     4371781.880   8589934592 542239621120        1.965      124.032
         int    coalesced      505        1        1    536870912            8     4371628.539   8589934592 542239621120        1.965      124.036
         int    coalesced      505        1        1   1073741824            4     4371562.029   8589934592 542239621120        1.965      124.038
         int    coalesced      505        1        1   2147483648            2     4371535.732   8589934592 542239621120        1.965      124.039
         int    coalesced      505        1        1   4293918720            1     4370446.174   8587837440 542107238400        1.965      124.039
