        type trial_config ert_flop   unroll  buffers        nsize       trials       microsecs        bytes        flops         GB/s         GF/s
      double    coalesced        1      128        1         1024      4194304     2473871.071   8589934592    536870912        3.472        0.217
      double    coalesced        1      128        1         2048      2097152     1364372.858   8589934592    536870912        6.296        0.393
      double    coalesced        1      128        1         4096      1048576      818852.432   8589934592    536870912       10.490        0.656
      double    coalesced        1      128        1         8192       524288      568815.832   8589934592    536870912       15.101        0.944
      double    coalesced        1      128        1        16384       262144      424296.331   8589934592    536870912       20.245        1.265
      double    coalesced        1      128        1        32768       131072      356157.134   8589934592    536870912       24.118        1.507
      double    coalesced        1      128        1        65536        65536      323806.418   8589934592    536870912       26.528        1.658
      double    coalesced        1      128        1       131072        32768      307216.188   8589934592    536870912       27.961        1.748
      double    coalesced        1      128        1       262144        16384      298728.733   8589934592    536870912       28.755        1.797
      double    coalesced        1      128        1       524288         8192      292796.527   8589934592    536870912       29.338        1.834
      double    coalesced        1      128        1      1048576         4096      290615.589   8589934592    536870912       29.558        1.847
      double    coalesced        1      128        1      2097152         2048      289533.876   8589934592    536870912       29.668        1.854
      double    coalesced        1      128        1      4194304         1024      288970.167   8589934592    536870912       29.726        1.858
      double    coalesced        1      128        1      8388608          512      288654.217   8589934592    536870912       29.759        1.860
      double    coalesced        1      128        1     16777216          256      288595.126   8589934592    536870912       29.765        1.860
      double    coalesced        1      128        1     33554432          128      288514.206   8589934592    536870912       29.773        1.861
      double    coalesced        1      128        1     67108864           64      288482.686   8589934592    536870912       29.776        1.861
      double    coalesced        1      128        1    134217728           32      288456.593   8589934592    536870912       29.779        1.861
      double    coalesced        1      128        1    268435456           16      288444.876   8589934592    536870912       29.780        1.861
      double    coalesced        1      128        1    536870912            8      288406.739   8589934592    536870912       29.784        1.862
      double    coalesced        1      128        1   1073741824            4      288580.800   8589934592    536870912       29.766        1.860
      double    coalesced        1      128        1   2147483648            2      288404.336   8589934592    536870912       29.784        1.862
      double    coalesced        1      128        1   4293918720            1      288353.142   8587837440    536739840       29.782        1.861
