        type trial_config ert_flop   unroll  buffers        nsize       trials       microsecs        bytes        flops         GB/s         GF/s
       float    coalesced        1        1        1            4     67108864     1796213.252    536870912     67108864        0.299        0.037
       float    coalesced        1        1        1            8     67108864     1795972.904   1073741824    134217728        0.598        0.075
       float    coalesced        1        1        1           16     67108864     1795971.870   2147483648    268435456        1.196        0.149
       float    coalesced        1        1        1           32     67108864     1795959.326   4294967296    536870912        2.391        0.299
       float    coalesced        1        1        1           64     67108864     3591555.991   8589934592   1073741824        2.392        0.299
       float    coalesced        1        1        1          128     33554432     3591501.917   8589934592   1073741824        2.392        0.299
       float    coalesced        1        1        1          256     16777216     3591571.188   8589934592   1073741824        2.392        0.299
       float    coalesced        1        1        1          512      8388608     3591552.190   8589934592   1073741824        2.392        0.299
       float    coalesced        1        1        1         1024      4194304     3591518.597   8589934592   1073741824        2.392        0.299
       float    coalesced        1        1        1         2048      2097152     3591551.772   8589934592   1073741824        2.392        0.299
       float    coalesced        1        1        1         4096      1048576     3591520.735   8589934592   1073741824        2.392        0.299
       float    coalesced        1        1        1         8192       524288     3591459.735   8589934592   1073741824        2.392        0.299
       float    coalesced        1        1        1        16384       262144     3591485.196   8589934592   1073741824        2.392        0.299
       float    coalesced        1        1        1        32768       131072     3591522.673   8589934592   1073741824        2.392        0.299
       float    coalesced        1        1        1        65536        65536     3591589.276   8589934592   1073741824        2.392        0.299
       float    coalesced        1        1        1       131072        32768     3591535.633   8589934592   1073741824        2.392        0.299
       float    coalesced        1        1        1       262144        16384     3591532.596   8589934592   1073741824        2.392        0.299
       float    coalesced        1        1        1       524288         8192     3591571.000   8589934592   1073741824        2.392        0.299
       float    coalesced        1        1        1      1048576         4096     3591655.612   8589934592   1073741824        2.392        0.299
       float    coalesced        1        1        1      2097152         2048     3591741.703   8589934592   1073741824        2.392        0.299
       float    coalesced        1        1        1      4194304         1024     3592049.791   8589934592   1073741824        2.391        0.299
       float    coalesced        1        1        1      8388608          512     3592423.992   8589934592   1073741824        2.391        0.299
       float    coalesced        1        1        1     16777216          256     3593262.697   8589934592   1073741824        2.391        0.299
       float    coalesced        1        1        1     33554432          128     3595040.391   8589934592   1073741824        2.389        0.299
       float    coalesced        1        1        1     67108864           64     3598544.828   8589934592   1073741824        2.387        0.298
       float    coalesced        1        1        1    134217728           32     3605499.285   8589934592   1073741824        2.382        0.298
       float    coalesced        1        1        1    268435456           16     3619566.067   8589934592   1073741824        2.373        0.297
       float    coalesced        1        1        1    536870912            8     3647637.117   8589934592   1073741824        2.355        0.294
       float    coalesced        1        1        1   1073741824            4     3703806.601   8589934592   1073741824        2.319        0.290
       float    coalesced        1        1        1   2147483648            2     3815995.738   8589934592   1073741824        2.251        0.281
       float    coalesced        1        1        1   4293918720            1     4039458.233   8587837440   1073479680        2.126        0.266
