        type trial_config ert_flop   unroll  buffers        nsize       trials       microsecs        bytes        flops         GB/s         GF/s
       float    coalesced        1        4        0           16      1048576       73158.883     33554432      4194304        0.459        0.057
       float    coalesced        1        4        0           32       524288       38861.995     33554432      4194304        0.863        0.108
       float    coalesced        1        4        0           64       262144       21695.289     33554432      4194304        1.547        0.193
       float    coalesced        1        4        0          128       131072       13104.318     33554432      4194304        2.561        0.320
       float    coalesced        1        4        0          256        65536        8793.778     33554432      4194304        3.816        0.477
       float    coalesced        1        4        0          512        32768        6693.425     33554432      4194304        5.013        0.627
       float    coalesced        1        4        0         1024        16384        5578.617     33554432      4194304        6.015        0.752
       float    coalesced        1        4        0         2048         8192        5084.287     33554432      4194304        6.600        0.825
       float    coalesced        1        4        0         4096         4096        4786.244     33554432      4194304        7.011        0.876
       float    coalesced        1        4        0         8192         2048        4642.546     33554432      4194304        7.228        0.903
       float    coalesced        1        4        0        16384         1024        4583.736     33554432      4194304        7.320        0.915
       float    coalesced        1        4        0        32768         1024        8878.677     67108864      8388608        7.558        0.945
       float    coalesced        1        4        0        65536         1024       17462.813    134217728     16777216        7.686        0.961
       float    coalesced        1        4        0       131072         1024       34618.750    268435456     33554432        7.754        0.969
       float    coalesced        1        4        0       262144         1024       68910.230    536870912     67108864        7.791        0.974
       float    coalesced        1        4        0       524288         1024      137350.210   1073741824    134217728        7.818        0.977
       float    coalesced        1        4        0      1048576         1024      274327.978   2147483648    268435456        7.828        0.979
       float    coalesced        1        4        0      2097152         1024      548216.621   4294967296    536870912        7.834        0.979
       float    coalesced        1        4        0      4194304         1024     1096053.509   8589934592   1073741824        7.837        0.980
       float    coalesced        1        4        0      8388608         1024     2191690.052  17179869184   2147483648        7.839        0.980
       float    coalesced        1        4        0     16777216         1024     4383034.259  34359738368   4294967296        7.839        0.980
