        type trial_config ert_flop   unroll  buffers        nsize       trials       microsecs        bytes        flops         GB/s         GF/s
        long    coalesced        2        1        2           16     67108864    40285914.306   2147483648    268435456        0.053        0.007
        long    coalesced        2        1        2           32     67108864    40285810.447   4294967296    536870912        0.107        0.013
        long    coalesced        2        1        2           64     67108864    40285874.718   8589934592   1073741824        0.213        0.027
        long    coalesced        2        1        2          128     67108864    47610389.604  17179869184   2147483648        0.361        0.045
        long    coalesced        2        1        2          256     33554432    26186058.813  17179869184   2147483648        0.656        0.082
        long    coalesced        2        1        2          512     16777216    15107440.630  17179869184   2147483648        1.137        0.142
        long    coalesced        2        1        2         1024      8388608     9820030.070  17179869184   2147483648        1.749        0.219
        long    coalesced        2        1        2         2048      4194304     6335657.155  17179869184   2147483648        2.712        0.339
        long    coalesced        2        1        2         4096      2097152     4546584.290  17179869184   2147483648        3.779        0.472
        long    coalesced        2        1        2         8192      1048576     3720054.189  17179869184   2147483648        4.618        0.577
        long    coalesced        2        1        2        16384       524288     3239537.556  17179869184   2147483648        5.303        0.663
        long    coalesced        2        1        2        32768       262144     2989768.954  17179869184   2147483648        5.746        0.718
        long    coalesced        2        1        2        65536       131072     2872007.861  17179869184   2147483648        5.982        0.748
        long    coalesced        2        1        2       131072        65536     2813296.930  17179869184   2147483648        6.107        0.763
        long    coalesced        2        1        2       262144        32768     2785436.162  17179869184   2147483648        6.168        0.771
        long    coalesced        2        1        2       524288        16384     2771137.372  17179869184   2147483648        6.200        0.775
        long    coalesced        2        1        2      1048576         8192     2763902.511  17179869184   2147483648        6.216        0.777
        long    coalesced        2        1        2      2097152         4096     2760207.593  17179869184   2147483648        6.224        0.778
        long    coalesced        2        1        2      4194304         2048     2758371.469  17179869184   2147483648        6.228        0.779
        long    coalesced        2        1        2      8388608         1024     2757742.589  17179869184   2147483648        6.230        0.779
        long    coalesced        2        1        2     16777216          512     2757026.294  17179869184   2147483648        6.231        0.779
        long    coalesced        2        1        2     33554432          256     2756921.618  17179869184   2147483648        6.232        0.779
        long    coalesced        2        1        2     67108864          128     2756909.208  17179869184   2147483648        6.232        0.779
        long    coalesced        2        1        2    134217728           64     2756614.515  17179869184   2147483648        6.232        0.779
        long    coalesced        2        1        2    268435456           32     2756722.247  17179869184   2147483648        6.232        0.779
        long    coalesced        2        1        2    536870912           16     2756723.555  17179869184   2147483648        6.232        0.779
        long    coalesced        2        1        2   1073741824            8     2756668.394  17179869184   2147483648        6.232        0.779
        long    coalesced        2        1        2   2147483648            4     2756765.797  17179869184   2147483648        6.232        0.779
        long    coalesced        2        1        2   4294967296            2     2756580.466  17179869184   2147483648        6.232        0.779
        long    coalesced        2        1        2   8588886016            1     2756289.078  17177772032   2147221504        6.232        0.779
