        type trial_config ert_flop   unroll  buffers        nsize       trials       microsecs        bytes        flops         GB/s         GF/s
        long    coalesced        4        1        2           16     67108864    43714724.193   2147483648    536870912        0.049        0.012
        long    coalesced        4        1        2           32     67108864    47610355.737   4294967296   1073741824        0.090        0.023
        long    coalesced        4        1        2           64     67108864    47610330.711   8589934592   2147483648        0.180        0.045
        long    coalesced        4        1        2          128     67108864    49098100.433  17179869184   4294967296        0.350        0.087
        long    coalesced        4        1        2          256     33554432    29095494.112  17179869184   4294967296        0.590        0.148
        long    coalesced        4        1        2          512     16777216    16366467.308  17179869184   4294967296        1.050        0.262
        long    coalesced        4        1        2         1024      8388608    10425126.297  17179869184   4294967296        1.648        0.412
        long    coalesced        4        1        2         2048      4194304     6546897.766  17179869184   4294967296        2.624        0.656
        long    coalesced        4        1        2         4096      2097152     4676544.701  17179869184   4294967296        3.674        0.918
        long    coalesced        4        1        2         8192      1048576     3720139.341  17179869184   4294967296        4.618        1.155
        long    coalesced        4        1        2        16384       524288     3264192.086  17179869184   4294967296        5.263        1.316
        long    coalesced        4        1        2        32768       262144     2990466.982  17179869184   4294967296        5.745        1.436
        long    coalesced        4        1        2        65536       131072     2864579.182  17179869184   4294967296        5.997        1.499
        long    coalesced        4        1        2       131072        65536     2793733.610  17179869184   4294967296        6.149        1.537
        long    coalesced        4        1        2       262144        32768     2762206.093  17179869184   4294967296        6.220        1.555
        long    coalesced        4        1        2       524288        16384     2744626.978  17179869184   4294967296        6.259        1.565
        long    coalesced        4        1        2      1048576         8192     2736658.143  17179869184   4294967296        6.278        1.569
        long    coalesced        4        1        2      2097152         4096     2732225.961  17179869184   4294967296        6.288        1.572
        long    coalesced        4        1        2      4194304         2048     2730237.310  17179869184   4294967296        6.292        1.573
        long    coalesced        4        1        2      8388608         1024     2729248.613  17179869184   4294967296        6.295        1.574
        long    coalesced        4        1        2     16777216          512     2728622.667  17179869184   4294967296        6.296        1.574
        long    coalesced        4        1        2     33554432          256     2728465.959  17179869184   4294967296        6.297        1.574
        long    coalesced        4        1        2     67108864          128     2728345.480  17179869184   4294967296        6.297        1.574
        long    coalesced        4        1        2    134217728           64     2728177.313  17179869184   4294967296        6.297        1.574
        long    coalesced        4        1        2    268435456           32     2728167.793  17179869184   4294967296        6.297        1.574
        long    coalesced        4        1        2    536870912           16     2728231.808  17179869184   4294967296        6.297        1.574
        long    coalesced        4        1        2   1073741824            8     2728135.815  17179869184   4294967296        6.297        1.574
        long    coalesced        4        1        2   2147483648            4     2728161.747  17179869184   4294967296        6.297        1.574
        long    coalesced        4        1        2   4294967296            2     2728248.395  17179869184   4294967296        6.297        1.574
        long    coalesced        4        1        2   8588886016            1     2727914.189  17177772032   4294443008        6.297        1.574
