        type trial_config ert_flop   unroll  buffers        nsize       trials       microsecs        bytes        flops         GB/s         GF/s
       float    coalesced       32        2        2           16     67108864    47610510.680   2147483648   8589934592        0.045        0.180
       float    coalesced       32        2        2           32     67108864    47610473.231   4294967296  17179869184        0.090        0.361
       float    coalesced       32        2        2           64     67108864    49877629.739   8589934592  34359738368        0.172        0.689
       float    coalesced       32        2        2          128     67108864    52371431.830  17179869184  68719476736        0.328        1.312
       float    coalesced       32        2        2          256     33554432    29982011.637  17179869184  68719476736        0.573        2.292
       float    coalesced       32        2        2          512     16777216    17457527.829  17179869184  68719476736        0.984        3.936
       float    coalesced       32        2        2         1024      8388608    10911096.933  17179869184  68719476736        1.575        6.298
       float    coalesced       32        2        2         2048      4194304     6819558.200  17179869184  68719476736        2.519       10.077
       float    coalesced       32        2        2         4096      2097152     4786337.637  17179869184  68719476736        3.589       14.357
       float    coalesced       32        2        2         8192      1048576     3777216.429  17179869184  68719476736        4.548       18.193
       float    coalesced       32        2        2        16384       524288     3273671.249  17179869184  68719476736        5.248       20.992
       float    coalesced       32        2        2        32768       262144     3001207.265  17179869184  68719476736        5.724       22.897
       float    coalesced       32        2        2        65536       131072     2866377.846  17179869184  68719476736        5.994       23.974
       float    coalesced       32        2        2       131072        65536     2808678.325  17179869184  68719476736        6.117       24.467
       float    coalesced       32        2        2       262144        32768     2764189.498  17179869184  68719476736        6.215       24.861
       float    coalesced       32        2        2       524288        16384     2748693.124  17179869184  68719476736        6.250       25.001
       float    coalesced       32        2        2      1048576         8192     2737538.571  17179869184  68719476736        6.276       25.103
       float    coalesced       32        2        2      2097152         4096     2733297.771  17179869184  68719476736        6.285       25.142
       float    coalesced       32        2        2      4194304         2048     2730513.544  17179869184  68719476736        6.292       25.167
       float    coalesced       32        2        2      8388608         1024     2729452.679  17179869184  68719476736        6.294       25.177
       float    coalesced       32        2        2     16777216          512     2728739.752  17179869184  68719476736        6.296       25.184
       float    coalesced       32        2        2     33554432          256     2728425.486  17179869184  68719476736        6.297       25.186
       float    coalesced       32        2        2     67108864          128     2728285.991  17179869184  68719476736        6.297       25.188
       float    coalesced       32        2        2    134217728           64     2728288.057  17179869184  68719476736        6.297       25.188
       float    coalesced       32        2        2    268435456           32     2728241.790  17179869184  68719476736        6.297       25.188
       float    coalesced       32        2        2    536870912           16     2728205.438  17179869184  68719476736        6.297       25.189
       float    coalesced       32        2        2   1073741824            8     2728148.383  17179869184  68719476736        6.297       25.189
       float    coalesced       32        2        2   2147483648            4     2728155.503  17179869184  68719476736        6.297       25.189
       float    coalesced       32        2        2   4294967296            2     2728179.655  17179869184  68719476736        6.297       25.189
       float    coalesced       32        2        2   8588886016            1     2727884.299  17177772032  68711088128        6.297       25.188
