        type trial_config ert_flop   unroll  buffers        nsize       trials       microsecs        bytes        flops         GB/s         GF/s
       float    coalesced       64       16        1           64     67108864    61612962.618   8589934592  68719476736        0.139        1.115
       float    coalesced       64       16        1          128     33554432    32732115.093   8589934592  68719476736        0.262        2.099
       float    coalesced       64       16        1          256     16777216    16366309.632   8589934592  68719476736        0.525        4.199
       float    coalesced       64       16        1          512      8388608     8539264.381   8589934592  68719476736        1.006        8.047
       float    coalesced       64       16        1         1024      4194304     4676479.765   8589934592  68719476736        1.837       14.695
       float    coalesced       64       16        1         2048      2097152     2407238.294   8589934592  68719476736        3.568       28.547
       float    coalesced       64       16        1         4096      1048576     1364300.724   8589934592  68719476736        6.296       50.370
       float    coalesced       64       16        1         8192       524288      818778.438   8589934592  68719476736       10.491       83.929
       float    coalesced       64       16        1        16384       262144      558397.953   8589934592  68719476736       15.383      123.065
       float    coalesced       64       16        1        32768       131072      459743.372   8589934592  68719476736       18.684      149.474
       float    coalesced       64       16        1        65536        65536      391556.245   8589934592  68719476736       21.938      175.503
       float    coalesced       64       16        1       131072        32768      365777.199   8589934592  68719476736       23.484      187.872
       float    coalesced       64       16        1       262144        16384      350537.287   8589934592  68719476736       24.505      196.040
       float    coalesced       64       16        1       524288         8192      343186.870   8589934592  68719476736       25.030      200.239
       float    coalesced       64       16        1      1048576         4096      339391.395   8589934592  68719476736       25.310      202.479
       float    coalesced       64       16        1      2097152         2048      337798.806   8589934592  68719476736       25.429      203.433
       float    coalesced       64       16        1      4194304         1024      336850.838   8589934592  68719476736       25.501      204.006
       float    coalesced       64       16        1      8388608          512      336453.124   8589934592  68719476736       25.531      204.247
       float    coalesced       64       16        1     16777216          256      336317.467   8589934592  68719476736       25.541      204.329
       float    coalesced       64       16        1     33554432          128      336184.396   8589934592  68719476736       25.551      204.410
       float    coalesced       64       16        1     67108864           64      336121.253   8589934592  68719476736       25.556      204.448
       float    coalesced       64       16        1    134217728           32      336121.557   8589934592  68719476736       25.556      204.448
       float    coalesced       64       16        1    268435456           16      336053.502   8589934592  68719476736       25.561      204.490
       float    coalesced       64       16        1    536870912            8      335947.797   8589934592  68719476736       25.569      204.554
       float    coalesced       64       16        1   1073741824            4      335974.506   8589934592  68719476736       25.567      204.538
       float    coalesced       64       16        1   2147483648            2      336023.573   8589934592  68719476736       25.563      204.508
       float    coalesced       64       16        1   4293918720            1      335876.679   8587837440  68702699520       25.568      204.547
