        type trial_config ert_flop   unroll  buffers        nsize       trials       microsecs        bytes        flops         GB/s         GF/s
       float    coalesced        1       16        0           64       262144       18168.160     33554432      4194304        1.847        0.231
       float    coalesced        1       16        0          128       131072        9820.386     33554432      4194304        3.417        0.427
       float    coalesced        1       16        0          256        65536        5628.290     33554432      4194304        5.962        0.745
       float    coalesced        1       16        0          512        32768        3575.855     33554432      4194304        9.384        1.173
       float    coalesced        1       16        0         1024        16384        2500.126     33554432      4194304       13.421        1.678
       float    coalesced        1       16        0         2048         8192        2003.214     33554432      4194304       16.750        2.094
       float    coalesced        1       16        0         4096         4096        1766.420     33554432      4194304       18.996        2.374
       float    coalesced        1       16        0         8192         2048        1625.647     33554432      4194304       20.641        2.580
       float    coalesced        1       16        0        16384         1024        1572.686     33554432      4194304       21.336        2.667
       float    coalesced        1       16        0        32768         1024        2593.705     67108864      8388608       25.874        3.234
       float    coalesced        1       16        0        65536         1024        4676.010    134217728     16777216       28.703        3.588
       float    coalesced        1       16        0       131072         1024        8784.699    268435456     33554432       30.557        3.820
       float    coalesced        1       16        0       262144         1024       17128.711    536870912     67108864       31.343        3.918
       float    coalesced        1       16        0       524288         1024       33809.197   1073741824    134217728       31.759        3.970
       float    coalesced        1       16        0      1048576         1024       67097.520   2147483648    268435456       32.005        4.001
       float    coalesced        1       16        0      2097152         1024      133672.274   4294967296    536870912       32.131        4.016
       float    coalesced        1       16        0      4194304         1024      266832.497   8589934592   1073741824       32.192        4.024
       float    coalesced        1       16        0      8388608         1024      533143.717  17179869184   2147483648       32.224        4.028
       float    coalesced        1       16        0     16777216         1024     1065730.855  34359738368   4294967296       32.241        4.030
