        type trial_config ert_flop   unroll  buffers        nsize       trials       microsecs        bytes        flops         GB/s         GF/s
         int    coalesced      128        2        2           16     67108864   322282535.424   2147483648  34359738368        0.007        0.107
         int    coalesced      128        2        2           32     67108864   324371501.310   4294967296  68719476736        0.013        0.212
         int    coalesced      128        2        2           64     67108864   327318250.673   8589934592 137438953472        0.026        0.420
         int    coalesced      128        2        2          128     67108864   328442610.196  17179869184 274877906944        0.052        0.837
         int    coalesced      128        2        2          256     33554432   167592259.873  17179869184 274877906944        0.103        1.640
         int    coalesced      128        2        2          512     16777216    87285308.332  17179869184 274877906944        0.197        3.149
         int    coalesced      128        2        2         1024      8388608    45321430.656  17179869184 274877906944        0.379        6.065
         int    coalesced      128        2        2         2048      4194304    24003774.299  17179869184 274877906944        0.716       11.451
         int    coalesced      128        2        2         4096      2097152    13339504.148  17179869184 274877906944        1.288       20.606
         int    coalesced      128        2        2         8192      1048576     8183447.712  17179869184 274877906944        2.099       33.589
         int    coalesced      128        2        2        16384       524288     5355400.942  17179869184 274877906944        3.208       51.327
         int    coalesced      128        2        2        32768       262144     4091980.742  17179869184 274877906944        4.198       67.175
         int    coalesced      128        2        2        65536       131072     3343042.562  17179869184 274877906944        5.139       82.224
         int    coalesced      128        2        2       131072        65536     3010079.751  17179869184 274877906944        5.707       91.319
         int    coalesced      128        2        2       262144        32768     2841766.825  17179869184 274877906944        6.045       96.728
         int    coalesced      128        2        2       524288        16384     2758002.955  17179869184 274877906944        6.229       99.666
         int    coalesced      128        2        2      1048576         8192     2716294.600  17179869184 274877906944        6.325      101.196
         int    coalesced      128        2        2      2097152         4096     2695147.560  17179869184 274877906944        6.374      101.990
         int    coalesced      128        2        2      4194304         2048     2684708.774  17179869184 274877906944        6.399      102.386
         int    coalesced      128        2        2      8388608         1024     2679389.879  17179869184 274877906944        6.412      102.590
         int    coalesced      128        2        2     16777216          512     2676786.022  17179869184 274877906944        6.418      102.690
         int    coalesced      128        2        2     33554432          256     2675534.231  17179869184 274877906944        6.421      102.738
         int    coalesced      128        2        2     67108864          128     2674864.309  17179869184 274877906944        6.423      102.763
         int    coalesced      128        2        2    134217728           64     2674536.252  17179869184 274877906944        6.423      102.776
         int    coalesced      128        2        2    268435456           32     2674344.948  17179869184 274877906944        6.424      102.783
         int    coalesced      128        2        2    536870912           16     2674267.827  17179869184 274877906944        6.424      102.786
         int    coalesced      128        2        2   1073741824            8     2674188.830  17179869184 274877906944        6.424      102.789
         int    coalesced      128        2        2   2147483648            4     2674235.624  17179869184 274877906944        6.424      102.787
         int    coalesced      128        2        2   4294967296            2     2674248.522  17179869184 274877906944        6.424      102.787
         int    coalesced      128        2        2   8588886016            1     2673872.057  17177772032 274844352512        6.424      102.789
