        type trial_config ert_flop   unroll  buffers        nsize       trials       microsecs        bytes        flops         GB/s         GF/s
       float    coalesced       92       32        1          128     33554432    40285704.950   8589934592  98784247808        0.213        2.452
       float    coalesced       92       32        1          256     16777216    20143022.531   8589934592  98784247808        0.426        4.904
       float    coalesced       92       32        1          512      8388608    10910985.079   8589934592  98784247808        0.787        9.054
       float    coalesced       92       32        1         1024      4194304     5455704.608   8589934592  98784247808        1.574       18.107
       float    coalesced       92       32        1         2048      2097152     2888514.344   8589934592  98784247808        2.974       34.199
       float    coalesced       92       32        1         4096      1048576     1636993.338   8589934592  98784247808        5.247       60.345
       float    coalesced       92       32        1         8192       524288      934318.281   8589934592  98784247808        9.194      105.729
       float    coalesced       92       32        1        16384       262144      604213.900   8589934592  98784247808       14.217      163.492
       float    coalesced       92       32        1        32768       131072      438790.855   8589934592  98784247808       19.576      225.128
       float    coalesced       92       32        1        65536        65536      358403.085   8589934592  98784247808       23.967      275.623
       float    coalesced       92       32        1       131072        32768      320037.562   8589934592  98784247808       26.840      308.665
       float    coalesced       92       32        1       262144        16384      309635.152   8589934592  98784247808       27.742      319.034
       float    coalesced       92       32        1       524288         8192      303065.432   8589934592  98784247808       28.343      325.950
       float    coalesced       92       32        1      1048576         4096      299574.754   8589934592  98784247808       28.674      329.748
       float    coalesced       92       32        1      2097152         2048      297814.193   8589934592  98784247808       28.843      331.698
       float    coalesced       92       32        1      4194304         1024      296879.873   8589934592  98784247808       28.934      332.741
       float    coalesced       92       32        1      8388608          512      296411.851   8589934592  98784247808       28.980      333.267
       float    coalesced       92       32        1     16777216          256      296260.009   8589934592  98784247808       28.995      333.438
       float    coalesced       92       32        1     33554432          128      296168.037   8589934592  98784247808       29.004      333.541
       float    coalesced       92       32        1     67108864           64      296074.220   8589934592  98784247808       29.013      333.647
       float    coalesced       92       32        1    134217728           32      296074.592   8589934592  98784247808       29.013      333.646
       float    coalesced       92       32        1    268435456           16      296029.899   8589934592  98784247808       29.017      333.697
       float    coalesced       92       32        1    536870912            8      296072.140   8589934592  98784247808       29.013      333.649
       float    coalesced       92       32        1   1073741824            4      296082.775   8589934592  98784247808       29.012      333.637
       float    coalesced       92       32        1   2147483648            2      296056.602   8589934592  98784247808       29.015      333.667
       float    coalesced       92       32        1   4293918720            1      295951.895   8587837440  98760130560       29.018      333.703
