        type trial_config ert_flop   unroll  buffers        nsize       trials       microsecs        bytes        flops         GB/s         GF/s
         int    coalesced        2       16        2          128     67108864    34914605.329  17179869184   4294967296        0.492        0.123
         int    coalesced        2       16        2          256     33554432    18943069.667  17179869184   4294967296        0.907        0.227
         int    coalesced        2       16        2          512     16777216    10071947.464  17179869184   4294967296        1.706        0.426
         int    coalesced        2       16        2         1024      8388608     5683498.531  17179869184   4294967296        3.023        0.756
         int    coalesced        2       16        2         2048      4194304     3118060.348  17179869184   4294967296        5.510        1.377
         int    coalesced        2       16        2         4096      2097152     1819155.251  17179869184   4294967296        9.444        2.361
         int    coalesced        2       16        2         8192      1048576     1169695.103  17179869184   4294967296       14.687        3.672
         int    coalesced        2       16        2        16384       524288      852751.710  17179869184   4294967296       20.146        5.037
         int    coalesced        2       16        2        32768       262144      695588.830  17179869184   4294967296       24.698        6.175
         int    coalesced        2       16        2        65536       131072      630070.280  17179869184   4294967296       27.267        6.817
         int    coalesced        2       16        2       131072        65536      588723.044  17179869184   4294967296       29.182        7.295
         int    coalesced        2       16        2       262144        32768      578192.332  17179869184   4294967296       29.713        7.428
         int    coalesced        2       16        2       524288        16384      573243.152  17179869184   4294967296       29.970        7.492
         int    coalesced        2       16        2      1048576         8192      568810.812  17179869184   4294967296       30.203        7.551
         int    coalesced        2       16        2      2097152         4096      566983.892  17179869184   4294967296       30.300        7.575
         int    coalesced        2       16        2      4194304         2048      566072.836  17179869184   4294967296       30.349        7.587
         int    coalesced        2       16        2      8388608         1024      565627.552  17179869184   4294967296       30.373        7.593
         int    coalesced        2       16        2     16777216          512      565558.382  17179869184   4294967296       30.377        7.594
         int    coalesced        2       16        2     33554432          256      565507.528  17179869184   4294967296       30.380        7.595
         int    coalesced        2       16        2     67108864          128      565377.973  17179869184   4294967296       30.387        7.597
         int    coalesced        2       16        2    134217728           64      565379.050  17179869184   4294967296       30.386        7.597
         int    coalesced        2       16        2    268435456           32      565364.756  17179869184   4294967296       30.387        7.597
         int    coalesced        2       16        2    536870912           16      565352.145  17179869184   4294967296       30.388        7.597
         int    coalesced        2       16        2   1073741824            8      565225.871  17179869184   4294967296       30.395        7.599
         int    coalesced        2       16        2   2147483648            4      565173.651  17179869184   4294967296       30.398        7.599
         int    coalesced        2       16        2   4294967296            2      565174.088  17179869184   4294967296       30.397        7.599
         int    coalesced        2       16        2   8588886016            1      565126.641  17177772032   4294443008       30.396        7.599
