        type trial_config ert_flop   unroll  buffers        nsize       trials       microsecs        bytes        flops         GB/s         GF/s
      double    coalesced       39        4        2           64     67108864   159853953.525   8589934592  20937965568        0.054        0.131
      double    coalesced       39        4        2          128     67108864   161141554.828  17179869184  41875931136        0.107        0.260
      double    coalesced       39        4        2          256     33554432    81830206.176  17179869184  41875931136        0.210        0.512
      double    coalesced       39        4        2          512     16777216    43643164.717  17179869184  41875931136        0.394        0.960
      double    coalesced       39        4        2         1024      8388608    21821877.166  17179869184  41875931136        0.787        1.919
      double    coalesced       39        4        2         2048      4194304    11331042.096  17179869184  41875931136        1.516        3.696
      double    coalesced       39        4        2         4096      2097152     5952001.157  17179869184  41875931136        2.886        7.036
      double    coalesced       39        4        2         8192      1048576     3273982.729  17179869184  41875931136        5.247       12.791
      double    coalesced       39        4        2        16384       524288     1970670.646  17179869184  41875931136        8.718       21.250
      double    coalesced       39        4        2        32768       262144     1279216.211  17179869184  41875931136       13.430       32.736
      double    coalesced       39        4        2        65536       131072      940500.010  17179869184  41875931136       18.267       44.525
      double    coalesced       39        4        2       131072        65536      767891.212  17179869184  41875931136       22.373       54.534
      double    coalesced       39        4        2       262144        32768      696993.793  17179869184  41875931136       24.649       60.081
      double    coalesced       39        4        2       524288        16384      655050.924  17179869184  41875931136       26.227       63.928
      double    coalesced       39        4        2      1048576         8192      638049.862  17179869184  41875931136       26.926       65.631
      double    coalesced       39        4        2      2097152         4096      625605.664  17179869184  41875931136       27.461       66.937
      double    coalesced       39        4        2      4194304         2048      621555.654  17179869184  41875931136       27.640       67.373
      double    coalesced       39        4        2      8388608         1024      618839.801  17179869184  41875931136       27.761       67.668
      double    coalesced       39        4        2     16777216          512      617834.772  17179869184  41875931136       27.807       67.779
      double    coalesced       39        4        2     33554432          256      617206.157  17179869184  41875931136       27.835       67.848
      double    coalesced       39        4        2     67108864          128      616905.409  17179869184  41875931136       27.848       67.881
      double    coalesced       39        4        2    134217728           64      616672.986  17179869184  41875931136       27.859       67.906
      double    coalesced       39        4        2    268435456           32      616652.744  17179869184  41875931136       27.860       67.908
      double    coalesced       39        4        2    536870912           16      616574.589  17179869184  41875931136       27.863       67.917
      double    coalesced       39        4        2   1073741824            8      616546.721  17179869184  41875931136       27.865       67.920
      double    coalesced       39        4        2   2147483648            4      616461.444  17179869184  41875931136       27.869       67.930
      double    coalesced       39        4        2   4294967296            2      616467.412  17179869184  41875931136       27.868       67.929
      double    coalesced       39        4        2   8588886016            1      616434.343  17177772032  41870819328       27.866       67.924
