        type trial_config ert_flop   unroll  buffers        nsize       trials       microsecs        bytes        flops         GB/s         GF/s
       float    coalesced        2        2        0            8      2097152      184090.050     33554432      8388608        0.182        0.046
       float    coalesced        2        2        0           16      1048576       96486.341     33554432      8388608        0.348        0.087
       float    coalesced        2        2        0           32       524288       52741.676     33554432      8388608        0.636        0.159
       float    coalesced        2        2        0           64       262144       30896.231     33554432      8388608        1.086        0.272
       float    coalesced        2        2        0          128       131072       19956.693     33554432      8388608        1.681        0.420
       float    coalesced        2        2        0          256        65536       14502.563     33554432      8388608        2.314        0.578
       float    coalesced        2        2        0          512        32768       11721.550     33554432      8388608        2.863        0.716
       float    coalesced        2        2        0         1024        16384       10394.353     33554432      8388608        3.228        0.807
       float    coalesced        2        2        0         2048         8192        9741.376     33554432      8388608        3.445        0.861
       float    coalesced        2        2        0         4096         4096        9361.961     33554432      8388608        3.584        0.896
       float    coalesced        2        2        0         8192         2048        9213.784     33554432      8388608        3.642        0.910
       float    coalesced        2        2        0        16384         1024        9077.904     33554432      8388608        3.696        0.924
       float    coalesced        2        2        0        32768         1024       17854.146     67108864     16777216        3.759        0.940
       float    coalesced        2        2        0        65536         1024       35301.807    134217728     33554432        3.802        0.951
       float    coalesced        2        2        0       131072         1024       70317.376    268435456     67108864        3.817        0.954
       float    coalesced        2        2        0       262144         1024      140211.334    536870912    134217728        3.829        0.957
       float    coalesced        2        2        0       524288         1024      280025.273   1073741824    268435456        3.834        0.959
       float    coalesced        2        2        0      1048576         1024      559668.059   2147483648    536870912        3.837        0.959
       float    coalesced        2        2        0      2097152         1024     1118949.547   4294967296   1073741824        3.838        0.960
       float    coalesced        2        2        0      4194304         1024     2237421.748   8589934592   2147483648        3.839        0.960
       float    coalesced        2        2        0      8388608         1024     4474372.737  17179869184   4294967296        3.840        0.960
       float    coalesced        2        2        0     16777216         1024     8948334.082  34359738368   8589934592        3.840        0.960
