        type trial_config ert_flop   unroll  buffers        nsize       trials       microsecs        bytes        flops         GB/s         GF/s
        long    coalesced       32        4        2           64     67108864   118321468.024   8589934592  17179869184        0.073        0.145
        long    coalesced       32        4        2          128     67108864   120856301.160  17179869184  34359738368        0.142        0.284
        long    coalesced       32        4        2          256     33554432    60428385.897  17179869184  34359738368        0.284        0.569
        long    coalesced       32        4        2          512     16777216    31741956.869  17179869184  34359738368        0.541        1.082
        long    coalesced       32        4        2         1024      8388608    16449454.285  17179869184  34359738368        1.044        2.089
        long    coalesced       32        4        2         2048      4194304     8729076.922  17179869184  34359738368        1.968        3.936
        long    coalesced       32        4        2         4096      2097152     4676567.735  17179869184  34359738368        3.674        7.347
        long    coalesced       32        4        2         8192      1048576     2653481.976  17179869184  34359738368        6.474       12.949
        long    coalesced       32        4        2        16384       524288     1637199.385  17179869184  34359738368       10.493       20.987
        long    coalesced       32        4        2        32768       262144     1104873.230  17179869184  34359738368       15.549       31.098
        long    coalesced       32        4        2        65536       131072      862873.988  17179869184  34359738368       19.910       39.820
        long    coalesced       32        4        2       131072        65536      727144.803  17179869184  34359738368       23.626       47.253
        long    coalesced       32        4        2       262144        32768      684482.987  17179869184  34359738368       25.099       50.198
        long    coalesced       32        4        2       524288        16384      665368.685  17179869184  34359738368       25.820       51.640
        long    coalesced       32        4        2      1048576         8192      649672.383  17179869184  34359738368       26.444       52.888
        long    coalesced       32        4        2      2097152         4096      645008.587  17179869184  34359738368       26.635       53.270
        long    coalesced       32        4        2      4194304         2048      641159.060  17179869184  34359738368       26.795       53.590
        long    coalesced       32        4        2      8388608         1024      639775.587  17179869184  34359738368       26.853       53.706
        long    coalesced       32        4        2     16777216          512      639005.347  17179869184  34359738368       26.885       53.771
        long    coalesced       32        4        2     33554432          256      638532.912  17179869184  34359738368       26.905       53.810
        long    coalesced       32        4        2     67108864          128      638405.921  17179869184  34359738368       26.911       53.821
        long    coalesced       32        4        2    134217728           64      638237.777  17179869184  34359738368       26.918       53.835
        long    coalesced       32        4        2    268435456           32      638210.087  17179869184  34359738368       26.919       53.838
        long    coalesced       32        4        2    536870912           16      638266.464  17179869184  34359738368       26.916       53.833
        long    coalesced       32        4        2   1073741824            8      638255.962  17179869184  34359738368       26.917       53.834
        long    coalesced       32        4        2   2147483648            4      638186.148  17179869184  34359738368       26.920       53.840
        long    coalesced       32        4        2   4294967296            2      638184.296  17179869184  34359738368       26.920       53.840
        long    coalesced       32        4        2   8588886016            1      638136.567  17177772032  34355544064       26.919       53.837
