        type trial_config ert_flop   unroll  buffers        nsize       trials       microsecs        bytes        flops         GB/s         GF/s
      double    coalesced       15       16        1          128     33554432    41477299.049   8589934592   8053063680        0.207        0.194
      double    coalesced       15       16        1          256     16777216    21821593.837   8589934592   8053063680        0.394        0.369
      double    coalesced       15       16        1          512      8388608    10910983.291   8589934592   8053063680        0.787        0.738
      double    coalesced       15       16        1         1024      4194304     5692911.668   8589934592   8053063680        1.509        1.415
      double    coalesced       15       16        1         2048      2097152     2976079.103   8589934592   8053063680        2.886        2.706
      double    coalesced       15       16        1         4096      1048576     1636984.277   8589934592   8053063680        5.247        4.919
      double    coalesced       15       16        1         8192       524288      977411.062   8589934592   8053063680        8.788        8.239
      double    coalesced       15       16        1        16384       262144      641075.281   8589934592   8053063680       13.399       12.562
      double    coalesced       15       16        1        32768       131072      455016.160   8589934592   8053063680       18.878       17.698
      double    coalesced       15       16        1        65536        65536      367043.604   8589934592   8053063680       23.403       21.940
      double    coalesced       15       16        1       131072        32768      327919.271   8589934592   8053063680       26.195       24.558
      double    coalesced       15       16        1       262144        16384      312458.971   8589934592   8053063680       27.491       25.773
      double    coalesced       15       16        1       524288         8192      304479.502   8589934592   8053063680       28.212       26.449
      double    coalesced       15       16        1      1048576         4096      300543.859   8589934592   8053063680       28.581       26.795
      double    coalesced       15       16        1      2097152         2048      298548.263   8589934592   8053063680       28.772       26.974
      double    coalesced       15       16        1      4194304         1024      297455.738   8589934592   8053063680       28.878       27.073
      double    coalesced       15       16        1      8388608          512      297029.109   8589934592   8053063680       28.920       27.112
      double    coalesced       15       16        1     16777216          256      296742.441   8589934592   8053063680       28.947       27.138
      double    coalesced       15       16        1     33554432          128      296602.481   8589934592   8053063680       28.961       27.151
      double    coalesced       15       16        1     67108864           64      296508.845   8589934592   8053063680       28.970       27.160
      double    coalesced       15       16        1    134217728           32      296513.476   8589934592   8053063680       28.970       27.159
      double    coalesced       15       16        1    268435456           16      296531.405   8589934592   8053063680       28.968       27.158
      double    coalesced       15       16        1    536870912            8      296466.794   8589934592   8053063680       28.974       27.163
      double    coalesced       15       16        1   1073741824            4      296469.796   8589934592   8053063680       28.974       27.163
      double    coalesced       15       16        1   2147483648            2      296485.175   8589934592   8053063680       28.973       27.162
      double    coalesced       15       16        1   4293918720            1      296433.195   8587837440   8051097600       28.971       27.160
