        type trial_config ert_flop   unroll  buffers        nsize       trials       microsecs        bytes        flops         GB/s         GF/s
      double    coalesced        8        4        2           64     67108864    58190384.696   8589934592   4294967296        0.148        0.074
      double    coalesced        8        4        2          128     67108864    60097794.463  17179869184   8589934592        0.286        0.143
      double    coalesced        8        4        2          256     33554432    30807086.062  17179869184   8589934592        0.558        0.279
      double    coalesced        8        4        2          512     16777216    16366464.223  17179869184   8589934592        1.050        0.525
      double    coalesced        8        4        2         1024      8388608     9352437.806  17179869184   8589934592        1.837        0.918
      double    coalesced        8        4        2         2048      4194304     4910292.708  17179869184   8589934592        3.499        1.749
      double    coalesced        8        4        2         4096      2097152     2728074.161  17179869184   8589934592        6.297        3.149
      double    coalesced        8        4        2         8192      1048576     1637001.813  17179869184   8589934592       10.495        5.247
      double    coalesced        8        4        2        16384       524288     1167099.052  17179869184   8589934592       14.720        7.360
      double    coalesced        8        4        2        32768       262144      877178.507  17179869184   8589934592       19.585        9.793
      double    coalesced        8        4        2        65536       131072      740931.279  17179869184   8589934592       23.187       11.593
      double    coalesced        8        4        2       131072        65536      675782.073  17179869184   8589934592       25.422       12.711
      double    coalesced        8        4        2       262144        32768      652639.841  17179869184   8589934592       26.324       13.162
      double    coalesced        8        4        2       524288        16384      639684.285  17179869184   8589934592       26.857       13.428
      double    coalesced        8        4        2      1048576         8192      631380.549  17179869184   8589934592       27.210       13.605
      double    coalesced        8        4        2      2097152         4096      627763.197  17179869184   8589934592       27.367       13.683
      double    coalesced        8        4        2      4194304         2048      626074.795  17179869184   8589934592       27.441       13.720
      double    coalesced        8        4        2      8388608         1024      625186.270  17179869184   8589934592       27.480       13.740
      double    coalesced        8        4        2     16777216          512      624839.857  17179869184   8589934592       27.495       13.747
      double    coalesced        8        4        2     33554432          256      624563.273  17179869184   8589934592       27.507       13.754
      double    coalesced        8        4        2     67108864          128      624555.229  17179869184   8589934592       27.507       13.754
      double    coalesced        8        4        2    134217728           64      624372.542  17179869184   8589934592       27.515       13.758
      double    coalesced        8        4        2    268435456           32      624363.275  17179869184   8589934592       27.516       13.758
      double    coalesced        8        4        2    536870912           16      624376.199  17179869184   8589934592       27.515       13.758
      double    coalesced        8        4        2   1073741824            8      624395.131  17179869184   8589934592       27.514       13.757
      double    coalesced        8        4        2   2147483648            4      624447.991  17179869184   8589934592       27.512       13.756
      double    coalesced        8        4        2   4294967296            2      624439.316  17179869184   8589934592       27.512       13.756
      double    coalesced        8        4        2   8588886016            1      624262.533  17177772032   8588886016       27.517       13.758
