        type trial_config ert_flop   unroll  buffers        nsize       trials       microsecs        bytes        flops         GB/s         GF/s
        long    coalesced       10       16        2          256     33554432    33428530.899  17179869184  10737418240        0.514        0.321
        long    coalesced       10       16        2          512     16777216    17457392.097  17179869184  10737418240        0.984        0.615
        long    coalesced       10       16        2         1024      8388608     9352395.150  17179869184  10737418240        1.837        1.148
        long    coalesced       10       16        2         2048      4194304     5036077.277  17179869184  10737418240        3.411        2.132
        long    coalesced       10       16        2         4096      2097152     2728116.510  17179869184  10737418240        6.297        3.936
        long    coalesced       10       16        2         8192      1048576     1637088.043  17179869184  10737418240       10.494        6.559
        long    coalesced       10       16        2        16384       524288     1143145.687  17179869184  10737418240       15.029        9.393
        long    coalesced       10       16        2        32768       262144      874347.807  17179869184  10737418240       19.649       12.280
        long    coalesced       10       16        2        65536       131072      739208.170  17179869184  10737418240       23.241       14.526
        long    coalesced       10       16        2       131072        65536      682367.503  17179869184  10737418240       25.177       15.736
        long    coalesced       10       16        2       262144        32768      639788.441  17179869184  10737418240       26.852       16.783
        long    coalesced       10       16        2       524288        16384      623296.609  17179869184  10737418240       27.563       17.227
        long    coalesced       10       16        2      1048576         8192      614679.145  17179869184  10737418240       27.949       17.468
        long    coalesced       10       16        2      2097152         4096      610542.813  17179869184  10737418240       28.139       17.587
        long    coalesced       10       16        2      4194304         2048      608360.845  17179869184  10737418240       28.240       17.650
        long    coalesced       10       16        2      8388608         1024      607461.872  17179869184  10737418240       28.281       17.676
        long    coalesced       10       16        2     16777216          512      606851.109  17179869184  10737418240       28.310       17.694
        long    coalesced       10       16        2     33554432          256      606584.907  17179869184  10737418240       28.322       17.701
        long    coalesced       10       16        2     67108864          128      606479.521  17179869184  10737418240       28.327       17.705
        long    coalesced       10       16        2    134217728           64      606404.707  17179869184  10737418240       28.331       17.707
        long    coalesced       10       16        2    268435456           32      606395.863  17179869184  10737418240       28.331       17.707
        long    coalesced       10       16        2    536870912           16      606321.468  17179869184  10737418240       28.335       17.709
        long    coalesced       10       16        2   1073741824            8      606292.804  17179869184  10737418240       28.336       17.710
        long    coalesced       10       16        2   2147483648            4      606340.194  17179869184  10737418240       28.334       17.709
        long    coalesced       10       16        2   4294967296            2      606268.044  17179869184  10737418240       28.337       17.711
        long    coalesced       10       16        2   8588886016            1      606267.592  17177772032  10736107520       28.334       17.709
