        type trial_config ert_flop   unroll  buffers        nsize       trials       microsecs        bytes        flops         GB/s         GF/s
        long    coalesced        4       16        2          256     33554432    23805434.134  17179869184   4294967296        0.722        0.180
        long    coalesced        4       16        2          512     16777216    11903112.585  17179869184   4294967296        1.443        0.361
        long    coalesced        4       16        2         1024      8388608     6335701.736  17179869184   4294967296        2.712        0.678
        long    coalesced        4       16        2         2048      4194304     3637371.283  17179869184   4294967296        4.723        1.181
        long    coalesced        4       16        2         4096      2097152     1966851.746  17179869184   4294967296        8.735        2.184
        long    coalesced        4       16        2         8192      1048576     1259315.595  17179869184   4294967296       13.642        3.411
        long    coalesced        4       16        2        16384       524288      909628.327  17179869184   4294967296       18.887        4.722
        long    coalesced        4       16        2        32768       262144      727043.741  17179869184   4294967296       23.630        5.907
        long    coalesced        4       16        2        65536       131072      643791.055  17179869184   4294967296       26.685        6.671
        long    coalesced        4       16        2       131072        65536      597133.742  17179869184   4294967296       28.771        7.193
        long    coalesced        4       16        2       262144        32768      576771.425  17179869184   4294967296       29.786        7.447
        long    coalesced        4       16        2       524288        16384      571940.755  17179869184   4294967296       30.038        7.509
        long    coalesced        4       16        2      1048576         8192      567217.650  17179869184   4294967296       30.288        7.572
        long    coalesced        4       16        2      2097152         4096      565303.175  17179869184   4294967296       30.391        7.598
        long    coalesced        4       16        2      4194304         2048      564239.927  17179869184   4294967296       30.448        7.612
        long    coalesced        4       16        2      8388608         1024      564021.669  17179869184   4294967296       30.460        7.615
        long    coalesced        4       16        2     16777216          512      563723.405  17179869184   4294967296       30.476        7.619
        long    coalesced        4       16        2     33554432          256      563812.608  17179869184   4294967296       30.471        7.618
        long    coalesced        4       16        2     67108864          128      564101.037  17179869184   4294967296       30.455        7.614
        long    coalesced        4       16        2    134217728           64      564596.182  17179869184   4294967296       30.429        7.607
        long    coalesced        4       16        2    268435456           32      565227.405  17179869184   4294967296       30.395        7.599
        long    coalesced        4       16        2    536870912           16      565605.814  17179869184   4294967296       30.374        7.594
        long    coalesced        4       16        2   1073741824            8      565395.259  17179869184   4294967296       30.386        7.596
        long    coalesced        4       16        2   2147483648            4      565306.650  17179869184   4294967296       30.390        7.598
        long    coalesced        4       16        2   4294967296            2      565656.005  17179869184   4294967296       30.372        7.593
        long    coalesced        4       16        2   8588886016            1      564708.132  17177772032   4294443008       30.419        7.605
