        type trial_config ert_flop   unroll  buffers        nsize       trials       microsecs        bytes        flops         GB/s         GF/s
         int    coalesced      125        8        1           32     67108864   324201079.567   4294967296  67108864000        0.013        0.207
         int    coalesced      125        8        1           64     67108864   327318238.079   8589934592 134217728000        0.026        0.410
         int    coalesced      125        8        1          128     33554432   163659375.802   8589934592 134217728000        0.052        0.820
         int    coalesced      125        8        1          256     16777216    82489776.052   8589934592 134217728000        0.104        1.627
         int    coalesced      125        8        1          512      8388608    42084194.994   8589934592 134217728000        0.204        3.189
         int    coalesced      125        8        1         1024      4194304    21821577.419   8589934592 134217728000        0.394        6.151
         int    coalesced      125        8        1         2048      2097152    10985696.211   8589934592 134217728000        0.782       12.217
         int    coalesced      125        8        1         4096      1048576     5807633.634   8589934592 134217728000        1.479       23.111
         int    coalesced      125        8        1         8192       524288     3202454.808   8589934592 134217728000        2.682       41.911
         int    coalesced      125        8        1        16384       262144     1900054.284   8589934592 134217728000        4.521       70.639
         int    coalesced      125        8        1        32768       131072     1242435.698   8589934592 134217728000        6.914      108.028
         int    coalesced      125        8        1        65536        65536      907067.146   8589934592 134217728000        9.470      147.969
         int    coalesced      125        8        1       131072        32768      739161.189   8589934592 134217728000       11.621      181.581
         int    coalesced      125        8        1       262144        16384      652766.802   8589934592 134217728000       13.159      205.614
         int    coalesced      125        8        1       524288         8192      608719.209   8589934592 134217728000       14.111      220.492
         int    coalesced      125        8        1      1048576         4096      586767.531   8589934592 134217728000       14.639      228.741
         int    coalesced      125        8        1      2097152         2048      575768.127   8589934592 134217728000       14.919      233.111
         int    coalesced      125        8        1      4194304         1024      570236.981   8589934592 134217728000       15.064      235.372
         int    coalesced      125        8        1      8388608          512      567534.225   8589934592 134217728000       15.136      236.493
         int    coalesced      125        8        1     16777216          256      566133.895   8589934592 134217728000       15.173      237.078
         int    coalesced      125        8        1     33554432          128      565491.503   8589934592 134217728000       15.190      237.347
         int    coalesced      125        8        1     67108864           64      565138.616   8589934592 134217728000       15.200      237.495
         int    coalesced      125        8        1    134217728           32      564945.022   8589934592 134217728000       15.205      237.577
         int    coalesced      125        8        1    268435456           16      564876.635   8589934592 134217728000       15.207      237.605
         int    coalesced      125        8        1    536870912            8      564796.241   8589934592 134217728000       15.209      237.639
         int    coalesced      125        8        1   1073741824            4      564802.177   8589934592 134217728000       15.209      237.637
         int    coalesced      125        8        1   2147483648            2      564743.022   8589934592 134217728000       15.210      237.662
         int    coalesced      125        8        1   4293918720            1      564691.898   8587837440 134184960000       15.208      237.625
