        type trial_config ert_flop   unroll  buffers        nsize       trials       microsecs        bytes        flops         GB/s         GF/s
      double    coalesced        2        1        2           16     67108864    39849378.342   2147483648    268435456        0.054        0.007
      double    coalesced        2        1        2           32     67108864    40285779.967   4294967296    536870912        0.107        0.013
      double    coalesced        2        1        2           64     67108864    42418203.653   8589934592   1073741824        0.203        0.025
      double    coalesced        2        1        2          128     67108864    45135492.221  17179869184   2147483648        0.381        0.048
      double    coalesced        2        1        2          256     33554432    26185839.771  17179869184   2147483648        0.656        0.082
      double    coalesced        2        1        2          512     16777216    15403683.139  17179869184   2147483648        1.115        0.139
      double    coalesced        2        1        2         1024      8388608     9820054.007  17179869184   2147483648        1.749        0.219
      double    coalesced        2        1        2         2048      4194304     6271393.855  17179869184   2147483648        2.739        0.342
      double    coalesced        2        1        2         4096      2097152     4463868.106  17179869184   2147483648        3.849        0.481
      double    coalesced        2        1        2         8192      1048576     3601974.654  17179869184   2147483648        4.770        0.596
      double    coalesced        2        1        2        16384       524288     3169297.407  17179869184   2147483648        5.421        0.678
      double    coalesced        2        1        2        32768       262144     2951797.039  17179869184   2147483648        5.820        0.728
      double    coalesced        2        1        2        65536       131072     2845509.309  17179869184   2147483648        6.038        0.755
      double    coalesced        2        1        2       131072        65536     2790077.508  17179869184   2147483648        6.157        0.770
      double    coalesced        2        1        2       262144        32768     2758543.400  17179869184   2147483648        6.228        0.778
      double    coalesced        2        1        2       524288        16384     2743550.762  17179869184   2147483648        6.262        0.783
      double    coalesced        2        1        2      1048576         8192     2735718.041  17179869184   2147483648        6.280        0.785
      double    coalesced        2        1        2      2097152         4096     2731984.021  17179869184   2147483648        6.288        0.786
      double    coalesced        2        1        2      4194304         2048     2730056.285  17179869184   2147483648        6.293        0.787
      double    coalesced        2        1        2      8388608         1024     2729133.875  17179869184   2147483648        6.295        0.787
      double    coalesced        2        1        2     16777216          512     2728607.364  17179869184   2147483648        6.296        0.787
      double    coalesced        2        1        2     33554432          256     2728390.204  17179869184   2147483648        6.297        0.787
      double    coalesced        2        1        2     67108864          128     2728258.314  17179869184   2147483648        6.297        0.787
      double    coalesced        2        1        2    134217728           64     2728232.653  17179869184   2147483648        6.297        0.787
      double    coalesced        2        1        2    268435456           32     2728201.270  17179869184   2147483648        6.297        0.787
      double    coalesced        2        1        2    536870912           16     2728223.689  17179869184   2147483648        6.297        0.787
      double    coalesced        2        1        2   1073741824            8     2728313.355  17179869184   2147483648        6.297        0.787
      double    coalesced        2        1        2   2147483648            4     2728179.041  17179869184   2147483648        6.297        0.787
      double    coalesced        2        1        2   4294967296            2     2728170.957  17179869184   2147483648        6.297        0.787
      double    coalesced        2        1        2   8588886016            1     2727800.765  17177772032   2147221504        6.297        0.787
