        type trial_config ert_flop   unroll  buffers        nsize       trials       microsecs        bytes        flops         GB/s         GF/s
        long    coalesced      212        1        2           16     67108864   919535321.851   2147483648  28454158336        0.002        0.031
        long    coalesced      212        1        2           32     67108864   921727772.590   4294967296  56908316672        0.005        0.062
        long    coalesced      212        1        2           64     67108864   924192446.000   8589934592 113816633344        0.009        0.123
        long    coalesced      212        1        2          128     67108864   926903380.157  17179869184 227633266688        0.019        0.246
        long    coalesced      212        1        2          256     33554432   467597671.362  17179869184 227633266688        0.037        0.487
        long    coalesced      212        1        2          512     16777216   236916562.852  17179869184 227633266688        0.073        0.961
        long    coalesced      212        1        2         1024      8388608   121108418.479  17179869184 227633266688        0.142        1.880
        long    coalesced      212        1        2         2048      4194304    62191220.405  17179869184 227633266688        0.276        3.660
        long    coalesced      212        1        2         4096      2097152    32732638.732  17179869184 227633266688        0.525        6.954
        long    coalesced      212        1        2         8192      1048576    18003169.926  17179869184 227633266688        0.954       12.644
        long    coalesced      212        1        2        16384       524288    10601303.280  17179869184 227633266688        1.621       21.472
        long    coalesced      212        1        2        32768       262144     6905198.224  17179869184 227633266688        2.488       32.965
        long    coalesced      212        1        2        65536       131072     5058284.140  17179869184 227633266688        3.396       45.002
        long    coalesced      212        1        2       131072        65536     4134851.598  17179869184 227633266688        4.155       55.052
        long    coalesced      212        1        2       262144        32768     3673822.115  17179869184 227633266688        4.676       61.961
        long    coalesced      212        1        2       524288        16384     3442676.387  17179869184 227633266688        4.990       66.121
        long    coalesced      212        1        2      1048576         8192     3326997.657  17179869184 227633266688        5.164       68.420
        long    coalesced      212        1        2      2097152         4096     3269374.842  17179869184 227633266688        5.255       69.626
        long    coalesced      212        1        2      4194304         2048     3240414.160  17179869184 227633266688        5.302       70.248
        long    coalesced      212        1        2      8388608         1024     3226070.222  17179869184 227633266688        5.325       70.561
        long    coalesced      212        1        2     16777216          512     3218930.150  17179869184 227633266688        5.337       70.717
        long    coalesced      212        1        2     33554432          256     3215300.984  17179869184 227633266688        5.343       70.797
        long    coalesced      212        1        2     67108864          128     3213530.405  17179869184 227633266688        5.346       70.836
        long    coalesced      212        1        2    134217728           64     3212411.799  17179869184 227633266688        5.348       70.861
        long    coalesced      212        1        2    268435456           32     3212089.233  17179869184 227633266688        5.349       70.868
        long    coalesced      212        1        2    536870912           16     3211921.361  17179869184 227633266688        5.349       70.871
        long    coalesced      212        1        2   1073741824            8     3211729.989  17179869184 227633266688        5.349       70.876
        long    coalesced      212        1        2   2147483648            4     3211599.239  17179869184 227633266688        5.349       70.878
        long    coalesced      212        1        2   4294967296            2     3211718.844  17179869184 227633266688        5.349       70.876
        long    coalesced      212        1        2   8588886016            1     3211284.174  17177772032 227605479424        5.349       70.877
