        type trial_config ert_flop   unroll  buffers        nsize       trials       microsecs        bytes        flops         GB/s         GF/s
       float    coalesced        1        7        2           56     67108864   178379026.884   7516192768    939524096        0.042        0.005
       float    coalesced        1        7        2          112     67108864   222886616.387  15032385536   1879048192        0.067        0.008
       float    coalesced        1        7        2          224     38347922   178229901.713  17179869056   2147483632        0.096        0.012
       float    coalesced        1        7        2          448     19173961   139981096.256  17179869056   2147483632        0.123        0.015
       float    coalesced        1        7        2          896      9586980   120856895.946  17179868160   2147483520        0.142        0.018
       float    coalesced        1        7        2         1792      4793490   111294509.168  17179868160   2147483520        0.154        0.019
       float    coalesced        1        7        2         3584      2396745   106513138.791  17179868160   2147483520        0.161        0.020
       float    coalesced        1        7        2         7168      1198372   104122568.473  17179860992   2147482624        0.165        0.021
       float    coalesced        1        7        2        14336       599186   102927398.927  17179860992   2147482624        0.167        0.021
       float    coalesced        1        7        2        28672       299593   102329818.416  17179860992   2147482624        0.168        0.021
       float    coalesced        1        7        2        57344       149796   102030655.504  17179803648   2147475456        0.168        0.021
       float    coalesced        1        7        2       114688        74898   101881281.352  17179803648   2147475456        0.169        0.021
       float    coalesced        1        7        2       229376        37449   101806511.743  17179803648   2147475456        0.169        0.021
       float    coalesced        1        7        2       458752        18724   101766658.559  17179344896   2147418112        0.169        0.021
       float    coalesced        1        7        2       917504         9362   101748006.317  17179344896   2147418112        0.169        0.021
       float    coalesced        1        7        2      1835008         4681   101738655.584  17179344896   2147418112        0.169        0.021
       float    coalesced        1        7        2      3670016         2340   101712169.962  17175674880   2146959360        0.169        0.021
       float    coalesced        1        7        2      7340032         1170   101709691.218  17175674880   2146959360        0.169        0.021
       float    coalesced        1        7        2     14680064          585   101708591.016  17175674880   2146959360        0.169        0.021
       float    coalesced        1        7        2     29360128          292   101534156.404  17146314752   2143289344        0.169        0.021
       float    coalesced        1        7        2     58720256          146   101533909.433  17146314752   2143289344        0.169        0.021
       float    coalesced        1        7        2    117440512           73   101533798.966  17146314752   2143289344        0.169        0.021
       float    coalesced        1        7        2    234881024           36   100142836.374  16911433728   2113929216        0.169        0.021
       float    coalesced        1        7        2    469762048           18   100142809.205  16911433728   2113929216        0.169        0.021
       float    coalesced        1        7        2    939524096            9   100142773.267  16911433728   2113929216        0.169        0.021
       float    coalesced        1        7        2   1879048192            4    89015863.162  15032385536   1879048192        0.169        0.021
       float    coalesced        1        7        2   3758096384            2    89015685.374  15032385536   1879048192        0.169        0.021
       float    coalesced        1        7        2   7516192768            1    89015641.661  15032385536   1879048192        0.169        0.021
