        type trial_config ert_flop   unroll  buffers        nsize       trials       microsecs        bytes        flops         GB/s         GF/s
       float    coalesced      128        4        1           16     67108864    98195775.746   2147483648  34359738368        0.022        0.350
       float    coalesced      128        4        1           32     67108864    98195727.753   4294967296  68719476736        0.044        0.700
       float    coalesced      128        4        1           64     67108864   101574790.645   8589934592 137438953472        0.085        1.353
       float    coalesced      128        4        1          128     33554432    52371177.186   8589934592 137438953472        0.164        2.624
       float    coalesced      128        4        1          256     16777216    27563912.748   8589934592 137438953472        0.312        4.986
       float    coalesced      128        4        1          512      8388608    14804355.042   8589934592 137438953472        0.580        9.284
       float    coalesced      128        4        1         1024      4194304     8271317.559   8589934592 137438953472        1.039       16.616
       float    coalesced      128        4        1         2048      2097152     4676465.338   8589934592 137438953472        1.837       29.389
       float    coalesced      128        4        1         4096      1048576     2923063.002   8589934592 137438953472        2.939       47.019
       float    coalesced      128        4        1         8192       524288     2046084.955   8589934592 137438953472        4.198       67.172
       float    coalesced      128        4        1        16384       262144     1592460.458   8589934592 137438953472        5.394       86.306
       float    coalesced      128        4        1        32768       131072     1364217.159   8589934592 137438953472        6.297      100.746
       float    coalesced      128        4        1        65536        65536     1227865.650   8589934592 137438953472        6.996      111.933
       float    coalesced      128        4        1       131072        32768     1159648.365   8589934592 137438953472        7.407      118.518
       float    coalesced      128        4        1       262144        16384     1125640.140   8589934592 137438953472        7.631      122.098
       float    coalesced      128        4        1       524288         8192     1108576.366   8589934592 137438953472        7.749      123.978
       float    coalesced      128        4        1      1048576         4096     1100079.825   8589934592 137438953472        7.808      124.935
       float    coalesced      128        4        1      2097152         2048     1095794.908   8589934592 137438953472        7.839      125.424
       float    coalesced      128        4        1      4194304         1024     1093703.457   8589934592 137438953472        7.854      125.664
       float    coalesced      128        4        1      8388608          512     1092641.168   8589934592 137438953472        7.862      125.786
       float    coalesced      128        4        1     16777216          256     1092100.071   8589934592 137438953472        7.866      125.848
       float    coalesced      128        4        1     33554432          128     1095018.430   8589934592 137438953472        7.845      125.513
       float    coalesced      128        4        1     67108864           64     1091678.690   8589934592 137438953472        7.869      125.897
       float    coalesced      128        4        1    134217728           32     1091636.668   8589934592 137438953472        7.869      125.902
       float    coalesced      128        4        1    268435456           16     1091609.906   8589934592 137438953472        7.869      125.905
       float    coalesced      128        4        1    536870912            8     1091515.674   8589934592 137438953472        7.870      125.916
       float    coalesced      128        4        1   1073741824            4     1091533.727   8589934592 137438953472        7.870      125.914
       float    coalesced      128        4        1   2147483648            2     1091444.692   8589934592 137438953472        7.870      125.924
       float    coalesced      128        4        1   4293918720            1     1091290.167   8587837440 137405399040        7.869      125.911
