        type trial_config ert_flop   unroll  buffers        nsize       trials       microsecs        bytes        flops         GB/s         GF/s
        long    coalesced      214        2        1           16     67108864   937159479.018   2147483648  28722593792        0.002        0.031
        long    coalesced      214        2        1           32     67108864   942674202.048   4294967296  57445187584        0.005        0.061
        long    coalesced      214        2        1           64     67108864   942674726.726   8589934592 114890375168        0.009        0.122
        long    coalesced      214        2        1          128     33554432   471789088.911   8589934592 114890375168        0.018        0.244
        long    coalesced      214        2        1          256     16777216   238049491.242   8589934592 114890375168        0.036        0.483
        long    coalesced      214        2        1          512      8388608   120215372.071   8589934592 114890375168        0.071        0.956
        long    coalesced      214        2        1         1024      4194304    61228961.794   8589934592 114890375168        0.140        1.876
        long    coalesced      214        2        1         2048      2097152    31244523.346   8589934592 114890375168        0.275        3.677
        long    coalesced      214        2        1         4096      1048576    16366435.187   8589934592 114890375168        0.525        7.020
        long    coalesced      214        2        1         8192       524288     8812797.650   8589934592 114890375168        0.975       13.037
        long    coalesced      214        2        1        16384       262144     5036184.042   8589934592 114890375168        1.706       22.813
        long    coalesced      214        2        1        32768       131072     3173512.584   8589934592 114890375168        2.707       36.203
        long    coalesced      214        2        1        65536        65536     2237500.154   8589934592 114890375168        3.839       51.348
        long    coalesced      214        2        1       131072        32768     1760925.898   8589934592 114890375168        4.878       65.244
        long    coalesced      214        2        1       262144        16384     1522756.270   8589934592 114890375168        5.641       75.449
        long    coalesced      214        2        1       524288         8192     1403175.138   8589934592 114890375168        6.122       81.879
        long    coalesced      214        2        1      1048576         4096     1343070.585   8589934592 114890375168        6.396       85.543
        long    coalesced      214        2        1      2097152         2048     1313890.747   8589934592 114890375168        6.538       87.443
        long    coalesced      214        2        1      4194304         1024     1299073.100   8589934592 114890375168        6.612       88.440
        long    coalesced      214        2        1      8388608          512     1291601.935   8589934592 114890375168        6.651       88.952
        long    coalesced      214        2        1     16777216          256     1287882.094   8589934592 114890375168        6.670       89.209
        long    coalesced      214        2        1     33554432          128     1285993.530   8589934592 114890375168        6.680       89.340
        long    coalesced      214        2        1     67108864           64     1285026.708   8589934592 114890375168        6.685       89.407
        long    coalesced      214        2        1    134217728           32     1284564.468   8589934592 114890375168        6.687       89.439
        long    coalesced      214        2        1    268435456           16     1284295.667   8589934592 114890375168        6.688       89.458
        long    coalesced      214        2        1    536870912            8     1284222.830   8589934592 114890375168        6.689       89.463
        long    coalesced      214        2        1   1073741824            4     1284144.976   8589934592 114890375168        6.689       89.468
        long    coalesced      214        2        1   2147483648            2     1284024.440   8589934592 114890375168        6.690       89.477
        long    coalesced      214        2        1   4293918720            1     1283785.875   8587837440 114862325760        6.689       89.472
