        type trial_config ert_flop   unroll  buffers        nsize       trials       microsecs        bytes        flops         GB/s         GF/s
       float    coalesced        4        4        0           16      1048576      104176.834     33554432     16777216        0.322        0.161
       float    coalesced        4        4        0           32       524288       54279.720     33554432     16777216        0.618        0.309
       float    coalesced        4        4        0           64       262144       29387.558     33554432     16777216        1.142        0.571
       float    coalesced        4        4        0          128       131072       16937.039     33554432     16777216        1.981        0.991
       float    coalesced        4        4        0          256        65536       10664.808     33554432     16777216        3.146        1.573
       float    coalesced        4        4        0          512        32768        7600.081     33554432     16777216        4.415        2.208
       float    coalesced        4        4        0         1024        16384        6035.759     33554432     16777216        5.559        2.780
       float    coalesced        4        4        0         2048         8192        5228.966     33554432     16777216        6.417        3.209
       float    coalesced        4        4        0         4096         4096        4882.811     33554432     16777216        6.872        3.436
       float    coalesced        4        4        0         8192         2048        4679.516     33554432     16777216        7.170        3.585
       float    coalesced        4        4        0        16384         1024        4517.852     33554432     16777216        7.427        3.714
       float    coalesced        4        4        0        32768         1024        8719.483     67108864     33554432        7.696        3.848
       float    coalesced        4        4        0        65536         1024       17025.543    134217728     67108864        7.883        3.942
       float    coalesced        4        4        0       131072         1024       33619.757    268435456    134217728        7.984        3.992
       float    coalesced        4        4        0       262144         1024       66771.529    536870912    268435456        8.040        4.020
       float    coalesced        4        4        0       524288         1024      133073.897   1073741824    536870912        8.069        4.034
       float    coalesced        4        4        0      1048576         1024      265747.962   2147483648   1073741824        8.081        4.040
       float    coalesced        4        4        0      2097152         1024      531019.462   4294967296   2147483648        8.088        4.044
       float    coalesced        4        4        0      4194304         1024     1061524.999   8589934592   4294967296        8.092        4.046
       float    coalesced        4        4        0      8388608         1024     2122488.300  17179869184   8589934592        8.094        4.047
       float    coalesced        4        4        0     16777216         1024     4244613.538  34359738368  17179869184        8.095        4.047
