        type trial_config ert_flop   unroll  buffers        nsize       trials       microsecs        bytes        flops         GB/s         GF/s
       float    coalesced       16       16        2          128     67108864    37408362.316  17179869184  34359738368        0.459        0.919
       float    coalesced       16       16        2          256     33554432    20143158.759  17179869184  34359738368        0.853        1.706
       float    coalesced       16       16        2          512     16777216    10391447.961  17179869184  34359738368        1.653        3.307
       float    coalesced       16       16        2         1024      8388608     5817586.539  17179869184  34359738368        2.953        5.906
       float    coalesced       16       16        2         2048      4194304     3273687.797  17179869184  34359738368        5.248       10.496
       float    coalesced       16       16        2         4096      2097152     1818971.027  17179869184  34359738368        9.445       18.890
       float    coalesced       16       16        2         8192      1048576     1169528.182  17179869184  34359738368       14.690       29.379
       float    coalesced       16       16        2        16384       524288      877267.957  17179869184  34359738368       19.583       39.167
       float    coalesced       16       16        2        32768       262144      708933.870  17179869184  34359738368       24.233       48.467
       float    coalesced       16       16        2        65536       131072      636400.920  17179869184  34359738368       26.995       53.991
       float    coalesced       16       16        2       131072        65536      596182.427  17179869184  34359738368       28.816       57.633
       float    coalesced       16       16        2       262144        32768      580241.488  17179869184  34359738368       29.608       59.216
       float    coalesced       16       16        2       524288        16384      575366.627  17179869184  34359738368       29.859       59.718
       float    coalesced       16       16        2      1048576         8192      571192.279  17179869184  34359738368       30.077       60.154
       float    coalesced       16       16        2      2097152         4096      569288.807  17179869184  34359738368       30.178       60.356
       float    coalesced       16       16        2      4194304         2048      568422.233  17179869184  34359738368       30.224       60.448
       float    coalesced       16       16        2      8388608         1024      575176.641  17179869184  34359738368       29.869       59.738
       float    coalesced       16       16        2     16777216          512      567852.757  17179869184  34359738368       30.254       60.508
       float    coalesced       16       16        2     33554432          256      567701.301  17179869184  34359738368       30.262       60.524
       float    coalesced       16       16        2     67108864          128      567556.024  17179869184  34359738368       30.270       60.540
       float    coalesced       16       16        2    134217728           64      567612.698  17179869184  34359738368       30.267       60.534
       float    coalesced       16       16        2    268435456           32      567562.199  17179869184  34359738368       30.270       60.539
       float    coalesced       16       16        2    536870912           16      567558.050  17179869184  34359738368       30.270       60.540
       float    coalesced       16       16        2   1073741824            8      567538.341  17179869184  34359738368       30.271       60.542
       float    coalesced       16       16        2   2147483648            4      567584.753  17179869184  34359738368       30.268       60.537
       float    coalesced       16       16        2   4294967296            2      567577.392  17179869184  34359738368       30.269       60.538
       float    coalesced       16       16        2   8588886016            1      567491.774  17177772032  34355544064       30.270       60.539
