        type trial_config ert_flop   unroll  buffers        nsize       trials       microsecs        bytes        flops         GB/s         GF/s
        long    coalesced       92        1        2           16     67108864   280672920.018   2147483648  12348030976        0.008        0.044
        long    coalesced       92        1        2           32     67108864   281999016.226   4294967296  24696061952        0.015        0.088
        long    coalesced       92        1        2           64     67108864   283648234.437   8589934592  49392123904        0.030        0.174
        long    coalesced       92        1        2          128     67108864   285869123.123  17179869184  98784247808        0.060        0.346
        long    coalesced       92        1        2          256     33554432   146319831.509  17179869184  98784247808        0.117        0.675
        long    coalesced       92        1        2          512     16777216    75535485.995  17179869184  98784247808        0.227        1.308
        long    coalesced       92        1        2         1024      8388608    39847904.189  17179869184  98784247808        0.431        2.479
        long    coalesced       92        1        2         2048      4194304    21276157.790  17179869184  98784247808        0.807        4.643
        long    coalesced       92        1        2         4096      2097152    11903016.685  17179869184  98784247808        1.443        8.299
        long    coalesced       92        1        2         8192      1048576     7274295.402  17179869184  98784247808        2.362       13.580
        long    coalesced       92        1        2        16384       524288     4910378.710  17179869184  98784247808        3.499       20.117
        long    coalesced       92        1        2        32768       262144     3751135.864  17179869184  98784247808        4.580       26.334
        long    coalesced       92        1        2        65536       131072     3166665.170  17179869184  98784247808        5.425       31.195
        long    coalesced       92        1        2       131072        65536     2875097.514  17179869184  98784247808        5.975       34.359
        long    coalesced       92        1        2       262144        32768     2728155.780  17179869184  98784247808        6.297       36.209
        long    coalesced       92        1        2       524288        16384     2654948.398  17179869184  98784247808        6.471       37.208
        long    coalesced       92        1        2      1048576         8192     2618421.406  17179869184  98784247808        6.561       37.727
        long    coalesced       92        1        2      2097152         4096     2600329.358  17179869184  98784247808        6.607       37.989
        long    coalesced       92        1        2      4194304         2048     2590816.530  17179869184  98784247808        6.631       38.129
        long    coalesced       92        1        2      8388608         1024     2586265.144  17179869184  98784247808        6.643       38.196
        long    coalesced       92        1        2     16777216          512     2584020.298  17179869184  98784247808        6.649       38.229
        long    coalesced       92        1        2     33554432          256     2582743.579  17179869184  98784247808        6.652       38.248
        long    coalesced       92        1        2     67108864          128     2582224.097  17179869184  98784247808        6.653       38.255
        long    coalesced       92        1        2    134217728           64     2581966.199  17179869184  98784247808        6.654       38.259
        long    coalesced       92        1        2    268435456           32     2581801.848  17179869184  98784247808        6.654       38.262
        long    coalesced       92        1        2    536870912           16     2581792.441  17179869184  98784247808        6.654       38.262
        long    coalesced       92        1        2   1073741824            8     2581707.515  17179869184  98784247808        6.654       38.263
        long    coalesced       92        1        2   2147483648            4     2581726.085  17179869184  98784247808        6.654       38.263
        long    coalesced       92        1        2   4294967296            2     2581609.176  17179869184  98784247808        6.655       38.265
        long    coalesced       92        1        2   8588886016            1     2581325.369  17177772032  98772189184        6.655       38.264
