        type trial_config ert_flop   unroll  buffers        nsize       trials       microsecs        bytes        flops         GB/s         GF/s
        long    coalesced        6       16        2          256     33554432    23805585.233  17179869184   6442450944        0.722        0.271
        long    coalesced        6       16        2          512     16777216    12670784.716  17179869184   6442450944        1.356        0.508
        long    coalesced        6       16        2         1024      8388608     6667418.960  17179869184   6442450944        2.577        0.966
        long    coalesced        6       16        2         2048      4194304     3672491.183  17179869184   6442450944        4.678        1.754
        long    coalesced        6       16        2         4096      2097152     2046198.653  17179869184   6442450944        8.396        3.148
        long    coalesced        6       16        2         8192      1048576     1292486.473  17179869184   6442450944       13.292        4.985
        long    coalesced        6       16        2        16384       524288      909678.289  17179869184   6442450944       18.886        7.082
        long    coalesced        6       16        2        32768       262144      714092.434  17179869184   6442450944       24.058        9.022
        long    coalesced        6       16        2        65536       131072      627872.620  17179869184   6442450944       27.362       10.261
        long    coalesced        6       16        2       131072        65536      581304.968  17179869184   6442450944       29.554       11.083
        long    coalesced        6       16        2       262144        32768      574028.604  17179869184   6442450944       29.929       11.223
        long    coalesced        6       16        2       524288        16384      565829.104  17179869184   6442450944       30.362       11.386
        long    coalesced        6       16        2      1048576         8192      562055.249  17179869184   6442450944       30.566       11.462
        long    coalesced        6       16        2      2097152         4096      559871.097  17179869184   6442450944       30.685       11.507
        long    coalesced        6       16        2      4194304         2048      559246.172  17179869184   6442450944       30.720       11.520
        long    coalesced        6       16        2      8388608         1024      558480.404  17179869184   6442450944       30.762       11.536
        long    coalesced        6       16        2     16777216          512      558102.139  17179869184   6442450944       30.783       11.543
        long    coalesced        6       16        2     33554432          256      557996.869  17179869184   6442450944       30.788       11.546
        long    coalesced        6       16        2     67108864          128      558348.844  17179869184   6442450944       30.769       11.538
        long    coalesced        6       16        2    134217728           64      558700.444  17179869184   6442450944       30.750       11.531
        long    coalesced        6       16        2    268435456           32      558880.526  17179869184   6442450944       30.740       11.527
        long    coalesced        6       16        2    536870912           16      558916.258  17179869184   6442450944       30.738       11.527
        long    coalesced        6       16        2   1073741824            8      558979.474  17179869184   6442450944       30.734       11.525
        long    coalesced        6       16        2   2147483648            4      559031.044  17179869184   6442450944       30.732       11.524
        long    coalesced        6       16        2   4294967296            2      558957.581  17179869184   6442450944       30.736       11.526
        long    coalesced        6       16        2   8588886016            1      558999.056  17177772032   6441664512       30.730       11.524
