        type trial_config ert_flop   unroll  buffers        nsize       trials       microsecs        bytes        flops         GB/s         GF/s
       float    coalesced       16        1        1            4     67108864    34914330.562    536870912   1073741824        0.015        0.031
       float    coalesced       16        1        1            8     67108864    35707997.272   1073741824   2147483648        0.030        0.060
       float    coalesced       16        1        1           16     67108864    37408321.212   2147483648   4294967296        0.057        0.115
       float    coalesced       16        1        1           32     67108864    40285812.561   4294967296   8589934592        0.107        0.213
       float    coalesced       16        1        1           64     67108864    47610490.046   8589934592  17179869184        0.180        0.361
       float    coalesced       16        1        1          128     33554432    27088916.905   8589934592  17179869184        0.317        0.634
       float    coalesced       16        1        1          256     16777216    17244608.234   8589934592  17179869184        0.498        0.996
       float    coalesced       16        1        1          512      8388608    10911030.173   8589934592  17179869184        0.787        1.575
       float    coalesced       16        1        1         1024      4194304     7554034.444   8589934592  17179869184        1.137        2.274
       float    coalesced       16        1        1         2048      2097152     5951692.442   8589934592  17179869184        1.443        2.887
       float    coalesced       16        1        1         4096      1048576     5207746.545   8589934592  17179869184        1.649        3.299
       float    coalesced       16        1        1         8192       524288     4773849.581   8589934592  17179869184        1.799        3.599
       float    coalesced       16        1        1        16384       262144     4603440.711   8589934592  17179869184        1.866        3.732
       float    coalesced       16        1        1        32768       131072     4432913.393   8589934592  17179869184        1.938        3.876
       float    coalesced       16        1        1        65536        65536     4398790.295   8589934592  17179869184        1.953        3.906
       float    coalesced       16        1        1       131072        32768     4384249.702   8589934592  17179869184        1.959        3.919
       float    coalesced       16        1        1       262144        16384     4373285.319   8589934592  17179869184        1.964        3.928
       float    coalesced       16        1        1       524288         8192     4369041.092   8589934592  17179869184        1.966        3.932
       float    coalesced       16        1        1      1048576         4096     4366953.359   8589934592  17179869184        1.967        3.934
       float    coalesced       16        1        1      2097152         2048     4365978.852   8589934592  17179869184        1.967        3.935
       float    coalesced       16        1        1      4194304         1024     4365323.413   8589934592  17179869184        1.968        3.936
       float    coalesced       16        1        1      8388608          512     4365018.994   8589934592  17179869184        1.968        3.936
       float    coalesced       16        1        1     16777216          256     4364926.280   8589934592  17179869184        1.968        3.936
       float    coalesced       16        1        1     33554432          128     4364726.884   8589934592  17179869184        1.968        3.936
       float    coalesced       16        1        1     67108864           64     4364786.862   8589934592  17179869184        1.968        3.936
       float    coalesced       16        1        1    134217728           32     4364754.824   8589934592  17179869184        1.968        3.936
       float    coalesced       16        1        1    268435456           16     4364755.614   8589934592  17179869184        1.968        3.936
       float    coalesced       16        1        1    536870912            8     4364759.893   8589934592  17179869184        1.968        3.936
       float    coalesced       16        1        1   1073741824            4     4364770.843   8589934592  17179869184        1.968        3.936
       float    coalesced       16        1        1   2147483648            2     4364693.325   8589934592  17179869184        1.968        3.936
       float    coalesced       16        1        1   4293918720            1     4363700.029   8587837440  17175674880        1.968        3.936
