        type trial_config ert_flop   unroll  buffers        nsize       trials       microsecs        bytes        flops         GB/s         GF/s
         int    coalesced        1       32        1          128     33554432    15403693.824   8589934592   1073741824        0.558        0.070
         int    coalesced        1       32        1          256     16777216     8183444.910   8589934592   1073741824        1.050        0.131
         int    coalesced        1       32        1          512      8388608     4364778.117   8589934592   1073741824        1.968        0.246
         int    coalesced        1       32        1         1024      4194304     2338512.801   8589934592   1073741824        3.673        0.459
         int    coalesced        1       32        1         2048      2097152     1364222.349   8589934592   1073741824        6.297        0.787
         int    coalesced        1       32        1         4096      1048576      818799.151   8589934592   1073741824       10.491        1.311
         int    coalesced        1       32        1         8192       524288      541554.855   8589934592   1073741824       15.862        1.983
         int    coalesced        1       32        1        16384       262144      409578.851   8589934592   1073741824       20.973        2.622
         int    coalesced        1       32        1        32768       131072      341396.032   8589934592   1073741824       25.161        3.145
         int    coalesced        1       32        1        65536        65536      323212.539   8589934592   1073741824       26.577        3.322
         int    coalesced        1       32        1       131072        32768      314649.646   8589934592   1073741824       27.300        3.412
         int    coalesced        1       32        1       262144        16384      309090.964   8589934592   1073741824       27.791        3.474
         int    coalesced        1       32        1       524288         8192      305628.462   8589934592   1073741824       28.106        3.513
         int    coalesced        1       32        1      1048576         4096      304220.461   8589934592   1073741824       28.236        3.529
         int    coalesced        1       32        1      2097152         2048      303502.615   8589934592   1073741824       28.303        3.538
         int    coalesced        1       32        1      4194304         1024      302898.055   8589934592   1073741824       28.359        3.545
         int    coalesced        1       32        1      8388608          512      302605.874   8589934592   1073741824       28.387        3.548
         int    coalesced        1       32        1     16777216          256      302586.961   8589934592   1073741824       28.388        3.549
         int    coalesced        1       32        1     33554432          128      302575.878   8589934592   1073741824       28.389        3.549
         int    coalesced        1       32        1     67108864           64      302485.812   8589934592   1073741824       28.398        3.550
         int    coalesced        1       32        1    134217728           32      302487.237   8589934592   1073741824       28.398        3.550
         int    coalesced        1       32        1    268435456           16      302358.858   8589934592   1073741824       28.410        3.551
         int    coalesced        1       32        1    536870912            8      302410.751   8589934592   1073741824       28.405        3.551
         int    coalesced        1       32        1   1073741824            4      302438.770   8589934592   1073741824       28.402        3.550
         int    coalesced        1       32        1   2147483648            2      302440.433   8589934592   1073741824       28.402        3.550
         int    coalesced        1       32        1   4293918720            1      302351.536   8587837440   1073479680       28.403        3.550
