        type trial_config ert_flop   unroll  buffers        nsize       trials       microsecs        bytes        flops         GB/s         GF/s
       float    coalesced        2        4        0           16      1048576       89159.099     33554432      8388608        0.376        0.094
       float    coalesced        2        4        0           32       524288       46833.440     33554432      8388608        0.716        0.179
       float    coalesced        2        4        0           64       262144       25661.069     33554432      8388608        1.308        0.327
       float    coalesced        2        4        0          128       131072       15109.599     33554432      8388608        2.221        0.555
       float    coalesced        2        4        0          256        65536        9767.978     33554432      8388608        3.435        0.859
       float    coalesced        2        4        0          512        32768        7151.836     33554432      8388608        4.692        1.173
       float    coalesced        2        4        0         1024        16384        5791.724     33554432      8388608        5.794        1.448
       float    coalesced        2        4        0         2048         8192        5143.107     33554432      8388608        6.524        1.631
       float    coalesced        2        4        0         4096         4096        4839.595     33554432      8388608        6.933        1.733
       float    coalesced        2        4        0         8192         2048        4640.236     33554432      8388608        7.231        1.808
       float    coalesced        2        4        0        16384         1024        4535.150     33554432      8388608        7.399        1.850
       float    coalesced        2        4        0        32768         1024        8818.082     67108864     16777216        7.610        1.903
       float    coalesced        2        4        0        65536         1024       17269.168    134217728     33554432        7.772        1.943
       float    coalesced        2        4        0       131072         1024       34209.284    268435456     67108864        7.847        1.962
       float    coalesced        2        4        0       262144         1024       68036.069    536870912    134217728        7.891        1.973
       float    coalesced        2        4        0       524288         1024      135718.147   1073741824    268435456        7.912        1.978
       float    coalesced        2        4        0      1048576         1024      270993.363   2147483648    536870912        7.924        1.981
       float    coalesced        2        4        0      2097152         1024      541601.313   4294967296   1073741824        7.930        1.983
       float    coalesced        2        4        0      4194304         1024     1082788.070   8589934592   2147483648        7.933        1.983
       float    coalesced        2        4        0      8388608         1024     2165255.749  17179869184   4294967296        7.934        1.984
       float    coalesced        2        4        0     16777216         1024     4330053.815  34359738368   8589934592        7.935        1.984
