        type trial_config ert_flop   unroll  buffers        nsize       trials       microsecs        bytes        flops         GB/s         GF/s
         int    coalesced        1        1        1            4     67108864    30806821.934    536870912     67108864        0.017        0.002
         int    coalesced        1        1        1            8     67108864    30806966.784   1073741824    134217728        0.035        0.004
         int    coalesced        1        1        1           16     67108864    32732325.515   2147483648    268435456        0.066        0.008
         int    coalesced        1        1        1           32     67108864    35207749.452   4294967296    536870912        0.122        0.015
         int    coalesced        1        1        1           64     67108864    41897158.959   8589934592   1073741824        0.205        0.026
         int    coalesced        1        1        1          128     33554432    25010026.689   8589934592   1073741824        0.343        0.043
         int    coalesced        1        1        1          256     16777216    16366423.686   8589934592   1073741824        0.525        0.066
         int    coalesced        1        1        1          512      8388608    10336775.756   8589934592   1073741824        0.831        0.104
         int    coalesced        1        1        1         1024      4194304     7554032.786   8589934592   1073741824        1.137        0.142
         int    coalesced        1        1        1         2048      2097152     6015840.746   8589934592   1073741824        1.428        0.178
         int    coalesced        1        1        1         4096      1048576     5455853.145   8589934592   1073741824        1.574        0.197
         int    coalesced        1        1        1         8192       524288     4910147.514   8589934592   1073741824        1.749        0.219
         int    coalesced        1        1        1        16384       262144     4773884.605   8589934592   1073741824        1.799        0.225
         int    coalesced        1        1        1        32768       131072     4637335.935   8589934592   1073741824        1.852        0.232
         int    coalesced        1        1        1        65536        65536     4603391.753   8589934592   1073741824        1.866        0.233
         int    coalesced        1        1        1       131072        32768     4571408.967   8589934592   1073741824        1.879        0.235
         int    coalesced        1        1        1       262144        16384     4560840.876   8589934592   1073741824        1.883        0.235
         int    coalesced        1        1        1       524288         8192     4552327.860   8589934592   1073741824        1.887        0.236
         int    coalesced        1        1        1      1048576         4096     4550193.877   8589934592   1073741824        1.888        0.236
         int    coalesced        1        1        1      2097152         2048     4548061.510   8589934592   1073741824        1.889        0.236
         int    coalesced        1        1        1      4194304         1024     4547301.116   8589934592   1073741824        1.889        0.236
         int    coalesced        1        1        1      8388608          512     4547025.601   8589934592   1073741824        1.889        0.236
         int    coalesced        1        1        1     16777216          256     4546755.450   8589934592   1073741824        1.889        0.236
         int    coalesced        1        1        1     33554432          128     4546578.902   8589934592   1073741824        1.889        0.236
         int    coalesced        1        1        1     67108864           64     4546537.699   8589934592   1073741824        1.889        0.236
         int    coalesced        1        1        1    134217728           32     4546611.571   8589934592   1073741824        1.889        0.236
         int    coalesced        1        1        1    268435456           16     4546654.337   8589934592   1073741824        1.889        0.236
         int    coalesced        1        1        1    536870912            8     4546605.313   8589934592   1073741824        1.889        0.236
         int    coalesced        1        1        1   1073741824            4     4546646.797   8589934592   1073741824        1.889        0.236
         int    coalesced        1        1        1   2147483648            2     4546564.706   8589934592   1073741824        1.889        0.236
         int    coalesced        1        1        1   4293918720            1     4545434.223   8587837440   1073479680        1.889        0.236
