        type trial_config ert_flop   unroll  buffers        nsize       trials       microsecs        bytes        flops         GB/s         GF/s
       float    coalesced        4       16        0           64       262144       27795.909     33554432     16777216        1.207        0.604
       float    coalesced        4       16        0          128       131072       14792.403     33554432     16777216        2.268        1.134
       float    coalesced        4       16        0          256        65536        8311.089     33554432     16777216        4.037        2.019
       float    coalesced        4       16        0          512        32768        5105.299     33554432     16777216        6.572        3.286
       float    coalesced        4       16        0         1024        16384        3412.761     33554432     16777216        9.832        4.916
       float    coalesced        4       16        0         2048         8192        2567.723     33554432     16777216       13.068        6.534
       float    coalesced        4       16        0         4096         4096        2194.880     33554432     16777216       15.288        7.644
       float    coalesced        4       16        0         8192         2048        2004.267     33554432     16777216       16.741        8.371
       float    coalesced        4       16        0        16384         1024        1906.360     33554432     16777216       17.601        8.801
       float    coalesced        4       16        0        32768         1024        2984.927     67108864     33554432       22.483       11.241
       float    coalesced        4       16        0        65536         1024        5202.531    134217728     67108864       25.799       12.899
       float    coalesced        4       16        0       131072         1024        9345.069    268435456    134217728       28.725       14.362
       float    coalesced        4       16        0       262144         1024       18056.759    536870912    268435456       29.732       14.866
       float    coalesced        4       16        0       524288         1024       35297.414   1073741824    536870912       30.420       15.210
       float    coalesced        4       16        0      1048576         1024       69744.693   2147483648   1073741824       30.791       15.395
       float    coalesced        4       16        0      2097152         1024      138956.257   4294967296   2147483648       30.909       15.454
       float    coalesced        4       16        0      4194304         1024      277050.195   8589934592   4294967296       31.005       15.502
       float    coalesced        4       16        0      8388608         1024      553228.885  17179869184   8589934592       31.054       15.527
       float    coalesced        4       16        0     16777216         1024     1105557.170  34359738368  17179869184       31.079       15.540
