        type trial_config ert_flop   unroll  buffers        nsize       trials       microsecs        bytes        flops         GB/s         GF/s
      double    coalesced        1      256        1         2048      2097152     1927385.937   8589934592    536870912        4.457        0.279
      double    coalesced        1      256        1         4096      1048576     1283984.040   8589934592    536870912        6.690        0.418
      double    coalesced        1      256        1         8192       524288      949231.631   8589934592    536870912        9.049        0.566
      double    coalesced        1      256        1        16384       262144      788410.553   8589934592    536870912       10.895        0.681
      double    coalesced        1      256        1        32768       131072      712758.030   8589934592    536870912       12.052        0.753
      double    coalesced        1      256        1        65536        65536      674361.246   8589934592    536870912       12.738        0.796
      double    coalesced        1      256        1       131072        32768      653520.137   8589934592    536870912       13.144        0.822
      double    coalesced        1      256        1       262144        16384      643017.880   8589934592    536870912       13.359        0.835
      double    coalesced        1      256        1       524288         8192      638758.066   8589934592    536870912       13.448        0.840
      double    coalesced        1      256        1      1048576         4096      530492.958   8589934592    536870912       16.192        1.012
      double    coalesced        1      256        1      2097152         2048      474159.433   8589934592    536870912       18.116        1.132
      double    coalesced        1      256        1      4194304         1024      446033.419   8589934592    536870912       19.258        1.204
      double    coalesced        1      256        1      8388608          512      432044.521   8589934592    536870912       19.882        1.243
      double    coalesced        1      256        1     16777216          256      425002.793   8589934592    536870912       20.211        1.263
      double    coalesced        1      256        1     33554432          128      421499.036   8589934592    536870912       20.379        1.274
      double    coalesced        1      256        1     67108864           64      419700.613   8589934592    536870912       20.467        1.279
      double    coalesced        1      256        1    134217728           32      418802.412   8589934592    536870912       20.511        1.282
      double    coalesced        1      256        1    268435456           16      418384.202   8589934592    536870912       20.531        1.283
      double    coalesced        1      256        1    536870912            8      418216.155   8589934592    536870912       20.539        1.284
      double    coalesced        1      256        1   1073741824            4      418067.111   8589934592    536870912       20.547        1.284
      double    coalesced        1      256        1   2147483648            2      418059.124   8589934592    536870912       20.547        1.284
      double    coalesced        1      256        1   4293918720            1      417986.411   8587837440    536739840       20.546        1.284
