        type trial_config ert_flop   unroll  buffers        nsize       trials       microsecs        bytes        flops         GB/s         GF/s
       float    coalesced        1       16        0           64       262144       18808.291     33554432      4194304        1.784        0.223
       float    coalesced        1       16        0          128       131072       10252.445     33554432      4194304        3.273        0.409
       float    coalesced        1       16        0          256        65536        5982.772     33554432      4194304        5.609        0.701
       float    coalesced        1       16        0          512        32768        3842.626     33554432      4194304        8.732        1.092
       float    coalesced        1       16        0         1024        16384        2757.207     33554432      4194304       12.170        1.521
       float    coalesced        1       16        0         2048         8192        2214.773     33554432      4194304       15.150        1.894
       float    coalesced        1       16        0         4096         4096        1988.406     33554432      4194304       16.875        2.109
       float    coalesced        1       16        0         8192         2048        1819.980     33554432      4194304       18.437        2.305
       float    coalesced        1       16        0        16384         1024        1724.493     33554432      4194304       19.458        2.432
       float    coalesced        1       16        0        32768         1024        2869.899     67108864      8388608       23.384        2.923
       float    coalesced        1       16        0        65536         1024        4954.504    134217728     16777216       27.090        3.386
       float    coalesced        1       16        0       131072         1024        9242.675    268435456     33554432       29.043        3.630
       float    coalesced        1       16        0       262144         1024       17750.101    536870912     67108864       30.246        3.781
       float    coalesced        1       16        0       524288         1024       34819.213   1073741824    134217728       30.838        3.855
       float    coalesced        1       16        0      1048576         1024       68907.827   2147483648    268435456       31.165        3.896
       float    coalesced        1       16        0      2097152         1024      137119.296   4294967296    536870912       31.323        3.915
       float    coalesced        1       16        0      4194304         1024      273553.594   8589934592   1073741824       31.401        3.925
       float    coalesced        1       16        0      8388608         1024      546362.393  17179869184   2147483648       31.444        3.931
       float    coalesced        1       16        0     16777216         1024     1091992.706  34359738368   4294967296       31.465        3.933
