        type trial_config ert_flop   unroll  buffers        nsize       trials       microsecs        bytes        flops         GB/s         GF/s
        long    coalesced        2        4        2           64     67108864    37408227.958   8589934592   1073741824        0.230        0.029
        long    coalesced        2        4        2          128     67108864    40285936.099  17179869184   2147483648        0.426        0.053
        long    coalesced        2        4        2          256     33554432    20143154.556  17179869184   2147483648        0.853        0.107
        long    coalesced        2        4        2          512     16777216    11902994.691  17179869184   2147483648        1.443        0.180
        long    coalesced        2        4        2         1024      8388608     6546871.708  17179869184   2147483648        2.624        0.328
        long    coalesced        2        4        2         2048      4194304     3637370.288  17179869184   2147483648        4.723        0.590
        long    coalesced        2        4        2         4096      2097152     2129061.252  17179869184   2147483648        8.069        1.009
        long    coalesced        2        4        2         8192      1048576     1364201.792  17179869184   2147483648       12.593        1.574
        long    coalesced        2        4        2        16384       524288     1023288.524  17179869184   2147483648       16.789        2.099
        long    coalesced        2        4        2        32768       262144      825681.766  17179869184   2147483648       20.807        2.601
        long    coalesced        2        4        2        65536       131072      726661.458  17179869184   2147483648       23.642        2.955
        long    coalesced        2        4        2       131072        65536      682121.675  17179869184   2147483648       25.186        3.148
        long    coalesced        2        4        2       262144        32768      668800.404  17179869184   2147483648       25.688        3.211
        long    coalesced        2        4        2       524288        16384      667290.352  17179869184   2147483648       25.746        3.218
        long    coalesced        2        4        2      1048576         8192      667617.199  17179869184   2147483648       25.733        3.217
        long    coalesced        2        4        2      2097152         4096      667870.627  17179869184   2147483648       25.723        3.215
        long    coalesced        2        4        2      4194304         2048      667847.583  17179869184   2147483648       25.724        3.216
        long    coalesced        2        4        2      8388608         1024      668186.419  17179869184   2147483648       25.711        3.214
        long    coalesced        2        4        2     16777216          512      667775.579  17179869184   2147483648       25.727        3.216
        long    coalesced        2        4        2     33554432          256      668096.673  17179869184   2147483648       25.715        3.214
        long    coalesced        2        4        2     67108864          128      667923.599  17179869184   2147483648       25.721        3.215
        long    coalesced        2        4        2    134217728           64      667896.054  17179869184   2147483648       25.722        3.215
        long    coalesced        2        4        2    268435456           32      667866.597  17179869184   2147483648       25.724        3.215
        long    coalesced        2        4        2    536870912           16      668136.691  17179869184   2147483648       25.713        3.214
        long    coalesced        2        4        2   1073741824            8      667852.029  17179869184   2147483648       25.724        3.216
        long    coalesced        2        4        2   2147483648            4      667848.374  17179869184   2147483648       25.724        3.216
        long    coalesced        2        4        2   4294967296            2      667812.213  17179869184   2147483648       25.726        3.216
        long    coalesced        2        4        2   8588886016            1      667818.688  17177772032   2147221504       25.722        3.215
