        type trial_config ert_flop   unroll  buffers        nsize       trials       microsecs        bytes        flops         GB/s         GF/s
         int    coalesced     1010        1        1            4     67108864  2560350533.304    536870912  67779952640        0.000        0.026
         int    coalesced     1010        1        1            8     67108864  2560402997.967   1073741824 135559905280        0.000        0.053
         int    coalesced     1010        1        1           16     67108864  2563390449.947   2147483648 271119810560        0.001        0.106
         int    coalesced     1010        1        1           32     67108864  2566163982.618   4294967296 542239621120        0.002        0.211
         int    coalesced     1010        1        1           64     67108864  2574309224.573   8589934592 1084479242240        0.003        0.421
         int    coalesced     1010        1        1          128     33554432  1291813861.549   8589934592 1084479242240        0.007        0.840
         int    coalesced     1010        1        1          256     16777216   654635597.830   8589934592 1084479242240        0.013        1.657
         int    coalesced     1010        1        1          512      8388608   327384480.183   8589934592 1084479242240        0.026        3.313
         int    coalesced     1010        1        1         1024      4194304   166386907.908   8589934592 1084479242240        0.052        6.518
         int    coalesced     1010        1        1         2048      2097152    85726440.426   8589934592 1084479242240        0.100       12.650
         int    coalesced     1010        1        1         4096      1048576    45378552.657   8589934592 1084479242240        0.189       23.898
         int    coalesced     1010        1        1         8192       524288    25199549.393   8589934592 1084479242240        0.341       43.036
         int    coalesced     1010        1        1        16384       262144    15103153.273   8589934592 1084479242240        0.569       71.805
         int    coalesced     1010        1        1        32768       131072    10058668.029   8589934592 1084479242240        0.854      107.815
         int    coalesced     1010        1        1        65536        65536     7529993.692   8589934592 1084479242240        1.141      144.021
         int    coalesced     1010        1        1       131072        32768     6265509.983   8589934592 1084479242240        1.371      173.087
         int    coalesced     1010        1        1       262144        16384     5635375.283   8589934592 1084479242240        1.524      192.441
         int    coalesced     1010        1        1       524288         8192     5319734.425   8589934592 1084479242240        1.615      203.860
         int    coalesced     1010        1        1      1048576         4096     5161974.869   8589934592 1084479242240        1.664      210.090
         int    coalesced     1010        1        1      2097152         2048     5082934.897   8589934592 1084479242240        1.690      213.357
         int    coalesced     1010        1        1      4194304         1024     5043566.311   8589934592 1084479242240        1.703      215.022
         int    coalesced     1010        1        1      8388608          512     5023872.184   8589934592 1084479242240        1.710      215.865
         int    coalesced     1010        1        1     16777216          256     5013970.938   8589934592 1084479242240        1.713      216.291
         int    coalesced     1010        1        1     33554432          128     5009106.285   8589934592 1084479242240        1.715      216.502
         int    coalesced     1010        1        1     67108864           64     5006605.549   8589934592 1084479242240        1.716      216.610
         int    coalesced     1010        1        1    134217728           32     5005359.031   8589934592 1084479242240        1.716      216.664
         int    coalesced     1010        1        1    268435456           16     5004725.927   8589934592 1084479242240        1.716      216.691
         int    coalesced     1010        1        1    536870912            8     5004484.837   8589934592 1084479242240        1.716      216.701
         int    coalesced     1010        1        1   1073741824            4     5004276.621   8589934592 1084479242240        1.717      216.710
         int    coalesced     1010        1        1   2147483648            2     5004131.305   8589934592 1084479242240        1.717      216.717
         int    coalesced     1010        1        1   4293918720            1     5003008.196   8587837440 1084214476800        1.717      216.713
