        type trial_config ert_flop   unroll  buffers        nsize       trials       microsecs        bytes        flops         GB/s         GF/s
      double    coalesced        4       32        2          512     16777216    13638952.132  17179869184   4294967296        1.260        0.315
      double    coalesced        4       32        2         1024      8388608     7274185.738  17179869184   4294967296        2.362        0.590
      double    coalesced        4       32        2         2048      4194304     4091982.985  17179869184   4294967296        4.198        1.050
      double    coalesced        4       32        2         4096      2097152     2286148.271  17179869184   4294967296        7.515        1.879
      double    coalesced        4       32        2         8192      1048576     1436347.167  17179869184   4294967296       11.961        2.990
      double    coalesced        4       32        2        16384       524288     1023374.586  17179869184   4294967296       16.787        4.197
      double    coalesced        4       32        2        32768       262144      831565.730  17179869184   4294967296       20.660        5.165
      double    coalesced        4       32        2        65536       131072      735665.871  17179869184   4294967296       23.353        5.838
      double    coalesced        4       32        2       131072        65536      682426.628  17179869184   4294967296       25.175        6.294
      double    coalesced        4       32        2       262144        32768      658048.658  17179869184   4294967296       26.107        6.527
      double    coalesced        4       32        2       524288        16384      643887.307  17179869184   4294967296       26.681        6.670
      double    coalesced        4       32        2      1048576         8192      639807.314  17179869184   4294967296       26.852        6.713
      double    coalesced        4       32        2      2097152         4096      634481.096  17179869184   4294967296       27.077        6.769
      double    coalesced        4       32        2      4194304         2048      632820.516  17179869184   4294967296       27.148        6.787
      double    coalesced        4       32        2      8388608         1024      631944.407  17179869184   4294967296       27.186        6.796
      double    coalesced        4       32        2     16777216          512      631589.667  17179869184   4294967296       27.201        6.800
      double    coalesced        4       32        2     33554432          256      631389.431  17179869184   4294967296       27.210        6.802
      double    coalesced        4       32        2     67108864          128      631251.492  17179869184   4294967296       27.216        6.804
      double    coalesced        4       32        2    134217728           64      631201.496  17179869184   4294967296       27.218        6.804
      double    coalesced        4       32        2    268435456           32      631160.981  17179869184   4294967296       27.219        6.805
      double    coalesced        4       32        2    536870912           16      631096.573  17179869184   4294967296       27.222        6.806
      double    coalesced        4       32        2   1073741824            8      631059.130  17179869184   4294967296       27.224        6.806
      double    coalesced        4       32        2   2147483648            4      631077.218  17179869184   4294967296       27.223        6.806
      double    coalesced        4       32        2   4294967296            2      631061.949  17179869184   4294967296       27.224        6.806
      double    coalesced        4       32        2   8588886016            1      631071.722  17177772032   4294443008       27.220        6.805
