        type trial_config ert_flop   unroll  buffers        nsize       trials       microsecs        bytes        flops         GB/s         GF/s
        long    coalesced        1       32        1          256     16777216     8148137.471   8589934592    536870912        1.054        0.066
        long    coalesced        1       32        1          512      8388608     4364619.512   8589934592    536870912        1.968        0.123
        long    coalesced        1       32        1         1024      4194304     2338405.006   8589934592    536870912        3.673        0.230
        long    coalesced        1       32        1         2048      2097152     1259306.030   8589934592    536870912        6.821        0.426
        long    coalesced        1       32        1         4096      1048576      795859.150   8589934592    536870912       10.793        0.675
        long    coalesced        1       32        1         8192       524288      532000.564   8589934592    536870912       16.146        1.009
        long    coalesced        1       32        1        16384       262144      401353.736   8589934592    536870912       21.402        1.338
        long    coalesced        1       32        1        32768       131072      326612.855   8589934592    536870912       26.300        1.644
        long    coalesced        1       32        1        65536        65536      309832.082   8589934592    536870912       27.724        1.733
        long    coalesced        1       32        1       131072        32768      288062.880   8589934592    536870912       29.820        1.864
        long    coalesced        1       32        1       262144        16384      284557.689   8589934592    536870912       30.187        1.887
        long    coalesced        1       32        1       524288         8192      282860.322   8589934592    536870912       30.368        1.898
        long    coalesced        1       32        1      1048576         4096      281735.987   8589934592    536870912       30.489        1.906
        long    coalesced        1       32        1      2097152         2048      281007.113   8589934592    536870912       30.568        1.911
        long    coalesced        1       32        1      4194304         1024      280744.435   8589934592    536870912       30.597        1.912
        long    coalesced        1       32        1      8388608          512      280604.275   8589934592    536870912       30.612        1.913
        long    coalesced        1       32        1     16777216          256      280537.515   8589934592    536870912       30.620        1.914
        long    coalesced        1       32        1     33554432          128      280489.373   8589934592    536870912       30.625        1.914
        long    coalesced        1       32        1     67108864           64      280464.405   8589934592    536870912       30.628        1.914
        long    coalesced        1       32        1    134217728           32      280420.670   8589934592    536870912       30.632        1.915
        long    coalesced        1       32        1    268435456           16      280443.020   8589934592    536870912       30.630        1.914
        long    coalesced        1       32        1    536870912            8      280478.247   8589934592    536870912       30.626        1.914
        long    coalesced        1       32        1   1073741824            4      280481.173   8589934592    536870912       30.626        1.914
        long    coalesced        1       32        1   2147483648            2      280500.961   8589934592    536870912       30.624        1.914
        long    coalesced        1       32        1   4293918720            1      280439.124   8587837440    536739840       30.623        1.914
