        type trial_config ert_flop   unroll  buffers        nsize       trials       microsecs        bytes        flops         GB/s         GF/s
      double    coalesced      160        2        1           16     67108864   558623272.594   2147483648  21474836480        0.004        0.038
      double    coalesced      160        2        1           32     67108864   559826580.185   4294967296  42949672960        0.008        0.077
      double    coalesced      160        2        1           64     67108864   561115953.533   8589934592  85899345920        0.015        0.153
      double    coalesced      160        2        1          128     33554432   281997235.672   8589934592  85899345920        0.030        0.305
      double    coalesced      160        2        1          256     16777216   142830018.774   8589934592  85899345920        0.060        0.601
      double    coalesced      160        2        1          512      8388608    72355120.708   8589934592  85899345920        0.119        1.187
      double    coalesced      160        2        1         1024      4194304    37001650.766   8589934592  85899345920        0.232        2.322
      double    coalesced      160        2        1         2048      2097152    19093918.721   8589934592  85899345920        0.450        4.499
      double    coalesced      160        2        1         4096      1048576    10071724.351   8589934592  85899345920        0.853        8.529
      double    coalesced      160        2        1         8192       524288     5579749.626   8589934592  85899345920        1.539       15.395
      double    coalesced      160        2        1        16384       262144     3285512.512   8589934592  85899345920        2.614       26.145
      double    coalesced      160        2        1        32768       131072     2173982.349   8589934592  85899345920        3.951       39.512
      double    coalesced      160        2        1        65536        65536     1598607.303   8589934592  85899345920        5.373       53.734
      double    coalesced      160        2        1       131072        32768     1310941.409   8589934592  85899345920        6.552       65.525
      double    coalesced      160        2        1       262144        16384     1168799.220   8589934592  85899345920        7.349       73.494
      double    coalesced      160        2        1       524288         8192     1096278.217   8589934592  85899345920        7.836       78.355
      double    coalesced      160        2        1      1048576         4096     1061397.785   8589934592  85899345920        8.093       80.930
      double    coalesced      160        2        1      2097152         2048     1043498.036   8589934592  85899345920        8.232       82.319
      double    coalesced      160        2        1      4194304         1024     1034679.676   8589934592  85899345920        8.302       83.020
      double    coalesced      160        2        1      8388608          512     1030311.451   8589934592  85899345920        8.337       83.372
      double    coalesced      160        2        1     16777216          256     1028093.774   8589934592  85899345920        8.355       83.552
      double    coalesced      160        2        1     33554432          128     1027005.732   8589934592  85899345920        8.364       83.641
      double    coalesced      160        2        1     67108864           64     1026388.125   8589934592  85899345920        8.369       83.691
      double    coalesced      160        2        1    134217728           32     1026109.624   8589934592  85899345920        8.371       83.714
      double    coalesced      160        2        1    268435456           16     1025996.146   8589934592  85899345920        8.372       83.723
      double    coalesced      160        2        1    536870912            8     1025963.924   8589934592  85899345920        8.373       83.726
      double    coalesced      160        2        1   1073741824            4     1025928.458   8589934592  85899345920        8.373       83.728
      double    coalesced      160        2        1   2147483648            2     1025873.794   8589934592  85899345920        8.373       83.733
      double    coalesced      160        2        1   4293918720            1     1025742.076   8587837440  85878374400        8.372       83.723
