        type trial_config ert_flop   unroll  buffers        nsize       trials       microsecs        bytes        flops         GB/s         GF/s
       float    coalesced        4       16        0           64       262144       27825.805     33554432     16777216        1.206        0.603
       float    coalesced        4       16        0          128       131072       14544.494     33554432     16777216        2.307        1.154
       float    coalesced        4       16        0          256        65536        7984.520     33554432     16777216        4.202        2.101
       float    coalesced        4       16        0          512        32768        4681.232     33554432     16777216        7.168        3.584
       float    coalesced        4       16        0         1024        16384        3030.224     33554432     16777216       11.073        5.537
       float    coalesced        4       16        0         2048         8192        2180.881     33554432     16777216       15.386        7.693
       float    coalesced        4       16        0         4096         4096        1818.037     33554432     16777216       18.456        9.228
       float    coalesced        4       16        0         8192         2048        1559.024     33554432     16777216       21.523       10.761
       float    coalesced        4       16        0        16384         1024        1461.221     33554432     16777216       22.963       11.482
       float    coalesced        4       16        0        32768         1024        2579.823     67108864     33554432       26.013       13.006
       float    coalesced        4       16        0        65536         1024        4797.782    134217728     67108864       27.975       13.987
       float    coalesced        4       16        0       131072         1024        9168.237    268435456    134217728       29.279       14.639
       float    coalesced        4       16        0       262144         1024       17956.607    536870912    268435456       29.898       14.949
       float    coalesced        4       16        0       524288         1024       35511.133   1073741824    536870912       30.237       15.118
       float    coalesced        4       16        0      1048576         1024       70675.304   2147483648   1073741824       30.385       15.193
       float    coalesced        4       16        0      2097152         1024      140858.097   4294967296   2147483648       30.491       15.246
       float    coalesced        4       16        0      4194304         1024      281303.331   8589934592   4294967296       30.536       15.268
       float    coalesced        4       16        0      8388608         1024      562049.815  17179869184   8589934592       30.566       15.283
       float    coalesced        4       16        0     16777216         1024     1123630.023  34359738368  17179869184       30.579       15.290
