        type trial_config ert_flop   unroll  buffers        nsize       trials       microsecs        bytes        flops         GB/s         GF/s
       float    coalesced        1        8        0           32       524288       36333.816     33554432      4194304        0.924        0.115
       float    coalesced        1        8        0           64       262144       19352.316     33554432      4194304        1.734        0.217
       float    coalesced        1        8        0          128       131072       10951.268     33554432      4194304        3.064        0.383
       float    coalesced        1        8        0          256        65536        6697.853     33554432      4194304        5.010        0.626
       float    coalesced        1        8        0          512        32768        4606.957     33554432      4194304        7.283        0.910
       float    coalesced        1        8        0         1024        16384        3549.538     33554432      4194304        9.453        1.182
       float    coalesced        1        8        0         2048         8192        3014.228     33554432      4194304       11.132        1.392
       float    coalesced        1        8        0         4096         4096        2787.028     33554432      4194304       12.040        1.505
       float    coalesced        1        8        0         8192         2048        2639.586     33554432      4194304       12.712        1.589
       float    coalesced        1        8        0        16384         1024        2559.291     33554432      4194304       13.111        1.639
       float    coalesced        1        8        0        32768         1024        4641.395     67108864      8388608       14.459        1.807
       float    coalesced        1        8        0        65536         1024        8905.446    134217728     16777216       15.071        1.884
       float    coalesced        1        8        0       131072         1024       17299.899    268435456     33554432       15.517        1.940
       float    coalesced        1        8        0       262144         1024       34195.698    536870912     67108864       15.700        1.962
       float    coalesced        1        8        0       524288         1024       67886.601   1073741824    134217728       15.817        1.977
       float    coalesced        1        8        0      1048576         1024      135316.585   2147483648    268435456       15.870        1.984
       float    coalesced        1        8        0      2097152         1024      270076.237   4294967296    536870912       15.903        1.988
       float    coalesced        1        8        0      4194304         1024      539575.481   8589934592   1073741824       15.920        1.990
       float    coalesced        1        8        0      8388608         1024     1078587.530  17179869184   2147483648       15.928        1.991
       float    coalesced        1        8        0     16777216         1024     2156664.602  34359738368   4294967296       15.932        1.991
