        type trial_config ert_flop   unroll  buffers        nsize       trials       microsecs        bytes        flops         GB/s         GF/s
         int    coalesced      125        4        2           32     67108864   304438601.550   4294967296  67108864000        0.014        0.220
         int    coalesced      125        4        2           64     67108864   305497180.962   8589934592 134217728000        0.028        0.439
         int    coalesced      125        4        2          128     67108864   307184991.002  17179869184 268435456000        0.056        0.874
         int    coalesced      125        4        2          256     33554432   157112971.616  17179869184 268435456000        0.109        1.709
         int    coalesced      125        4        2          512     16777216    79245848.011  17179869184 268435456000        0.217        3.387
         int    coalesced      125        4        2         1024      8388608    40915258.846  17179869184 268435456000        0.420        6.561
         int    coalesced      125        4        2         2048      4194304    21276134.879  17179869184 268435456000        0.807       12.617
         int    coalesced      125        4        2         4096      2097152    11162168.459  17179869184 268435456000        1.539       24.049
         int    coalesced      125        4        2         8192      1048576     6137675.018  17179869184 268435456000        2.799       43.736
         int    coalesced      125        4        2        16384       524288     3657400.586  17179869184 268435456000        4.697       73.395
         int    coalesced      125        4        2        32768       262144     2387195.915  17179869184 268435456000        7.197      112.448
         int    coalesced      125        4        2        65536       131072     1753952.137  17179869184 268435456000        9.795      153.046
         int    coalesced      125        4        2       131072        65536     1428674.478  17179869184 268435456000       12.025      187.891
         int    coalesced      125        4        2       262144        32768     1271365.551  17179869184 268435456000       13.513      211.139
         int    coalesced      125        4        2       524288        16384     1189259.416  17179869184 268435456000       14.446      225.716
         int    coalesced      125        4        2      1048576         8192     1150797.195  17179869184 268435456000       14.929      233.260
         int    coalesced      125        4        2      2097152         4096     1129914.105  17179869184 268435456000       15.205      237.572
         int    coalesced      125        4        2      4194304         2048     1119876.810  17179869184 268435456000       15.341      239.701
         int    coalesced      125        4        2      8388608         1024     1114983.629  17179869184 268435456000       15.408      240.753
         int    coalesced      125        4        2     16777216          512     1112508.481  17179869184 268435456000       15.442      241.288
         int    coalesced      125        4        2     33554432          256     1111260.851  17179869184 268435456000       15.460      241.559
         int    coalesced      125        4        2     67108864          128     1110681.231  17179869184 268435456000       15.468      241.685
         int    coalesced      125        4        2    134217728           64     1110365.099  17179869184 268435456000       15.472      241.754
         int    coalesced      125        4        2    268435456           32     1110216.351  17179869184 268435456000       15.474      241.787
         int    coalesced      125        4        2    536870912           16     1110115.663  17179869184 268435456000       15.476      241.809
         int    coalesced      125        4        2   1073741824            8     1110082.934  17179869184 268435456000       15.476      241.816
         int    coalesced      125        4        2   2147483648            4     1110127.753  17179869184 268435456000       15.476      241.806
         int    coalesced      125        4        2   4294967296            2     1110103.420  17179869184 268435456000       15.476      241.811
         int    coalesced      125        4        2   8588886016            1     1109906.462  17177772032 268402688000       15.477      241.825
