        type trial_config ert_flop   unroll  buffers        nsize       trials       microsecs        bytes        flops         GB/s         GF/s
       float    coalesced        3      512        1         2048      2097152     1488329.372   8589934592   3221225472        5.772        2.164
       float    coalesced        3      512        1         4096      1048576      954724.454   8589934592   3221225472        8.997        3.374
       float    coalesced        3      512        1         8192       524288      702093.862   8589934592   3221225472       12.235        4.588
       float    coalesced        3      512        1        16384       262144      606131.823   8589934592   3221225472       14.172        5.314
       float    coalesced        3      512        1        32768       131072      530151.773   8589934592   3221225472       16.203        6.076
       float    coalesced        3      512        1        65536        65536      492852.342   8589934592   3221225472       17.429        6.536
       float    coalesced        3      512        1       131072        32768      485330.132   8589934592   3221225472       17.699        6.637
       float    coalesced        3      512        1       262144        16384      477304.023   8589934592   3221225472       17.997        6.749
       float    coalesced        3      512        1       524288         8192      472747.610   8589934592   3221225472       18.170        6.814
       float    coalesced        3      512        1      1048576         4096      391894.385   8589934592   3221225472       21.919        8.220
       float    coalesced        3      512        1      2097152         2048      349891.283   8589934592   3221225472       24.550        9.206
       float    coalesced        3      512        1      4194304         1024      328857.960   8589934592   3221225472       26.121        9.795
       float    coalesced        3      512        1      8388608          512      318369.753   8589934592   3221225472       26.981       10.118
       float    coalesced        3      512        1     16777216          256      313149.232   8589934592   3221225472       27.431       10.287
       float    coalesced        3      512        1     33554432          128      310541.169   8589934592   3221225472       27.661       10.373
       float    coalesced        3      512        1     67108864           64      309182.736   8589934592   3221225472       27.783       10.419
       float    coalesced        3      512        1    134217728           32      308532.357   8589934592   3221225472       27.841       10.440
       float    coalesced        3      512        1    268435456           16      308202.645   8589934592   3221225472       27.871       10.452
       float    coalesced        3      512        1    536870912            8      307986.986   8589934592   3221225472       27.891       10.459
       float    coalesced        3      512        1   1073741824            4      307877.241   8589934592   3221225472       27.901       10.463
       float    coalesced        3      512        1   2147483648            2      307915.106   8589934592   3221225472       27.897       10.461
       float    coalesced        3      512        1   4293918720            1      307812.933   8587837440   3220439040       27.900       10.462
