        type trial_config ert_flop   unroll  buffers        nsize       trials       microsecs        bytes        flops         GB/s         GF/s
      double    coalesced        2       16        2          256     33554432    20143210.883  17179869184   2147483648        0.853        0.107
      double    coalesced        2       16        2          512     16777216    10728130.590  17179869184   2147483648        1.601        0.200
      double    coalesced        2       16        2         1024      8388608     5850763.507  17179869184   2147483648        2.936        0.367
      double    coalesced        2       16        2         2048      4194304     3273646.602  17179869184   2147483648        5.248        0.656
      double    coalesced        2       16        2         4096      2097152     1818943.458  17179869184   2147483648        9.445        1.181
      double    coalesced        2       16        2         8192      1048576     1169516.561  17179869184   2147483648       14.690        1.836
      double    coalesced        2       16        2        16384       524288      858403.832  17179869184   2147483648       20.014        2.502
      double    coalesced        2       16        2        32768       262144      700218.410  17179869184   2147483648       24.535        3.067
      double    coalesced        2       16        2        65536       131072      631632.893  17179869184   2147483648       27.199        3.400
      double    coalesced        2       16        2       131072        65536      589874.516  17179869184   2147483648       29.125        3.641
      double    coalesced        2       16        2       262144        32768      575804.338  17179869184   2147483648       29.836        3.730
      double    coalesced        2       16        2       524288        16384      569664.407  17179869184   2147483648       30.158        3.770
      double    coalesced        2       16        2      1048576         8192      566322.831  17179869184   2147483648       30.336        3.792
      double    coalesced        2       16        2      2097152         4096      564578.483  17179869184   2147483648       30.430        3.804
      double    coalesced        2       16        2      4194304         2048      563504.998  17179869184   2147483648       30.488        3.811
      double    coalesced        2       16        2      8388608         1024      563001.861  17179869184   2147483648       30.515        3.814
      double    coalesced        2       16        2     16777216          512      562664.758  17179869184   2147483648       30.533        3.817
      double    coalesced        2       16        2     33554432          256      562500.322  17179869184   2147483648       30.542        3.818
      double    coalesced        2       16        2     67108864          128      562566.397  17179869184   2147483648       30.538        3.817
      double    coalesced        2       16        2    134217728           64      562667.774  17179869184   2147483648       30.533        3.817
      double    coalesced        2       16        2    268435456           32      562756.186  17179869184   2147483648       30.528        3.816
      double    coalesced        2       16        2    536870912           16      562719.758  17179869184   2147483648       30.530        3.816
      double    coalesced        2       16        2   1073741824            8      562910.876  17179869184   2147483648       30.520        3.815
      double    coalesced        2       16        2   2147483648            4      563030.233  17179869184   2147483648       30.513        3.814
      double    coalesced        2       16        2   4294967296            2      567629.018  17179869184   2147483648       30.266        3.783
      double    coalesced        2       16        2   8588886016            1      563397.787  17177772032   2147221504       30.490        3.811
