        type trial_config ert_flop   unroll  buffers        nsize       trials       microsecs        bytes        flops         GB/s         GF/s
       float    coalesced      128        4        2           32     67108864    98195918.367   4294967296  68719476736        0.044        0.700
       float    coalesced      128        4        2           64     67108864   101150239.664   8589934592 137438953472        0.085        1.359
       float    coalesced      128        4        2          128     67108864   104741917.098  17179869184 274877906944        0.164        2.624
       float    coalesced      128        4        2          256     33554432    52371237.730  17179869184 274877906944        0.328        5.249
       float    coalesced      128        4        2          512     16777216    28056240.181  17179869184 274877906944        0.612        9.797
       float    coalesced      128        4        2         1024      8388608    15107401.394  17179869184 274877906944        1.137       18.195
       float    coalesced      128        4        2         2048      4194304     8539156.653  17179869184 274877906944        2.012       32.190
       float    coalesced      128        4        2         4096      2097152     4849635.613  17179869184 274877906944        3.543       56.680
       float    coalesced      128        4        2         8192      1048576     3019933.354  17179869184 274877906944        5.689       91.021
       float    coalesced      128        4        2        16384       524288     2076199.705  17179869184 274877906944        8.275      132.395
       float    coalesced      128        4        2        32768       262144     1648167.178  17179869184 274877906944       10.424      166.778
       float    coalesced      128        4        2        65536       131072     1416765.101  17179869184 274877906944       12.126      194.018
       float    coalesced      128        4        2       131072        65536     1298390.973  17179869184 274877906944       13.232      211.707
       float    coalesced      128        4        2       262144        32768     1242562.633  17179869184 274877906944       13.826      221.219
       float    coalesced      128        4        2       524288        16384     1213454.688  17179869184 274877906944       14.158      226.525
       float    coalesced      128        4        2      1048576         8192     1198367.563  17179869184 274877906944       14.336      229.377
       float    coalesced      128        4        2      2097152         4096     1191069.175  17179869184 274877906944       14.424      230.782
       float    coalesced      128        4        2      4194304         2048     1187508.113  17179869184 274877906944       14.467      231.475
       float    coalesced      128        4        2      8388608         1024     1185766.256  17179869184 274877906944       14.488      231.815
       float    coalesced      128        4        2     16777216          512     1184888.431  17179869184 274877906944       14.499      231.986
       float    coalesced      128        4        2     33554432          256     1184392.224  17179869184 274877906944       14.505      232.084
       float    coalesced      128        4        2     67108864          128     1184270.573  17179869184 274877906944       14.507      232.107
       float    coalesced      128        4        2    134217728           64     1184078.538  17179869184 274877906944       14.509      232.145
       float    coalesced      128        4        2    268435456           32     1183998.314  17179869184 274877906944       14.510      232.161
       float    coalesced      128        4        2    536870912           16     1183946.301  17179869184 274877906944       14.511      232.171
       float    coalesced      128        4        2   1073741824            8     1183904.535  17179869184 274877906944       14.511      232.179
       float    coalesced      128        4        2   2147483648            4     1183855.940  17179869184 274877906944       14.512      232.189
       float    coalesced      128        4        2   4294967296            2     1183920.791  17179869184 274877906944       14.511      232.176
       float    coalesced      128        4        2   8588886016            1     1183847.679  17177772032 274844352512       14.510      232.162
