        type trial_config ert_flop   unroll  buffers        nsize       trials       microsecs        bytes        flops         GB/s         GF/s
        long    coalesced       64        4        1           32     67108864   209483662.040   4294967296  17179869184        0.021        0.082
        long    coalesced       64        4        1           64     67108864   209483744.050   8589934592  34359738368        0.041        0.164
        long    coalesced       64        4        1          128     33554432   104742136.818   8589934592  34359738368        0.082        0.328
        long    coalesced       64        4        1          256     16777216    52595094.296   8589934592  34359738368        0.163        0.653
        long    coalesced       64        4        1          512      8388608    27276965.766   8589934592  34359738368        0.315        1.260
        long    coalesced       64        4        1         1024      4194304    14028341.763   8589934592  34359738368        0.612        2.449
        long    coalesced       64        4        1         2048      2097152     7274100.496   8589934592  34359738368        1.181        4.724
        long    coalesced       64        4        1         4096      1048576     4091813.352   8589934592  34359738368        2.099        8.397
        long    coalesced       64        4        1         8192       524288     2227967.707   8589934592  34359738368        3.856       15.422
        long    coalesced       64        4        1        16384       262144     1400040.697   8589934592  34359738368        6.135       24.542
        long    coalesced       64        4        1        32768       131072     1023185.569   8589934592  34359738368        8.395       33.581
        long    coalesced       64        4        1        65536        65536      767556.417   8589934592  34359738368       11.191       44.765
        long    coalesced       64        4        1       131072        32768      657926.237   8589934592  34359738368       13.056       52.224
        long    coalesced       64        4        1       262144        16384      605366.994   8589934592  34359738368       14.190       56.759
        long    coalesced       64        4        1       524288         8192      578455.728   8589934592  34359738368       14.850       59.399
        long    coalesced       64        4        1      1048576         4096      565143.975   8589934592  34359738368       15.200       60.798
        long    coalesced       64        4        1      2097152         2048      558370.482   8589934592  34359738368       15.384       61.536
        long    coalesced       64        4        1      4194304         1024      555051.625   8589934592  34359738368       15.476       61.904
        long    coalesced       64        4        1      8388608          512      553514.891   8589934592  34359738368       15.519       62.076
        long    coalesced       64        4        1     16777216          256      552570.929   8589934592  34359738368       15.545       62.182
        long    coalesced       64        4        1     33554432          128      552176.664   8589934592  34359738368       15.556       62.226
        long    coalesced       64        4        1     67108864           64      551991.224   8589934592  34359738368       15.562       62.247
        long    coalesced       64        4        1    134217728           32      551977.221   8589934592  34359738368       15.562       62.248
        long    coalesced       64        4        1    268435456           16      551824.424   8589934592  34359738368       15.566       62.266
        long    coalesced       64        4        1    536870912            8      551819.958   8589934592  34359738368       15.567       62.266
        long    coalesced       64        4        1   1073741824            4      551863.800   8589934592  34359738368       15.565       62.261
        long    coalesced       64        4        1   2147483648            2      556287.517   8589934592  34359738368       15.442       61.766
        long    coalesced       64        4        1   4293918720            1      551666.646   8587837440  34351349760       15.567       62.268
