        type trial_config ert_flop   unroll  buffers        nsize       trials       microsecs        bytes        flops         GB/s         GF/s
         int    coalesced       16        8        2           64     67108864    65464008.824   8589934592  17179869184        0.131        0.262
         int    coalesced       16        8        2          128     67108864    65463954.910  17179869184  34359738368        0.262        0.525
         int    coalesced       16        8        2          256     33554432    33640183.370  17179869184  34359738368        0.511        1.021
         int    coalesced       16        8        2          512     16777216    17630345.382  17179869184  34359738368        0.974        1.949
         int    coalesced       16        8        2         1024      8388608     9751851.294  17179869184  34359738368        1.762        3.523
         int    coalesced       16        8        2         2048      4194304     5348913.243  17179869184  34359738368        3.212        6.424
         int    coalesced       16        8        2         4096      2097152     2886830.542  17179869184  34359738368        5.951       11.902
         int    coalesced       16        8        2         8192      1048576     1735555.218  17179869184  34359738368        9.899       19.798
         int    coalesced       16        8        2        16384       524288     1163929.805  17179869184  34359738368       14.760       29.520
         int    coalesced       16        8        2        32768       262144      877228.260  17179869184  34359738368       19.584       39.169
         int    coalesced       16        8        2        65536       131072      734729.032  17179869184  34359738368       23.383       46.765
         int    coalesced       16        8        2       131072        65536      682427.781  17179869184  34359738368       25.175       50.349
         int    coalesced       16        8        2       262144        32768      657503.432  17179869184  34359738368       26.129       52.258
         int    coalesced       16        8        2       524288        16384      639767.269  17179869184  34359738368       26.853       53.707
         int    coalesced       16        8        2      1048576         8192      637134.372  17179869184  34359738368       26.964       53.929
         int    coalesced       16        8        2      2097152         4096      632094.336  17179869184  34359738368       27.179       54.359
         int    coalesced       16        8        2      4194304         2048      630202.899  17179869184  34359738368       27.261       54.522
         int    coalesced       16        8        2      8388608         1024      629152.802  17179869184  34359738368       27.306       54.613
         int    coalesced       16        8        2     16777216          512      628732.128  17179869184  34359738368       27.325       54.649
         int    coalesced       16        8        2     33554432          256      628425.266  17179869184  34359738368       27.338       54.676
         int    coalesced       16        8        2     67108864          128      628563.333  17179869184  34359738368       27.332       54.664
         int    coalesced       16        8        2    134217728           64      628296.194  17179869184  34359738368       27.344       54.687
         int    coalesced       16        8        2    268435456           32      628201.000  17179869184  34359738368       27.348       54.695
         int    coalesced       16        8        2    536870912           16      628201.275  17179869184  34359738368       27.348       54.695
         int    coalesced       16        8        2   1073741824            8      628268.114  17179869184  34359738368       27.345       54.690
         int    coalesced       16        8        2   2147483648            4      628304.867  17179869184  34359738368       27.343       54.686
         int    coalesced       16        8        2   4294967296            2      628367.217  17179869184  34359738368       27.340       54.681
         int    coalesced       16        8        2   8588886016            1      628324.643  17177772032  34355544064       27.339       54.678
