        type trial_config ert_flop   unroll  buffers        nsize       trials       microsecs        bytes        flops         GB/s         GF/s
      double    coalesced       39        2        2           32     67108864   157113027.428   4294967296  10468982784        0.027        0.067
      double    coalesced       39        2        2           64     67108864   158699776.422   8589934592  20937965568        0.054        0.132
      double    coalesced       39        2        2          128     67108864   161141444.621  17179869184  41875931136        0.107        0.260
      double    coalesced       39        2        2          256     33554432    87285192.640  17179869184  41875931136        0.197        0.480
      double    coalesced       39        2        2          512     16777216    43642836.367  17179869184  41875931136        0.394        0.960
      double    coalesced       39        2        2         1024      8388608    22170287.111  17179869184  41875931136        0.775        1.889
      double    coalesced       39        2        2         2048      4194304    12020520.455  17179869184  41875931136        1.429        3.484
      double    coalesced       39        2        2         4096      2097152     6546863.484  17179869184  41875931136        2.624        6.396
      double    coalesced       39        2        2         8192      1048576     3897156.132  17179869184  41875931136        4.408       10.745
      double    coalesced       39        2        2        16384       524288     2518363.828  17179869184  41875931136        6.822       16.628
      double    coalesced       39        2        2        32768       262144     1835642.363  17179869184  41875931136        9.359       22.813
      double    coalesced       39        2        2        65536       131072     1487591.258  17179869184  41875931136       11.549       28.150
      double    coalesced       39        2        2       131072        65536     1310022.273  17179869184  41875931136       13.114       31.966
      double    coalesced       39        2        2       262144        32768     1221329.348  17179869184  41875931136       14.067       34.287
      double    coalesced       39        2        2       524288        16384     1176290.444  17179869184  41875931136       14.605       35.600
      double    coalesced       39        2        2      1048576         8192     1153766.930  17179869184  41875931136       14.890       36.295
      double    coalesced       39        2        2      2097152         4096     1142921.608  17179869184  41875931136       15.032       36.639
      double    coalesced       39        2        2      4194304         2048     1137316.916  17179869184  41875931136       15.106       36.820
      double    coalesced       39        2        2      8388608         1024     1134502.622  17179869184  41875931136       15.143       36.911
      double    coalesced       39        2        2     16777216          512     1133128.369  17179869184  41875931136       15.161       36.956
      double    coalesced       39        2        2     33554432          256     1132384.383  17179869184  41875931136       15.171       36.980
      double    coalesced       39        2        2     67108864          128     1132074.442  17179869184  41875931136       15.176       36.990
      double    coalesced       39        2        2    134217728           64     1131871.047  17179869184  41875931136       15.178       36.997
      double    coalesced       39        2        2    268435456           32     1131879.547  17179869184  41875931136       15.178       36.997
      double    coalesced       39        2        2    536870912           16     1131763.782  17179869184  41875931136       15.180       37.001
      double    coalesced       39        2        2   1073741824            8     1131774.463  17179869184  41875931136       15.180       37.000
      double    coalesced       39        2        2   2147483648            4     1131801.422  17179869184  41875931136       15.179       36.999
      double    coalesced       39        2        2   4294967296            2     1131698.117  17179869184  41875931136       15.181       37.003
      double    coalesced       39        2        2   8588886016            1     1131639.070  17177772032  41870819328       15.180       37.000
