        type trial_config ert_flop   unroll  buffers        nsize       trials       microsecs        bytes        flops         GB/s         GF/s
         int    coalesced        2        2        2           16     67108864    40285856.857   2147483648    536870912        0.053        0.013
         int    coalesced        2        2        2           32     67108864    40285971.959   4294967296   1073741824        0.107        0.027
         int    coalesced        2        2        2           64     67108864    40285850.113   8589934592   2147483648        0.213        0.053
         int    coalesced        2        2        2          128     67108864    47610550.079  17179869184   4294967296        0.361        0.090
         int    coalesced        2        2        2          256     33554432    26185972.582  17179869184   4294967296        0.656        0.164
         int    coalesced        2        2        2          512     16777216    15403956.266  17179869184   4294967296        1.115        0.279
         int    coalesced        2        2        2         1024      8388608    10072065.209  17179869184   4294967296        1.706        0.426
         int    coalesced        2        2        2         2048      4194304     6546923.955  17179869184   4294967296        2.624        0.656
         int    coalesced        2        2        2         4096      2097152     4676446.189  17179869184   4294967296        3.674        0.918
         int    coalesced        2        2        2         8192      1048576     3777291.786  17179869184   4294967296        4.548        1.137
         int    coalesced        2        2        2        16384       524288     3383091.516  17179869184   4294967296        5.078        1.270
         int    coalesced        2        2        2        32768       262144     3162347.857  17179869184   4294967296        5.433        1.358
         int    coalesced        2        2        2        65536       131072     3069222.271  17179869184   4294967296        5.597        1.399
         int    coalesced        2        2        2       131072        65536     3021845.590  17179869184   4294967296        5.685        1.421
         int    coalesced        2        2        2       262144        32768     2999043.956  17179869184   4294967296        5.728        1.432
         int    coalesced        2        2        2       524288        16384     2987581.696  17179869184   4294967296        5.750        1.438
         int    coalesced        2        2        2      1048576         8192     2982017.549  17179869184   4294967296        5.761        1.440
         int    coalesced        2        2        2      2097152         4096     2979238.168  17179869184   4294967296        5.767        1.442
         int    coalesced        2        2        2      4194304         2048     2977731.676  17179869184   4294967296        5.769        1.442
         int    coalesced        2        2        2      8388608         1024     2977018.292  17179869184   4294967296        5.771        1.443
         int    coalesced        2        2        2     16777216          512     2976685.404  17179869184   4294967296        5.771        1.443
         int    coalesced        2        2        2     33554432          256     2976492.727  17179869184   4294967296        5.772        1.443
         int    coalesced        2        2        2     67108864          128     2976285.292  17179869184   4294967296        5.772        1.443
         int    coalesced        2        2        2    134217728           64     2976311.873  17179869184   4294967296        5.772        1.443
         int    coalesced        2        2        2    268435456           32     2976399.668  17179869184   4294967296        5.772        1.443
         int    coalesced        2        2        2    536870912           16     2976185.396  17179869184   4294967296        5.772        1.443
         int    coalesced        2        2        2   1073741824            8     2976250.299  17179869184   4294967296        5.772        1.443
         int    coalesced        2        2        2   2147483648            4     2976330.000  17179869184   4294967296        5.772        1.443
         int    coalesced        2        2        2   4294967296            2     2976284.688  17179869184   4294967296        5.772        1.443
         int    coalesced        2        2        2   8588886016            1     2975830.824  17177772032   4294443008        5.772        1.443
