        type trial_config ert_flop   unroll  buffers        nsize       trials       microsecs        bytes        flops         GB/s         GF/s
       float    coalesced      256        2        1            8     67108864   174569763.800   1073741824  34359738368        0.006        0.197
       float    coalesced      256        2        1           16     67108864   174569844.751   2147483648  68719476736        0.012        0.394
       float    coalesced      256        2        1           32     67108864   174569894.542   4294967296 137438953472        0.025        0.787
       float    coalesced      256        2        1           64     67108864   177386502.526   8589934592 274877906944        0.048        1.550
       float    coalesced      256        2        1          128     33554432    92420441.244   8589934592 274877906944        0.093        2.974
       float    coalesced      256        2        1          256     16777216    48493912.761   8589934592 274877906944        0.177        5.668
       float    coalesced      256        2        1          512      8388608    26186220.258   8589934592 274877906944        0.328       10.497
       float    coalesced      256        2        1         1024      4194304    14231894.039   8589934592 274877906944        0.604       19.314
       float    coalesced      256        2        1         2048      2097152     8199599.267   8589934592 274877906944        1.048       33.523
       float    coalesced      256        2        1         4096      1048576     5295403.677   8589934592 274877906944        1.622       51.909
       float    coalesced      256        2        1         8192       524288     3819238.605   8589934592 274877906944        2.249       71.972
       float    coalesced      256        2        1        16384       262144     3069166.624   8589934592 274877906944        2.799       89.561
       float    coalesced      256        2        1        32768       131072     2685530.991   8589934592 274877906944        3.199      102.355
       float    coalesced      256        2        1        65536        65536     2484641.927   8589934592 274877906944        3.457      110.631
       float    coalesced      256        2        1       131072        32768     2411565.286   8589934592 274877906944        3.562      113.983
       float    coalesced      256        2        1       262144        16384     2375009.310   8589934592 274877906944        3.617      115.738
       float    coalesced      256        2        1       524288         8192     2356756.208   8589934592 274877906944        3.645      116.634
       float    coalesced      256        2        1      1048576         4096     2347520.771   8589934592 274877906944        3.659      117.093
       float    coalesced      256        2        1      2097152         2048     2342947.596   8589934592 274877906944        3.666      117.321
       float    coalesced      256        2        1      4194304         1024     2340635.686   8589934592 274877906944        3.670      117.437
       float    coalesced      256        2        1      8388608          512     2339576.958   8589934592 274877906944        3.672      117.490
       float    coalesced      256        2        1     16777216          256     2339003.925   8589934592 274877906944        3.672      117.519
       float    coalesced      256        2        1     33554432          128     2338816.607   8589934592 274877906944        3.673      117.529
       float    coalesced      256        2        1     67108864           64     2338721.505   8589934592 274877906944        3.673      117.533
       float    coalesced      256        2        1    134217728           32     2338628.818   8589934592 274877906944        3.673      117.538
       float    coalesced      256        2        1    268435456           16     2338597.320   8589934592 274877906944        3.673      117.540
       float    coalesced      256        2        1    536870912            8     2338390.677   8589934592 274877906944        3.673      117.550
       float    coalesced      256        2        1   1073741824            4     2338504.164   8589934592 274877906944        3.673      117.544
       float    coalesced      256        2        1   2147483648            2     2338447.875   8589934592 274877906944        3.673      117.547
       float    coalesced      256        2        1   4293918720            1     2337816.675   8587837440 274810798080        3.673      117.550
