        type trial_config ert_flop   unroll  buffers        nsize       trials       microsecs        bytes        flops         GB/s         GF/s
        long    coalesced        1       16        1          128     33554432    15450589.080   8589934592    536870912        0.556        0.035
        long    coalesced        1       16        1          256     16777216     8183582.163   8589934592    536870912        1.050        0.066
        long    coalesced        1       16        1          512      8388608     4364818.460   8589934592    536870912        1.968        0.123
        long    coalesced        1       16        1         1024      4194304     2425157.978   8589934592    536870912        3.542        0.221
        long    coalesced        1       16        1         2048      2097152     1364283.317   8589934592    536870912        6.296        0.394
        long    coalesced        1       16        1         4096      1048576      818790.211   8589934592    536870912       10.491        0.656
        long    coalesced        1       16        1         8192       524288      558088.238   8589934592    536870912       15.392        0.962
        long    coalesced        1       16        1        16384       262144      409684.653   8589934592    536870912       20.967        1.310
        long    coalesced        1       16        1        32768       131072      341449.091   8589934592    536870912       25.157        1.572
        long    coalesced        1       16        1        65536        65536      331169.401   8589934592    536870912       25.938        1.621
        long    coalesced        1       16        1       131072        32768      315655.171   8589934592    536870912       27.213        1.701
        long    coalesced        1       16        1       262144        16384      311089.748   8589934592    536870912       27.612        1.726
        long    coalesced        1       16        1       524288         8192      308054.970   8589934592    536870912       27.884        1.743
        long    coalesced        1       16        1      1048576         4096      306374.483   8589934592    536870912       28.037        1.752
        long    coalesced        1       16        1      2097152         2048      305887.032   8589934592    536870912       28.082        1.755
        long    coalesced        1       16        1      4194304         1024      305648.222   8589934592    536870912       28.104        1.756
        long    coalesced        1       16        1      8388608          512      305490.080   8589934592    536870912       28.119        1.757
        long    coalesced        1       16        1     16777216          256      305379.672   8589934592    536870912       28.129        1.758
        long    coalesced        1       16        1     33554432          128      305378.454   8589934592    536870912       28.129        1.758
        long    coalesced        1       16        1     67108864           64      305366.098   8589934592    536870912       28.130        1.758
        long    coalesced        1       16        1    134217728           32      305288.169   8589934592    536870912       28.137        1.759
        long    coalesced        1       16        1    268435456           16      305349.604   8589934592    536870912       28.131        1.758
        long    coalesced        1       16        1    536870912            8      305371.673   8589934592    536870912       28.129        1.758
        long    coalesced        1       16        1   1073741824            4      305314.558   8589934592    536870912       28.135        1.758
        long    coalesced        1       16        1   2147483648            2      305269.672   8589934592    536870912       28.139        1.759
        long    coalesced        1       16        1   4293918720            1      305199.505   8587837440    536739840       28.138        1.759
