        type trial_config ert_flop   unroll  buffers        nsize       trials       microsecs        bytes        flops         GB/s         GF/s
       float    coalesced        6      256        1         1024      4194304     2518622.995   8589934592   6442450944        3.411        2.558
       float    coalesced        6      256        1         2048      2097152     1488357.820   8589934592   6442450944        5.771        4.329
       float    coalesced        6      256        1         4096      1048576      904329.383   8589934592   6442450944        9.499        7.124
       float    coalesced        6      256        1         8192       524288      584985.910   8589934592   6442450944       14.684       11.013
       float    coalesced        6      256        1        16384       262144      431177.334   8589934592   6442450944       19.922       14.942
       float    coalesced        6      256        1        32768       131072      358286.935   8589934592   6442450944       23.975       17.981
       float    coalesced        6      256        1        65536        65536      324124.999   8589934592   6442450944       26.502       19.876
       float    coalesced        6      256        1       131072        32768      307221.485   8589934592   6442450944       27.960       20.970
       float    coalesced        6      256        1       262144        16384      298853.374   8589934592   6442450944       28.743       21.557
       float    coalesced        6      256        1       524288         8192      291598.953   8589934592   6442450944       29.458       22.094
       float    coalesced        6      256        1      1048576         4096      289461.178   8589934592   6442450944       29.676       22.257
       float    coalesced        6      256        1      2097152         2048      288673.536   8589934592   6442450944       29.757       22.317
       float    coalesced        6      256        1      4194304         1024      288250.752   8589934592   6442450944       29.800       22.350
       float    coalesced        6      256        1      8388608          512      288181.080   8589934592   6442450944       29.807       22.356
       float    coalesced        6      256        1     16777216          256      288079.039   8589934592   6442450944       29.818       22.363
       float    coalesced        6      256        1     33554432          128      288037.552   8589934592   6442450944       29.822       22.367
       float    coalesced        6      256        1     67108864           64      288027.431   8589934592   6442450944       29.823       22.367
       float    coalesced        6      256        1    134217728           32      287996.933   8589934592   6442450944       29.826       22.370
       float    coalesced        6      256        1    268435456           16      287987.530   8589934592   6442450944       29.827       22.371
       float    coalesced        6      256        1    536870912            8      287886.737   8589934592   6442450944       29.838       22.378
       float    coalesced        6      256        1   1073741824            4      287857.116   8589934592   6442450944       29.841       22.381
       float    coalesced        6      256        1   2147483648            2      287783.183   8589934592   6442450944       29.849       22.386
       float    coalesced        6      256        1   4293918720            1      287690.580   8587837440   6440878080       29.851       22.388
