        type trial_config ert_flop   unroll  buffers        nsize       trials       microsecs        bytes        flops         GB/s         GF/s
       float    coalesced        2        1        1            4     67108864    27852103.114    536870912    134217728        0.019        0.005
       float    coalesced        2        1        1            8     67108864    29095438.399   1073741824    268435456        0.037        0.009
       float    coalesced        2        1        1           16     67108864    30806885.973   2147483648    536870912        0.070        0.017
       float    coalesced        2        1        1           32     67108864    32732308.611   4294967296   1073741824        0.131        0.033
       float    coalesced        2        1        1           64     67108864    40285759.017   8589934592   2147483648        0.213        0.053
       float    coalesced        2        1        1          128     33554432    23805503.134   8589934592   2147483648        0.361        0.090
       float    coalesced        2        1        1          256     16777216    15403736.752   8589934592   2147483648        0.558        0.139
       float    coalesced        2        1        1          512      8388608     9884444.854   8589934592   2147483648        0.869        0.217
       float    coalesced        2        1        1         1024      4194304     7175719.408   8589934592   2147483648        1.197        0.299
       float    coalesced        2        1        1         2048      2097152     5728645.964   8589934592   2147483648        1.499        0.375
       float    coalesced        2        1        1         4096      1048576     5114898.809   8589934592   2147483648        1.679        0.420
       float    coalesced        2        1        1         8192       524288     4773884.530   8589934592   2147483648        1.799        0.450
       float    coalesced        2        1        1        16384       262144     4564129.795   8589934592   2147483648        1.882        0.471
       float    coalesced        2        1        1        32768       131072     4433018.388   8589934592   2147483648        1.938        0.484
       float    coalesced        2        1        1        65536        65536     4399279.988   8589934592   2147483648        1.953        0.488
       float    coalesced        2        1        1       131072        32768     4384173.250   8589934592   2147483648        1.959        0.490
       float    coalesced        2        1        1       262144        16384     4373297.218   8589934592   2147483648        1.964        0.491
       float    coalesced        2        1        1       524288         8192     4369090.359   8589934592   2147483648        1.966        0.492
       float    coalesced        2        1        1      1048576         4096     4366961.756   8589934592   2147483648        1.967        0.492
       float    coalesced        2        1        1      2097152         2048     4366061.779   8589934592   2147483648        1.967        0.492
       float    coalesced        2        1        1      4194304         1024     4365234.933   8589934592   2147483648        1.968        0.492
       float    coalesced        2        1        1      8388608          512     4364959.576   8589934592   2147483648        1.968        0.492
       float    coalesced        2        1        1     16777216          256     4364844.955   8589934592   2147483648        1.968        0.492
       float    coalesced        2        1        1     33554432          128     4364898.246   8589934592   2147483648        1.968        0.492
       float    coalesced        2        1        1     67108864           64     4364891.740   8589934592   2147483648        1.968        0.492
       float    coalesced        2        1        1    134217728           32     4364826.051   8589934592   2147483648        1.968        0.492
       float    coalesced        2        1        1    268435456           16     4364823.611   8589934592   2147483648        1.968        0.492
       float    coalesced        2        1        1    536870912            8     4364779.231   8589934592   2147483648        1.968        0.492
       float    coalesced        2        1        1   1073741824            4     4364760.192   8589934592   2147483648        1.968        0.492
       float    coalesced        2        1        1   2147483648            2     4364683.471   8589934592   2147483648        1.968        0.492
       float    coalesced        2        1        1   4293918720            1     4363539.312   8587837440   2146959360        1.968        0.492
