        type trial_config ert_flop   unroll  buffers        nsize       trials       microsecs        bytes        flops         GB/s         GF/s
       float    coalesced       16        2        0            8      2097152      428592.398     33554432     67108864        0.078        0.157
       float    coalesced       16        2        0           16      1048576      218803.723     33554432     67108864        0.153        0.307
       float    coalesced       16        2        0           32       524288      113947.801     33554432     67108864        0.294        0.589
       float    coalesced       16        2        0           64       262144       61488.376     33554432     67108864        0.546        1.091
       float    coalesced       16        2        0          128       131072       35303.534     33554432     67108864        0.950        1.901
       float    coalesced       16        2        0          256        65536       22165.705     33554432     67108864        1.514        3.028
       float    coalesced       16        2        0          512        32768       15668.498     33554432     67108864        2.142        4.283
       float    coalesced       16        2        0         1024        16384       12396.761     33554432     67108864        2.707        5.413
       float    coalesced       16        2        0         2048         8192       10688.867     33554432     67108864        3.139        6.278
       float    coalesced       16        2        0         4096         4096        9896.018     33554432     67108864        3.391        6.781
       float    coalesced       16        2        0         8192         2048        9450.053     33554432     67108864        3.551        7.101
       float    coalesced       16        2        0        16384         1024        9210.957     33554432     67108864        3.643        7.286
       float    coalesced       16        2        0        32768         1024       18010.601     67108864    134217728        3.726        7.452
       float    coalesced       16        2        0        65536         1024       35468.820    134217728    268435456        3.784        7.568
       float    coalesced       16        2        0       131072         1024       70428.013    268435456    536870912        3.811        7.623
       float    coalesced       16        2        0       262144         1024      140379.463    536870912   1073741824        3.824        7.649
       float    coalesced       16        2        0       524288         1024      280140.280   1073741824   2147483648        3.833        7.666
       float    coalesced       16        2        0      1048576         1024      559782.957   2147483648   4294967296        3.836        7.673
       float    coalesced       16        2        0      2097152         1024     1119043.655   4294967296   8589934592        3.838        7.676
       float    coalesced       16        2        0      4194304         1024     2237513.568   8589934592  17179869184        3.839        7.678
       float    coalesced       16        2        0      8388608         1024     4474521.833  17179869184  34359738368        3.839        7.679
       float    coalesced       16        2        0     16777216         1024     8948409.599  34359738368  68719476736        3.840        7.680
