        type trial_config ert_flop   unroll  buffers        nsize       trials       microsecs        bytes        flops         GB/s         GF/s
         int    coalesced        4       32        2          256     33554432    20143401.206  17179869184   8589934592        0.853        0.426
         int    coalesced        4       32        2          512     16777216    10911151.161  17179869184   8589934592        1.575        0.787
         int    coalesced        4       32        2         1024      8388608     5951733.703  17179869184   8589934592        2.887        1.443
         int    coalesced        4       32        2         2048      4194304     3273689.035  17179869184   8589934592        5.248        2.624
         int    coalesced        4       32        2         4096      2097152     1818887.728  17179869184   8589934592        9.445        4.723
         int    coalesced        4       32        2         8192      1048576     1169500.146  17179869184   8589934592       14.690        7.345
         int    coalesced        4       32        2        16384       524288      852687.960  17179869184   8589934592       20.148       10.074
         int    coalesced        4       32        2        32768       262144      688627.662  17179869184   8589934592       24.948       12.474
         int    coalesced        4       32        2        65536       131072      621878.915  17179869184   8589934592       27.626       13.813
         int    coalesced        4       32        2       131072        65536      583951.515  17179869184   8589934592       29.420       14.710
         int    coalesced        4       32        2       262144        32768      572650.635  17179869184   8589934592       30.001       15.000
         int    coalesced        4       32        2       524288        16384      566415.578  17179869184   8589934592       30.331       15.165
         int    coalesced        4       32        2      1048576         8192      563174.144  17179869184   8589934592       30.505       15.253
         int    coalesced        4       32        2      2097152         4096      561512.772  17179869184   8589934592       30.596       15.298
         int    coalesced        4       32        2      4194304         2048      560615.511  17179869184   8589934592       30.645       15.322
         int    coalesced        4       32        2      8388608         1024      560178.367  17179869184   8589934592       30.669       15.334
         int    coalesced        4       32        2     16777216          512      559945.260  17179869184   8589934592       30.681       15.341
         int    coalesced        4       32        2     33554432          256      560126.771  17179869184   8589934592       30.671       15.336
         int    coalesced        4       32        2     67108864          128      560271.620  17179869184   8589934592       30.663       15.332
         int    coalesced        4       32        2    134217728           64      560409.746  17179869184   8589934592       30.656       15.328
         int    coalesced        4       32        2    268435456           32      560404.375  17179869184   8589934592       30.656       15.328
         int    coalesced        4       32        2    536870912           16      560637.941  17179869184   8589934592       30.643       15.322
         int    coalesced        4       32        2   1073741824            8      560824.284  17179869184   8589934592       30.633       15.317
         int    coalesced        4       32        2   2147483648            4      560912.857  17179869184   8589934592       30.628       15.314
         int    coalesced        4       32        2   4294967296            2      560826.112  17179869184   8589934592       30.633       15.317
         int    coalesced        4       32        2   8588886016            1      560858.473  17177772032   8588886016       30.628       15.314
