        type trial_config ert_flop   unroll  buffers        nsize       trials       microsecs        bytes        flops         GB/s         GF/s
       float    coalesced       32        8        2           64     67108864    47610491.243   8589934592  34359738368        0.180        0.722
       float    coalesced       32        8        2          128     67108864    47775089.129  17179869184  68719476736        0.360        1.438
       float    coalesced       32        8        2          256     33554432    26185970.374  17179869184  68719476736        0.656        2.624
       float    coalesced       32        8        2          512     16777216    13551920.413  17179869184  68719476736        1.268        5.071
       float    coalesced       32        8        2         1024      8388608     7856144.418  17179869184  68719476736        2.187        8.747
       float    coalesced       32        8        2         2048      4194304     4305677.505  17179869184  68719476736        3.990       15.960
       float    coalesced       32        8        2         4096      2097152     2432739.017  17179869184  68719476736        7.062       28.248
       float    coalesced       32        8        2         8192      1048576     1547932.237  17179869184  68719476736       11.099       44.394
       float    coalesced       32        8        2        16384       524288     1082614.427  17179869184  68719476736       15.869       63.475
       float    coalesced       32        8        2        32768       262144      862485.403  17179869184  68719476736       19.919       79.676
       float    coalesced       32        8        2        65536       131072      744399.535  17179869184  68719476736       23.079       92.315
       float    coalesced       32        8        2       131072        65536      682401.353  17179869184  68719476736       25.176      100.702
       float    coalesced       32        8        2       262144        32768      651885.581  17179869184  68719476736       26.354      105.416
       float    coalesced       32        8        2       524288        16384      639765.920  17179869184  68719476736       26.853      107.413
       float    coalesced       32        8        2      1048576         8192      629725.187  17179869184  68719476736       27.282      109.126
       float    coalesced       32        8        2      2097152         4096      625926.529  17179869184  68719476736       27.447      109.788
       float    coalesced       32        8        2      4194304         2048      623868.905  17179869184  68719476736       27.538      110.151
       float    coalesced       32        8        2      8388608         1024      623170.149  17179869184  68719476736       27.569      110.274
       float    coalesced       32        8        2     16777216          512      622646.863  17179869184  68719476736       27.592      110.367
       float    coalesced       32        8        2     33554432          256      622455.794  17179869184  68719476736       27.600      110.401
       float    coalesced       32        8        2     67108864          128      622265.495  17179869184  68719476736       27.609      110.434
       float    coalesced       32        8        2    134217728           64      622271.027  17179869184  68719476736       27.608      110.433
       float    coalesced       32        8        2    268435456           32      622218.479  17179869184  68719476736       27.611      110.443
       float    coalesced       32        8        2    536870912           16      622216.880  17179869184  68719476736       27.611      110.443
       float    coalesced       32        8        2   1073741824            8      622195.513  17179869184  68719476736       27.612      110.447
       float    coalesced       32        8        2   2147483648            4      622179.406  17179869184  68719476736       27.612      110.450
       float    coalesced       32        8        2   4294967296            2      622181.120  17179869184  68719476736       27.612      110.449
       float    coalesced       32        8        2   8588886016            1      622094.318  17177772032  68711088128       27.613      110.451
