        type trial_config ert_flop   unroll  buffers        nsize       trials       microsecs        bytes        flops         GB/s         GF/s
         int    coalesced       32        1        1            4     67108864    96983702.172    536870912   2147483648        0.006        0.022
         int    coalesced       32        1        1            8     67108864    98196024.539   1073741824   4294967296        0.011        0.044
         int    coalesced       32        1        1           16     67108864    99080700.122   2147483648   8589934592        0.022        0.087
         int    coalesced       32        1        1           32     67108864   104742170.778   4294967296  17179869184        0.041        0.164
         int    coalesced       32        1        1           64     67108864   107868744.824   8589934592  34359738368        0.080        0.319
         int    coalesced       32        1        1          128     33554432    58190497.453   8589934592  34359738368        0.148        0.590
         int    coalesced       32        1        1          256     16777216    32732363.752   8589934592  34359738368        0.262        1.050
         int    coalesced       32        1        1          512      8388608    18704337.352   8589934592  34359738368        0.459        1.837
         int    coalesced       32        1        1         1024      4194304    11385385.137   8589934592  34359738368        0.754        3.018
         int    coalesced       32        1        1         2048      2097152     8183304.823   8589934592  34359738368        1.050        4.199
         int    coalesced       32        1        1         4096      1048576     6137550.928   8589934592  34359738368        1.400        5.598
         int    coalesced       32        1        1         8192       524288     5114714.455   8589934592  34359738368        1.679        6.718
         int    coalesced       32        1        1        16384       262144     4773826.184   8589934592  34359738368        1.799        7.198
         int    coalesced       32        1        1        32768       131072     4556717.328   8589934592  34359738368        1.885        7.540
         int    coalesced       32        1        1        65536        65536     4446558.879   8589934592  34359738368        1.932        7.727
         int    coalesced       32        1        1       131072        32768     4394023.342   8589934592  34359738368        1.955        7.820
         int    coalesced       32        1        1       262144        16384     4372312.962   8589934592  34359738368        1.965        7.858
         int    coalesced       32        1        1       524288         8192     4361172.987   8589934592  34359738368        1.970        7.879
         int    coalesced       32        1        1      1048576         4096     4356232.954   8589934592  34359738368        1.972        7.887
         int    coalesced       32        1        1      2097152         2048     4353287.110   8589934592  34359738368        1.973        7.893
         int    coalesced       32        1        1      4194304         1024     4351848.072   8589934592  34359738368        1.974        7.895
         int    coalesced       32        1        1      8388608          512     4351171.693   8589934592  34359738368        1.974        7.897
         int    coalesced       32        1        1     16777216          256     4350599.956   8589934592  34359738368        1.974        7.898
         int    coalesced       32        1        1     33554432          128     4350550.579   8589934592  34359738368        1.974        7.898
         int    coalesced       32        1        1     67108864           64     4350612.056   8589934592  34359738368        1.974        7.898
         int    coalesced       32        1        1    134217728           32     4350573.339   8589934592  34359738368        1.974        7.898
         int    coalesced       32        1        1    268435456           16     4350313.272   8589934592  34359738368        1.975        7.898
         int    coalesced       32        1        1    536870912            8     4350614.691   8589934592  34359738368        1.974        7.898
         int    coalesced       32        1        1   1073741824            4     4350371.011   8589934592  34359738368        1.975        7.898
         int    coalesced       32        1        1   2147483648            2     4350116.599   8589934592  34359738368        1.975        7.899
         int    coalesced       32        1        1   4293918720            1     4349619.961   8587837440  34351349760        1.974        7.898
