        type trial_config ert_flop   unroll  buffers        nsize       trials       microsecs        bytes        flops         GB/s         GF/s
       float    coalesced        1       16        1           64     67108864    28441151.970   8589934592   1073741824        0.302        0.038
       float    coalesced        1       16        1          128     33554432    14547999.317   8589934592   1073741824        0.590        0.074
       float    coalesced        1       16        1          256     16777216     7702036.160   8589934592   1073741824        1.115        0.139
       float    coalesced        1       16        1          512      8388608     4326367.229   8589934592   1073741824        1.985        0.248
       float    coalesced        1       16        1         1024      4194304     2338424.211   8589934592   1073741824        3.673        0.459
       float    coalesced        1       16        1         2048      2097152     1364251.120   8589934592   1073741824        6.296        0.787
       float    coalesced        1       16        1         4096      1048576      818671.891   8589934592   1073741824       10.493        1.312
       float    coalesced        1       16        1         8192       524288      584893.017   8589934592   1073741824       14.686        1.836
       float    coalesced        1       16        1        16384       262144      455022.165   8589934592   1073741824       18.878        2.360
       float    coalesced        1       16        1        32768       131072      387978.601   8589934592   1073741824       22.140        2.768
       float    coalesced        1       16        1        65536        65536      363444.317   8589934592   1073741824       23.635        2.954
       float    coalesced        1       16        1       131072        32768      350234.280   8589934592   1073741824       24.526        3.066
       float    coalesced        1       16        1       262144        16384      347346.979   8589934592   1073741824       24.730        3.091
       float    coalesced        1       16        1       524288         8192      343686.115   8589934592   1073741824       24.994        3.124
       float    coalesced        1       16        1      1048576         4096      342876.300   8589934592   1073741824       25.053        3.132
       float    coalesced        1       16        1      2097152         2048      341944.822   8589934592   1073741824       25.121        3.140
       float    coalesced        1       16        1      4194304         1024      341729.541   8589934592   1073741824       25.137        3.142
       float    coalesced        1       16        1      8388608          512      341526.656   8589934592   1073741824       25.152        3.144
       float    coalesced        1       16        1     16777216          256      341477.768   8589934592   1073741824       25.155        3.144
       float    coalesced        1       16        1     33554432          128      341415.450   8589934592   1073741824       25.160        3.145
       float    coalesced        1       16        1     67108864           64      341426.143   8589934592   1073741824       25.159        3.145
       float    coalesced        1       16        1    134217728           32      341358.779   8589934592   1073741824       25.164        3.145
       float    coalesced        1       16        1    268435456           16      341370.312   8589934592   1073741824       25.163        3.145
       float    coalesced        1       16        1    536870912            8      341360.648   8589934592   1073741824       25.164        3.145
       float    coalesced        1       16        1   1073741824            4      341352.437   8589934592   1073741824       25.164        3.146
       float    coalesced        1       16        1   2147483648            2      341337.385   8589934592   1073741824       25.166        3.146
       float    coalesced        1       16        1   4293918720            1      341279.625   8587837440   1073479680       25.164        3.145
