        type trial_config ert_flop   unroll  buffers        nsize       trials       microsecs        bytes        flops         GB/s         GF/s
       float    coalesced        2       16        0           64       262144       23136.030     33554432      8388608        1.450        0.363
       float    coalesced        2       16        0          128       131072       12295.534     33554432      8388608        2.729        0.682
       float    coalesced        2       16        0          256        65536        6956.715     33554432      8388608        4.823        1.206
       float    coalesced        2       16        0          512        32768        4231.928     33554432      8388608        7.929        1.982
       float    coalesced        2       16        0         1024        16384        2880.694     33554432      8388608       11.648        2.912
       float    coalesced        2       16        0         2048         8192        2195.946     33554432      8388608       15.280        3.820
       float    coalesced        2       16        0         4096         4096        1848.913     33554432      8388608       18.148        4.537
       float    coalesced        2       16        0         8192         2048        1732.237     33554432      8388608       19.371        4.843
       float    coalesced        2       16        0        16384         1024        2427.826     33554432      8388608       13.821        3.455
       float    coalesced        2       16        0        32768         1024        5569.036     67108864     16777216       12.050        3.013
       float    coalesced        2       16        0        65536         1024        7930.812    134217728     33554432       16.924        4.231
       float    coalesced        2       16        0       131072         1024       11896.749    268435456     67108864       22.564        5.641
       float    coalesced        2       16        0       262144         1024       19915.710    536870912    134217728       26.957        6.739
       float    coalesced        2       16        0       524288         1024       35885.586   1073741824    268435456       29.921        7.480
       float    coalesced        2       16        0      1048576         1024       69348.050   2147483648    536870912       30.967        7.742
       float    coalesced        2       16        0      2097152         1024      138110.028   4294967296   1073741824       31.098        7.775
       float    coalesced        2       16        0      4194304         1024      275652.140   8589934592   2147483648       31.162        7.791
       float    coalesced        2       16        0      8388608         1024      550649.932  17179869184   4294967296       31.199        7.800
       float    coalesced        2       16        0     16777216         1024     1100731.464  34359738368   8589934592       31.215        7.804
