        type trial_config ert_flop   unroll  buffers        nsize       trials       microsecs        bytes        flops         GB/s         GF/s
       float    coalesced        1        5        1           20     67108864   224047684.994   2684354560    335544320        0.012        0.001
       float    coalesced        1        5        1           40     67108864   268786975.650   5368709120    671088640        0.020        0.002
       float    coalesced        1        5        1           80     53687091   286612743.074   8589934560   1073741820        0.030        0.004
       float    coalesced        1        5        1          160     26843545   214889691.725   8589934400   1073741800        0.040        0.005
       float    coalesced        1        5        1          320     13421772   179028156.338   8589934080   1073741760        0.048        0.006
       float    coalesced        1        5        1          640      6710886   161097427.674   8589934080   1073741760        0.053        0.007
       float    coalesced        1        5        1         1280      3355443   152132017.670   8589934080   1073741760        0.056        0.007
       float    coalesced        1        5        1         2560      1677721   147649101.957   8589931520   1073741440        0.058        0.007
       float    coalesced        1        5        1         5120       838860   145407773.225   8589926400   1073740800        0.059        0.007
       float    coalesced        1        5        1        10240       419430   144287129.502   8589926400   1073740800        0.060        0.007
       float    coalesced        1        5        1        20480       209715   143726821.668   8589926400   1073740800        0.060        0.007
       float    coalesced        1        5        1        40960       104857   143446037.635   8589885440   1073735680        0.060        0.007
       float    coalesced        1        5        1        81920        52428   143304509.142   8589803520   1073725440        0.060        0.007
       float    coalesced        1        5        1       163840        26214   143234500.514   8589803520   1073725440        0.060        0.007
       float    coalesced        1        5        1       327680        13107   143199467.276   8589803520   1073725440        0.060        0.007
       float    coalesced        1        5        1       655360         6553   143171033.966   8589148160   1073643520        0.060        0.007
       float    coalesced        1        5        1      1310720         3276   143140452.655   8587837440   1073479680        0.060        0.007
       float    coalesced        1        5        1      2621440         1638   143136047.376   8587837440   1073479680        0.060        0.007
       float    coalesced        1        5        1      5242880          819   143133915.336   8587837440   1073479680        0.060        0.007
       float    coalesced        1        5        1     10485760          409   142958039.960   8577351680   1072168960        0.060        0.007
       float    coalesced        1        5        1     20971520          204   142607989.752   8556380160   1069547520        0.060        0.007
       float    coalesced        1        5        1     41943040          102   142607251.858   8556380160   1069547520        0.060        0.007
       float    coalesced        1        5        1     83886080           51   142606795.486   8556380160   1069547520        0.060        0.007
       float    coalesced        1        5        1    167772160           25   139810632.079   8388608000   1048576000        0.060        0.007
       float    coalesced        1        5        1    335544320           12   134218382.956   8053063680   1006632960        0.060        0.007
       float    coalesced        1        5        1    671088640            6   134218525.492   8053063680   1006632960        0.060        0.007
       float    coalesced        1        5        1   1342177280            3   134218443.998   8053063680   1006632960        0.060        0.007
       float    coalesced        1        5        1   2684354560            1    89479181.774   5368709120    671088640        0.060        0.007
