        type trial_config ert_flop   unroll  buffers        nsize       trials       microsecs        bytes        flops         GB/s         GF/s
       float    coalesced        4        2        0            8      2097152      212789.464     33554432     16777216        0.158        0.079
       float    coalesced        4        2        0           16      1048576      110703.037     33554432     16777216        0.303        0.152
       float    coalesced        4        2        0           32       524288       59780.143     33554432     16777216        0.561        0.281
       float    coalesced        4        2        0           64       262144       34292.571     33554432     16777216        0.978        0.489
       float    coalesced        4        2        0          128       131072       21598.210     33554432     16777216        1.554        0.777
       float    coalesced        4        2        0          256        65536       15220.012     33554432     16777216        2.205        1.102
       float    coalesced        4        2        0          512        32768       12004.701     33554432     16777216        2.795        1.398
       float    coalesced        4        2        0         1024        16384       10466.224     33554432     16777216        3.206        1.603
       float    coalesced        4        2        0         2048         8192        9621.096     33554432     16777216        3.488        1.744
       float    coalesced        4        2        0         4096         4096        9274.267     33554432     16777216        3.618        1.809
       float    coalesced        4        2        0         8192         2048        9027.621     33554432     16777216        3.717        1.858
       float    coalesced        4        2        0        16384         1024        8911.187     33554432     16777216        3.765        1.883
       float    coalesced        4        2        0        32768         1024       17459.072     67108864     33554432        3.844        1.922
       float    coalesced        4        2        0        65536         1024       34427.059    134217728     67108864        3.899        1.949
       float    coalesced        4        2        0       131072         1024       68395.810    268435456    134217728        3.925        1.962
       float    coalesced        4        2        0       262144         1024      136297.446    536870912    268435456        3.939        1.969
       float    coalesced        4        2        0       524288         1024      272123.633   1073741824    536870912        3.946        1.973
       float    coalesced        4        2        0      1048576         1024      543804.466   2147483648   1073741824        3.949        1.974
       float    coalesced        4        2        0      2097152         1024     1087202.892   4294967296   2147483648        3.950        1.975
       float    coalesced        4        2        0      4194304         1024     2174034.682   8589934592   4294967296        3.951        1.976
       float    coalesced        4        2        0      8388608         1024     4347631.259  17179869184   8589934592        3.952        1.976
       float    coalesced        4        2        0     16777216         1024     8694921.231  34359738368  17179869184        3.952        1.976
