        type trial_config ert_flop   unroll  buffers        nsize       trials       microsecs        bytes        flops         GB/s         GF/s
       float    coalesced       16       16        0           64       262144       52491.084     33554432     67108864        0.639        1.278
       float    coalesced       16       16        0          128       131072       27050.542     33554432     67108864        1.240        2.481
       float    coalesced       16       16        0          256        65536       14326.810     33554432     67108864        2.342        4.684
       float    coalesced       16       16        0          512        32768        7961.132     33554432     67108864        4.215        8.430
       float    coalesced       16       16        0         1024        16384        4763.967     33554432     67108864        7.043       14.087
       float    coalesced       16       16        0         2048         8192        3053.439     33554432     67108864       10.989       21.978
       float    coalesced       16       16        0         4096         4096        2328.047     33554432     67108864       14.413       28.826
       float    coalesced       16       16        0         8192         2048        1914.999     33554432     67108864       17.522       35.044
       float    coalesced       16       16        0        16384         1024        1710.562     33554432     67108864       19.616       39.232
       float    coalesced       16       16        0        32768         1024        2777.527     67108864    134217728       24.161       48.323
       float    coalesced       16       16        0        65536         1024        4960.278    134217728    268435456       27.059       54.117
       float    coalesced       16       16        0       131072         1024        9184.372    268435456    536870912       29.227       58.455
       float    coalesced       16       16        0       262144         1024       17684.609    536870912   1073741824       30.358       60.716
       float    coalesced       16       16        0       524288         1024       34705.642   1073741824   2147483648       30.939       61.877
       float    coalesced       16       16        0      1048576         1024       68648.847   2147483648   4294967296       31.282       62.564
       float    coalesced       16       16        0      2097152         1024      136519.287   4294967296   8589934592       31.461       62.921
       float    coalesced       16       16        0      4194304         1024      272437.383   8589934592  17179869184       31.530       63.060
       float    coalesced       16       16        0      8388608         1024      544059.660  17179869184  34359738368       31.577       63.154
       float    coalesced       16       16        0     16777216         1024     1087482.050  34359738368  68719476736       31.596       63.191
