        type trial_config ert_flop   unroll  buffers        nsize       trials       microsecs        bytes        flops         GB/s         GF/s
      double    coalesced       14        8        2          128     67108864    79250045.387  17179869184  15032385536        0.217        0.190
      double    coalesced       14        8        2          256     33554432    40285808.254  17179869184  15032385536        0.426        0.373
      double    coalesced       14        8        2          512     16777216    20944569.363  17179869184  15032385536        0.820        0.718
      double    coalesced       14        8        2         1024      8388608    10911114.027  17179869184  15032385536        1.575        1.378
      double    coalesced       14        8        2         2048      4194304     5845495.510  17179869184  15032385536        2.939        2.572
      double    coalesced       14        8        2         4096      2097152     3139685.767  17179869184  15032385536        5.472        4.788
      double    coalesced       14        8        2         8192      1048576     1818938.371  17179869184  15032385536        9.445        8.264
      double    coalesced       14        8        2        16384       524288     1169523.822  17179869184  15032385536       14.690       12.853
      double    coalesced       14        8        2        32768       262144      855925.315  17179869184  15032385536       20.072       17.563
      double    coalesced       14        8        2        65536       131072      697868.714  17179869184  15032385536       24.618       21.540
      double    coalesced       14        8        2       131072        65536      618700.635  17179869184  15032385536       27.768       24.297
      double    coalesced       14        8        2       262144        32768      585402.488  17179869184  15032385536       29.347       25.679
      double    coalesced       14        8        2       524288        16384      575526.954  17179869184  15032385536       29.851       26.119
      double    coalesced       14        8        2      1048576         8192      568360.187  17179869184  15032385536       30.227       26.449
      double    coalesced       14        8        2      2097152         4096      565155.547  17179869184  15032385536       30.398       26.599
      double    coalesced       14        8        2      4194304         2048      563617.437  17179869184  15032385536       30.481       26.671
      double    coalesced       14        8        2      8388608         1024      562885.837  17179869184  15032385536       30.521       26.706
      double    coalesced       14        8        2     16777216          512      562478.422  17179869184  15032385536       30.543       26.725
      double    coalesced       14        8        2     33554432          256      562306.980  17179869184  15032385536       30.552       26.733
      double    coalesced       14        8        2     67108864          128      562210.573  17179869184  15032385536       30.558       26.738
      double    coalesced       14        8        2    134217728           64      562103.898  17179869184  15032385536       30.564       26.743
      double    coalesced       14        8        2    268435456           32      562091.649  17179869184  15032385536       30.564       26.744
      double    coalesced       14        8        2    536870912           16      562119.414  17179869184  15032385536       30.563       26.742
      double    coalesced       14        8        2   1073741824            8      562133.397  17179869184  15032385536       30.562       26.742
      double    coalesced       14        8        2   2147483648            4      562131.421  17179869184  15032385536       30.562       26.742
      double    coalesced       14        8        2   4294967296            2      562099.024  17179869184  15032385536       30.564       26.743
      double    coalesced       14        8        2   8588886016            1      562135.200  17177772032  15030550528       30.558       26.738
