        type trial_config ert_flop   unroll  buffers        nsize       trials       microsecs        bytes        flops         GB/s         GF/s
      double    coalesced        1       32        2          512     16777216     8183783.835  17179869184   1073741824        2.099        0.131
      double    coalesced        1       32        2         1024      8388608     4610676.483  17179869184   1073741824        3.726        0.233
      double    coalesced        1       32        2         2048      4194304     2518305.759  17179869184   1073741824        6.822        0.426
      double    coalesced        1       32        2         4096      2097152     1488323.542  17179869184   1073741824       11.543        0.721
      double    coalesced        1       32        2         8192      1048576     1023360.456  17179869184   1073741824       16.788        1.049
      double    coalesced        1       32        2        16384       524288      769064.270  17179869184   1073741824       22.339        1.396
      double    coalesced        1       32        2        32768       262144      652393.999  17179869184   1073741824       26.334        1.646
      double    coalesced        1       32        2        65536       131072      608547.153  17179869184   1073741824       28.231        1.764
      double    coalesced        1       32        2       131072        65536      579563.393  17179869184   1073741824       29.643        1.853
      double    coalesced        1       32        2       262144        32768      568106.210  17179869184   1073741824       30.241        1.890
      double    coalesced        1       32        2       524288        16384      563197.927  17179869184   1073741824       30.504        1.907
      double    coalesced        1       32        2      1048576         8192      561200.626  17179869184   1073741824       30.613        1.913
      double    coalesced        1       32        2      2097152         4096      559977.132  17179869184   1073741824       30.680        1.917
      double    coalesced        1       32        2      4194304         2048      559377.748  17179869184   1073741824       30.712        1.920
      double    coalesced        1       32        2      8388608         1024      559018.248  17179869184   1073741824       30.732        1.921
      double    coalesced        1       32        2     16777216          512      558797.857  17179869184   1073741824       30.744        1.922
      double    coalesced        1       32        2     33554432          256      558652.429  17179869184   1073741824       30.752        1.922
      double    coalesced        1       32        2     67108864          128      558533.069  17179869184   1073741824       30.759        1.922
      double    coalesced        1       32        2    134217728           64      558747.004  17179869184   1073741824       30.747        1.922
      double    coalesced        1       32        2    268435456           32      558791.837  17179869184   1073741824       30.745        1.922
      double    coalesced        1       32        2    536870912           16      558880.223  17179869184   1073741824       30.740        1.921
      double    coalesced        1       32        2   1073741824            8      558794.883  17179869184   1073741824       30.744        1.922
      double    coalesced        1       32        2   2147483648            4      559007.997  17179869184   1073741824       30.733        1.921
      double    coalesced        1       32        2   4294967296            2      558621.199  17179869184   1073741824       30.754        1.922
      double    coalesced        1       32        2   8588886016            1      557617.235  17177772032   1073610752       30.806        1.925
