        type trial_config ert_flop   unroll  buffers        nsize       trials       microsecs        bytes        flops         GB/s         GF/s
       float    coalesced        8       64        2          512     16777216     9174642.396  17179869184  17179869184        1.873        1.873
       float    coalesced        8       64        2         1024      8388608     5036168.462  17179869184  17179869184        3.411        3.411
       float    coalesced        8       64        2         2048      4194304     2728183.920  17179869184  17179869184        6.297        6.297
       float    coalesced        8       64        2         4096      2097152     1637062.678  17179869184  17179869184       10.494       10.494
       float    coalesced        8       64        2         8192      1048576     1087910.856  17179869184  17179869184       15.792       15.792
       float    coalesced        8       64        2        16384       524288      818798.345  17179869184  17179869184       20.982       20.982
       float    coalesced        8       64        2        32768       262144      682441.472  17179869184  17179869184       25.174       25.174
       float    coalesced        8       64        2        65536       131072      629983.890  17179869184  17179869184       27.270       27.270
       float    coalesced        8       64        2       131072        65536      592353.681  17179869184  17179869184       29.003       29.003
       float    coalesced        8       64        2       262144        32768      577474.528  17179869184  17179869184       29.750       29.750
       float    coalesced        8       64        2       524288        16384      571125.772  17179869184  17179869184       30.081       30.081
       float    coalesced        8       64        2      1048576         8192      567397.620  17179869184  17179869184       30.278       30.278
       float    coalesced        8       64        2      2097152         4096      565484.245  17179869184  17179869184       30.381       30.381
       float    coalesced        8       64        2      4194304         2048      564794.794  17179869184  17179869184       30.418       30.418
       float    coalesced        8       64        2      8388608         1024      564409.902  17179869184  17179869184       30.439       30.439
       float    coalesced        8       64        2     16777216          512      564071.326  17179869184  17179869184       30.457       30.457
       float    coalesced        8       64        2     33554432          256      563899.992  17179869184  17179869184       30.466       30.466
       float    coalesced        8       64        2     67108864          128      563918.059  17179869184  17179869184       30.465       30.465
       float    coalesced        8       64        2    134217728           64      563977.667  17179869184  17179869184       30.462       30.462
       float    coalesced        8       64        2    268435456           32      563592.035  17179869184  17179869184       30.483       30.483
       float    coalesced        8       64        2    536870912           16      563650.948  17179869184  17179869184       30.480       30.480
       float    coalesced        8       64        2   1073741824            8      563726.008  17179869184  17179869184       30.476       30.476
       float    coalesced        8       64        2   2147483648            4      564447.947  17179869184  17179869184       30.437       30.437
       float    coalesced        8       64        2   4294967296            2      563750.998  17179869184  17179869184       30.474       30.474
       float    coalesced        8       64        2   8588886016            1      564407.119  17177772032  17177772032       30.435       30.435
