        type trial_config ert_flop   unroll  buffers        nsize       trials       microsecs        bytes        flops         GB/s         GF/s
      double    coalesced       38        8        1           64     67108864   174569928.361   8589934592  20401094656        0.049        0.117
      double    coalesced       38        8        1          128     33554432    87285178.987   8589934592  20401094656        0.098        0.234
      double    coalesced       38        8        1          256     16777216    43642781.266   8589934592  20401094656        0.197        0.467
      double    coalesced       38        8        1          512      8388608    21821592.840   8589934592  20401094656        0.394        0.935
      double    coalesced       38        8        1         1024      4194304    11177123.813   8589934592  20401094656        0.769        1.825
      double    coalesced       38        8        1         2048      2097152     5750604.914   8589934592  20401094656        1.494        3.548
      double    coalesced       38        8        1         4096      1048576     3032389.838   8589934592  20401094656        2.833        6.728
      double    coalesced       38        8        1         8192       524288     1659269.825   8589934592  20401094656        5.177       12.295
      double    coalesced       38        8        1        16384       262144      997097.769   8589934592  20401094656        8.615       20.460
      double    coalesced       38        8        1        32768       131072      644522.287   8589934592  20401094656       13.328       31.653
      double    coalesced       38        8        1        65536        65536      511920.298   8589934592  20401094656       16.780       39.852
      double    coalesced       38        8        1       131072        32768      406429.660   8589934592  20401094656       21.135       50.196
      double    coalesced       38        8        1       262144        16384      370359.717   8589934592  20401094656       23.193       55.085
      double    coalesced       38        8        1       524288         8192      351201.166   8589934592  20401094656       24.459       58.089
      double    coalesced       38        8        1      1048576         4096      341251.165   8589934592  20401094656       25.172       59.783
      double    coalesced       38        8        1      2097152         2048      336256.311   8589934592  20401094656       25.546       60.671
      double    coalesced       38        8        1      4194304         1024      335294.277   8589934592  20401094656       25.619       60.845
      double    coalesced       38        8        1      8388608          512      335290.131   8589934592  20401094656       25.619       60.846
      double    coalesced       38        8        1     16777216          256      334659.575   8589934592  20401094656       25.668       60.961
      double    coalesced       38        8        1     33554432          128      334889.449   8589934592  20401094656       25.650       60.919
      double    coalesced       38        8        1     67108864           64      334968.862   8589934592  20401094656       25.644       60.904
      double    coalesced       38        8        1    134217728           32      335007.355   8589934592  20401094656       25.641       60.897
      double    coalesced       38        8        1    268435456           16      335098.605   8589934592  20401094656       25.634       60.881
      double    coalesced       38        8        1    536870912            8      335123.807   8589934592  20401094656       25.632       60.876
      double    coalesced       38        8        1   1073741824            4      335131.325   8589934592  20401094656       25.632       60.875
      double    coalesced       38        8        1   2147483648            2      335078.420   8589934592  20401094656       25.636       60.885
      double    coalesced       38        8        1   4293918720            1      335035.629   8587837440  20396113920       25.633       60.877
