        type trial_config ert_flop   unroll  buffers        nsize       trials       microsecs        bytes        flops         GB/s         GF/s
       float    coalesced     1024        1        1            4     67108864   592018625.011    536870912  68719476736        0.001        0.116
       float    coalesced     1024        1        1            8     67108864   593536609.578   1073741824 137438953472        0.002        0.232
       float    coalesced     1024        1        1           16     67108864   595303559.046   2147483648 274877906944        0.004        0.462
       float    coalesced     1024        1        1           32     67108864   598524024.245   4294967296 549755813888        0.007        0.919
       float    coalesced     1024        1        1           64     67108864   604279290.032   8589934592 1099511627776        0.014        1.820
       float    coalesced     1024        1        1          128     33554432   306743999.964   8589934592 1099511627776        0.028        3.584
       float    coalesced     1024        1        1          256     16777216   157211325.125   8589934592 1099511627776        0.055        6.994
       float    coalesced     1024        1        1          512      8388608    81050416.864   8589934592 1099511627776        0.106       13.566
       float    coalesced     1024        1        1         1024      4194304    43068633.605   8589934592 1099511627776        0.199       25.529
       float    coalesced     1024        1        1         2048      2097152    23919908.359   8589934592 1099511627776        0.359       45.966
       float    coalesced     1024        1        1         4096      1048576    14320674.369   8589934592 1099511627776        0.600       76.778
       float    coalesced     1024        1        1         8192       524288     9547122.168   8589934592 1099511627776        0.900      115.167
       float    coalesced     1024        1        1        16384       262144     7081854.701   8589934592 1099511627776        1.213      155.258
       float    coalesced     1024        1        1        32768       131072     5881985.132   8589934592 1099511627776        1.460      186.929
       float    coalesced     1024        1        1        65536        65536     5285260.069   8589934592 1099511627776        1.625      208.034
       float    coalesced     1024        1        1       131072        32768     4976998.549   8589934592 1099511627776        1.726      220.919
       float    coalesced     1024        1        1       262144        16384     4827065.666   8589934592 1099511627776        1.780      227.781
       float    coalesced     1024        1        1       524288         8192     4751188.388   8589934592 1099511627776        1.808      231.418
       float    coalesced     1024        1        1      1048576         4096     4713621.683   8589934592 1099511627776        1.822      233.263
       float    coalesced     1024        1        1      2097152         2048     4694798.937   8589934592 1099511627776        1.830      234.198
       float    coalesced     1024        1        1      4194304         1024     4685429.603   8589934592 1099511627776        1.833      234.666
       float    coalesced     1024        1        1      8388608          512     4680894.374   8589934592 1099511627776        1.835      234.893
       float    coalesced     1024        1        1     16777216          256     4678532.397   8589934592 1099511627776        1.836      235.012
       float    coalesced     1024        1        1     33554432          128     4677314.895   8589934592 1099511627776        1.837      235.073
       float    coalesced     1024        1        1     67108864           64     4676703.251   8589934592 1099511627776        1.837      235.104
       float    coalesced     1024        1        1    134217728           32     4676440.368   8589934592 1099511627776        1.837      235.117
       float    coalesced     1024        1        1    268435456           16     4676281.254   8589934592 1099511627776        1.837      235.125
       float    coalesced     1024        1        1    536870912            8     4676165.953   8589934592 1099511627776        1.837      235.131
       float    coalesced     1024        1        1   1073741824            4     4676153.575   8589934592 1099511627776        1.837      235.132
       float    coalesced     1024        1        1   2147483648            2     4676137.100   8589934592 1099511627776        1.837      235.132
       float    coalesced     1024        1        1   4293918720            1     4674964.511   8587837440 1099243192320        1.837      235.134
