        type trial_config ert_flop   unroll  buffers        nsize       trials       microsecs        bytes        flops         GB/s         GF/s
        long    coalesced        1       64        2         1024      8388608     5455849.867  17179869184   1073741824        3.149        0.197
        long    coalesced        1       64        2         2048      4194304     2976152.968  17179869184   1073741824        5.773        0.361
        long    coalesced        1       64        2         4096      2097152     1818933.460  17179869184   1073741824        9.445        0.590
        long    coalesced        1       64        2         8192      1048576     1213874.506  17179869184   1073741824       14.153        0.885
        long    coalesced        1       64        2        16384       524288      920909.929  17179869184   1073741824       18.655        1.166
        long    coalesced        1       64        2        32768       262144      777050.354  17179869184   1073741824       22.109        1.382
        long    coalesced        1       64        2        65536       131072      705444.135  17179869184   1073741824       24.353        1.522
        long    coalesced        1       64        2       131072        65536      669406.522  17179869184   1073741824       25.664        1.604
        long    coalesced        1       64        2       262144        32768      649914.461  17179869184   1073741824       26.434        1.652
        long    coalesced        1       64        2       524288        16384      640686.522  17179869184   1073741824       26.815        1.676
        long    coalesced        1       64        2      1048576         8192      636482.532  17179869184   1073741824       26.992        1.687
        long    coalesced        1       64        2      2097152         4096      634040.128  17179869184   1073741824       27.096        1.693
        long    coalesced        1       64        2      4194304         2048      632826.519  17179869184   1073741824       27.148        1.697
        long    coalesced        1       64        2      8388608         1024      632225.075  17179869184   1073741824       27.174        1.698
        long    coalesced        1       64        2     16777216          512      631994.037  17179869184   1073741824       27.184        1.699
        long    coalesced        1       64        2     33554432          256      631867.397  17179869184   1073741824       27.189        1.699
        long    coalesced        1       64        2     67108864          128      631801.205  17179869184   1073741824       27.192        1.699
        long    coalesced        1       64        2    134217728           64      631754.718  17179869184   1073741824       27.194        1.700
        long    coalesced        1       64        2    268435456           32      631696.445  17179869184   1073741824       27.196        1.700
        long    coalesced        1       64        2    536870912           16      631688.098  17179869184   1073741824       27.197        1.700
        long    coalesced        1       64        2   1073741824            8      631499.912  17179869184   1073741824       27.205        1.700
        long    coalesced        1       64        2   2147483648            4      631684.453  17179869184   1073741824       27.197        1.700
        long    coalesced        1       64        2   4294967296            2      631629.408  17179869184   1073741824       27.199        1.700
        long    coalesced        1       64        2   8588886016            1      631428.794  17177772032   1073610752       27.205        1.700
