        type trial_config ert_flop   unroll  buffers        nsize       trials       microsecs        bytes        flops         GB/s         GF/s
        long    coalesced      106        2        2           32     67108864   554984378.621   4294967296  28454158336        0.008        0.051
        long    coalesced      106        2        2           64     67108864   556624370.808   8589934592  56908316672        0.015        0.102
        long    coalesced      106        2        2          128     67108864   558622846.106  17179869184 113816633344        0.031        0.204
        long    coalesced      106        2        2          256     33554432   281420109.929  17179869184 113816633344        0.061        0.404
        long    coalesced      106        2        2          512     16777216   142830058.144  17179869184 113816633344        0.120        0.797
        long    coalesced      106        2        2         1024      8388608    72737888.249  17179869184 113816633344        0.236        1.565
        long    coalesced      106        2        2         2048      4194304    37408301.902  17179869184 113816633344        0.459        3.043
        long    coalesced      106        2        2         4096      2097152    19434991.722  17179869184 113816633344        0.884        5.856
        long    coalesced      106        2        2         8192      1048576    10365517.887  17179869184 113816633344        1.657       10.980
        long    coalesced      106        2        2        16384       524288     5870895.504  17179869184 113816633344        2.926       19.387
        long    coalesced      106        2        2        32768       262144     3610618.662  17179869184 113816633344        4.758       31.523
        long    coalesced      106        2        2        65536       131072     2484565.336  17179869184 113816633344        6.915       45.809
        long    coalesced      106        2        2       131072        65536     1918302.692  17179869184 113816633344        8.956       59.332
        long    coalesced      106        2        2       262144        32768     1630682.835  17179869184 113816633344       10.535       69.797
        long    coalesced      106        2        2       524288        16384     1488254.244  17179869184 113816633344       11.544       76.477
        long    coalesced      106        2        2      1048576         8192     1416784.202  17179869184 113816633344       12.126       80.334
        long    coalesced      106        2        2      2097152         4096     1381407.890  17179869184 113816633344       12.436       82.392
        long    coalesced      106        2        2      4194304         2048     1363623.872  17179869184 113816633344       12.599       83.466
        long    coalesced      106        2        2      8388608         1024     1354758.169  17179869184 113816633344       12.681       84.013
        long    coalesced      106        2        2     16777216          512     1350212.485  17179869184 113816633344       12.724       84.295
        long    coalesced      106        2        2     33554432          256     1348010.743  17179869184 113816633344       12.745       84.433
        long    coalesced      106        2        2     67108864          128     1346935.623  17179869184 113816633344       12.755       84.500
        long    coalesced      106        2        2    134217728           64     1346383.570  17179869184 113816633344       12.760       84.535
        long    coalesced      106        2        2    268435456           32     1346021.092  17179869184 113816633344       12.763       84.558
        long    coalesced      106        2        2    536870912           16     1345947.078  17179869184 113816633344       12.764       84.562
        long    coalesced      106        2        2   1073741824            8     1345831.103  17179869184 113816633344       12.765       84.570
        long    coalesced      106        2        2   2147483648            4     1345963.316  17179869184 113816633344       12.764       84.561
        long    coalesced      106        2        2   4294967296            2     1345779.881  17179869184 113816633344       12.766       84.573
        long    coalesced      106        2        2   8588886016            1     1345667.520  17177772032 113802739712       12.765       84.570
