        type trial_config ert_flop   unroll  buffers        nsize       trials       microsecs        bytes        flops         GB/s         GF/s
        long    coalesced       14        8        2          128     67108864    71415383.751  17179869184  15032385536        0.241        0.210
        long    coalesced       14        8        2          256     33554432    37408272.562  17179869184  15032385536        0.459        0.402
        long    coalesced       14        8        2          512     16777216    18704415.048  17179869184  15032385536        0.918        0.804
        long    coalesced       14        8        2         1024      8388608    10071837.020  17179869184  15032385536        1.706        1.493
        long    coalesced       14        8        2         2048      4194304     5455816.084  17179869184  15032385536        3.149        2.755
        long    coalesced       14        8        2         4096      2097152     2888588.053  17179869184  15032385536        5.947        5.204
        long    coalesced       14        8        2         8192      1048576     1705129.071  17179869184  15032385536       10.075        8.816
        long    coalesced       14        8        2        16384       524288     1136964.153  17179869184  15032385536       15.110       13.222
        long    coalesced       14        8        2        32768       262144      835509.659  17179869184  15032385536       20.562       17.992
        long    coalesced       14        8        2        65536       131072      693041.345  17179869184  15032385536       24.789       21.690
        long    coalesced       14        8        2       131072        65536      622982.854  17179869184  15032385536       27.577       24.130
        long    coalesced       14        8        2       262144        32768      587892.608  17179869184  15032385536       29.223       25.570
        long    coalesced       14        8        2       524288        16384      575826.961  17179869184  15032385536       29.835       26.106
        long    coalesced       14        8        2      1048576         8192      571154.488  17179869184  15032385536       30.079       26.319
        long    coalesced       14        8        2      2097152         4096      568107.755  17179869184  15032385536       30.241       26.460
        long    coalesced       14        8        2      4194304         2048      566721.662  17179869184  15032385536       30.314       26.525
        long    coalesced       14        8        2      8388608         1024      565965.248  17179869184  15032385536       30.355       26.561
        long    coalesced       14        8        2     16777216          512      565636.247  17179869184  15032385536       30.373       26.576
        long    coalesced       14        8        2     33554432          256      565435.164  17179869184  15032385536       30.383       26.586
        long    coalesced       14        8        2     67108864          128      565403.828  17179869184  15032385536       30.385       26.587
        long    coalesced       14        8        2    134217728           64      565324.057  17179869184  15032385536       30.389       26.591
        long    coalesced       14        8        2    268435456           32      565311.489  17179869184  15032385536       30.390       26.591
        long    coalesced       14        8        2    536870912           16      565307.213  17179869184  15032385536       30.390       26.592
        long    coalesced       14        8        2   1073741824            8      565299.142  17179869184  15032385536       30.391       26.592
        long    coalesced       14        8        2   2147483648            4      565288.180  17179869184  15032385536       30.391       26.592
        long    coalesced       14        8        2   4294967296            2      565250.692  17179869184  15032385536       30.393       26.594
        long    coalesced       14        8        2   8588886016            1      565201.096  17177772032  15030550528       30.392       26.593
