        type trial_config ert_flop   unroll  buffers        nsize       trials       microsecs        bytes        flops         GB/s         GF/s
      double    coalesced       79        1        2           16     67108864   281997595.693   2147483648  10603200512        0.008        0.038
      double    coalesced       79        1        2           32     67108864   281997505.211   4294967296  21206401024        0.015        0.075
      double    coalesced       79        1        2           64     67108864   285659792.048   8589934592  42412802048        0.030        0.148
      double    coalesced       79        1        2          128     67108864   287140119.000  17179869184  84825604096        0.060        0.295
      double    coalesced       79        1        2          256     33554432   147293569.331  17179869184  84825604096        0.117        0.576
      double    coalesced       79        1        2          512     16777216    75800399.067  17179869184  84825604096        0.227        1.119
      double    coalesced       79        1        2         1024      8388608    39847899.879  17179869184  84825604096        0.431        2.129
      double    coalesced       79        1        2         2048      4194304    21821728.486  17179869184  84825604096        0.787        3.887
      double    coalesced       79        1        2         4096      2097152    11902957.784  17179869184  84825604096        1.443        7.126
      double    coalesced       79        1        2         8192      1048576     7160608.630  17179869184  84825604096        2.399       11.846
      double    coalesced       79        1        2        16384       524288     4835865.597  17179869184  84825604096        3.553       17.541
      double    coalesced       79        1        2        32768       262144     3680750.910  17179869184  84825604096        4.667       23.046
      double    coalesced       79        1        2        65536       131072     3069115.619  17179869184  84825604096        5.598       27.638
      double    coalesced       79        1        2       131072        65536     2781447.470  17179869184  84825604096        6.177       30.497
      double    coalesced       79        1        2       262144        32768     2634431.418  17179869184  84825604096        6.521       32.199
      double    coalesced       79        1        2       524288        16384     2559538.326  17179869184  84825604096        6.712       33.141
      double    coalesced       79        1        2      1048576         8192     2522781.449  17179869184  84825604096        6.810       33.624
      double    coalesced       79        1        2      2097152         4096     2504386.504  17179869184  84825604096        6.860       33.871
      double    coalesced       79        1        2      4194304         2048     2495223.484  17179869184  84825604096        6.885       33.995
      double    coalesced       79        1        2      8388608         1024     2490621.856  17179869184  84825604096        6.898       34.058
      double    coalesced       79        1        2     16777216          512     2488348.014  17179869184  84825604096        6.904       34.089
      double    coalesced       79        1        2     33554432          256     2487208.567  17179869184  84825604096        6.907       34.105
      double    coalesced       79        1        2     67108864          128     2486645.524  17179869184  84825604096        6.909       34.112
      double    coalesced       79        1        2    134217728           64     2486303.600  17179869184  84825604096        6.910       34.117
      double    coalesced       79        1        2    268435456           32     2486210.313  17179869184  84825604096        6.910       34.118
      double    coalesced       79        1        2    536870912           16     2486051.964  17179869184  84825604096        6.911       34.121
      double    coalesced       79        1        2   1073741824            8     2486055.496  17179869184  84825604096        6.910       34.121
      double    coalesced       79        1        2   2147483648            4     2486064.192  17179869184  84825604096        6.910       34.120
      double    coalesced       79        1        2   4294967296            2     2485950.200  17179869184  84825604096        6.911       34.122
      double    coalesced       79        1        2   8588886016            1     2485723.349  17177772032  84815249408        6.911       34.121
