        type trial_config ert_flop   unroll  buffers        nsize       trials       microsecs        bytes        flops         GB/s         GF/s
      double    coalesced        1      128        2         2048      4194304     3637589.769  17179869184   1073741824        4.723        0.295
      double    coalesced        1      128        2         4096      2097152     2212113.978  17179869184   1073741824        7.766        0.485
      double    coalesced        1      128        2         8192      1048576     1502139.595  17179869184   1073741824       11.437        0.715
      double    coalesced        1      128        2        16384       524288     1151216.606  17179869184   1073741824       14.923        0.933
      double    coalesced        1      128        2        32768       262144      980198.216  17179869184   1073741824       17.527        1.095
      double    coalesced        1      128        2        65536       131072      886199.875  17179869184   1073741824       19.386        1.212
      double    coalesced        1      128        2       131072        65536      841876.431  17179869184   1073741824       20.407        1.275
      double    coalesced        1      128        2       262144        32768      818830.535  17179869184   1073741824       20.981        1.311
      double    coalesced        1      128        2       524288        16384      807762.914  17179869184   1073741824       21.268        1.329
      double    coalesced        1      128        2      1048576         8192      801779.035  17179869184   1073741824       21.427        1.339
      double    coalesced        1      128        2      2097152         4096      799562.084  17179869184   1073741824       21.487        1.343
      double    coalesced        1      128        2      4194304         2048      797631.494  17179869184   1073741824       21.539        1.346
      double    coalesced        1      128        2      8388608         1024      796912.389  17179869184   1073741824       21.558        1.347
      double    coalesced        1      128        2     16777216          512      796632.306  17179869184   1073741824       21.566        1.348
      double    coalesced        1      128        2     33554432          256      796384.585  17179869184   1073741824       21.572        1.348
      double    coalesced        1      128        2     67108864          128      796302.898  17179869184   1073741824       21.575        1.348
      double    coalesced        1      128        2    134217728           64      796206.861  17179869184   1073741824       21.577        1.349
      double    coalesced        1      128        2    268435456           32      796249.928  17179869184   1073741824       21.576        1.348
      double    coalesced        1      128        2    536870912           16      796111.511  17179869184   1073741824       21.580        1.349
      double    coalesced        1      128        2   1073741824            8      796148.009  17179869184   1073741824       21.579        1.349
      double    coalesced        1      128        2   2147483648            4      796185.093  17179869184   1073741824       21.578        1.349
      double    coalesced        1      128        2   4294967296            2      796207.227  17179869184   1073741824       21.577        1.349
      double    coalesced        1      128        2   8588886016            1      796082.249  17177772032   1073610752       21.578        1.349
