        type trial_config ert_flop   unroll  buffers        nsize       trials       microsecs        bytes        flops         GB/s         GF/s
       float    coalesced        1      256        1         1024      4194304     2117119.358   8589934592   1073741824        4.057        0.507
       float    coalesced        1      256        1         2048      2097152     1169409.410   8589934592   1073741824        7.346        0.918
       float    coalesced        1      256        1         4096      1048576      731258.857   8589934592   1073741824       11.747        1.468
       float    coalesced        1      256        1         8192       524288      496306.633   8589934592   1073741824       17.308        2.163
       float    coalesced        1      256        1        16384       262144      377112.499   8589934592   1073741824       22.778        2.847
       float    coalesced        1      256        1        32768       131072      317796.958   8589934592   1073741824       27.030        3.379
       float    coalesced        1      256        1        65536        65536      288057.620   8589934592   1073741824       29.820        3.728
       float    coalesced        1      256        1       131072        32768      284759.484   8589934592   1073741824       30.166        3.771
       float    coalesced        1      256        1       262144        16384      280572.228   8589934592   1073741824       30.616        3.827
       float    coalesced        1      256        1       524288         8192      277860.668   8589934592   1073741824       30.915        3.864
       float    coalesced        1      256        1      1048576         4096      277626.293   8589934592   1073741824       30.941        3.868
       float    coalesced        1      256        1      2097152         2048      277393.773   8589934592   1073741824       30.967        3.871
       float    coalesced        1      256        1      4194304         1024      277276.324   8589934592   1073741824       30.980        3.872
       float    coalesced        1      256        1      8388608          512      277158.531   8589934592   1073741824       30.993        3.874
       float    coalesced        1      256        1     16777216          256      277178.805   8589934592   1073741824       30.991        3.874
       float    coalesced        1      256        1     33554432          128      277152.432   8589934592   1073741824       30.994        3.874
       float    coalesced        1      256        1     67108864           64      277142.356   8589934592   1073741824       30.995        3.874
       float    coalesced        1      256        1    134217728           32      277175.488   8589934592   1073741824       30.991        3.874
       float    coalesced        1      256        1    268435456           16      277102.808   8589934592   1073741824       30.999        3.875
       float    coalesced        1      256        1    536870912            8      277112.319   8589934592   1073741824       30.998        3.875
       float    coalesced        1      256        1   1073741824            4      277225.737   8589934592   1073741824       30.985        3.873
       float    coalesced        1      256        1   2147483648            2      277100.450   8589934592   1073741824       30.999        3.875
       float    coalesced        1      256        1   4293918720            1      277070.868   8587837440   1073479680       30.995        3.874
