        type trial_config ert_flop   unroll  buffers        nsize       trials       microsecs        bytes        flops         GB/s         GF/s
       float    coalesced        2       16        2          128     67108864    32032738.590  17179869184   4294967296        0.536        0.134
       float    coalesced        2       16        2          256     33554432    16894349.928  17179869184   4294967296        1.017        0.254
       float    coalesced        2       16        2          512     16777216     9029871.738  17179869184   4294967296        1.903        0.476
       float    coalesced        2       16        2         1024      8388608     5036142.882  17179869184   4294967296        3.411        0.853
       float    coalesced        2       16        2         2048      4194304     2976138.955  17179869184   4294967296        5.773        1.443
       float    coalesced        2       16        2         4096      2097152     1685004.758  17179869184   4294967296       10.196        2.549
       float    coalesced        2       16        2         8192      1048576     1169472.056  17179869184   4294967296       14.690        3.673
       float    coalesced        2       16        2        16384       524288      868402.619  17179869184   4294967296       19.783        4.946
       float    coalesced        2       16        2        32768       262144      735879.853  17179869184   4294967296       23.346        5.837
       float    coalesced        2       16        2        65536       131072      666861.846  17179869184   4294967296       25.762        6.441
       float    coalesced        2       16        2       131072        65536      629963.857  17179869184   4294967296       27.271        6.818
       float    coalesced        2       16        2       262144        32768      611446.214  17179869184   4294967296       28.097        7.024
       float    coalesced        2       16        2       524288        16384      602362.697  17179869184   4294967296       28.521        7.130
       float    coalesced        2       16        2      1048576         8192      597489.274  17179869184   4294967296       28.753        7.188
       float    coalesced        2       16        2      2097152         4096      595360.016  17179869184   4294967296       28.856        7.214
       float    coalesced        2       16        2      4194304         2048      594151.714  17179869184   4294967296       28.915        7.229
       float    coalesced        2       16        2      8388608         1024      593577.409  17179869184   4294967296       28.943        7.236
       float    coalesced        2       16        2     16777216          512      593277.117  17179869184   4294967296       28.958        7.239
       float    coalesced        2       16        2     33554432          256      593151.622  17179869184   4294967296       28.964        7.241
       float    coalesced        2       16        2     67108864          128      593052.663  17179869184   4294967296       28.969        7.242
       float    coalesced        2       16        2    134217728           64      593001.029  17179869184   4294967296       28.971        7.243
       float    coalesced        2       16        2    268435456           32      593033.269  17179869184   4294967296       28.969        7.242
       float    coalesced        2       16        2    536870912           16      593025.510  17179869184   4294967296       28.970        7.242
       float    coalesced        2       16        2   1073741824            8      593028.168  17179869184   4294967296       28.970        7.242
       float    coalesced        2       16        2   2147483648            4      592976.017  17179869184   4294967296       28.972        7.243
       float    coalesced        2       16        2   4294967296            2      593021.155  17179869184   4294967296       28.970        7.243
       float    coalesced        2       16        2   8588886016            1      592930.121  17177772032   4294443008       28.971        7.243
