        type trial_config ert_flop   unroll  buffers        nsize       trials       microsecs        bytes        flops         GB/s         GF/s
      double    coalesced        3       32        2          512     16777216    10911349.665  17179869184   3221225472        1.574        0.295
      double    coalesced        3       32        2         1024      8388608     5951745.961  17179869184   3221225472        2.887        0.541
      double    coalesced        3       32        2         2048      4194304     3273641.926  17179869184   3221225472        5.248        0.984
      double    coalesced        3       32        2         4096      2097152     1818976.243  17179869184   3221225472        9.445        1.771
      double    coalesced        3       32        2         8192      1048576     1216760.221  17179869184   3221225472       14.119        2.647
      double    coalesced        3       32        2        16384       524288      902544.476  17179869184   3221225472       19.035        3.569
      double    coalesced        3       32        2        32768       262144      744415.640  17179869184   3221225472       23.078        4.327
      double    coalesced        3       32        2        65536       131072      678982.845  17179869184   3221225472       25.302        4.744
      double    coalesced        3       32        2       131072        65536      629940.802  17179869184   3221225472       27.272        5.114
      double    coalesced        3       32        2       262144        32768      608517.707  17179869184   3221225472       28.232        5.294
      double    coalesced        3       32        2       524288        16384      597955.553  17179869184   3221225472       28.731        5.387
      double    coalesced        3       32        2      1048576         8192      593140.596  17179869184   3221225472       28.964        5.431
      double    coalesced        3       32        2      2097152         4096      590642.458  17179869184   3221225472       29.087        5.454
      double    coalesced        3       32        2      4194304         2048      589365.672  17179869184   3221225472       29.150        5.466
      double    coalesced        3       32        2      8388608         1024      588666.817  17179869184   3221225472       29.184        5.472
      double    coalesced        3       32        2     16777216          512      588340.517  17179869184   3221225472       29.201        5.475
      double    coalesced        3       32        2     33554432          256      588160.724  17179869184   3221225472       29.209        5.477
      double    coalesced        3       32        2     67108864          128      588062.249  17179869184   3221225472       29.214        5.478
      double    coalesced        3       32        2    134217728           64      588019.391  17179869184   3221225472       29.217        5.478
      double    coalesced        3       32        2    268435456           32      588017.695  17179869184   3221225472       29.217        5.478
      double    coalesced        3       32        2    536870912           16      588004.228  17179869184   3221225472       29.217        5.478
      double    coalesced        3       32        2   1073741824            8      588069.274  17179869184   3221225472       29.214        5.478
      double    coalesced        3       32        2   2147483648            4      588097.909  17179869184   3221225472       29.213        5.477
      double    coalesced        3       32        2   4294967296            2      588081.622  17179869184   3221225472       29.213        5.478
      double    coalesced        3       32        2   8588886016            1      587991.478  17177772032   3220832256       29.214        5.478
