        type trial_config ert_flop   unroll  buffers        nsize       trials       microsecs        bytes        flops         GB/s         GF/s
         int    coalesced       15       32        2          256     33554432    37408433.453  17179869184  32212254720        0.459        0.861
         int    coalesced       15       32        2          512     16777216    19207114.235  17179869184  32212254720        0.894        1.677
         int    coalesced       15       32        2         1024      8388608    10099119.004  17179869184  32212254720        1.701        3.190
         int    coalesced       15       32        2         2048      4194304     5455765.642  17179869184  32212254720        3.149        5.904
         int    coalesced       15       32        2         4096      2097152     2976057.524  17179869184  32212254720        5.773       10.824
         int    coalesced       15       32        2         8192      1048576     1818861.718  17179869184  32212254720        9.445       17.710
         int    coalesced       15       32        2        16384       524288     1227555.745  17179869184  32212254720       13.995       26.241
         int    coalesced       15       32        2        32768       262144      937959.623  17179869184  32212254720       18.316       34.343
         int    coalesced       15       32        2        65536       131072      790875.258  17179869184  32212254720       21.723       40.730
         int    coalesced       15       32        2       131072        65536      719622.901  17179869184  32212254720       23.873       44.763
         int    coalesced       15       32        2       262144        32768      682324.182  17179869184  32212254720       25.178       47.210
         int    coalesced       15       32        2       524288        16384      669568.836  17179869184  32212254720       25.658       48.109
         int    coalesced       15       32        2      1048576         8192      655593.091  17179869184  32212254720       26.205       49.135
         int    coalesced       15       32        2      2097152         4096      650444.343  17179869184  32212254720       26.413       49.523
         int    coalesced       15       32        2      4194304         2048      648196.007  17179869184  32212254720       26.504       49.695
         int    coalesced       15       32        2      8388608         1024      647090.707  17179869184  32212254720       26.549       49.780
         int    coalesced       15       32        2     16777216          512      646505.990  17179869184  32212254720       26.573       49.825
         int    coalesced       15       32        2     33554432          256      646208.267  17179869184  32212254720       26.586       49.848
         int    coalesced       15       32        2     67108864          128      646089.279  17179869184  32212254720       26.591       49.857
         int    coalesced       15       32        2    134217728           64      645974.572  17179869184  32212254720       26.595       49.866
         int    coalesced       15       32        2    268435456           32      645960.976  17179869184  32212254720       26.596       49.867
         int    coalesced       15       32        2    536870912           16      645918.748  17179869184  32212254720       26.598       49.870
         int    coalesced       15       32        2   1073741824            8      645935.434  17179869184  32212254720       26.597       49.869
         int    coalesced       15       32        2   2147483648            4      645909.079  17179869184  32212254720       26.598       49.871
         int    coalesced       15       32        2   4294967296            2      645954.939  17179869184  32212254720       26.596       49.868
         int    coalesced       15       32        2   8588886016            1      645879.728  17177772032  32208322560       26.596       49.867
