        type trial_config ert_flop   unroll  buffers        nsize       trials       microsecs        bytes        flops         GB/s         GF/s
        long    coalesced        1        1        1            8     67108864    30807182.340   1073741824     67108864        0.035        0.002
        long    coalesced        1        1        1           16     67108864    32732309.763   2147483648    134217728        0.066        0.004
        long    coalesced        1        1        1           32     67108864    33788222.389   4294967296    268435456        0.127        0.008
        long    coalesced        1        1        1           64     67108864    37408139.202   8589934592    536870912        0.230        0.014
        long    coalesced        1        1        1          128     33554432    21821563.859   8589934592    536870912        0.394        0.025
        long    coalesced        1        1        1          256     16777216    13093216.024   8589934592    536870912        0.656        0.041
        long    coalesced        1        1        1          512      8388608     8393210.959   8589934592    536870912        1.023        0.064
        long    coalesced        1        1        1         1024      4194304     5455724.743   8589934592    536870912        1.574        0.098
        long    coalesced        1        1        1         2048      2097152     3777147.368   8589934592    536870912        2.274        0.142
        long    coalesced        1        1        1         4096      1048576     3015166.560   8589934592    536870912        2.849        0.178
        long    coalesced        1        1        1         8192       524288     2596903.215   8589934592    536870912        3.308        0.207
        long    coalesced        1        1        1        16384       262144     2414010.226   8589934592    536870912        3.558        0.222
        long    coalesced        1        1        1        32768       131072     2338313.140   8589934592    536870912        3.674        0.230
        long    coalesced        1        1        1        65536        65536     2283303.410   8589934592    536870912        3.762        0.235
        long    coalesced        1        1        1       131072        32768     2264910.099   8589934592    536870912        3.793        0.237
        long    coalesced        1        1        1       262144        16384     2246835.680   8589934592    536870912        3.823        0.239
        long    coalesced        1        1        1       524288         8192     2237961.594   8589934592    536870912        3.838        0.240
        long    coalesced        1        1        1      1048576         4096     2235480.828   8589934592    536870912        3.843        0.240
        long    coalesced        1        1        1      2097152         2048     2233764.414   8589934592    536870912        3.845        0.240
        long    coalesced        1        1        1      4194304         1024     2233189.490   8589934592    536870912        3.846        0.240
        long    coalesced        1        1        1      8388608          512     2232650.196   8589934592    536870912        3.847        0.240
        long    coalesced        1        1        1     16777216          256     2232477.698   8589934592    536870912        3.848        0.240
        long    coalesced        1        1        1     33554432          128     2232439.406   8589934592    536870912        3.848        0.240
        long    coalesced        1        1        1     67108864           64     2232348.210   8589934592    536870912        3.848        0.240
        long    coalesced        1        1        1    134217728           32     2232330.488   8589934592    536870912        3.848        0.240
        long    coalesced        1        1        1    268435456           16     2232263.088   8589934592    536870912        3.848        0.241
        long    coalesced        1        1        1    536870912            8     2232282.384   8589934592    536870912        3.848        0.241
        long    coalesced        1        1        1   1073741824            4     2232192.222   8589934592    536870912        3.848        0.241
        long    coalesced        1        1        1   2147483648            2     2232171.500   8589934592    536870912        3.848        0.241
        long    coalesced        1        1        1   4293918720            1     2231646.087   8587837440    536739840        3.848        0.241
