        type trial_config ert_flop   unroll  buffers        nsize       trials       microsecs        bytes        flops         GB/s         GF/s
       float    coalesced      128        8        1           32     67108864    96983483.646   4294967296  68719476736        0.044        0.709
       float    coalesced      128        8        1           64     67108864    98195638.899   8589934592 137438953472        0.087        1.400
       float    coalesced      128        8        1          128     33554432    49536861.652   8589934592 137438953472        0.173        2.774
       float    coalesced      128        8        1          256     16777216    26185876.354   8589934592 137438953472        0.328        5.249
       float    coalesced      128        8        1          512      8388608    13615955.341   8589934592 137438953472        0.631       10.094
       float    coalesced      128        8        1         1024      4194304     7274048.914   8589934592 137438953472        1.181       18.894
       float    coalesced      128        8        1         2048      2097152     4091803.883   8589934592 137438953472        2.099       33.589
       float    coalesced      128        8        1         4096      1048576     2232028.612   8589934592 137438953472        3.848       61.576
       float    coalesced      128        8        1         8192       524288     1364115.877   8589934592 137438953472        6.297      100.753
       float    coalesced      128        8        1        16384       262144     1023208.824   8589934592 137438953472        8.395      134.322
       float    coalesced      128        8        1        32768       131072      787209.662   8589934592 137438953472       10.912      174.590
       float    coalesced      128        8        1        65536        65536      682297.215   8589934592 137438953472       12.590      201.436
       float    coalesced      128        8        1       131072        32768      623005.551   8589934592 137438953472       13.788      220.606
       float    coalesced      128        8        1       262144        16384      593169.651   8589934592 137438953472       14.481      231.703
       float    coalesced      128        8        1       524288         8192      578808.741   8589934592 137438953472       14.841      237.451
       float    coalesced      128        8        1      1048576         4096      571965.198   8589934592 137438953472       15.018      240.293
       float    coalesced      128        8        1      2097152         2048      568281.306   8589934592 137438953472       15.116      241.850
       float    coalesced      128        8        1      4194304         1024      566616.571   8589934592 137438953472       15.160      242.561
       float    coalesced      128        8        1      8388608          512      565758.132   8589934592 137438953472       15.183      242.929
       float    coalesced      128        8        1     16777216          256      565302.095   8589934592 137438953472       15.195      243.125
       float    coalesced      128        8        1     33554432          128      565047.352   8589934592 137438953472       15.202      243.234
       float    coalesced      128        8        1     67108864           64      564952.010   8589934592 137438953472       15.205      243.275
       float    coalesced      128        8        1    134217728           32      564997.785   8589934592 137438953472       15.203      243.256
       float    coalesced      128        8        1    268435456           16      564912.811   8589934592 137438953472       15.206      243.292
       float    coalesced      128        8        1    536870912            8      564864.327   8589934592 137438953472       15.207      243.313
       float    coalesced      128        8        1   1073741824            4      564795.133   8589934592 137438953472       15.209      243.343
       float    coalesced      128        8        1   2147483648            2      564780.190   8589934592 137438953472       15.209      243.349
       float    coalesced      128        8        1   4293918720            1      564655.038   8587837440 137405399040       15.209      243.344
