        type trial_config ert_flop   unroll  buffers        nsize       trials       microsecs        bytes        flops         GB/s         GF/s
        long    coalesced       26        8        2          128     67108864   209484146.065  17179869184  27917287424        0.082        0.133
        long    coalesced       26        8        2          256     33554432   104742260.250  17179869184  27917287424        0.164        0.267
        long    coalesced       26        8        2          512     16777216    52874891.896  17179869184  27917287424        0.325        0.528
        long    coalesced       26        8        2         1024      8388608    27276918.363  17179869184  27917287424        0.630        1.023
        long    coalesced       26        8        2         2048      4194304    14028293.581  17179869184  27917287424        1.225        1.990
        long    coalesced       26        8        2         4096      2097152     7239666.588  17179869184  27917287424        2.373        3.856
        long    coalesced       26        8        2         8192      1048576     4091956.965  17179869184  27917287424        4.198        6.822
        long    coalesced       26        8        2        16384       524288     2273538.429  17179869184  27917287424        7.556       12.279
        long    coalesced       26        8        2        32768       262144     1449589.101  17179869184  27917287424       11.852       19.259
        long    coalesced       26        8        2        65536       131072     1037882.928  17179869184  27917287424       16.553       26.898
        long    coalesced       26        8        2       131072        65536      835247.225  17179869184  27917287424       20.569       33.424
        long    coalesced       26        8        2       262144        32768      731115.206  17179869184  27917287424       23.498       38.185
        long    coalesced       26        8        2       524288        16384      679774.751  17179869184  27917287424       25.273       41.068
        long    coalesced       26        8        2      1048576         8192      658370.999  17179869184  27917287424       26.095       42.404
        long    coalesced       26        8        2      2097152         4096      640866.610  17179869184  27917287424       26.807       43.562
        long    coalesced       26        8        2      4194304         2048      634503.363  17179869184  27917287424       27.076       43.999
        long    coalesced       26        8        2      8388608         1024      631131.082  17179869184  27917287424       27.221       44.234
        long    coalesced       26        8        2     16777216          512      629463.462  17179869184  27917287424       27.293       44.351
        long    coalesced       26        8        2     33554432          256      628649.733  17179869184  27917287424       27.328       44.408
        long    coalesced       26        8        2     67108864          128      628239.562  17179869184  27917287424       27.346       44.437
        long    coalesced       26        8        2    134217728           64      628062.752  17179869184  27917287424       27.354       44.450
        long    coalesced       26        8        2    268435456           32      627972.977  17179869184  27917287424       27.358       44.456
        long    coalesced       26        8        2    536870912           16      627926.985  17179869184  27917287424       27.360       44.459
        long    coalesced       26        8        2   1073741824            8      627906.447  17179869184  27917287424       27.361       44.461
        long    coalesced       26        8        2   2147483648            4      627817.111  17179869184  27917287424       27.364       44.467
        long    coalesced       26        8        2   4294967296            2      627840.888  17179869184  27917287424       27.363       44.466
        long    coalesced       26        8        2   8588886016            1      627837.839  17177772032  27913879552       27.360       44.460
