        type trial_config ert_flop   unroll  buffers        nsize       trials       microsecs        bytes        flops         GB/s         GF/s
       float    coalesced        4        8        1           32     67108864    30806955.902   4294967296   2147483648        0.139        0.070
       float    coalesced        4        8        1           64     67108864    31286175.291   8589934592   4294967296        0.275        0.137
       float    coalesced        4        8        1          128     33554432    16366418.800   8589934592   4294967296        0.525        0.262
       float    coalesced        4        8        1          256     16777216     9352530.843   8589934592   4294967296        0.918        0.459
       float    coalesced        4        8        1          512      8388608     5455865.813   8589934592   4294967296        1.574        0.787
       float    coalesced        4        8        1         1024      4194304     3069110.918   8589934592   4294967296        2.799        1.399
       float    coalesced        4        8        1         2048      2097152     1818921.832   8589934592   4294967296        4.723        2.361
       float    coalesced        4        8        1         4096      1048576     1169428.118   8589934592   4294967296        7.345        3.673
       float    coalesced        4        8        1         8192       524288      909577.803   8589934592   4294967296        9.444        4.722
       float    coalesced        4        8        1        16384       262144      744220.282   8589934592   4294967296       11.542        5.771
       float    coalesced        4        8        1        32768       131072      663420.937   8589934592   4294967296       12.948        6.474
       float    coalesced        4        8        1        65536        65536      614051.911   8589934592   4294967296       13.989        6.994
       float    coalesced        4        8        1       131072        32768      589663.579   8589934592   4294967296       14.568        7.284
       float    coalesced        4        8        1       262144        16384      575704.103   8589934592   4294967296       14.921        7.460
       float    coalesced        4        8        1       524288         8192      570999.298   8589934592   4294967296       15.044        7.522
       float    coalesced        4        8        1      1048576         4096      567734.745   8589934592   4294967296       15.130        7.565
       float    coalesced        4        8        1      2097152         2048      566221.338   8589934592   4294967296       15.171        7.585
       float    coalesced        4        8        1      4194304         1024      565403.358   8589934592   4294967296       15.193        7.596
       float    coalesced        4        8        1      8388608          512      565050.003   8589934592   4294967296       15.202        7.601
       float    coalesced        4        8        1     16777216          256      564960.828   8589934592   4294967296       15.204        7.602
       float    coalesced        4        8        1     33554432          128      564915.737   8589934592   4294967296       15.206        7.603
       float    coalesced        4        8        1     67108864           64      564837.869   8589934592   4294967296       15.208        7.604
       float    coalesced        4        8        1    134217728           32      564816.961   8589934592   4294967296       15.208        7.604
       float    coalesced        4        8        1    268435456           16      564794.633   8589934592   4294967296       15.209        7.604
       float    coalesced        4        8        1    536870912            8      564816.075   8589934592   4294967296       15.208        7.604
       float    coalesced        4        8        1   1073741824            4      564703.810   8589934592   4294967296       15.211        7.606
       float    coalesced        4        8        1   2147483648            2      564747.937   8589934592   4294967296       15.210        7.605
       float    coalesced        4        8        1   4293918720            1      564656.581   8587837440   4293918720       15.209        7.604
