        type trial_config ert_flop   unroll  buffers        nsize       trials       microsecs        bytes        flops         GB/s         GF/s
         int    coalesced        1       64        1          256     16777216     7935538.312   8589934592   1073741824        1.082        0.135
         int    coalesced        1       64        1          512      8388608     4230451.037   8589934592   1073741824        2.031        0.254
         int    coalesced        1       64        1         1024      4194304     2338544.379   8589934592   1073741824        3.673        0.459
         int    coalesced        1       64        1         2048      2097152     1259409.374   8589934592   1073741824        6.821        0.853
         int    coalesced        1       64        1         4096      1048576      773050.718   8589934592   1073741824       11.112        1.389
         int    coalesced        1       64        1         8192       524288      528300.308   8589934592   1073741824       16.260        2.032
         int    coalesced        1       64        1        16384       262144      396470.185   8589934592   1073741824       21.666        2.708
         int    coalesced        1       64        1        32768       131072      325640.258   8589934592   1073741824       26.379        3.297
         int    coalesced        1       64        1        65536        65536      307387.296   8589934592   1073741824       27.945        3.493
         int    coalesced        1       64        1       131072        32768      288054.639   8589934592   1073741824       29.821        3.728
         int    coalesced        1       64        1       262144        16384      284822.946   8589934592   1073741824       30.159        3.770
         int    coalesced        1       64        1       524288         8192      282868.536   8589934592   1073741824       30.367        3.796
         int    coalesced        1       64        1      1048576         4096      281667.298   8589934592   1073741824       30.497        3.812
         int    coalesced        1       64        1      2097152         2048      280987.005   8589934592   1073741824       30.571        3.821
         int    coalesced        1       64        1      4194304         1024      280743.805   8589934592   1073741824       30.597        3.825
         int    coalesced        1       64        1      8388608          512      280592.140   8589934592   1073741824       30.614        3.827
         int    coalesced        1       64        1     16777216          256      280586.562   8589934592   1073741824       30.614        3.827
         int    coalesced        1       64        1     33554432          128      280535.928   8589934592   1073741824       30.620        3.827
         int    coalesced        1       64        1     67108864           64      280466.139   8589934592   1073741824       30.627        3.828
         int    coalesced        1       64        1    134217728           32      280520.869   8589934592   1073741824       30.621        3.828
         int    coalesced        1       64        1    268435456           16      280461.209   8589934592   1073741824       30.628        3.828
         int    coalesced        1       64        1    536870912            8      280418.037   8589934592   1073741824       30.633        3.829
         int    coalesced        1       64        1   1073741824            4      280405.701   8589934592   1073741824       30.634        3.829
         int    coalesced        1       64        1   2147483648            2      280303.304   8589934592   1073741824       30.645        3.831
         int    coalesced        1       64        1   4293918720            1      280244.782   8587837440   1073479680       30.644        3.831
