        type trial_config ert_flop   unroll  buffers        nsize       trials       microsecs        bytes        flops         GB/s         GF/s
      double    coalesced       12        8        2          128     67108864    72236368.122  17179869184  12884901888        0.238        0.178
      double    coalesced       12        8        2          256     33554432    37408265.393  17179869184  12884901888        0.459        0.344
      double    coalesced       12        8        2          512     16777216    18704386.449  17179869184  12884901888        0.918        0.689
      double    coalesced       12        8        2         1024      8388608     9931632.339  17179869184  12884901888        1.730        1.297
      double    coalesced       12        8        2         2048      4194304     5455849.228  17179869184  12884901888        3.149        2.362
      double    coalesced       12        8        2         4096      2097152     2825576.291  17179869184  12884901888        6.080        4.560
      double    coalesced       12        8        2         8192      1048576     1670251.028  17179869184  12884901888       10.286        7.714
      double    coalesced       12        8        2        16384       524288     1108001.559  17179869184  12884901888       15.505       11.629
      double    coalesced       12        8        2        32768       262144      818801.179  17179869184  12884901888       20.982       15.736
      double    coalesced       12        8        2        65536       131072      682345.135  17179869184  12884901888       25.178       18.883
      double    coalesced       12        8        2       131072        65536      603762.231  17179869184  12884901888       28.455       21.341
      double    coalesced       12        8        2       262144        32768      582925.917  17179869184  12884901888       29.472       22.104
      double    coalesced       12        8        2       524288        16384      571909.685  17179869184  12884901888       30.039       22.530
      double    coalesced       12        8        2      1048576         8192      566242.154  17179869184  12884901888       30.340       22.755
      double    coalesced       12        8        2      2097152         4096      563459.187  17179869184  12884901888       30.490       22.867
      double    coalesced       12        8        2      4194304         2048      562098.081  17179869184  12884901888       30.564       22.923
      double    coalesced       12        8        2      8388608         1024      561433.011  17179869184  12884901888       30.600       22.950
      double    coalesced       12        8        2     16777216          512      561125.486  17179869184  12884901888       30.617       22.963
      double    coalesced       12        8        2     33554432          256      560890.169  17179869184  12884901888       30.630       22.972
      double    coalesced       12        8        2     67108864          128      560877.875  17179869184  12884901888       30.630       22.973
      double    coalesced       12        8        2    134217728           64      560829.428  17179869184  12884901888       30.633       22.975
      double    coalesced       12        8        2    268435456           32      560781.353  17179869184  12884901888       30.636       22.977
      double    coalesced       12        8        2    536870912           16      560800.706  17179869184  12884901888       30.635       22.976
      double    coalesced       12        8        2   1073741824            8      560730.222  17179869184  12884901888       30.638       22.979
      double    coalesced       12        8        2   2147483648            4      560769.096  17179869184  12884901888       30.636       22.977
      double    coalesced       12        8        2   4294967296            2      560834.456  17179869184  12884901888       30.633       22.975
      double    coalesced       12        8        2   8588886016            1      560686.683  17177772032  12883329024       30.637       22.978
