        type trial_config ert_flop   unroll  buffers        nsize       trials       microsecs        bytes        flops         GB/s         GF/s
         int    coalesced        4        4        2           32     67108864    40076800.545   4294967296   2147483648        0.107        0.054
         int    coalesced        4        4        2           64     67108864    40285740.714   8589934592   4294967296        0.213        0.107
         int    coalesced        4        4        2          128     67108864    42689377.440  17179869184   8589934592        0.402        0.201
         int    coalesced        4        4        2          256     33554432    22945648.712  17179869184   8589934592        0.749        0.374
         int    coalesced        4        4        2          512     16777216    13093213.999  17179869184   8589934592        1.312        0.656
         int    coalesced        4        4        2         1024      8388608     7554051.343  17179869184   8589934592        2.274        1.137
         int    coalesced        4        4        2         2048      4194304     4676457.105  17179869184   8589934592        3.674        1.837
         int    coalesced        4        4        2         4096      2097152     2888584.795  17179869184   8589934592        5.948        2.974
         int    coalesced        4        4        2         8192      1048576     2046235.734  17179869184   8589934592        8.396        4.198
         int    coalesced        4        4        2        16384       524288     1574162.039  17179869184   8589934592       10.914        5.457
         int    coalesced        4        4        2        32768       262144     1364323.937  17179869184   8589934592       12.592        6.296
         int    coalesced        4        4        2        65536       131072     1239296.423  17179869184   8589934592       13.863        6.931
         int    coalesced        4        4        2       131072        65536     1186149.841  17179869184   8589934592       14.484        7.242
         int    coalesced        4        4        2       262144        32768     1153729.266  17179869184   8589934592       14.891        7.445
         int    coalesced        4        4        2       524288        16384     1143056.322  17179869184   8589934592       15.030        7.515
         int    coalesced        4        4        2      1048576         8192     1135330.137  17179869184   8589934592       15.132        7.566
         int    coalesced        4        4        2      2097152         4096     1132491.289  17179869184   8589934592       15.170        7.585
         int    coalesced        4        4        2      4194304         2048     1130831.576  17179869184   8589934592       15.192        7.596
         int    coalesced        4        4        2      8388608         1024     1129902.196  17179869184   8589934592       15.205        7.602
         int    coalesced        4        4        2     16777216          512     1129616.022  17179869184   8589934592       15.209        7.604
         int    coalesced        4        4        2     33554432          256     1129347.014  17179869184   8589934592       15.212        7.606
         int    coalesced        4        4        2     67108864          128     1129225.048  17179869184   8589934592       15.214        7.607
         int    coalesced        4        4        2    134217728           64     1129223.864  17179869184   8589934592       15.214        7.607
         int    coalesced        4        4        2    268435456           32     1129222.307  17179869184   8589934592       15.214        7.607
         int    coalesced        4        4        2    536870912           16     1129112.610  17179869184   8589934592       15.215        7.608
         int    coalesced        4        4        2   1073741824            8     1129197.322  17179869184   8589934592       15.214        7.607
         int    coalesced        4        4        2   2147483648            4     1129161.951  17179869184   8589934592       15.215        7.607
         int    coalesced        4        4        2   4294967296            2     1129194.914  17179869184   8589934592       15.214        7.607
         int    coalesced        4        4        2   8588886016            1     1129110.413  17177772032   8588886016       15.214        7.607
