        type trial_config ert_flop   unroll  buffers        nsize       trials       microsecs        bytes        flops         GB/s         GF/s
      double    coalesced        1       64        2         1024      8388608     5172036.953  17179869184   1073741824        3.322        0.208
      double    coalesced        1       64        2         2048      4194304     2976106.080  17179869184   1073741824        5.773        0.361
      double    coalesced        1       64        2         4096      2097152     1749480.376  17179869184   1073741824        9.820        0.614
      double    coalesced        1       64        2         8192      1048576     1169483.183  17179869184   1073741824       14.690        0.918
      double    coalesced        1       64        2        16384       524288      908955.121  17179869184   1073741824       18.901        1.181
      double    coalesced        1       64        2        32768       262144      767629.019  17179869184   1073741824       22.380        1.399
      double    coalesced        1       64        2        65536       131072      697963.208  17179869184   1073741824       24.614        1.538
      double    coalesced        1       64        2       131072        65536      665212.946  17179869184   1073741824       25.826        1.614
      double    coalesced        1       64        2       262144        32768      646577.667  17179869184   1073741824       26.570        1.661
      double    coalesced        1       64        2       524288        16384      639789.030  17179869184   1073741824       26.852        1.678
      double    coalesced        1       64        2      1048576         8192      633295.793  17179869184   1073741824       27.128        1.695
      double    coalesced        1       64        2      2097152         4096      631013.170  17179869184   1073741824       27.226        1.702
      double    coalesced        1       64        2      4194304         2048      629860.213  17179869184   1073741824       27.276        1.705
      double    coalesced        1       64        2      8388608         1024      629242.443  17179869184   1073741824       27.302        1.706
      double    coalesced        1       64        2     16777216          512      628985.240  17179869184   1073741824       27.314        1.707
      double    coalesced        1       64        2     33554432          256      628865.625  17179869184   1073741824       27.319        1.707
      double    coalesced        1       64        2     67108864          128      628806.465  17179869184   1073741824       27.321        1.708
      double    coalesced        1       64        2    134217728           64      628746.789  17179869184   1073741824       27.324        1.708
      double    coalesced        1       64        2    268435456           32      628808.461  17179869184   1073741824       27.321        1.708
      double    coalesced        1       64        2    536870912           16      628817.519  17179869184   1073741824       27.321        1.708
      double    coalesced        1       64        2   1073741824            8      628671.663  17179869184   1073741824       27.327        1.708
      double    coalesced        1       64        2   2147483648            4      628710.862  17179869184   1073741824       27.326        1.708
      double    coalesced        1       64        2   4294967296            2      628670.905  17179869184   1073741824       27.327        1.708
      double    coalesced        1       64        2   8588886016            1      628595.593  17177772032   1073610752       27.327        1.708
