        type trial_config ert_flop   unroll  buffers        nsize       trials       microsecs        bytes        flops         GB/s         GF/s
       float    coalesced        4        8        2           64     67108864    31830139.237   8589934592   4294967296        0.270        0.135
       float    coalesced        4        8        2          128     67108864    32732284.838  17179869184   8589934592        0.525        0.262
       float    coalesced        4        8        2          256     33554432    17457442.957  17179869184   8589934592        0.984        0.492
       float    coalesced        4        8        2          512     16777216     9948612.567  17179869184   8589934592        1.727        0.863
       float    coalesced        4        8        2         1024      8388608     5951748.348  17179869184   8589934592        2.887        1.443
       float    coalesced        4        8        2         2048      4194304     3273672.582  17179869184   8589934592        5.248        2.624
       float    coalesced        4        8        2         4096      2097152     1954612.611  17179869184   8589934592        8.789        4.395
       float    coalesced        4        8        2         8192      1048576     1302761.527  17179869184   8589934592       13.187        6.594
       float    coalesced        4        8        2        16384       524288      983421.400  17179869184   8589934592       17.469        8.735
       float    coalesced        4        8        2        32768       262144      814619.646  17179869184   8589934592       21.089       10.545
       float    coalesced        4        8        2        65536       131072      711323.843  17179869184   8589934592       24.152       12.076
       float    coalesced        4        8        2       131072        65536      667115.141  17179869184   8589934592       25.752       12.876
       float    coalesced        4        8        2       262144        32768      640573.572  17179869184   8589934592       26.820       13.410
       float    coalesced        4        8        2       524288        16384      632737.156  17179869184   8589934592       27.152       13.576
       float    coalesced        4        8        2      1048576         8192      626688.135  17179869184   8589934592       27.414       13.707
       float    coalesced        4        8        2      2097152         4096      623797.428  17179869184   8589934592       27.541       13.770
       float    coalesced        4        8        2      4194304         2048      622233.666  17179869184   8589934592       27.610       13.805
       float    coalesced        4        8        2      8388608         1024      621511.076  17179869184   8589934592       27.642       13.821
       float    coalesced        4        8        2     16777216          512      621079.867  17179869184   8589934592       27.661       13.831
       float    coalesced        4        8        2     33554432          256      620912.106  17179869184   8589934592       27.669       13.834
       float    coalesced        4        8        2     67108864          128      620841.589  17179869184   8589934592       27.672       13.836
       float    coalesced        4        8        2    134217728           64      620772.390  17179869184   8589934592       27.675       13.837
       float    coalesced        4        8        2    268435456           32      620751.172  17179869184   8589934592       27.676       13.838
       float    coalesced        4        8        2    536870912           16      620759.517  17179869184   8589934592       27.676       13.838
       float    coalesced        4        8        2   1073741824            8      620770.414  17179869184   8589934592       27.675       13.838
       float    coalesced        4        8        2   2147483648            4      620756.997  17179869184   8589934592       27.676       13.838
       float    coalesced        4        8        2   4294967296            2      620715.529  17179869184   8589934592       27.678       13.839
       float    coalesced        4        8        2   8588886016            1      620632.893  17177772032   8588886016       27.678       13.839
