        type trial_config ert_flop   unroll  buffers        nsize       trials       microsecs        bytes        flops         GB/s         GF/s
        long    coalesced       28        4        2           64     67108864   107994301.543   8589934592  15032385536        0.080        0.139
        long    coalesced       28        4        2          128     67108864   110254919.834  17179869184  30064771072        0.156        0.273
        long    coalesced       28        4        2          256     33554432    55149825.848  17179869184  30064771072        0.312        0.545
        long    coalesced       28        4        2          512     16777216    29095485.594  17179869184  30064771072        0.590        1.033
        long    coalesced       28        4        2         1024      8388608    15360388.195  17179869184  30064771072        1.118        1.957
        long    coalesced       28        4        2         2048      4194304     8183437.006  17179869184  30064771072        2.099        3.674
        long    coalesced       28        4        2         4096      2097152     4307378.449  17179869184  30064771072        3.988        6.980
        long    coalesced       28        4        2         8192      1048576     2527420.644  17179869184  30064771072        6.797       11.895
        long    coalesced       28        4        2        16384       524288     1534815.591  17179869184  30064771072       11.193       19.589
        long    coalesced       28        4        2        32768       262144     1068731.388  17179869184  30064771072       16.075       28.131
        long    coalesced       28        4        2        65536       131072      843177.421  17179869184  30064771072       20.375       35.657
        long    coalesced       28        4        2       131072        65536      717229.837  17179869184  30064771072       23.953       41.918
        long    coalesced       28        4        2       262144        32768      678359.634  17179869184  30064771072       25.326       44.320
        long    coalesced       28        4        2       524288        16384      650801.913  17179869184  30064771072       26.398       46.197
        long    coalesced       28        4        2      1048576         8192      639722.111  17179869184  30064771072       26.855       46.997
        long    coalesced       28        4        2      2097152         4096      632683.644  17179869184  30064771072       27.154       47.519
        long    coalesced       28        4        2      4194304         2048      629401.984  17179869184  30064771072       27.296       47.767
        long    coalesced       28        4        2      8388608         1024      627854.518  17179869184  30064771072       27.363       47.885
        long    coalesced       28        4        2     16777216          512      627043.308  17179869184  30064771072       27.398       47.947
        long    coalesced       28        4        2     33554432          256      626609.609  17179869184  30064771072       27.417       47.980
        long    coalesced       28        4        2     67108864          128      626427.788  17179869184  30064771072       27.425       47.994
        long    coalesced       28        4        2    134217728           64      626343.038  17179869184  30064771072       27.429       48.000
        long    coalesced       28        4        2    268435456           32      626306.416  17179869184  30064771072       27.430       48.003
        long    coalesced       28        4        2    536870912           16      626275.621  17179869184  30064771072       27.432       48.006
        long    coalesced       28        4        2   1073741824            8      626202.613  17179869184  30064771072       27.435       48.011
        long    coalesced       28        4        2   2147483648            4      626236.170  17179869184  30064771072       27.434       48.009
        long    coalesced       28        4        2   4294967296            2      626218.876  17179869184  30064771072       27.434       48.010
        long    coalesced       28        4        2   8588886016            1      626100.330  17177772032  30061101056       27.436       48.013
