        type trial_config ert_flop   unroll  buffers        nsize       trials       microsecs        bytes        flops         GB/s         GF/s
        long    coalesced      215        2        1           16     67108864   897788996.122   2147483648  28856811520        0.002        0.032
        long    coalesced      215        2        1           32     67108864   897788061.215   4294967296  57713623040        0.005        0.064
        long    coalesced      215        2        1           64     67108864   897786887.011   8589934592 115427246080        0.010        0.129
        long    coalesced      215        2        1          128     33554432   450971822.349   8589934592 115427246080        0.019        0.256
        long    coalesced      215        2        1          256     16777216   227400321.993   8589934592 115427246080        0.038        0.508
        long    coalesced      215        2        1          512      8388608   114816873.106   8589934592 115427246080        0.075        1.005
        long    coalesced      215        2        1         1024      4194304    58450240.995   8589934592 115427246080        0.147        1.975
        long    coalesced      215        2        1         2048      2097152    29844087.620   8589934592 115427246080        0.288        3.868
        long    coalesced      215        2        1         4096      1048576    15548090.394   8589934592 115427246080        0.552        7.424
        long    coalesced      215        2        1         8192       524288     8424333.105   8589934592 115427246080        1.020       13.702
        long    coalesced      215        2        1        16384       262144     4822711.548   8589934592 115427246080        1.781       23.934
        long    coalesced      215        2        1        32768       131072     3033115.877   8589934592 115427246080        2.832       38.056
        long    coalesced      215        2        1        65536        65536     2137292.464   8589934592 115427246080        4.019       54.006
        long    coalesced      215        2        1       131072        32768     1681891.338   8589934592 115427246080        5.107       68.629
        long    coalesced      215        2        1       262144        16384     1454970.477   8589934592 115427246080        5.904       79.333
        long    coalesced      215        2        1       524288         8192     1341403.284   8589934592 115427246080        6.404       86.050
        long    coalesced      215        2        1      1048576         4096     1284677.843   8589934592 115427246080        6.686       89.849
        long    coalesced      215        2        1      2097152         2048     1256251.646   8589934592 115427246080        6.838       91.882
        long    coalesced      215        2        1      4194304         1024     1242085.501   8589934592 115427246080        6.916       92.930
        long    coalesced      215        2        1      8388608          512     1235006.888   8589934592 115427246080        6.955       93.463
        long    coalesced      215        2        1     16777216          256     1231496.463   8589934592 115427246080        6.975       93.729
        long    coalesced      215        2        1     33554432          128     1229791.845   8589934592 115427246080        6.985       93.859
        long    coalesced      215        2        1     67108864           64     1228926.840   8589934592 115427246080        6.990       93.925
        long    coalesced      215        2        1    134217728           32     1228360.878   8589934592 115427246080        6.993       93.969
        long    coalesced      215        2        1    268435456           16     1228160.078   8589934592 115427246080        6.994       93.984
        long    coalesced      215        2        1    536870912            8     1228031.279   8589934592 115427246080        6.995       93.994
        long    coalesced      215        2        1   1073741824            4     1227839.454   8589934592 115427246080        6.996       94.008
        long    coalesced      215        2        1   2147483648            2     1227980.946   8589934592 115427246080        6.995       93.998
        long    coalesced      215        2        1   4293918720            1     1227649.309   8587837440 115399065600        6.995       94.000
