        type trial_config ert_flop   unroll  buffers        nsize       trials       microsecs        bytes        flops         GB/s         GF/s
      double    coalesced        1        8        2          128     67108864    32732405.494  17179869184   1073741824        0.525        0.033
      double    coalesced        1        8        2          256     33554432    17457403.471  17179869184   1073741824        0.984        0.062
      double    coalesced        1        8        2          512     16777216     9352443.199  17179869184   1073741824        1.837        0.115
      double    coalesced        1        8        2         1024      8388608     5036172.882  17179869184   1073741824        3.411        0.213
      double    coalesced        1        8        2         2048      4194304     2976108.008  17179869184   1073741824        5.773        0.361
      double    coalesced        1        8        2         4096      2097152     1699550.974  17179869184   1073741824       10.108        0.632
      double    coalesced        1        8        2         8192      1048576     1116581.739  17179869184   1073741824       15.386        0.962
      double    coalesced        1        8        2        16384       524288      821552.994  17179869184   1073741824       20.911        1.307
      double    coalesced        1        8        2        32768       262144      708991.721  17179869184   1073741824       24.231        1.514
      double    coalesced        1        8        2        65536       131072      644486.366  17179869184   1073741824       26.657        1.666
      double    coalesced        1        8        2       131072        65536      605478.877  17179869184   1073741824       28.374        1.773
      double    coalesced        1        8        2       262144        32768      589880.597  17179869184   1073741824       29.124        1.820
      double    coalesced        1        8        2       524288        16384      580509.288  17179869184   1073741824       29.594        1.850
      double    coalesced        1        8        2      1048576         8192      575936.071  17179869184   1073741824       29.829        1.864
      double    coalesced        1        8        2      2097152         4096      574868.789  17179869184   1073741824       29.885        1.868
      double    coalesced        1        8        2      4194304         2048      573865.101  17179869184   1073741824       29.937        1.871
      double    coalesced        1        8        2      8388608         1024      573335.674  17179869184   1073741824       29.965        1.873
      double    coalesced        1        8        2     16777216          512      573186.344  17179869184   1073741824       29.973        1.873
      double    coalesced        1        8        2     33554432          256      573069.033  17179869184   1073741824       29.979        1.874
      double    coalesced        1        8        2     67108864          128      573069.918  17179869184   1073741824       29.979        1.874
      double    coalesced        1        8        2    134217728           64      572985.702  17179869184   1073741824       29.983        1.874
      double    coalesced        1        8        2    268435456           32      573006.316  17179869184   1073741824       29.982        1.874
      double    coalesced        1        8        2    536870912           16      573056.104  17179869184   1073741824       29.979        1.874
      double    coalesced        1        8        2   1073741824            8      572966.190  17179869184   1073741824       29.984        1.874
      double    coalesced        1        8        2   2147483648            4      573049.337  17179869184   1073741824       29.980        1.874
      double    coalesced        1        8        2   4294967296            2      573096.083  17179869184   1073741824       29.977        1.874
      double    coalesced        1        8        2   8588886016            1     1136278.056  17177772032   1073610752       15.118        0.945
