        type trial_config ert_flop   unroll  buffers        nsize       trials       microsecs        bytes        flops         GB/s         GF/s
       float    coalesced       21      128        1          512      8388608     5455740.037   8589934592  22548578304        1.574        4.133
       float    coalesced       21      128        1         1024      4194304     2976058.544   8589934592  22548578304        2.886        7.577
       float    coalesced       21      128        1         2048      2097152     1636979.431   8589934592  22548578304        5.247       13.775
       float    coalesced       21      128        1         4096      1048576      945327.946   8589934592  22548578304        9.087       23.853
       float    coalesced       21      128        1         8192       524288      614414.776   8589934592  22548578304       13.981       36.699
       float    coalesced       21      128        1        16384       262144      447970.012   8589934592  22548578304       19.175       50.335
       float    coalesced       21      128        1        32768       131072      361349.897   8589934592  22548578304       23.772       62.401
       float    coalesced       21      128        1        65536        65536      320058.330   8589934592  22548578304       26.839       70.451
       float    coalesced       21      128        1       131072        32768      298791.094   8589934592  22548578304       28.749       75.466
       float    coalesced       21      128        1       262144        16384      291913.575   8589934592  22548578304       29.426       77.244
       float    coalesced       21      128        1       524288         8192      288493.519   8589934592  22548578304       29.775       78.160
       float    coalesced       21      128        1      1048576         4096      287568.064   8589934592  22548578304       29.871       78.411
       float    coalesced       21      128        1      2097152         2048      286614.072   8589934592  22548578304       29.970       78.672
       float    coalesced       21      128        1      4194304         1024      286220.472   8589934592  22548578304       30.012       78.780
       float    coalesced       21      128        1      8388608          512      286066.303   8589934592  22548578304       30.028       78.823
       float    coalesced       21      128        1     16777216          256      285969.756   8589934592  22548578304       30.038       78.850
       float    coalesced       21      128        1     33554432          128      285878.267   8589934592  22548578304       30.048       78.875
       float    coalesced       21      128        1     67108864           64      285820.937   8589934592  22548578304       30.054       78.891
       float    coalesced       21      128        1    134217728           32      285861.571   8589934592  22548578304       30.049       78.879
       float    coalesced       21      128        1    268435456           16      285892.704   8589934592  22548578304       30.046       78.871
       float    coalesced       21      128        1    536870912            8      285898.705   8589934592  22548578304       30.045       78.869
       float    coalesced       21      128        1   1073741824            4      285844.571   8589934592  22548578304       30.051       78.884
       float    coalesced       21      128        1   2147483648            2      285862.199   8589934592  22548578304       30.049       78.879
       float    coalesced       21      128        1   4293918720            1      285762.041   8587837440  22543073280       30.052       78.888
