        type trial_config ert_flop   unroll  buffers        nsize       trials       microsecs        bytes        flops         GB/s         GF/s
       float    coalesced        1        8        1           32     67108864    29095573.232   4294967296    536870912        0.148        0.018
       float    coalesced        1        8        1           64     67108864    29904578.066   8589934592   1073741824        0.287        0.036
       float    coalesced        1        8        1          128     33554432    15403710.233   8589934592   1073741824        0.558        0.070
       float    coalesced        1        8        1          256     16777216     8728908.924   8589934592   1073741824        0.984        0.123
       float    coalesced        1        8        1          512      8388608     5079486.493   8589934592   1073741824        1.691        0.211
       float    coalesced        1        8        1         1024      4194304     2976070.339   8589934592   1073741824        2.886        0.361
       float    coalesced        1        8        1         2048      2097152     1818863.232   8589934592   1073741824        4.723        0.590
       float    coalesced        1        8        1         4096      1048576     1169377.802   8589934592   1073741824        7.346        0.918
       float    coalesced        1        8        1         8192       524288      909638.962   8589934592   1073741824        9.443        1.180
       float    coalesced        1        8        1        16384       262144      731037.007   8589934592   1073741824       11.750        1.469
       float    coalesced        1        8        1        32768       131072      670301.731   8589934592   1073741824       12.815        1.602
       float    coalesced        1        8        1        65536        65536      625048.160   8589934592   1073741824       13.743        1.718
       float    coalesced        1        8        1       131072        32768      598619.154   8589934592   1073741824       14.350        1.794
       float    coalesced        1        8        1       262144        16384      593335.510   8589934592   1073741824       14.477        1.810
       float    coalesced        1        8        1       524288         8192      587645.739   8589934592   1073741824       14.618        1.827
       float    coalesced        1        8        1      1048576         4096      585066.715   8589934592   1073741824       14.682        1.835
       float    coalesced        1        8        1      2097152         2048      583875.049   8589934592   1073741824       14.712        1.839
       float    coalesced        1        8        1      4194304         1024      583180.358   8589934592   1073741824       14.729        1.841
       float    coalesced        1        8        1      8388608          512      582815.810   8589934592   1073741824       14.739        1.842
       float    coalesced        1        8        1     16777216          256      582558.460   8589934592   1073741824       14.745        1.843
       float    coalesced        1        8        1     33554432          128      582557.839   8589934592   1073741824       14.745        1.843
       float    coalesced        1        8        1     67108864           64      582517.451   8589934592   1073741824       14.746        1.843
       float    coalesced        1        8        1    134217728           32      582538.393   8589934592   1073741824       14.746        1.843
       float    coalesced        1        8        1    268435456           16      582490.059   8589934592   1073741824       14.747        1.843
       float    coalesced        1        8        1    536870912            8      582510.226   8589934592   1073741824       14.746        1.843
       float    coalesced        1        8        1   1073741824            4      582507.833   8589934592   1073741824       14.746        1.843
       float    coalesced        1        8        1   2147483648            2      582513.658   8589934592   1073741824       14.746        1.843
       float    coalesced        1        8        1   4293918720            1      582360.677   8587837440   1073479680       14.747        1.843
