        type trial_config ert_flop   unroll  buffers        nsize       trials       microsecs        bytes        flops         GB/s         GF/s
        long    coalesced        2       16        2          256     33554432    20143134.728  17179869184   2147483648        0.853        0.107
        long    coalesced        2       16        2          512     16777216    10071868.570  17179869184   2147483648        1.706        0.213
        long    coalesced        2       16        2         1024      8388608     5951700.897  17179869184   2147483648        2.887        0.361
        long    coalesced        2       16        2         2048      4194304     3115256.003  17179869184   2147483648        5.515        0.689
        long    coalesced        2       16        2         4096      2097152     1818848.371  17179869184   2147483648        9.445        1.181
        long    coalesced        2       16        2         8192      1048576     1169566.172  17179869184   2147483648       14.689        1.836
        long    coalesced        2       16        2        16384       524288      845074.046  17179869184   2147483648       20.329        2.541
        long    coalesced        2       16        2        32768       262144      682510.938  17179869184   2147483648       25.172        3.146
        long    coalesced        2       16        2        65536       131072      628083.506  17179869184   2147483648       27.353        3.419
        long    coalesced        2       16        2       131072        65536      586266.211  17179869184   2147483648       29.304        3.663
        long    coalesced        2       16        2       262144        32768      572455.752  17179869184   2147483648       30.011        3.751
        long    coalesced        2       16        2       524288        16384      568616.756  17179869184   2147483648       30.213        3.777
        long    coalesced        2       16        2      1048576         8192      564947.089  17179869184   2147483648       30.410        3.801
        long    coalesced        2       16        2      2097152         4096      562996.474  17179869184   2147483648       30.515        3.814
        long    coalesced        2       16        2      4194304         2048      562036.148  17179869184   2147483648       30.567        3.821
        long    coalesced        2       16        2      8388608         1024      561767.786  17179869184   2147483648       30.582        3.823
        long    coalesced        2       16        2     16777216          512      561525.900  17179869184   2147483648       30.595        3.824
        long    coalesced        2       16        2     33554432          256      561488.564  17179869184   2147483648       30.597        3.825
        long    coalesced        2       16        2     67108864          128      561720.442  17179869184   2147483648       30.584        3.823
        long    coalesced        2       16        2    134217728           64      562010.870  17179869184   2147483648       30.569        3.821
        long    coalesced        2       16        2    268435456           32      562021.940  17179869184   2147483648       30.568        3.821
        long    coalesced        2       16        2    536870912           16      562142.778  17179869184   2147483648       30.561        3.820
        long    coalesced        2       16        2   1073741824            8      561931.175  17179869184   2147483648       30.573        3.822
        long    coalesced        2       16        2   2147483648            4      561881.256  17179869184   2147483648       30.576        3.822
        long    coalesced        2       16        2   4294967296            2      561897.528  17179869184   2147483648       30.575        3.822
        long    coalesced        2       16        2   8588886016            1      561916.904  17177772032   2147221504       30.570        3.821
