        type trial_config ert_flop   unroll  buffers        nsize       trials       microsecs        bytes        flops         GB/s         GF/s
      double    coalesced       15        8        2          128     67108864    87285313.871  17179869184  16106127360        0.197        0.185
      double    coalesced       15        8        2          256     33554432    43642810.269  17179869184  16106127360        0.394        0.369
      double    coalesced       15        8        2          512     16777216    22376994.944  17179869184  16106127360        0.768        0.720
      double    coalesced       15        8        2         1024      8388608    11902880.520  17179869184  16106127360        1.443        1.353
      double    coalesced       15        8        2         2048      4194304     6546766.636  17179869184  16106127360        2.624        2.460
      double    coalesced       15        8        2         4096      2097152     3355351.388  17179869184  16106127360        5.120        4.800
      double    coalesced       15        8        2         8192      1048576     2046224.987  17179869184  16106127360        8.396        7.871
      double    coalesced       15        8        2        16384       524288     1300452.053  17179869184  16106127360       13.211       12.385
      double    coalesced       15        8        2        32768       262144      945764.932  17179869184  16106127360       18.165       17.030
      double    coalesced       15        8        2        65536       131072      768761.282  17179869184  16106127360       22.347       20.951
      double    coalesced       15        8        2       131072        65536      685262.837  17179869184  16106127360       25.070       23.504
      double    coalesced       15        8        2       262144        32768      641204.042  17179869184  16106127360       26.793       25.119
      double    coalesced       15        8        2       524288        16384      620097.326  17179869184  16106127360       27.705       25.974
      double    coalesced       15        8        2      1048576         8192      608964.840  17179869184  16106127360       28.212       26.448
      double    coalesced       15        8        2      2097152         4096      603586.381  17179869184  16106127360       28.463       26.684
      double    coalesced       15        8        2      4194304         2048      600792.461  17179869184  16106127360       28.595       26.808
      double    coalesced       15        8        2      8388608         1024      599738.986  17179869184  16106127360       28.646       26.855
      double    coalesced       15        8        2     16777216          512      598811.067  17179869184  16106127360       28.690       26.897
      double    coalesced       15        8        2     33554432          256      598399.052  17179869184  16106127360       28.710       26.915
      double    coalesced       15        8        2     67108864          128      598210.540  17179869184  16106127360       28.719       26.924
      double    coalesced       15        8        2    134217728           64      598153.144  17179869184  16106127360       28.722       26.926
      double    coalesced       15        8        2    268435456           32      598119.088  17179869184  16106127360       28.723       26.928
      double    coalesced       15        8        2    536870912           16      598096.723  17179869184  16106127360       28.724       26.929
      double    coalesced       15        8        2   1073741824            8      598100.512  17179869184  16106127360       28.724       26.929
      double    coalesced       15        8        2   2147483648            4      598048.022  17179869184  16106127360       28.727       26.931
      double    coalesced       15        8        2   4294967296            2      598062.884  17179869184  16106127360       28.726       26.930
      double    coalesced       15        8        2   8588886016            1      598022.287  17177772032  16104161280       28.724       26.929
