        type trial_config ert_flop   unroll  buffers        nsize       trials       microsecs        bytes        flops         GB/s         GF/s
        long    coalesced        1       16        2          256     33554432    15403793.844  17179869184   1073741824        1.115        0.070
        long    coalesced        1       16        2          512     16777216     8729097.581  17179869184   1073741824        1.968        0.123
        long    coalesced        1       16        2         1024      8388608     4676387.654  17179869184   1073741824        3.674        0.230
        long    coalesced        1       16        2         2048      4194304     2651073.867  17179869184   1073741824        6.480        0.405
        long    coalesced        1       16        2         4096      2097152     1488324.090  17179869184   1073741824       11.543        0.721
        long    coalesced        1       16        2         8192      1048576     1023420.067  17179869184   1073741824       16.787        1.049
        long    coalesced        1       16        2        16384       524288      768018.270  17179869184   1073741824       22.369        1.398
        long    coalesced        1       16        2        32768       262144      657035.182  17179869184   1073741824       26.148        1.634
        long    coalesced        1       16        2        65536       131072      602702.893  17179869184   1073741824       28.505        1.782
        long    coalesced        1       16        2       131072        65536      571465.516  17179869184   1073741824       30.063        1.879
        long    coalesced        1       16        2       262144        32768      564819.474  17179869184   1073741824       30.417        1.901
        long    coalesced        1       16        2       524288        16384      562402.353  17179869184   1073741824       30.547        1.909
        long    coalesced        1       16        2      1048576         8192      559525.987  17179869184   1073741824       30.704        1.919
        long    coalesced        1       16        2      2097152         4096      557951.710  17179869184   1073741824       30.791        1.924
        long    coalesced        1       16        2      4194304         2048      557473.795  17179869184   1073741824       30.817        1.926
        long    coalesced        1       16        2      8388608         1024      557110.772  17179869184   1073741824       30.837        1.927
        long    coalesced        1       16        2     16777216          512      556980.890  17179869184   1073741824       30.845        1.928
        long    coalesced        1       16        2     33554432          256      556876.902  17179869184   1073741824       30.850        1.928
        long    coalesced        1       16        2     67108864          128      556888.752  17179869184   1073741824       30.850        1.928
        long    coalesced        1       16        2    134217728           64      556909.082  17179869184   1073741824       30.849        1.928
        long    coalesced        1       16        2    268435456           32      556939.827  17179869184   1073741824       30.847        1.928
        long    coalesced        1       16        2    536870912           16      556898.095  17179869184   1073741824       30.849        1.928
        long    coalesced        1       16        2   1073741824            8      557005.825  17179869184   1073741824       30.843        1.928
        long    coalesced        1       16        2   2147483648            4      557230.558  17179869184   1073741824       30.831        1.927
        long    coalesced        1       16        2   4294967296            2      557218.380  17179869184   1073741824       30.831        1.927
        long    coalesced        1       16        2   8588886016            1      557136.870  17177772032   1073610752       30.832        1.927
