        type trial_config ert_flop   unroll  buffers        nsize       trials       microsecs        bytes        flops         GB/s         GF/s
       float    coalesced        1       32        2          256     33554432    15403693.510  17179869184   2147483648        1.115        0.139
       float    coalesced        1       32        2          512     16777216     8728897.584  17179869184   2147483648        1.968        0.246
       float    coalesced        1       32        2         1024      8388608     4676436.655  17179869184   2147483648        3.674        0.459
       float    coalesced        1       32        2         2048      4194304     2728178.560  17179869184   2147483648        6.297        0.787
       float    coalesced        1       32        2         4096      2097152     1566630.229  17179869184   2147483648       10.966        1.371
       float    coalesced        1       32        2         8192      1048576     1061451.101  17179869184   2147483648       16.185        2.023
       float    coalesced        1       32        2        16384       524288      818798.650  17179869184   2147483648       20.982        2.623
       float    coalesced        1       32        2        32768       262144      682362.891  17179869184   2147483648       25.177        3.147
       float    coalesced        1       32        2        65536       131072      642491.272  17179869184   2147483648       26.739        3.342
       float    coalesced        1       32        2       131072        65536      607315.473  17179869184   2147483648       28.288        3.536
       float    coalesced        1       32        2       262144        32768      588598.897  17179869184   2147483648       29.188        3.648
       float    coalesced        1       32        2       524288        16384      578726.505  17179869184   2147483648       29.686        3.711
       float    coalesced        1       32        2      1048576         8192      574845.859  17179869184   2147483648       29.886        3.736
       float    coalesced        1       32        2      2097152         4096      571497.439  17179869184   2147483648       30.061        3.758
       float    coalesced        1       32        2      4194304         2048      570169.274  17179869184   2147483648       30.131        3.766
       float    coalesced        1       32        2      8388608         1024      569555.517  17179869184   2147483648       30.164        3.770
       float    coalesced        1       32        2     16777216          512      569286.199  17179869184   2147483648       30.178        3.772
       float    coalesced        1       32        2     33554432          256      569067.615  17179869184   2147483648       30.190        3.774
       float    coalesced        1       32        2     67108864          128      568999.087  17179869184   2147483648       30.193        3.774
       float    coalesced        1       32        2    134217728           64      568954.234  17179869184   2147483648       30.196        3.774
       float    coalesced        1       32        2    268435456           32      568988.755  17179869184   2147483648       30.194        3.774
       float    coalesced        1       32        2    536870912           16      568880.362  17179869184   2147483648       30.199        3.775
       float    coalesced        1       32        2   1073741824            8      568873.850  17179869184   2147483648       30.200        3.775
       float    coalesced        1       32        2   2147483648            4      568894.704  17179869184   2147483648       30.199        3.775
       float    coalesced        1       32        2   4294967296            2      568990.402  17179869184   2147483648       30.194        3.774
       float    coalesced        1       32        2   8588886016            1     1147212.240  17177772032   2147221504       14.973        1.872
