        type trial_config ert_flop   unroll  buffers        nsize       trials       microsecs        bytes        flops         GB/s         GF/s
        long    coalesced        1       64        1          512      8388608     4364636.297   8589934592    536870912        1.968        0.123
        long    coalesced        1       64        1         1024      4194304     2338364.622   8589934592    536870912        3.673        0.230
        long    coalesced        1       64        1         2048      2097152     1259411.889   8589934592    536870912        6.821        0.426
        long    coalesced        1       64        1         4096      1048576      779534.779   8589934592    536870912       11.019        0.689
        long    coalesced        1       64        1         8192       524288      528733.666   8589934592    536870912       16.246        1.015
        long    coalesced        1       64        1        16384       262144      400647.220   8589934592    536870912       21.440        1.340
        long    coalesced        1       64        1        32768       131072      327768.933   8589934592    536870912       26.207        1.638
        long    coalesced        1       64        1        65536        65536      292617.673   8589934592    536870912       29.355        1.835
        long    coalesced        1       64        1       131072        32768      283756.413   8589934592    536870912       30.272        1.892
        long    coalesced        1       64        1       262144        16384      281723.190   8589934592    536870912       30.491        1.906
        long    coalesced        1       64        1       524288         8192      280119.086   8589934592    536870912       30.665        1.917
        long    coalesced        1       64        1      1048576         4096      280089.574   8589934592    536870912       30.669        1.917
        long    coalesced        1       64        1      2097152         2048      279676.661   8589934592    536870912       30.714        1.920
        long    coalesced        1       64        1      4194304         1024      279412.374   8589934592    536870912       30.743        1.921
        long    coalesced        1       64        1      8388608          512      279368.986   8589934592    536870912       30.748        1.922
        long    coalesced        1       64        1     16777216          256      279316.952   8589934592    536870912       30.753        1.922
        long    coalesced        1       64        1     33554432          128      279321.621   8589934592    536870912       30.753        1.922
        long    coalesced        1       64        1     67108864           64      279312.673   8589934592    536870912       30.754        1.922
        long    coalesced        1       64        1    134217728           32      279280.954   8589934592    536870912       30.757        1.922
        long    coalesced        1       64        1    268435456           16      279316.998   8589934592    536870912       30.753        1.922
        long    coalesced        1       64        1    536870912            8      279276.347   8589934592    536870912       30.758        1.922
        long    coalesced        1       64        1   1073741824            4      279267.398   8589934592    536870912       30.759        1.922
        long    coalesced        1       64        1   2147483648            2      279246.641   8589934592    536870912       30.761        1.923
        long    coalesced        1       64        1   4293918720            1      279269.382   8587837440    536739840       30.751        1.922
