        type trial_config ert_flop   unroll  buffers        nsize       trials       microsecs        bytes        flops         GB/s         GF/s
       float    coalesced        1       16        0           64       262144       17693.505     33554432      4194304        1.896        0.237
       float    coalesced        1       16        0          128       131072        9495.353     33554432      4194304        3.534        0.442
       float    coalesced        1       16        0          256        65536        5426.767     33554432      4194304        6.183        0.773
       float    coalesced        1       16        0          512        32768        3338.684     33554432      4194304       10.050        1.256
       float    coalesced        1       16        0         1024        16384        2372.135     33554432      4194304       14.145        1.768
       float    coalesced        1       16        0         2048         8192        1812.149     33554432      4194304       18.516        2.315
       float    coalesced        1       16        0         4096         4096        1596.101     33554432      4194304       21.023        2.628
       float    coalesced        1       16        0         8192         2048        1427.708     33554432      4194304       23.502        2.938
       float    coalesced        1       16        0        16384         1024        1343.035     33554432      4194304       24.984        3.123
       float    coalesced        1       16        0        32768         1024        2488.915     67108864      8388608       26.963        3.370
       float    coalesced        1       16        0        65536         1024        4664.054    134217728     16777216       28.777        3.597
       float    coalesced        1       16        0       131072         1024        8992.333    268435456     33554432       29.852        3.731
       float    coalesced        1       16        0       262144         1024       17690.810    536870912     67108864       30.347        3.793
       float    coalesced        1       16        0       524288         1024       35120.664   1073741824    134217728       30.573        3.822
       float    coalesced        1       16        0      1048576         1024       69981.109   2147483648    268435456       30.687        3.836
       float    coalesced        1       16        0      2097152         1024      139603.332   4294967296    536870912       30.766        3.846
       float    coalesced        1       16        0      4194304         1024      278807.106   8589934592   1073741824       30.810        3.851
       float    coalesced        1       16        0      8388608         1024      557281.530  17179869184   2147483648       30.828        3.853
       float    coalesced        1       16        0     16777216         1024     1114182.364  34359738368   4294967296       30.839        3.855
