        type trial_config ert_flop   unroll  buffers        nsize       trials       microsecs        bytes        flops         GB/s         GF/s
       float    coalesced        8        4        0           16      1048576      147628.722     33554432     33554432        0.227        0.227
       float    coalesced        8        4        0           32       524288       73443.010     33554432     33554432        0.457        0.457
       float    coalesced        8        4        0           64       262144       39033.149     33554432     33554432        0.860        0.860
       float    coalesced        8        4        0          128       131072       21820.899     33554432     33554432        1.538        1.538
       float    coalesced        8        4        0          256        65536       13257.249     33554432     33554432        2.531        2.531
       float    coalesced        8        4        0          512        32768        8948.379     33554432     33554432        3.750        3.750
       float    coalesced        8        4        0         1024        16384        6772.651     33554432     33554432        4.954        4.954
       float    coalesced        8        4        0         2048         8192        5714.468     33554432     33554432        5.872        5.872
       float    coalesced        8        4        0         4096         4096        5129.504     33554432     33554432        6.541        6.541
       float    coalesced        8        4        0         8192         2048        4929.356     33554432     33554432        6.807        6.807
       float    coalesced        8        4        0        16384         1024        4785.754     33554432     33554432        7.011        7.011
       float    coalesced        8        4        0        32768         1024        9048.479     67108864     67108864        7.417        7.417
       float    coalesced        8        4        0        65536         1024       17695.401    134217728    134217728        7.585        7.585
       float    coalesced        8        4        0       131072         1024       34869.951    268435456    268435456        7.698        7.698
       float    coalesced        8        4        0       262144         1024       69235.348    536870912    536870912        7.754        7.754
       float    coalesced        8        4        0       524288         1024      138054.568   1073741824   1073741824        7.778        7.778
       float    coalesced        8        4        0      1048576         1024      275511.299   2147483648   2147483648        7.795        7.795
       float    coalesced        8        4        0      2097152         1024      550537.188   4294967296   4294967296        7.801        7.801
       float    coalesced        8        4        0      4194304         1024     1100633.027   8589934592   8589934592        7.805        7.805
       float    coalesced        8        4        0      8388608         1024     2200760.542  17179869184  17179869184        7.806        7.806
       float    coalesced        8        4        0     16777216         1024     4401038.645  34359738368  34359738368        7.807        7.807
