        type trial_config ert_flop   unroll  buffers        nsize       trials       microsecs        bytes        flops         GB/s         GF/s
       float    coalesced        4       32        2          256     33554432    16894383.433  17179869184   8589934592        1.017        0.508
       float    coalesced        4       32        2          512     16777216     9352477.910  17179869184   8589934592        1.837        0.918
       float    coalesced        4       32        2         1024      8388608     5036183.464  17179869184   8589934592        3.411        1.706
       float    coalesced        4       32        2         2048      4194304     2923801.559  17179869184   8589934592        5.876        2.938
       float    coalesced        4       32        2         4096      2097152     1637088.787  17179869184   8589934592       10.494        5.247
       float    coalesced        4       32        2         8192      1048576     1116366.222  17179869184   8589934592       15.389        7.695
       float    coalesced        4       32        2        16384       524288      847034.394  17179869184   8589934592       20.282       10.141
       float    coalesced        4       32        2        32768       262144      722407.956  17179869184   8589934592       23.781       11.891
       float    coalesced        4       32        2        65536       131072      655094.751  17179869184   8589934592       26.225       13.113
       float    coalesced        4       32        2       131072        65536      619717.267  17179869184   8589934592       27.722       13.861
       float    coalesced        4       32        2       262144        32768      601694.385  17179869184   8589934592       28.552       14.276
       float    coalesced        4       32        2       524288        16384      592182.013  17179869184   8589934592       29.011       14.506
       float    coalesced        4       32        2      1048576         8192      587801.277  17179869184   8589934592       29.227       14.614
       float    coalesced        4       32        2      2097152         4096      585631.963  17179869184   8589934592       29.336       14.668
       float    coalesced        4       32        2      4194304         2048      584473.836  17179869184   8589934592       29.394       14.697
       float    coalesced        4       32        2      8388608         1024      583838.444  17179869184   8589934592       29.426       14.713
       float    coalesced        4       32        2     16777216          512      583632.420  17179869184   8589934592       29.436       14.718
       float    coalesced        4       32        2     33554432          256      583458.909  17179869184   8589934592       29.445       14.722
       float    coalesced        4       32        2     67108864          128      583441.823  17179869184   8589934592       29.446       14.723
       float    coalesced        4       32        2    134217728           64      583371.058  17179869184   8589934592       29.449       14.725
       float    coalesced        4       32        2    268435456           32      583331.302  17179869184   8589934592       29.451       14.726
       float    coalesced        4       32        2    536870912           16      583356.269  17179869184   8589934592       29.450       14.725
       float    coalesced        4       32        2   1073741824            8      583276.024  17179869184   8589934592       29.454       14.727
       float    coalesced        4       32        2   2147483648            4      583354.510  17179869184   8589934592       29.450       14.725
       float    coalesced        4       32        2   4294967296            2      583333.902  17179869184   8589934592       29.451       14.726
       float    coalesced        4       32        2   8588886016            1      583275.628  17177772032   8588886016       29.451       14.725
