        type trial_config ert_flop   unroll  buffers        nsize       trials       microsecs        bytes        flops         GB/s         GF/s
         int    coalesced       30       16        2          128     67108864   109106597.475  17179869184  64424509440        0.157        0.590
         int    coalesced       30       16        2          256     33554432    56112154.045  17179869184  64424509440        0.306        1.148
         int    coalesced       30       16        2          512     16777216    28426638.665  17179869184  64424509440        0.604        2.266
         int    coalesced       30       16        2         1024      8388608    14822409.904  17179869184  64424509440        1.159        4.346
         int    coalesced       30       16        2         2048      4194304     8183498.259  17179869184  64424509440        2.099        7.872
         int    coalesced       30       16        2         4096      2097152     4092002.699  17179869184  64424509440        4.198       15.744
         int    coalesced       30       16        2         8192      1048576     2338529.070  17179869184  64424509440        7.346       27.549
         int    coalesced       30       16        2        16384       524288     1488331.851  17179869184  64424509440       11.543       43.286
         int    coalesced       30       16        2        32768       262144     1045662.466  17179869184  64424509440       16.430       61.611
         int    coalesced       30       16        2        65536       131072      831528.311  17179869184  64424509440       20.661       77.477
         int    coalesced       30       16        2       131072        65536      722260.065  17179869184  64424509440       23.786       89.198
         int    coalesced       30       16        2       262144        32768      666296.967  17179869184  64424509440       25.784       96.690
         int    coalesced       30       16        2       524288        16384      639747.745  17179869184  64424509440       26.854      100.703
         int    coalesced       30       16        2      1048576         8192      625197.048  17179869184  64424509440       27.479      103.047
         int    coalesced       30       16        2      2097152         4096      618552.171  17179869184  64424509440       27.774      104.154
         int    coalesced       30       16        2      4194304         2048      614765.121  17179869184  64424509440       27.945      104.795
         int    coalesced       30       16        2      8388608         1024      613009.466  17179869184  64424509440       28.025      105.095
         int    coalesced       30       16        2     16777216          512      612143.496  17179869184  64424509440       28.065      105.244
         int    coalesced       30       16        2     33554432          256      611795.403  17179869184  64424509440       28.081      105.304
         int    coalesced       30       16        2     67108864          128      611507.331  17179869184  64424509440       28.094      105.354
         int    coalesced       30       16        2    134217728           64      611405.087  17179869184  64424509440       28.099      105.371
         int    coalesced       30       16        2    268435456           32      611315.498  17179869184  64424509440       28.103      105.387
         int    coalesced       30       16        2    536870912           16      611357.804  17179869184  64424509440       28.101      105.379
         int    coalesced       30       16        2   1073741824            8      611313.571  17179869184  64424509440       28.103      105.387
         int    coalesced       30       16        2   2147483648            4      611255.529  17179869184  64424509440       28.106      105.397
         int    coalesced       30       16        2   4294967296            2      611328.280  17179869184  64424509440       28.103      105.384
         int    coalesced       30       16        2   8588886016            1      611252.316  17177772032  64416645120       28.103      105.385
