        type trial_config ert_flop   unroll  buffers        nsize       trials       microsecs        bytes        flops         GB/s         GF/s
      double    coalesced        5       32        2          512     16777216    14548036.226  17179869184   5368709120        1.181        0.369
      double    coalesced        5       32        2         1024      8388608     8183462.039  17179869184   5368709120        2.099        0.656
      double    coalesced        5       32        2         2048      4194304     4319734.538  17179869184   5368709120        3.977        1.243
      double    coalesced        5       32        2         4096      2097152     2471725.325  17179869184   5368709120        6.951        2.172
      double    coalesced        5       32        2         8192      1048576     1581393.278  17179869184   5368709120       10.864        3.395
      double    coalesced        5       32        2        16384       524288     1126397.781  17179869184   5368709120       15.252        4.766
      double    coalesced        5       32        2        32768       262144      909750.362  17179869184   5368709120       18.884        5.901
      double    coalesced        5       32        2        65536       131072      807002.755  17179869184   5368709120       21.288        6.653
      double    coalesced        5       32        2       131072        65536      751213.077  17179869184   5368709120       22.870        7.147
      double    coalesced        5       32        2       262144        32768      722888.968  17179869184   5368709120       23.766        7.427
      double    coalesced        5       32        2       524288        16384      708710.002  17179869184   5368709120       24.241        7.575
      double    coalesced        5       32        2      1048576         8192      703730.080  17179869184   5368709120       24.413        7.629
      double    coalesced        5       32        2      2097152         4096      698397.910  17179869184   5368709120       24.599        7.687
      double    coalesced        5       32        2      4194304         2048      696695.548  17179869184   5368709120       24.659        7.706
      double    coalesced        5       32        2      8388608         1024      695762.566  17179869184   5368709120       24.692        7.716
      double    coalesced        5       32        2     16777216          512      695328.460  17179869184   5368709120       24.708        7.721
      double    coalesced        5       32        2     33554432          256      695144.943  17179869184   5368709120       24.714        7.723
      double    coalesced        5       32        2     67108864          128      695025.549  17179869184   5368709120       24.718        7.724
      double    coalesced        5       32        2    134217728           64      694940.412  17179869184   5368709120       24.721        7.725
      double    coalesced        5       32        2    268435456           32      694923.805  17179869184   5368709120       24.722        7.726
      double    coalesced        5       32        2    536870912           16      694858.849  17179869184   5368709120       24.724        7.726
      double    coalesced        5       32        2   1073741824            8      694897.270  17179869184   5368709120       24.723        7.726
      double    coalesced        5       32        2   2147483648            4      694894.049  17179869184   5368709120       24.723        7.726
      double    coalesced        5       32        2   4294967296            2      694849.467  17179869184   5368709120       24.725        7.726
      double    coalesced        5       32        2   8588886016            1      694776.205  17177772032   5368053760       24.724        7.726
