        type trial_config ert_flop   unroll  buffers        nsize       trials       microsecs        bytes        flops         GB/s         GF/s
       float    coalesced        1      256        2         2048      4194304     2976139.121  17179869184   2147483648        5.773        0.722
       float    coalesced        1      256        2         4096      2097152     1818992.603  17179869184   2147483648        9.445        1.181
       float    coalesced        1      256        2         8192      1048576     1244791.128  17179869184   2147483648       13.801        1.725
       float    coalesced        1      256        2        16384       524288      944172.769  17179869184   2147483648       18.196        2.274
       float    coalesced        1      256        2        32768       262144      813810.172  17179869184   2147483648       21.110        2.639
       float    coalesced        1      256        2        65536       131072      731053.643  17179869184   2147483648       23.500        2.938
       float    coalesced        1      256        2       131072        65536      694079.604  17179869184   2147483648       24.752        3.094
       float    coalesced        1      256        2       262144        32768      674676.664  17179869184   2147483648       25.464        3.183
       float    coalesced        1      256        2       524288        16384      664375.322  17179869184   2147483648       25.859        3.232
       float    coalesced        1      256        2      1048576         8192      659153.938  17179869184   2147483648       26.064        3.258
       float    coalesced        1      256        2      2097152         4096      656407.423  17179869184   2147483648       26.173        3.272
       float    coalesced        1      256        2      4194304         2048      655690.138  17179869184   2147483648       26.201        3.275
       float    coalesced        1      256        2      8388608         1024      654552.828  17179869184   2147483648       26.247        3.281
       float    coalesced        1      256        2     16777216          512      654350.291  17179869184   2147483648       26.255        3.282
       float    coalesced        1      256        2     33554432          256      654106.103  17179869184   2147483648       26.265        3.283
       float    coalesced        1      256        2     67108864          128      654109.507  17179869184   2147483648       26.265        3.283
       float    coalesced        1      256        2    134217728           64      653957.292  17179869184   2147483648       26.271        3.284
       float    coalesced        1      256        2    268435456           32      653967.191  17179869184   2147483648       26.270        3.284
       float    coalesced        1      256        2    536870912           16      653989.012  17179869184   2147483648       26.269        3.284
       float    coalesced        1      256        2   1073741824            8      653939.603  17179869184   2147483648       26.271        3.284
       float    coalesced        1      256        2   2147483648            4      654005.360  17179869184   2147483648       26.269        3.284
       float    coalesced        1      256        2   4294967296            2      653905.227  17179869184   2147483648       26.273        3.284
       float    coalesced        1      256        2   8588886016            1     1231412.716  17177772032   2147221504       13.950        1.744
