        type trial_config ert_flop   unroll  buffers        nsize       trials       microsecs        bytes        flops         GB/s         GF/s
       float    coalesced        9      128        2         1024      8388608     5109108.423  17179869184  19327352832        3.363        3.783
       float    coalesced        9      128        2         2048      4194304     2976106.129  17179869184  19327352832        5.773        6.494
       float    coalesced        9      128        2         4096      2097152     1722320.814  17179869184  19327352832        9.975       11.222
       float    coalesced        9      128        2         8192      1048576     1131512.346  17179869184  19327352832       15.183       17.081
       float    coalesced        9      128        2        16384       524288      842820.323  17179869184  19327352832       20.384       22.932
       float    coalesced        9      128        2        32768       262144      700874.739  17179869184  19327352832       24.512       27.576
       float    coalesced        9      128        2        65536       131072      644653.776  17179869184  19327352832       26.650       29.981
       float    coalesced        9      128        2       131072        65536      605710.386  17179869184  19327352832       28.363       31.909
       float    coalesced        9      128        2       262144        32768      585743.321  17179869184  19327352832       29.330       32.996
       float    coalesced        9      128        2       524288        16384      575780.043  17179869184  19327352832       29.838       33.567
       float    coalesced        9      128        2      1048576         8192      570904.394  17179869184  19327352832       30.092       33.854
       float    coalesced        9      128        2      2097152         4096      568358.692  17179869184  19327352832       30.227       34.006
       float    coalesced        9      128        2      4194304         2048      567142.454  17179869184  19327352832       30.292       34.078
       float    coalesced        9      128        2      8388608         1024      566477.759  17179869184  19327352832       30.328       34.118
       float    coalesced        9      128        2     16777216          512      566153.459  17179869184  19327352832       30.345       34.138
       float    coalesced        9      128        2     33554432          256      565934.038  17179869184  19327352832       30.357       34.151
       float    coalesced        9      128        2     67108864          128      565896.370  17179869184  19327352832       30.359       34.154
       float    coalesced        9      128        2    134217728           64      565816.045  17179869184  19327352832       30.363       34.158
       float    coalesced        9      128        2    268435456           32      565842.714  17179869184  19327352832       30.362       34.157
       float    coalesced        9      128        2    536870912           16      565794.262  17179869184  19327352832       30.364       34.160
       float    coalesced        9      128        2   1073741824            8      565803.188  17179869184  19327352832       30.364       34.159
       float    coalesced        9      128        2   2147483648            4      565791.574  17179869184  19327352832       30.364       34.160
       float    coalesced        9      128        2   4294967296            2      565742.480  17179869184  19327352832       30.367       34.163
       float    coalesced        9      128        2   8588886016            1     1255005.974  17177772032  19324993536       13.687       15.398
