        type trial_config ert_flop   unroll  buffers        nsize       trials       microsecs        bytes        flops         GB/s         GF/s
        long    coalesced      190        1        2           16     67108864   567352240.208   2147483648  25501368320        0.004        0.045
        long    coalesced      190        1        2           32     67108864   570256053.485   4294967296  51002736640        0.008        0.089
        long    coalesced      190        1        2           64     67108864   571319244.653   8589934592 102005473280        0.015        0.179
        long    coalesced      190        1        2          128     67108864   576080175.751  17179869184 204010946560        0.030        0.354
        long    coalesced      190        1        2          256     33554432   290950081.988  17179869184 204010946560        0.059        0.701
        long    coalesced      190        1        2          512     16777216   147821850.526  17179869184 204010946560        0.116        1.380
        long    coalesced      190        1        2         1024      8388608    76375004.890  17179869184 204010946560        0.225        2.671
        long    coalesced      190        1        2         2048      4194304    39471443.795  17179869184 204010946560        0.435        5.169
        long    coalesced      190        1        2         4096      2097152    21089513.897  17179869184 204010946560        0.815        9.674
        long    coalesced      190        1        2         8192      1048576    11903261.158  17179869184 204010946560        1.443       17.139
        long    coalesced      190        1        2        16384       524288     7274469.213  17179869184 204010946560        2.362       28.045
        long    coalesced      190        1        2        32768       262144     4968850.584  17179869184 204010946560        3.458       41.058
        long    coalesced      190        1        2        65536       131072     3819409.856  17179869184 204010946560        4.498       53.414
        long    coalesced      190        1        2       131072        65536     3239798.858  17179869184 204010946560        5.303       62.970
        long    coalesced      190        1        2       262144        32768     2953056.721  17179869184 204010946560        5.818       69.085
        long    coalesced      190        1        2       524288        16384     2813591.784  17179869184 204010946560        6.106       72.509
        long    coalesced      190        1        2      1048576         8192     2735894.756  17179869184 204010946560        6.279       74.568
        long    coalesced      190        1        2      2097152         4096     2699674.064  17179869184 204010946560        6.364       75.569
        long    coalesced      190        1        2      4194304         2048     2681689.629  17179869184 204010946560        6.406       76.076
        long    coalesced      190        1        2      8388608         1024     2672836.960  17179869184 204010946560        6.428       76.327
        long    coalesced      190        1        2     16777216          512     2668315.144  17179869184 204010946560        6.438       76.457
        long    coalesced      190        1        2     33554432          256     2665917.167  17179869184 204010946560        6.444       76.526
        long    coalesced      190        1        2     67108864          128     2664928.775  17179869184 204010946560        6.447       76.554
        long    coalesced      190        1        2    134217728           64     2664374.711  17179869184 204010946560        6.448       76.570
        long    coalesced      190        1        2    268435456           32     2664086.977  17179869184 204010946560        6.449       76.578
        long    coalesced      190        1        2    536870912           16     2663950.651  17179869184 204010946560        6.449       76.582
        long    coalesced      190        1        2   1073741824            8     2663872.910  17179869184 204010946560        6.449       76.584
        long    coalesced      190        1        2   2147483648            4     2663793.990  17179869184 204010946560        6.449       76.587
        long    coalesced      190        1        2   4294967296            2     2663793.873  17179869184 204010946560        6.449       76.587
        long    coalesced      190        1        2   8588886016            1     2663360.497  17177772032 203986042880        6.450       76.590
