        type trial_config ert_flop   unroll  buffers        nsize       trials       microsecs        bytes        flops         GB/s         GF/s
         int    coalesced        1        2        1            8     67108864    30806944.174   1073741824    134217728        0.035        0.004
         int    coalesced        1        2        1           16     67108864    31416809.779   2147483648    268435456        0.068        0.009
         int    coalesced        1        2        1           32     67108864    32732356.013   4294967296    536870912        0.131        0.016
         int    coalesced        1        2        1           64     67108864    37408253.969   8589934592   1073741824        0.230        0.029
         int    coalesced        1        2        1          128     33554432    21821592.017   8589934592   1073741824        0.394        0.049
         int    coalesced        1        2        1          256     16777216    13093193.502   8589934592   1073741824        0.656        0.082
         int    coalesced        1        2        1          512      8388608     8217267.737   8589934592   1073741824        1.045        0.131
         int    coalesced        1        2        1         1024      4194304     5308361.591   8589934592   1073741824        1.618        0.202
         int    coalesced        1        2        1         2048      2097152     3777320.452   8589934592   1073741824        2.274        0.284
         int    coalesced        1        2        1         4096      1048576     2976003.809   8589934592   1073741824        2.886        0.361
         int    coalesced        1        2        1         8192       524288     2557707.071   8589934592   1073741824        3.358        0.420
         int    coalesced        1        2        1        16384       262144     2387273.345   8589934592   1073741824        3.598        0.450
         int    coalesced        1        2        1        32768       131072     2302024.661   8589934592   1073741824        3.731        0.466
         int    coalesced        1        2        1        65536        65536     2250113.856   8589934592   1073741824        3.818        0.477
         int    coalesced        1        2        1       131072        32768     2216810.016   8589934592   1073741824        3.875        0.484
         int    coalesced        1        2        1       262144        16384     2202653.013   8589934592   1073741824        3.900        0.487
         int    coalesced        1        2        1       524288         8192     2194970.418   8589934592   1073741824        3.913        0.489
         int    coalesced        1        2        1      1048576         4096     2193293.768   8589934592   1073741824        3.916        0.490
         int    coalesced        1        2        1      2097152         2048     2192707.155   8589934592   1073741824        3.918        0.490
         int    coalesced        1        2        1      4194304         1024     2192541.544   8589934592   1073741824        3.918        0.490
         int    coalesced        1        2        1      8388608          512     2192426.859   8589934592   1073741824        3.918        0.490
         int    coalesced        1        2        1     16777216          256     2192288.451   8589934592   1073741824        3.918        0.490
         int    coalesced        1        2        1     33554432          128     2192362.602   8589934592   1073741824        3.918        0.490
         int    coalesced        1        2        1     67108864           64     2192261.144   8589934592   1073741824        3.918        0.490
         int    coalesced        1        2        1    134217728           32     2192269.075   8589934592   1073741824        3.918        0.490
         int    coalesced        1        2        1    268435456           16     2192331.876   8589934592   1073741824        3.918        0.490
         int    coalesced        1        2        1    536870912            8     2192387.653   8589934592   1073741824        3.918        0.490
         int    coalesced        1        2        1   1073741824            4     2192297.103   8589934592   1073741824        3.918        0.490
         int    coalesced        1        2        1   2147483648            2     2192293.738   8589934592   1073741824        3.918        0.490
         int    coalesced        1        2        1   4293918720            1     2191697.538   8587837440   1073479680        3.918        0.490
