        type trial_config ert_flop   unroll  buffers        nsize       trials       microsecs        bytes        flops         GB/s         GF/s
      double    coalesced       16       16        1          128     33554432    45137304.749   8589934592   8589934592        0.190        0.190
      double    coalesced       16       16        1          256     16777216    22912704.067   8589934592   8589934592        0.375        0.375
      double    coalesced       16       16        1          512      8388608    11902805.210   8589934592   8589934592        0.722        0.722
      double    coalesced       16       16        1         1024      4194304     6137548.833   8589934592   8589934592        1.400        1.400
      double    coalesced       16       16        1         2048      2097152     3273552.234   8589934592   8589934592        2.624        2.624
      double    coalesced       16       16        1         4096      1048576     1753860.086   8589934592   8589934592        4.898        4.898
      double    coalesced       16       16        1         8192       524288     1023228.485   8589934592   8589934592        8.395        8.395
      double    coalesced       16       16        1        16384       262144      682320.364   8589934592   8589934592       12.589       12.589
      double    coalesced       16       16        1        32768       131072      462860.916   8589934592   8589934592       18.558       18.558
      double    coalesced       16       16        1        65536        65536      369781.729   8589934592   8589934592       23.230       23.230
      double    coalesced       16       16        1       131072        32768      329181.411   8589934592   8589934592       26.095       26.095
      double    coalesced       16       16        1       262144        16384      311747.698   8589934592   8589934592       27.554       27.554
      double    coalesced       16       16        1       524288         8192      303772.154   8589934592   8589934592       28.278       28.278
      double    coalesced       16       16        1      1048576         4096      299423.146   8589934592   8589934592       28.688       28.688
      double    coalesced       16       16        1      2097152         2048      297410.502   8589934592   8589934592       28.882       28.882
      double    coalesced       16       16        1      4194304         1024      296267.374   8589934592   8589934592       28.994       28.994
      double    coalesced       16       16        1      8388608          512      295957.641   8589934592   8589934592       29.024       29.024
      double    coalesced       16       16        1     16777216          256      295609.754   8589934592   8589934592       29.058       29.058
      double    coalesced       16       16        1     33554432          128      295495.314   8589934592   8589934592       29.070       29.070
      double    coalesced       16       16        1     67108864           64      295414.684   8589934592   8589934592       29.078       29.078
      double    coalesced       16       16        1    134217728           32      295440.846   8589934592   8589934592       29.075       29.075
      double    coalesced       16       16        1    268435456           16      295349.985   8589934592   8589934592       29.084       29.084
      double    coalesced       16       16        1    536870912            8      295320.042   8589934592   8589934592       29.087       29.087
      double    coalesced       16       16        1   1073741824            4      295333.986   8589934592   8589934592       29.085       29.085
      double    coalesced       16       16        1   2147483648            2      295308.406   8589934592   8589934592       29.088       29.088
      double    coalesced       16       16        1   4293918720            1      295304.412   8587837440   8587837440       29.081       29.081
