        type trial_config ert_flop   unroll  buffers        nsize       trials       microsecs        bytes        flops         GB/s         GF/s
         int    coalesced        7      128        1          512      8388608     6546769.173   8589934592   7516192768        1.312        1.148
         int    coalesced        7      128        1         1024      4194304     3543890.796   8589934592   7516192768        2.424        2.121
         int    coalesced        7      128        1         2048      2097152     1888752.744   8589934592   7516192768        4.548        3.979
         int    coalesced        7      128        1         4096      1048576     1123311.747   8589934592   7516192768        7.647        6.691
         int    coalesced        7      128        1         8192       524288      696090.497   8589934592   7516192768       12.340       10.798
         int    coalesced        7      128        1        16384       262144      511874.425   8589934592   7516192768       16.781       14.684
         int    coalesced        7      128        1        32768       131072      400383.607   8589934592   7516192768       21.454       18.772
         int    coalesced        7      128        1        65536        65536      347134.535   8589934592   7516192768       24.745       21.652
         int    coalesced        7      128        1       131072        32768      322169.920   8589934592   7516192768       26.663       23.330
         int    coalesced        7      128        1       262144        16384      309175.880   8589934592   7516192768       27.783       24.310
         int    coalesced        7      128        1       524288         8192      302626.277   8589934592   7516192768       28.385       24.837
         int    coalesced        7      128        1      1048576         4096      299267.914   8589934592   7516192768       28.703       25.115
         int    coalesced        7      128        1      2097152         2048      297753.566   8589934592   7516192768       28.849       25.243
         int    coalesced        7      128        1      4194304         1024      296895.880   8589934592   7516192768       28.932       25.316
         int    coalesced        7      128        1      8388608          512      296665.851   8589934592   7516192768       28.955       25.336
         int    coalesced        7      128        1     16777216          256      296263.199   8589934592   7516192768       28.994       25.370
         int    coalesced        7      128        1     33554432          128      296126.135   8589934592   7516192768       29.008       25.382
         int    coalesced        7      128        1     67108864           64      296103.552   8589934592   7516192768       29.010       25.384
         int    coalesced        7      128        1    134217728           32      296093.857   8589934592   7516192768       29.011       25.384
         int    coalesced        7      128        1    268435456           16      296057.419   8589934592   7516192768       29.014       25.388
         int    coalesced        7      128        1    536870912            8      296081.310   8589934592   7516192768       29.012       25.386
         int    coalesced        7      128        1   1073741824            4      296061.180   8589934592   7516192768       29.014       25.387
         int    coalesced        7      128        1   2147483648            2      295999.579   8589934592   7516192768       29.020       25.393
         int    coalesced        7      128        1   4293918720            1      295987.003   8587837440   7514357760       29.014       25.387
