        type trial_config ert_flop   unroll  buffers        nsize       trials       microsecs        bytes        flops         GB/s         GF/s
        long    coalesced        8        2        2           32     67108864    55793196.606   4294967296   2147483648        0.077        0.038
        long    coalesced        8        2        2           64     67108864    58190437.684   8589934592   4294967296        0.148        0.074
        long    coalesced        8        2        2          128     67108864    58190456.537  17179869184   8589934592        0.295        0.148
        long    coalesced        8        2        2          256     33554432    29926654.337  17179869184   8589934592        0.574        0.287
        long    coalesced        8        2        2          512     16777216    16886127.346  17179869184   8589934592        1.017        0.509
        long    coalesced        8        2        2         1024      8388608     9352455.733  17179869184   8589934592        1.837        0.918
        long    coalesced        8        2        2         2048      4194304     5681770.604  17179869184   8589934592        3.024        1.512
        long    coalesced        8        2        2         4096      2097152     3409953.268  17179869184   8589934592        5.038        2.519
        long    coalesced        8        2        2         8192      1048576     2291683.971  17179869184   8589934592        7.497        3.748
        long    coalesced        8        2        2        16384       524288     1754029.099  17179869184   8589934592        9.795        4.897
        long    coalesced        8        2        2        32768       262144     1481120.513  17179869184   8589934592       11.599        5.800
        long    coalesced        8        2        2        65536       131072     1337546.672  17179869184   8589934592       12.844        6.422
        long    coalesced        8        2        2       131072        65536     1267401.478  17179869184   8589934592       13.555        6.778
        long    coalesced        8        2        2       262144        32768     1228785.502  17179869184   8589934592       13.981        6.991
        long    coalesced        8        2        2       524288        16384     1211146.589  17179869184   8589934592       14.185        7.092
        long    coalesced        8        2        2      1048576         8192     1201299.056  17179869184   8589934592       14.301        7.151
        long    coalesced        8        2        2      2097152         4096     1196844.151  17179869184   8589934592       14.354        7.177
        long    coalesced        8        2        2      4194304         2048     1194568.286  17179869184   8589934592       14.382        7.191
        long    coalesced        8        2        2      8388608         1024     1193504.365  17179869184   8589934592       14.394        7.197
        long    coalesced        8        2        2     16777216          512     1192916.105  17179869184   8589934592       14.402        7.201
        long    coalesced        8        2        2     33554432          256     1192448.498  17179869184   8589934592       14.407        7.204
        long    coalesced        8        2        2     67108864          128     1192440.156  17179869184   8589934592       14.407        7.204
        long    coalesced        8        2        2    134217728           64     1192283.781  17179869184   8589934592       14.409        7.205
        long    coalesced        8        2        2    268435456           32     1192207.324  17179869184   8589934592       14.410        7.205
        long    coalesced        8        2        2    536870912           16     1192282.634  17179869184   8589934592       14.409        7.205
        long    coalesced        8        2        2   1073741824            8     1192231.620  17179869184   8589934592       14.410        7.205
        long    coalesced        8        2        2   2147483648            4     1192289.518  17179869184   8589934592       14.409        7.205
        long    coalesced        8        2        2   4294967296            2     1192218.079  17179869184   8589934592       14.410        7.205
        long    coalesced        8        2        2   8588886016            1     1192220.871  17177772032   8588886016       14.408        7.204
