        type trial_config ert_flop   unroll  buffers        nsize       trials       microsecs        bytes        flops         GB/s         GF/s
       float    coalesced        1       48        1          192     22369621    82885517.743   8589934464   1073741808        0.104        0.013
       float    coalesced        1       48        1          384     11184810    49718350.230   8589934080   1073741760        0.173        0.022
       float    coalesced        1       48        1          768      5592405    33134980.669   8589934080   1073741760        0.259        0.032
       float    coalesced        1       48        1         1536      2796202    24843282.987   8589932544   1073741568        0.346        0.043
       float    coalesced        1       48        1         3072      1398101    20697359.868   8589932544   1073741568        0.415        0.052
       float    coalesced        1       48        1         6144       699050    18624340.788   8589926400   1073740800        0.461        0.058
       float    coalesced        1       48        1        12288       349525    17587943.834   8589926400   1073740800        0.488        0.061
       float    coalesced        1       48        1        24576       174762    17069674.875   8589901824   1073737728        0.503        0.063
       float    coalesced        1       48        1        49152        87381    16810553.526   8589901824   1073737728        0.511        0.064
       float    coalesced        1       48        1        98304        43690    16680788.122   8589803520   1073725440        0.515        0.064
       float    coalesced        1       48        1       196608        21845    16616051.267   8589803520   1073725440        0.517        0.065
       float    coalesced        1       48        1       393216        10922    16582790.972   8589410304   1073676288        0.518        0.065
       float    coalesced        1       48        1       786432         5461    16566715.193   8589410304   1073676288        0.518        0.065
       float    coalesced        1       48        1      1572864         2730    16555556.341   8587837440   1073479680        0.519        0.065
       float    coalesced        1       48        1      3145728         1365    16551472.363   8587837440   1073479680        0.519        0.065
       float    coalesced        1       48        1      6291456          682    16537439.765   8581545984   1072693248        0.519        0.065
       float    coalesced        1       48        1     12582912          341    16536363.677   8581545984   1072693248        0.519        0.065
       float    coalesced        1       48        1     25165824          170    16487368.641   8556380160   1069547520        0.519        0.065
       float    coalesced        1       48        1     50331648           85    16487066.107   8556380160   1069547520        0.519        0.065
       float    coalesced        1       48        1    100663296           42    16292970.946   8455716864   1056964608        0.519        0.065
       float    coalesced        1       48        1    201326592           21    16292992.923   8455716864   1056964608        0.519        0.065
       float    coalesced        1       48        1    402653184           10    15517048.298   8053063680   1006632960        0.519        0.065
       float    coalesced        1       48        1    805306368            5    15517087.152   8053063680   1006632960        0.519        0.065
       float    coalesced        1       48        1   1610612736            2    12413709.540   6442450944    805306368        0.519        0.065
       float    coalesced        1       48        1   3221225472            1    12413663.249   6442450944    805306368        0.519        0.065
