        type trial_config ert_flop   unroll  buffers        nsize       trials       microsecs        bytes        flops         GB/s         GF/s
       float    coalesced        2        4        0           16      1048576       85605.021     33554432      8388608        0.392        0.098
       float    coalesced        2        4        0           32       524288       45096.769     33554432      8388608        0.744        0.186
       float    coalesced        2        4        0           64       262144       24827.600     33554432      8388608        1.351        0.338
       float    coalesced        2        4        0          128       131072       14736.988     33554432      8388608        2.277        0.569
       float    coalesced        2        4        0          256        65536        9684.728     33554432      8388608        3.465        0.866
       float    coalesced        2        4        0          512        32768        7058.772     33554432      8388608        4.754        1.188
       float    coalesced        2        4        0         1024        16384        5746.132     33554432      8388608        5.839        1.460
       float    coalesced        2        4        0         2048         8192        5124.936     33554432      8388608        6.547        1.637
       float    coalesced        2        4        0         4096         4096        4813.765     33554432      8388608        6.971        1.743
       float    coalesced        2        4        0         8192         2048        4674.445     33554432      8388608        7.178        1.795
       float    coalesced        2        4        0        16384         1024        4543.381     33554432      8388608        7.385        1.846
       float    coalesced        2        4        0        32768         1024        8849.342     67108864     16777216        7.583        1.896
       float    coalesced        2        4        0        65536         1024       17416.322    134217728     33554432        7.706        1.927
       float    coalesced        2        4        0       131072         1024       34476.119    268435456     67108864        7.786        1.947
       float    coalesced        2        4        0       262144         1024       68567.114    536870912    134217728        7.830        1.957
       float    coalesced        2        4        0       524288         1024      136758.795   1073741824    268435456        7.851        1.963
       float    coalesced        2        4        0      1048576         1024      273198.984   2147483648    536870912        7.861        1.965
       float    coalesced        2        4        0      2097152         1024      545999.281   4294967296   1073741824        7.866        1.967
       float    coalesced        2        4        0      4194304         1024     1091654.086   8589934592   2147483648        7.869        1.967
       float    coalesced        2        4        0      8388608         1024     2182859.744  17179869184   4294967296        7.870        1.968
       float    coalesced        2        4        0     16777216         1024     4365241.993  34359738368   8589934592        7.871        1.968
