        type trial_config ert_flop   unroll  buffers        nsize       trials       microsecs        bytes        flops         GB/s         GF/s
       float    coalesced        1        8        0           32       524288       38315.620     33554432      4194304        0.876        0.109
       float    coalesced        1        8        0           64       262144       20375.676     33554432      4194304        1.647        0.206
       float    coalesced        1        8        0          128       131072       11446.976     33554432      4194304        2.931        0.366
       float    coalesced        1        8        0          256        65536        6952.131     33554432      4194304        4.826        0.603
       float    coalesced        1        8        0          512        32768        4752.446     33554432      4194304        7.060        0.883
       float    coalesced        1        8        0         1024        16384        3584.275     33554432      4194304        9.362        1.170
       float    coalesced        1        8        0         2048         8192        3079.218     33554432      4194304       10.897        1.362
       float    coalesced        1        8        0         4096         4096        2762.121     33554432      4194304       12.148        1.519
       float    coalesced        1        8        0         8192         2048        2627.898     33554432      4194304       12.769        1.596
       float    coalesced        1        8        0        16384         1024        2594.888     33554432      4194304       12.931        1.616
       float    coalesced        1        8        0        32768         1024        4769.554     67108864      8388608       14.070        1.759
       float    coalesced        1        8        0        65536         1024        9290.924    134217728     16777216       14.446        1.806
       float    coalesced        1        8        0       131072         1024       18194.186    268435456     33554432       14.754        1.844
       float    coalesced        1        8        0       262144         1024       36043.605    536870912     67108864       14.895        1.862
       float    coalesced        1        8        0       524288         1024       71763.693   1073741824    134217728       14.962        1.870
       float    coalesced        1        8        0      1048576         1024      143175.254   2147483648    268435456       14.999        1.875
       float    coalesced        1        8        0      2097152         1024      285946.184   4294967296    536870912       15.020        1.878
       float    coalesced        1        8        0      4194304         1024      571612.395   8589934592   1073741824       15.028        1.878
       float    coalesced        1        8        0      8388608         1024     1142706.924  17179869184   2147483648       15.034        1.879
       float    coalesced        1        8        0     16777216         1024     2284946.289  34359738368   4294967296       15.037        1.880
