        type trial_config ert_flop   unroll  buffers        nsize       trials       microsecs        bytes        flops         GB/s         GF/s
      double    coalesced        8        2        2           32     67108864    58190569.972   4294967296   2147483648        0.074        0.037
      double    coalesced        8        2        2           64     67108864    59663649.543   8589934592   4294967296        0.144        0.072
      double    coalesced        8        2        2          128     67108864    61613346.231  17179869184   8589934592        0.279        0.139
      double    coalesced        8        2        2          256     33554432    32732308.342  17179869184   8589934592        0.525        0.262
      double    coalesced        8        2        2          512     16777216    18059461.955  17179869184   8589934592        0.951        0.476
      double    coalesced        8        2        2         1024      8388608    10071767.589  17179869184   8589934592        1.706        0.853
      double    coalesced        8        2        2         2048      4194304     5951717.460  17179869184   8589934592        2.887        1.443
      double    coalesced        8        2        2         4096      2097152     3507437.844  17179869184   8589934592        4.898        2.449
      double    coalesced        8        2        2         8192      1048576     2338455.127  17179869184   8589934592        7.347        3.673
      double    coalesced        8        2        2        16384       524288     1736209.087  17179869184   8589934592        9.895        4.948
      double    coalesced        8        2        2        32768       262144     1438150.303  17179869184   8589934592       11.946        5.973
      double    coalesced        8        2        2        65536       131072     1291605.502  17179869184   8589934592       13.301        6.651
      double    coalesced        8        2        2       131072        65536     1215528.407  17179869184   8589934592       14.134        7.067
      double    coalesced        8        2        2       262144        32768     1179995.525  17179869184   8589934592       14.559        7.280
      double    coalesced        8        2        2       524288        16384     1160811.407  17179869184   8589934592       14.800        7.400
      double    coalesced        8        2        2      1048576         8192     1151255.275  17179869184   8589934592       14.923        7.461
      double    coalesced        8        2        2      2097152         4096     1147183.830  17179869184   8589934592       14.976        7.488
      double    coalesced        8        2        2      4194304         2048     1144900.733  17179869184   8589934592       15.006        7.503
      double    coalesced        8        2        2      8388608         1024     1143711.595  17179869184   8589934592       15.021        7.511
      double    coalesced        8        2        2     16777216          512     1143108.645  17179869184   8589934592       15.029        7.515
      double    coalesced        8        2        2     33554432          256     1142936.365  17179869184   8589934592       15.031        7.516
      double    coalesced        8        2        2     67108864          128     1142795.304  17179869184   8589934592       15.033        7.517
      double    coalesced        8        2        2    134217728           64     1142695.333  17179869184   8589934592       15.035        7.517
      double    coalesced        8        2        2    268435456           32     1142664.179  17179869184   8589934592       15.035        7.517
      double    coalesced        8        2        2    536870912           16     1142628.358  17179869184   8589934592       15.035        7.518
      double    coalesced        8        2        2   1073741824            8     1142619.373  17179869184   8589934592       15.036        7.518
      double    coalesced        8        2        2   2147483648            4     1142590.050  17179869184   8589934592       15.036        7.518
      double    coalesced        8        2        2   4294967296            2     1142527.128  17179869184   8589934592       15.037        7.518
      double    coalesced        8        2        2   8588886016            1     1142550.334  17177772032   8588886016       15.035        7.517
