        type trial_config ert_flop   unroll  buffers        nsize       trials       microsecs        bytes        flops         GB/s         GF/s
      double    coalesced        9       32        1          256     16777216    16366356.642   8589934592   4831838208        0.525        0.295
      double    coalesced        9       32        1          512      8388608     8229272.029   8589934592   4831838208        1.044        0.587
      double    coalesced        9       32        1         1024      4194304     4364643.879   8589934592   4831838208        1.968        1.107
      double    coalesced        9       32        1         2048      2097152     2338404.389   8589934592   4831838208        3.673        2.066
      double    coalesced        9       32        1         4096      1048576     1368926.591   8589934592   4831838208        6.275        3.530
      double    coalesced        9       32        1         8192       524288      818701.677   8589934592   4831838208       10.492        5.902
      double    coalesced        9       32        1        16384       262144      549285.870   8589934592   4831838208       15.638        8.797
      double    coalesced        9       32        1        32768       131072      414622.098   8589934592   4831838208       20.718       11.654
      double    coalesced        9       32        1        65536        65536      351148.620   8589934592   4831838208       24.462       13.760
      double    coalesced        9       32        1       131072        32768      320023.789   8589934592   4831838208       26.842       15.098
      double    coalesced        9       32        1       262144        16384      302438.661   8589934592   4831838208       28.402       15.976
      double    coalesced        9       32        1       524288         8192      296900.312   8589934592   4831838208       28.932       16.274
      double    coalesced        9       32        1      1048576         4096      294035.740   8589934592   4831838208       29.214       16.433
      double    coalesced        9       32        1      2097152         2048      292687.022   8589934592   4831838208       29.349       16.509
      double    coalesced        9       32        1      4194304         1024      292105.207   8589934592   4831838208       29.407       16.541
      double    coalesced        9       32        1      8388608          512      291804.861   8589934592   4831838208       29.437       16.558
      double    coalesced        9       32        1     16777216          256      291608.376   8589934592   4831838208       29.457       16.570
      double    coalesced        9       32        1     33554432          128      291529.917   8589934592   4831838208       29.465       16.574
      double    coalesced        9       32        1     67108864           64      291490.333   8589934592   4831838208       29.469       16.576
      double    coalesced        9       32        1    134217728           32      291488.998   8589934592   4831838208       29.469       16.576
      double    coalesced        9       32        1    268435456           16      291518.199   8589934592   4831838208       29.466       16.575
      double    coalesced        9       32        1    536870912            8      291439.741   8589934592   4831838208       29.474       16.579
      double    coalesced        9       32        1   1073741824            4      291493.471   8589934592   4831838208       29.469       16.576
      double    coalesced        9       32        1   2147483648            2      291493.032   8589934592   4831838208       29.469       16.576
      double    coalesced        9       32        1   4293918720            1      291407.289   8587837440   4830658560       29.470       16.577
