        type trial_config ert_flop   unroll  buffers        nsize       trials       microsecs        bytes        flops         GB/s         GF/s
         int    coalesced        2        1        1            4     67108864    34914320.368    536870912    134217728        0.015        0.004
         int    coalesced        2        1        1            8     67108864    34914479.399   1073741824    268435456        0.031        0.008
         int    coalesced        2        1        1           16     67108864    37408236.532   2147483648    536870912        0.057        0.014
         int    coalesced        2        1        1           32     67108864    40285803.153   4294967296   1073741824        0.107        0.027
         int    coalesced        2        1        1           64     67108864    47610332.223   8589934592   2147483648        0.180        0.045
         int    coalesced        2        1        1          128     33554432    27564080.598   8589934592   2147483648        0.312        0.078
         int    coalesced        2        1        1          256     16777216    17457529.117   8589934592   2147483648        0.492        0.123
         int    coalesced        2        1        1          512      8388608    10911110.367   8589934592   2147483648        0.787        0.197
         int    coalesced        2        1        1         1024      4194304     7793739.685   8589934592   2147483648        1.102        0.276
         int    coalesced        2        1        1         2048      2097152     6208221.257   8589934592   2147483648        1.384        0.346
         int    coalesced        2        1        1         4096      1048576     5455861.240   8589934592   2147483648        1.574        0.394
         int    coalesced        2        1        1         8192       524288     4910334.093   8589934592   2147483648        1.749        0.437
         int    coalesced        2        1        1        16384       262144     4773885.704   8589934592   2147483648        1.799        0.450
         int    coalesced        2        1        1        32768       131072     4649962.019   8589934592   2147483648        1.847        0.462
         int    coalesced        2        1        1        65536        65536     4603356.702   8589934592   2147483648        1.866        0.467
         int    coalesced        2        1        1       131072        32768     4571897.745   8589934592   2147483648        1.879        0.470
         int    coalesced        2        1        1       262144        16384     4560825.815   8589934592   2147483648        1.883        0.471
         int    coalesced        2        1        1       524288         8192     4553054.083   8589934592   2147483648        1.887        0.472
         int    coalesced        2        1        1      1048576         4096     4550196.199   8589934592   2147483648        1.888        0.472
         int    coalesced        2        1        1      2097152         2048     4548227.437   8589934592   2147483648        1.889        0.472
         int    coalesced        2        1        1      4194304         1024     4547484.503   8589934592   2147483648        1.889        0.472
         int    coalesced        2        1        1      8388608          512     4547043.795   8589934592   2147483648        1.889        0.472
         int    coalesced        2        1        1     16777216          256     4546864.547   8589934592   2147483648        1.889        0.472
         int    coalesced        2        1        1     33554432          128     4546696.963   8589934592   2147483648        1.889        0.472
         int    coalesced        2        1        1     67108864           64     4546628.717   8589934592   2147483648        1.889        0.472
         int    coalesced        2        1        1    134217728           32     4546533.651   8589934592   2147483648        1.889        0.472
         int    coalesced        2        1        1    268435456           16     4546597.371   8589934592   2147483648        1.889        0.472
         int    coalesced        2        1        1    536870912            8     4546647.507   8589934592   2147483648        1.889        0.472
         int    coalesced        2        1        1   1073741824            4     4546585.991   8589934592   2147483648        1.889        0.472
         int    coalesced        2        1        1   2147483648            2     4546635.618   8589934592   2147483648        1.889        0.472
         int    coalesced        2        1        1   4293918720            1     4545535.195   8587837440   2146959360        1.889        0.472
