        type trial_config ert_flop   unroll  buffers        nsize       trials       microsecs        bytes        flops         GB/s         GF/s
        long    coalesced       12       16        2          256     33554432    56478562.300  17179869184  12884901888        0.304        0.228
        long    coalesced       12       16        2          512     16777216    29095229.764  17179869184  12884901888        0.590        0.443
        long    coalesced       12       16        2         1024      8388608    15107449.779  17179869184  12884901888        1.137        0.853
        long    coalesced       12       16        2         2048      4194304     8183431.534  17179869184  12884901888        2.099        1.575
        long    coalesced       12       16        2         4096      2097152     4118870.854  17179869184  12884901888        4.171        3.128
        long    coalesced       12       16        2         8192      1048576     2375003.845  17179869184  12884901888        7.234        5.425
        long    coalesced       12       16        2        16384       524288     1497657.015  17179869184  12884901888       11.471        8.603
        long    coalesced       12       16        2        32768       262144     1052683.050  17179869184  12884901888       16.320       12.240
        long    coalesced       12       16        2        65536       131072      837401.810  17179869184  12884901888       20.516       15.387
        long    coalesced       12       16        2       131072        65536      727246.065  17179869184  12884901888       23.623       17.717
        long    coalesced       12       16        2       262144        32768      670710.233  17179869184  12884901888       25.614       19.211
        long    coalesced       12       16        2       524288        16384      642572.182  17179869184  12884901888       26.736       20.052
        long    coalesced       12       16        2      1048576         8192      628524.494  17179869184  12884901888       27.334       20.500
        long    coalesced       12       16        2      2097152         4096      621497.686  17179869184  12884901888       27.643       20.732
        long    coalesced       12       16        2      4194304         2048      617940.947  17179869184  12884901888       27.802       20.851
        long    coalesced       12       16        2      8388608         1024      616145.777  17179869184  12884901888       27.883       20.912
        long    coalesced       12       16        2     16777216          512      615239.270  17179869184  12884901888       27.924       20.943
        long    coalesced       12       16        2     33554432          256      614849.975  17179869184  12884901888       27.942       20.956
        long    coalesced       12       16        2     67108864          128      614645.065  17179869184  12884901888       27.951       20.963
        long    coalesced       12       16        2    134217728           64      614552.297  17179869184  12884901888       27.955       20.966
        long    coalesced       12       16        2    268435456           32      614452.855  17179869184  12884901888       27.960       20.970
        long    coalesced       12       16        2    536870912           16      614461.078  17179869184  12884901888       27.959       20.969
        long    coalesced       12       16        2   1073741824            8      614345.628  17179869184  12884901888       27.965       20.973
        long    coalesced       12       16        2   2147483648            4      614414.068  17179869184  12884901888       27.961       20.971
        long    coalesced       12       16        2   4294967296            2      614437.310  17179869184  12884901888       27.960       20.970
        long    coalesced       12       16        2   8588886016            1      614309.650  17177772032  12883329024       27.963       20.972
