        type trial_config ert_flop   unroll  buffers        nsize       trials       microsecs        bytes        flops         GB/s         GF/s
       float    coalesced       45       64        1          256     16777216    13544687.428   8589934592  48318382080        0.634        3.567
       float    coalesced       45       64        1          512      8388608     7274123.931   8589934592  48318382080        1.181        6.643
       float    coalesced       45       64        1         1024      4194304     3682704.446   8589934592  48318382080        2.333       13.120
       float    coalesced       45       64        1         2048      2097152     2046147.318   8589934592  48318382080        4.198       23.614
       float    coalesced       45       64        1         4096      1048576     1169373.231   8589934592  48318382080        7.346       41.320
       float    coalesced       45       64        1         8192       524288      700941.671   8589934592  48318382080       12.255       68.934
       float    coalesced       45       64        1        16384       262144      491337.505   8589934592  48318382080       17.483       98.341
       float    coalesced       45       64        1        32768       131072      378923.506   8589934592  48318382080       22.669      127.515
       float    coalesced       45       64        1        65536        65536      324477.734   8589934592  48318382080       26.473      148.911
       float    coalesced       45       64        1       131072        32768      297458.349   8589934592  48318382080       28.878      162.437
       float    coalesced       45       64        1       262144        16384      294499.642   8589934592  48318382080       29.168      164.069
       float    coalesced       45       64        1       524288         8192      289058.334   8589934592  48318382080       29.717      167.158
       float    coalesced       45       64        1      1048576         4096      287436.900   8589934592  48318382080       29.885      168.101
       float    coalesced       45       64        1      2097152         2048      286272.979   8589934592  48318382080       30.006      168.784
       float    coalesced       45       64        1      4194304         1024      285711.225   8589934592  48318382080       30.065      169.116
       float    coalesced       45       64        1      8388608          512      285532.093   8589934592  48318382080       30.084      169.222
       float    coalesced       45       64        1     16777216          256      285405.264   8589934592  48318382080       30.097      169.297
       float    coalesced       45       64        1     33554432          128      285315.683   8589934592  48318382080       30.107      169.351
       float    coalesced       45       64        1     67108864           64      285289.978   8589934592  48318382080       30.109      169.366
       float    coalesced       45       64        1    134217728           32      285227.895   8589934592  48318382080       30.116      169.403
       float    coalesced       45       64        1    268435456           16      285247.981   8589934592  48318382080       30.114      169.391
       float    coalesced       45       64        1    536870912            8      285233.939   8589934592  48318382080       30.115      169.399
       float    coalesced       45       64        1   1073741824            4      285254.940   8589934592  48318382080       30.113      169.387
       float    coalesced       45       64        1   2147483648            2      285274.896   8589934592  48318382080       30.111      169.375
       float    coalesced       45       64        1   4293918720            1      285231.455   8587837440  48306585600       30.108      169.359
