        type trial_config ert_flop   unroll  buffers        nsize       trials       microsecs        bytes        flops         GB/s         GF/s
         int    coalesced        8        4        2           32     67108864    50000293.268   4294967296   4294967296        0.086        0.086
         int    coalesced        8        4        2           64     67108864    52371357.364   8589934592   8589934592        0.164        0.164
         int    coalesced        8        4        2          128     67108864    52371412.062  17179869184  17179869184        0.328        0.328
         int    coalesced        8        4        2          256     33554432    28206710.873  17179869184  17179869184        0.609        0.609
         int    coalesced        8        4        2          512     16777216    16274087.243  17179869184  17179869184        1.056        1.056
         int    coalesced        8        4        2         1024      8388608     9029963.746  17179869184  17179869184        1.903        1.903
         int    coalesced        8        4        2         2048      4194304     5455830.738  17179869184  17179869184        3.149        3.149
         int    coalesced        8        4        2         4096      2097152     3273662.759  17179869184  17179869184        5.248        5.248
         int    coalesced        8        4        2         8192      1048576     2232196.570  17179869184  17179869184        7.696        7.696
         int    coalesced        8        4        2        16384       524288     1705264.374  17179869184  17179869184       10.075       10.075
         int    coalesced        8        4        2        32768       262144     1436339.762  17179869184  17179869184       11.961       11.961
         int    coalesced        8        4        2        65536       131072     1309688.774  17179869184  17179869184       13.118       13.118
         int    coalesced        8        4        2       131072        65536     1240582.245  17179869184  17179869184       13.848       13.848
         int    coalesced        8        4        2       262144        32768     1204620.462  17179869184  17179869184       14.262       14.262
         int    coalesced        8        4        2       524288        16384     1187108.089  17179869184  17179869184       14.472       14.472
         int    coalesced        8        4        2      1048576         8192     1178321.290  17179869184  17179869184       14.580       14.580
         int    coalesced        8        4        2      2097152         4096     1173855.035  17179869184  17179869184       14.635       14.635
         int    coalesced        8        4        2      4194304         2048     1171750.667  17179869184  17179869184       14.662       14.662
         int    coalesced        8        4        2      8388608         1024     1170578.550  17179869184  17179869184       14.676       14.676
         int    coalesced        8        4        2     16777216          512     1170070.278  17179869184  17179869184       14.683       14.683
         int    coalesced        8        4        2     33554432          256     1169740.264  17179869184  17179869184       14.687       14.687
         int    coalesced        8        4        2     67108864          128     1169657.078  17179869184  17179869184       14.688       14.688
         int    coalesced        8        4        2    134217728           64     1169612.945  17179869184  17179869184       14.689       14.689
         int    coalesced        8        4        2    268435456           32     1169573.740  17179869184  17179869184       14.689       14.689
         int    coalesced        8        4        2    536870912           16     1169576.961  17179869184  17179869184       14.689       14.689
         int    coalesced        8        4        2   1073741824            8     1169428.290  17179869184  17179869184       14.691       14.691
         int    coalesced        8        4        2   2147483648            4     1169502.918  17179869184  17179869184       14.690       14.690
         int    coalesced        8        4        2   4294967296            2     1169522.668  17179869184  17179869184       14.690       14.690
         int    coalesced        8        4        2   8588886016            1     1169284.372  17177772032  17177772032       14.691       14.691
