        type trial_config ert_flop   unroll  buffers        nsize       trials       microsecs        bytes        flops         GB/s         GF/s
       float    coalesced       16        4        2           32     67108864    40285954.772   4294967296   8589934592        0.107        0.213
       float    coalesced       16        4        2           64     67108864    40285933.260   8589934592  17179869184        0.213        0.426
       float    coalesced       16        4        2          128     67108864    43642985.877  17179869184  34359738368        0.394        0.787
       float    coalesced       16        4        2          256     33554432    23805514.270  17179869184  34359738368        0.722        1.443
       float    coalesced       16        4        2          512     16777216    13259356.700  17179869184  34359738368        1.296        2.591
       float    coalesced       16        4        2         1024      8388608     7939483.792  17179869184  34359738368        2.164        4.328
       float    coalesced       16        4        2         2048      4194304     4935372.461  17179869184  34359738368        3.481        6.962
       float    coalesced       16        4        2         4096      2097152     3069082.488  17179869184  34359738368        5.598       11.195
       float    coalesced       16        4        2         8192      1048576     2159224.110  17179869184  34359738368        7.957       15.913
       float    coalesced       16        4        2        16384       524288     1705281.363  17179869184  34359738368       10.075       20.149
       float    coalesced       16        4        2        32768       262144     1481639.469  17179869184  34359738368       11.595       23.190
       float    coalesced       16        4        2        65536       131072     1364347.617  17179869184  34359738368       12.592       25.184
       float    coalesced       16        4        2       131072        65536     1306987.234  17179869184  34359738368       13.145       26.289
       float    coalesced       16        4        2       262144        32768     1279085.168  17179869184  34359738368       13.431       26.863
       float    coalesced       16        4        2       524288        16384     1262599.325  17179869184  34359738368       13.607       27.213
       float    coalesced       16        4        2      1048576         8192     1255034.783  17179869184  34359738368       13.689       27.378
       float    coalesced       16        4        2      2097152         4096     1251268.907  17179869184  34359738368       13.730       27.460
       float    coalesced       16        4        2      4194304         2048     1249478.650  17179869184  34359738368       13.750       27.499
       float    coalesced       16        4        2      8388608         1024     1248559.782  17179869184  34359738368       13.760       27.519
       float    coalesced       16        4        2     16777216          512     1248095.917  17179869184  34359738368       13.765       27.530
       float    coalesced       16        4        2     33554432          256     1247875.355  17179869184  34359738368       13.767       27.535
       float    coalesced       16        4        2     67108864          128     1247728.018  17179869184  34359738368       13.769       27.538
       float    coalesced       16        4        2    134217728           64     1247651.534  17179869184  34359738368       13.770       27.540
       float    coalesced       16        4        2    268435456           32     1247688.054  17179869184  34359738368       13.769       27.539
       float    coalesced       16        4        2    536870912           16     1247633.731  17179869184  34359738368       13.770       27.540
       float    coalesced       16        4        2   1073741824            8     1247633.424  17179869184  34359738368       13.770       27.540
       float    coalesced       16        4        2   2147483648            4     1247616.802  17179869184  34359738368       13.770       27.540
       float    coalesced       16        4        2   4294967296            2     1247561.148  17179869184  34359738368       13.771       27.542
       float    coalesced       16        4        2   8588886016            1     1247464.419  17177772032  34355544064       13.770       27.540
