        type trial_config ert_flop   unroll  buffers        nsize       trials       microsecs        bytes        flops         GB/s         GF/s
       float    coalesced        2       16        0           64       262144       22731.524     33554432      8388608        1.476        0.369
       float    coalesced        2       16        0          128       131072       12094.793     33554432      8388608        2.774        0.694
       float    coalesced        2       16        0          256        65536        6770.756     33554432      8388608        4.956        1.239
       float    coalesced        2       16        0          512        32768        4098.082     33554432      8388608        8.188        2.047
       float    coalesced        2       16        0         1024        16384        2740.118     33554432      8388608       12.246        3.061
       float    coalesced        2       16        0         2048         8192        2049.247     33554432      8388608       16.374        4.094
       float    coalesced        2       16        0         4096         4096        1713.014     33554432      8388608       19.588        4.897
       float    coalesced        2       16        0         8192         2048        1582.492     33554432      8388608       21.204        5.301
       float    coalesced        2       16        0        16384         1024        1461.165     33554432      8388608       22.964        5.741
       float    coalesced        2       16        0        32768         1024        2561.740     67108864     16777216       26.197        6.549
       float    coalesced        2       16        0        65536         1024        4710.374    134217728     33554432       28.494        7.124
       float    coalesced        2       16        0       131072         1024        8928.957    268435456     67108864       30.063        7.516
       float    coalesced        2       16        0       262144         1024       17469.726    536870912    134217728       30.732        7.683
       float    coalesced        2       16        0       524288         1024       34460.571   1073741824    268435456       31.159        7.790
       float    coalesced        2       16        0      1048576         1024       68441.889   2147483648    536870912       31.377        7.844
       float    coalesced        2       16        0      2097152         1024      136334.622   4294967296   1073741824       31.503        7.876
       float    coalesced        2       16        0      4194304         1024      272166.459   8589934592   2147483648       31.561        7.890
       float    coalesced        2       16        0      8388608         1024      543904.901  17179869184   4294967296       31.586        7.897
       float    coalesced        2       16        0     16777216         1024     1087238.703  34359738368   8589934592       31.603        7.901
