        type trial_config ert_flop   unroll  buffers        nsize       trials       microsecs        bytes        flops         GB/s         GF/s
       float    coalesced        4        2        1            8     67108864    30806911.425   1073741824    536870912        0.035        0.017
       float    coalesced        4        2        1           16     67108864    32732171.796   2147483648   1073741824        0.066        0.033
       float    coalesced        4        2        1           32     67108864    34794464.916   4294967296   2147483648        0.123        0.062
       float    coalesced        4        2        1           64     67108864    37408220.757   8589934592   4294967296        0.230        0.115
       float    coalesced        4        2        1          128     33554432    21821737.848   8589934592   4294967296        0.394        0.197
       float    coalesced        4        2        1          256     16777216    13093291.832   8589934592   4294967296        0.656        0.328
       float    coalesced        4        2        1          512      8388608     8539300.077   8589934592   4294967296        1.006        0.503
       float    coalesced        4        2        1         1024      4194304     5455835.874   8589934592   4294967296        1.574        0.787
       float    coalesced        4        2        1         2048      2097152     4092013.175   8589934592   4294967296        2.099        1.050
       float    coalesced        4        2        1         4096      1048576     3069130.945   8589934592   4294967296        2.799        1.399
       float    coalesced        4        2        1         8192       524288     2728095.011   8589934592   4294967296        3.149        1.574
       float    coalesced        4        2        1        16384       262144     2484482.839   8589934592   4294967296        3.457        1.729
       float    coalesced        4        2        1        32768       131072     2387105.402   8589934592   4294967296        3.598        1.799
       float    coalesced        4        2        1        65536        65536     2338431.219   8589934592   4294967296        3.673        1.837
       float    coalesced        4        2        1       131072        32768     2338322.714   8589934592   4294967296        3.674        1.837
       float    coalesced        4        2        1       262144        16384     2338334.147   8589934592   4294967296        3.674        1.837
       float    coalesced        4        2        1       524288         8192     2338438.857   8589934592   4294967296        3.673        1.837
       float    coalesced        4        2        1      1048576         4096     2338445.213   8589934592   4294967296        3.673        1.837
       float    coalesced        4        2        1      2097152         2048     2338513.897   8589934592   4294967296        3.673        1.837
       float    coalesced        4        2        1      4194304         1024     2338565.394   8589934592   4294967296        3.673        1.837
       float    coalesced        4        2        1      8388608          512     2338583.046   8589934592   4294967296        3.673        1.837
       float    coalesced        4        2        1     16777216          256     2338557.311   8589934592   4294967296        3.673        1.837
       float    coalesced        4        2        1     33554432          128     2338366.154   8589934592   4294967296        3.673        1.837
       float    coalesced        4        2        1     67108864           64     2338484.760   8589934592   4294967296        3.673        1.837
       float    coalesced        4        2        1    134217728           32     2338509.245   8589934592   4294967296        3.673        1.837
       float    coalesced        4        2        1    268435456           16     2338509.760   8589934592   4294967296        3.673        1.837
       float    coalesced        4        2        1    536870912            8     2338486.526   8589934592   4294967296        3.673        1.837
       float    coalesced        4        2        1   1073741824            4     2338437.799   8589934592   4294967296        3.673        1.837
       float    coalesced        4        2        1   2147483648            2     2338510.424   8589934592   4294967296        3.673        1.837
       float    coalesced        4        2        1   4293918720            1     2337852.158   8587837440   4293918720        3.673        1.837
