        type trial_config ert_flop   unroll  buffers        nsize       trials       microsecs        bytes        flops         GB/s         GF/s
       float    coalesced       21       64        2          512     16777216    10911244.950  17179869184  45097156608        1.575        4.133
       float    coalesced       21       64        2         1024      8388608     5951845.268  17179869184  45097156608        2.886        7.577
       float    coalesced       21       64        2         2048      4194304     3388446.856  17179869184  45097156608        5.070       13.309
       float    coalesced       21       64        2         4096      2097152     1925861.139  17179869184  45097156608        8.921       23.417
       float    coalesced       21       64        2         8192      1048576     1259386.981  17179869184  45097156608       13.641       35.809
       float    coalesced       21       64        2        16384       524288      901844.164  17179869184  45097156608       19.050       50.005
       float    coalesced       21       64        2        32768       262144      740051.442  17179869184  45097156608       23.214       60.938
       float    coalesced       21       64        2        65536       131072      661210.589  17179869184  45097156608       25.982       68.204
       float    coalesced       21       64        2       131072        65536      614203.467  17179869184  45097156608       27.971       73.424
       float    coalesced       21       64        2       262144        32768      597150.882  17179869184  45097156608       28.770       75.521
       float    coalesced       21       64        2       524288        16384      581773.085  17179869184  45097156608       29.530       77.517
       float    coalesced       21       64        2      1048576         8192      575963.169  17179869184  45097156608       29.828       78.299
       float    coalesced       21       64        2      2097152         4096      573793.858  17179869184  45097156608       29.941       78.595
       float    coalesced       21       64        2      4194304         2048      572325.206  17179869184  45097156608       30.018       78.796
       float    coalesced       21       64        2      8388608         1024      571634.340  17179869184  45097156608       30.054       78.892
       float    coalesced       21       64        2     16777216          512      571292.817  17179869184  45097156608       30.072       78.939
       float    coalesced       21       64        2     33554432          256      571088.346  17179869184  45097156608       30.083       78.967
       float    coalesced       21       64        2     67108864          128      571025.255  17179869184  45097156608       30.086       78.976
       float    coalesced       21       64        2    134217728           64      570941.868  17179869184  45097156608       30.090       78.987
       float    coalesced       21       64        2    268435456           32      570940.351  17179869184  45097156608       30.090       78.988
       float    coalesced       21       64        2    536870912           16      570978.360  17179869184  45097156608       30.088       78.982
       float    coalesced       21       64        2   1073741824            8      571081.768  17179869184  45097156608       30.083       78.968
       float    coalesced       21       64        2   2147483648            4      570974.854  17179869184  45097156608       30.089       78.983
       float    coalesced       21       64        2   4294967296            2      571039.770  17179869184  45097156608       30.085       78.974
       float    coalesced       21       64        2   8588886016            1     1141658.265  17177772032  45091651584       15.046       39.497
