        type trial_config ert_flop   unroll  buffers        nsize       trials       microsecs        bytes        flops         GB/s         GF/s
       float    coalesced        1       64        2          512     16777216     8183459.126  17179869184   2147483648        2.099        0.262
       float    coalesced        1       64        2         1024      8388608     4676684.586  17179869184   2147483648        3.674        0.459
       float    coalesced        1       64        2         2048      4194304     2657401.638  17179869184   2147483648        6.465        0.808
       float    coalesced        1       64        2         4096      2097152     1488396.201  17179869184   2147483648       11.543        1.443
       float    coalesced        1       64        2         8192      1048576     1023464.581  17179869184   2147483648       16.786        2.098
       float    coalesced        1       64        2        16384       524288      818581.001  17179869184   2147483648       20.987        2.623
       float    coalesced        1       64        2        32768       262144      682353.938  17179869184   2147483648       25.177        3.147
       float    coalesced        1       64        2        65536       131072      629986.914  17179869184   2147483648       27.270        3.409
       float    coalesced        1       64        2       131072        65536      591911.551  17179869184   2147483648       29.024        3.628
       float    coalesced        1       64        2       262144        32768      576976.513  17179869184   2147483648       29.776        3.722
       float    coalesced        1       64        2       524288        16384      571215.293  17179869184   2147483648       30.076        3.759
       float    coalesced        1       64        2      1048576         8192      567510.117  17179869184   2147483648       30.272        3.784
       float    coalesced        1       64        2      2097152         4096      565853.322  17179869184   2147483648       30.361        3.795
       float    coalesced        1       64        2      4194304         2048      565009.100  17179869184   2147483648       30.406        3.801
       float    coalesced        1       64        2      8388608         1024      564487.834  17179869184   2147483648       30.434        3.804
       float    coalesced        1       64        2     16777216          512      564429.242  17179869184   2147483648       30.438        3.805
       float    coalesced        1       64        2     33554432          256      564211.659  17179869184   2147483648       30.449        3.806
       float    coalesced        1       64        2     67108864          128      564161.506  17179869184   2147483648       30.452        3.807
       float    coalesced        1       64        2    134217728           64      564161.324  17179869184   2147483648       30.452        3.807
       float    coalesced        1       64        2    268435456           32      564191.881  17179869184   2147483648       30.450        3.806
       float    coalesced        1       64        2    536870912           16      564180.917  17179869184   2147483648       30.451        3.806
       float    coalesced        1       64        2   1073741824            8      564119.862  17179869184   2147483648       30.454        3.807
       float    coalesced        1       64        2   2147483648            4      564122.522  17179869184   2147483648       30.454        3.807
       float    coalesced        1       64        2   4294967296            2      564209.580  17179869184   2147483648       30.449        3.806
       float    coalesced        1       64        2   8588886016            1     1130217.374  17177772032   2147221504       15.199        1.900
