        type trial_config ert_flop   unroll  buffers        nsize       trials       microsecs        bytes        flops         GB/s         GF/s
       float    coalesced        8        1        2            8     16777216     8380893.439    268435456    268435456        0.032        0.032
       float    coalesced        8        1        2           16     16777216     8732383.234    536870912    536870912        0.061        0.061
       float    coalesced        8        1        2           32     16777216     9352439.644   1073741824   1073741824        0.115        0.115
       float    coalesced        8        1        2           64     16777216    10071791.239   2147483648   2147483648        0.213        0.213
       float    coalesced        8        1        2          128     16777216    11903018.422   4294967296   4294967296        0.361        0.361
       float    coalesced        8        1        2          256     16777216    14547982.944   8589934592   8589934592        0.590        0.590
       float    coalesced        8        1        2          512     16777216    17854145.228  17179869184  17179869184        0.962        0.962
       float    coalesced        8        1        2         1024      8388608    11385441.435  17179869184  17179869184        1.509        1.509
       float    coalesced        8        1        2         2048      4194304     8183470.544  17179869184  17179869184        2.099        2.099
       float    coalesced        8        1        2         4096      2097152     6739371.867  17179869184  17179869184        2.549        2.549
       float    coalesced        8        1        2         8192      1048576     5910428.973  17179869184  17179869184        2.907        2.907
       float    coalesced        8        1        2        16384       524288     5455789.263  17179869184  17179869184        3.149        3.149
       float    coalesced        8        1        2        32768       262144     5275586.332  17179869184  17179869184        3.256        3.256
       float    coalesced        8        1        2        65536       131072     5156310.857  17179869184  17179869184        3.332        3.332
       float    coalesced        8        1        2       131072        65536     5114590.720  17179869184  17179869184        3.359        3.359
       float    coalesced        8        1        2       262144        32768     5079220.247  17179869184  17179869184        3.382        3.382
       float    coalesced        8        1        2       524288        16384     5060835.195  17179869184  17179869184        3.395        3.395
       float    coalesced        8        1        2      1048576         8192     5052564.717  17179869184  17179869184        3.400        3.400
       float    coalesced        8        1        2      2097152         4096     5048628.778  17179869184  17179869184        3.403        3.403
       float    coalesced        8        1        2      4194304         2048     5045988.666  17179869184  17179869184        3.405        3.405
       float    coalesced        8        1        2      8388608         1024     5044789.965  17179869184  17179869184        3.405        3.405
       float    coalesced        8        1        2     16777216          512     5044138.117  17179869184  17179869184        3.406        3.406
       float    coalesced        8        1        2     33554432          256     5043889.857  17179869184  17179869184        3.406        3.406
       float    coalesced        8        1        2     67108864          128     5043659.019  17179869184  17179869184        3.406        3.406
       float    coalesced        8        1        2    134217728           64     5043658.941  17179869184  17179869184        3.406        3.406
       float    coalesced        8        1        2    268435456           32     5043723.858  17179869184  17179869184        3.406        3.406
       float    coalesced        8        1        2    536870912           16     5043693.426  17179869184  17179869184        3.406        3.406
       float    coalesced        8        1        2   1073741824            8     5043719.724  17179869184  17179869184        3.406        3.406
       float    coalesced        8        1        2   2147483648            4     5043643.444  17179869184  17179869184        3.406        3.406
       float    coalesced        8        1        2   4294967296            2     5043794.649  17179869184  17179869184        3.406        3.406
       float    coalesced        8        1        2   8588886016            1     5007646.796  17177772032  17177772032        3.430        3.430
