        type trial_config ert_flop   unroll  buffers        nsize       trials       microsecs        bytes        flops         GB/s         GF/s
       float    coalesced        1       16        2          128     67108864    30807089.557  17179869184   2147483648        0.558        0.070
       float    coalesced        1       16        2          256     33554432    15403669.826  17179869184   2147483648        1.115        0.139
       float    coalesced        1       16        2          512     16777216     8382943.977  17179869184   2147483648        2.049        0.256
       float    coalesced        1       16        2         1024      8388608     4676458.718  17179869184   2147483648        3.674        0.459
       float    coalesced        1       16        2         2048      4194304     2820123.002  17179869184   2147483648        6.092        0.761
       float    coalesced        1       16        2         4096      2097152     1585395.703  17179869184   2147483648       10.836        1.355
       float    coalesced        1       16        2         8192      1048576     1073960.871  17179869184   2147483648       15.997        2.000
       float    coalesced        1       16        2        16384       524288      818754.237  17179869184   2147483648       20.983        2.623
       float    coalesced        1       16        2        32768       262144      682404.626  17179869184   2147483648       25.175        3.147
       float    coalesced        1       16        2        65536       131072      639639.545  17179869184   2147483648       26.859        3.357
       float    coalesced        1       16        2       131072        65536      597010.183  17179869184   2147483648       28.777        3.597
       float    coalesced        1       16        2       262144        32768      581541.167  17179869184   2147483648       29.542        3.693
       float    coalesced        1       16        2       524288        16384      575844.240  17179869184   2147483648       29.834        3.729
       float    coalesced        1       16        2      1048576         8192      573054.923  17179869184   2147483648       29.979        3.747
       float    coalesced        1       16        2      2097152         4096      571382.176  17179869184   2147483648       30.067        3.758
       float    coalesced        1       16        2      4194304         2048      570605.029  17179869184   2147483648       30.108        3.764
       float    coalesced        1       16        2      8388608         1024      570128.735  17179869184   2147483648       30.133        3.767
       float    coalesced        1       16        2     16777216          512      569846.418  17179869184   2147483648       30.148        3.769
       float    coalesced        1       16        2     33554432          256      569842.952  17179869184   2147483648       30.148        3.769
       float    coalesced        1       16        2     67108864          128      569735.309  17179869184   2147483648       30.154        3.769
       float    coalesced        1       16        2    134217728           64      569595.338  17179869184   2147483648       30.162        3.770
       float    coalesced        1       16        2    268435456           32      569769.797  17179869184   2147483648       30.152        3.769
       float    coalesced        1       16        2    536870912           16      569568.712  17179869184   2147483648       30.163        3.770
       float    coalesced        1       16        2   1073741824            8      569581.547  17179869184   2147483648       30.162        3.770
       float    coalesced        1       16        2   2147483648            4      569553.918  17179869184   2147483648       30.164        3.770
       float    coalesced        1       16        2   4294967296            2      569756.280  17179869184   2147483648       30.153        3.769
       float    coalesced        1       16        2   8588886016            1     1130777.787  17177772032   2147221504       15.191        1.899
