        type trial_config ert_flop   unroll  buffers        nsize       trials       microsecs        bytes        flops         GB/s         GF/s
       float    coalesced        1        4        2           32     67108864    30806846.702   4294967296    536870912        0.139        0.017
       float    coalesced        1        4        2           64     67108864    30806853.459   8589934592   1073741824        0.279        0.035
       float    coalesced        1        4        2          128     67108864    32732293.180  17179869184   2147483648        0.525        0.066
       float    coalesced        1        4        2          256     33554432    18704383.731  17179869184   2147483648        0.918        0.115
       float    coalesced        1        4        2          512     16777216    10911123.913  17179869184   2147483648        1.575        0.197
       float    coalesced        1        4        2         1024      8388608     6546824.045  17179869184   2147483648        2.624        0.328
       float    coalesced        1        4        2         2048      4194304     4133874.400  17179869184   2147483648        4.156        0.519
       float    coalesced        1        4        2         4096      2097152     2728089.801  17179869184   2147483648        6.297        0.787
       float    coalesced        1        4        2         8192      1048576     2046149.352  17179869184   2147483648        8.396        1.050
       float    coalesced        1        4        2        16384       524288     1637010.047  17179869184   2147483648       10.495        1.312
       float    coalesced        1        4        2        32768       262144     1412545.562  17179869184   2147483648       12.162        1.520
       float    coalesced        1        4        2        65536       131072     1333276.344  17179869184   2147483648       12.885        1.611
       float    coalesced        1        4        2       131072        65536     1285112.968  17179869184   2147483648       13.368        1.671
       float    coalesced        1        4        2       262144        32768     1265134.029  17179869184   2147483648       13.579        1.697
       float    coalesced        1        4        2       524288        16384     1253113.231  17179869184   2147483648       13.710        1.714
       float    coalesced        1        4        2      1048576         8192     1247103.557  17179869184   2147483648       13.776        1.722
       float    coalesced        1        4        2      2097152         4096     1244953.827  17179869184   2147483648       13.800        1.725
       float    coalesced        1        4        2      4194304         2048     1243611.854  17179869184   2147483648       13.814        1.727
       float    coalesced        1        4        2      8388608         1024     1242946.090  17179869184   2147483648       13.822        1.728
       float    coalesced        1        4        2     16777216          512     1242636.077  17179869184   2147483648       13.825        1.728
       float    coalesced        1        4        2     33554432          256     1242396.830  17179869184   2147483648       13.828        1.729
       float    coalesced        1        4        2     67108864          128     1242337.981  17179869184   2147483648       13.829        1.729
       float    coalesced        1        4        2    134217728           64     1242371.931  17179869184   2147483648       13.828        1.729
       float    coalesced        1        4        2    268435456           32     1242340.790  17179869184   2147483648       13.829        1.729
       float    coalesced        1        4        2    536870912           16     1242343.828  17179869184   2147483648       13.829        1.729
       float    coalesced        1        4        2   1073741824            8     1242353.569  17179869184   2147483648       13.828        1.729
       float    coalesced        1        4        2   2147483648            4     1242319.798  17179869184   2147483648       13.829        1.729
       float    coalesced        1        4        2   4294967296            2     1242458.151  17179869184   2147483648       13.827        1.728
       float    coalesced        1        4        2   8588886016            1     1485266.695  17177772032   2147221504       11.565        1.446
