        type trial_config ert_flop   unroll  buffers        nsize       trials       microsecs        bytes        flops         GB/s         GF/s
       float    coalesced        1       32        2          256     33554432    15403662.765  17179869184   2147483648        1.115        0.139
       float    coalesced        1       32        2          512     16777216     8728936.749  17179869184   2147483648        1.968        0.246
       float    coalesced        1       32        2         1024      8388608     4676447.623  17179869184   2147483648        3.674        0.459
       float    coalesced        1       32        2         2048      4194304     2728119.623  17179869184   2147483648        6.297        0.787
       float    coalesced        1       32        2         4096      2097152     1566414.525  17179869184   2147483648       10.968        1.371
       float    coalesced        1       32        2         8192      1048576     1061477.709  17179869184   2147483648       16.185        2.023
       float    coalesced        1       32        2        16384       524288      818842.021  17179869184   2147483648       20.981        2.623
       float    coalesced        1       32        2        32768       262144      682515.474  17179869184   2147483648       25.171        3.146
       float    coalesced        1       32        2        65536       131072      642564.884  17179869184   2147483648       26.736        3.342
       float    coalesced        1       32        2       131072        65536      607576.195  17179869184   2147483648       28.276        3.535
       float    coalesced        1       32        2       262144        32768      588704.162  17179869184   2147483648       29.183        3.648
       float    coalesced        1       32        2       524288        16384      578660.029  17179869184   2147483648       29.689        3.711
       float    coalesced        1       32        2      1048576         8192      574728.380  17179869184   2147483648       29.892        3.737
       float    coalesced        1       32        2      2097152         4096      571420.584  17179869184   2147483648       30.065        3.758
       float    coalesced        1       32        2      4194304         2048      570221.387  17179869184   2147483648       30.128        3.766
       float    coalesced        1       32        2      8388608         1024      569551.863  17179869184   2147483648       30.164        3.770
       float    coalesced        1       32        2     16777216          512      569273.033  17179869184   2147483648       30.179        3.772
       float    coalesced        1       32        2     33554432          256      569061.685  17179869184   2147483648       30.190        3.774
       float    coalesced        1       32        2     67108864          128      569090.125  17179869184   2147483648       30.188        3.774
       float    coalesced        1       32        2    134217728           64      568976.212  17179869184   2147483648       30.194        3.774
       float    coalesced        1       32        2    268435456           32      568917.905  17179869184   2147483648       30.197        3.775
       float    coalesced        1       32        2    536870912           16      568955.634  17179869184   2147483648       30.195        3.774
       float    coalesced        1       32        2   1073741824            8      569045.002  17179869184   2147483648       30.191        3.774
       float    coalesced        1       32        2   2147483648            4      568950.894  17179869184   2147483648       30.196        3.774
       float    coalesced        1       32        2   4294967296            2      568981.371  17179869184   2147483648       30.194        3.774
       float    coalesced        1       32        2   8588886016            1     1144733.228  17177772032   2147221504       15.006        1.876
