        type trial_config ert_flop   unroll  buffers        nsize       trials       microsecs        bytes        flops         GB/s         GF/s
      double    coalesced        1       64        2         1024      8388608     4678709.493  17179869184   1073741824        3.672        0.229
      double    coalesced        1       64        2         2048      4194304     2728041.849  17179869184   1073741824        6.298        0.394
      double    coalesced        1       64        2         4096      2097152     1578660.208  17179869184   1073741824       10.883        0.680
      double    coalesced        1       64        2         8192      1048576     1023247.131  17179869184   1073741824       16.790        1.049
      double    coalesced        1       64        2        16384       524288      792490.289  17179869184   1073741824       21.678        1.355
      double    coalesced        1       64        2        32768       262144      682258.810  17179869184   1073741824       25.181        1.574
      double    coalesced        1       64        2        65536       131072      609820.259  17179869184   1073741824       28.172        1.761
      double    coalesced        1       64        2       131072        65536      580778.081  17179869184   1073741824       29.581        1.849
      double    coalesced        1       64        2       262144        32768      569563.370  17179869184   1073741824       30.163        1.885
      double    coalesced        1       64        2       524288        16384      564567.893  17179869184   1073741824       30.430        1.902
      double    coalesced        1       64        2      1048576         8192      562102.125  17179869184   1073741824       30.564        1.910
      double    coalesced        1       64        2      2097152         4096      560646.325  17179869184   1073741824       30.643        1.915
      double    coalesced        1       64        2      4194304         2048      559759.266  17179869184   1073741824       30.692        1.918
      double    coalesced        1       64        2      8388608         1024      559734.730  17179869184   1073741824       30.693        1.918
      double    coalesced        1       64        2     16777216          512      559631.699  17179869184   1073741824       30.699        1.919
      double    coalesced        1       64        2     33554432          256      559517.011  17179869184   1073741824       30.705        1.919
      double    coalesced        1       64        2     67108864          128      559504.680  17179869184   1073741824       30.705        1.919
      double    coalesced        1       64        2    134217728           64      559478.201  17179869184   1073741824       30.707        1.919
      double    coalesced        1       64        2    268435456           32      559422.978  17179869184   1073741824       30.710        1.919
      double    coalesced        1       64        2    536870912           16      559450.603  17179869184   1073741824       30.708        1.919
      double    coalesced        1       64        2   1073741824            8      559457.639  17179869184   1073741824       30.708        1.919
      double    coalesced        1       64        2   2147483648            4      559438.218  17179869184   1073741824       30.709        1.919
      double    coalesced        1       64        2   4294967296            2      559454.358  17179869184   1073741824       30.708        1.919
      double    coalesced        1       64        2   8588886016            1      559355.115  17177772032   1073610752       30.710        1.919
