        type trial_config ert_flop   unroll  buffers        nsize       trials       microsecs        bytes        flops         GB/s         GF/s
       float    coalesced        4        2        1            8     16777216     6197447.747    268435456    134217728        0.043        0.022
       float    coalesced        4        2        1           16     16777216     6234745.950    536870912    268435456        0.086        0.043
       float    coalesced        4        2        1           32     16777216     6546457.220   1073741824    536870912        0.164        0.082
       float    coalesced        4        2        1           64     16777216     7273908.867   2147483648   1073741824        0.295        0.148
       float    coalesced        4        2        1          128     16777216     8351685.621   4294967296   2147483648        0.514        0.257
       float    coalesced        4        2        1          256     16777216    10071468.276   8589934592   4294967296        0.853        0.426
       float    coalesced        4        2        1          512      8388608     6546501.349   8589934592   4294967296        1.312        0.656
       float    coalesced        4        2        1         1024      4194304     4091603.680   8589934592   4294967296        2.099        1.050
       float    coalesced        4        2        1         2048      2097152     2888268.005   8589934592   4294967296        2.974        1.487
       float    coalesced        4        2        1         4096      1048576     2338163.215   8589934592   4294967296        3.674        1.837
       float    coalesced        4        2        1         8192       524288     2045850.126   8589934592   4294967296        4.199        2.099
       float    coalesced        4        2        1        16384       262144     1841300.089   8589934592   4294967296        4.665        2.333
       float    coalesced        4        2        1        32768       131072     1790274.843   8589934592   4294967296        4.798        2.399
       float    coalesced        4        2        1        65536        65536     1753536.819   8589934592   4294967296        4.899        2.449
       float    coalesced        4        2        1       131072        32768     1739412.913   8589934592   4294967296        4.938        2.469
       float    coalesced        4        2        1       262144        16384     1733116.191   8589934592   4294967296        4.956        2.478
       float    coalesced        4        2        1       524288         8192     1726241.858   8589934592   4294967296        4.976        2.488
       float    coalesced        4        2        1      1048576         4096     1726215.869   8589934592   4294967296        4.976        2.488
       float    coalesced        4        2        1      2097152         2048     1724172.223   8589934592   4294967296        4.982        2.491
       float    coalesced        4        2        1      4194304         1024     1723551.638   8589934592   4294967296        4.984        2.492
       float    coalesced        4        2        1      8388608          512     1723107.842   8589934592   4294967296        4.985        2.493
       float    coalesced        4        2        1     16777216          256     1723031.549   8589934592   4294967296        4.985        2.493
       float    coalesced        4        2        1     33554432          128     1722959.588   8589934592   4294967296        4.986        2.493
       float    coalesced        4        2        1     67108864           64     1722905.226   8589934592   4294967296        4.986        2.493
       float    coalesced        4        2        1    134217728           32     1722865.938   8589934592   4294967296        4.986        2.493
       float    coalesced        4        2        1    268435456           16     1722888.609   8589934592   4294967296        4.986        2.493
       float    coalesced        4        2        1    536870912            8     1722930.211   8589934592   4294967296        4.986        2.493
       float    coalesced        4        2        1   1073741824            4     1722878.272   8589934592   4294967296        4.986        2.493
       float    coalesced        4        2        1   2147483648            2     1722864.097   8589934592   4294967296        4.986        2.493
       float    coalesced        4        2        1   4293918720            1     1722426.865   8587837440   4293918720        4.986        2.493
