0 6.54872 8.5e-08 22
0 9.44556 2.89684 22
0 10.8893 4.34061 22
0 12.3331 5.78442 22
0 13.7883 7.23961 22
0 15.232 8.68328 22
0 16.6854 10.1367 22
0 18.1285 11.5798 22
0 19.5723 13.0236 22
1 21.0239 9.9e-08 22
1 22.4668 1.44292 22
1 23.9093 2.88549 22
1 25.3652 4.34135 22
1 26.8391 5.81526 22
1 28.2974 7.27358 22
1 29.7461 8.72219 22
1 31.2051 10.1813 22
1 32.6655 11.6416 22
2 34.1198 7.9e-08 22
2 35.5607 1.44088 22
2 37.0172 2.89741 22
2 38.476 4.35626 22
2 39.9429 5.82313 22
2 41.3952 7.27543 22
2 42.8375 8.71768 22
2 44.3099 10.1901 22
2 45.7534 11.6336 22
3 47.2102 8e-08 22
3 48.6644 1.45424 22
3 50.1073 2.89714 22
3 51.5588 4.34866 22
3 53.0125 5.80234 22
3 54.4562 7.24602 22
3 55.9242 8.714 22
3 57.3733 10.1631 22
3 58.8461 11.6359 22
3 60.2956 13.0854 22
4 61.7391 7.1e-08 22
4 63.2001 1.46103 22
4 64.644 2.9049 22
4 66.0956 4.35645 22
4 67.5445 5.80537 22
4 68.9865 7.24734 22.5
5 70.4501 6.9e-08 22.5
5 71.8979 1.4478 22.5
5 73.3402 2.89009 22.5
6 74.7966 6.2e-08 22.5
7 76.2569 7.3e-08 23
7 77.7189 1.46201 23.5
9 79.1685 7.9e-08 24.5
11 80.6102 5.9e-08 25
13 82.0668 7.5e-08 25
15 83.5258 7.8e-08 25.5
17 84.9756 8.6e-08 25.5
20 86.5421 1.47e-07 25.5
22 88.1942 1.11e-07 25.5
23 89.6328 1.4e-07 23.5
24 91.0761 1.04e-07 22
25 93.6276 1.06e-07 22.5
26 98.2846 1.55e-07 22.5
27 106.933 1.64e-07 22
