        type trial_config ert_flop   unroll  buffers        nsize       trials       microsecs        bytes        flops         GB/s         GF/s
       float    coalesced       32        4        2           32     16777216    10071731.703   1073741824   4294967296        0.107        0.426
       float    coalesced       32        4        2           64     16777216    10911056.347   2147483648   8589934592        0.197        0.787
       float    coalesced       32        4        2          128     16777216    10911065.691   4294967296  17179869184        0.394        1.575
       float    coalesced       32        4        2          256     16777216    11902943.844   8589934592  34359738368        0.722        2.887
       float    coalesced       32        4        2          512     16777216    13093188.294  17179869184  68719476736        1.312        5.248
       float    coalesced       32        4        2         1024      8388608     7274190.237  17179869184  68719476736        2.362        9.447
       float    coalesced       32        4        2         2048      4194304     4206901.547  17179869184  68719476736        4.084       16.335
       float    coalesced       32        4        2         4096      2097152     2584546.240  17179869184  68719476736        6.647       26.589
       float    coalesced       32        4        2         8192      1048576     1788200.291  17179869184  68719476736        9.607       38.429
       float    coalesced       32        4        2        16384       524288     1364240.619  17179869184  68719476736       12.593       50.372
       float    coalesced       32        4        2        32768       262144     1136112.015  17179869184  68719476736       15.122       60.487
       float    coalesced       32        4        2        65536       131072     1023292.450  17179869184  68719476736       16.789       67.155
       float    coalesced       32        4        2       131072        65536      975587.161  17179869184  68719476736       17.610       70.439
       float    coalesced       32        4        2       262144        32768      946657.028  17179869184  68719476736       18.148       72.592
       float    coalesced       32        4        2       524288        16384      933726.314  17179869184  68719476736       18.399       73.597
       float    coalesced       32        4        2      1048576         8192      927409.651  17179869184  68719476736       18.525       74.098
       float    coalesced       32        4        2      2097152         4096      923698.676  17179869184  68719476736       18.599       74.396
       float    coalesced       32        4        2      4194304         2048      922105.708  17179869184  68719476736       18.631       74.525
       float    coalesced       32        4        2      8388608         1024      921104.009  17179869184  68719476736       18.651       74.606
       float    coalesced       32        4        2     16777216          512      920725.736  17179869184  68719476736       18.659       74.636
       float    coalesced       32        4        2     33554432          256      920494.100  17179869184  68719476736       18.664       74.655
       float    coalesced       32        4        2     67108864          128      920444.888  17179869184  68719476736       18.665       74.659
       float    coalesced       32        4        2    134217728           64      920331.586  17179869184  68719476736       18.667       74.668
       float    coalesced       32        4        2    268435456           32      920315.873  17179869184  68719476736       18.667       74.669
       float    coalesced       32        4        2    536870912           16      920314.786  17179869184  68719476736       18.667       74.670
       float    coalesced       32        4        2   1073741824            8      920288.708  17179869184  68719476736       18.668       74.672
       float    coalesced       32        4        2   2147483648            4      920280.022  17179869184  68719476736       18.668       74.672
       float    coalesced       32        4        2   4294967296            2      920262.925  17179869184  68719476736       18.668       74.674
       float    coalesced       32        4        2   8588886016            1      920200.258  17177772032  68711088128       18.667       74.670
