        type trial_config ert_flop   unroll  buffers        nsize       trials       microsecs        bytes        flops         GB/s         GF/s
 signed_char    coalesced        4      128        1          128     16777216     6234829.538   4294967296   8589934592        0.689        1.378
 signed_char    coalesced        4      128        1          256     16777216     6546525.876   8589934592  17179869184        1.312        2.624
 signed_char    coalesced        4      128        1          512      8388608     3445608.483   8589934592  17179869184        2.493        4.986
 signed_char    coalesced        4      128        1         1024      4194304     1925550.205   8589934592  17179869184        4.461        8.922
 signed_char    coalesced        4      128        1         2048      2097152     1128826.329   8589934592  17179869184        7.610       15.219
 signed_char    coalesced        4      128        1         4096      1048576      682079.662   8589934592  17179869184       12.594       25.187
 signed_char    coalesced        4      128        1         8192       524288      454718.388   8589934592  17179869184       18.891       37.781
 signed_char    coalesced        4      128        1        16384       262144      332099.444   8589934592  17179869184       25.866       51.731
 signed_char    coalesced        4      128        1        32768       131072      288829.557   8589934592  17179869184       29.740       59.481
 signed_char    coalesced        4      128        1        65536        65536      292381.419   8589934592  17179869184       29.379       58.758
 signed_char    coalesced        4      128        1       131072        32768      292921.829   8589934592  17179869184       29.325       58.650
 signed_char    coalesced        4      128        1       262144        16384      291836.264   8589934592  17179869184       29.434       58.868
 signed_char    coalesced        4      128        1       524288         8192      291049.381   8589934592  17179869184       29.514       59.027
 signed_char    coalesced        4      128        1      1048576         4096      289575.161   8589934592  17179869184       29.664       59.328
 signed_char    coalesced        4      128        1      2097152         2048      289360.802   8589934592  17179869184       29.686       59.372
 signed_char    coalesced        4      128        1      4194304         1024      289129.900   8589934592  17179869184       29.710       59.419
 signed_char    coalesced        4      128        1      8388608          512      289045.707   8589934592  17179869184       29.718       59.437
 signed_char    coalesced        4      128        1     16777216          256      288998.785   8589934592  17179869184       29.723       59.446
 signed_char    coalesced        4      128        1     33554432          128      288975.841   8589934592  17179869184       29.725       59.451
 signed_char    coalesced        4      128        1     67108864           64      288968.532   8589934592  17179869184       29.726       59.452
 signed_char    coalesced        4      128        1    134217728           32      288993.500   8589934592  17179869184       29.724       59.447
 signed_char    coalesced        4      128        1    268435456           16      288999.535   8589934592  17179869184       29.723       59.446
 signed_char    coalesced        4      128        1    536870912            8      289024.964   8589934592  17179869184       29.720       59.441
 signed_char    coalesced        4      128        1   1073741824            4      289008.494   8589934592  17179869184       29.722       59.444
 signed_char    coalesced        4      128        1   2147483648            2      289008.707   8589934592  17179869184       29.722       59.444
 signed_char    coalesced        4      128        1   4293918720            1      288923.272   8587837440  17175674880       29.724       59.447
