        type trial_config ert_flop   unroll  buffers        nsize       trials       microsecs        bytes        flops         GB/s         GF/s
 signed_char    coalesced        8        8        2           16     16777216     6546556.308    536870912   2147483648        0.082        0.328
 signed_char    coalesced        8        8        2           32     16777216     6546517.659   1073741824   4294967296        0.164        0.656
 signed_char    coalesced        8        8        2           64     16777216     6891045.267   2147483648   8589934592        0.312        1.247
 signed_char    coalesced        8        8        2          128     16777216     7273896.783   4294967296  17179869184        0.590        2.362
 signed_char    coalesced        8        8        2          256     16777216     8728634.041   8589934592  34359738368        0.984        3.936
 signed_char    coalesced        8        8        2          512     16777216    10910751.341  17179869184  68719476736        1.575        6.298
 signed_char    coalesced        8        8        2         1024      8388608     6546520.891  17179869184  68719476736        2.624       10.497
 signed_char    coalesced        8        8        2         2048      4194304     4091639.506  17179869184  68719476736        4.199       16.795
 signed_char    coalesced        8        8        2         4096      2097152     2975771.142  17179869184  68719476736        5.773       23.093
 signed_char    coalesced        8        8        2         8192      1048576     2455013.463  17179869184  68719476736        6.998       27.991
 signed_char    coalesced        8        8        2        16384       524288     2133700.287  17179869184  68719476736        8.052       32.207
 signed_char    coalesced        8        8        2        32768       262144     2030915.760  17179869184  68719476736        8.459       33.837
 signed_char    coalesced        8        8        2        65536       131072     1945138.412  17179869184  68719476736        8.832       35.329
 signed_char    coalesced        8        8        2       131072        65536     1908379.875  17179869184  68719476736        9.002       36.009
 signed_char    coalesced        8        8        2       262144        32768     1889816.224  17179869184  68719476736        9.091       36.363
 signed_char    coalesced        8        8        2       524288        16384     1880104.536  17179869184  68719476736        9.138       36.551
 signed_char    coalesced        8        8        2      1048576         8192     1875418.994  17179869184  68719476736        9.161       36.642
 signed_char    coalesced        8        8        2      2097152         4096     1873080.583  17179869184  68719476736        9.172       36.688
 signed_char    coalesced        8        8        2      4194304         2048     1871873.416  17179869184  68719476736        9.178       36.712
 signed_char    coalesced        8        8        2      8388608         1024     1871258.238  17179869184  68719476736        9.181       36.724
 signed_char    coalesced        8        8        2     16777216          512     1870984.030  17179869184  68719476736        9.182       36.729
 signed_char    coalesced        8        8        2     33554432          256     1870823.463  17179869184  68719476736        9.183       36.732
 signed_char    coalesced        8        8        2     67108864          128     1870799.946  17179869184  68719476736        9.183       36.733
 signed_char    coalesced        8        8        2    134217728           64     1870762.950  17179869184  68719476736        9.183       36.733
 signed_char    coalesced        8        8        2    268435456           32     1870759.216  17179869184  68719476736        9.183       36.733
 signed_char    coalesced        8        8        2    536870912           16     1870711.005  17179869184  68719476736        9.184       36.734
 signed_char    coalesced        8        8        2   1073741824            8     1870696.965  17179869184  68719476736        9.184       36.735
 signed_char    coalesced        8        8        2   2147483648            4     1870694.083  17179869184  68719476736        9.184       36.735
 signed_char    coalesced        8        8        2   4294967296            2     1870736.231  17179869184  68719476736        9.183       36.734
 signed_char    coalesced        8        8        2   8588886016            1     1870500.299  17177772032  68711088128        9.184       36.734
