        type trial_config ert_flop   unroll  buffers        nsize       trials       microsecs        bytes        flops         GB/s         GF/s
 signed_char    coalesced       16       16        1           16     16777216     6766675.891    536870912   4294967296        0.079        0.635
 signed_char    coalesced       16       16        1           32     16777216     6891018.379   1073741824   8589934592        0.156        1.247
 signed_char    coalesced       16       16        1           64     16777216     7273910.482   2147483648  17179869184        0.295        2.362
 signed_char    coalesced       16       16        1          128     16777216     7701735.275   4294967296  34359738368        0.558        4.461
 signed_char    coalesced       16       16        1          256     16777216     8728631.839   8589934592  68719476736        0.984        7.873
 signed_char    coalesced       16       16        1          512      8388608     5237291.024   8589934592  68719476736        1.640       13.121
 signed_char    coalesced       16       16        1         1024      4194304     3273368.350   8589934592  68719476736        2.624       20.994
 signed_char    coalesced       16       16        1         2048      2097152     2045900.441   8589934592  68719476736        4.199       33.589
 signed_char    coalesced       16       16        1         4096      1048576     1487926.344   8589934592  68719476736        5.773       46.185
 signed_char    coalesced       16       16        1         8192       524288     1169134.406   8589934592  68719476736        7.347       58.778
 signed_char    coalesced       16       16        1        16384       262144     1022991.536   8589934592  68719476736        8.397       67.175
 signed_char    coalesced       16       16        1        32768       131072      915349.768   8589934592  68719476736        9.384       75.075
 signed_char    coalesced       16       16        1        65536        65536      876893.112   8589934592  68719476736        9.796       78.367
 signed_char    coalesced       16       16        1       131072        32768      852522.653   8589934592  68719476736       10.076       80.607
 signed_char    coalesced       16       16        1       262144        16384      843887.879   8589934592  68719476736       10.179       81.432
 signed_char    coalesced       16       16        1       524288         8192      837785.656   8589934592  68719476736       10.253       82.025
 signed_char    coalesced       16       16        1      1048576         4096      835318.763   8589934592  68719476736       10.283       82.267
 signed_char    coalesced       16       16        1      2097152         2048      833800.331   8589934592  68719476736       10.302       82.417
 signed_char    coalesced       16       16        1      4194304         1024      833224.182   8589934592  68719476736       10.309       82.474
 signed_char    coalesced       16       16        1      8388608          512      832838.553   8589934592  68719476736       10.314       82.512
 signed_char    coalesced       16       16        1     16777216          256      832697.941   8589934592  68719476736       10.316       82.526
 signed_char    coalesced       16       16        1     33554432          128      832582.210   8589934592  68719476736       10.317       82.538
 signed_char    coalesced       16       16        1     67108864           64      832527.752   8589934592  68719476736       10.318       82.543
 signed_char    coalesced       16       16        1    134217728           32      832501.616   8589934592  68719476736       10.318       82.546
 signed_char    coalesced       16       16        1    268435456           16      832487.060   8589934592  68719476736       10.318       82.547
 signed_char    coalesced       16       16        1    536870912            8      832529.358   8589934592  68719476736       10.318       82.543
 signed_char    coalesced       16       16        1   1073741824            4      832458.948   8589934592  68719476736       10.319       82.550
 signed_char    coalesced       16       16        1   2147483648            2      832447.084   8589934592  68719476736       10.319       82.551
 signed_char    coalesced       16       16        1   4293918720            1      832238.908   8587837440  68702699520       10.319       82.552
