        type trial_config ert_flop   unroll  buffers        nsize       trials       microsecs        bytes        flops         GB/s         GF/s
       float    coalesced      187        8        2           64     16777216    33497741.162   2147483648  50197430272        0.064        1.499
       float    coalesced      187        8        2          128     16777216    33745503.936   4294967296 100394860544        0.127        2.975
       float    coalesced      187        8        2          256     16777216    34155385.662   8589934592 200789721088        0.251        5.879
       float    coalesced      187        8        2          512     16777216    34996725.088  17179869184 401579442176        0.491       11.475
       float    coalesced      187        8        2         1024      8388608    18704319.225  17179869184 401579442176        0.918       21.470
       float    coalesced      187        8        2         2048      4194304     9387880.048  17179869184 401579442176        1.830       42.776
       float    coalesced      187        8        2         4096      2097152     4981357.833  17179869184 401579442176        3.449       80.616
       float    coalesced      187        8        2         8192      1048576     2728079.301  17179869184 401579442176        6.297      147.202
       float    coalesced      187        8        2        16384       524288     1658069.756  17179869184 401579442176       10.361      242.197
       float    coalesced      187        8        2        32768       262144     1083363.540  17179869184 401579442176       15.858      370.678
       float    coalesced      187        8        2        65536       131072      845358.644  17179869184 401579442176       20.323      475.040
       float    coalesced      187        8        2       131072        65536      758169.765  17179869184 401579442176       22.660      529.670
       float    coalesced      187        8        2       262144        32768      711386.507  17179869184 401579442176       24.150      564.502
       float    coalesced      187        8        2       524288        16384      680161.275  17179869184 401579442176       25.259      590.418
       float    coalesced      187        8        2      1048576         8192      668877.284  17179869184 401579442176       25.685      600.378
       float    coalesced      187        8        2      2097152         4096      663436.773  17179869184 401579442176       25.895      605.302
       float    coalesced      187        8        2      4194304         2048      659614.298  17179869184 401579442176       26.045      608.809
       float    coalesced      187        8        2      8388608         1024      658376.878  17179869184 401579442176       26.094      609.954
       float    coalesced      187        8        2     16777216          512      657483.030  17179869184 401579442176       26.130      610.783
       float    coalesced      187        8        2     33554432          256      657283.377  17179869184 401579442176       26.138      610.969
       float    coalesced      187        8        2     67108864          128      657017.686  17179869184 401579442176       26.148      611.216
       float    coalesced      187        8        2    134217728           64      657039.790  17179869184 401579442176       26.147      611.195
       float    coalesced      187        8        2    268435456           32      656890.846  17179869184 401579442176       26.153      611.334
       float    coalesced      187        8        2    536870912           16      656753.784  17179869184 401579442176       26.159      611.461
       float    coalesced      187        8        2   1073741824            8      656655.281  17179869184 401579442176       26.163      611.553
       float    coalesced      187        8        2   2147483648            4      656711.183  17179869184 401579442176       26.160      611.501
       float    coalesced      187        8        2   4294967296            2      656794.804  17179869184 401579442176       26.157      611.423
       float    coalesced      187        8        2   8588886016            1      656604.002  17177772032 401530421248       26.162      611.526
