        type trial_config ert_flop   unroll  buffers        nsize       trials       microsecs        bytes        flops         GB/s         GF/s
        long    coalesced        1       16        2          256     16777216     6546812.259   8589934592    536870912        1.312        0.082
        long    coalesced        1       16        2          512     16777216     6891307.882  17179869184   1073741824        2.493        0.156
        long    coalesced        1       16        2         1024      8388608     3854696.113  17179869184   1073741824        4.457        0.279
        long    coalesced        1       16        2         2048      4194304     2338398.155  17179869184   1073741824        7.347        0.459
        long    coalesced        1       16        2         4096      2097152     1323056.096  17179869184   1073741824       12.985        0.812
        long    coalesced        1       16        2         8192      1048576      909714.024  17179869184   1073741824       18.885        1.180
        long    coalesced        1       16        2        16384       524288      682342.378  17179869184   1073741824       25.178        1.574
        long    coalesced        1       16        2        32768       262144      576159.601  17179869184   1073741824       29.818        1.864
        long    coalesced        1       16        2        65536       131072      575379.015  17179869184   1073741824       29.858        1.866
        long    coalesced        1       16        2       131072        65536      569713.108  17179869184   1073741824       30.155        1.885
        long    coalesced        1       16        2       262144        32768      564136.582  17179869184   1073741824       30.453        1.903
        long    coalesced        1       16        2       524288        16384      562142.154  17179869184   1073741824       30.561        1.910
        long    coalesced        1       16        2      1048576         8192      560960.322  17179869184   1073741824       30.626        1.914
        long    coalesced        1       16        2      2097152         4096      560097.459  17179869184   1073741824       30.673        1.917
        long    coalesced        1       16        2      4194304         2048      559624.008  17179869184   1073741824       30.699        1.919
        long    coalesced        1       16        2      8388608         1024      558993.614  17179869184   1073741824       30.734        1.921
        long    coalesced        1       16        2     16777216          512      558818.475  17179869184   1073741824       30.743        1.921
        long    coalesced        1       16        2     33554432          256      558919.439  17179869184   1073741824       30.738        1.921
        long    coalesced        1       16        2     67108864          128      559081.245  17179869184   1073741824       30.729        1.921
        long    coalesced        1       16        2    134217728           64      559434.515  17179869184   1073741824       30.709        1.919
        long    coalesced        1       16        2    268435456           32      559523.711  17179869184   1073741824       30.704        1.919
        long    coalesced        1       16        2    536870912           16      559590.484  17179869184   1073741824       30.701        1.919
        long    coalesced        1       16        2   1073741824            8      559700.951  17179869184   1073741824       30.695        1.918
        long    coalesced        1       16        2   2147483648            4      559940.828  17179869184   1073741824       30.682        1.918
        long    coalesced        1       16        2   4294967296            2      559864.664  17179869184   1073741824       30.686        1.918
        long    coalesced        1       16        2   8588886016            1      559874.262  17177772032   1073610752       30.681        1.918
