0 6.60196 1.45e-07 21
0 9.50145 2.89949 21
0 10.9368 4.33488 21
0 12.391 5.78904 21
0 13.8323 7.23039 21
0 15.2751 8.67314 21
0 16.7257 10.1237 21
0 18.1687 11.5667 21
0 19.6108 13.0088 21
0 21.0595 14.4576 21
0 22.5011 15.8991 21
0 23.942 17.34 21
0 25.4079 18.806 21
0 26.8551 20.2531 21
0 28.3104 21.7084 21
0 29.7566 23.1546 21
0 31.204 24.602 21
0 32.6708 26.0688 21
0 34.1189 27.5169 21
0 35.5602 28.9582 21
0 37.0114 30.4094 21
0 38.4759 31.874 21
0 39.9302 33.3283 21
0 41.3723 34.7704 21
0 42.8137 36.2118 21
0 44.2633 37.6613 21
0 45.7266 39.1246 21
0 47.178 40.5761 21
0 48.6403 42.0384 21
0 50.0871 43.4851 21
0 51.5374 44.9354 21
0 52.9893 46.3873 21
0 54.435 47.833 21
1 55.8961 1.73e-07 21
1 57.3393 1.44318 21
1 58.7824 2.88628 21
1 60.233 4.33689 21
1 61.6756 5.77944 21
1 63.1272 7.23108 21
1 64.592 8.69593 21
1 66.0397 10.1436 21
1 67.4937 11.5976 21
1 68.9413 13.0452 21
1 70.3994 14.5033 21
1 71.8552 15.9591 21
1 73.3015 17.4054 21
1 74.7442 18.8481 21
1 76.2143 20.3182 21
1 77.6669 21.7707 21
1 79.1279 23.2317 21
1 80.5761 24.6799 21
1 82.0179 26.1218 21
1 83.4834 27.5872 21
1 84.9381 29.042 21
1 86.3953 30.4992 21
1 87.8395 31.9434 21
1 89.2809 33.3848 21
1 90.731 34.8349 21
1 92.1947 36.2985 21
1 93.6362 37.7401 21
1 95.0909 39.1948 21
1 96.5341 40.638 21
1 97.977 42.0809 21
1 99.4345 43.5384 21
1 100.883 44.9872 21
1 102.334 46.4377 21
1 103.776 47.8799 21
2 105.218 1.1e-07 21
2 106.67 1.45162 21
2 108.114 2.89543 21
2 109.573 4.35489 21
2 111.025 5.8069 21
2 112.474 7.25581 21
2 113.915 8.69685 21
2 115.376 10.1573 21
2 116.811 11.5925 21
2 118.253 13.0353 21
2 119.709 14.4908 21
2 121.151 15.9326 21
2 122.607 17.3884 21
2 124.048 18.8298 21
2 125.504 20.2861 21
2 126.957 21.7389 21
2 128.406 23.1876 21
2 129.85 24.6315 21
2 131.302 26.0834 21
2 132.75 27.5323 21
2 134.193 28.9748 21
2 135.649 30.4308 21
2 137.091 31.8724 21
2 138.542 33.3236 21
2 139.984 34.7662 21
2 141.437 36.2187 21
2 142.893 37.6753 21
2 144.342 39.1238 21
2 145.785 40.5672 21
2 147.243 42.0248 21
2 148.684 43.4662 21
2 150.127 44.9084 21
2 151.576 46.3583 21
3 153.019 9.4e-08 21
3 154.462 1.44329 21
3 155.919 2.9003 21
3 157.363 4.34357 21
3 158.818 5.79858 21
3 160.262 7.24244 21
3 161.722 8.70254 21
3 163.174 10.1548 21
3 164.618 11.5988 21
3 166.062 13.0427 21
3 167.518 14.4992 21
3 168.961 15.9415 21
3 170.427 17.4083 21
3 171.87 18.8514 21
3 173.319 20.2996 21
3 174.769 21.75 21
3 176.21 23.191 21
3 177.664 24.6448 21
3 179.116 26.0966 21
3 180.56 27.5406 21
3 182.008 28.9893 21
3 183.46 30.4406 21
3 184.903 31.8835 21
3 186.345 33.3261 21
3 187.803 34.7836 21
3 189.245 36.2258 21
3 190.701 37.682 21
3 192.143 39.1238 21
3 193.584 40.5646 21
3 195.038 42.0192 21
3 196.479 43.4599 21
3 197.928 44.9089 21
3 199.377 46.3577 21
3 200.82 47.8011 21
4 202.263 8.9e-08 21
4 203.717 1.45376 21
4 205.158 2.89443 21
4 206.602 4.33844 21
4 208.069 5.80614 21
4 209.513 7.24982 21
4 210.964 8.701 21
4 212.414 10.1504 21
4 213.857 11.5941 21
4 215.323 13.0599 21
4 216.764 14.5003 21
4 218.212 15.9485 21
4 219.664 17.4006 21
4 221.124 18.861 21
4 222.576 20.3131 21
4 224.024 21.7611 21
4 225.466 23.2028 21
4 226.928 24.6648 21
4 228.371 26.1081 21
4 229.82 27.5568 21
4 231.271 29.0082 21
4 232.715 30.452 21
4 234.159 31.8961 21
4 235.631 33.3679 21
4 237.075 34.8116 21
4 238.532 36.2689 21
4 239.975 37.7114 21
4 241.418 39.1548 21
4 242.879 40.6159 21
4 244.323 42.0601 21
4 245.772 43.5087 21
4 247.223 44.96 21
4 248.667 46.4037 21
4 250.109 47.8459 21
4 251.58 49.317 21
5 253.021 9.6e-08 21
5 254.488 1.467 21
5 255.93 2.90972 21
5 257.374 4.35358 21
5 258.832 5.81082 21
5 260.274 7.2532 21
5 261.715 8.69416 21
5 263.165 10.1439 21
5 264.607 11.5861 21
5 266.049 13.028 21
5 267.506 14.4851 21
5 268.949 15.9279 21
5 270.4 17.3789 21
5 271.853 18.8319 21
5 273.294 20.2733 21
5 274.743 21.7223 21
5 276.185 23.1644 21
5 277.639 24.6181 21
5 279.088 26.0676 21
5 280.53 27.5091 21
5 281.977 28.9563 21
5 283.427 30.4066 21
5 284.886 31.865 21
5 286.321 33.3004 21
5 287.787 34.7667 21
5 289.23 36.2091 21
5 290.681 37.6599 21
5 292.128 39.1076 21
5 293.569 40.5485 21
5 295.03 42.0096 21
5 296.471 43.4501 21
5 297.913 44.8923 21
5 299.364 46.3431 21
5 300.807 47.7864 21
5 302.266 49.2449 21
5 303.717 50.6964 21
5 305.17 52.1497 21
6 306.622 9e-08 21
6 308.065 1.44258 21
6 309.518 2.89572 21
6 310.967 4.34447 21
6 312.416 5.79438 21
6 313.857 7.23481 21
6 315.306 8.68424 21
6 316.748 10.1263 21
6 318.193 11.5712 21
6 319.642 13.02 21
6 321.084 14.4618 21
6 322.538 15.9157 21
6 323.988 17.3658 21
6 325.43 18.8077 21
6 326.885 20.2633 21
6 328.329 21.7069 21
6 329.773 23.1509 21
6 331.236 24.6139 21
6 332.679 26.0565 21
6 334.126 27.5035 21
6 335.577 28.9553 21
6 337.042 30.4203 21
6 338.494 31.8719 21
6 339.936 33.3141 21
6 341.379 34.7574 21
6 342.842 36.2204 21
6 344.287 37.6645 21
6 345.731 39.1086 21
6 347.187 40.5652 21
6 348.629 42.0071 21
6 350.071 43.4493 21
6 351.522 44.8996 21
6 352.964 46.3419 21
6 354.436 47.8137 21
6 355.88 49.2575 21
6 357.323 50.7011 21
6 358.791 52.1692 21
6 360.235 53.6128 21
6 361.684 55.0616 21
6 363.134 56.5121 21
7 364.588 1.11e-07 21
7 366.039 1.45147 21
7 367.481 2.89352 21
7 368.923 4.33539 21
7 370.373 5.78564 21
7 371.816 7.22806 21
7 373.258 8.67051 21
7 374.726 10.1386 21
7 376.17 11.5819 21
7 377.623 13.0348 21
7 379.075 14.4869 21
7 380.519 15.9311 21
7 381.98 17.3923 21
7 383.423 18.8355 21
7 384.867 20.2791 21
7 386.319 21.7312 21
7 387.763 23.1753 21
7 389.229 24.6409 21
7 390.679 26.0911 21
7 392.126 27.5385 21
7 393.571 28.9831 21
7 395.038 30.45 21
7 396.476 31.8887 21
7 397.933 33.3456 21
7 399.378 34.7899 21
7 400.822 36.2346 21
7 402.28 37.6919 21
7 403.723 39.1356 21
7 405.182 40.5941 21
7 406.632 42.0446 21
7 408.074 43.4865 21
7 409.517 44.929 21
7 410.979 46.391 21
7 412.423 47.835 21
7 413.875 49.2871 21
7 415.324 50.7363 21
7 416.766 52.1787 21
7 418.223 53.6355 21
7 419.665 55.0775 21
7 421.108 56.5207 21
7 422.564 57.9768 21
7 424.006 59.4186 21
7 425.45 60.8626 21
8 426.918 1.06e-07 21
8 428.362 1.44372 21
8 429.814 2.89597 21
8 431.264 4.34537 21
8 432.706 5.78752 21
8 434.169 7.25024 21
8 435.613 8.69421 21
8 437.057 10.1383 21
8 438.509 11.5909 21
8 439.954 13.0355 21
8 441.4 14.4817 21
8 442.855 15.9365 21
8 444.298 17.3798 21
8 445.755 18.8369 21
8 447.199 20.2811 21
8 448.644 21.7252 21
8 450.112 23.1934 21
8 451.556 24.6375 21
8 453 26.0814 21
8 454.462 27.5438 21
8 455.906 28.9874 21
8 457.364 30.4454 21
8 458.806 31.8873 21
8 460.254 33.336 21
8 461.713 34.7942 21
8 463.157 36.2382 21
8 464.611 37.6924 21
8 466.063 39.1447 21
8 467.516 40.5975 21
8 468.951 42.0328 21
8 470.413 43.4949 21
8 471.857 44.9389 21
8 473.309 46.3908 21
8 474.753 47.8346 21
8 476.197 49.2789 21
8 477.671 50.7523 21
8 479.113 52.1947 21
8 480.561 53.6423 21
8 482.019 55.1004 21
8 483.472 56.5532 21
8 484.919 58.0001 21
8 486.367 59.4487 21
8 487.811 60.8931 21
8 489.269 62.351 21
8 490.714 63.7953 21
8 492.158 65.2399 21
8 493.615 66.6968 21
8 495.059 68.1407 21
9 496.508 1.01e-07 21
9 497.965 1.4567 21
9 499.416 2.90794 21
9 500.865 4.35674 21
9 502.314 5.80574 21
9 503.757 7.24864 21
9 505.214 8.70574 21
9 506.657 10.1491 21
9 508.101 11.5922 21
9 509.552 13.0437 21
9 510.996 14.4879 21
9 512.439 15.9311 21
9 513.907 17.3988 21
9 515.35 18.8418 21
9 516.815 20.3063 21
9 518.255 21.747 21
9 519.71 23.2016 21
9 521.161 24.6526 21
9 522.604 26.0952 21
9 524.051 27.5429 21
9 525.503 28.9948 21
9 526.969 30.4602 21
9 528.419 31.9111 21
9 529.867 33.3586 21
9 531.311 34.8029 21
9 532.769 36.2609 21
9 534.219 37.7103 21
9 535.66 39.152 21
9 537.118 40.6094 21.5
10 538.56 1.63e-07 21.5
10 540.004 1.44362 21.5
10 541.461 2.90136 21.5
10 542.906 4.34565 21.5
10 544.358 5.79778 21.5
10 545.806 7.2465 21.5
10 547.248 8.68836 21.5
10 548.713 10.1526 21.5
10 550.153 11.5929 21.5
10 551.602 13.0419 21.5
10 553.053 14.4927 21.5
10 554.496 15.936 21.5
10 555.939 17.3793 21.5
10 557.391 18.8308 21.5
10 558.85 20.2897 21.5
10 560.301 21.7407 21.5
10 561.75 23.1899 21.5
10 563.194 24.6339 21.5
10 564.651 26.0915 21.5
11 566.1 8.7e-08 21.5
11 567.544 1.44328 21.5
11 569.002 2.90116 21.5
11 570.444 4.34306 21.5
11 571.887 5.78666 21.5
11 573.344 7.24382 21.5
11 574.79 8.68988 21.5
11 576.24 10.1392 21.5
11 577.684 11.5831 21.5
11 579.133 13.0323 21.5
11 580.582 14.4817 21.5
11 582.024 15.9237 21.5
11 583.484 17.3831 21.5
11 584.936 18.8352 21.5
11 586.379 20.279 21.5
12 587.827 9.7e-08 21.5
12 589.277 1.44985 21.5
12 590.73 2.90327 21.5
12 592.182 4.35511 21.5
12 593.626 5.79907 21.5
12 595.07 7.24313 21.5
12 596.543 8.71641 21.5
12 597.985 10.1575 21.5
12 599.438 11.6114 21.5
12 600.89 13.0629 21.5
12 602.333 14.5058 21.5
12 603.795 15.9682 21.5
12 605.239 17.4123 21.5
13 606.688 8e-08 21.5
13 608.139 1.45095 21.5
13 609.582 2.89341 21.5
13 611.026 4.33711 21.5
13 612.483 5.79494 21.5
13 613.926 7.23756 21.5
13 615.369 8.6809 21.5
13 616.827 10.1382 21.5
13 618.271 11.5825 21.5
13 619.723 13.0343 21.5
13 621.173 14.4841 21.5
14 622.622 9.7e-08 21.5
14 624.071 1.44919 21.5
14 625.516 2.8942 21.5
14 626.957 4.3354 21.5
14 628.429 5.80752 21.5
14 629.871 7.24959 21.5
14 631.313 8.69105 21.5
14 632.768 10.1466 21.5
14 634.211 11.589 21.5
14 635.66 13.0388 21.5
14 637.115 14.4936 21.5
15 638.558 9.8e-08 21.5
15 640.01 1.45191 21.5
15 641.456 2.89764 21.5
15 642.897 4.33833 21.5
15 644.349 5.79017 21.5
15 645.808 7.24977 21.5
15 647.252 8.69321 21.5
15 648.703 10.1448 21.5
15 650.152 11.5937 21.5
15 651.595 13.0361 21.5
16 653.045 7.2e-08 21.5
16 654.498 1.45371 21.5
16 655.941 2.89597 21.5
16 657.395 4.35022 21.5
16 658.838 5.7938 21.5
16 660.29 7.24534 21.5
16 661.734 8.68901 21.5
16 663.199 10.154 21.5
16 664.649 11.6039 21.5
16 666.097 13.0526 21.5
17 667.539 6.7e-08 21.5
17 668.989 1.44945 21.5
17 670.441 2.90138 21.5
17 671.883 4.34345 21.5
17 673.337 5.7978 21.5
17 674.78 7.2409 21.5
17 676.232 8.69234 21.5
17 677.674 10.1344 21.5
17 679.121 11.5813 21.5
17 680.578 13.039 21.5
17 682.022 14.4825 21.5
18 683.465 7.2e-08 21.5
18 684.925 1.45979 21.5
18 686.364 2.89837 21.5
18 687.811 4.34568 21.5
18 689.26 5.79466 21.5
18 690.705 7.23956 21.5
18 692.145 8.67995 21.5
18 693.602 10.1366 21.5
18 695.061 11.5957 21.5
18 696.511 13.0459 21.5
19 697.953 7.1e-08 21.5
19 699.412 1.4585 21.5
19 700.863 2.91017 21.5
19 702.306 4.35284 21.5
19 703.755 5.80147 21.5
19 705.205 7.25137 21.5
19 706.646 8.69308 21.5
19 708.089 10.1356 21.5
19 709.545 11.5918 21.5
19 710.988 13.0348 21.5
20 712.444 8.6e-08 21.5
20 713.885 1.44139 21.5
20 715.332 2.88851 21.5
20 716.789 4.34557 21.5
20 718.232 5.78803 21.5
20 719.678 7.23428 21.5
20 721.128 8.68427 21.5
20 722.574 10.1306 21.5
20 724.017 11.5734 21.5
20 725.469 13.0251 21.5
21 726.912 9.6e-08 21.5
21 728.36 1.44802 21.5
21 729.815 2.90382 21.5
21 731.269 4.35705 21.5
21 732.72 5.80807 21.5
21 734.163 7.25115 21.5
21 735.617 8.70534 21.5
21 737.066 10.1549 21.5
21 738.514 11.602 21.5
21 739.957 13.0454 21.5
22 741.409 7.3e-08 21.5
22 742.851 1.44235 21.5
22 744.292 2.88357 21.5
22 745.742 4.33293 21.5
22 747.2 5.79145 21.5
22 748.651 7.24274 21.5
22 750.095 8.68645 21.5
22 751.538 10.1298 21.5
22 752.994 11.5855 21.5
22 754.435 13.0265 21.5
23 755.877 7.7e-08 21.5
23 757.333 1.45635 21.5
23 758.776 2.89966 21.5
23 760.229 4.35261 21.5
23 761.68 5.80369 21.5
23 763.14 7.2632 21.5
23 764.591 8.71405 21.5
23 766.034 10.1572 21.5
23 767.483 11.6062 21.5
23 768.932 13.0555 21.5
24 770.385 6.7e-08 21.5
24 771.828 1.44225 21.5
24 773.278 2.89246 21.5
24 774.719 4.33361 21.5
24 776.171 5.78591 21.5
24 777.622 7.2371 21.5
24 779.082 8.69675 21.5
24 780.534 10.1482 21.5
24 781.977 11.592 21.5
24 783.426 13.0403 21.5
25 784.975 1.72e-07 21.5
25 786.423 1.44744 21.5
25 787.873 2.89811 21.5
25 789.316 4.34092 21.5
25 790.76 5.78462 21.5
25 792.232 7.2566 21.5
25 793.674 8.69832 21.5
25 795.14 10.1646 21.5
25 796.582 11.6072 21.5
25 798.026 13.0505 21.5
25 799.482 14.5065 21.5
26 800.923 1.62e-07 21.5
26 802.373 1.45003 21.5
26 803.82 2.89704 21.5
26 805.262 4.3388 21.5
26 806.703 5.78055 21.5
26 808.16 7.23728 21.5
26 809.603 8.67985 21.5
26 811.054 10.1311 21.5
26 812.497 11.5742 21.5
26 813.94 13.017 21.5
27 815.405 1.11e-07 21.5
27 816.839 1.43332 21.5
27 818.292 2.88673 21.5
27 819.743 4.33761 21.5
27 821.187 5.78135 21.5
27 822.636 7.23037 21.5
27 824.087 8.68179 21.5
27 825.53 10.1247 21.5
27 826.974 11.5686 21.5
27 828.43 13.0246 22
28 829.874 9.7e-08 21.5
28 831.325 1.45128 21.5
28 832.769 2.89509 21.5
28 834.212 4.33844 21.5
28 835.663 5.78946 21.5
28 837.122 7.24865 21.5
28 838.565 8.69168 21.5
28 840.017 10.143 21.5
28 841.465 11.5915 21.5
28 842.907 13.0336 21.5
28 844.368 14.4948 22.5
29 845.812 1.75e-07 21.5
29 847.272 1.45947 21.5
29 848.712 2.9 21.5
29 850.155 4.34283 21.5
29 851.605 5.79327 21.5
29 853.048 7.23611 21.5
29 854.492 8.68018 21.5
29 855.95 10.1374 21.5
29 857.394 11.5813 21.5
29 858.836 13.0242 21.5
30 862.19 1.54e-07 21.5
30 863.634 1.44409 21.5
30 865.082 2.89223 21.5
30 866.525 4.33534 21.5
30 867.968 5.77846 21.5
30 869.424 7.23452 21.5
30 870.868 8.67845 21.5
30 872.319 10.1296 21.5
30 873.763 11.5734 21.5
30 875.207 13.0167 21.5
30 876.658 14.4686 21.5
31 881.104 1.01e-07 21.5
31 882.553 1.44871 21.5
31 884.002 2.89812 21.5
31 885.444 4.34002 21.5
31 886.902 5.79747 21.5
31 888.34 7.23591 21.5
31 889.782 8.67822 21.5
31 891.233 10.1287 21.5
31 892.677 11.5725 21.5
31 894.12 13.0157 21.5
31 895.577 14.4725 21.5
32 903.625 1.05e-07 21.5
32 905.056 1.4308 21.5
32 906.512 2.88651 21.5
32 907.954 4.32847 21.5
32 909.397 5.77197 21.5
32 910.849 7.22343 21.5
32 912.293 8.66747 21.5
32 913.736 10.1109 21.5
32 915.188 11.5623 21.5
32 916.631 13.006 21.5
32 918.076 14.4503 21.5
