        type trial_config ert_flop   unroll  buffers        nsize       trials       microsecs        bytes        flops         GB/s         GF/s
       float    coalesced        1        4        1           16     16777216     5946999.975    536870912     67108864        0.090        0.011
       float    coalesced        1        4        1           32     16777216     5951568.145   1073741824    134217728        0.180        0.023
       float    coalesced        1        4        1           64     16777216     6234986.501   2147483648    268435456        0.344        0.043
       float    coalesced        1        4        1          128     16777216     6891290.113   4294967296    536870912        0.623        0.078
       float    coalesced        1        4        1          256     16777216     8183361.456   8589934592   1073741824        1.050        0.131
       float    coalesced        1        4        1          512      8388608     4849510.096   8589934592   1073741824        1.771        0.221
       float    coalesced        1        4        1         1024      4194304     3090592.162   8589934592   1073741824        2.779        0.347
       float    coalesced        1        4        1         2048      2097152     1964261.169   8589934592   1073741824        4.373        0.547
       float    coalesced        1        4        1         4096      1048576     1432751.486   8589934592   1073741824        5.995        0.749
       float    coalesced        1        4        1         8192       524288     1169377.728   8589934592   1073741824        7.346        0.918
       float    coalesced        1        4        1        16384       262144     1023242.555   8589934592   1073741824        8.395        1.049
       float    coalesced        1        4        1        32768       131072      934484.882   8589934592   1073741824        9.192        1.149
       float    coalesced        1        4        1        65536        65536      895391.386   8589934592   1073741824        9.593        1.199
       float    coalesced        1        4        1       131072        32768      877074.669   8589934592   1073741824        9.794        1.224
       float    coalesced        1        4        1       262144        16384      869769.000   8589934592   1073741824        9.876        1.235
       float    coalesced        1        4        1       524288         8192      865259.531   8589934592   1073741824        9.928        1.241
       float    coalesced        1        4        1      1048576         4096      863391.572   8589934592   1073741824        9.949        1.244
       float    coalesced        1        4        1      2097152         2048      863372.480   8589934592   1073741824        9.949        1.244
       float    coalesced        1        4        1      4194304         1024      862130.017   8589934592   1073741824        9.964        1.245
       float    coalesced        1        4        1      8388608          512      861889.302   8589934592   1073741824        9.966        1.246
       float    coalesced        1        4        1     16777216          256      861848.661   8589934592   1073741824        9.967        1.246
       float    coalesced        1        4        1     33554432          128      861775.789   8589934592   1073741824        9.968        1.246
       float    coalesced        1        4        1     67108864           64      861764.583   8589934592   1073741824        9.968        1.246
       float    coalesced        1        4        1    134217728           32      861783.893   8589934592   1073741824        9.968        1.246
       float    coalesced        1        4        1    268435456           16      861690.034   8589934592   1073741824        9.969        1.246
       float    coalesced        1        4        1    536870912            8      861698.118   8589934592   1073741824        9.969        1.246
       float    coalesced        1        4        1   1073741824            4      861753.574   8589934592   1073741824        9.968        1.246
       float    coalesced        1        4        1   2147483648            2      861730.873   8589934592   1073741824        9.968        1.246
       float    coalesced        1        4        1   4293918720            1      861504.630   8587837440   1073479680        9.968        1.246
