0 6.99307 1.08e-07 21
0 9.87597 2.8829 21
0 11.332 4.33897 21
0 12.7757 5.78262 21
1 14.2146 1.01e-07 21
1 15.6662 1.45161 21
1 17.1113 2.89666 21
1 18.5519 4.33728 21
1 20.0039 5.78932 21
1 21.4463 7.23163 21
2 22.89 1.24e-07 21
2 24.3455 1.45548 21
2 25.7894 2.89939 21
2 27.2708 4.38084 21
2 28.7224 5.83236 21
3 30.1706 1.47e-07 21
3 31.6272 1.45664 21
3 33.0705 2.89995 21
3 34.5226 4.35209 21
3 35.9762 5.80567 21
3 37.4251 7.2545 21
4 38.887 9.7e-08 21
4 40.3289 1.44195 21
4 41.7807 2.89372 21
4 43.2483 4.36136 21
4 44.702 5.81504 21
4 46.1644 7.27748 21
4 47.6216 8.73462 21
5 49.0704 1.54e-07 21
5 50.5362 1.46581 21
5 51.9843 2.91395 21
5 53.4349 4.36454 21.5
6 54.877 9.9e-08 21.5
6 56.3189 1.44191 21.5
6 57.7866 2.9096 21.5
7 59.2396 8.7e-08 22
8 60.6881 1.11e-07 22.5
9 62.1377 8e-08 23
10 63.6006 7.8e-08 23
11 65.0573 8e-08 23
13 66.5167 6.2e-08 23.5
14 67.9656 8.3e-08 23.5
16 69.4173 8.8e-08 23.5
17 70.8762 1.21e-07 23.5
19 72.3377 6.3e-08 23.5
20 73.7858 8.7e-08 23.5
22 75.3415 1.05e-07 23
23 76.7797 9.9e-08 22
24 78.2222 1.29e-07 21
25 80.0738 1.09e-07 21
26 83.1131 1.06e-07 21
27 88.2599 1.06e-07 21
28 97.6208 1.92e-07 21
