        type trial_config ert_flop   unroll  buffers        nsize       trials       microsecs        bytes        flops         GB/s         GF/s
       float    coalesced     1515        1        2            8     16777216   218212447.917    268435456  50834964480        0.001        0.233
       float    coalesced     1515        1        2           16     16777216   218212452.858    536870912 101669928960        0.002        0.466
       float    coalesced     1515        1        2           32     16777216   218212476.471   1073741824 203339857920        0.005        0.932
       float    coalesced     1515        1        2           64     16777216   218646653.531   2147483648 406679715840        0.010        1.860
       float    coalesced     1515        1        2          128     16777216   220320427.075   4294967296 813359431680        0.019        3.692
       float    coalesced     1515        1        2          256     16777216   222576709.878   8589934592 1626718863360        0.039        7.309
       float    coalesced     1515        1        2          512     16777216   224926577.135  17179869184 3253437726720        0.076       14.464
       float    coalesced     1515        1        2         1024      8388608   114561713.009  17179869184 3253437726720        0.150       28.399
       float    coalesced     1515        1        2         2048      4194304    59128825.908  17179869184 3253437726720        0.291       55.023
       float    coalesced     1515        1        2         4096      2097152    31473319.997  17179869184 3253437726720        0.546      103.371
       float    coalesced     1515        1        2         8192      1048576    17535353.898  17179869184 3253437726720        0.980      185.536
       float    coalesced     1515        1        2        16384       524288    10638307.796  17179869184 3253437726720        1.615      305.823
       float    coalesced     1515        1        2        32768       262144     7120835.852  17179869184 3253437726720        2.413      456.890
       float    coalesced     1515        1        2        65536       131072     5391779.756  17179869184 3253437726720        3.186      603.407
       float    coalesced     1515        1        2       131072        65536     4532973.265  17179869184 3253437726720        3.790      717.727
       float    coalesced     1515        1        2       262144        32768     4091928.693  17179869184 3253437726720        4.198      795.087
       float    coalesced     1515        1        2       524288        16384     3877591.437  17179869184 3253437726720        4.431      839.036
       float    coalesced     1515        1        2      1048576         8192     3768778.653  17179869184 3253437726720        4.558      863.260
       float    coalesced     1515        1        2      2097152         4096     3714269.387  17179869184 3253437726720        4.625      875.929
       float    coalesced     1515        1        2      4194304         2048     3687113.445  17179869184 3253437726720        4.659      882.381
       float    coalesced     1515        1        2      8388608         1024     3673561.958  17179869184 3253437726720        4.677      885.636
       float    coalesced     1515        1        2     16777216          512     3666709.232  17179869184 3253437726720        4.685      887.291
       float    coalesced     1515        1        2     33554432          256     3663310.985  17179869184 3253437726720        4.690      888.114
       float    coalesced     1515        1        2     67108864          128     3661656.228  17179869184 3253437726720        4.692      888.515
       float    coalesced     1515        1        2    134217728           64     3660776.492  17179869184 3253437726720        4.693      888.729
       float    coalesced     1515        1        2    268435456           32     3660314.575  17179869184 3253437726720        4.694      888.841
       float    coalesced     1515        1        2    536870912           16     3660100.346  17179869184 3253437726720        4.694      888.893
       float    coalesced     1515        1        2   1073741824            8     3660020.326  17179869184 3253437726720        4.694      888.912
       float    coalesced     1515        1        2   2147483648            4     3659929.479  17179869184 3253437726720        4.694      888.935
       float    coalesced     1515        1        2   4294967296            2     3659995.215  17179869184 3253437726720        4.694      888.919
       float    coalesced     1515        1        2   8588886016            1     3659498.720  17177772032 3253040578560        4.694      888.931
