0 6.39 8.7e-08 21
0 9.2821 2.8921 21
0 10.7281 4.33807 21
0 12.1855 5.79552 21
0 13.6255 7.23554 21
0 15.0703 8.68032 21
0 16.5188 10.1288 21
1 17.9608 9.5e-08 21
1 19.4066 1.44588 21
1 20.8567 2.89591 21
1 22.2987 4.33795 21
1 23.7413 5.78056 21
1 25.1964 7.23562 21
1 26.6409 8.68013 21
1 28.0913 10.1305 21
2 29.5345 8.2e-08 21
2 30.9778 1.4433 21
2 32.4261 2.89159 21
2 33.8846 4.35015 21
2 35.3348 5.80029 21
2 36.8094 7.27494 21
2 38.2499 8.71538 21
3 39.7046 7.3e-08 21
3 41.1645 1.4599 21
3 42.6134 2.90886 21
3 44.0634 4.3588 21
3 45.5068 5.80226 21
3 46.95 7.24541 21
3 48.4158 8.71124 21
3 49.8689 10.1643 21
4 51.331 6.2e-08 21
4 52.7748 1.44384 21
4 54.2341 2.90317 21
4 55.7007 4.36969 21
4 57.1537 5.82278 21
5 58.6156 8.1e-08 21.5
5 60.0593 1.44369 21.5
5 61.5132 2.89756 22
6 62.9653 7.7e-08 22
6 64.4094 1.44409 22.5
7 65.878 7.5e-08 23
9 67.3273 5.3e-08 23.5
10 68.7712 6.5e-08 24
12 70.2444 6.4e-08 24
15 71.6912 7.1e-08 24
17 73.1349 4.9e-08 24
19 74.5975 6.2e-08 21.5
21 76.0402 5.2e-08 24
23 77.8953 1.54e-07 22.5
24 79.5464 2.66e-07 21
25 82.2081 1.46e-07 21.5
26 86.6675 1.23e-07 21.5
27 95.2156 1.79e-07 21
