0 5.15984 7.8e-08 21
0 8.06009 2.90025 20.5
0 9.50051 4.34068 21
0 10.9511 5.79128 21
0 12.3941 7.23426 21
0 13.8359 8.67611 21
1 15.2861 8.4e-08 21
1 16.7285 1.44245 20.5
1 18.1718 2.88575 21
1 19.6276 4.34154 21
1 21.0701 5.78401 21
1 22.5093 7.22323 21
1 23.96 8.67395 21
2 25.4055 8.5e-08 20.5
2 26.8481 1.44254 21
2 28.2958 2.89026 21
2 29.7412 4.33565 21
2 31.1794 5.7739 21
2 32.6504 7.24485 20.5
2 34.0937 8.68818 20.5
2 35.5657 10.1601 21
3 37.0086 8.2e-08 21
3 38.4571 1.44852 20.5
3 39.9241 2.91556 20.5
3 41.3775 4.36894 20.5
3 42.86 5.85138 21
3 44.3027 7.29412 21
3 45.7701 8.76152 21
4 47.2181 8.7e-08 21
4 48.6611 1.44298 21
4 50.1181 2.89995 21
4 51.5764 4.35833 21
4 53.0238 5.80569 21
4 54.4905 7.27234 21
4 55.9437 8.72559 21
4 57.415 10.1969 21
4 58.8633 11.6452 21
5 60.3043 7.5e-08 21
5 61.7704 1.46612 21
5 63.2128 2.90854 21
5 64.6627 4.35841 21
5 66.1092 5.80492 21
5 67.5683 7.26405 21
5 69.019 8.7147 21
5 70.462 10.1577 21
5 71.9108 11.6065 21
5 73.3822 13.0779 21
6 74.8308 7.6e-08 21
6 76.2961 1.4653 21
6 77.7486 2.9178 21
6 79.1907 4.35991 21
6 80.6404 5.80961 21
6 82.0992 7.26841 21
7 83.5542 7.5e-08 21
7 85.0092 1.45502 21
7 86.4644 2.9102 21
7 87.9141 4.35987 21.5
8 89.3705 1.02e-07 21.5
8 90.8219 1.45136 21.5
9 92.2788 1.23e-07 21.5
9 93.7275 1.4487 22
10 95.1856 7.3e-08 22
11 96.6257 5.5e-08 22
11 98.0783 1.45263 22
12 99.5448 1.08e-07 22
13 100.998 1.37e-07 22
13 102.464 1.46589 22
14 103.907 6.3e-08 22
15 105.349 5e-08 22
16 106.799 6.4e-08 22
17 108.247 5.3e-08 22
17 109.69 1.44286 22
18 111.158 6e-08 22
19 112.614 5.2e-08 22
20 114.068 6.7e-08 22
20 115.522 1.45306 22
21 116.965 6.2e-08 22
22 118.418 5.9e-08 22
23 119.859 8e-08 22
23 121.308 1.44876 22
24 122.769 7.6e-08 21
25 124.311 1.08e-07 22
25 125.75 1.4397 21
26 127.204 5.5e-08 22
26 128.655 1.45127 21
27 131.099 1.47e-07 22
27 132.543 1.44417 21
28 137.088 1.45e-07 22
28 138.522 1.43435 21
29 147.275 1.46e-07 22
29 148.713 1.4373 21
