        type trial_config ert_flop   unroll  buffers        nsize       trials       microsecs        bytes        flops         GB/s         GF/s
       float    coalesced       32       64        1          256     16777216    11385389.155   8589934592  34359738368        0.754        3.018
       float    coalesced       32       64        1          512      8388608     5951635.152   8589934592  34359738368        1.443        5.773
       float    coalesced       32       64        1         1024      4194304     3168002.654   8589934592  34359738368        2.711       10.846
       float    coalesced       32       64        1         2048      2097152     1693361.425   8589934592  34359738368        5.073       20.291
       float    coalesced       32       64        1         4096      1048576      976178.833   8589934592  34359738368        8.800       35.198
       float    coalesced       32       64        1         8192       524288      606536.860   8589934592  34359738368       14.162       56.649
       float    coalesced       32       64        1        16384       262144      424603.391   8589934592  34359738368       20.230       80.922
       float    coalesced       32       64        1        32768       131072      341314.621   8589934592  34359738368       25.167      100.669
       float    coalesced       32       64        1        65536        65536      292561.425   8589934592  34359738368       29.361      117.445
       float    coalesced       32       64        1       131072        32768      290210.308   8589934592  34359738368       29.599      118.396
       float    coalesced       32       64        1       262144        16384      282309.864   8589934592  34359738368       30.427      121.709
       float    coalesced       32       64        1       524288         8192      278213.685   8589934592  34359738368       30.875      123.501
       float    coalesced       32       64        1      1048576         4096      276196.437   8589934592  34359738368       31.101      124.403
       float    coalesced       32       64        1      2097152         2048      275688.409   8589934592  34359738368       31.158      124.633
       float    coalesced       32       64        1      4194304         1024      275395.647   8589934592  34359738368       31.191      124.765
       float    coalesced       32       64        1      8388608          512      275315.788   8589934592  34359738368       31.200      124.801
       float    coalesced       32       64        1     16777216          256      275347.094   8589934592  34359738368       31.197      124.787
       float    coalesced       32       64        1     33554432          128      275280.088   8589934592  34359738368       31.204      124.817
       float    coalesced       32       64        1     67108864           64      275284.255   8589934592  34359738368       31.204      124.815
       float    coalesced       32       64        1    134217728           32      275294.955   8589934592  34359738368       31.203      124.811
       float    coalesced       32       64        1    268435456           16      275203.959   8589934592  34359738368       31.213      124.852
       float    coalesced       32       64        1    536870912            8      275167.420   8589934592  34359738368       31.217      124.868
       float    coalesced       32       64        1   1073741824            4      275301.903   8589934592  34359738368       31.202      124.807
       float    coalesced       32       64        1   2147483648            2      275245.385   8589934592  34359738368       31.208      124.833
       float    coalesced       32       64        1   4293918720            1      275042.030   8587837440  34351349760       31.224      124.895
