        type trial_config ert_flop   unroll  buffers        nsize       trials       microsecs        bytes        flops         GB/s         GF/s
      double    coalesced       64        1        2           16     16777216    56112108.994    536870912   2147483648        0.010        0.038
      double    coalesced       64        1        2           32     16777216    56112101.331   1073741824   4294967296        0.019        0.077
      double    coalesced       64        1        2           64     16777216    56112100.202   2147483648   8589934592        0.038        0.153
      double    coalesced       64        1        2          128     16777216    56348823.495   4294967296  17179869184        0.076        0.305
      double    coalesced       64        1        2          256     16777216    58190306.800   8589934592  34359738368        0.148        0.590
      double    coalesced       64        1        2          512     16777216    60026647.483  17179869184  68719476736        0.286        1.145
      double    coalesced       64        1        2         1024      8388608    32732263.159  17179869184  68719476736        0.525        2.099
      double    coalesced       64        1        2         2048      4194304    16801432.455  17179869184  68719476736        1.023        4.090
      double    coalesced       64        1        2         4096      2097152     9421472.650  17179869184  68719476736        1.823        7.294
      double    coalesced       64        1        2         8192      1048576     5708420.681  17179869184  68719476736        3.010       12.038
      double    coalesced       64        1        2        16384       524288     3875165.168  17179869184  68719476736        4.433       17.733
      double    coalesced       64        1        2        32768       262144     2922930.597  17179869184  68719476736        5.878       23.510
      double    coalesced       64        1        2        65536       131072     2467247.261  17179869184  68719476736        6.963       27.853
      double    coalesced       64        1        2       131072        65536     2226959.368  17179869184  68719476736        7.714       30.858
      double    coalesced       64        1        2       262144        32768     2108991.948  17179869184  68719476736        8.146       32.584
      double    coalesced       64        1        2       524288        16384     2047357.436  17179869184  68719476736        8.391       33.565
      double    coalesced       64        1        2      1048576         8192     2019595.156  17179869184  68719476736        8.507       34.026
      double    coalesced       64        1        2      2097152         4096     2004827.417  17179869184  68719476736        8.569       34.277
      double    coalesced       64        1        2      4194304         2048     1997446.387  17179869184  68719476736        8.601       34.404
      double    coalesced       64        1        2      8388608         1024     1993649.748  17179869184  68719476736        8.617       34.469
      double    coalesced       64        1        2     16777216          512     1991839.607  17179869184  68719476736        8.625       34.501
      double    coalesced       64        1        2     33554432          256     1990952.191  17179869184  68719476736        8.629       34.516
      double    coalesced       64        1        2     67108864          128     1990452.575  17179869184  68719476736        8.631       34.525
      double    coalesced       64        1        2    134217728           64     1990253.629  17179869184  68719476736        8.632       34.528
      double    coalesced       64        1        2    268435456           32     1990104.475  17179869184  68719476736        8.633       34.531
      double    coalesced       64        1        2    536870912           16     1990061.238  17179869184  68719476736        8.633       34.531
      double    coalesced       64        1        2   1073741824            8     1990014.307  17179869184  68719476736        8.633       34.532
      double    coalesced       64        1        2   2147483648            4     1990041.163  17179869184  68719476736        8.633       34.532
      double    coalesced       64        1        2   4294967296            2     1990061.762  17179869184  68719476736        8.633       34.531
      double    coalesced       64        1        2   8588886016            1     1989795.084  17177772032  68711088128        8.633       34.532
