0 3.3559 8.3e-08 23
0 6.25176 2.89586 23
0 7.69856 4.34266 23
0 9.1498 5.7939 23
0 10.5935 7.23765 22.5
0 12.0337 8.67782 23
0 13.4887 10.1328 23
0 14.9287 11.5728 23
0 16.3725 13.0166 23
0 17.8292 14.4734 23
0 19.2882 15.9323 23
0 20.7561 17.4002 23
0 22.2092 18.8533 23
0 23.651 20.2951 23
0 25.1011 21.7452 23
0 26.5653 23.2094 23
0 28.0222 24.6663 23
0 29.4664 26.1105 23
0 30.9315 27.5756 23
0 32.387 29.0311 22.5
0 33.831 30.4751 22.5
0 35.2856 31.9297 23
0 36.7454 33.3895 23
0 38.1884 34.8325 23
0 39.6403 36.2844 22.5
0 41.0833 37.7274 23
0 42.5489 39.193 22.5
0 44.0063 40.6504 23
0 45.4502 42.0943 23
0 46.922 43.5661 23
0 48.3705 45.0146 23
0 49.8144 46.4585 23
0 51.2876 47.9317 23
0 52.7344 49.3785 23
0 54.1785 50.8226 23
0 55.6515 52.2956 22.5
0 57.0992 53.7433 22.5
0 58.5573 55.2014 23
0 60.0171 56.6612 23
0 61.4597 58.1038 23
0 62.9273 59.5714 22.5
0 64.371 61.0151 23
0 65.8222 62.4663 23
0 67.2655 63.9096 23
0 68.7195 65.3636 23
0 70.1767 66.8208 23
0 71.6351 68.2792 22.5
0 73.0769 69.721 23
0 74.5278 71.1719 23
0 75.9707 72.6148 23
0 77.4146 74.0587 22.5
0 78.8719 75.516 22.5
0 80.3309 76.975 22.5
0 81.7884 78.4325 23
0 83.2322 79.8763 23
0 84.6914 81.3355 23
0 86.1438 82.7879 23
0 87.5874 84.2315 22.5
0 89.0299 85.674 23
0 90.4868 87.1309 23
0 91.93 88.5741 23
0 93.3866 90.0307 22.5
0 94.8312 91.4753 22.5
0 96.2751 92.9192 22.5
0 97.7331 94.3772 22.5
0 99.1874 95.8315 23
0 100.631 97.2755 22.5
0 102.084 98.7277 22.5
0 103.527 100.171 22.5
0 104.971 101.615 23
0 106.444 103.088 23
0 107.886 104.53 23
0 109.335 105.979 23
0 110.778 107.422 22.5
0 112.222 108.866 23
0 113.694 110.339 23
0 115.138 111.783 23
0 116.583 113.227 23
0 118.04 114.685 22.5
0 119.484 116.128 22.5
0 120.936 117.58 22.5
0 122.38 119.024 23
0 123.824 120.468 23
0 125.297 121.941 22.5
0 126.739 123.383 22.5
0 128.181 124.825 22.5
0 129.632 126.276 23
0 131.074 127.718 23
0 132.521 129.166 23
0 133.979 130.623 22.5
0 135.423 132.067 22.5
0 136.874 133.518 23
0 138.318 134.962 23
0 139.762 136.406 23
0 141.214 137.858 22.5
0 142.658 139.302 22.5
0 144.102 140.746 22.5
0 145.56 142.204 23
0 147.019 143.663 23
0 148.461 145.105 23
0 149.911 146.555 22.5
0 151.353 147.997 22.5
0 152.796 149.44 23
0 154.263 150.907 23
0 155.706 152.35 23
0 157.159 153.803 22.5
0 158.603 155.247 22.5
0 160.046 156.69 22.5
0 161.519 158.163 22.5
0 162.961 159.605 23
0 164.405 161.049 22.5
0 165.873 162.517 22.5
0 167.317 163.961 22.5
0 168.769 165.413 23
0 170.213 166.857 23
0 171.658 168.302 23
0 173.115 169.759 23
0 174.56 171.204 22.5
0 176.003 172.647 23
0 177.464 174.108 23
0 178.907 175.551 23
0 180.35 176.995 23
0 181.807 178.451 22.5
0 183.25 179.894 22.5
0 184.707 181.351 22.5
0 186.15 182.794 23
0 187.594 184.238 22.5
0 189.051 185.695 22.5
0 190.495 187.139 22.5
0 191.939 188.583 22.5
0 193.39 190.035 23
0 194.834 191.478 23
0 196.283 192.927 23
0 197.734 194.378 22.5
0 199.176 195.82 22.5
0 200.618 197.262 23
0 202.075 198.719 23
0 203.533 200.177 23
0 204.989 201.634 22.5
0 206.432 203.076 22.5
0 207.875 204.519 22.5
0 209.325 205.969 23
0 210.766 207.41 23
0 212.21 208.854 22.5
0 213.66 210.305 22.5
0 215.103 211.747 22.5
0 216.546 213.19 23
0 218.018 214.662 23
0 219.46 216.104 22.5
0 220.909 217.553 23
0 222.357 219.001 22.5
0 223.801 220.445 22.5
0 225.258 221.902 22.5
0 226.702 223.346 22.5
0 228.146 224.79 22.5
0 229.597 226.242 22.5
0 231.041 227.685 22.5
0 232.484 229.128 22.5
0 233.936 230.58 22.5
0 235.38 232.024 22.5
0 236.852 233.496 22.5
0 238.295 234.94 22.5
0 239.739 236.383 22.5
0 241.196 237.841 22.5
0 242.641 239.285 22.5
0 244.094 240.738 22.5
0 245.546 242.19 22.5
0 246.99 243.634 22.5
0 248.433 245.077 22.5
0 249.891 246.535 22.5
0 251.335 247.979 22.5
0 252.786 249.43 22.5
0 254.228 250.873 22.5
1 255.672 1.08e-07 22.5
1 257.123 1.45139 22.5
1 258.566 2.89402 22.5
1 260.01 4.33806 22.5
1 261.468 5.79557 22.5
1 262.925 7.25271 22.5
1 264.369 8.69651 22.5
1 265.826 10.1539 23
1 267.27 11.5977 22.5
1 268.721 13.0492 22.5
1 270.17 14.498 22.5
1 271.614 15.9417 22.5
1 273.064 17.3919 22.5
1 274.527 18.8549 22.5
1 275.969 20.2968 22.5
1 277.42 21.7476 22.5
1 278.861 23.1886 22.5
1 280.304 24.6319 22.5
1 281.754 26.082 22.5
1 283.196 27.5243 22.5
1 284.64 28.9678 22.5
1 286.097 30.4254 22.5
1 287.54 31.8677 22.5
1 288.992 33.3195 22.5
1 290.435 34.7625 22.5
1 291.894 36.222 22.5
1 293.345 37.6728 22.5
1 294.788 39.1162 22.5
1 296.241 40.5686 22.5
1 297.692 42.0198 22.5
1 299.135 43.4634 22.5
1 300.579 44.907 22.5
1 302.036 46.364 22.5
1 303.479 47.8072 22.5
1 304.931 49.2588 22.5
1 306.374 50.7016 22.5
1 307.827 52.1552 22.5
1 309.284 53.6121 22.5
1 310.728 55.0557 22.5
1 312.171 56.4987 22.5
1 313.622 57.9503 22.5
1 315.071 59.3988 22.5
1 316.515 60.8428 22.5
1 317.973 62.3005 22.5
1 319.416 63.744 22.5
1 320.868 65.1958 22.5
1 322.312 66.6398 22.5
1 323.756 68.0837 22.5
1 325.208 69.5356 22.5
1 326.652 70.9798 22.5
1 328.096 72.4236 22.5
1 329.563 73.8909 22.5
1 331.006 75.3342 23
1 332.45 76.7778 23
1 333.901 78.2293 22.5
1 335.344 79.6719 22.5
1 336.788 81.1156 22.5
1 338.244 82.5723 23
1 339.688 84.0158 23
1 341.15 85.4778 22.5
1 342.593 86.9213 22.5
1 344.037 88.365 22.5
1 345.493 89.8212 22.5
1 346.937 91.2646 23
1 348.395 92.7231 22.5
1 349.846 94.1739 23
1 351.288 95.6155 22.5
1 352.73 97.0576 23
1 354.187 98.5153 22.5
1 355.63 99.9579 23
1 357.081 101.409 22.5
1 358.524 102.852 22.5
1 359.978 104.306 22.5
1 361.435 105.763 22.5
1 362.879 107.207 22.5
1 364.322 108.65 22.5
1 365.774 110.102 22.5
1 367.222 111.55 22.5
1 368.666 112.994 22.5
1 370.123 114.451 22.5
1 371.567 115.895 22.5
1 373.019 117.347 22.5
1 374.463 118.791 22.5
1 375.907 120.235 22.5
1 377.358 121.686 22.5
1 378.823 123.151 22.5
1 380.266 124.594 22.5
1 381.717 126.045 22.5
1 383.159 127.487 22.5
1 384.601 128.929 22.5
1 386.068 130.395 22.5
1 387.511 131.839 22.5
1 388.963 133.291 22.5
1 390.406 134.734 22.5
1 391.85 136.178 22.5
1 393.302 137.63 22.5
1 394.745 139.073 22.5
1 396.188 140.516 22.5
1 397.645 141.973 22.5
1 399.089 143.416 22.5
1 400.542 144.87 22.5
1 401.993 146.321 22.5
1 403.436 147.764 22.5
1 404.904 149.232 22.5
1 406.348 150.676 22.5
1 407.792 152.12 22.5
1 409.244 153.572 22.5
1 410.686 155.014 22.5
1 412.13 156.458 22.5
1 413.587 157.915 22.5
1 415.03 159.358 22.5
1 416.488 160.816 22.5
1 417.939 162.267 23
1 419.388 163.716 22.5
1 420.831 165.159 22.5
1 422.281 166.609 22.5
1 423.734 168.062 22.5
1 425.185 169.513 22.5
1 426.629 170.957 22.5
1 428.071 172.399 22.5
1 429.528 173.856 22.5
1 430.972 175.3 22.5
1 432.415 176.743 22.5
1 433.865 178.193 22.5
1 435.309 179.637 22.5
1 436.752 181.08 22.5
1 438.224 182.552 22.5
1 439.665 183.993 22.5
1 441.115 185.443 23
1 442.558 186.886 23
1 444.002 188.33 22.5
1 445.468 189.796 22.5
1 446.911 191.239 22.5
1 448.355 192.683 22.5
1 449.807 194.135 22.5
1 451.25 195.578 23
1 452.694 197.022 22.5
1 454.146 198.474 22.5
1 455.589 199.917 22.5
1 457.062 201.39 22.5
1 458.506 202.834 22.5
1 459.947 204.275 23
1 461.398 205.725 23
1 462.84 207.168 22.5
1 464.304 208.632 22.5
1 465.755 210.083 23
1 467.197 211.525 23
1 468.641 212.969 22.5
1 470.092 214.42 22.5
1 471.535 215.863 22.5
1 472.978 217.306 22.5
1 474.435 218.763 23
1 475.879 220.207 23
1 477.33 221.658 22.5
1 478.785 223.113 22.5
1 480.229 224.557 22.5
1 481.687 226.014 23
1 483.141 227.469 23
1 484.585 228.913 23
1 486.037 230.365 22.5
1 487.481 231.809 22.5
1 488.925 233.253 22.5
1 490.382 234.71 23
1 491.825 236.153 23
1 493.276 237.604 22.5
1 494.72 239.047 22.5
1 496.163 240.491 22.5
1 497.636 241.964 23
1 499.078 243.406 23
1 500.52 244.848 23
1 501.971 246.299 23
1 503.415 247.743 22.5
1 504.864 249.192 23
1 506.321 250.648 23
2 507.764 1.11e-07 23
2 509.207 1.4427 22.5
2 510.656 2.89223 22.5
2 512.099 4.33479 22.5
2 513.55 5.78612 22.5
2 514.994 7.22963 23
2 516.437 8.67332 23
2 517.889 10.125 22.5
2 519.333 11.5689 22.5
2 520.777 13.0125 22.5
2 522.235 14.4705 23
2 523.693 15.9289 23
2 525.135 17.3709 23
2 526.586 18.8215 22.5
2 528.028 20.2636 22.5
2 529.472 21.7077 22.5
2 530.939 23.1745 23
2 532.382 24.6179 23
2 533.834 26.0699 22.5
2 535.278 27.5141 22.5
2 536.722 28.9577 22.5
2 538.194 30.4303 23
2 539.636 31.8723 23
2 541.079 33.3149 23
2 542.546 34.7815 22.5
2 543.989 36.225 22.5
2 545.441 37.6765 23
2 546.883 39.1194 23
2 548.327 40.5631 23
2 549.778 42.0143 22.5
2 551.223 43.4585 22.5
2 552.667 44.9028 22.5
2 554.123 46.3593 23
2 555.567 47.8033 23
2 557.026 49.2617 22.5
2 558.476 50.712 22.5
2 559.918 52.1542 22.5
2 561.386 53.6215 23
2 562.829 55.0645 23
2 564.272 56.5081 23
2 565.724 57.9599 23
2 567.167 59.403 22.5
2 568.612 60.8475 23
2 570.068 62.3044 23
2 571.512 63.7481 23
2 572.955 65.1911 23
2 574.407 66.6431 22.5
2 575.861 68.0973 22.5
2 577.305 69.5406 22.5
2 578.762 70.9979 23
2 580.205 72.4413 23
2 581.657 73.8931 23
2 583.105 75.3413 22.5
2 584.549 76.7852 22.5
2 586.007 78.2433 23
2 587.452 79.6874 23
2 588.896 81.132 23
2 590.349 82.5849 22.5
2 591.794 84.0295 22.5
2 593.238 85.4735 22.5
2 594.711 86.9466 23
2 596.154 88.3897 23
2 597.604 89.8403 22.5
2 599.047 91.2828 22.5
2 600.49 92.7255 22.5
2 601.957 94.1928 23
2 603.401 95.6365 23
2 604.844 97.0801 23
2 606.295 98.5313 23
2 607.739 99.9747 22.5
2 609.182 101.418 23
2 610.634 102.87 23
2 612.077 104.313 23
2 613.521 105.757 23
2 614.978 107.214 22.5
2 616.436 108.672 22.5
2 617.887 110.123 22.5
2 619.33 111.566 23
2 620.772 113.008 22.5
2 622.229 114.465 22.5
2 623.672 115.908 22.5
2 625.114 117.35 22.5
2 626.565 118.801 23
2 628.019 120.255 23
2 629.463 121.699 23
2 630.92 123.156 22.5
2 632.364 124.599 22.5
2 633.815 126.051 23
2 635.265 127.501 23
2 636.709 128.945 23
2 638.167 130.403 22.5
2 639.611 131.847 22.5
2 641.056 133.292 22.5
2 642.508 134.744 23
2 643.952 136.188 23
2 645.395 137.631 22.5
2 646.868 139.104 22.5
2 648.312 140.548 22.5
2 649.765 142 23
2 651.209 143.445 23
2 652.653 144.889 23
2 654.121 146.357 22.5
2 655.565 147.801 22.5
2 657.009 149.245 22.5
2 658.461 150.696 22.5
2 659.905 152.141 23
2 661.349 153.584 22.5
2 662.806 155.042 22.5
2 664.249 156.485 22.5
2 665.711 157.947 23
2 667.155 159.391 23
2 668.599 160.835 23
2 670.056 162.292 23
2 671.5 163.736 22.5
2 672.954 165.19 23
2 674.405 166.641 23
2 675.848 168.084 23
2 677.292 169.528 23
2 678.748 170.984 22.5
2 680.193 172.428 22.5
2 681.644 173.88 22.5
2 683.087 175.323 23
2 684.531 176.766 23
2 685.982 178.218 22.5
2 687.446 179.682 22.5
2 688.889 181.125 22.5
2 690.34 182.576 23
2 691.787 184.023 23
2 693.232 185.468 23
2 694.69 186.926 22.5
2 696.135 188.371 22.5
2 697.587 189.823 23
2 699.031 191.267 23
2 700.474 192.71 23
2 701.926 194.162 22.5
2 703.391 195.627 22.5
2 704.836 197.072 22.5
2 706.288 198.524 23
2 707.733 199.969 23
2 709.177 201.413 22.5
2 710.645 202.881 22.5
2 712.09 204.325 22.5
2 713.541 205.777 23
2 714.985 207.221 23
2 716.428 208.664 23
2 717.885 210.121 22.5
2 719.328 211.564 22.5
2 720.772 213.007 22.5
2 722.223 214.458 22.5
2 723.667 215.903 23
2 725.111 217.347 22.5
2 726.561 218.797 22.5
2 728.005 220.24 22.5
2 729.447 221.683 22.5
2 730.904 223.14 23
2 732.363 224.599 22.5
2 733.814 226.049 22.5
2 735.256 227.492 22.5
2 736.699 228.935 22.5
2 738.156 230.392 23
2 739.6 231.836 22.5
2 741.042 233.278 22.5
2 742.493 234.729 22.5
2 743.947 236.183 22.5
2 745.391 237.627 22.5
2 746.849 239.085 22.5
2 748.292 240.528 23
2 749.743 241.979 22.5
2 751.191 243.427 22.5
2 752.636 244.872 22.5
2 754.093 246.329 22.5
2 755.538 247.773 23
2 756.981 249.217 23
2 758.434 250.669 22.5
3 759.877 8.3e-08 22.5
3 761.321 1.44398 22.5
3 762.773 2.89553 23
3 764.216 4.33914 22.5
3 765.66 5.78287 22.5
3 767.117 7.24012 22.5
3 768.561 8.68353 22.5
3 770.022 10.1442 22.5
3 771.465 11.5881 22.5
3 772.909 13.0314 22.5
3 774.366 14.4884 22.5
3 775.81 15.9324 22.5
3 777.264 17.3863 22.5
3 778.715 18.8377 22.5
3 780.159 20.2816 22.5
3 781.603 21.7255 22.5
3 783.06 23.1826 22.5
3 784.519 24.6418 22.5
3 785.977 26.0993 22.5
3 787.42 27.5431 22.5
3 788.88 29.0025 22.5
3 790.332 30.455 22.5
3 791.776 31.8984 22.5
3 793.218 33.3409 22.5
3 794.675 34.798 22.5
3 796.118 36.241 22.5
3 797.57 37.6929 22.5
3 799.013 39.1359 22.5
3 800.457 40.5797 22.5
3 801.909 42.0314 22.5
3 803.373 43.4955 22.5
3 804.816 44.9391 22.5
3 806.268 46.391 22.5
3 807.733 47.856 22.5
3 809.185 49.3076 22.5
3 810.628 50.7511 22.5
3 812.071 52.1936 22.5
3 813.522 53.6451 22.5
3 814.966 55.0884 22.5
3 816.409 56.5312 22.5
3 817.866 57.9885 22.5
3 819.309 59.4317 22.5
3 820.752 60.8751 23
3 822.213 62.3361 22.5
3 823.657 63.7793 22.5
3 825.1 65.223 22.5
3 826.572 66.6947 23
3 828.014 68.1367 22.5
3 829.464 69.5871 22.5
3 830.909 71.0312 22.5
3 832.351 72.4737 22.5
3 833.808 73.931 22.5
3 835.252 75.3742 23
3 836.695 76.8177 22.5
3 838.147 78.2701 22.5
3 839.59 79.713 22.5
3 841.038 81.1607 23
3 842.497 82.6194 23
3 843.941 84.0638 23
3 845.394 85.5163 22.5
3 846.838 86.9603 22.5
3 848.286 88.4091 23
3 849.737 89.8597 22.5
3 851.18 91.3024 22.5
3 852.623 92.7455 23
3 854.079 94.202 22.5
3 855.523 95.6456 22.5
3 856.965 97.0881 22.5
3 858.417 98.5398 23
3 859.86 99.9826 22.5
3 861.302 101.425 22.5
3 862.77 102.893 22.5
3 864.214 104.336 22.5
3 865.666 105.788 22.5
3 867.108 107.23 22.5
3 868.552 108.674 22.5
3 870.003 110.125 23
3 871.446 111.569 22.5
3 872.889 113.012 22.5
3 874.361 114.483 23
3 875.803 115.925 23
3 877.245 117.368 22.5
3 878.717 118.839 22.5
3 880.161 120.283 22.5
3 881.613 121.735 22.5
3 883.057 123.18 22.5
3 884.502 124.624 23
3 885.96 126.083 22.5
3 887.405 127.528 22.5
3 888.849 128.971 23
3 890.299 130.422 23
3 891.743 131.866 22.5
3 893.187 133.31 23
3 894.637 134.76 22.5
3 896.08 136.203 22.5
3 897.524 137.647 22.5
3 898.98 139.103 23
3 900.44 140.562 23
3 901.89 142.012 22.5
3 903.332 143.454 22.5
3 904.774 144.897 22.5
3 906.231 146.354 22.5
3 907.691 147.813 23
3 909.131 149.254 23
3 910.581 150.704 22.5
3 912.045 152.167 22.5
3 913.494 153.617 23
3 914.937 155.059 23
3 916.379 156.502 23
3 917.83 157.953 22.5
3 919.274 159.396 22.5
3 920.717 160.84 22.5
3 922.175 162.297 23
3 923.633 163.756 22.5
3 925.076 165.199 22.5
3 926.527 166.649 22.5
3 927.968 168.091 22.5
3 929.411 169.534 23
3 930.883 171.006 23
3 932.327 172.45 23
3 933.785 173.908 22.5
3 935.229 175.352 23
3 936.673 176.796 22.5
3 938.125 178.248 22.5
3 939.57 179.692 22.5
3 941.013 181.136 22.5
3 942.486 182.609 23
3 943.927 184.05 22.5
3 945.378 185.501 23
3 946.821 186.944 23
3 948.265 188.387 23
3 949.736 189.859 22.5
3 951.178 191.3 23
3 952.62 192.743 23
3 954.071 194.194 23
3 955.515 195.637 23
3 956.958 197.08 23
3 958.41 198.532 22.5
3 959.853 199.975 22.5
3 961.325 201.448 22.5
3 962.769 202.891 22.5
3 964.211 204.334 22.5
3 965.66 205.783 23
3 967.102 207.225 22.5
3 968.568 208.69 22.5
3 970.019 210.142 23
3 971.462 211.585 23
3 972.906 213.029 23
3 974.364 214.486 22.5
3 975.808 215.93 23
3 977.26 217.382 22.5
3 978.704 218.826 23
3 980.148 220.27 22.5
3 981.599 221.722 23
3 983.064 223.187 22.5
3 984.507 224.63 22.5
3 985.958 226.081 23
3 987.405 227.528 23
3 988.85 228.972 22.5
3 990.307 230.43 22.5
3 991.752 231.874 22.5
3 993.204 233.326 23
3 994.648 234.771 23
3 996.092 236.214 23
3 997.543 237.666 23
3 998.987 239.109 22.5
3 1000.43 240.554 22.5
3 1001.9 242.026 22.5
3 1003.35 243.471 23
3 1004.79 244.915 22.5
3 1006.26 246.384 22.5
3 1007.71 247.828 22.5
3 1009.16 249.28 23
3 1010.6 250.724 23
4 1012.05 9e-08 23
4 1013.5 1.45743 22.5
4 1014.95 2.90146 22.5
4 1016.39 4.34378 23
4 1017.84 5.79481 23
4 1019.28 7.23824 23
4 1020.73 8.68265 23
4 1022.18 10.1326 22.5
4 1023.62 11.5757 22.5
4 1025.06 13.0189 22.5
4 1026.52 14.4759 23
4 1027.97 15.9194 23
4 1029.42 17.3712 22.5
4 1030.87 18.8194 22.5
4 1032.31 20.2641 22.5
4 1033.77 21.7227 23
4 1035.23 23.1824 23
4 1036.67 24.6254 23
4 1038.12 26.076 22.5
4 1039.57 27.5199 22.5
4 1041.01 28.9626 23
4 1042.48 30.4301 23
4 1043.92 31.8735 23
4 1045.37 33.3247 22.5
4 1046.81 34.7682 22.5
4 1048.26 36.2122 22.5
4 1049.72 37.6695 23
4 1051.16 39.1133 23
4 1052.6 40.5568 22.5
4 1054.06 42.0186 23
4 1055.51 43.4618 22.5
4 1056.95 44.9064 23
4 1058.41 46.3641 23
4 1059.85 47.8077 23
4 1061.31 49.2637 23
4 1062.75 50.7076 23
4 1064.2 52.1519 23
4 1065.66 53.6101 23
4 1067.1 55.0541 23
4 1068.54 56.4975 23
4 1070 57.9498 22.5
4 1071.44 59.3932 22.5
4 1072.88 60.8371 22.5
4 1074.33 62.2889 23
4 1075.79 63.7484 23
4 1077.25 65.1999 23
4 1078.69 66.6441 22.5
4 1080.13 68.0877 22.5
4 1081.58 69.5391 23
4 1083.03 70.9826 23
4 1084.47 72.427 23
4 1085.93 73.8838 22.5
4 1087.39 75.3422 22.5
4 1088.83 76.7864 22.5
4 1090.29 78.2444 23
4 1091.73 79.6891 23
4 1093.19 81.1413 22.5
4 1094.64 82.5904 22.5
4 1096.08 84.033 22.5
4 1097.53 85.4844 23
4 1098.97 86.9277 23
4 1100.42 88.3715 23
4 1101.87 89.8286 23
4 1103.32 91.2718 22.5
4 1104.76 92.7148 23
4 1106.22 94.1719 23
4 1107.66 95.6152 23
4 1109.11 97.0594 22.5
4 1110.56 98.5173 22.5
4 1112.01 99.9613 22.5
4 1113.47 101.424 22.5
4 1114.91 102.868 23
4 1116.36 104.312 23
4 1117.82 105.77 23
4 1119.26 107.214 22.5
4 1120.7 108.658 22.5
4 1122.16 110.11 23
4 1123.6 111.553 23
4 1125.04 112.997 23
4 1126.49 114.448 22.5
4 1127.96 115.913 22.5
4 1129.41 117.364 23
4 1130.85 118.806 23
4 1132.3 120.253 23
4 1133.76 121.711 22.5
4 1135.2 123.155 22.5
4 1136.64 124.599 22.5
4 1138.1 126.051 23
4 1139.54 127.495 23
4 1140.99 128.94 23
4 1142.44 130.392 22.5
4 1143.88 131.836 22.5
4 1145.33 133.28 23
4 1146.8 134.753 23
4 1148.24 136.195 23
4 1149.69 137.645 22.5
4 1151.15 139.109 22.5
4 1152.6 140.552 22.5
4 1154.05 142.002 23
4 1155.49 143.444 23
4 1156.93 144.888 22.5
4 1158.39 146.34 22.5
4 1159.83 147.783 22.5
4 1161.27 149.227 23
4 1162.75 150.7 23
4 1164.19 152.144 23
4 1165.65 153.602 22.5
4 1167.09 155.046 22.5
4 1168.54 156.49 22.5
4 1169.99 157.947 23
4 1171.44 159.39 23
4 1172.88 160.833 22.5
4 1174.33 162.285 22.5
4 1175.77 163.729 22.5
4 1177.22 165.172 22.5
4 1178.68 166.63 23
4 1180.12 168.072 23
4 1181.57 169.524 22.5
4 1183.01 170.968 23
4 1184.47 172.422 22.5
4 1185.93 173.88 23
4 1187.37 175.323 23
4 1188.81 176.767 23
4 1190.26 178.219 22.5
4 1191.71 179.667 22.5
4 1193.16 181.111 22.5
4 1194.61 182.569 23
4 1196.06 184.013 23
4 1197.51 185.465 22.5
4 1198.96 186.909 22.5
4 1200.4 188.353 22.5
4 1201.85 189.804 23
4 1203.32 191.27 23
4 1204.76 192.712 23
4 1206.21 194.162 22.5
4 1207.65 195.605 22.5
4 1209.09 197.048 23
4 1210.56 198.515 23
4 1212 199.959 23
4 1213.46 201.411 22.5
4 1214.9 202.855 22.5
4 1216.34 204.299 22.5
4 1217.8 205.75 22.5
4 1219.24 207.194 23
4 1220.68 208.638 22.5
4 1222.16 210.111 22.5
4 1223.6 211.553 22.5
4 1225.04 212.996 23
4 1226.49 214.446 23
4 1227.94 215.889 23
4 1229.4 217.357 23
4 1230.85 218.801 22.5
4 1232.29 220.245 22.5
4 1233.74 221.697 22.5
4 1235.19 223.141 23
4 1236.63 224.585 23
4 1238.09 226.042 22.5
4 1239.53 227.485 22.5
4 1240.97 228.929 22.5
4 1242.43 230.381 23
4 1243.88 231.83 23
4 1245.32 233.274 22.5
4 1246.78 234.732 22.5
4 1248.22 236.176 22.5
4 1249.67 237.628 23
4 1251.12 239.073 23
4 1252.56 240.517 23
4 1254.01 241.968 22.5
4 1255.48 243.433 22.5
4 1256.92 244.875 22.5
4 1258.37 246.326 22.5
4 1259.82 247.77 23
4 1261.26 249.213 22.5
4 1262.73 250.68 22.5
4 1264.17 252.124 22.5
5 1265.62 9.5e-08 23
5 1267.06 1.44334 23
5 1268.51 2.88733 23
5 1269.96 4.33854 23
5 1271.4 5.78197 22.5
5 1272.85 7.22475 23
5 1274.3 8.68263 23
5 1275.75 10.1259 23
5 1277.19 11.5695 23
5 1278.64 13.021 22.5
5 1280.08 14.464 22.5
5 1281.53 15.913 23
5 1282.98 17.3628 23
5 1284.43 18.8054 23
5 1285.87 20.2481 23
5 1287.33 21.705 22.5
5 1288.77 23.1476 22.5
5 1290.22 24.5989 23
5 1291.68 26.0581 23
5 1293.12 27.4962 23
5 1294.57 28.9541 22.5
5 1296.03 30.4078 23
5 1297.47 31.8512 22.5
5 1298.92 33.3032 22.5
5 1300.37 34.7461 23
5 1301.81 36.1901 22.5
5 1303.27 37.6467 22.5
5 1304.71 39.0901 23
5 1306.16 40.5419 23
5 1307.62 41.9959 23
5 1309.06 43.4399 23
5 1310.52 44.8978 23
5 1311.96 46.341 23
5 1313.41 47.785 23
5 1314.86 49.242 23
5 1316.31 50.6851 23
5 1317.75 52.1293 23
5 1319.21 53.5872 23
5 1320.65 55.0313 22.5
5 1322.1 56.4838 22.5
5 1323.55 57.928 23
5 1324.99 59.372 23
5 1326.47 60.8453 22.5
5 1327.91 62.2873 22.5
5 1329.35 63.7298 23
5 1330.8 65.1821 23
5 1332.25 66.6248 23
5 1333.69 68.0673 23
5 1335.14 69.5191 23
5 1336.58 70.9618 23
5 1338.03 72.405 22.5
5 1339.48 73.8622 23
5 1340.93 75.3055 23
5 1342.38 76.7572 23
5 1343.83 78.2101 23
5 1345.27 79.6537 23
5 1346.73 81.1106 23
5 1348.18 82.5643 23
5 1349.63 84.0081 23
5 1351.08 85.4599 23
5 1352.52 86.9026 23
5 1353.97 88.3463 23
5 1355.42 89.8029 23
5 1356.87 91.2465 23
5 1358.32 92.6979 23
5 1359.77 94.1511 23
5 1361.22 95.5954 23
5 1362.67 97.0531 23
5 1364.12 98.4968 23
5 1365.56 99.9402 22.5
5 1367.02 101.396 23
5 1368.46 102.84 23
5 1369.9 104.284 23
5 1371.36 105.742 23
5 1372.81 107.186 22.5
5 1374.26 108.638 23
5 1375.7 110.082 23
5 1377.15 111.525 23
5 1378.6 112.977 23
5 1380.04 114.421 23
5 1381.51 115.886 23
5 1382.96 117.338 23
5 1384.4 118.783 23
5 1385.86 120.238 23
5 1387.31 121.687 23
5 1388.75 123.13 23
5 1390.2 124.581 23
5 1391.65 126.025 22.5
5 1393.09 127.469 22.5
5 1394.54 128.919 23
5 1395.98 130.361 23
5 1397.43 131.805 23
5 1398.88 133.262 23
5 1400.34 134.721 22.5
5 1401.79 136.165 23
5 1403.24 137.622 23
5 1404.69 139.067 23
5 1406.14 140.519 23
5 1407.59 141.968 23
5 1409.03 143.41 23
5 1410.48 144.86 22.5
5 1411.92 146.302 23
5 1413.37 147.746 23
5 1414.82 149.203 22.5
5 1416.27 150.646 23
5 1417.71 152.089 23
5 1419.16 153.541 23
5 1420.6 154.984 23
5 1422.05 156.427 23
5 1423.5 157.879 23
5 1424.94 159.321 23
5 1426.38 160.764 23
5 1427.84 162.221 23
5 1429.29 163.665 23
5 1430.74 165.116 23
5 1432.18 166.559 23
5 1433.63 168.011 23
5 1435.09 169.468 23
5 1436.53 170.912 23
5 1437.98 172.355 23
5 1439.43 173.807 23
5 1440.88 175.255 23
5 1442.32 176.699 23
5 1443.78 178.157 23
5 1445.22 179.601 23
5 1446.67 181.053 23
5 1448.12 182.497 23
5 1449.56 183.94 22.5
5 1451.01 185.392 23
5 1452.46 186.835 23
5 1453.9 188.278 23
5 1455.37 189.752 23
5 1456.81 191.194 23
5 1458.26 192.636 23
5 1459.72 194.102 23
5 1461.17 195.545 23
5 1462.62 196.997 23
5 1464.06 198.44 23
5 1465.5 199.883 23
5 1466.96 201.336 23
5 1468.4 202.78 23
5 1469.84 204.222 23
5 1471.3 205.679 23
5 1472.74 207.123 23
5 1474.2 208.575 23
5 1475.65 210.027 23
5 1477.09 211.47 23
5 1478.56 212.937 23
5 1480 214.38 23
5 1481.44 215.824 23
5 1482.9 217.275 23
5 1484.34 218.719 23
5 1485.78 220.163 23
5 1487.24 221.62 23
5 1488.68 223.063 22.5
5 1490.13 224.506 23
5 1491.58 225.958 23
5 1493.03 227.411 23
5 1494.48 228.855 22.5
5 1495.93 230.312 22.5
5 1497.38 231.756 22.5
5 1498.83 233.206 22.5
5 1500.27 234.654 23
5 1501.72 236.098 22.5
5 1503.18 237.556 22.5
5 1504.62 239 22.5
5 1506.06 240.444 22.5
5 1507.52 241.896 23
5 1508.96 243.341 23
5 1510.4 244.784 23
5 1511.88 246.257 22.5
5 1513.32 247.701 23
5 1514.77 249.154 23
5 1516.22 250.597 23
5 1517.66 252.041 22.5
5 1519.13 253.508 22.5
5 1520.57 254.951 22.5
5 1522.02 256.395 22.5
5 1523.47 257.846 23
5 1524.91 259.29 23
5 1526.35 260.733 23
6 1527.81 1.1e-07 23
6 1529.25 1.44319 22.5
6 1530.7 2.89403 23
6 1532.15 4.33774 23
6 1533.59 5.78153 23
6 1535.04 7.23186 23
6 1536.49 8.67526 22.5
6 1537.93 10.1181 22.5
6 1539.38 11.5744 23
6 1540.84 13.0334 23
6 1542.29 14.4772 22.5
6 1543.75 15.9351 22.5
6 1545.19 17.3792 22.5
6 1546.64 18.8312 23
6 1548.09 20.2752 23
6 1549.53 21.7183 23
6 1550.98 23.17 22.5
6 1552.44 24.6346 22.5
6 1553.89 26.077 23
6 1555.34 27.5271 23
6 1556.78 28.9693 23
6 1558.22 30.4115 22.5
6 1559.69 31.8826 23
6 1561.14 33.3261 22.5
6 1562.59 34.7778 23
6 1564.03 36.2215 23
6 1565.48 37.6654 23
6 1566.93 39.1233 23
6 1568.38 40.5673 23
6 1569.82 42.0115 22.5
6 1571.27 43.4634 23
6 1572.72 44.9071 23
6 1574.17 46.3551 23
6 1575.62 47.8131 23
6 1577.07 49.2572 23
6 1578.53 50.7197 23
6 1579.97 52.1632 23
6 1581.42 53.6073 23
6 1582.87 55.0648 23
6 1584.32 56.5088 23
6 1585.76 57.9529 23
6 1587.21 59.4047 23
6 1588.66 60.8485 23
6 1590.1 62.2915 23
6 1591.55 63.7431 23
6 1593 65.1857 23
6 1594.44 66.6295 23
6 1595.91 68.1021 23
6 1597.36 69.5465 23
6 1598.81 71.0047 23
6 1600.26 72.4488 23
6 1601.7 73.893 23
6 1603.16 75.3451 23
6 1604.6 76.789 23
6 1606.04 78.2325 23
6 1607.52 79.7058 23
6 1608.96 81.1491 23
6 1610.41 82.601 23
6 1611.86 84.0493 23
6 1613.3 85.4926 23
6 1614.76 86.9504 23
6 1616.2 88.3942 23
6 1617.65 89.8376 23
6 1619.1 91.2895 23
6 1620.54 92.7327 23
6 1621.99 94.1761 23
6 1623.44 95.6277 23
6 1624.88 97.0708 23
6 1626.35 98.5433 23
6 1627.8 99.9869 23
6 1629.24 101.429 23
6 1630.69 102.879 23
6 1632.13 104.321 23
6 1633.6 105.786 23
6 1635.05 107.239 23
6 1636.49 108.683 23
6 1637.94 110.127 23
6 1639.4 111.585 23
6 1640.84 113.03 23
6 1642.29 114.482 23
6 1643.74 115.926 23
6 1645.19 117.38 23
6 1646.65 118.837 23
6 1648.09 120.281 23
6 1649.53 121.724 23
6 1650.99 123.176 23
6 1652.43 124.625 23
6 1653.88 126.069 23
6 1655.34 127.527 23
6 1656.78 128.971 23
6 1658.23 130.423 23
6 1659.68 131.867 23
6 1661.12 133.311 23
6 1662.57 134.763 23
6 1664.04 136.229 23
6 1665.48 137.672 23
6 1666.93 139.122 23
6 1668.37 140.565 23
6 1669.82 142.007 23
6 1671.28 143.474 23
6 1672.73 144.917 23
6 1674.18 146.369 23
6 1675.62 147.812 23
6 1677.07 149.255 23
6 1678.52 150.707 23
6 1679.96 152.15 23
6 1681.4 153.593 23
6 1682.88 155.065 23
6 1684.32 156.508 23
6 1685.76 157.95 23
6 1687.21 159.4 23
6 1688.65 160.843 23
6 1690.12 162.31 23
6 1691.56 163.753 23
6 1693.01 165.197 23
6 1694.46 166.648 23
6 1695.9 168.091 23
6 1697.34 169.534 23
6 1698.8 170.992 23
6 1700.25 172.436 23
6 1701.69 173.879 23
6 1703.14 175.331 23
6 1704.59 176.784 23
6 1706.04 178.228 23
6 1707.49 179.685 23
6 1708.95 181.139 23
6 1710.4 182.591 23
6 1711.84 184.034 23
6 1713.29 185.478 23
6 1714.74 186.935 23
6 1716.19 188.378 23
6 1717.63 189.821 23
6 1719.08 191.273 23
6 1720.53 192.717 23
6 1721.97 194.159 23
6 1723.44 195.631 23
6 1724.88 197.074 23
6 1726.33 198.523 23
6 1727.78 199.965 23
6 1729.22 201.409 23
6 1730.69 202.875 22.5
6 1732.13 204.319 23
6 1733.57 205.763 23
6 1735.02 207.215 22.5
6 1736.47 208.658 22.5
6 1737.91 210.102 23
6 1739.36 211.554 23
6 1740.81 212.996 23
6 1742.28 214.469 23
6 1743.72 215.913 22.5
6 1745.16 217.355 22.5
6 1746.61 218.804 23
6 1748.06 220.246 23
6 1749.52 221.706 23
6 1750.97 223.157 23
6 1752.41 224.6 23
6 1753.85 226.043 23
6 1755.3 227.495 23
6 1756.75 228.938 23
6 1758.19 230.381 23
6 1759.65 231.838 23
6 1761.09 233.282 22.5
6 1762.54 234.734 23
6 1763.99 236.182 23
6 1765.44 237.626 23
6 1766.89 239.083 23
6 1768.34 240.526 22.5
6 1769.78 241.969 23
6 1771.23 243.42 23
6 1772.67 244.861 23
6 1774.11 246.303 22.5
6 1775.57 247.764 22.5
6 1777.02 249.207 22.5
6 1778.46 250.65 22.5
6 1779.92 252.107 23
6 1781.36 253.551 23
6 1782.82 255.007 23
6 1784.26 256.45 22.5
6 1785.7 257.892 22.5
6 1787.15 259.342 23
6 1788.59 260.784 23
7 1790.04 1.04e-07 23
7 1791.5 1.45713 22.5
7 1792.94 2.9 22.5
7 1794.38 4.34349 22.5
7 1795.83 5.79403 22.5
7 1797.28 7.23796 23
7 1798.72 8.68049 22.5
7 1800.17 10.1314 22.5
7 1801.63 11.5955 22.5
7 1803.08 13.0446 23
7 1804.53 14.4869 23
7 1805.97 15.9305 23
7 1807.42 17.3816 23
7 1808.86 18.8252 22.5
7 1810.31 20.269 23
7 1811.78 21.7421 23
7 1813.22 23.1828 23
7 1814.66 24.6251 22.5
7 1816.14 26.0971 22.5
7 1817.58 27.5409 22.5
7 1819.03 28.9929 22.5
7 1820.48 30.4369 23
7 1821.92 31.8808 22.5
7 1823.38 33.3387 22.5
7 1824.82 34.7829 22.5
7 1826.27 36.227 23
7 1827.73 37.6892 23
7 1829.17 39.1329 23
7 1830.61 40.5766 23
7 1832.07 42.0342 22.5
7 1833.52 43.4767 22.5
7 1834.97 44.9333 22.5
7 1836.42 46.3771 23
7 1837.86 47.8211 23
7 1839.32 49.279 22.5
7 1840.76 50.7231 23
7 1842.21 52.1676 22.5
7 1843.66 53.62 23
7 1845.1 55.0639 23
7 1846.55 56.5075 23
7 1848 57.958 22.5
7 1849.44 59.4008 22.5
7 1850.88 60.8445 23
7 1852.34 62.3017 23
7 1853.79 63.7549 23
7 1855.24 65.2064 22.5
7 1856.69 66.6498 22.5
7 1858.13 68.0939 22.5
7 1859.59 69.5503 22.5
7 1861.03 70.9936 23
7 1862.47 72.4358 22.5
7 1863.93 73.8874 22.5
7 1865.37 75.3305 22.5
7 1866.81 76.7739 23
7 1868.28 78.2459 23
7 1869.73 79.6882 23
7 1871.18 81.1377 23
7 1872.62 82.5861 22.5
7 1874.07 84.0301 22.5
7 1875.53 85.4882 23
7 1876.97 86.9322 23
7 1878.42 88.3768 23
7 1879.87 89.8291 22.5
7 1881.31 91.2723 22.5
7 1882.75 92.7153 22.5
7 1884.2 94.1665 23
7 1885.65 95.6099 23
7 1887.12 97.0814 22.5
7 1888.56 98.5232 22.5
7 1890 99.9654 22.5
7 1891.45 101.416 23
7 1892.9 102.859 22.5
7 1894.36 104.323 22.5
7 1895.81 105.775 22.5
7 1897.26 107.219 22.5
7 1898.7 108.663 22.5
7 1900.16 110.12 23
7 1901.6 111.564 23
7 1903.05 113.016 22.5
7 1904.5 114.46 22.5
7 1905.95 115.913 22.5
7 1907.41 117.372 23
7 1908.85 118.815 23
7 1910.3 120.259 22.5
7 1911.75 121.709 22.5
7 1913.2 123.158 22.5
7 1914.64 124.601 23
7 1916.1 126.059 23
7 1917.54 127.502 23
7 1918.99 128.954 23
7 1920.44 130.397 22.5
7 1921.88 131.841 22.5
7 1923.33 133.293 23
7 1924.77 134.736 23
7 1926.22 136.18 22.5
7 1927.69 137.653 22.5
7 1929.13 139.095 22.5
7 1930.58 140.538 23
7 1932.05 142.009 23
7 1933.49 143.453 23
7 1934.94 144.905 23
7 1936.39 146.349 22.5
7 1937.83 147.792 23
7 1939.29 149.25 23
7 1940.73 150.694 23
7 1942.18 152.138 23
7 1943.63 153.589 23
7 1945.07 155.033 23
7 1946.52 156.481 22.5
7 1947.98 157.938 23
7 1949.42 159.382 23
7 1950.87 160.834 23
7 1952.32 162.278 22.5
7 1953.77 163.727 22.5
7 1955.22 165.178 23
7 1956.66 166.62 23
7 1958.1 168.063 23
7 1959.56 169.519 23
7 1961 170.963 23
7 1962.44 172.406 23
7 1963.9 173.857 23
7 1965.35 175.31 23
7 1966.79 176.754 22.5
7 1968.25 178.211 22.5
7 1969.69 179.654 22.5
7 1971.14 181.106 22.5
7 1972.59 182.549 23
7 1974.03 183.993 22.5
7 1975.48 185.444 22.5
7 1976.93 186.888 22.5
7 1978.37 188.332 22.5
7 1979.83 189.788 23
7 1981.27 191.232 23
7 1982.73 192.692 23
7 1984.18 194.141 22.5
7 1985.62 195.583 22.5
7 1987.09 197.054 22.5
7 1988.54 198.498 23
7 1989.98 199.942 23
7 1991.44 201.4 22.5
7 1992.88 202.844 22.5
7 1994.33 204.288 22.5
7 1995.78 205.74 23
7 1997.22 207.183 23
7 1998.67 208.632 23
7 2000.12 210.082 22.5
7 2001.56 211.524 22.5
7 2003 212.966 23
7 2004.46 214.423 23
7 2005.92 215.877 23
7 2007.37 217.329 22.5
7 2008.81 218.772 22.5
7 2010.25 220.216 22.5
7 2011.71 221.673 22.5
7 2013.16 223.117 23
7 2014.6 224.559 22.5
7 2016.05 226.011 22.5
7 2017.49 227.454 22.5
7 2018.94 228.898 23
7 2020.41 230.37 23
7 2021.85 231.813 23
7 2023.3 233.265 23
7 2024.75 234.71 22.5
7 2026.19 236.154 23
7 2027.65 237.612 23
7 2029.1 239.057 23
7 2030.54 240.5 22.5
7 2032 241.963 22.5
7 2033.44 243.406 22.5
7 2034.89 244.848 22.5
7 2036.34 246.306 23
7 2037.79 247.749 23
7 2039.24 249.205 23
7 2040.69 250.649 22.5
7 2042.13 252.093 22.5
7 2043.59 253.551 23
7 2045.03 254.995 23
7 2046.48 256.439 23
7 2047.93 257.891 22.5
7 2049.37 259.334 22.5
7 2050.82 260.782 22.5
7 2052.27 262.233 23
8 2053.71 7.1e-08 23
8 2055.16 1.44257 22.5
8 2056.61 2.89951 23
8 2058.07 4.35338 23
8 2059.52 5.8052 23
8 2060.96 7.24853 23
8 2062.41 8.69233 23
8 2063.86 10.1487 23
8 2065.31 11.5921 23
8 2066.75 13.0351 23
8 2068.2 14.4868 23
8 2069.64 15.9307 23
8 2071.09 17.3741 23
8 2072.54 18.8254 23
8 2073.98 20.2691 23
8 2075.42 21.7115 23
8 2076.9 23.184 23
8 2078.34 24.6263 23
8 2079.79 26.0752 23
8 2081.23 27.5177 23
8 2082.67 28.9616 23
8 2084.14 30.4286 23
8 2085.58 31.8719 23
8 2087.03 33.3155 23
8 2088.48 34.7671 23
8 2089.92 36.21 23
8 2091.4 37.6826 23
8 2092.84 39.126 23
8 2094.28 40.5684 23
8 2095.75 42.0383 23
8 2097.19 43.4819 23
8 2098.64 44.9258 23
8 2100.09 46.3778 23
8 2101.53 47.8218 23
8 2102.98 49.2655 23
8 2104.44 50.7232 23
8 2105.9 52.1842 23
8 2107.35 53.6332 23
8 2108.79 55.0756 23
8 2110.25 56.534 23
8 2111.7 57.9853 23
8 2113.14 59.4287 23
8 2114.58 60.8718 23
8 2116.04 62.3228 23
8 2117.48 63.7668 23
8 2118.92 65.2102 23
8 2120.38 66.6675 23
8 2121.84 68.1267 23
8 2123.29 69.5772 23
8 2124.73 71.0193 23
8 2126.17 72.4616 23
8 2127.63 73.9192 23
8 2129.08 75.3717 23
8 2130.53 76.8149 23
8 2131.98 78.267 23
8 2133.42 79.7099 23
8 2134.87 81.153 23
8 2136.32 82.6096 23
8 2137.77 84.0536 23
8 2139.22 85.5052 23
8 2140.67 86.959 23
8 2142.12 88.4023 23
8 2143.57 89.8593 23
8 2145.02 91.3024 23
8 2146.46 92.7454 23
8 2147.91 94.2018 23
8 2149.36 95.6445 23
8 2150.8 97.086 23
8 2152.25 98.5363 23
8 2153.69 99.9787 23
8 2155.13 101.421 23
8 2156.59 102.878 23
8 2158.03 104.321 23
8 2159.5 105.783 23
8 2160.94 107.227 23
8 2162.38 108.67 23
8 2163.84 110.127 23
8 2165.28 111.57 23
8 2166.74 113.024 23
8 2168.19 114.475 23
8 2169.63 115.918 23
8 2171.07 117.362 23
8 2172.53 118.819 23
8 2173.97 120.262 23
8 2175.43 121.713 23
8 2176.87 123.157 23
8 2178.31 124.6 23
8 2179.76 126.052 23
8 2181.23 127.516 23
8 2182.67 128.958 23
8 2184.12 130.409 23
8 2185.57 131.857 23
8 2187.01 133.299 23
8 2188.46 134.75 23
8 2189.91 136.193 23
8 2191.35 137.637 23
8 2192.81 139.093 23
8 2194.25 140.537 23
8 2195.7 141.988 23
8 2197.14 143.432 23
8 2198.59 144.876 23
8 2200.06 146.348 23
8 2201.5 147.79 23
8 2202.95 149.233 23
8 2204.4 150.684 23
8 2205.84 152.127 23
8 2207.29 153.576 23
8 2208.75 155.034 23
8 2210.19 156.477 23
8 2211.64 157.929 23
8 2213.09 159.374 23
8 2214.53 160.817 23
8 2215.98 162.27 23
8 2217.43 163.714 23
8 2218.89 165.179 23
8 2220.34 166.629 23
8 2221.78 168.072 23
8 2223.23 169.515 23
8 2224.68 170.966 23
8 2226.14 172.426 23
8 2227.59 173.878 23
8 2229.03 175.322 23
8 2230.48 176.765 23
8 2231.93 178.217 23
8 2233.37 179.661 23
8 2234.82 181.104 23
8 2236.27 182.562 23
8 2237.72 184.005 23
8 2239.16 185.449 23
8 2240.62 186.911 23
8 2242.07 188.354 23
8 2243.51 189.798 23
8 2244.98 191.266 23
8 2246.42 192.71 23
8 2247.87 194.162 23
8 2249.32 195.606 23
8 2250.76 197.05 23
8 2252.22 198.507 23
8 2253.66 199.951 23
8 2255.11 201.394 23
8 2256.56 202.845 23
8 2258 204.289 23
8 2259.45 205.737 23
8 2260.91 207.195 23
8 2262.35 208.639 23
8 2263.81 210.101 23
8 2265.26 211.545 23
8 2266.7 212.989 23
8 2268.16 214.446 23
8 2269.61 215.895 23
8 2271.05 217.335 23
8 2272.5 218.786 23
8 2273.94 220.23 23
8 2275.39 221.673 23
8 2276.84 223.124 23
8 2278.3 224.588 23
8 2279.75 226.039 23
8 2281.19 227.482 23
8 2282.64 228.924 23
8 2284.09 230.375 23
8 2285.55 231.833 23
8 2286.99 233.277 23
8 2288.44 234.728 23
8 2289.88 236.172 23
8 2291.33 237.615 23
8 2292.78 239.066 23
8 2294.22 240.509 23
8 2295.67 241.952 23
8 2297.14 243.425 23
8 2298.58 244.868 23
8 2300.03 246.318 23
8 2301.47 247.76 23
8 2302.92 249.203 23
8 2304.37 250.659 23
8 2305.82 252.103 23
8 2307.26 253.545 23
8 2308.71 254.997 23
8 2310.15 256.44 23
8 2311.6 257.883 23
8 2313.05 259.334 23
8 2314.51 260.794 23
8 2315.96 262.245 23
8 2317.4 263.689 23
8 2318.86 265.147 23
8 2320.31 266.601 23
8 2321.76 268.044 23
8 2323.2 269.488 23
8 2324.65 270.939 23
9 2326.1 7.3e-08 23
9 2327.54 1.44307 23
9 2328.99 2.89449 23
9 2330.43 4.3374 23
9 2331.88 5.78055 23
9 2333.33 7.2374 23
9 2334.78 8.68051 23
9 2336.23 10.1319 23
9 2337.68 11.5803 23
9 2339.12 13.0226 23
9 2340.57 14.4722 23
9 2342.01 15.9151 23
9 2343.45 17.3575 23
9 2344.92 18.8245 23
9 2346.36 20.2684 23
9 2347.81 21.7114 23
9 2349.28 23.1846 23
9 2350.72 24.6284 23
9 2352.18 26.0805 23
9 2353.62 27.5243 23
9 2355.06 28.9684 23
9 2356.54 30.4414 23
9 2357.98 31.8842 23
9 2359.42 33.3282 23
9 2360.87 34.7787 23
9 2362.32 36.2223 23
9 2363.76 37.665 23
9 2365.22 39.1226 23
9 2366.66 40.566 23
9 2368.12 42.0265 23
9 2369.57 43.4697 23
9 2371.01 44.9139 23
9 2372.47 46.3709 23
9 2373.91 47.814 23
9 2375.36 49.2676 23
9 2376.81 50.719 23
9 2378.26 52.1625 23
9 2379.7 53.6055 23
9 2381.16 55.0622 23
9 2382.6 56.5056 23
9 2384.05 57.9573 23
9 2385.5 59.4002 23
9 2386.94 60.8436 23
9 2388.39 62.2947 23
9 2389.83 63.7383 23
9 2391.28 65.1822 23
9 2392.74 66.6393 23
9 2394.19 68.0932 23
9 2395.63 69.5366 23
9 2397.08 70.9885 23
9 2398.53 72.432 23
9 2399.97 73.8759 23
9 2401.43 75.3331 23
9 2402.87 76.7759 23
9 2404.32 78.2277 23
9 2405.77 79.6715 23
9 2407.21 81.114 23
9 2408.68 82.5869 23
9 2410.13 84.031 23
9 2411.57 85.4755 23
9 2413.02 86.9279 23
9 2414.47 88.3722 23
9 2415.92 89.8274 23
9 2417.37 91.2785 23
9 2418.82 92.7209 23
9 2420.27 94.1713 23
9 2421.71 95.6138 23
9 2423.15 97.057 23
9 2424.6 98.5081 23
9 2426.05 99.9507 23
9 2427.49 101.394 23
9 2428.95 102.851 23
9 2430.41 104.309 23
9 2431.85 105.753 23
9 2433.31 107.211 23
9 2434.75 108.655 23
9 2436.2 110.107 23
9 2437.65 111.55 23
9 2439.09 112.995 23
9 2440.54 114.447 23
9 2441.99 115.891 23
9 2443.43 117.335 23
9 2444.89 118.793 23
9 2446.33 120.236 23
9 2447.77 121.679 23
9 2449.24 123.139 23
9 2450.68 124.583 23
9 2452.12 126.027 23
9 2453.58 127.484 23
9 2455.02 128.927 23
9 2456.48 130.384 23
9 2457.92 131.827 23
9 2459.37 133.271 23
9 2460.82 134.728 23
9 2462.27 136.172 23
9 2463.71 137.616 23
9 2465.16 139.068 23
9 2466.61 140.512 23
9 2468.05 141.955 23
10 2469.5 7.1e-08 23
10 2470.95 1.4435 23
10 2472.39 2.88691 23
10 2473.85 4.3438 23
10 2475.29 5.78703 23
10 2476.74 7.23852 23
10 2478.19 8.68552 23
10 2479.63 10.1289 23
10 2481.09 11.5868 23
10 2482.53 13.0306 23
10 2483.98 14.4746 23
10 2485.43 15.9313 23
10 2486.88 17.3732 23
10 2488.32 18.8151 23
10 2489.77 20.2653 23
10 2491.21 21.7076 23
10 2492.68 23.1797 23
10 2494.13 24.6233 23
10 2495.57 26.0669 23
10 2497.04 27.5341 23
10 2498.48 28.9767 23
10 2499.92 30.4203 23
10 2501.37 31.8721 23
10 2502.82 33.3152 23
10 2504.26 34.7589 23
10 2505.72 36.2163 23
10 2507.16 37.6602 23
10 2508.61 39.1111 23
10 2510.06 40.5543 23
10 2511.51 42.0085 23
10 2512.97 43.466 23
10 2514.41 44.9097 23
10 2515.87 46.3639 23
10 2517.32 47.8152 23
10 2518.76 49.2587 23
10 2520.2 50.7025 23
10 2521.66 52.1596 23
10 2523.1 53.6026 23
10 2524.56 55.054 23
10 2526.02 56.5132 23
10 2527.45 57.95 23
10 2528.91 59.4069 23
10 2530.36 60.8612 23
10 2531.81 62.3043 23
10 2533.26 63.7556 23
10 2534.7 65.1982 23
10 2536.14 66.6417 23
10 2537.6 68.0985 23
10 2539.04 69.5413 23
10 2540.49 70.9923 23
10 2541.95 72.445 23
10 2543.39 73.8882 23
10 2544.85 75.3451 23
10 2546.29 76.7886 22.5
11 2547.73 8e-08 22.5
11 2549.19 1.45568 22.5
11 2550.63 2.89656 22.5
11 2552.07 4.33861 22.5
11 2553.52 5.78914 22.5
11 2554.96 7.23101 22.5
11 2556.41 8.674 22.5
11 2557.86 10.131 22.5
11 2559.31 11.574 22.5
11 2560.76 13.0252 22.5
11 2562.2 14.4683 22.5
11 2563.64 15.9113 22.5
11 2565.1 17.3625 22.5
11 2566.54 18.8054 22.5
11 2568 20.2696 22.5
11 2569.45 21.7193 22.5
11 2570.89 23.1614 22.5
11 2572.34 24.6042 22.5
11 2573.79 26.0552 22.5
11 2575.25 27.514 22.5
11 2576.7 28.965 22.5
11 2578.14 30.4082 22.5
11 2579.6 31.8617 22.5
11 2581.05 33.3192 22.5
11 2582.5 34.7625 22.5
11 2583.94 36.2061 22.5
11 2585.39 37.6574 22.5
11 2586.84 39.106 22.5
11 2588.28 40.5479 22.5
11 2589.73 41.9981 22.5
11 2591.17 43.4402 22.5
11 2592.62 44.883 22.5
12 2594.07 6.9e-08 22.5
12 2595.52 1.44352 22.5
12 2596.97 2.89463 22.5
12 2598.41 4.3381 22.5
12 2599.85 5.78179 22.5
12 2601.31 7.23234 22.5
12 2602.75 8.67579 22.5
12 2604.19 10.1192 22.5
12 2605.65 11.5756 22.5
12 2607.09 13.0189 22.5
12 2608.55 14.4784 22.5
12 2610 15.9274 22.5
12 2611.44 17.3693 22.5
12 2612.88 18.8114 22.5
12 2614.34 20.268 22.5
12 2615.79 21.7209 22.5
12 2617.24 23.1719 22.5
12 2618.69 24.6159 22.5
12 2620.15 26.08 22.5
12 2621.6 27.5301 22.5
12 2623.04 28.9708 23
13 2624.49 1.04e-07 23
13 2625.94 1.45104 23
13 2627.4 2.91467 23
13 2628.85 4.36458 23
13 2630.29 5.80576 23
13 2631.73 7.24788 23
13 2633.18 8.69821 23
13 2634.63 10.1412 23
13 2636.07 11.5845 23
13 2637.53 13.0412 23
13 2638.97 14.4843 23
13 2640.41 15.9267 23
13 2641.86 17.3774 23
13 2643.31 18.8209 23
13 2644.75 20.2641 23
14 2646.2 5.1e-08 23
14 2647.64 1.44329 23
14 2649.1 2.89771 23
14 2650.55 4.34636 23
14 2651.99 5.78772 23
14 2653.44 7.23766 23
14 2654.88 8.68083 23
14 2656.33 10.1238 23
14 2657.78 11.5749 23
14 2659.22 13.0185 23
14 2660.68 14.4829 23
14 2662.13 15.9323 23
14 2663.58 17.3745 23
15 2665.02 6e-08 23
15 2666.47 1.45078 23
15 2667.93 2.90969 23
15 2669.38 4.36102 23
15 2670.82 5.80409 23
15 2672.27 7.2473 23
15 2673.72 8.6981 23
15 2675.16 10.1407 23
15 2676.6 11.5839 23
15 2678.06 13.0408 23
15 2679.52 14.4987 23
16 2680.96 7.3e-08 23
16 2682.41 1.45097 23
16 2683.85 2.89351 23
16 2685.3 4.33707 23
16 2686.76 5.80351 23
16 2688.21 7.24643 23
16 2689.66 8.69797 23
16 2691.1 10.1403 23
16 2692.54 11.5837 23
16 2694 13.0405 23
17 2695.44 9.8e-08 23
17 2696.89 1.44266 23
17 2698.34 2.89361 23
17 2699.78 4.33602 23
17 2701.23 5.78437 23
17 2702.68 7.23397 23
17 2704.12 8.67512 23
17 2705.58 10.1409 23
17 2707.03 11.5842 23
17 2708.47 13.0272 23
18 2709.92 6e-08 23
18 2711.36 1.44315 23
18 2712.81 2.88646 23
18 2714.26 4.3426 23
18 2715.71 5.78575 23
18 2717.15 7.22827 23
18 2718.6 8.67935 23
18 2720.05 10.1267 23
18 2721.49 11.5678 23
18 2722.94 13.0171 23
19 2724.4 1.1e-07 23
19 2725.85 1.45041 23
19 2727.29 2.8934 23
19 2728.73 4.33664 23
19 2730.18 5.78786 23
19 2731.63 7.23084 23
19 2733.07 8.67371 23
19 2734.54 10.1457 23
19 2735.98 11.5866 23
19 2737.43 13.0285 23
20 2738.89 7e-08 23
20 2740.33 1.44282 23
20 2741.78 2.89375 23
20 2743.23 4.33685 23
20 2744.67 5.78018 23
20 2746.12 7.23118 23
20 2747.57 8.67433 23
20 2749.01 10.1174 23
20 2750.48 11.5892 23
20 2751.92 13.0314 23
21 2753.36 8e-08 23
21 2754.82 1.45083 23
21 2756.26 2.89378 23
21 2757.71 4.34756 23
21 2759.16 5.79619 23
21 2760.6 7.23869 23
21 2762.05 8.68983 23
21 2763.5 10.133 23
21 2764.94 11.5758 23
22 2766.39 6.9e-08 23
22 2767.83 1.44287 23
22 2769.3 2.9075 23
22 2770.75 4.35678 23
22 2772.19 5.79882 23
22 2773.63 7.24171 23
22 2775.08 8.6928 23
22 2776.54 10.1521 23
22 2777.99 11.6033 23
22 2779.44 13.046 23
23 2780.88 6.7e-08 23
23 2782.33 1.45074 23
23 2783.77 2.89432 23
23 2785.22 4.33739 23
23 2786.67 5.79392 23
23 2788.13 7.25236 23
23 2789.57 8.69494 23
23 2791.03 10.1459 23
23 2792.47 11.5892 23
23 2793.91 13.0325 23
24 2795.38 6.2e-08 23
24 2796.82 1.4428 23
24 2798.27 2.89424 23
24 2799.72 4.33772 23
24 2801.16 5.78114 23
24 2802.62 7.23849 23
24 2804.06 8.68214 23
24 2805.5 10.1256 23
24 2806.96 11.577 23
25 2808.4 8.3e-08 23
25 2809.84 1.4435 23
25 2811.29 2.89453 23
25 2812.74 4.33769 23
25 2814.19 5.79207 23
25 2815.64 7.24079 23
25 2817.08 8.68265 23
25 2818.53 10.1334 23
25 2819.98 11.5769 23
25 2821.42 13.0195 23
26 2822.87 5.3e-08 23
26 2824.31 1.44308 23
26 2825.76 2.88609 23
26 2827.21 4.34311 23
26 2828.67 5.8016 23
26 2830.11 7.24326 23
26 2831.56 8.69311 23
26 2833.01 10.1357 23
26 2834.45 11.5793 23
26 2835.92 13.0458 23
27 2837.36 4.6e-08 23
27 2838.81 1.45116 23
27 2840.25 2.89423 23
27 2841.7 4.338 23
27 2843.15 5.79494 23
27 2844.6 7.23802 23
27 2846.04 8.68191 23
27 2847.49 10.1331 23
27 2848.94 11.5759 23
27 2850.38 13.0194 23
28 2851.83 5.8e-08 23
28 2853.27 1.44331 23
28 2854.72 2.88627 23
28 2856.17 4.34337 23
28 2857.63 5.801 23
28 2859.08 7.25098 23
28 2860.52 8.69297 23
28 2861.98 10.1522 23
28 2863.43 11.6035 23
28 2864.88 13.0463 23
29 2866.32 5e-08 23
29 2867.77 1.45128 23
29 2869.21 2.89465 23
29 2870.66 4.33791 23
29 2872.11 5.79508 23
29 2873.56 7.23811 23
29 2875.01 8.68914 23
29 2876.45 10.132 23
29 2877.89 11.5752 23
29 2879.35 13.0259 23
30 2880.99 1e-07 23
30 2882.42 1.4359 23
30 2883.87 2.87823 23
30 2885.33 4.3382 23
30 2886.77 5.77805 23
30 2888.22 7.2292 23
30 2889.66 8.67203 23
30 2891.1 10.1148 23
30 2892.55 11.5662 23
30 2894 13.0086 23
31 2897.54 1.05e-07 23
31 2898.99 1.44698 23
31 2900.43 2.88887 23
31 2901.88 4.33973 23
31 2903.32 5.7828 23
31 2904.77 7.22578 23
31 2906.22 8.67679 23
31 2907.67 10.1235 23
31 2909.1 11.5629 23
31 2910.56 13.0195 23
32 2916.31 1.45e-07 23
32 2917.75 1.44152 23
32 2919.2 2.89168 23
32 2920.64 4.33475 23
32 2922.09 5.77715 23
32 2923.54 7.23404 23
32 2924.99 8.67712 23
32 2926.43 10.1206 23
32 2927.88 11.5716 23
32 2929.32 13.0147 23
