0 5.50734 9e-08 21
0 8.40515 2.8978 21
0 9.84407 4.33672 21
0 11.2974 5.79005 21
0 12.7391 7.2318 21
0 14.1819 8.67451 21
0 15.6328 10.1254 21
0 17.075 11.5677 21
0 18.5206 13.0133 21
0 19.9742 14.4668 21
1 21.4171 6.6e-08 21
1 22.8665 1.44941 21
1 24.308 2.89089 21
1 25.7491 4.33203 21
1 27.2029 5.78577 21
1 28.641 7.22386 21
1 30.0822 8.66511 21
1 31.5395 10.1224 21
1 32.9861 11.569 21
1 34.4382 13.0211 21
2 35.9005 7.5e-08 21
2 37.3532 1.45271 21
2 38.8059 2.90537 21
2 40.2682 4.36773 21
2 41.7167 5.81621 21
2 43.1946 7.2941 21
2 44.6427 8.7422 21
2 46.1102 10.2097 21
2 47.5588 11.6583 21
2 49.0009 13.1004 21
3 50.4514 7.8e-08 21
3 51.8933 1.44197 21
3 53.3515 2.90017 21
3 54.8019 4.35052 21
3 56.2495 5.79815 21
3 57.7171 7.26569 21
3 59.1706 8.71925 21
3 60.6194 10.1681 21
3 62.0847 11.6333 21
3 63.5324 13.0811 21
4 64.9901 6.3e-08 21
4 66.4336 1.44351 21
4 67.8926 2.9025 21
4 69.3598 4.36969 21
4 70.8136 5.82356 21
4 72.2812 7.29112 21
4 73.7295 8.73941 21
4 75.1715 10.1814 21
4 76.6379 11.6478 21
4 78.0909 13.1008 21
4 79.5406 14.5506 21
5 80.9833 6.7e-08 21
5 82.4454 1.46218 21
5 83.9015 2.91821 21
5 85.3598 4.37653 21
5 86.8156 5.83237 21
5 88.28 7.29676 21
5 89.7327 8.74943 21
5 91.1965 10.2132 21
5 92.6473 11.664 21
5 94.0982 13.1149 21
5 95.5412 14.558 21
5 97.0048 16.0215 21
5 98.4683 17.485 21
6 99.9205 1.12e-07 21
6 101.381 1.46083 21
6 102.822 2.90204 21
6 104.265 4.34467 21
6 105.737 5.81693 21
6 107.179 7.25852 21
6 108.621 8.70077 21.5
7 110.071 6.9e-08 21.5
7 111.528 1.45754 21.5
7 112.979 2.90879 21.5
7 114.422 4.35129 21.5
8 115.865 7.5e-08 21.5
8 117.315 1.45042 21.5
8 118.756 2.89159 22
9 120.22 1.11e-07 22
9 121.671 1.4513 22
10 123.131 9.2e-08 22
10 124.581 1.45077 22.5
11 126.037 6.1e-08 22.5
12 127.477 7e-08 22.5
12 128.944 1.46674 22.5
13 130.387 7.5e-08 22.5
14 131.83 4.9e-08 22.5
15 133.279 6.1e-08 22.5
15 134.721 1.44263 22.5
16 136.193 7.6e-08 22.5
17 137.637 5.2e-08 22.5
18 139.096 6.5e-08 22.5
19 140.547 4.5e-08 22.5
19 141.99 1.44304 22.5
20 143.438 5.8e-08 22.5
21 144.895 5.1e-08 22.5
22 146.351 6e-08 22.5
23 148.001 1.45e-07 22.5
23 149.451 1.44996 22.5
24 150.895 6.4e-08 21
25 152.445 1.56e-07 22.5
25 153.888 1.44262 21.5
26 155.344 7e-08 22.5
26 156.786 1.44164 21.5
27 159.228 1.45e-07 22.5
27 160.682 1.45342 21.5
28 165.134 1.45e-07 22.5
28 166.577 1.44253 21.5
29 175.324 1.55e-07 22.5
29 176.765 1.44076 21.5
