0 6.81812 9.7e-08 26.5
0 9.71568 2.89757 26.5
0 11.1521 4.33399 26.5
0 12.5918 5.77373 26.5
0 14.0483 7.23022 26.5
0 15.4868 8.66868 26.5
0 16.9284 10.1102 26.5
0 18.3754 11.5572 26.5
0 19.8197 13.0016 26.5
0 21.2594 14.4413 26.5
0 22.7083 15.8902 26.5
0 24.1534 17.3353 26.5
0 25.5927 18.7746 26.5
0 27.043 20.2249 26.5
1 28.4854 1.01e-07 26.5
1 29.9273 1.44186 26.5
1 31.3931 2.9077 26.5
1 32.8459 4.36054 26.5
1 34.3007 5.81529 26.5
1 35.7528 7.26737 26.5
1 37.2116 8.72621 26.5
1 38.6722 10.1867 26.5
1 40.1198 11.6344 26.5
1 41.5627 13.0773 26.5
1 43.0299 14.5445 26.5
1 44.4814 15.9959 26.5
1 45.9423 17.4568 26.5
1 47.3892 18.9037 26.5
2 48.8313 7.8e-08 26.5
2 50.281 1.44973 26.5
2 51.7454 2.91415 26.5
2 53.1981 4.36682 26.5
2 54.653 5.82176 26.5
2 56.1011 7.2699 26.5
2 57.5492 8.71792 26.5
2 59.0159 10.1846 26.5
2 60.4681 11.6369 26.5
2 61.9348 13.1035 26.5
2 63.3708 14.5395 26.5
2 64.8341 16.0028 26.5
2 66.2886 17.4573 26.5
2 67.7359 18.9046 26.5
2 69.1773 20.346 26.5
3 70.6276 9e-08 26.5
3 72.0705 1.44288 26.5
3 73.5127 2.88506 26.5
3 74.9805 4.35285 26.5
3 76.4338 5.80621 26.5
3 77.8891 7.26148 26.5
3 79.3417 8.71406 26.5
3 80.7843 10.1567 27
4 82.2519 8e-08 27
4 83.7048 1.45289 27
4 85.153 2.90103 27
4 86.6029 4.35094 27
5 88.0468 7.4e-08 27
5 89.4914 1.44459 27.5
6 90.9424 6.9e-08 27.5
7 92.3853 6.8e-08 29
8 93.8398 3.4e-08 30
10 95.3012 6e-08 30.5
13 96.7581 1.31e-07 30.5
16 98.2061 6.8e-08 30.5
18 99.6639 5.3e-08 30.5
20 101.107 7.2e-08 27
22 102.559 7.5e-08 27
23 104.202 1.44e-07 27
24 106.746 1.03e-07 27
25 111.489 1.53e-07 27
26 120.536 1.47e-07 27
