        type trial_config ert_flop   unroll  buffers        nsize       trials       microsecs        bytes        flops         GB/s         GF/s
        long    coalesced        4        1        2           16     16777216     6891339.330    536870912    134217728        0.078        0.019
        long    coalesced        4        1        2           32     16777216     6891316.773   1073741824    268435456        0.156        0.039
        long    coalesced        4        1        2           64     16777216     7274239.642   2147483648    536870912        0.295        0.074
        long    coalesced        4        1        2          128     16777216     7702047.877   4294967296   1073741824        0.558        0.139
        long    coalesced        4        1        2          256     16777216    10014609.258   8589934592   2147483648        0.858        0.214
        long    coalesced        4        1        2          512     16777216    11477836.430  17179869184   4294967296        1.497        0.374
        long    coalesced        4        1        2         1024      8388608     7274104.653  17179869184   4294967296        2.362        0.590
        long    coalesced        4        1        2         2048      4194304     4676373.966  17179869184   4294967296        3.674        0.918
        long    coalesced        4        1        2         4096      2097152     3273545.916  17179869184   4294967296        5.248        1.312
        long    coalesced        4        1        2         8192      1048576     2708860.655  17179869184   4294967296        6.342        1.586
        long    coalesced        4        1        2        16384       524288     2322397.772  17179869184   4294967296        7.397        1.849
        long    coalesced        4        1        2        32768       262144     2139199.237  17179869184   4294967296        8.031        2.008
        long    coalesced        4        1        2        65536       131072     2046118.569  17179869184   4294967296        8.396        2.099
        long    coalesced        4        1        2       131072        65536     2046165.022  17179869184   4294967296        8.396        2.099
        long    coalesced        4        1        2       262144        32768     2030473.451  17179869184   4294967296        8.461        2.115
        long    coalesced        4        1        2       524288        16384     2019264.856  17179869184   4294967296        8.508        2.127
        long    coalesced        4        1        2      1048576         8192     2014079.018  17179869184   4294967296        8.530        2.132
        long    coalesced        4        1        2      2097152         4096     2011489.798  17179869184   4294967296        8.541        2.135
        long    coalesced        4        1        2      4194304         2048     2010072.310  17179869184   4294967296        8.547        2.137
        long    coalesced        4        1        2      8388608         1024     2009538.097  17179869184   4294967296        8.549        2.137
        long    coalesced        4        1        2     16777216          512     2009225.568  17179869184   4294967296        8.550        2.138
        long    coalesced        4        1        2     33554432          256     2008973.462  17179869184   4294967296        8.552        2.138
        long    coalesced        4        1        2     67108864          128     2008850.269  17179869184   4294967296        8.552        2.138
        long    coalesced        4        1        2    134217728           64     2008884.434  17179869184   4294967296        8.552        2.138
        long    coalesced        4        1        2    268435456           32     2008803.405  17179869184   4294967296        8.552        2.138
        long    coalesced        4        1        2    536870912           16     2008826.830  17179869184   4294967296        8.552        2.138
        long    coalesced        4        1        2   1073741824            8     2008725.534  17179869184   4294967296        8.553        2.138
        long    coalesced        4        1        2   2147483648            4     2008781.509  17179869184   4294967296        8.552        2.138
        long    coalesced        4        1        2   4294967296            2     2008694.089  17179869184   4294967296        8.553        2.138
        long    coalesced        4        1        2   8588886016            1     2008510.075  17177772032   4294443008        8.552        2.138
