        type trial_config ert_flop   unroll  buffers        nsize       trials       microsecs        bytes        flops         GB/s         GF/s
        long    coalesced        2       32        2          512     16777216     9176434.916  17179869184   2147483648        1.872        0.234
        long    coalesced        2       32        2         1024      8388608     5036091.913  17179869184   2147483648        3.411        0.426
        long    coalesced        2       32        2         2048      4194304     2976022.400  17179869184   2147483648        5.773        0.722
        long    coalesced        2       32        2         4096      2097152     1636973.402  17179869184   2147483648       10.495        1.312
        long    coalesced        2       32        2         8192      1048576     1169393.384  17179869184   2147483648       14.691        1.836
        long    coalesced        2       32        2        16384       524288      909609.039  17179869184   2147483648       18.887        2.361
        long    coalesced        2       32        2        32768       262144      782548.386  17179869184   2147483648       21.954        2.744
        long    coalesced        2       32        2        65536       131072      721243.747  17179869184   2147483648       23.820        2.977
        long    coalesced        2       32        2       131072        65536      688174.368  17179869184   2147483648       24.964        3.121
        long    coalesced        2       32        2       262144        32768      671641.496  17179869184   2147483648       25.579        3.197
        long    coalesced        2       32        2       524288        16384      663243.333  17179869184   2147483648       25.903        3.238
        long    coalesced        2       32        2      1048576         8192      659256.508  17179869184   2147483648       26.059        3.257
        long    coalesced        2       32        2      2097152         4096      657110.673  17179869184   2147483648       26.145        3.268
        long    coalesced        2       32        2      4194304         2048      656103.967  17179869184   2147483648       26.185        3.273
        long    coalesced        2       32        2      8388608         1024      655673.082  17179869184   2147483648       26.202        3.275
        long    coalesced        2       32        2     16777216          512      655384.238  17179869184   2147483648       26.213        3.277
        long    coalesced        2       32        2     33554432          256      655235.677  17179869184   2147483648       26.219        3.277
        long    coalesced        2       32        2     67108864          128      655177.904  17179869184   2147483648       26.222        3.278
        long    coalesced        2       32        2    134217728           64      655148.496  17179869184   2147483648       26.223        3.278
        long    coalesced        2       32        2    268435456           32      655078.528  17179869184   2147483648       26.226        3.278
        long    coalesced        2       32        2    536870912           16      655076.128  17179869184   2147483648       26.226        3.278
        long    coalesced        2       32        2   1073741824            8      655063.796  17179869184   2147483648       26.226        3.278
        long    coalesced        2       32        2   2147483648            4      655129.854  17179869184   2147483648       26.224        3.278
        long    coalesced        2       32        2   4294967296            2      655071.610  17179869184   2147483648       26.226        3.278
        long    coalesced        2       32        2   8588886016            1      654982.138  17177772032   2147221504       26.226        3.278
