0 6.83888 9.7e-08 20.5
0 9.72836 2.88948 20.5
0 11.1767 4.33781 20.5
0 12.6201 5.78126 20.5
0 14.0655 7.2266 20.5
0 15.5207 8.68185 20.5
0 16.9635 10.1246 20.5
1 18.4057 1.11e-07 20.5
1 19.8567 1.45103 20.5
1 21.2988 2.8931 20.5
1 22.7402 4.33453 20.5
1 24.1918 5.78612 20.5
1 25.635 7.22926 20.5
1 27.083 8.67726 20.5
1 28.5439 10.1382 20.5
2 30.0017 1e-07 20.5
2 31.4612 1.45945 20.5
2 32.9084 2.90666 20.5
2 34.3612 4.35945 20.5
2 35.8357 5.834 20.5
2 37.2955 7.29375 20.5
2 38.7531 8.75137 20.5
2 40.2025 10.2008 20.5
3 41.6517 7e-08 20.5
3 43.1028 1.4511 20.5
3 44.5447 2.893 20.5
3 46.0012 4.34947 20.5
3 47.4613 5.80962 20.5
3 48.9103 7.25855 20.5
3 50.3625 8.71075 20.5
3 51.8278 10.1761 20.5
3 53.2843 11.6326 20.5
4 54.7444 1.19e-07 20.5
4 56.1938 1.44944 20.5
4 57.6444 2.90004 20.5
4 59.0865 4.34216 20.5
4 60.5296 5.78528 20.5
4 61.9966 7.25221 20.5
4 63.4399 8.69553 20.5
4 64.8962 10.1519 20.5
4 66.362 11.6176 20.5
5 67.8149 7.9e-08 20.5
5 69.2817 1.46685 20.5
5 70.7292 2.91433 20.5
5 72.1819 4.36703 20.5
5 73.6267 5.81184 20.5
5 75.0919 7.27701 20.5
5 76.5602 8.74529 20.5
5 78.01 10.1952 20.5
5 79.4656 11.6508 20.5
5 80.9314 13.1165 20.5
5 82.3837 14.5688 20.5
6 83.835 9.6e-08 20.5
6 85.294 1.45894 20.5
6 86.75 2.91498 20.5
6 88.1948 4.35973 20.5
6 89.6389 5.8039 20.5
6 91.0968 7.26176 20.5
6 92.5497 8.71471 20.5
6 93.9927 10.1577 20.5
6 95.4602 11.6252 20.5
6 96.9029 13.0678 20.5
6 98.3591 14.5241 20.5
6 99.8037 15.9687 20.5
6 101.259 17.4236 20.5
7 102.711 1.34e-07 20.5
7 104.155 1.44411 20.5
7 105.599 2.88808 20.5
7 107.051 4.34015 20.5
7 108.494 5.7838 20.5
7 109.962 7.25088 20.5
7 111.405 8.69389 20.5
7 112.848 10.1372 20.5
7 114.299 11.5886 20.5
7 115.753 13.0427 20.5
7 117.213 14.5024 20.5
7 118.662 15.9516 20.5
7 120.12 17.4095 20.5
7 121.572 18.861 20.5
7 123.02 20.3096 21
8 124.464 1.05e-07 21
8 125.927 1.46268 21
8 127.369 2.90422 21
8 128.811 4.34657 21
8 130.262 5.79765 21
8 131.704 7.23965 21
8 133.163 8.69822 21
8 134.614 10.1495 21
8 136.067 11.6025 21
8 137.518 13.0536 21
9 138.972 8.5e-08 21
9 140.416 1.44437 21
9 141.873 2.90133 21
9 143.317 4.34522 21
9 144.761 5.78952 21
9 146.22 7.24807 21
9 147.68 8.70795 21
9 149.138 10.166 21
10 150.592 1.28e-07 21
10 152.036 1.44405 21
10 153.488 2.89621 21
10 154.942 4.35025 21
10 156.394 5.80207 21
10 157.843 7.25109 21
10 159.287 8.69454 21
11 160.736 6.7e-08 21
11 162.179 1.44288 21
11 163.643 2.90639 21
11 165.094 4.358 21
11 166.555 5.81815 21
12 168.006 9.7e-08 21
12 169.45 1.4441 21
12 170.899 2.89314 21
12 172.35 4.34393 21
12 173.799 5.79325 21
12 175.234 7.22797 21
13 176.69 1.28e-07 21
13 178.132 1.44211 21
13 179.592 2.90187 21
13 181.048 4.35798 21
13 182.502 5.81215 21
14 183.954 7.9e-08 21
14 185.403 1.44909 21
14 186.845 2.89153 21
14 188.306 4.35233 21
14 189.749 5.79579 21
15 191.193 9.1e-08 21
15 192.645 1.45193 21
15 194.11 2.91662 21
15 195.56 4.36686 21
15 197.007 5.81363 21
16 198.45 9.7e-08 21
16 199.908 1.4575 21
16 201.356 2.90601 21
16 202.799 4.34905 21
16 204.251 5.80042 21
17 205.694 6.2e-08 21
17 207.138 1.44354 21
17 208.595 2.9012 21
17 210.055 4.36049 21
17 211.504 5.81016 21
17 212.962 7.26811 21
18 214.405 8e-08 21
18 215.856 1.45104 21
18 217.298 2.893 21
18 218.741 4.33621 21
18 220.203 5.79824 21
19 221.647 9.5e-08 21
19 223.099 1.45206 21
19 224.543 2.8958 21
19 225.991 4.34414 21
19 227.449 5.80188 21
20 228.903 1.09e-07 21
20 230.347 1.44399 21
20 231.799 2.89566 21
20 233.253 4.35012 21
20 234.705 5.80198 21
21 236.156 9.6e-08 21
21 237.597 1.441 21
21 239.047 2.89071 21
21 240.49 4.33415 21
21 241.954 5.7981 21
22 243.407 7.1e-08 21
22 244.867 1.46024 21
22 246.319 2.91241 21
22 247.763 4.35613 21
22 249.206 5.79971 21
23 250.657 6.9e-08 21
23 252.107 1.44919 21
23 253.543 2.88526 21
23 255 4.34257 21
23 256.453 5.79599 21
23 257.897 7.23911 21
24 259.362 8.6e-08 21
24 260.805 1.44306 21
24 262.257 2.89416 21
24 263.7 4.33721 21
24 265.143 5.78052 21
25 266.605 1.35e-07 21
25 268.049 1.44411 21
25 269.493 2.88808 21
25 270.945 4.33986 21
25 272.388 5.78332 21
26 273.832 9e-08 21
26 275.283 1.45132 21
26 276.746 2.9147 21
26 278.198 4.36628 21
26 279.642 5.81018 21
27 281.402 1.45e-07 21
27 282.836 1.43366 21
27 284.278 2.87571 21
27 285.739 4.3367 21
27 287.183 5.78093 21
27 288.632 7.23008 22
28 290.082 8.3e-08 21
28 291.525 1.44261 21
28 292.968 2.8857 21
28 294.424 4.34213 21
28 295.868 5.78564 21
29 299.22 1.23e-07 21
29 300.663 1.44312 21
29 302.121 2.90104 21
29 303.565 4.34476 21
29 305.01 5.78919 21
29 306.461 7.24114 21
30 310.808 1.45e-07 21
30 312.243 1.43509 21
30 313.686 2.87863 21
30 315.142 4.33473 21
30 316.586 5.77834 21
30 318.038 7.2299 21
31 326.485 1e-07 21
31 327.925 1.43972 21
31 329.369 2.88351 21
31 330.821 4.33569 21
31 332.264 5.77928 21
31 333.708 7.22302 21
