        type trial_config ert_flop   unroll  buffers        nsize       trials       microsecs        bytes        flops         GB/s         GF/s
 signed_char    coalesced        4        2        2            4     16777216     6234821.335    134217728    268435456        0.022        0.043
 signed_char    coalesced        4        2        2            8     16777216     6234776.915    268435456    536870912        0.043        0.086
 signed_char    coalesced        4        2        2           16     16777216     6546496.451    536870912   1073741824        0.082        0.164
 signed_char    coalesced        4        2        2           32     16777216     7273897.421   1073741824   2147483648        0.148        0.295
 signed_char    coalesced        4        2        2           64     16777216     8183146.399   2147483648   4294967296        0.262        0.525
 signed_char    coalesced        4        2        2          128     16777216    10910760.991   4294967296   8589934592        0.394        0.787
 signed_char    coalesced        4        2        2          256     16777216    13229143.068   8589934592  17179869184        0.649        1.299
 signed_char    coalesced        4        2        2          512     16777216    16366068.502  17179869184  34359738368        1.050        2.099
 signed_char    coalesced        4        2        2         1024      8388608    11902638.245  17179869184  34359738368        1.443        2.887
 signed_char    coalesced        4        2        2         2048      4194304     9546960.822  17179869184  34359738368        1.800        3.599
 signed_char    coalesced        4        2        2         4096      2097152     8183147.099  17179869184  34359738368        2.099        4.199
 signed_char    coalesced        4        2        2         8192      1048576     7690730.879  17179869184  34359738368        2.234        4.468
 signed_char    coalesced        4        2        2        16384       524288     7364817.595  17179869184  34359738368        2.333        4.665
 signed_char    coalesced        4        2        2        32768       262144     7219621.059  17179869184  34359738368        2.380        4.759
 signed_char    coalesced        4        2        2        65536       131072     7160105.017  17179869184  34359738368        2.399        4.799
 signed_char    coalesced        4        2        2       131072        65536     7113563.154  17179869184  34359738368        2.415        4.830
 signed_char    coalesced        4        2        2       262144        32768     7095387.706  17179869184  34359738368        2.421        4.843
 signed_char    coalesced        4        2        2       524288        16384     7084844.845  17179869184  34359738368        2.425        4.850
 signed_char    coalesced        4        2        2      1048576         8192     7080307.808  17179869184  34359738368        2.426        4.853
 signed_char    coalesced        4        2        2      2097152         4096     7078035.984  17179869184  34359738368        2.427        4.854
 signed_char    coalesced        4        2        2      4194304         2048     7076944.163  17179869184  34359738368        2.428        4.855
 signed_char    coalesced        4        2        2      8388608         1024     7076285.970  17179869184  34359738368        2.428        4.856
 signed_char    coalesced        4        2        2     16777216          512     7076039.683  17179869184  34359738368        2.428        4.856
 signed_char    coalesced        4        2        2     33554432          256     7075903.890  17179869184  34359738368        2.428        4.856
 signed_char    coalesced        4        2        2     67108864          128     7075820.925  17179869184  34359738368        2.428        4.856
 signed_char    coalesced        4        2        2    134217728           64     7075780.269  17179869184  34359738368        2.428        4.856
 signed_char    coalesced        4        2        2    268435456           32     7075783.053  17179869184  34359738368        2.428        4.856
 signed_char    coalesced        4        2        2    536870912           16     7075725.442  17179869184  34359738368        2.428        4.856
 signed_char    coalesced        4        2        2   1073741824            8     7075724.824  17179869184  34359738368        2.428        4.856
 signed_char    coalesced        4        2        2   2147483648            4     7075714.654  17179869184  34359738368        2.428        4.856
 signed_char    coalesced        4        2        2   4294967296            2     7075774.252  17179869184  34359738368        2.428        4.856
 signed_char    coalesced        4        2        2   8588886016            1     7074921.504  17177772032  34355544064        2.428        4.856
