        type trial_config ert_flop   unroll  buffers        nsize       trials       microsecs        bytes        flops         GB/s         GF/s
       float    coalesced     3031        1        1            4     16777216   409462296.696    134217728  50851741696        0.000        0.124
       float    coalesced     3031        1        1            8     16777216   409675921.543    268435456 101703483392        0.001        0.248
       float    coalesced     3031        1        1           16     16777216   410238982.639    536870912 203406966784        0.001        0.496
       float    coalesced     3031        1        1           32     16777216   410635688.537   1073741824 406813933568        0.003        0.991
       float    coalesced     3031        1        1           64     16777216   411875653.303   2147483648 813627867136        0.005        1.975
       float    coalesced     3031        1        1          128     16777216   413475977.898   4294967296 1627255734272        0.010        3.936
       float    coalesced     3031        1        1          256     16777216   416587083.638   8589934592 3254511468544        0.021        7.812
       float    coalesced     3031        1        1          512      8388608   210029556.282   8589934592 3254511468544        0.041       15.495
       float    coalesced     3031        1        1         1024      4194304   106809438.032   8589934592 3254511468544        0.080       30.470
       float    coalesced     3031        1        1         2048      2097152    55115381.931   8589934592 3254511468544        0.156       59.049
       float    coalesced     3031        1        1         4096      1048576    29322642.908   8589934592 3254511468544        0.293      110.990
       float    coalesced     3031        1        1         8192       524288    16366279.875   8589934592 3254511468544        0.525      198.855
       float    coalesced     3031        1        1        16384       262144     9936792.819   8589934592 3254511468544        0.864      327.521
       float    coalesced     3031        1        1        32768       131072     6683124.928   8589934592 3254511468544        1.285      486.975
       float    coalesced     3031        1        1        65536        65536     5069814.176   8589934592 3254511468544        1.694      641.939
       float    coalesced     3031        1        1       131072        32768     4262301.014   8589934592 3254511468544        2.015      763.557
       float    coalesced     3031        1        1       262144        16384     3857701.920   8589934592 3254511468544        2.227      843.640
       float    coalesced     3031        1        1       524288         8192     3654779.422   8589934592 3254511468544        2.350      890.481
       float    coalesced     3031        1        1      1048576         4096     3553328.065   8589934592 3254511468544        2.417      915.905
       float    coalesced     3031        1        1      2097152         2048     3502712.513   8589934592 3254511468544        2.452      929.140
       float    coalesced     3031        1        1      4194304         1024     3477496.838   8589934592 3254511468544        2.470      935.878
       float    coalesced     3031        1        1      8388608          512     3464746.311   8589934592 3254511468544        2.479      939.322
       float    coalesced     3031        1        1     16777216          256     3458474.529   8589934592 3254511468544        2.484      941.025
       float    coalesced     3031        1        1     33554432          128     3455194.824   8589934592 3254511468544        2.486      941.918
       float    coalesced     3031        1        1     67108864           64     3453641.833   8589934592 3254511468544        2.487      942.342
       float    coalesced     3031        1        1    134217728           32     3452829.377   8589934592 3254511468544        2.488      942.564
       float    coalesced     3031        1        1    268435456           16     3452493.474   8589934592 3254511468544        2.488      942.655
       float    coalesced     3031        1        1    536870912            8     3452224.437   8589934592 3254511468544        2.488      942.729
       float    coalesced     3031        1        1   1073741824            4     3452130.076   8589934592 3254511468544        2.488      942.755
       float    coalesced     3031        1        1   2147483648            2     3452075.275   8589934592 3254511468544        2.488      942.770
       float    coalesced     3031        1        1   4293918720            1     3451214.322   8587837440 3253716910080        2.488      942.775
