        type trial_config ert_flop   unroll  buffers        nsize       trials       microsecs        bytes        flops         GB/s         GF/s
         int    coalesced        1        4        2           32     16777216     5951691.061   1073741824    134217728        0.180        0.023
         int    coalesced        1        4        2           64     16777216     6235063.714   2147483648    268435456        0.344        0.043
         int    coalesced        1        4        2          128     16777216     6546769.892   4294967296    536870912        0.656        0.082
         int    coalesced        1        4        2          256     16777216     7274192.516   8589934592   1073741824        1.181        0.148
         int    coalesced        1        4        2          512     16777216     8728908.941  17179869184   2147483648        1.968        0.246
         int    coalesced        1        4        2         1024      8388608     5455755.257  17179869184   2147483648        3.149        0.394
         int    coalesced        1        4        2         2048      4194304     3273617.066  17179869184   2147483648        5.248        0.656
         int    coalesced        1        4        2         4096      2097152     2046168.286  17179869184   2147483648        8.396        1.050
         int    coalesced        1        4        2         8192      1048576     1559223.292  17179869184   2147483648       11.018        1.377
         int    coalesced        1        4        2        16384       524288     1259296.939  17179869184   2147483648       13.642        1.705
         int    coalesced        1        4        2        32768       262144     1093453.556  17179869184   2147483648       15.712        1.964
         int    coalesced        1        4        2        65536       131072     1023253.364  17179869184   2147483648       16.789        2.099
         int    coalesced        1        4        2       131072        65536      985998.011  17179869184   2147483648       17.424        2.178
         int    coalesced        1        4        2       262144        32768      965776.037  17179869184   2147483648       17.789        2.224
         int    coalesced        1        4        2       524288        16384      956578.158  17179869184   2147483648       17.960        2.245
         int    coalesced        1        4        2      1048576         8192      951645.663  17179869184   2147483648       18.053        2.257
         int    coalesced        1        4        2      2097152         4096      949172.703  17179869184   2147483648       18.100        2.262
         int    coalesced        1        4        2      4194304         2048      948034.206  17179869184   2147483648       18.122        2.265
         int    coalesced        1        4        2      8388608         1024      947413.306  17179869184   2147483648       18.133        2.267
         int    coalesced        1        4        2     16777216          512      947214.739  17179869184   2147483648       18.137        2.267
         int    coalesced        1        4        2     33554432          256      947014.570  17179869184   2147483648       18.141        2.268
         int    coalesced        1        4        2     67108864          128      946947.135  17179869184   2147483648       18.142        2.268
         int    coalesced        1        4        2    134217728           64      946950.232  17179869184   2147483648       18.142        2.268
         int    coalesced        1        4        2    268435456           32      946961.789  17179869184   2147483648       18.142        2.268
         int    coalesced        1        4        2    536870912           16      946933.624  17179869184   2147483648       18.143        2.268
         int    coalesced        1        4        2   1073741824            8      946887.563  17179869184   2147483648       18.144        2.268
         int    coalesced        1        4        2   2147483648            4      946891.098  17179869184   2147483648       18.143        2.268
         int    coalesced        1        4        2   4294967296            2      946880.608  17179869184   2147483648       18.144        2.268
         int    coalesced        1        4        2   8588886016            1      946776.807  17177772032   2147221504       18.143        2.268
