0 3.10769 1.26e-07 21
0 6.0088 2.90111 21
0 7.45018 4.34249 21
0 8.8981 5.7904 21
0 10.3395 7.23185 21
0 11.7854 8.67768 21
0 13.2361 10.1284 21
0 14.6749 11.5672 21
0 16.1177 13.01 21
0 17.5976 14.4899 21
0 19.0581 15.9505 21
0 20.5153 17.4076 21
0 21.9578 18.8501 21
0 23.4219 20.3142 21
0 24.8904 21.7827 21
0 26.3346 23.2269 21
1 27.7864 9.3e-08 21
1 29.2342 1.44773 21
1 30.6941 2.90764 21
1 32.1513 4.36486 21
1 33.5983 5.81186 21
1 35.0424 7.25594 21
1 36.5151 8.72863 21
1 37.9749 10.1885 21
1 39.4272 11.6407 21
1 40.876 13.0896 21
1 42.3246 14.5382 21
1 43.7815 15.9951 21
1 45.2352 17.4488 21
1 46.7001 18.9137 21
1 48.1398 20.3534 21
1 49.599 21.8126 21
2 51.0489 7.8e-08 21
2 52.5073 1.45842 21
2 53.9578 2.90898 21
2 55.3992 4.35032 21
2 56.842 5.79309 21
2 58.3137 7.26482 21
2 59.7627 8.7138 21
2 61.2058 10.1569 21
2 62.679 11.6302 21
2 64.122 13.0731 21
2 65.5885 14.5396 21
2 67.031 15.9821 21
2 68.4738 17.425 21
2 69.9243 18.8754 21
2 71.3658 20.317 21
2 72.8084 21.7595 21
2 74.2592 23.2103 21
3 75.7018 6.8e-08 21
3 77.1676 1.46577 21
3 78.6099 2.90809 21
3 80.0526 4.35086 21
3 81.5033 5.8015 21
3 82.9448 7.24305 21
3 84.3898 8.688 21
3 85.8429 10.1412 21
3 87.2958 11.594 21
3 88.7386 13.0368 21
3 90.2033 14.5016 21
3 91.6446 15.9428 21
3 93.0963 17.3946 21
3 94.5448 18.843 21
3 95.9884 20.2866 21
3 97.4462 21.7444 21
3 98.8998 23.198 21
4 100.344 7.7e-08 21
4 101.795 1.45093 21
4 103.238 2.8939 21
4 104.686 4.34268 21
4 106.137 5.79333 21
4 107.579 7.23483 21
4 109.029 8.68556 21
4 110.471 10.1271 21
4 111.914 11.57 21
4 113.364 13.0208 21
4 114.806 14.4624 21
4 116.249 15.9052 21
4 117.705 17.3618 21
4 119.147 18.8031 21
4 120.6 20.2561 21
4 122.05 21.7062 21
4 123.492 23.1487 21
4 124.94 24.5962 21
5 126.391 7.4e-08 21
5 127.842 1.45189 21
5 129.292 2.90192 21
5 130.735 4.34471 21
5 132.178 5.78731 21
5 133.633 7.24259 21
5 135.076 8.6851 21
5 136.517 10.1265 21
5 137.968 11.5771 21
5 139.409 13.0189 21
5 140.852 14.4615 21
5 142.324 15.9338 21
5 143.768 17.3777 21
5 145.22 18.8291 21
5 146.663 20.2728 21
5 148.106 21.7153 21
5 149.573 23.1823 21
5 151.015 24.6244 21
5 152.457 26.0669 21
6 153.908 7.6e-08 21
6 155.351 1.4426 21
6 156.798 2.89017 21
6 158.249 4.3408 21
6 159.69 5.78227 21
6 161.145 7.23646 21
6 162.588 8.67995 21
6 164.031 10.1234 21
6 165.489 11.5807 21
6 166.932 13.0239 21
7 168.385 6.5e-08 21
7 169.836 1.45057 21
7 171.279 2.89323 21
7 172.721 4.33611 21
7 174.177 5.7913 21
7 175.619 7.23401 21
8 177.069 8.8e-08 21
8 178.511 1.4428 21
8 179.954 2.88558 21
8 181.403 4.33481 21
9 182.863 9.5e-08 21
9 184.305 1.44208 21
10 185.755 7.7e-08 21.5
10 187.201 1.44636 21.5
11 188.645 7.7e-08 21.5
11 190.103 1.4574 21.5
12 191.546 6.9e-08 21.5
13 192.998 7.2e-08 21.5
13 194.44 1.44268 21.5
14 195.883 6.9e-08 21.5
15 197.334 6.8e-08 21.5
16 198.775 8.1e-08 21.5
16 200.217 1.44246 21.5
17 201.688 8.5e-08 21.5
18 203.132 7.1e-08 21.5
19 204.575 8.6e-08 21.5
20 206.032 7.5e-08 21.5
20 207.476 1.44316 21.5
21 208.931 8.2e-08 21.5
22 210.375 5.9e-08 21.5
23 211.819 7.3e-08 21.5
24 213.376 1.33e-07 21.5
24 214.822 1.44667 21.5
25 216.273 6.4e-08 21.5
26 217.914 1.54e-07 21.5
26 219.356 1.4417 21
27 221.007 1.45e-07 21.5
27 222.439 1.43173 21.5
28 225.284 1.55e-07 21.5
28 226.736 1.45178 21.5
29 231.882 1.53e-07 21.5
29 233.336 1.45461 21
