0 5.00083 1.1e-07 22.5
0 7.8864 2.88556 22.5
0 9.33709 4.33626 22.5
0 10.7805 5.77962 22.5
0 12.2247 7.22388 22.5
0 13.6765 8.67571 22.5
0 15.1189 10.118 22.5
1 16.5615 8.8e-08 22.5
1 18.0184 1.45689 22.5
1 19.4612 2.89974 22.5
1 20.9127 4.35117 22.5
1 22.3559 5.7944 22.5
1 23.7988 7.23728 22.5
1 25.2498 8.68833 22.5
1 26.6919 10.1305 22.5
1 28.1371 11.5756 22.5
2 29.5951 5.1e-08 22.5
2 31.0362 1.4411 22.5
2 32.4793 2.88425 22.5
2 33.9302 4.33514 23
3 35.3735 7.4e-08 23
3 36.817 1.44349 23
3 38.2717 2.89825 23.5
4 39.7099 3.59e-07 24
5 41.1535 8.7e-08 24.5
6 42.6106 6.7e-08 24.5
8 44.0542 6.5e-08 25
10 45.5052 6.6e-08 25
12 46.9492 7.4e-08 25.5
14 48.3958 1.12e-07 25.5
16 49.8417 8.5e-08 25.5
18 51.2847 6.7e-08 22.5
20 52.727 4.5e-08 25.5
21 54.1836 6.5e-08 22.5
22 55.6272 6.8e-08 22.5
23 58.2724 1.57e-07 22.5
24 63.0122 1.61e-07 22.5
25 72.1723 1.64e-07 22.5
