0 5.29161 7.7e-08 22.5
0 8.16684 2.87524 22.5
0 9.62303 4.33142 22.5
0 11.066 5.77444 22.5
0 12.5156 7.224 22.5
0 13.9601 8.66846 22.5
0 15.4033 10.1117 22.5
0 16.8547 11.5631 22.5
0 18.2981 13.0065 22.5
1 19.7414 7.3e-08 22.5
1 21.1981 1.45675 22.5
1 22.6416 2.90025 22.5
1 24.0844 4.343 22.5
1 25.5371 5.79571 22.5
1 26.9808 7.23949 22.5
1 28.4245 8.68317 22.5
1 29.8745 10.1332 22.5
1 31.3222 11.5808 22.5
2 32.7612 7.6e-08 22.5
2 34.2194 1.45818 22.5
2 35.6625 2.90129 22.5
2 37.1141 4.35295 22.5
2 38.5576 5.79641 22.5
2 40.0012 7.24003 22.5
2 41.4531 8.69194 22.5
2 42.8968 10.1356 22.5
2 44.3408 11.5796 22.5
2 45.798 13.0369 23
3 47.2414 6.2e-08 23
3 48.6842 1.44283 23
3 50.1357 2.89428 23
3 51.5795 4.33813 23
3 53.0232 5.78184 23
4 54.4745 8.9e-08 23
4 55.9188 1.44423 23
4 57.3628 2.88823 23.5
5 58.8202 8.3e-08 23.5
5 60.2644 1.44414 24
6 61.7163 1.38e-07 24.5
7 63.1595 6.2e-08 25.5
9 64.603 6.9e-08 25.5
11 66.0543 1.3e-07 26
13 67.4977 6.4e-08 26
16 68.9415 6.1e-08 23.5
18 70.3985 7.4e-08 23
20 71.8424 6.8e-08 26
22 73.6866 1.12e-07 23.5
23 75.4267 1.09e-07 23
24 78.1671 1.64e-07 23
25 82.7161 1.57e-07 23
26 91.565 1.59e-07 23
