        type trial_config ert_flop   unroll  buffers        nsize       trials       microsecs        bytes        flops         GB/s         GF/s
       float    coalesced        2      256        2         2048      4194304     2728111.184  17179869184   4294967296        6.297        1.574
       float    coalesced        2      256        2         4096      2097152     1637032.691  17179869184   4294967296       10.495        2.624
       float    coalesced        2      256        2         8192      1048576     1133816.026  17179869184   4294967296       15.152        3.788
       float    coalesced        2      256        2        16384       524288      861722.498  17179869184   4294967296       19.937        4.984
       float    coalesced        2      256        2        32768       262144      731060.820  17179869184   4294967296       23.500        5.875
       float    coalesced        2      256        2        65536       131072      669049.469  17179869184   4294967296       25.678        6.420
       float    coalesced        2      256        2       131072        65536      630441.014  17179869184   4294967296       27.251        6.813
       float    coalesced        2      256        2       262144        32768      610604.214  17179869184   4294967296       28.136        7.034
       float    coalesced        2      256        2       524288        16384      601261.246  17179869184   4294967296       28.573        7.143
       float    coalesced        2      256        2      1048576         8192      596036.894  17179869184   4294967296       28.823        7.206
       float    coalesced        2      256        2      2097152         4096      593587.393  17179869184   4294967296       28.942        7.236
       float    coalesced        2      256        2      4194304         2048      592267.587  17179869184   4294967296       29.007        7.252
       float    coalesced        2      256        2      8388608         1024      591764.526  17179869184   4294967296       29.032        7.258
       float    coalesced        2      256        2     16777216          512      591413.362  17179869184   4294967296       29.049        7.262
       float    coalesced        2      256        2     33554432          256      591295.935  17179869184   4294967296       29.055        7.264
       float    coalesced        2      256        2     67108864          128      591213.093  17179869184   4294967296       29.059        7.265
       float    coalesced        2      256        2    134217728           64      591181.720  17179869184   4294967296       29.060        7.265
       float    coalesced        2      256        2    268435456           32      591152.507  17179869184   4294967296       29.062        7.265
       float    coalesced        2      256        2    536870912           16      591149.325  17179869184   4294967296       29.062        7.265
       float    coalesced        2      256        2   1073741824            8      591125.852  17179869184   4294967296       29.063        7.266
       float    coalesced        2      256        2   2147483648            4      591118.999  17179869184   4294967296       29.063        7.266
       float    coalesced        2      256        2   4294967296            2      591102.516  17179869184   4294967296       29.064        7.266
       float    coalesced        2      256        2   8588886016            1      591035.744  17177772032   4294443008       29.064        7.266
