0 6.67984 7e-08 21
0 9.56523 2.88539 21
0 11.0205 4.34068 21
0 12.4617 5.78188 21
0 13.9131 7.23323 21
0 15.3545 8.67463 21
1 16.7948 7e-08 21
1 18.2482 1.45341 21
1 19.6901 2.89527 21
1 21.1302 4.33543 21
1 22.5899 5.79504 21
1 24.0312 7.23637 21
1 25.4736 8.67881 21
1 26.9274 10.1325 21
2 28.3868 6.1e-08 21
2 29.8546 1.4678 21
2 31.2964 2.90961 21
2 32.7588 4.37197 21
2 34.2151 5.82828 21
2 35.6743 7.28747 21
2 37.131 8.74416 21
2 38.5741 10.1872 21
3 40.0335 8.3e-08 21
3 41.4901 1.45661 21
3 42.9368 2.90329 21
3 44.3801 4.34658 21
3 45.8376 5.80405 21
3 47.2909 7.25734 21
3 48.7584 8.72491 21
3 50.2126 10.1791 21
4 51.6612 6.4e-08 21
4 53.1108 1.4496 21
4 54.568 2.90671 21
4 56.0225 4.3613 21
4 57.47 5.80877 21
4 58.9286 7.26737 21
4 60.3844 8.72318 21
4 61.8314 10.1702 21
4 63.2987 11.6375 21
5 64.7424 9.5e-08 21
5 66.1848 1.44243 21
5 67.6354 2.89297 21
5 69.098 4.35563 21
5 70.5469 5.80453 21.5
6 72.013 6.4e-08 21.5
6 73.4659 1.45285 21.5
6 74.9159 2.90285 22
7 76.3755 8.2e-08 22
8 77.8287 6.2e-08 22
8 79.2949 1.46624 22.5
9 80.7483 6.6e-08 23
11 82.2017 5.7e-08 23.5
12 83.6582 1.22e-07 23.5
14 85.1109 9.3e-08 23.5
15 86.578 5.5e-08 23.5
17 88.0212 7.3e-08 23.5
18 89.4719 4.9e-08 23.5
20 90.9139 7.4e-08 23.5
21 92.3715 5.8e-08 21.5
23 93.8233 6.1e-08 21.5
24 95.2762 8.6e-08 21
25 97.1191 1.07e-07 21.5
26 100.166 1.61e-07 21.5
27 105.113 1.67e-07 21.5
28 114.373 1.54e-07 21.5
