        type trial_config ert_flop   unroll  buffers        nsize       trials       microsecs        bytes        flops         GB/s         GF/s
        long    coalesced        8        2        2           32     16777216     7274204.411   1073741824    536870912        0.148        0.074
        long    coalesced        8        2        2           64     16777216     7274157.918   2147483648   1073741824        0.295        0.148
        long    coalesced        8        2        2          128     16777216     7702003.099   4294967296   2147483648        0.558        0.279
        long    coalesced        8        2        2          256     16777216     8288479.045   8589934592   4294967296        1.036        0.518
        long    coalesced        8        2        2          512     16777216    10071818.160  17179869184   8589934592        1.706        0.853
        long    coalesced        8        2        2         1024      8388608     5951683.275  17179869184   8589934592        2.887        1.443
        long    coalesced        8        2        2         2048      4194304     3637279.402  17179869184   8589934592        4.723        2.362
        long    coalesced        8        2        2         4096      2097152     2338401.420  17179869184   8589934592        7.347        3.673
        long    coalesced        8        2        2         8192      1048576     1637011.890  17179869184   8589934592       10.495        5.247
        long    coalesced        8        2        2        16384       524288     1337448.563  17179869184   8589934592       12.845        6.423
        long    coalesced        8        2        2        32768       262144     1136968.396  17179869184   8589934592       15.110        7.555
        long    coalesced        8        2        2        65536       131072     1023270.376  17179869184   8589934592       16.789        8.395
        long    coalesced        8        2        2       131072        65536     1015355.103  17179869184   8589934592       16.920        8.460
        long    coalesced        8        2        2       262144        32768      990988.670  17179869184   8589934592       17.336        8.668
        long    coalesced        8        2        2       524288        16384      980578.856  17179869184   8589934592       17.520        8.760
        long    coalesced        8        2        2      1048576         8192      974462.349  17179869184   8589934592       17.630        8.815
        long    coalesced        8        2        2      2097152         4096      971594.061  17179869184   8589934592       17.682        8.841
        long    coalesced        8        2        2      4194304         2048      970219.127  17179869184   8589934592       17.707        8.854
        long    coalesced        8        2        2      8388608         1024      969567.781  17179869184   8589934592       17.719        8.860
        long    coalesced        8        2        2     16777216          512      969288.517  17179869184   8589934592       17.724        8.862
        long    coalesced        8        2        2     33554432          256      969127.887  17179869184   8589934592       17.727        8.864
        long    coalesced        8        2        2     67108864          128      969009.904  17179869184   8589934592       17.729        8.865
        long    coalesced        8        2        2    134217728           64      968976.199  17179869184   8589934592       17.730        8.865
        long    coalesced        8        2        2    268435456           32      968986.924  17179869184   8589934592       17.730        8.865
        long    coalesced        8        2        2    536870912           16      968909.464  17179869184   8589934592       17.731        8.866
        long    coalesced        8        2        2   1073741824            8      968944.823  17179869184   8589934592       17.730        8.865
        long    coalesced        8        2        2   2147483648            4      968936.203  17179869184   8589934592       17.731        8.865
        long    coalesced        8        2        2   4294967296            2      968914.273  17179869184   8589934592       17.731        8.866
        long    coalesced        8        2        2   8588886016            1      968799.884  17177772032   8588886016       17.731        8.865
