        type trial_config ert_flop   unroll  buffers        nsize       trials       microsecs        bytes        flops         GB/s         GF/s
 signed_char    coalesced        8        1        2            2     16777216     6546527.537     67108864    268435456        0.010        0.041
 signed_char    coalesced        8        1        2            4     16777216     6891038.736    134217728    536870912        0.019        0.078
 signed_char    coalesced        8        1        2            8     16777216     7273919.034    268435456   1073741824        0.037        0.148
 signed_char    coalesced        8        1        2           16     16777216     7701741.090    536870912   2147483648        0.070        0.279
 signed_char    coalesced        8        1        2           32     16777216     9352122.426   1073741824   4294967296        0.115        0.459
 signed_char    coalesced        8        1        2           64     16777216    11902637.669   2147483648   8589934592        0.180        0.722
 signed_char    coalesced        8        1        2          128     16777216    16366059.992   4294967296  17179869184        0.262        1.050
 signed_char    coalesced        8        1        2          256     16777216    19396780.916   8589934592  34359738368        0.443        1.771
 signed_char    coalesced        8        1        2          512     16777216    26871365.311  17179869184  68719476736        0.639        2.557
 signed_char    coalesced        8        1        2         1024      8388608    20462462.037  17179869184  68719476736        0.840        3.358
 signed_char    coalesced        8        1        2         2048      4194304    17389753.004  17179869184  68719476736        0.988        3.952
 signed_char    coalesced        8        1        2         4096      2097152    15870130.367  17179869184  68719476736        1.083        4.330
 signed_char    coalesced        8        1        2         8192      1048576    15108000.319  17179869184  68719476736        1.137        4.549
 signed_char    coalesced        8        1        2        16384       524288    14742543.909  17179869184  68719476736        1.165        4.661
 signed_char    coalesced        8        1        2        32768       262144    14570819.104  17179869184  68719476736        1.179        4.716
 signed_char    coalesced        8        1        2        65536       131072    14500172.005  17179869184  68719476736        1.185        4.739
 signed_char    coalesced        8        1        2       131072        65536    14459764.697  17179869184  68719476736        1.188        4.752
 signed_char    coalesced        8        1        2       262144        32768    14441295.852  17179869184  68719476736        1.190        4.759
 signed_char    coalesced        8        1        2       524288        16384    14432029.193  17179869184  68719476736        1.190        4.762
 signed_char    coalesced        8        1        2      1048576         8192    14427048.123  17179869184  68719476736        1.191        4.763
 signed_char    coalesced        8        1        2      2097152         4096    14424515.887  17179869184  68719476736        1.191        4.764
 signed_char    coalesced        8        1        2      4194304         2048    14423651.152  17179869184  68719476736        1.191        4.764
 signed_char    coalesced        8        1        2      8388608         1024    14422878.284  17179869184  68719476736        1.191        4.765
 signed_char    coalesced        8        1        2     16777216          512    14422732.954  17179869184  68719476736        1.191        4.765
 signed_char    coalesced        8        1        2     33554432          256    14422466.204  17179869184  68719476736        1.191        4.765
 signed_char    coalesced        8        1        2     67108864          128    14422561.371  17179869184  68719476736        1.191        4.765
 signed_char    coalesced        8        1        2    134217728           64    14422792.869  17179869184  68719476736        1.191        4.765
 signed_char    coalesced        8        1        2    268435456           32    14422270.641  17179869184  68719476736        1.191        4.765
 signed_char    coalesced        8        1        2    536870912           16    14422273.273  17179869184  68719476736        1.191        4.765
 signed_char    coalesced        8        1        2   1073741824            8    14422347.640  17179869184  68719476736        1.191        4.765
 signed_char    coalesced        8        1        2   2147483648            4    14422398.958  17179869184  68719476736        1.191        4.765
 signed_char    coalesced        8        1        2   4294967296            2    14422534.197  17179869184  68719476736        1.191        4.765
 signed_char    coalesced        8        1        2   8588886016            1    14420574.726  17177772032  68711088128        1.191        4.765
