0 3.37343 1.44e-07 21
0 6.25882 2.88539 21
0 7.7116 4.33818 21
0 9.15548 5.78205 21
0 10.6082 7.23477 21
0 12.0527 8.67927 21
0 13.4973 10.1239 21
0 14.9536 11.5802 21
0 16.4043 13.0309 21
0 17.847 14.4736 21
0 19.3148 15.9414 21
1 20.755 8e-08 21
1 22.2078 1.45283 21
1 23.6572 2.9022 21
1 25.1019 4.34689 21
1 26.5658 5.81083 21
1 28.0098 7.25481 21
1 29.4544 8.69941 21
1 30.9119 10.1569 21
1 32.3617 11.6068 21
1 33.8141 13.0592 21
1 35.2641 14.5091 21
2 36.7074 1.24e-07 21
2 38.1581 1.45069 21
2 39.6079 2.9005 21
2 41.0572 4.34979 21
2 42.5084 5.80098 21
2 43.952 7.24461 21
2 45.3953 8.68792 21
2 46.8579 10.1505 21
2 48.3026 11.5952 21
2 49.7553 13.0479 21
2 51.204 14.4966 21
3 52.6487 7.3e-08 21
3 54.1075 1.45878 21
3 55.5521 2.90339 21
3 56.9955 4.34676 21
3 58.4466 5.79789 21
3 59.8889 7.24014 21
3 61.3314 8.68267 21
3 62.7825 10.1338 21
3 64.2355 11.5868 21
3 65.6751 13.0264 21
3 67.1262 14.4775 21
3 68.5693 15.9206 21
4 70.0198 6.3e-08 21
4 71.4624 1.44261 21
4 72.9056 2.88581 21
4 74.3633 4.34351 21
4 75.8075 5.78773 21
4 77.2569 7.23712 21
4 78.7073 8.68751 21
4 80.1496 10.1298 21
4 81.5926 11.5728 21
4 83.0439 13.0241 21
4 84.4868 14.467 21
4 85.9348 15.915 21
4 87.3856 17.3658 21.5
5 88.8288 6.9e-08 21.5
5 90.2806 1.45175 21.5
5 91.7247 2.89586 21
5 93.1687 4.33986 21.5
5 94.6271 5.79823 21.5
5 96.0712 7.2424 21.5
5 97.5145 8.68567 21.5
5 98.9655 10.1367 21
5 100.409 11.5802 21
5 101.852 13.0233 21
5 103.304 14.4747 21.5
5 104.747 15.9177 21.5
5 106.195 17.3657 21
5 107.645 18.816 21.5
6 109.093 1.06e-07 21.5
6 110.545 1.45209 21.5
6 111.989 2.89606 21.5
6 113.433 4.34041 21.5
6 114.89 5.7973 21.5
6 116.333 7.24047 21.5
6 117.776 8.68391 21.5
7 119.228 6.5e-08 21.5
7 120.67 1.44219 21.5
7 122.113 2.88535 21.5
7 123.564 4.33674 21.5
7 125.007 5.77977 21.5
8 126.456 7e-08 21.5
8 127.907 1.45121 21.5
8 129.349 2.89326 21.5
9 130.8 7.1e-08 21.5
9 132.242 1.4421 21.5
10 133.686 6.7e-08 21.5
11 135.137 5.2e-08 21.5
11 136.579 1.44214 22
12 138.021 5.6e-08 22
13 139.476 1.04e-07 22
13 140.919 1.44289 22
14 142.362 6.9e-08 22
15 143.813 5.7e-08 22
16 145.255 6.5e-08 22
17 146.699 5.1e-08 22
17 148.162 1.46293 22
18 149.605 4.1e-08 22
19 151.057 5.3e-08 22
20 152.5 7.4e-08 22
21 153.944 6.8e-08 22
21 155.396 1.45191 22
22 156.84 7.1e-08 22
23 158.284 6.4e-08 21.5
24 159.741 5.9e-08 22
24 161.183 1.44272 22
25 162.627 6.2e-08 21.5
26 164.078 6.8e-08 22
26 165.519 1.44149 21.5
27 167.061 1.61e-07 22
27 168.501 1.43934 21.5
28 171.254 1.45e-07 22
28 172.702 1.44825 21.5
29 177.748 1.76e-07 22
29 179.187 1.4398 21.5
