        type trial_config ert_flop   unroll  buffers        nsize       trials       microsecs        bytes        flops         GB/s         GF/s
         int    coalesced       31       16        2          128     16777216    13093211.547   4294967296  16642998272        0.328        1.271
         int    coalesced       31       16        2          256     16777216    13093201.640   8589934592  33285996544        0.656        2.542
         int    coalesced       31       16        2          512     16777216    13093208.435  17179869184  66571993088        1.312        5.084
         int    coalesced       31       16        2         1024      8388608     7274251.727  17179869184  66571993088        2.362        9.152
         int    coalesced       31       16        2         2048      4194304     4091983.748  17179869184  66571993088        4.198       16.269
         int    coalesced       31       16        2         4096      2097152     2338449.662  17179869184  66571993088        7.347       28.468
         int    coalesced       31       16        2         8192      1048576     1396285.827  17179869184  66571993088       12.304       47.678
         int    coalesced       31       16        2        16384       524288     1023374.181  17179869184  66571993088       16.787       65.051
         int    coalesced       31       16        2        32768       262144      807662.937  17179869184  66571993088       21.271       82.425
         int    coalesced       31       16        2        65536       131072      704970.517  17179869184  66571993088       24.370       94.432
         int    coalesced       31       16        2       131072        65536      658030.599  17179869184  66571993088       26.108      101.169
         int    coalesced       31       16        2       262144        32768      629831.961  17179869184  66571993088       27.277      105.698
         int    coalesced       31       16        2       524288        16384      616499.054  17179869184  66571993088       27.867      107.984
         int    coalesced       31       16        2      1048576         8192      609689.010  17179869184  66571993088       28.178      109.190
         int    coalesced       31       16        2      2097152         4096      607731.556  17179869184  66571993088       28.269      109.542
         int    coalesced       31       16        2      4194304         2048      604887.710  17179869184  66571993088       28.402      110.057
         int    coalesced       31       16        2      8388608         1024      604052.405  17179869184  66571993088       28.441      110.209
         int    coalesced       31       16        2     16777216          512      603795.933  17179869184  66571993088       28.453      110.256
         int    coalesced       31       16        2     33554432          256      603481.083  17179869184  66571993088       28.468      110.313
         int    coalesced       31       16        2     67108864          128      603402.127  17179869184  66571993088       28.472      110.328
         int    coalesced       31       16        2    134217728           64      603276.024  17179869184  66571993088       28.478      110.351
         int    coalesced       31       16        2    268435456           32      603268.646  17179869184  66571993088       28.478      110.352
         int    coalesced       31       16        2    536870912           16      603276.158  17179869184  66571993088       28.478      110.351
         int    coalesced       31       16        2   1073741824            8      603273.003  17179869184  66571993088       28.478      110.351
         int    coalesced       31       16        2   2147483648            4      603273.164  17179869184  66571993088       28.478      110.351
         int    coalesced       31       16        2   4294967296            2      603284.890  17179869184  66571993088       28.477      110.349
         int    coalesced       31       16        2   8588886016            1      603232.421  17177772032  66563866624       28.476      110.345
