        type trial_config ert_flop   unroll  buffers        nsize       trials       microsecs        bytes        flops         GB/s         GF/s
      double    coalesced       16        2        2           32     16777216    18704355.977   1073741824   1073741824        0.057        0.057
      double    coalesced       16        2        2           64     16777216    18704348.387   2147483648   2147483648        0.115        0.115
      double    coalesced       16        2        2          128     16777216    18704335.441   4294967296   4294967296        0.230        0.230
      double    coalesced       16        2        2          256     16777216    19639497.065   8589934592   8589934592        0.437        0.437
      double    coalesced       16        2        2          512     16777216    21821647.000  17179869184  17179869184        0.787        0.787
      double    coalesced       16        2        2         1024      8388608    11552802.084  17179869184  17179869184        1.487        1.487
      double    coalesced       16        2        2         2048      4194304     6546766.978  17179869184  17179869184        2.624        2.624
      double    coalesced       16        2        2         4096      2097152     3814430.965  17179869184  17179869184        4.504        4.504
      double    coalesced       16        2        2         8192      1048576     2455318.890  17179869184  17179869184        6.997        6.997
      double    coalesced       16        2        2        16384       524288     1753916.743  17179869184  17179869184        9.795        9.795
      double    coalesced       16        2        2        32768       262144     1394986.869  17179869184  17179869184       12.315       12.315
      double    coalesced       16        2        2        65536       131072     1227870.600  17179869184  17179869184       13.992       13.992
      double    coalesced       16        2        2       131072        65536     1138357.230  17179869184  17179869184       15.092       15.092
      double    coalesced       16        2        2       262144        32768     1096468.533  17179869184  17179869184       15.668       15.668
      double    coalesced       16        2        2       524288        16384     1074530.074  17179869184  17179869184       15.988       15.988
      double    coalesced       16        2        2      1048576         8192     1063430.452  17179869184  17179869184       16.155       16.155
      double    coalesced       16        2        2      2097152         4096     1057488.416  17179869184  17179869184       16.246       16.246
      double    coalesced       16        2        2      4194304         2048     1055262.123  17179869184  17179869184       16.280       16.280
      double    coalesced       16        2        2      8388608         1024     1053837.942  17179869184  17179869184       16.302       16.302
      double    coalesced       16        2        2     16777216          512     1053209.724  17179869184  17179869184       16.312       16.312
      double    coalesced       16        2        2     33554432          256     1052824.883  17179869184  17179869184       16.318       16.318
      double    coalesced       16        2        2     67108864          128     1052640.562  17179869184  17179869184       16.321       16.321
      double    coalesced       16        2        2    134217728           64     1052588.849  17179869184  17179869184       16.322       16.322
      double    coalesced       16        2        2    268435456           32     1052588.690  17179869184  17179869184       16.322       16.322
      double    coalesced       16        2        2    536870912           16     1052522.572  17179869184  17179869184       16.323       16.323
      double    coalesced       16        2        2   1073741824            8     1052491.887  17179869184  17179869184       16.323       16.323
      double    coalesced       16        2        2   2147483648            4     1052471.928  17179869184  17179869184       16.323       16.323
      double    coalesced       16        2        2   4294967296            2     1052523.516  17179869184  17179869184       16.323       16.323
      double    coalesced       16        2        2   8588886016            1     1052377.073  17177772032  17177772032       16.323       16.323
