        type trial_config ert_flop   unroll  buffers        nsize       trials       microsecs        bytes        flops         GB/s         GF/s
       float    coalesced        8       32        1          128     16777216     6891069.825   4294967296   4294967296        0.623        0.623
       float    coalesced        8       32        1          256     16777216     7273850.750   8589934592   8589934592        1.181        1.181
       float    coalesced        8       32        1          512      8388608     3850925.476   8589934592   8589934592        2.231        2.231
       float    coalesced        8       32        1         1024      4194304     2118249.833   8589934592   8589934592        4.055        4.055
       float    coalesced        8       32        1         2048      2097152     1212400.266   8589934592   8589934592        7.085        7.085
       float    coalesced        8       32        1         4096      1048576      711691.073   8589934592   8589934592       12.070       12.070
       float    coalesced        8       32        1         8192       524288      454724.956   8589934592   8589934592       18.890       18.890
       float    coalesced        8       32        1        16384       262144      341053.238   8589934592   8589934592       25.186       25.186
       float    coalesced        8       32        1        32768       131072      286504.029   8589934592   8589934592       29.982       29.982
       float    coalesced        8       32        1        65536        65536      292374.014   8589934592   8589934592       29.380       29.380
       float    coalesced        8       32        1       131072        32768      291695.320   8589934592   8589934592       29.448       29.448
       float    coalesced        8       32        1       262144        16384      292083.445   8589934592   8589934592       29.409       29.409
       float    coalesced        8       32        1       524288         8192      289567.498   8589934592   8589934592       29.665       29.665
       float    coalesced        8       32        1      1048576         4096      288934.151   8589934592   8589934592       29.730       29.730
       float    coalesced        8       32        1      2097152         2048      287778.148   8589934592   8589934592       29.849       29.849
       float    coalesced        8       32        1      4194304         1024      287795.677   8589934592   8589934592       29.847       29.847
       float    coalesced        8       32        1      8388608          512      287641.814   8589934592   8589934592       29.863       29.863
       float    coalesced        8       32        1     16777216          256      287601.835   8589934592   8589934592       29.867       29.867
       float    coalesced        8       32        1     33554432          128      287588.235   8589934592   8589934592       29.869       29.869
       float    coalesced        8       32        1     67108864           64      287513.217   8589934592   8589934592       29.877       29.877
       float    coalesced        8       32        1    134217728           32      287553.776   8589934592   8589934592       29.872       29.872
       float    coalesced        8       32        1    268435456           16      287533.392   8589934592   8589934592       29.875       29.875
       float    coalesced        8       32        1    536870912            8      287491.035   8589934592   8589934592       29.879       29.879
       float    coalesced        8       32        1   1073741824            4      287489.296   8589934592   8589934592       29.879       29.879
       float    coalesced        8       32        1   2147483648            2      287476.527   8589934592   8589934592       29.880       29.880
       float    coalesced        8       32        1   4293918720            1      287419.204   8587837440   8587837440       29.879       29.879
