        type trial_config ert_flop   unroll  buffers        nsize       trials       microsecs        bytes        flops         GB/s         GF/s
      double    coalesced       64        2        2           32     16777216    65464039.494   1073741824   4294967296        0.016        0.066
      double    coalesced       64        2        2           64     16777216    65464041.277   2147483648   8589934592        0.033        0.131
      double    coalesced       64        2        2          128     16777216    65464058.877   4294967296  17179869184        0.066        0.262
      double    coalesced       64        2        2          256     16777216    65464092.487   8589934592  34359738368        0.131        0.525
      double    coalesced       64        2        2          512     16777216    67193133.808  17179869184  68719476736        0.256        1.023
      double    coalesced       64        2        2         1024      8388608    34657673.757  17179869184  68719476736        0.496        1.983
      double    coalesced       64        2        2         2048      4194304    18184826.784  17179869184  68719476736        0.945        3.779
      double    coalesced       64        2        2         4096      2097152     9807181.823  17179869184  68719476736        1.752        7.007
      double    coalesced       64        2        2         8192      1048576     5455733.381  17179869184  68719476736        3.149       12.596
      double    coalesced       64        2        2        16384       524288     3322982.035  17179869184  68719476736        5.170       20.680
      double    coalesced       64        2        2        32768       262144     2242796.569  17179869184  68719476736        7.660       30.640
      double    coalesced       64        2        2        65536       131072     1728561.201  17179869184  68719476736        9.939       39.755
      double    coalesced       64        2        2       131072        65536     1468046.269  17179869184  68719476736       11.703       46.810
      double    coalesced       64        2        2       262144        32768     1336536.761  17179869184  68719476736       12.854       51.416
      double    coalesced       64        2        2       524288        16384     1274322.114  17179869184  68719476736       13.482       53.926
      double    coalesced       64        2        2      1048576         8192     1239585.095  17179869184  68719476736       13.859       55.437
      double    coalesced       64        2        2      2097152         4096     1223406.702  17179869184  68719476736       14.043       56.171
      double    coalesced       64        2        2      4194304         2048     1215328.987  17179869184  68719476736       14.136       56.544
      double    coalesced       64        2        2      8388608         1024     1211372.685  17179869184  68719476736       14.182       56.729
      double    coalesced       64        2        2     16777216          512     1209257.131  17179869184  68719476736       14.207       56.828
      double    coalesced       64        2        2     33554432          256     1208309.516  17179869184  68719476736       14.218       56.872
      double    coalesced       64        2        2     67108864          128     1207864.135  17179869184  68719476736       14.223       56.893
      double    coalesced       64        2        2    134217728           64     1207554.213  17179869184  68719476736       14.227       56.908
      double    coalesced       64        2        2    268435456           32     1207495.262  17179869184  68719476736       14.228       56.911
      double    coalesced       64        2        2    536870912           16     1207351.147  17179869184  68719476736       14.229       56.918
      double    coalesced       64        2        2   1073741824            8     1207459.725  17179869184  68719476736       14.228       56.912
      double    coalesced       64        2        2   2147483648            4     1207381.257  17179869184  68719476736       14.229       56.916
      double    coalesced       64        2        2   4294967296            2     1207305.289  17179869184  68719476736       14.230       56.920
      double    coalesced       64        2        2   8588886016            1     1207122.937  17177772032  68711088128       14.230       56.921
