0 6.63286 1.55e-07 20.5
0 9.5127 2.87983 20.5
0 10.9675 4.33462 20.5
0 12.4091 5.77622 20.5
1 13.8489 8e-08 20.5
1 15.3006 1.45175 20.5
1 16.745 2.89613 20.5
1 18.1879 4.33907 20.5
2 19.6439 9.1e-08 20.5
2 21.0845 1.44064 20.5
2 22.537 2.89307 20.5
2 23.9794 4.33554 20.5
3 25.4205 7.6e-08 20.5
3 26.8709 1.45039 20.5
3 28.3174 2.89689 20.5
3 29.7889 4.36837 20.5
3 31.2357 5.8152 20.5
4 32.6823 7.4e-08 20.5
4 34.1498 1.46742 20.5
4 35.5909 2.90852 20.5
4 37.0341 4.35178 20.5
4 38.4841 5.80173 20.5
4 39.9354 7.25305 20.5
5 41.3926 7.1e-08 20.5
5 42.8478 1.45518 20.5
5 44.2936 2.901 20.5
5 45.7349 4.34233 20.5
5 47.2045 5.81194 20.5
5 48.6553 7.26268 20.5
5 50.1198 8.72723 20.5
6 51.5668 1.6e-07 20.5
6 53.0084 1.44165 20.5
6 54.4634 2.89656 20.5
6 55.9098 4.34303 20.5
6 57.3581 5.79129 20.5
6 58.8131 7.24631 20.5
6 60.2701 8.70328 20.5
6 61.735 10.1682 20.5
6 63.1873 11.6206 21
7 64.6349 6.4e-08 21
7 66.0851 1.45026 21
7 67.5268 2.89197 21
7 69.0003 4.36538 21
7 70.4478 5.81289 21
7 71.9124 7.27754 21
8 73.3667 1.22e-07 21
8 74.8093 1.44261 21
8 76.2578 2.89116 21
8 77.7299 4.36324 21
9 79.1771 1.65e-07 21
9 80.6346 1.4575 21
9 82.0773 2.90022 21
9 83.5212 4.3441 21.5
10 84.9782 1e-07 21.5
10 86.4381 1.45988 21.5
10 87.9029 2.92475 21.5
11 89.3493 1.28e-07 21.5
11 90.7917 1.44237 21.5
12 92.2647 6.7e-08 21.5
12 93.7236 1.45886 21.5
12 95.1775 2.91278 21.5
13 96.6297 1.27e-07 21.5
13 98.0704 1.44069 21.5
13 99.5337 2.904 21.5
14 100.973 1.08e-07 21.5
14 102.428 1.45467 21.5
14 103.88 2.90664 21.5
15 105.345 1.34e-07 21.5
15 106.796 1.45073 21.5
16 108.237 7.5e-08 21.5
16 109.68 1.44295 21.5
16 111.13 2.89309 21.5
17 112.573 1.02e-07 21.5
17 114.037 1.46445 21.5
17 115.489 2.91646 21.5
18 116.949 8.9e-08 21.5
18 118.402 1.45299 21.5
19 119.851 1.46e-07 21.5
19 121.294 1.44273 21.5
19 122.752 2.90084 21.5
20 124.186 9.5e-08 21.5
20 125.629 1.4434 21.5
20 127.085 2.89928 21.5
21 128.543 1.2e-07 21.5
21 129.986 1.44372 21
22 131.454 6.7e-08 21.5
22 132.897 1.4435 21.5
22 134.354 2.90049 21.5
23 135.798 9.1e-08 21.5
23 137.25 1.45234 21.5
23 138.697 2.8994 21.5
24 140.14 1.01e-07 21.5
24 141.582 1.44202 21.5
25 143.234 1.01e-07 21.5
25 144.696 1.46219 21.5
25 146.138 2.90333 21.5
26 147.602 9.4e-08 21.5
26 149.039 1.43717 21.5
26 150.506 2.90428 21
27 152.449 1.7e-07 21.5
27 153.888 1.43942 21.5
27 155.349 2.90019 21
28 158.293 1.27e-07 21.5
28 159.737 1.44389 21.5
28 161.179 2.88582 21
29 166.039 1.78e-07 21.5
29 167.481 1.44182 21.5
29 168.923 2.88461 21
30 178.186 9.8e-08 21.5
30 179.63 1.44406 21.5
30 181.083 2.89723 20.5
