        type trial_config ert_flop   unroll  buffers        nsize       trials       microsecs        bytes        flops         GB/s         GF/s
 signed_char    coalesced        2      512        2         1024      8388608     3850998.636  17179869184  17179869184        4.461        4.461
 signed_char    coalesced        2      512        2         2048      4194304     2286594.632  17179869184  17179869184        7.513        7.513
 signed_char    coalesced        2      512        2         4096      2097152     1363986.953  17179869184  17179869184       12.595       12.595
 signed_char    coalesced        2      512        2         8192      1048576      909367.162  17179869184  17179869184       18.892       18.892
 signed_char    coalesced        2      512        2        16384       524288      699992.262  17179869184  17179869184       24.543       24.543
 signed_char    coalesced        2      512        2        32768       262144      610514.402  17179869184  17179869184       28.140       28.140
 signed_char    coalesced        2      512        2        65536       131072      574989.047  17179869184  17179869184       29.879       29.879
 signed_char    coalesced        2      512        2       131072        65536      567365.554  17179869184  17179869184       30.280       30.280
 signed_char    coalesced        2      512        2       262144        32768      562756.768  17179869184  17179869184       30.528       30.528
 signed_char    coalesced        2      512        2       524288        16384      560554.983  17179869184  17179869184       30.648       30.648
 signed_char    coalesced        2      512        2      1048576         8192      559357.467  17179869184  17179869184       30.714       30.714
 signed_char    coalesced        2      512        2      2097152         4096      558685.745  17179869184  17179869184       30.751       30.751
 signed_char    coalesced        2      512        2      4194304         2048      558291.255  17179869184  17179869184       30.772       30.772
 signed_char    coalesced        2      512        2      8388608         1024      558098.675  17179869184  17179869184       30.783       30.783
 signed_char    coalesced        2      512        2     16777216          512      557986.859  17179869184  17179869184       30.789       30.789
 signed_char    coalesced        2      512        2     33554432          256      557842.784  17179869184  17179869184       30.797       30.797
 signed_char    coalesced        2      512        2     67108864          128      557649.531  17179869184  17179869184       30.808       30.808
 signed_char    coalesced        2      512        2    134217728           64      557595.977  17179869184  17179869184       30.811       30.811
 signed_char    coalesced        2      512        2    268435456           32      556969.030  17179869184  17179869184       30.845       30.845
 signed_char    coalesced        2      512        2    536870912           16      556593.841  17179869184  17179869184       30.866       30.866
 signed_char    coalesced        2      512        2   1073741824            8      556316.457  17179869184  17179869184       30.881       30.881
 signed_char    coalesced        2      512        2   2147483648            4      556192.412  17179869184  17179869184       30.888       30.888
 signed_char    coalesced        2      512        2   4294967296            2      556186.066  17179869184  17179869184       30.889       30.889
 signed_char    coalesced        2      512        2   8588886016            1      556041.053  17177772032  17177772032       30.893       30.893
