0 3.39019 1.54e-07 21
0 6.28412 2.89393 21
0 7.72445 4.33426 21
0 9.16732 5.77713 21
0 10.6183 7.2281 21
0 12.0602 8.67 21
0 13.5028 10.1126 21
0 14.953 11.5628 21
0 16.3956 13.0054 21
0 17.8606 14.4704 21
0 19.3101 15.9199 21
0 20.7485 17.3583 21
0 22.1991 18.8089 21
0 23.6483 20.2581 21
0 25.0917 21.7015 21
0 26.5434 23.1533 21
0 27.9875 24.5973 21
0 29.4364 26.0462 21
1 30.8864 1.01e-07 21
1 32.3294 1.443 21
1 33.7787 2.89221 21
1 35.2335 4.34708 21
1 36.6775 5.79109 21
1 38.1409 7.25443 21
1 39.5849 8.69845 21
1 41.0293 10.1428 21
1 42.4868 11.6004 21
1 43.9307 13.0442 21
1 45.374 14.4876 21
1 46.8372 15.9507 21
1 48.2799 17.3935 21
1 49.7311 18.8446 21
1 51.1779 20.2915 21
1 52.6224 21.736 21
1 54.0806 23.1941 21
1 55.5298 24.6433 21
2 56.9739 8.4e-08 21
2 58.4257 1.45187 21
2 59.8697 2.89581 21
2 61.3137 4.33986 21
2 62.7716 5.79772 21
2 64.223 7.2492 21
2 65.6763 8.70247 21
2 67.1169 10.143 21
2 68.5718 11.598 21
2 70.0241 13.0502 21
2 71.4681 14.4942 21
2 72.9123 15.9384 21
2 74.3637 17.3898 21
2 75.8067 18.8329 21
2 77.269 20.2952 21
2 78.7133 21.7394 21
2 80.1573 23.1834 21
2 81.609 24.6352 21
3 83.0519 9.8e-08 21
3 84.4948 1.44292 21
3 85.9522 2.90033 21
3 87.3952 4.34329 21
3 88.8404 5.78851 21
3 90.2897 7.23782 21
3 91.7419 8.68996 21
3 93.1827 10.1308 21
3 94.6395 11.5876 21
3 96.0828 13.0309 21
3 97.5339 14.482 21
3 98.9757 15.9238 21
3 100.419 17.3669 21
3 101.87 18.8178 21
3 103.312 20.2598 21
3 104.755 21.703 21
3 106.211 23.1589 21
3 107.654 24.6018 21
3 109.097 26.0448 21
3 110.546 27.4943 21
4 111.99 1.07e-07 21
4 113.433 1.44305 21
4 114.883 2.89292 21
4 116.325 4.33561 21
4 117.773 5.78332 21
4 119.224 7.23417 21
4 120.667 8.67719 21
4 122.117 10.1275 21
4 123.56 11.5707 21
4 125.004 13.0143 21
4 126.467 14.4777 21
4 127.911 15.9212 21
4 129.354 17.3641 21
4 130.805 18.8152 21
4 132.247 20.2577 21
4 133.69 21.7001 21
4 135.14 23.15 21
4 136.583 24.5932 21
4 138.031 26.0413 21
4 139.482 27.4924 21
5 140.925 6.3e-08 21
5 142.376 1.45106 21
5 143.819 2.89411 21
5 145.263 4.33827 21
5 146.73 5.80495 21
5 148.171 7.24563 21
5 149.614 8.68896 21
5 151.064 10.139 21
5 152.506 11.5812 21
5 153.95 13.0244 21
5 155.401 14.476 21
5 156.844 15.9191 21
5 158.305 17.3802 21
5 159.75 18.8244 21
5 161.194 20.2683 21
5 162.645 21.7193 21
5 164.088 23.1629 21
5 165.531 24.6057 21
5 166.988 26.0632 21
5 168.43 27.5047 21
5 169.873 28.9476 21
6 171.324 7.7e-08 21
6 172.767 1.44237 21
6 174.21 2.88577 21
6 175.662 4.33746 21
6 177.104 5.77951 21
6 178.546 7.22185 21
6 180.003 8.67897 21
6 181.446 10.1219 21
6 182.897 11.5725 21
6 184.34 13.0152 21
6 185.784 14.4593 21
6 187.245 15.9201 21
6 188.689 17.3643 21
6 190.133 18.8083 21
6 191.584 20.2598 21
6 193.029 21.7042 21
6 194.472 23.1478 21
6 195.923 24.5989 21
6 197.365 26.0409 21
6 198.809 27.485 21
6 200.267 28.9424 21
6 201.716 30.3911 21
6 203.168 31.8434 21
7 204.612 6.8e-08 21
7 206.056 1.44422 21
7 207.514 2.90197 21
7 208.958 4.34539 21
7 210.401 5.78909 21
7 211.852 7.23939 21
7 213.295 8.68238 21
7 214.737 10.1252 21
7 216.189 11.5765 21
7 217.631 13.0192 21
7 219.074 14.4622 21
7 220.531 15.9192 21
7 221.975 17.3626 21.5
8 223.426 7.9e-08 21.5
8 224.868 1.44192 21.5
8 226.311 2.88454 21.5
8 227.762 4.33568 21.5
8 229.206 5.77963 21.5
8 230.649 7.22243 21.5
8 232.105 8.67852 21.5
8 233.552 10.1262 21
9 234.992 6.8e-08 21
9 236.443 1.4508 21
9 237.887 2.89471 21
9 239.329 4.33728 21
9 240.781 5.78902 21.5
10 242.224 8.4e-08 21.5
10 243.666 1.44251 21.5
10 245.129 2.90508 21.5
11 246.572 5.1e-08 21.5
11 248.024 1.45175 21.5
11 249.468 2.89574 21.5
11 250.912 4.33952 21.5
12 252.369 6.4e-08 21.5
12 253.813 1.44396 21.5
13 255.256 6.6e-08 21.5
13 256.707 1.45094 21.5
13 258.15 2.89404 21.5
14 259.594 7.4e-08 21.5
14 261.046 1.45189 21.5
14 262.488 2.89403 21.5
15 263.932 6.6e-08 21.5
15 265.39 1.45816 21.5
16 266.839 6.1e-08 21.5
16 268.29 1.45144 21.5
16 269.733 2.89425 21.5
17 271.176 6.7e-08 21.5
17 272.634 1.4574 21.5
18 274.078 1.21e-07 21.5
18 275.521 1.44345 21.5
18 276.975 2.89749 21.5
19 278.417 7.2e-08 21.5
19 279.86 1.44322 21.5
20 281.311 5.5e-08 21.5
20 282.754 1.44302 21.5
20 284.205 2.89391 21.5
21 285.654 7.2e-08 21.5
21 287.097 1.44368 21.5
22 288.549 6.7e-08 21.5
22 289.993 1.44374 21.5
22 291.436 2.88669 21.5
23 292.887 6.7e-08 21.5
23 294.33 1.44262 21.5
24 295.772 6.1e-08 21.5
24 297.23 1.45762 21.5
24 298.674 2.90155 21.5
25 300.117 5.8e-08 21.5
25 301.568 1.45111 21.5
26 303.012 1.17e-07 21.5
26 304.456 1.44356 21.5
26 305.907 2.8951 21.5
27 307.35 7.3e-08 21.5
27 308.794 1.44377 21.5
27 310.25 2.89997 21.5
28 311.792 1.61e-07 21.5
28 313.231 1.43924 21.5
28 314.675 2.88261 21.5
29 317.634 1.05e-07 21.5
29 319.088 1.45482 21.5
29 320.534 2.90088 21.5
30 325.879 1.45e-07 21.5
30 327.325 1.44614 21.5
30 328.77 2.89032 21.5
