0 3.29719 7e-08 26.5
0 6.17564 2.87845 26
0 7.63491 4.33772 26
0 9.07658 5.77939 26
0 10.5167 7.21953 26
0 11.9743 8.67706 26
0 13.4174 10.1202 26
0 14.8541 11.5569 26
0 16.3106 13.0134 26
0 17.751 14.4538 26
0 19.1878 15.8906 26
0 20.6478 17.3506 26
0 22.0992 18.802 26
0 23.5545 20.2573 26
0 24.997 21.6998 26
1 26.4408 8.4e-08 26
1 27.8967 1.45595 26.5
1 29.3451 2.90427 26
1 30.8095 4.36871 26
1 32.2716 5.83081 26
1 33.7141 7.27328 26
1 35.1626 8.72185 26
1 36.63 10.1892 26
1 38.0735 11.6328 26
1 39.5394 13.0986 26
1 40.9868 14.546 26
1 42.4295 15.9887 26
1 43.9018 17.4611 26
1 45.3544 18.9136 26
1 46.7979 20.3571 26.5
2 48.2492 9.3e-08 26.5
2 49.7015 1.45236 26.5
2 51.1498 2.90061 26.5
2 52.6222 4.37302 26.5
2 54.0648 5.81558 26.5
2 55.5216 7.27243 26.5
2 56.9649 8.71569 26
2 58.424 10.1748 26.5
3 59.8853 6.8e-08 26.5
3 61.3297 1.44433 26.5
3 62.7742 2.88888 26.5
3 64.2219 4.33659 26.5
4 65.6653 6.9e-08 26.5
4 67.1181 1.45279 26.5
5 68.5696 5.8e-08 26.5
5 70.03 1.46034 28
7 71.4727 7.8e-08 29.5
11 72.9233 6.5e-08 30
15 74.3667 5.8e-08 30
20 75.903 1.08e-07 26.5
22 77.4431 8.7e-08 26.5
23 78.8767 8.2e-08 26.5
24 81.5254 1.47e-07 26.5
25 86.3701 1.33e-07 26.5
