        type trial_config ert_flop   unroll  buffers        nsize       trials       microsecs        bytes        flops         GB/s         GF/s
      double    coalesced       16        4        2           64     16777216    18704319.751   2147483648   2147483648        0.115        0.115
      double    coalesced       16        4        2          128     16777216    18704360.276   4294967296   4294967296        0.230        0.230
      double    coalesced       16        4        2          256     16777216    18704389.561   8589934592   8589934592        0.459        0.459
      double    coalesced       16        4        2          512     16777216    19732526.577  17179869184  17179869184        0.871        0.871
      double    coalesced       16        4        2         1024      8388608    10911064.027  17179869184  17179869184        1.575        1.575
      double    coalesced       16        4        2         2048      4194304     5776659.613  17179869184  17179869184        2.974        2.974
      double    coalesced       16        4        2         4096      2097152     3173790.486  17179869184  17179869184        5.413        5.413
      double    coalesced       16        4        2         8192      1048576     1818859.621  17179869184  17179869184        9.445        9.445
      double    coalesced       16        4        2        16384       524288     1218578.398  17179869184  17179869184       14.098       14.098
      double    coalesced       16        4        2        32768       262144      909631.089  17179869184  17179869184       18.887       18.887
      double    coalesced       16        4        2        65536       131072      757696.254  17179869184  17179869184       22.674       22.674
      double    coalesced       16        4        2       131072        65536      716138.127  17179869184  17179869184       23.990       23.990
      double    coalesced       16        4        2       262144        32768      703211.930  17179869184  17179869184       24.431       24.431
      double    coalesced       16        4        2       524288        16384      699995.140  17179869184  17179869184       24.543       24.543
      double    coalesced       16        4        2      1048576         8192      696633.697  17179869184  17179869184       24.661       24.661
      double    coalesced       16        4        2      2097152         4096      694901.401  17179869184  17179869184       24.723       24.723
      double    coalesced       16        4        2      4194304         2048      694323.803  17179869184  17179869184       24.743       24.743
      double    coalesced       16        4        2      8388608         1024      693901.528  17179869184  17179869184       24.758       24.758
      double    coalesced       16        4        2     16777216          512      693784.326  17179869184  17179869184       24.763       24.763
      double    coalesced       16        4        2     33554432          256      693696.556  17179869184  17179869184       24.766       24.766
      double    coalesced       16        4        2     67108864          128      693664.971  17179869184  17179869184       24.767       24.767
      double    coalesced       16        4        2    134217728           64      693779.391  17179869184  17179869184       24.763       24.763
      double    coalesced       16        4        2    268435456           32      693611.815  17179869184  17179869184       24.769       24.769
      double    coalesced       16        4        2    536870912           16      693666.611  17179869184  17179869184       24.767       24.767
      double    coalesced       16        4        2   1073741824            8      693756.486  17179869184  17179869184       24.764       24.764
      double    coalesced       16        4        2   2147483648            4      693659.272  17179869184  17179869184       24.767       24.767
      double    coalesced       16        4        2   4294967296            2      693618.892  17179869184  17179869184       24.768       24.768
      double    coalesced       16        4        2   8588886016            1      693700.768  17177772032  17177772032       24.763       24.763
