0 3.35694 7.4e-08 22.5
0 6.24171 2.88477 22.5
0 7.69889 4.34195 22.5
0 9.14048 5.78354 22.5
0 10.5829 7.22599 22.5
0 12.0342 8.67729 22.5
1 13.4783 1.03e-07 22.5
1 14.9176 1.43932 22.5
1 16.3684 2.89013 22.5
1 17.8142 4.33591 22.5
1 19.2604 5.78211 22.5
1 20.7139 7.23556 22.5
1 22.1526 8.67427 22.5
1 23.6034 10.1251 23
2 25.0451 8.6e-08 23
2 26.4932 1.44808 23
2 27.9766 2.93151 23
3 29.4346 5.2e-08 23
3 30.8849 1.45031 23
4 32.3277 5.7e-08 23
4 33.7755 1.44775 24.5
6 35.2439 6.5e-08 26
11 36.6866 6.4e-08 26.5
16 38.1344 6.6e-08 26.5
20 39.6005 7.1e-08 23
22 41.043 6.2e-08 23
23 42.5932 1.45e-07 23
24 45.2357 1.73e-07 23
25 50.1779 1.47e-07 23
