        type trial_config ert_flop   unroll  buffers        nsize       trials       microsecs        bytes        flops         GB/s         GF/s
         int    coalesced       15       32        2          256     16777216    10911096.182   8589934592  16106127360        0.787        1.476
         int    coalesced       15       32        2          512     16777216    11156247.143  17179869184  32212254720        1.540        2.887
         int    coalesced       15       32        2         1024      8388608     6546833.669  17179869184  32212254720        2.624        4.920
         int    coalesced       15       32        2         2048      4194304     3637324.197  17179869184  32212254720        4.723        8.856
         int    coalesced       15       32        2         4096      2097152     2046156.882  17179869184  32212254720        8.396       15.743
         int    coalesced       15       32        2         8192      1048576     1364227.756  17179869184  32212254720       12.593       23.612
         int    coalesced       15       32        2        16384       524288     1023302.297  17179869184  32212254720       16.789       31.479
         int    coalesced       15       32        2        32768       262144      812680.266  17179869184  32212254720       21.140       39.637
         int    coalesced       15       32        2        65536       131072      725423.064  17179869184  32212254720       23.683       44.405
         int    coalesced       15       32        2       131072        65536      682321.687  17179869184  32212254720       25.179       47.210
         int    coalesced       15       32        2       262144        32768      661920.636  17179869184  32212254720       25.955       48.665
         int    coalesced       15       32        2       524288        16384      650646.404  17179869184  32212254720       26.404       49.508
         int    coalesced       15       32        2      1048576         8192      645300.233  17179869184  32212254720       26.623       49.918
         int    coalesced       15       32        2      2097152         4096      642621.662  17179869184  32212254720       26.734       50.126
         int    coalesced       15       32        2      4194304         2048      641264.309  17179869184  32212254720       26.791       50.232
         int    coalesced       15       32        2      8388608         1024      640592.096  17179869184  32212254720       26.819       50.285
         int    coalesced       15       32        2     16777216          512      640250.389  17179869184  32212254720       26.833       50.312
         int    coalesced       15       32        2     33554432          256      640114.092  17179869184  32212254720       26.839       50.323
         int    coalesced       15       32        2     67108864          128      640080.741  17179869184  32212254720       26.840       50.325
         int    coalesced       15       32        2    134217728           64      640027.968  17179869184  32212254720       26.842       50.329
         int    coalesced       15       32        2    268435456           32      639977.473  17179869184  32212254720       26.844       50.333
         int    coalesced       15       32        2    536870912           16      639930.752  17179869184  32212254720       26.846       50.337
         int    coalesced       15       32        2   1073741824            8      639909.509  17179869184  32212254720       26.847       50.339
         int    coalesced       15       32        2   2147483648            4      639926.709  17179869184  32212254720       26.847       50.337
         int    coalesced       15       32        2   4294967296            2      639941.524  17179869184  32212254720       26.846       50.336
         int    coalesced       15       32        2   8588886016            1      639918.973  17177772032  32208322560       26.844       50.332
