0 6.70576 7.5e-08 21.5
0 9.59979 2.89403 21.5
0 11.0463 4.3405 21.5
0 12.5041 5.79834 21.5
0 13.9443 7.23856 21.5
1 15.3975 7.2e-08 21.5
1 16.8377 1.44018 21.5
1 18.2804 2.88285 21.5
1 19.7308 4.33332 21.5
1 21.1723 5.77482 21.5
2 22.6149 6.4e-08 21.5
2 24.0701 1.45524 21.5
2 25.5153 2.90041 22
3 26.9551 7.4e-08 22
3 28.4042 1.44909 22.5
4 29.8462 5.9e-08 23.5
6 31.2883 7.7e-08 25
8 32.7603 6.3e-08 25
10 34.2226 6.2e-08 25
13 35.6835 6e-08 25
15 37.1278 7.9e-08 22.5
18 38.5706 6.2e-08 21.5
20 40.0379 5.9e-08 25.5
21 41.4903 9.1e-08 22
22 42.9403 6e-08 21.5
23 45.3841 1.3193e-05 21.5
24 49.9378 1.48e-07 21.5
25 58.8932 1.45e-07 21.5
