0 3.32347 7.8e-08 20.5
0 6.21939 2.89592 20.5
0 7.66361 4.34014 20.5
0 9.11661 5.79314 20.5
1 10.5618 7.8e-08 20.5
1 12.0125 1.45073 20.5
1 13.4526 2.89077 20.5
1 14.8954 4.33363 20.5
2 16.3461 5.2e-08 20.5
2 17.7904 1.44427 20.5
2 19.2326 2.8865 20.5
2 20.6972 4.35101 20.5
2 22.1448 5.79867 20.5
3 23.5888 6.9e-08 20.5
3 25.062 1.47311 20.5
3 26.5217 2.9329 20.5
3 27.9832 4.39434 20.5
3 29.4428 5.85391 20.5
4 30.894 5.5e-08 20.5
4 32.3377 1.44371 20.5
4 33.7867 2.89267 20.5
4 35.2537 4.3597 20.5
4 36.7078 5.8138 20.5
5 38.1565 8.5e-08 20.5
5 39.6123 1.45575 20.5
5 41.0551 2.89852 20.5
5 42.5057 4.34914 20.5
5 43.947 5.79051 20.5
5 45.3901 7.23355 20.5
5 46.8555 8.69897 20.5
6 48.2981 7.1e-08 20.5
6 49.7507 1.45261 20.5
6 51.2172 2.91917 20.5
6 52.6753 4.37726 20.5
6 54.1426 5.8445 21
7 55.5859 7.3e-08 21
7 57.0318 1.44586 21
7 58.4975 2.91155 21
8 59.951 7.7e-08 21
8 61.4022 1.45116 21
9 62.8614 6.9e-08 21
10 64.3174 5.4e-08 21
10 65.7651 1.4477 21
11 67.2071 1.28e-07 21
12 68.6497 6.8e-08 21
13 70.1212 5.9e-08 21
14 71.5624 5e-08 21
14 73.0275 1.46515 21
15 74.4698 5.8e-08 21
16 75.9117 6.4e-08 21
17 77.361 4.8e-08 21
18 78.8186 8.3e-08 21
19 80.2565 4.7e-08 21
20 81.7229 7.7e-08 21
20 83.1657 1.44275 21
21 84.6163 6.1e-08 21
22 86.0588 5.4e-08 21
23 87.5016 8.6e-08 21
24 88.9582 5.9e-08 21
24 90.3995 1.44134 21
25 91.8514 6.3e-08 20.5
26 93.3017 6.6e-08 21
26 94.7446 1.4429 20.5
27 96.1936 5.6e-08 21
27 97.6442 1.45057 21
28 100.186 1.03e-07 21
28 101.627 1.44101 21
29 106.58 1.44e-07 21
29 108.019 1.43906 20.5
