0 3.0797 1.23e-07 21.5
0 5.97554 2.89584 21.5
0 7.42113 4.34144 21.5
0 8.87223 5.79253 21.5
0 10.3156 7.23594 21.5
1 11.7569 1.05e-07 21.5
1 13.2066 1.44974 21.5
1 14.6527 2.89587 21.5
1 16.0961 4.33924 21.5
1 17.5488 5.79199 21.5
1 18.9917 7.23483 21.5
2 20.441 6.8e-08 21.5
2 21.8972 1.45623 21.5
2 23.336 2.89503 22
3 24.8024 6.7e-08 22
3 26.2501 1.44769 22
4 27.693 6.9e-08 22.5
6 29.1601 7e-08 25
10 30.6085 6.5e-08 25
15 32.0577 6.6e-08 24
19 33.5005 6.8e-08 21.5
22 35.1454 1.45e-07 21.5
23 36.6943 1.55e-07 22
24 39.3374 1.54e-07 22
25 44.2825 1.47e-07 21.5
