0 6.47859 1e-07 24
0 9.37186 2.89327 24
0 10.8187 4.34007 24
0 12.2583 5.77967 24
0 13.7119 7.2333 24
0 15.1538 8.67519 24
0 16.5936 10.115 24
0 18.0474 11.5688 24
0 19.4896 13.011 24
0 20.9324 14.4538 24
0 22.3917 15.9131 24
0 23.8374 17.3588 24
1 25.2804 1.31e-07 24
1 26.7313 1.45094 24
1 28.1724 2.89201 24
1 29.6126 4.33223 24
1 31.0657 5.78533 24
1 32.5058 7.22543 24
1 33.9473 8.66696 24
1 35.4081 10.1277 24
1 36.8559 11.5755 24
1 38.3035 13.0231 24
1 39.7698 14.4894 24
1 41.223 15.9426 24
1 42.6892 17.4088 24
2 44.1549 1.58e-07 24
2 45.5939 1.439 24
2 47.0441 2.88917 24
2 48.5072 4.35224 24
2 49.9569 5.80195 24
2 51.3991 7.24418 24
2 52.8472 8.69229 24
2 54.3136 10.1587 24
2 55.7717 11.6168 24
2 57.2193 13.0644 24
2 58.6855 14.5305 24
2 60.1382 15.9833 24
2 61.5884 17.4335 24
3 63.0297 7.6e-08 24
3 64.4824 1.45265 24
3 65.9488 2.91909 24
3 67.4008 4.3711 24
3 68.848 5.81827 24
3 70.3199 7.29013 24
4 71.7765 8.2e-08 24.5
4 73.2428 1.46624 24.5
4 74.6854 2.90889 24.5
4 76.1284 4.35184 25
5 77.5785 7.9e-08 24.5
5 79.0359 1.45735 25.5
6 80.4779 9.2e-08 25.5
7 81.9433 6.2e-08 26.5
8 83.3951 6.9e-08 27
10 84.8441 5e-08 27.5
12 86.2965 6.1e-08 28
14 87.7427 4.5e-08 28
17 89.2079 5.4e-08 28
19 90.6599 5.1e-08 24.5
21 92.102 5.9e-08 28
23 94.5515 1e-07 24.5
24 97.1912 1e-07 24.5
25 101.835 1.54e-07 24.5
26 110.477 1e-07 24.5
