        type trial_config ert_flop   unroll  buffers        nsize       trials       microsecs        bytes        flops         GB/s         GF/s
 signed_char    coalesced        4       32        2           64     16777216     6546531.397   2147483648   4294967296        0.328        0.656
 signed_char    coalesced        4       32        2          128     16777216     6546502.829   4294967296   8589934592        0.656        1.312
 signed_char    coalesced        4       32        2          256     16777216     6891075.411   8589934592  17179869184        1.247        2.493
 signed_char    coalesced        4       32        2          512     16777216     7766733.658  17179869184  34359738368        2.212        4.424
 signed_char    coalesced        4       32        2         1024      8388608     4676163.218  17179869184  34359738368        3.674        7.348
 signed_char    coalesced        4       32        2         2048      4194304     2727801.461  17179869184  34359738368        6.298       12.596
 signed_char    coalesced        4       32        2         4096      2097152     1567183.455  17179869184  34359738368       10.962       21.925
 signed_char    coalesced        4       32        2         8192      1048576     1024545.177  17179869184  34359738368       16.768       33.537
 signed_char    coalesced        4       32        2        16384       524288      818408.540  17179869184  34359738368       20.992       41.984
 signed_char    coalesced        4       32        2        32768       262144      743177.993  17179869184  34359738368       23.117       46.234
 signed_char    coalesced        4       32        2        65536       131072      763954.111  17179869184  34359738368       22.488       44.976
 signed_char    coalesced        4       32        2       131072        65536      781178.478  17179869184  34359738368       21.992       43.984
 signed_char    coalesced        4       32        2       262144        32768      797391.651  17179869184  34359738368       21.545       43.090
 signed_char    coalesced        4       32        2       524288        16384      804141.921  17179869184  34359738368       21.364       42.728
 signed_char    coalesced        4       32        2      1048576         8192      807058.160  17179869184  34359738368       21.287       42.574
 signed_char    coalesced        4       32        2      2097152         4096      808459.689  17179869184  34359738368       21.250       42.500
 signed_char    coalesced        4       32        2      4194304         2048      809183.666  17179869184  34359738368       21.231       42.462
 signed_char    coalesced        4       32        2      8388608         1024      809651.137  17179869184  34359738368       21.219       42.438
 signed_char    coalesced        4       32        2     16777216          512      809711.873  17179869184  34359738368       21.217       42.435
 signed_char    coalesced        4       32        2     33554432          256      809855.886  17179869184  34359738368       21.213       42.427
 signed_char    coalesced        4       32        2     67108864          128      809947.911  17179869184  34359738368       21.211       42.422
 signed_char    coalesced        4       32        2    134217728           64      810103.397  17179869184  34359738368       21.207       42.414
 signed_char    coalesced        4       32        2    268435456           32      809969.972  17179869184  34359738368       21.211       42.421
 signed_char    coalesced        4       32        2    536870912           16      809947.637  17179869184  34359738368       21.211       42.422
 signed_char    coalesced        4       32        2   1073741824            8      809959.282  17179869184  34359738368       21.211       42.422
 signed_char    coalesced        4       32        2   2147483648            4      809935.002  17179869184  34359738368       21.211       42.423
 signed_char    coalesced        4       32        2   4294967296            2      809996.717  17179869184  34359738368       21.210       42.420
 signed_char    coalesced        4       32        2   8588886016            1      809915.733  17177772032  34355544064       21.209       42.419
