0 6.49509 8.2e-08 26.5
0 9.38219 2.88709 26.5
0 10.8365 4.34141 26.5
0 12.2729 5.77782 26.5
0 13.7176 7.22247 26.5
0 15.1738 8.67873 26.5
0 16.6161 10.121 26.5
0 18.0488 11.5537 26.5
0 19.5074 13.0123 26.5
0 20.947 14.4519 26.5
0 22.3847 15.8896 26.5
0 23.8384 17.3433 26.5
0 25.2814 18.7863 26.5
0 26.7171 20.222 26.5
0 28.1757 21.6806 26.5
0 29.6153 23.1202 26.5
0 31.074 24.5789 26.5
0 32.5292 26.0341 26.5
0 33.9878 27.4927 26.5
0 35.4488 28.9537 26.5
0 36.9004 30.4053 26.5
0 38.3592 31.8642 26.5
0 39.8205 33.3254 26.5
0 41.2677 34.7726 26.5
0 42.7094 36.2143 26.5
0 44.175 37.6799 26.5
0 45.628 39.1329 26.5
0 47.0831 40.588 26.5
0 48.5422 42.0471 26.5
0 49.9943 43.4992 26.5
0 51.4508 44.9557 26.5
0 52.8991 46.404 26.5
0 54.342 47.8469 26.5
0 55.8092 49.3141 26.5
0 57.263 50.7679 26.5
0 58.719 52.2239 26.5
0 60.1626 53.6675 26.5
0 61.622 55.1269 26.5
0 63.0826 56.5875 26.5
0 64.5302 58.0352 26.5
0 65.9771 59.482 26.5
0 67.443 60.9479 26.5
0 68.8961 62.401 26.5
0 70.3528 63.8577 26.5
0 71.817 65.3219 26.5
0 73.2748 66.7797 26.5
0 74.7414 68.2463 26.5
0 76.1952 69.7001 26.5
0 77.6634 71.1683 26.5
0 79.1167 72.6216 26.5
0 80.5739 74.0788 26.5
1 82.0344 1.07e-07 26.5
1 83.469 1.43456 26.5
1 84.9128 2.87833 26.5
1 86.3869 4.35247 26.5
1 87.8301 5.79563 26.5
1 89.287 7.25258 26.5
1 90.7292 8.69474 26.5
1 92.1888 10.1544 26.5
1 93.6388 11.6044 26.5
1 95.0919 13.0574 26.5
1 96.5353 14.5009 26.5
1 97.9969 15.9625 26.5
1 99.4397 17.4053 26.5
1 100.894 18.8594 26.5
1 102.345 20.3106 26.5
1 103.802 21.7677 26.5
1 105.25 23.2151 26.5
1 106.698 24.6631 26.5
1 108.141 26.1065 26.5
1 109.613 27.5787 26.5
1 111.056 29.022 26.5
1 112.514 30.4794 26.5
1 113.965 31.9304 26.5
1 115.423 33.3885 26.5
1 116.875 34.8404 26.5
1 118.318 36.2837 26.5
1 119.771 37.737 26.5
1 121.222 39.1879 26.5
1 122.666 40.6319 26.5
1 124.11 42.0757 26.5
1 125.583 43.5482 26.5
1 127.026 44.9915 26.5
1 128.468 46.4339 26.5
1 129.924 47.8898 26.5
1 131.368 49.3332 26.5
1 132.811 50.7762 26.5
1 134.267 52.2325 26.5
1 135.711 53.6762 26.5
1 137.16 55.1253 26.5
1 138.616 56.5819 26.5
1 140.075 58.0405 26.5
1 141.527 59.4921 26.5
1 142.97 60.9357 26.5
1 144.419 62.3843 26.5
1 145.876 63.8415 26.5
1 147.313 65.2788 26.5
1 148.756 66.7211 26.5
1 150.228 68.1936 26.5
1 151.672 69.6371 26.5
1 153.114 71.0799 26.5
1 154.57 72.5356 26.5
1 156.013 73.9784 26.5
2 157.455 1.17e-07 26.5
2 158.922 1.46707 26.5
2 160.365 2.90997 26.5
2 161.801 4.3466 26.5
2 163.268 5.81353 26.5
2 164.711 7.25644 26.5
2 166.161 8.70655 26.5
2 167.604 10.1494 26.5
2 169.047 11.5928 26.5
2 170.508 13.0536 26.5
2 171.951 14.4962 26.5
2 173.394 15.9393 26.5
2 174.862 17.4074 26.5
2 176.304 18.8498 26.5
2 177.748 20.2937 26.5
2 179.211 21.756 26.5
2 180.654 23.1996 26.5
2 182.11 24.6557 26.5
2 183.565 26.1103 26.5
2 185.024 27.5691 26.5
2 186.475 29.0208 26.5
2 187.924 30.4694 26.5
2 189.368 31.9131 26.5
2 190.825 33.3706 26.5
2 192.263 34.8084 26.5
2 193.722 36.2673 26.5
2 195.174 37.7195 26.5
2 196.618 39.1634 26.5
2 198.072 40.6175 26.5
2 199.523 42.0684 26.5
2 200.982 43.5275 26.5
2 202.415 44.9602 26.5
2 203.883 46.4287 26.5
2 205.328 47.873 26.5
2 206.779 49.3247 26.5
2 208.227 50.7725 26.5
2 209.671 52.216 26.5
2 211.122 53.6673 26.5
2 212.586 55.1318 26.5
2 214.029 56.5745 26.5
2 215.495 58.0403 26.5
2 216.934 59.4791 26.5
2 218.377 60.922 26.5
2 219.828 62.3731 26.5
2 221.288 63.8331 26.5
2 222.731 65.2764 26.5
2 224.2 66.7451 26.5
2 225.641 68.186 26.5
2 227.108 69.6536 26.5
2 228.552 71.0972 26.5
2 229.989 72.5339 26.5
3 231.456 1.2e-07 26.5
3 232.9 1.44374 26.5
3 234.343 2.88691 26.5
3 235.799 4.34271 26.5
3 237.242 5.7858 26.5
3 238.687 7.23114 26.5
3 240.137 8.68091 26.5
3 241.581 10.125 26.5
3 243.024 11.5679 26.5
3 244.475 13.0188 26.5
3 245.919 14.4629 26.5
3 247.362 15.9059 26.5
3 248.812 17.3559 26.5
3 250.255 18.7995 26.5
3 251.704 20.2481 26.5
3 253.161 21.7053 26.5
3 254.618 23.1617 26.5
3 256.067 24.6109 26.5
3 257.51 26.0538 26.5
3 258.953 27.4973 26.5
3 260.42 28.9638 26.5
3 261.854 30.3978 26.5
3 263.314 31.8578 26.5
3 264.765 33.3091 26.5
3 266.208 34.7523 26.5
3 267.667 36.2115 26.5
3 269.119 37.6628 26.5
3 270.563 39.1066 26.5
3 272.011 40.5548 26.5
3 273.468 42.0123 26.5
3 274.905 43.4492 26.5
3 276.358 44.9021 26.5
3 277.809 46.3527 26.5
3 279.269 47.8129 26.5
3 280.719 49.263 26.5
3 282.168 50.7122 26.5
3 283.612 52.1558 26.5
3 285.089 53.633 26.5
3 286.531 55.0756 26.5
3 287.975 56.5194 26.5
3 289.443 57.9871 26.5
3 290.879 59.4236 26.5
3 292.339 60.8834 26.5
3 293.78 62.3243 26.5
3 295.234 63.7783 26.5
3 296.685 65.2295 26.5
3 298.129 66.6735 26.5
3 299.573 68.1171 26.5
3 301.035 69.5788 26.5
3 302.477 71.0215 26.5
3 303.942 72.486 26.5
3 305.394 73.9377 26.5
4 306.837 1.66e-07 26.5
4 308.291 1.45373 26.5
4 309.742 2.9044 26.5
4 311.185 4.34773 26.5
4 312.629 5.79163 26.5
4 314.08 7.24271 26.5
4 315.544 8.70721 26.5
4 316.996 10.1584 26.5
4 318.444 11.6071 26.5
4 319.888 13.0506 26.5
4 321.34 14.5027 26.5
4 322.789 15.9519 26.5
4 324.233 17.3955 26.5
4 325.691 18.8536 26.5
4 327.144 20.3072 26.5
4 328.588 21.7505 26.5
4 330.05 23.2126 26.5
4 331.493 24.6559 26.5
4 332.941 26.104 26.5
4 334.392 27.5546 26.5
4 335.836 28.9986 26.5
4 337.285 30.448 26.5
4 338.742 31.9051 26.5
4 340.186 33.3492 26.5
4 341.63 34.7932 26.5
4 343.096 36.2591 26.5
4 344.54 37.7025 26.5
4 345.991 39.154 26.5
4 347.451 40.6142 26.5
4 349.245 42.4073 26.5
4 350.699 43.8616 26.5
4 352.152 45.3143 26.5
4 353.6 46.7631 26.5
4 355.045 48.2073 26.5
4 356.503 49.6655 26.5
4 357.96 51.1232 26.5
4 359.404 52.5664 26.5
4 360.855 54.018 26.5
4 362.31 55.4724 26.5
4 363.754 56.9164 26.5
4 365.219 58.3817 26.5
4 366.652 59.815 26.5
4 368.096 61.2588 26.5
4 369.554 62.7172 26.5
4 370.999 64.1614 26.5
4 372.46 65.6232 26.5
4 373.904 67.0666 26.5
4 375.348 68.5106 26.5
4 376.81 69.973 26.5
4 378.254 71.4164 26.5
4 379.697 72.8598 26.5
4 381.174 74.3369 26.5
4 382.615 75.7773 26.5
4 384.073 77.236 26.5
5 385.531 1.7e-07 26.5
5 386.975 1.44375 27
5 388.412 2.88117 26.5
5 389.888 4.35674 26.5
5 391.328 5.79715 26.5
5 392.797 7.26569 27
5 394.241 8.70961 27
5 395.694 10.1624 27
5 397.145 11.614 26.5
5 398.602 13.0706 26.5
5 400.043 14.5115 26.5
5 401.495 15.9634 27
5 402.954 17.4232 27
5 404.398 18.8672 26.5
5 405.859 20.3283 26.5
5 407.304 21.7724 26.5
5 408.756 23.2251 27
5 410.205 24.674 27
5 411.649 26.1181 27
5 413.125 27.5934 26.5
5 414.567 29.0353 26.5
5 416.02 30.4891 26.5
5 417.472 31.9403 27
5 418.915 33.3839 27
5 420.364 34.833 26.5
5 421.822 36.2912 26.5
5 423.266 37.7351 26.5
5 424.728 39.1966 27
6 426.172 1.45e-07 27
6 427.616 1.44402 27
6 429.068 2.89614 26.5
6 430.522 4.35 27
6 431.966 5.79356 27
6 433.424 7.25165 27
6 434.877 8.70522 27
6 436.321 10.1487 27
6 437.778 11.6061 27
6 439.221 13.0494 27
6 440.671 14.4986 27
6 442.122 15.95 27
6 443.566 17.3944 27
6 445.016 18.844 27
7 446.474 1.36e-07 27
7 447.918 1.44383 27
7 449.379 2.9051 27
7 450.823 4.34851 27
7 452.283 5.80866 27
7 453.739 7.2652 27
7 455.193 8.71896 27
7 456.636 10.1619 27
8 458.088 1.25e-07 27
8 459.533 1.44453 27
8 460.977 2.88877 27
8 462.444 4.35549 27.5
9 463.883 1.13e-07 27.5
9 465.331 1.44876 27.5
9 466.788 2.90577 28
10 468.231 1.1e-07 28
11 469.692 1.6e-07 28
12 471.135 6.8e-08 28.5
12 472.578 1.44289 28.5
14 474.034 1.22e-07 29
15 475.477 6.3e-08 29
16 476.921 1.24e-07 29
17 478.372 4.1e-08 29
18 479.824 1.27e-07 29
19 481.267 5.6e-08 29
21 482.718 2.16e-07 29
22 484.182 6.7e-08 28
23 485.625 4.5e-08 27
24 487.192 1.55e-07 29
25 489.441 1.78e-07 29
26 492.583 1.44e-07 29
27 497.82 1.46e-07 29
28 507.168 1.55e-07 29
