0 6.4666 8.1e-08 21
0 9.36479 2.89819 21
0 10.8046 4.33803 21
0 12.2515 5.78494 21
0 13.7066 7.24002 21
0 15.1488 8.6822 21
0 16.6031 10.1365 21
0 18.0466 11.58 21
1 19.489 1.29e-07 21
1 20.9402 1.45119 21
1 22.3814 2.89239 21
1 23.8273 4.33829 21
1 25.2844 5.7954 21
1 26.7273 7.23826 21
1 28.1681 8.67906 21
1 29.6211 10.132 21
2 31.0648 8e-08 21
2 32.5062 1.44141 21
2 33.9581 2.89328 21
2 35.4006 4.33583 21
2 36.8443 5.7795 21
2 38.3114 7.24661 21
2 39.7671 8.70228 21
2 41.244 10.1792 21
2 42.7039 11.6392 21
3 44.1605 8.8e-08 21
3 45.6031 1.44253 21
3 47.0452 2.88469 21
3 48.4949 4.33439 21
3 49.9532 5.79273 21
3 51.4068 7.24631 21
3 52.863 8.70247 21
3 54.3048 10.1443 21
3 55.7706 11.6101 21
4 57.2139 6.8e-08 21.5
4 58.6624 1.44854 21
4 60.1237 2.90978 21
4 61.5675 4.35358 21
4 63.0112 5.79733 21
4 64.4684 7.25452 21.5
4 65.916 8.7021 21.5
4 67.3596 10.1457 21.5
4 68.8215 11.6077 21
4 70.2733 13.0594 21.5
5 71.7388 6.5e-08 21.5
5 73.1869 1.44814 21.5
5 74.6328 2.89401 21.5
5 76.0828 4.34403 21.5
5 77.5249 5.78615 21.5
5 78.9658 7.22708 21.5
5 80.4318 8.69304 21.5
5 81.8752 10.1364 21.5
5 83.3264 11.5876 21.5
5 84.7739 13.0351 21.5
5 86.2206 14.4818 21.5
6 87.6885 6.5e-08 21.5
6 89.1365 1.44798 21.5
6 90.5782 2.88967 21.5
6 92.0275 4.33898 21.5
6 93.4704 5.78192 21.5
6 94.9132 7.22471 21.5
6 96.3807 8.69221 21.5
7 97.8294 1.1e-07 21.5
7 99.2789 1.44951 21.5
7 100.731 2.90207 21.5
7 102.176 4.3465 22
8 103.633 1.07e-07 22
8 105.075 1.44227 22
8 106.517 2.88398 22
9 107.984 1.5e-07 22
9 109.44 1.45566 22.5
10 110.895 7.8e-08 22.5
10 112.348 1.45316 22.5
11 113.792 9.3e-08 22.5
12 115.245 9.6e-08 22.5
12 116.693 1.44865 22.5
13 118.148 9.2e-08 22.5
14 119.599 7.5e-08 22.5
14 121.047 1.44773 22.5
15 122.498 6.7e-08 22.5
16 123.942 8.2e-08 22.5
16 125.386 1.44427 22.5
17 126.844 6.1e-08 22.5
18 128.288 6.8e-08 22.5
19 129.742 5.1e-08 22.5
19 131.194 1.45205 22.5
20 132.65 8.6e-08 22.5
21 134.102 6.8e-08 22.5
21 135.551 1.44902 22.5
22 136.994 6.9e-08 22.5
23 138.445 7.1e-08 22.5
23 139.899 1.45359 22.5
24 141.343 5.8e-08 21.5
25 142.995 1.62e-07 22.5
25 144.439 1.44389 21.5
26 145.983 2.47e-07 22.5
26 147.423 1.43979 21.5
27 150.065 1.03e-07 22.5
27 151.503 1.43821 21.5
28 156.047 1.68e-07 22.5
28 157.488 1.44086 21.5
29 166.244 1.46e-07 22.5
29 167.685 1.44045 21.5
