        type trial_config ert_flop   unroll  buffers        nsize       trials       microsecs        bytes        flops         GB/s         GF/s
       float    coalesced        1        6        2           48     16777216     7702082.382   1610612736    201326592        0.209        0.026
       float    coalesced        1        6        2           96     16777216     8183384.635   3221225472    402653184        0.394        0.049
       float    coalesced        1        6        2          192     16777216     9151694.968   6442450944    805306368        0.704        0.088
       float    coalesced        1        6        2          384     16777216    10071796.621  12884901888   1610612736        1.279        0.160
       float    coalesced        1        6        2          768     11184810     7381711.343  17179868160   2147483520        2.327        0.291
       float    coalesced        1        6        2         1536      5592405     4849620.136  17179868160   2147483520        3.543        0.443
       float    coalesced        1        6        2         3072      2796202     2909991.676  17179865088   2147483136        5.904        0.738
       float    coalesced        1        6        2         6144      1398101     1909157.428  17179865088   2147483136        8.999        1.125
       float    coalesced        1        6        2        12288       699050     1469183.834  17179852800   2147481600       11.693        1.462
       float    coalesced        1        6        2        24576       349525     1247819.694  17179852800   2147481600       13.768        1.721
       float    coalesced        1        6        2        49152       174762     1136960.906  17179803648   2147475456       15.110        1.889
       float    coalesced        1        6        2        98304        87381     1071989.833  17179803648   2147475456       16.026        2.003
       float    coalesced        1        6        2       196608        43690     1043290.718  17179607040   2147450880       16.467        2.058
       float    coalesced        1        6        2       393216        21845     1029303.301  17179607040   2147450880       16.691        2.086
       float    coalesced        1        6        2       786432        10922     1023236.025  17178820608   2147352576       16.789        2.099
       float    coalesced        1        6        2      1572864         5461     1018685.318  17178820608   2147352576       16.864        2.108
       float    coalesced        1        6        2      3145728         2730     1016617.044  17175674880   2146959360       16.895        2.112
       float    coalesced        1        6        2      6291456         1365     1015700.523  17175674880   2146959360       16.910        2.114
       float    coalesced        1        6        2     12582912          682     1014518.645  17163091968   2145386496       16.917        2.115
       float    coalesced        1        6        2     25165824          341     1014404.708  17163091968   2145386496       16.919        2.115
       float    coalesced        1        6        2     50331648          170     1011208.376  17112760320   2139095040       16.923        2.115
       float    coalesced        1        6        2    100663296           85     1011191.191  17112760320   2139095040       16.923        2.115
       float    coalesced        1        6        2    201326592           42      999229.369  16911433728   2113929216       16.924        2.116
       float    coalesced        1        6        2    402653184           21      999237.451  16911433728   2113929216       16.924        2.116
       float    coalesced        1        6        2    805306368           10      951672.402  16106127360   2013265920       16.924        2.116
       float    coalesced        1        6        2   1610612736            5      951702.973  16106127360   2013265920       16.923        2.115
       float    coalesced        1        6        2   3221225472            2      761444.305  12884901888   1610612736       16.922        2.115
       float    coalesced        1        6        2   6442450944            1      761425.529  12884901888   1610612736       16.922        2.115
