        type trial_config ert_flop   unroll  buffers        nsize       trials       microsecs        bytes        flops         GB/s         GF/s
      double    coalesced       14        8        2          128     16777216    21821646.999   4294967296   3758096384        0.197        0.172
      double    coalesced       14        8        2          256     16777216    21821620.126   8589934592   7516192768        0.394        0.344
      double    coalesced       14        8        2          512     16777216    22750748.480  17179869184  15032385536        0.755        0.661
      double    coalesced       14        8        2         1024      8388608    11902924.258  17179869184  15032385536        1.443        1.263
      double    coalesced       14        8        2         2048      4194304     6546780.188  17179869184  15032385536        2.624        2.296
      double    coalesced       14        8        2         4096      2097152     3507401.502  17179869184  15032385536        4.898        4.286
      double    coalesced       14        8        2         8192      1048576     2046159.297  17179869184  15032385536        8.396        7.347
      double    coalesced       14        8        2        16384       524288     1364230.451  17179869184  15032385536       12.593       11.019
      double    coalesced       14        8        2        32768       262144     1023274.129  17179869184  15032385536       16.789       14.690
      double    coalesced       14        8        2        65536       131072      837256.921  17179869184  15032385536       20.519       17.954
      double    coalesced       14        8        2       131072        65536      750176.652  17179869184  15032385536       22.901       20.038
      double    coalesced       14        8        2       262144        32768      703609.591  17179869184  15032385536       24.417       21.365
      double    coalesced       14        8        2       524288        16384      682293.763  17179869184  15032385536       25.180       22.032
      double    coalesced       14        8        2      1048576         8192      671611.879  17179869184  15032385536       25.580       22.383
      double    coalesced       14        8        2      2097152         4096      666322.988  17179869184  15032385536       25.783       22.560
      double    coalesced       14        8        2      4194304         2048      663696.083  17179869184  15032385536       25.885       22.650
      double    coalesced       14        8        2      8388608         1024      662029.059  17179869184  15032385536       25.950       22.707
      double    coalesced       14        8        2     16777216          512      661326.316  17179869184  15032385536       25.978       22.731
      double    coalesced       14        8        2     33554432          256      660975.313  17179869184  15032385536       25.992       22.743
      double    coalesced       14        8        2     67108864          128      660846.001  17179869184  15032385536       25.997       22.747
      double    coalesced       14        8        2    134217728           64      660747.524  17179869184  15032385536       26.001       22.751
      double    coalesced       14        8        2    268435456           32      660700.441  17179869184  15032385536       26.003       22.752
      double    coalesced       14        8        2    536870912           16      660643.966  17179869184  15032385536       26.005       22.754
      double    coalesced       14        8        2   1073741824            8      660711.978  17179869184  15032385536       26.002       22.752
      double    coalesced       14        8        2   2147483648            4      660663.819  17179869184  15032385536       26.004       22.753
      double    coalesced       14        8        2   4294967296            2      660624.179  17179869184  15032385536       26.006       22.755
      double    coalesced       14        8        2   8588886016            1      660539.956  17177772032  15030550528       26.006       22.755
