        type trial_config ert_flop   unroll  buffers        nsize       trials       microsecs        bytes        flops         GB/s         GF/s
      double    coalesced      128        1        1            8     16777216   102287002.006    268435456   2147483648        0.003        0.021
      double    coalesced      128        1        1           16     16777216   102464876.749    536870912   4294967296        0.005        0.042
      double    coalesced      128        1        1           32     16777216   102871470.577   1073741824   8589934592        0.010        0.084
      double    coalesced      128        1        1           64     16777216   103624358.095   2147483648  17179869184        0.021        0.166
      double    coalesced      128        1        1          128     16777216   104741790.690   4294967296  34359738368        0.041        0.328
      double    coalesced      128        1        1          256     16777216   107122276.462   8589934592  68719476736        0.080        0.642
      double    coalesced      128        1        1          512      8388608    54989519.068   8589934592  68719476736        0.156        1.250
      double    coalesced      128        1        1         1024      4194304    28462596.986   8589934592  68719476736        0.302        2.414
      double    coalesced      128        1        1         2048      2097152    15274985.680   8589934592  68719476736        0.562        4.499
      double    coalesced      128        1        1         4096      1048576     8546771.546   8589934592  68719476736        1.005        8.040
      double    coalesced      128        1        1         8192       524288     5260598.703   8589934592  68719476736        1.633       13.063
      double    coalesced      128        1        1        16384       262144     3610247.886   8589934592  68719476736        2.379       19.035
      double    coalesced      128        1        1        32768       131072     2771841.957   8589934592  68719476736        3.099       24.792
      double    coalesced      128        1        1        65536        65536     2352938.791   8589934592  68719476736        3.651       29.206
      double    coalesced      128        1        1       131072        32768     2148480.384   8589934592  68719476736        3.998       31.985
      double    coalesced      128        1        1       262144        16384     2045864.201   8589934592  68719476736        4.199       33.589
      double    coalesced      128        1        1       524288         8192     1995923.674   8589934592  68719476736        4.304       34.430
      double    coalesced      128        1        1      1048576         4096     1970593.611   8589934592  68719476736        4.359       34.872
      double    coalesced      128        1        1      2097152         2048     1957862.599   8589934592  68719476736        4.387       35.099
      double    coalesced      128        1        1      4194304         1024     1951523.773   8589934592  68719476736        4.402       35.213
      double    coalesced      128        1        1      8388608          512     1948441.368   8589934592  68719476736        4.409       35.269
      double    coalesced      128        1        1     16777216          256     1946875.472   8589934592  68719476736        4.412       35.297
      double    coalesced      128        1        1     33554432          128     1946037.040   8589934592  68719476736        4.414       35.313
      double    coalesced      128        1        1     67108864           64     1945664.751   8589934592  68719476736        4.415       35.319
      double    coalesced      128        1        1    134217728           32     1945481.099   8589934592  68719476736        4.415       35.323
      double    coalesced      128        1        1    268435456           16     1945347.120   8589934592  68719476736        4.416       35.325
      double    coalesced      128        1        1    536870912            8     1945296.914   8589934592  68719476736        4.416       35.326
      double    coalesced      128        1        1   1073741824            4     1945348.421   8589934592  68719476736        4.416       35.325
      double    coalesced      128        1        1   2147483648            2     1945313.533   8589934592  68719476736        4.416       35.326
      double    coalesced      128        1        1   4293918720            1     1944768.239   8587837440  68702699520        4.416       35.327
