        type trial_config ert_flop   unroll  buffers        nsize       trials       microsecs        bytes        flops         GB/s         GF/s
         int    coalesced        4        8        2           64     16777216     6235039.839   2147483648   1073741824        0.344        0.172
         int    coalesced        4        8        2          128     16777216     6546844.408   4294967296   2147483648        0.656        0.328
         int    coalesced        4        8        2          256     16777216     6891314.771   8589934592   4294967296        1.246        0.623
         int    coalesced        4        8        2          512     16777216     7274173.535  17179869184   8589934592        2.362        1.181
         int    coalesced        4        8        2         1024      8388608     4676398.778  17179869184   8589934592        3.674        1.837
         int    coalesced        4        8        2         2048      4194304     2550957.566  17179869184   8589934592        6.735        3.367
         int    coalesced        4        8        2         4096      2097152     1488230.088  17179869184   8589934592       11.544        5.772
         int    coalesced        4        8        2         8192      1048576     1023263.928  17179869184   8589934592       16.789        8.395
         int    coalesced        4        8        2        16384       524288      805199.079  17179869184   8589934592       21.336       10.668
         int    coalesced        4        8        2        32768       262144      744213.157  17179869184   8589934592       23.085       11.542
         int    coalesced        4        8        2        65536       131072      775469.285  17179869184   8589934592       22.154       11.077
         int    coalesced        4        8        2       131072        65536      812528.391  17179869184   8589934592       21.144       10.572
         int    coalesced        4        8        2       262144        32768      829633.078  17179869184   8589934592       20.708       10.354
         int    coalesced        4        8        2       524288        16384      837820.747  17179869184   8589934592       20.505       10.253
         int    coalesced        4        8        2      1048576         8192      842061.529  17179869184   8589934592       20.402       10.201
         int    coalesced        4        8        2      2097152         4096      844307.887  17179869184   8589934592       20.348       10.174
         int    coalesced        4        8        2      4194304         2048      845334.760  17179869184   8589934592       20.323       10.162
         int    coalesced        4        8        2      8388608         1024      845830.271  17179869184   8589934592       20.311       10.156
         int    coalesced        4        8        2     16777216          512      845990.513  17179869184   8589934592       20.307       10.154
         int    coalesced        4        8        2     33554432          256      846218.964  17179869184   8589934592       20.302       10.151
         int    coalesced        4        8        2     67108864          128      846345.104  17179869184   8589934592       20.299       10.149
         int    coalesced        4        8        2    134217728           64      846230.437  17179869184   8589934592       20.302       10.151
         int    coalesced        4        8        2    268435456           32      846438.042  17179869184   8589934592       20.297       10.148
         int    coalesced        4        8        2    536870912           16      846368.281  17179869184   8589934592       20.298       10.149
         int    coalesced        4        8        2   1073741824            8      846447.398  17179869184   8589934592       20.296       10.148
         int    coalesced        4        8        2   2147483648            4      846440.082  17179869184   8589934592       20.297       10.148
         int    coalesced        4        8        2   4294967296            2      846350.220  17179869184   8589934592       20.299       10.149
         int    coalesced        4        8        2   8588886016            1      846183.629  17177772032   8588886016       20.300       10.150
