0 3.39877 2.67e-07 20.5
0 6.28867 2.88989 20.5
0 7.74596 4.34719 20.5
0 9.18896 5.79019 20.5
1 10.6321 7.3e-08 20.5
1 12.0829 1.45079 20.5
1 13.524 2.89187 20.5
1 14.9728 4.34073 20.5
1 16.4378 5.80572 20.5
2 17.878 6.9e-08 20.5
2 19.3276 1.44957 20.5
2 20.7695 2.8915 20.5
2 22.2128 4.33477 20.5
2 23.6746 5.79661 20.5
3 25.1186 6.3e-08 20.5
3 26.5632 1.44459 20.5
3 28.0193 2.90076 20.5
3 29.4638 4.34517 20.5
3 30.9082 5.78966 20.5
4 32.3668 9.7e-08 20.5
4 33.8105 1.44373 20.5
4 35.2666 2.89986 20.5
4 36.7112 4.34442 20.5
4 38.1665 5.79975 20.5
4 39.6189 7.25214 20.5
5 41.0635 7.8e-08 20.5
5 42.5143 1.45086 20.5
5 43.9715 2.90799 20.5
5 45.421 4.35748 20.5
5 46.8706 5.80709 20.5
5 48.3124 7.24895 20.5
5 49.7556 8.69215 20.5
6 51.2162 7.4e-08 20.5
6 52.66 1.44374 20.5
6 54.1041 2.88782 20.5
6 55.5556 4.33934 20.5
6 56.9989 5.78267 20.5
6 58.4423 7.22607 20.5
6 59.8937 8.67744 20.5
6 61.3479 10.1317 20.5
6 62.7999 11.5837 20.5
7 64.2442 8.7e-08 20.5
7 65.6881 1.44389 20.5
7 67.1393 2.89512 20.5
7 68.5826 4.3384 20.5
7 70.0317 5.78749 20.5
7 71.4827 7.23857 21
8 72.9255 7.5e-08 21
8 74.3676 1.44203 21
8 75.8185 2.89293 21
8 77.2604 4.33484 20.5
9 78.7033 5.4e-08 20.5
9 80.1541 1.45076 20.5
9 81.5962 2.89285 20.5
10 83.0385 7e-08 21
10 84.4956 1.45707 21
10 85.939 2.90052 21
11 87.3902 7.4e-08 21
11 88.8322 1.44203 21
11 90.2755 2.88538 21
12 91.7254 7.8e-08 21
12 93.1673 1.44191 21
13 94.6104 5.2e-08 21
13 96.0675 1.45706 21
13 97.5105 2.90009 21
14 98.9524 5.7e-08 21
14 100.403 1.45104 21
15 101.846 6.4e-08 21
15 103.288 1.44295 21
16 104.74 6.3e-08 21
16 106.182 1.44169 21
16 107.631 2.89095 21
17 109.082 4.9e-08 21
17 110.524 1.44199 21
18 111.975 5.1e-08 21
18 113.417 1.44183 21
19 114.859 5.5e-08 21
19 116.31 1.45119 21
20 117.753 7.4e-08 21
20 119.206 1.45326 21
20 120.658 2.90536 21
21 122.102 6e-08 21
21 123.547 1.44421 21
22 124.998 7e-08 21
22 126.442 1.44409 21
23 127.892 5.6e-08 21
23 129.343 1.45106 21
24 130.885 1.56e-07 21
24 132.324 1.43889 21
24 133.767 2.88218 21
25 135.223 7.3e-08 21
25 136.671 1.44838 21
26 138.115 7.9e-08 21
26 139.568 1.45226 21
26 141.011 2.89561 21
27 142.455 8.7e-08 21
27 143.912 1.457 21
28 146.156 1.55e-07 21
28 147.594 1.4381 21
28 149.038 2.88149 21
29 151.79 1.45e-07 21
29 153.244 1.45364 21
29 154.688 2.8976 21
30 159.643 1.78e-07 21
30 161.085 1.44266 21
30 162.543 2.90005 20.5
