0 6.70227 8.5e-08 22.5
0 9.59859 2.89632 22.5
0 11.0444 4.34212 22.5
0 12.4877 5.78547 22.5
0 13.9389 7.23661 22.5
0 15.3821 8.67983 22.5
1 16.8213 7.8e-08 22.5
1 18.2772 1.45588 22.5
1 19.723 2.90162 22.5
1 21.1634 4.34202 22.5
1 22.6145 5.79314 22.5
1 24.0588 7.23745 22.5
1 25.501 8.67968 23
2 26.9491 6.5e-08 23
2 28.3945 1.44547 23
2 29.8652 2.9161 23
2 31.3256 4.37655 23
3 32.7904 1.14e-07 23
3 34.2475 1.4571 23.5
4 35.7022 1.26e-07 24.5
5 37.1704 6.9e-08 26
8 38.6145 5.4e-08 26
10 40.0676 6.2e-08 26
13 41.5184 6.8e-08 26
15 42.9772 7e-08 26
18 44.4329 6.6e-08 26
20 45.8814 5.5e-08 26
21 47.3411 9e-08 22.5
22 48.7921 6.2e-08 22.5
23 51.2364 1.07e-07 23
24 55.9899 1.44e-07 23
25 65.1508 1.53e-07 23
