        type trial_config ert_flop   unroll  buffers        nsize       trials       microsecs        bytes        flops         GB/s         GF/s
 signed_char    coalesced        2      256        2          512     16777216     6891078.732  17179869184  17179869184        2.493        2.493
 signed_char    coalesced        2      256        2         1024      8388608     3850944.249  17179869184  17179869184        4.461        4.461
 signed_char    coalesced        2      256        2         2048      4194304     2325943.166  17179869184  17179869184        7.386        7.386
 signed_char    coalesced        2      256        2         4096      2097152     1363961.413  17179869184  17179869184       12.596       12.596
 signed_char    coalesced        2      256        2         8192      1048576      909389.308  17179869184  17179869184       18.892       18.892
 signed_char    coalesced        2      256        2        16384       524288      682050.482  17179869184  17179869184       25.189       25.189
 signed_char    coalesced        2      256        2        32768       262144      596414.194  17179869184  17179869184       28.805       28.805
 signed_char    coalesced        2      256        2        65536       131072      573764.978  17179869184  17179869184       29.942       29.942
 signed_char    coalesced        2      256        2       131072        65536      565638.571  17179869184  17179869184       30.373       30.373
 signed_char    coalesced        2      256        2       262144        32768      562353.479  17179869184  17179869184       30.550       30.550
 signed_char    coalesced        2      256        2       524288        16384      560327.600  17179869184  17179869184       30.660       30.660
 signed_char    coalesced        2      256        2      1048576         8192      559177.430  17179869184  17179869184       30.723       30.723
 signed_char    coalesced        2      256        2      2097152         4096      558657.508  17179869184  17179869184       30.752       30.752
 signed_char    coalesced        2      256        2      4194304         2048      558346.074  17179869184  17179869184       30.769       30.769
 signed_char    coalesced        2      256        2      8388608         1024      558149.641  17179869184  17179869184       30.780       30.780
 signed_char    coalesced        2      256        2     16777216          512      558113.145  17179869184  17179869184       30.782       30.782
 signed_char    coalesced        2      256        2     33554432          256      558070.876  17179869184  17179869184       30.784       30.784
 signed_char    coalesced        2      256        2     67108864          128      558071.646  17179869184  17179869184       30.784       30.784
 signed_char    coalesced        2      256        2    134217728           64      558096.136  17179869184  17179869184       30.783       30.783
 signed_char    coalesced        2      256        2    268435456           32      558004.022  17179869184  17179869184       30.788       30.788
 signed_char    coalesced        2      256        2    536870912           16      558046.956  17179869184  17179869184       30.786       30.786
 signed_char    coalesced        2      256        2   1073741824            8      558032.246  17179869184  17179869184       30.787       30.787
 signed_char    coalesced        2      256        2   2147483648            4      558050.422  17179869184  17179869184       30.786       30.786
 signed_char    coalesced        2      256        2   4294967296            2      557965.345  17179869184  17179869184       30.790       30.790
 signed_char    coalesced        2      256        2   8588886016            1      557913.541  17177772032  17177772032       30.789       30.789
