0 6.55945 9.5e-08 21.5
0 9.45336 2.89391 21.5
0 10.8964 4.3369 21.5
0 12.3441 5.7846 21.5
0 13.7861 7.22669 21.5
0 15.2302 8.67077 21.5
1 16.6817 6.8e-08 21.5
1 18.125 1.44329 21.5
1 19.5685 2.88676 21.5
1 21.0236 4.34182 21.5
1 22.4661 5.78431 21.5
1 23.9095 7.22771 21.5
1 25.3615 8.67976 21.5
1 26.803 10.1213 21.5
2 28.2461 8.1e-08 21.5
2 29.6973 1.45114 21.5
2 31.1408 2.89466 21.5
2 32.5849 4.33879 21.5
2 34.0425 5.79641 21.5
2 35.4854 7.23922 21.5
2 36.9363 8.69015 21.5
2 38.3783 10.1321 21.5
3 39.8223 1.44e-07 21.5
3 41.2738 1.45144 21.5
3 42.7158 2.89345 21.5
3 44.1593 4.33703 22
4 45.6161 1.76e-07 22
4 47.0594 1.44333 22
4 48.5013 2.88523 22.5
5 49.9526 8.7e-08 23
6 51.396 7.5e-08 23.5
7 52.8391 7.1e-08 24.5
9 54.2903 6.9e-08 24.5
11 55.7324 6e-08 24.5
14 57.175 6.9e-08 24.5
16 58.6318 8.3e-08 24.5
18 60.0749 1.71e-07 24.5
20 61.5255 7.3e-08 22.5
22 62.9694 6.2e-08 22
23 64.6128 1.71e-07 21.5
24 67.3574 1.68e-07 22
25 72.0128 1.14e-07 22
26 80.957 1.2e-07 21.5
