0 6.59818 9e-08 20.5
0 9.48771 2.88953 20.5
0 10.93 4.33183 20.5
0 12.3721 5.77396 20.5
1 13.8243 9.8e-08 20.5
1 15.2678 1.44353 20.5
1 16.7114 2.88713 20.5
1 18.1683 4.34402 20.5
2 19.6119 7.4e-08 20.5
2 21.0553 1.44336 20.5
2 22.5049 2.89301 20.5
2 23.9483 4.33644 20.5
2 25.3965 5.78465 20.5
3 26.8541 9.5e-08 20.5
3 28.298 1.44387 20.5
3 29.7516 2.89748 20.5
3 31.1988 4.34464 20.5
3 32.6409 5.78678 20.5
4 34.0966 7.5e-08 20.5
4 35.5347 1.43803 20.5
4 36.9787 2.88207 20.5
4 38.4449 4.34823 20.5
4 39.8876 5.79092 20.5
5 41.3315 1.61e-07 20.5
5 42.7823 1.45076 20.5
5 44.2259 2.89437 20.5
5 45.6939 4.36231 20.5
5 47.1374 5.80585 20.5
5 48.5807 7.24912 20.5
5 50.0317 8.70016 20.5
5 51.4909 10.1594 20.5
6 52.9395 1.6e-07 20.5
6 54.3913 1.45185 20.5
6 55.8352 2.89569 20.5
6 57.2792 4.33973 20.5
6 58.737 5.79749 20.5
6 60.1909 7.25141 20.5
6 61.6425 8.70303 20.5
6 63.0863 10.1468 20.5
6 64.5302 11.5908 20.5
6 65.9976 13.0581 20.5
7 67.4412 8e-08 20.5
7 68.8845 1.44336 20.5
7 70.3359 2.89477 20.5
7 71.7786 4.3374 20.5
7 73.2221 5.78093 20.5
7 74.689 7.24787 20.5
7 76.1327 8.6915 20.5
7 77.5841 10.1429 20.5
7 79.026 11.5849 20.5
7 80.47 13.0288 20.5
7 81.9359 14.4948 20.5
7 83.379 15.9378 20.5
7 84.8269 17.3857 20.5
8 86.2741 7.7e-08 20.5
8 87.7168 1.44263 20.5
8 89.1604 2.88623 20.5
8 90.6169 4.34275 20.5
8 92.0591 5.78499 20.5
8 93.5153 7.24113 20.5
8 94.9589 8.6848 20.5
8 96.4024 10.1283 20.5
8 97.8599 11.5857 20.5
8 99.3036 13.0295 20.5
8 100.747 14.473 20.5
8 102.204 15.9297 20.5
8 103.645 17.371 20.5
8 105.087 18.8131 20.5
8 106.538 20.2641 20.5
8 107.981 21.7073 20.5
8 109.424 23.1497 20.5
8 110.88 24.606 20.5
9 112.324 7.6e-08 20.5
9 113.776 1.45193 20.5
9 115.219 2.89539 20.5
9 116.663 4.33901 20.5
9 118.129 5.80503 20.5
9 119.572 7.24834 20.5
9 121.016 8.69198 20.5
9 122.467 10.1432 20.5
9 123.909 11.5855 20.5
9 125.351 13.0275 20.5
9 126.803 14.4789 20.5
9 128.257 15.933 20.5
9 129.707 17.383 20.5
9 131.156 18.8318 20.5
10 132.599 7.9e-08 20.5
10 134.05 1.45162 20.5
10 135.492 2.89373 20.5
10 136.935 4.33656 20.5
10 138.392 5.7931 20.5
10 139.835 7.2363 20.5
10 141.278 8.67936 20.5
10 142.729 10.1298 20.5
10 144.171 11.5728 20.5
10 145.614 13.0154 20.5
10 147.065 14.4663 20.5
10 148.523 15.9247 20.5
11 149.976 6.8e-08 20.5
11 151.423 1.44784 20.5
11 152.862 2.88653 20.5
11 154.312 4.33646 20.5
11 155.755 5.77982 20.5
11 157.197 7.22166 20.5
11 158.654 8.67882 20.5
11 160.097 10.1216 20.5
11 161.539 11.5633 20.5
11 162.989 13.0137 20.5
12 164.432 7.2e-08 20.5
12 165.874 1.4418 20.5
12 167.342 2.90953 20.5
12 168.784 4.35194 20.5
12 170.239 5.8073 20.5
12 171.677 7.24513 20.5
12 173.12 8.68785 20.5
12 174.57 10.1383 20.5
12 176.018 11.586 20.5
12 177.457 13.0252 20.5
13 178.913 7.6e-08 20.5
13 180.356 1.44277 20.5
13 181.808 2.89523 20.5
13 183.259 4.34591 20.5
13 184.702 5.78905 20.5
13 186.145 7.23236 20.5
13 187.606 8.6932 20.5
13 189.044 10.1313 20.5
13 190.495 11.5822 20.5
13 191.938 13.0247 20.5
14 193.381 8.5e-08 20.5
14 194.831 1.4498 20.5
14 196.274 2.89261 20.5
14 197.716 4.33529 20.5
14 199.183 5.80231 20.5
14 200.627 7.24558 20.5
14 202.07 8.68888 20.5
14 203.521 10.1401 20.5
14 204.963 11.5822 20.5
14 206.406 13.0254 20.5
15 207.862 8.2e-08 20.5
15 209.305 1.44307 20.5
15 210.756 2.89332 20.5
15 212.201 4.3385 20.5
15 213.642 5.77987 20.5
15 215.093 7.23047 20.5
15 216.552 8.68957 20.5
15 217.995 10.1325 20.5
15 219.446 11.5838 20.5
15 220.889 13.0264 20.5
16 222.331 1.03e-07 20.5
16 223.782 1.45042 20.5
16 225.225 2.89371 20.5
16 226.668 4.3371 20.5
16 228.124 5.79311 20.5
16 229.568 7.23639 20.5
16 231.019 8.68738 20.5
16 232.461 10.1301 20.5
16 233.909 11.5777 20.5
16 235.359 13.028 20.5
17 236.805 9.9e-08 20.5
17 238.242 1.43671 20.5
17 239.699 2.89391 20.5
17 241.141 4.33587 20.5
17 242.588 5.78215 20.5
17 244.034 7.22885 20.5
17 245.477 8.67135 20.5
17 246.919 10.1139 20.5
17 248.386 11.5808 20.5
17 249.83 13.0242 20.5
18 251.281 8.4e-08 20.5
18 252.723 1.44238 20.5
18 254.166 2.88566 20.5
18 255.618 4.33689 20.5
18 257.059 5.77856 20.5
18 258.503 7.22209 20.5
18 259.96 8.67878 20.5
18 261.404 10.1233 20.5
18 262.845 11.5643 20.5
19 264.3 6.3e-08 20.5
19 265.743 1.44341 20.5
19 267.187 2.88694 20.5
19 268.644 4.3445 20.5
19 270.088 5.78842 20.5
19 271.539 7.23949 20.5
19 272.986 8.68618 20.5
19 274.425 10.1256 20.5
19 275.876 11.5765 20.5
19 277.318 13.0187 20.5
20 278.761 6.8e-08 20.5
20 280.228 1.46679 20.5
20 281.67 2.90861 20.5
20 283.112 4.35118 20.5
20 284.564 5.80229 20.5
20 286.005 7.24426 20.5
20 287.449 8.68735 20.5
20 288.905 10.1437 20.5
20 290.348 11.5864 20.5
20 291.8 13.0392 20.5
21 293.241 9.3e-08 20.5
21 294.689 1.44817 20.5
21 296.146 2.90531 20.5
21 297.594 4.35355 20.5
21 299.037 5.79612 20.5
21 300.487 7.24584 20.5
21 301.929 8.68827 20.5
21 303.376 10.1351 20.5
21 304.822 11.5811 20.5
21 306.265 13.024 20.5
22 307.708 7.2e-08 20.5
22 309.164 1.45562 20.5
22 310.607 2.89899 20.5
22 312.058 4.35001 20.5
22 313.5 5.79234 20.5
22 314.944 7.23563 20.5
22 316.394 8.68609 20.5
22 317.836 10.1283 20.5
22 319.28 11.5718 20.5
23 320.737 8.6e-08 20.5
23 322.179 1.44214 20.5
23 323.622 2.88497 20.5
23 325.072 4.33529 20.5
23 326.515 5.77803 20.5
23 327.957 7.22056 20.5
23 329.408 8.67142 20.5
23 330.851 10.1145 20.5
23 332.293 11.5562 20.5
23 333.749 13.0127 21
24 335.192 7.2e-08 20.5
24 336.643 1.45107 20.5
24 338.086 2.89368 20.5
24 339.528 4.33601 20.5
24 340.978 5.78639 20.5
24 342.421 7.2293 20.5
24 343.881 8.68869 20.5
24 345.331 10.1394 20.5
24 346.774 11.5822 20.5
24 348.217 13.0247 20.5
25 349.668 9.6e-08 20.5
25 351.11 1.44221 20.5
25 352.553 2.88545 20.5
25 354.009 4.34138 20.5
25 355.453 5.78504 20.5
25 356.904 7.2358 20.5
25 358.347 8.67878 20.5
25 359.79 10.1222 20.5
25 361.257 11.5886 20.5
25 362.699 13.0315 20.5
26 364.148 9.4e-08 20.5
26 365.594 1.44606 20.5
26 367.037 2.88867 20.5
26 368.48 4.33138 20.5
26 369.935 5.7867 20.5
26 371.373 7.225 20.5
26 372.817 8.66831 20.5
26 374.273 10.1243 20.5
26 375.716 11.5677 20.5
26 377.167 13.0189 20.5
27 378.611 1e-07 20.5
27 380.053 1.44171 20.5
27 381.52 2.90897 20.5
27 382.963 4.352 21
27 384.405 5.79383 20.5
27 385.856 7.2449 20.5
27 387.299 8.68767 20.5
27 388.746 10.1348 20.5
27 390.192 11.581 20.5
28 392.145 1e-07 21
28 393.596 1.45029 20.5
28 395.039 2.89382 20.5
28 396.482 4.33683 20.5
28 397.932 5.78623 20.5
28 399.375 7.22924 21
28 400.817 8.67152 20.5
28 402.274 10.1283 20.5
28 403.715 11.5697 20.5
28 405.166 13.0206 21
29 407.309 1.54e-07 20.5
29 408.746 1.4363 20.5
29 410.203 2.89362 21
29 411.646 4.3367 20.5
29 413.089 5.77917 21
29 414.539 7.22934 20.5
29 415.98 8.67068 20.5
29 417.422 10.1129 20.5
29 418.873 11.5638 21
29 420.315 13.006 21
30 423.46 1.19e-07 20.5
30 424.899 1.43938 20.5
30 426.349 2.88914 20.5
30 427.791 4.33095 20.5
30 429.24 5.78011 20.5
30 430.691 7.23107 21
30 432.134 8.67427 21
30 433.578 10.1181 21
30 435.033 11.573 20.5
30 436.473 13.0138 21
31 441.823 1.45e-07 20.5
31 443.265 1.44201 20.5
31 444.709 2.88558 20.5
31 446.167 4.34331 21
31 447.61 5.78718 21
31 449.053 7.22985 21
31 450.503 8.68022 20.5
31 451.947 10.1233 20.5
31 453.39 11.5665 21
31 454.84 13.0169 20.5
32 464.589 1.45e-07 20.5
32 466.031 1.44172 20.5
32 467.474 2.88521 20.5
32 468.931 4.34214 20.5
32 470.374 5.7852 20.5
32 471.816 7.22685 20.5
32 473.266 8.67766 20.5
32 474.708 10.1194 20.5
32 476.151 11.5622 20.5
32 477.602 13.0133 20.5
