0 6.49901 9.2e-08 20.5
0 9.40236 2.90335 20.5
0 10.8533 4.35424 20.5
0 12.2965 5.79744 20.5
1 13.74 1.2e-07 20.5
1 15.19 1.44997 20.5
1 16.6335 2.89345 20.5
1 18.0729 4.33292 20.5
2 19.5318 9e-08 20.5
2 20.9739 1.44217 20.5
2 22.4166 2.88488 20.5
2 23.8693 4.3375 20.5
2 25.314 5.78219 20.5
3 26.7631 1.03e-07 20.5
3 28.2382 1.47507 20.5
3 29.6781 2.91496 20.5
3 31.1659 4.40278 20.5
3 32.6203 5.85718 20.5
4 34.0788 1.27e-07 20.5
4 35.5357 1.45686 20.5
4 36.9883 2.90948 20.5
4 38.4375 4.35871 20.5
4 39.8802 5.80136 20.5
4 41.3221 7.24329 21
5 42.7892 1.69e-07 21
5 44.2473 1.45811 21
5 45.7094 2.92024 21
6 47.1531 6.2e-08 21
6 48.5964 1.44334 21
6 50.0514 2.89831 21.5
7 51.5118 1.19e-07 22
8 52.9738 7.4e-08 22.5
9 54.4227 1.09e-07 22.5
10 55.8661 1.22e-07 22.5
12 57.3333 5.8e-08 23
13 58.7814 8.7e-08 23
15 60.2363 1.65e-07 23
16 61.6906 9.7e-08 23
18 63.1337 7.1e-08 23
19 64.6012 1.59e-07 23
21 66.1603 1.9e-07 23
22 67.6188 7.5e-08 23
23 69.0683 5.8e-08 23
24 70.5259 6.4e-08 20.5
25 71.9683 6.4e-08 21
26 74.8113 9.5e-08 21
27 79.8574 1.53e-07 21
28 89.1064 1.53e-07 20.5
