0 6.61565 9.6e-08 20.5
0 9.49961 2.88396 20.5
0 10.954 4.33832 20.5
0 12.397 5.78132 20.5
1 13.8374 1.38e-07 20.5
1 15.2904 1.45304 20.5
1 16.7307 2.89331 20.5
1 18.1735 4.33618 20.5
2 19.6326 9.1e-08 20.5
2 21.076 1.44335 20.5
2 22.5264 2.89375 20.5
2 23.9695 4.33694 20.5
2 25.4109 5.7783 20.5
3 26.861 1.06e-07 20.5
3 28.3258 1.46475 20.5
3 29.7746 2.91354 20.5
3 31.2509 4.3899 20.5
3 32.7018 5.84081 21
4 34.1698 1.6e-07 21
4 35.6184 1.44858 21
4 37.0597 2.88989 21
4 38.5109 4.34112 21
5 39.9536 1.36e-07 21
6 41.4254 8.7e-08 22
6 42.886 1.46051 23
8 44.341 7.5e-08 23.5
10 45.804 1.46e-07 23.5
12 47.2464 1e-07 23.5
13 48.7069 5.7e-08 23.5
15 50.153 1.37e-07 23.5
17 51.6115 9e-08 23.5
19 53.0677 5.3e-08 23.5
20 54.5106 6.8e-08 23.5
22 55.9586 6.9e-08 21
23 57.4302 5.8e-08 20.5
24 59.079 1.71e-07 21
25 61.9189 1.45e-07 21
26 66.6618 1.01e-07 21
27 75.621 1.56e-07 20.5
