        type trial_config ert_flop   unroll  buffers        nsize       trials       microsecs        bytes        flops         GB/s         GF/s
      double    coalesced        1        2        2           32     16777216     7274213.647   1073741824     67108864        0.148        0.009
      double    coalesced        1        2        2           64     16777216     7274147.820   2147483648    134217728        0.295        0.018
      double    coalesced        1        2        2          128     16777216     7702056.410   4294967296    268435456        0.558        0.035
      double    coalesced        1        2        2          256     16777216     8590868.865   8589934592    536870912        1.000        0.062
      double    coalesced        1        2        2          512     16777216    10071799.406  17179869184   1073741824        1.706        0.107
      double    coalesced        1        2        2         1024      8388608     5951690.992  17179869184   1073741824        2.887        0.180
      double    coalesced        1        2        2         2048      4194304     3685070.408  17179869184   1073741824        4.662        0.291
      double    coalesced        1        2        2         4096      2097152     2338402.639  17179869184   1073741824        7.347        0.459
      double    coalesced        1        2        2         8192      1048576     1737481.916  17179869184   1073741824        9.888        0.618
      double    coalesced        1        2        2        16384       524288     1364231.813  17179869184   1073741824       12.593        0.787
      double    coalesced        1        2        2        32768       262144     1202944.689  17179869184   1073741824       14.282        0.893
      double    coalesced        1        2        2        65536       131072     1106185.841  17179869184   1073741824       15.531        0.971
      double    coalesced        1        2        2       131072        65536     1063380.174  17179869184   1073741824       16.156        1.010
      double    coalesced        1        2        2       262144        32768     1042863.411  17179869184   1073741824       16.474        1.030
      double    coalesced        1        2        2       524288        16384     1032451.993  17179869184   1073741824       16.640        1.040
      double    coalesced        1        2        2      1048576         8192     1027169.054  17179869184   1073741824       16.725        1.045
      double    coalesced        1        2        2      2097152         4096     1024496.848  17179869184   1073741824       16.769        1.048
      double    coalesced        1        2        2      4194304         2048     1023348.826  17179869184   1073741824       16.788        1.049
      double    coalesced        1        2        2      8388608         1024     1023251.543  17179869184   1073741824       16.789        1.049
      double    coalesced        1        2        2     16777216          512     1023322.875  17179869184   1073741824       16.788        1.049
      double    coalesced        1        2        2     33554432          256     1023276.595  17179869184   1073741824       16.789        1.049
      double    coalesced        1        2        2     67108864          128     1023255.185  17179869184   1073741824       16.789        1.049
      double    coalesced        1        2        2    134217728           64     1023299.764  17179869184   1073741824       16.789        1.049
      double    coalesced        1        2        2    268435456           32     1023319.596  17179869184   1073741824       16.788        1.049
      double    coalesced        1        2        2    536870912           16     1023315.854  17179869184   1073741824       16.788        1.049
      double    coalesced        1        2        2   1073741824            8     1023238.921  17179869184   1073741824       16.790        1.049
      double    coalesced        1        2        2   2147483648            4     1023250.371  17179869184   1073741824       16.790        1.049
      double    coalesced        1        2        2   4294967296            2     1023265.382  17179869184   1073741824       16.789        1.049
      double    coalesced        1        2        2   8588886016            1     1023197.219  17177772032   1073610752       16.788        1.049
