        type trial_config ert_flop   unroll  buffers        nsize       trials       microsecs        bytes        flops         GB/s         GF/s
      double    coalesced        9       32        1          256     16777216    18704289.805   8589934592   4831838208        0.459        0.258
      double    coalesced        9       32        1          512      8388608     9352325.941   8589934592   4831838208        0.918        0.517
      double    coalesced        9       32        1         1024      4194304     4880736.330   8589934592   4831838208        1.760        0.990
      double    coalesced        9       32        1         2048      2097152     2654392.991   8589934592   4831838208        3.236        1.820
      double    coalesced        9       32        1         4096      1048576     1488130.726   8589934592   4831838208        5.772        3.247
      double    coalesced        9       32        1         8192       524288      909585.013   8589934592   4831838208        9.444        5.312
      double    coalesced        9       32        1        16384       262144      614034.385   8589934592   4831838208       13.989        7.869
      double    coalesced        9       32        1        32768       131072      474564.314   8589934592   4831838208       18.101       10.182
      double    coalesced        9       32        1        65536        65536      398076.563   8589934592   4831838208       21.579       12.138
      double    coalesced        9       32        1       131072        32768      364299.734   8589934592   4831838208       23.579       13.263
      double    coalesced        9       32        1       262144        16384      344931.016   8589934592   4831838208       24.903       14.008
      double    coalesced        9       32        1       524288         8192      335740.345   8589934592   4831838208       25.585       14.392
      double    coalesced        9       32        1      1048576         4096      330652.279   8589934592   4831838208       25.979       14.613
      double    coalesced        9       32        1      2097152         2048      328397.455   8589934592   4831838208       26.157       14.713
      double    coalesced        9       32        1      4194304         1024      327267.574   8589934592   4831838208       26.247       14.764
      double    coalesced        9       32        1      8388608          512      326680.747   8589934592   4831838208       26.295       14.791
      double    coalesced        9       32        1     16777216          256      326393.062   8589934592   4831838208       26.318       14.804
      double    coalesced        9       32        1     33554432          128      326277.800   8589934592   4831838208       26.327       14.809
      double    coalesced        9       32        1     67108864           64      326240.057   8589934592   4831838208       26.330       14.811
      double    coalesced        9       32        1    134217728           32      326146.819   8589934592   4831838208       26.338       14.815
      double    coalesced        9       32        1    268435456           16      326089.396   8589934592   4831838208       26.342       14.818
      double    coalesced        9       32        1    536870912            8      326071.436   8589934592   4831838208       26.344       14.818
      double    coalesced        9       32        1   1073741824            4      326061.680   8589934592   4831838208       26.345       14.819
      double    coalesced        9       32        1   2147483648            2      326079.452   8589934592   4831838208       26.343       14.818
      double    coalesced        9       32        1   4293918720            1      326044.336   8587837440   4830658560       26.339       14.816
