        type trial_config ert_flop   unroll  buffers        nsize       trials       microsecs        bytes        flops         GB/s         GF/s
 signed_char    coalesced        4      512        1          512      8388608     4223711.950   8589934592  17179869184        2.034        4.067
 signed_char    coalesced        4      512        1         1024      4194304     2309034.408   8589934592  17179869184        3.720        7.440
 signed_char    coalesced        4      512        1         2048      2097152     1363952.537   8589934592  17179869184        6.298       12.596
 signed_char    coalesced        4      512        1         4096      1048576      818453.121   8589934592  17179869184       10.495       20.991
 signed_char    coalesced        4      512        1         8192       524288      533809.582   8589934592  17179869184       16.092       32.184
 signed_char    coalesced        4      512        1        16384       262144      409245.612   8589934592  17179869184       20.990       41.979
 signed_char    coalesced        4      512        1        32768       131072      341025.290   8589934592  17179869184       25.189       50.377
 signed_char    coalesced        4      512        1        65536        65536      310658.904   8589934592  17179869184       27.651       55.301
 signed_char    coalesced        4      512        1       131072        32768      295853.561   8589934592  17179869184       29.034       58.069
 signed_char    coalesced        4      512        1       262144        16384      291674.105   8589934592  17179869184       29.450       58.901
 signed_char    coalesced        4      512        1       524288         8192      288823.195   8589934592  17179869184       29.741       59.482
 signed_char    coalesced        4      512        1      1048576         4096      287761.293   8589934592  17179869184       29.851       59.702
 signed_char    coalesced        4      512        1      2097152         2048      287811.214   8589934592  17179869184       29.846       59.691
 signed_char    coalesced        4      512        1      4194304         1024      287577.247   8589934592  17179869184       29.870       59.740
 signed_char    coalesced        4      512        1      8388608          512      286386.931   8589934592  17179869184       29.994       59.988
 signed_char    coalesced        4      512        1     16777216          256      286420.948   8589934592  17179869184       29.991       59.981
 signed_char    coalesced        4      512        1     33554432          128      286511.612   8589934592  17179869184       29.981       59.962
 signed_char    coalesced        4      512        1     67108864           64      286687.368   8589934592  17179869184       29.963       59.925
 signed_char    coalesced        4      512        1    134217728           32      286948.210   8589934592  17179869184       29.935       59.871
 signed_char    coalesced        4      512        1    268435456           16      286308.030   8589934592  17179869184       30.002       60.005
 signed_char    coalesced        4      512        1    536870912            8      286062.490   8589934592  17179869184       30.028       60.056
 signed_char    coalesced        4      512        1   1073741824            4      286463.753   8589934592  17179869184       29.986       59.972
 signed_char    coalesced        4      512        1   2147483648            2      285574.014   8589934592  17179869184       30.080       60.159
 signed_char    coalesced        4      512        1   4293918720            1      283807.056   8587837440  17175674880       30.259       60.519
