0 6.70953 1.05e-07 26.5
0 9.60119 2.89166 26.5
0 11.049 4.33947 26.5
0 12.5009 5.79133 26.5
0 13.9419 7.23241 26.5
0 15.3853 8.67577 26.5
0 16.8407 10.1312 26.5
0 18.2853 11.5757 26.5
0 19.7268 13.0172 26.5
0 21.1781 14.4686 26.5
0 22.6249 15.9154 26.5
0 24.0695 17.36 26.5
0 25.5219 18.8124 26.5
0 26.9658 20.2563 26.5
0 28.4117 21.7022 26.5
0 29.8796 23.1701 26.5
0 31.3338 24.6243 26.5
0 32.7916 26.082 26.5
0 34.2567 27.5472 26.5
0 35.7156 29.006 26.5
0 37.1836 30.4741 26.5
0 38.6379 31.9284 26.5
0 40.0907 33.3812 26.5
0 41.5508 34.8413 26.5
0 43.0045 36.295 26.5
0 44.4615 37.752 26.5
0 45.9101 39.2005 26.5
0 47.354 40.6445 26.5
1 48.8051 9.3e-08 26.5
1 50.2709 1.46576 26.5
1 51.7285 2.9234 26.5
1 53.177 4.37185 26.5
1 54.6262 5.82103 26.5
1 56.1001 7.295 26.5
1 57.5497 8.74456 26.5
1 58.9937 10.1886 26.5
1 60.4614 11.6563 26.5
1 61.9061 13.101 26.5
1 63.3688 14.5636 26.5
1 64.8173 16.0122 26.5
1 66.2664 17.4612 26.5
1 67.7349 18.9298 26.5
1 69.1785 20.3733 26.5
1 70.6372 21.832 26.5
1 72.1094 23.3043 26.5
1 73.5632 24.758 26.5
1 75.0307 26.2255 26.5
1 76.4747 27.6696 26.5
1 77.9341 29.129 26.5
1 79.3922 30.587 26.5
1 80.8517 32.0466 26.5
1 82.3148 33.5097 26.5
1 83.7586 34.9535 26.5
1 85.2019 36.3968 26.5
1 86.6759 37.8707 26.5
1 88.1346 39.3294 26.5
2 89.5934 9.9e-08 26.5
2 91.0603 1.46689 26.5
2 92.5024 2.90895 26.5
2 93.9539 4.36048 26.5
2 95.3981 5.80461 26.5
2 96.8578 7.26434 26.5
2 98.3101 8.71663 26.5
2 99.77 10.1765 26.5
2 101.214 11.6209 26.5
2 102.672 13.0782 26.5
2 104.116 14.5223 26.5
2 105.56 15.9665 26.5
2 107.011 17.4179 26.5
2 108.476 18.8824 26.5
2 109.927 20.3336 26.5
2 111.371 21.7776 26.5
2 112.821 23.2272 26.5
2 114.272 24.6788 26.5
2 115.732 26.139 26.5
2 117.177 27.5831 26.5
2 118.638 29.0442 26.5
2 120.082 30.4883 26.5
2 121.526 31.9327 26.5
2 122.977 33.3839 26.5
2 124.42 34.8266 26.5
2 125.87 36.2764 26.5
2 127.322 37.7286 26.5
2 128.788 39.1942 26.5
2 130.239 40.6458 26.5
2 131.683 42.09 26.5
3 133.138 8.9e-08 26.5
3 134.589 1.45088 26.5
3 136.032 2.89404 26.5
3 137.477 4.33867 26.5
3 138.928 5.78975 26.5
3 140.371 7.23288 26.5
3 141.816 8.67748 26.5
3 143.274 10.1357 26.5
3 144.718 11.5798 26.5
3 146.176 13.0377 26.5
3 147.627 14.4888 26.5
3 149.07 15.932 26.5
3 150.52 17.3816 26.5
3 151.971 18.8334 26.5
3 153.416 20.278 26.5
3 154.866 21.7279 26.5
3 156.323 23.1854 26.5
3 157.778 24.64 26.5
3 159.23 26.0919 26.5
3 160.683 27.5453 26.5
3 162.127 28.9893 26.5
3 163.586 30.4479 26.5
3 165.045 31.9072 26.5
3 166.489 33.3512 26.5
3 167.956 34.8175 26.5
3 169.394 36.2561 26.5
3 170.849 37.7109 26.5
3 172.3 39.1622 26.5
3 173.744 40.6064 26.5
3 175.197 42.0587 26.5
4 176.641 8.3e-08 26.5
4 178.084 1.4432 26.5
4 179.536 2.89523 26.5
4 180.98 4.33921 26.5
4 182.433 5.7927 26.5
4 183.885 7.24403 26.5
4 185.345 8.70411 26.5
4 186.788 10.1476 26.5
4 188.24 11.5988 26.5
4 189.693 13.0528 26.5
4 191.137 14.4967 26.5
4 192.598 15.9577 26.5
4 194.042 17.401 26.5
4 195.491 18.8501 26.5
4 196.948 20.3073 26.5
4 198.392 21.7513 26.5
5 199.853 1.12e-07 26.5
5 201.296 1.4434 26.5
5 202.74 2.88724 26.5
5 204.197 4.34409 26.5
5 205.641 5.78816 26.5
5 207.086 7.23272 26.5
5 208.535 8.68205 26.5
5 209.978 10.1251 27
6 211.422 1.04e-07 27
6 212.895 1.47275 26.5
6 214.34 2.91731 26.5
6 215.793 4.37104 27
7 217.245 9.6e-08 27
7 218.688 1.44343 27
8 220.137 9.8e-08 27.5
8 221.595 1.45795 28
9 223.039 3.6e-08 28.5
11 224.5 1.2e-07 29.5
13 225.943 6.8e-08 30
15 227.386 8e-08 30
17 228.835 6.8e-08 30
19 230.289 9.9e-08 30
21 231.732 1.26e-07 27
23 233.299 1.46e-07 27
24 234.941 1.47e-07 27
25 237.504 2.1e-07 27
26 242.147 1.44e-07 27
27 250.895 1.55e-07 27
