        type trial_config ert_flop   unroll  buffers        nsize       trials       microsecs        bytes        flops         GB/s         GF/s
       float    coalesced       32        4        1           16     16777216     9352129.979    536870912   2147483648        0.057        0.230
       float    coalesced       32        4        1           32     16777216     9698471.388   1073741824   4294967296        0.111        0.443
       float    coalesced       32        4        1           64     16777216    10071481.680   2147483648   8589934592        0.213        0.853
       float    coalesced       32        4        1          128     16777216    10904753.392   4294967296  17179869184        0.394        1.575
       float    coalesced       32        4        1          256     16777216    11902598.284   8589934592  34359738368        0.722        2.887
       float    coalesced       32        4        1          512      8388608     6585247.658   8589934592  34359738368        1.304        5.218
       float    coalesced       32        4        1         1024      4194304     4091586.927   8589934592  34359738368        2.099        8.398
       float    coalesced       32        4        1         2048      2097152     2406864.780   8589934592  34359738368        3.569       14.276
       float    coalesced       32        4        1         4096      1048576     1636709.623   8589934592  34359738368        5.248       20.993
       float    coalesced       32        4        1         8192       524288     1235908.888   8589934592  34359738368        6.950       27.801
       float    coalesced       32        4        1        16384       262144     1023024.661   8589934592  34359738368        8.397       33.586
       float    coalesced       32        4        1        32768       131072      946648.913   8589934592  34359738368        9.074       36.296
       float    coalesced       32        4        1        65536        65536      895118.338   8589934592  34359738368        9.596       38.386
       float    coalesced       32        4        1       131072        32768      869592.107   8589934592  34359738368        9.878       39.512
       float    coalesced       32        4        1       262144        16384      857907.757   8589934592  34359738368       10.013       40.051
       float    coalesced       32        4        1       524288         8192      852506.204   8589934592  34359738368       10.076       40.304
       float    coalesced       32        4        1      1048576         4096      848942.039   8589934592  34359738368       10.118       40.474
       float    coalesced       32        4        1      2097152         2048      847185.415   8589934592  34359738368       10.139       40.558
       float    coalesced       32        4        1      4194304         1024      846758.180   8589934592  34359738368       10.144       40.578
       float    coalesced       32        4        1      8388608          512      846351.620   8589934592  34359738368       10.149       40.597
       float    coalesced       32        4        1     16777216          256      846172.447   8589934592  34359738368       10.152       40.606
       float    coalesced       32        4        1     33554432          128      846117.396   8589934592  34359738368       10.152       40.609
       float    coalesced       32        4        1     67108864           64      846032.504   8589934592  34359738368       10.153       40.613
       float    coalesced       32        4        1    134217728           32      846002.056   8589934592  34359738368       10.154       40.614
       float    coalesced       32        4        1    268435456           16      845971.421   8589934592  34359738368       10.154       40.616
       float    coalesced       32        4        1    536870912            8      846055.619   8589934592  34359738368       10.153       40.612
       float    coalesced       32        4        1   1073741824            4      846046.193   8589934592  34359738368       10.153       40.612
       float    coalesced       32        4        1   2147483648            2      846007.389   8589934592  34359738368       10.153       40.614
       float    coalesced       32        4        1   4293918720            1      845850.618   8587837440  34351349760       10.153       40.612
