        type trial_config ert_flop   unroll  buffers        nsize       trials       microsecs        bytes        flops         GB/s         GF/s
        long    coalesced        8       32        1          256     16777216     9579411.538   8589934592   4294967296        0.897        0.448
        long    coalesced        8       32        1          512      8388608     5134830.656   8589934592   4294967296        1.673        0.836
        long    coalesced        8       32        1         1024      4194304     2745558.634   8589934592   4294967296        3.129        1.564
        long    coalesced        8       32        1         2048      2097152     1636977.784   8589934592   4294967296        5.247        2.624
        long    coalesced        8       32        1         4096      1048576      930265.510   8589934592   4294967296        9.234        4.617
        long    coalesced        8       32        1         8192       524288      631350.449   8589934592   4294967296       13.606        6.803
        long    coalesced        8       32        1        16384       262144      472477.545   8589934592   4294967296       18.181        9.090
        long    coalesced        8       32        1        32768       131072      394981.293   8589934592   4294967296       21.748       10.874
        long    coalesced        8       32        1        65536        65536      354471.718   8589934592   4294967296       24.233       12.117
        long    coalesced        8       32        1       131072        32768      333830.823   8589934592   4294967296       25.731       12.866
        long    coalesced        8       32        1       262144        16384      323015.399   8589934592   4294967296       26.593       13.296
        long    coalesced        8       32        1       524288         8192      319981.113   8589934592   4294967296       26.845       13.423
        long    coalesced        8       32        1      1048576         4096      315188.287   8589934592   4294967296       27.253       13.627
        long    coalesced        8       32        1      2097152         2048      313850.624   8589934592   4294967296       27.369       13.685
        long    coalesced        8       32        1      4194304         1024      313108.580   8589934592   4294967296       27.434       13.717
        long    coalesced        8       32        1      8388608          512      312792.054   8589934592   4294967296       27.462       13.731
        long    coalesced        8       32        1     16777216          256      312647.438   8589934592   4294967296       27.475       13.737
        long    coalesced        8       32        1     33554432          128      312540.932   8589934592   4294967296       27.484       13.742
        long    coalesced        8       32        1     67108864           64      312563.557   8589934592   4294967296       27.482       13.741
        long    coalesced        8       32        1    134217728           32      312506.189   8589934592   4294967296       27.487       13.744
        long    coalesced        8       32        1    268435456           16      312451.107   8589934592   4294967296       27.492       13.746
        long    coalesced        8       32        1    536870912            8      312482.170   8589934592   4294967296       27.489       13.745
        long    coalesced        8       32        1   1073741824            4      312458.471   8589934592   4294967296       27.491       13.746
        long    coalesced        8       32        1   2147483648            2      312497.663   8589934592   4294967296       27.488       13.744
        long    coalesced        8       32        1   4293918720            1      312420.538   8587837440   4293918720       27.488       13.744
