        type trial_config ert_flop   unroll  buffers        nsize       trials       microsecs        bytes        flops         GB/s         GF/s
         int    coalesced        4        4        2           32     16777216     6235214.893   1073741824    536870912        0.172        0.086
         int    coalesced        4        4        2           64     16777216     6546760.135   2147483648   1073741824        0.328        0.164
         int    coalesced        4        4        2          128     16777216     6546728.357   4294967296   2147483648        0.656        0.328
         int    coalesced        4        4        2          256     16777216     7274114.824   8589934592   4294967296        1.181        0.590
         int    coalesced        4        4        2          512     16777216     8728908.805  17179869184   8589934592        1.968        0.984
         int    coalesced        4        4        2         1024      8388608     5326073.422  17179869184   8589934592        3.226        1.613
         int    coalesced        4        4        2         2048      4194304     3273624.230  17179869184   8589934592        5.248        2.624
         int    coalesced        4        4        2         4096      2097152     2046119.896  17179869184   8589934592        8.396        4.198
         int    coalesced        4        4        2         8192      1048576     1488216.572  17179869184   8589934592       11.544        5.772
         int    coalesced        4        4        2        16384       524288     1205118.530  17179869184   8589934592       14.256        7.128
         int    coalesced        4        4        2        32768       262144     1023284.940  17179869184   8589934592       16.789        8.394
         int    coalesced        4        4        2        65536       131072      979208.459  17179869184   8589934592       17.545        8.772
         int    coalesced        4        4        2       131072        65536      940015.336  17179869184   8589934592       18.276        9.138
         int    coalesced        4        4        2       262144        32768      921004.532  17179869184   8589934592       18.653        9.327
         int    coalesced        4        4        2       524288        16384      911438.933  17179869184   8589934592       18.849        9.425
         int    coalesced        4        4        2      1048576         8192      907134.626  17179869184   8589934592       18.939        9.469
         int    coalesced        4        4        2      2097152         4096      904803.308  17179869184   8589934592       18.987        9.494
         int    coalesced        4        4        2      4194304         2048      903451.235  17179869184   8589934592       19.016        9.508
         int    coalesced        4        4        2      8388608         1024      903042.841  17179869184   8589934592       19.024        9.512
         int    coalesced        4        4        2     16777216          512      902748.924  17179869184   8589934592       19.031        9.515
         int    coalesced        4        4        2     33554432          256      902592.761  17179869184   8589934592       19.034        9.517
         int    coalesced        4        4        2     67108864          128      902499.488  17179869184   8589934592       19.036        9.518
         int    coalesced        4        4        2    134217728           64      902484.333  17179869184   8589934592       19.036        9.518
         int    coalesced        4        4        2    268435456           32      902410.750  17179869184   8589934592       19.038        9.519
         int    coalesced        4        4        2    536870912           16      902514.794  17179869184   8589934592       19.036        9.518
         int    coalesced        4        4        2   1073741824            8      902420.570  17179869184   8589934592       19.038        9.519
         int    coalesced        4        4        2   2147483648            4      902463.446  17179869184   8589934592       19.037        9.518
         int    coalesced        4        4        2   4294967296            2      902483.749  17179869184   8589934592       19.036        9.518
         int    coalesced        4        4        2   8588886016            1      902359.788  17177772032   8588886016       19.036        9.518
