0 3.34059 8e-08 20.5
0 6.22885 2.88827 20.5
0 7.67857 4.33798 20.5
0 9.12064 5.78005 20.5
1 10.567 8.1e-08 20.5
1 12.018 1.45102 20.5
1 13.4625 2.89544 20.5
1 14.9106 4.34359 20.5
2 16.3523 5.6e-08 20.5
2 17.7973 1.44504 20.5
2 19.2669 2.91456 20.5
2 20.7158 4.3635 20.5
3 22.1574 6.5e-08 20.5
3 23.6294 1.47203 20.5
3 25.0779 2.92051 20.5
3 26.5497 4.39233 20.5
3 27.9988 5.84141 20.5
4 29.4409 5.4e-08 20.5
4 30.8905 1.44957 20.5
4 32.3475 2.90658 20.5
4 33.8031 4.36224 20.5
4 35.2672 5.82628 20.5
5 36.7205 5.1e-08 20.5
5 38.1705 1.44999 20.5
5 39.6122 2.89173 20.5
5 41.0788 4.35828 21
6 42.527 9.7e-08 21
6 43.9696 1.44263 21
7 45.4365 5.2e-08 21
8 46.8895 6.1e-08 21
9 48.3308 5.6e-08 21.5
10 49.7957 6.1e-08 21.5
11 51.251 7.9e-08 21.5
13 52.7002 6.1e-08 21.5
14 54.1409 6.7e-08 21.5
16 55.5994 5.8e-08 21.5
18 57.0499 5.5e-08 22
20 58.5963 1.54e-07 21.5
21 60.0353 6.9e-08 21.5
23 61.478 6e-08 21.5
24 62.9285 8.1e-08 22
25 64.3698 7.3e-08 20.5
26 66.213 1.63e-07 21
27 69.352 1.46e-07 21
28 74.7924 1.45e-07 20.5
