0 3.30337 8.5e-08 21.5
0 6.19906 2.89568 21.5
0 7.64472 4.34135 21.5
0 9.09561 5.79224 21.5
0 10.5346 7.2312 21.5
0 11.9752 8.67183 21.5
0 13.4284 10.125 21.5
0 14.8716 11.5683 21.5
0 16.3143 13.0109 21.5
0 17.7968 14.4934 21.5
0 19.2414 15.938 21.5
0 20.683 17.3797 21.5
0 22.1331 18.8297 21.5
0 23.5973 20.2939 21.5
0 25.0517 21.7484 21.5
0 26.4948 23.1914 21.5
0 27.9414 24.638 21.5
0 29.4084 26.1051 21.5
0 30.8514 27.5481 21.5
0 32.3036 29.0003 21.5
0 33.7704 30.467 21.5
0 35.2131 31.9097 21.5
0 36.6692 33.3658 21.5
0 38.117 34.8136 21.5
0 39.5609 36.2575 21.5
1 41.0328 9.4e-08 21.5
1 42.4807 1.44783 21.5
1 43.9236 2.89077 21.5
1 45.3733 4.3405 21.5
1 46.8359 5.80304 21.5
1 48.2907 7.25788 21.5
1 49.7546 8.72178 21.5
1 51.2072 10.1744 21.5
1 52.659 11.6262 21.5
1 54.1024 13.0696 21.5
1 55.5564 14.5236 21.5
1 57.0057 15.9729 21.5
1 58.4588 17.426 21.5
1 59.9094 18.8766 21.5
1 61.3523 20.3195 21.5
1 62.7953 21.7625 21.5
1 64.2672 23.2343 21.5
1 65.709 24.6762 21
1 67.1568 26.1239 21.5
1 68.6071 27.5742 21.5
1 70.0486 29.0158 21.5
1 71.5058 30.4729 21.5
1 72.947 31.9141 21
1 74.4014 33.3686 21.5
1 75.8531 34.8202 21
1 77.2965 36.2636 21.5
1 78.7403 37.7074 21
2 80.1987 7.3e-08 21
2 81.6425 1.44384 21
2 83.0849 2.88622 21
2 84.5353 4.33663 21.5
2 85.9778 5.77913 21.5
2 87.4269 7.22818 21.5
2 88.8843 8.68562 21
2 90.3275 10.1289 21
2 91.7896 11.591 21.5
2 93.2329 13.0342 21.5
2 94.6773 14.4786 21
2 96.1509 15.9522 21.5
2 97.5933 17.3946 21
2 99.0356 18.837 21.5
2 100.487 20.2886 21.5
2 101.931 21.7326 21.5
2 103.381 23.1826 21
2 104.833 24.6341 21
2 106.275 26.0765 21.5
2 107.725 27.5267 21.5
2 109.168 28.969 21.5
2 110.612 30.4129 21.5
2 112.063 31.8646 21.5
2 113.507 33.3083 21.5
2 114.951 34.752 21.5
2 116.422 36.2236 21
3 117.867 8.8e-08 21.5
3 119.311 1.44432 21
3 120.769 2.90283 21
3 122.214 4.34712 21.5
3 123.67 5.80362 21
3 125.115 7.24813 21.5
3 126.559 8.69265 21.5
3 128.018 10.1511 21
3 129.462 11.5951 21.5
3 130.906 13.0396 21
3 132.358 14.491 21
3 133.8 15.9334 21.5
3 135.243 17.3768 21
3 136.695 18.8284 21
3 138.138 20.2718 21.5
3 139.587 21.7201 21
3 141.038 23.1715 21
3 142.48 24.6134 21.5
3 143.931 26.0648 21
3 145.378 27.5118 21.5
3 146.823 28.956 21
3 148.28 30.4138 21
3 149.725 31.8582 21.5
3 151.169 33.3025 21.5
3 152.625 34.7589 21.5
3 154.07 36.203 21.5
3 155.513 37.6469 21
4 156.972 7.4e-08 21.5
4 158.415 1.44323 21.5
4 159.866 2.89439 21.5
4 161.309 4.3376 21
4 162.752 5.78094 21
4 164.225 7.25343 21.5
4 165.669 8.69743 21
4 167.113 10.1415 21.5
4 168.565 11.5933 21
4 170.008 13.0361 21
4 171.475 14.5038 21
4 172.919 15.9478 21
4 174.363 17.3913 21
4 175.814 18.8423 21.5
4 177.256 20.2843 21.5
4 178.72 21.7488 21.5
4 180.173 23.2013 21
4 181.617 24.6454 21.5
4 183.085 26.1136 21.5
4 184.529 27.5576 21
4 185.973 29.001 21.5
4 187.424 30.4523 21.5
4 188.866 31.8945 21
4 190.309 33.3377 21
4 191.765 34.7936 21.5
4 193.208 36.2369 21.5
4 194.661 37.6893 21.5
4 196.112 39.14 21
5 197.555 8.6e-08 21
5 199.004 1.44949 21.5
5 200.456 2.90065 21.5
5 201.909 4.35434 21.5
5 203.36 5.80499 21.5
5 204.802 7.24709 21
5 206.245 8.69035 21.5
5 207.703 10.1476 21.5
5 209.144 11.5894 21.5
5 210.587 13.0326 21
5 212.037 14.4822 21.5
5 213.479 15.9241 21
5 214.922 17.3674 21.5
5 216.374 18.8187 21.5
5 217.817 20.2616 21
5 219.264 21.7093 21.5
5 220.715 23.1603 21.5
5 222.158 24.6034 21.5
5 223.613 26.0583 21
5 225.058 27.5027 21.5
5 226.502 28.9468 21
5 227.969 30.4144 21.5
5 229.414 31.8586 21.5
5 230.857 33.3017 21
5 232.308 34.753 21.5
5 233.751 36.1962 21.5
5 235.222 37.6676 21.5
5 236.667 39.1123 21
5 238.112 40.5569 21
6 239.569 9e-08 21.5
6 241.012 1.44302 21.5
6 242.465 2.89598 21.5
6 243.916 4.34717 21
6 245.36 5.79028 21.5
6 246.809 7.23934 21.5
6 248.259 8.69015 21.5
6 249.701 10.1319 21.5
6 251.152 11.5825 21.5
6 252.593 13.0242 21
6 254.037 14.4674 21
6 255.488 15.9185 21.5
6 256.93 17.3603 21
6 258.373 18.8034 21
6 259.828 20.259 21.5
6 261.281 21.7119 21
6 262.724 23.1549 21.5
6 264.175 24.6062 21
6 265.618 26.049 21
6 267.066 27.4969 21.5
6 268.527 28.9578 21
6 269.97 30.4009 21.5
6 271.42 31.8505 21.5
6 272.863 33.2938 21
6 274.306 34.7368 21
6 275.777 36.2078 21.5
6 277.221 37.6517 21.5
6 278.665 39.096 21
6 280.133 40.5636 21
6 281.577 42.0076 21.5
7 283.027 6.5e-08 21.5
7 284.47 1.44323 21.5
7 285.913 2.88601 21.5
7 287.37 4.34307 21.5
7 288.813 5.7857 21.5
7 290.255 7.22796 21.5
7 291.705 8.67765 21.5
7 293.148 10.1209 21.5
7 294.59 11.5625 21.5
7 296.041 13.0134 21.5
7 297.484 14.4565 21.5
7 298.933 15.9055 21.5
7 300.384 17.3563 21.5
7 301.835 18.8078 21.5
7 303.286 20.2587 21.5
7 304.729 21.7018 21.5
7 306.171 23.1433 21.5
8 307.628 7.1e-08 21.5
8 309.08 1.45274 21.5
8 310.523 2.89564 21.5
8 311.975 4.34718 21.5
8 313.416 5.78877 21.5
8 314.866 7.23791 21.5
8 316.316 8.68882 21.5
8 317.758 10.1306 21.5
8 319.209 11.5816 21.5
9 320.651 5.5e-08 21
9 322.093 1.44175 21.5
9 323.565 2.91405 21.5
9 325.008 4.35716 21.5
9 326.451 5.80027 21.5
9 327.919 7.26765 21.5
10 329.362 6.3e-08 21.5
10 330.813 1.4512 21.5
10 332.257 2.89446 21.5
10 333.7 4.33786 21.5
11 335.152 4.9e-08 21.5
11 336.596 1.44403 21.5
11 338.039 2.88693 21.5
12 339.496 5.9e-08 21.5
12 340.939 1.44311 21.5
12 342.39 2.89471 21.5
13 343.842 5.5e-08 21.5
13 345.285 1.44318 21.5
13 346.728 2.88629 21.5
14 348.183 5.6e-08 21.5
14 349.636 1.45265 21.5
15 351.087 5.9e-08 21.5
15 352.53 1.44299 21.5
16 353.973 5.9e-08 21.5
16 355.428 1.45553 21.5
16 356.871 2.89824 21.5
17 358.312 5.5e-08 21.5
17 359.763 1.45059 21.5
18 361.209 7.6e-08 21.5
18 362.653 1.44355 21.5
19 364.11 5.1e-08 21.5
19 365.554 1.44346 21.5
19 367.005 2.8943 21.5
20 368.452 5.9e-08 21.5
20 369.895 1.44338 21.5
21 371.353 1.03e-07 21.5
21 372.796 1.44345 21.5
22 374.239 5.5e-08 21.5
22 375.691 1.45126 21.5
23 377.134 8.4e-08 21.5
23 378.576 1.44252 21.5
23 380.025 2.89175 21.5
24 381.468 5.3e-08 21.5
24 382.94 1.47206 21.5
25 384.384 5e-08 21.5
25 385.827 1.44366 21.5
26 387.284 5.5e-08 21.5
26 388.728 1.44326 21.5
26 390.17 2.88559 21.5
27 391.621 6.7e-08 21.5
27 393.066 1.4454 21.5
28 395.606 1.78e-07 21.5
28 397.056 1.44957 21.5
28 398.497 2.89145 21.5
29 401.241 1.45e-07 21.5
29 402.684 1.44305 21.5
29 404.135 2.89407 21.5
30 409.181 1.6e-07 21.5
30 410.623 1.44245 21.5
30 412.074 2.89326 21.5
