0 5.44761 8e-08 21
0 8.34585 2.89824 21
0 9.78992 4.34231 21
0 11.2311 5.78354 21
0 12.6856 7.23802 21
0 14.1297 8.68206 21
0 15.5736 10.126 21
0 17.031 11.5834 21
0 18.4748 13.0272 21
0 19.9184 14.4708 21
1 21.3697 7.5e-08 21
1 22.8127 1.44303 21
1 24.2584 2.88868 21
1 25.7099 4.34017 21
1 27.1533 5.78363 21
1 28.5975 7.22777 20.5
1 30.0543 8.68462 20.5
1 31.4956 10.1259 20.5
1 32.9609 11.5912 21
1 34.4331 13.0635 21
2 35.8806 1.06e-07 21
2 37.3481 1.46747 20.5
2 38.801 2.92039 20.5
2 40.2511 4.3705 20.5
2 41.6931 5.8125 20.5
2 43.1525 7.27184 20.5
2 44.609 8.72834 20.5
2 46.0576 10.177 20.5
2 47.5252 11.6446 20.5
2 48.9739 13.0932 20.5
2 50.4213 14.5407 20.5
3 51.8891 7.1e-08 20.5
3 53.3378 1.44871 20.5
3 54.78 2.89093 20.5
3 56.23 4.34093 20.5
3 57.6936 5.80447 20.5
3 59.1495 7.26038 20.5
3 60.6091 8.72001 20.5
3 62.0628 10.1737 20.5
3 63.5357 11.6466 20.5
3 64.9885 13.0994 20.5
3 66.4558 14.5667 20.5
4 67.9089 1.31e-07 20.5
4 69.3524 1.44355 20.5
4 70.804 2.89517 20.5
4 72.2635 4.35467 20.5
4 73.7205 5.81166 20.5
4 75.1806 7.27174 20.5
4 76.6347 8.72588 20.5
4 78.087 10.1782 20.5
4 79.5311 11.6223 20.5
4 80.986 13.0771 20.5
4 82.4474 14.5385 20.5
4 83.8963 15.9874 20.5
5 85.3541 6.7e-08 20.5
5 86.7976 1.44346 20.5
5 88.251 2.89684 20.5
5 89.7182 4.36405 20.5
5 91.1714 5.81729 20.5
5 92.6384 7.2843 20.5
5 94.0968 8.74262 20.5
5 95.538 10.1839 20.5
5 97.0038 11.6496 20.5
5 98.458 13.1039 20.5
5 99.9076 14.5535 20.5
5 101.367 16.0124 20.5
5 102.81 17.4554 21
6 104.266 7.1e-08 21
6 105.708 1.44226 21
6 107.165 2.89848 21
6 108.613 4.34714 21
6 110.067 5.80084 21
6 111.518 7.25181 21
6 112.961 8.69477 21
6 114.404 10.1377 21
6 115.86 11.5935 21
6 117.303 13.0369 21
6 118.745 14.4788 21
6 120.201 15.9346 21
6 121.643 17.3769 21
6 123.086 18.8203 20.5
6 124.543 20.2773 21
6 125.987 21.7208 21
7 127.438 6.4e-08 21
7 128.886 1.44847 21
7 130.328 2.89014 21
7 131.781 4.34302 21
7 133.221 5.78287 21
7 134.664 7.22601 21
7 136.136 8.69775 21
7 137.579 10.1412 21
7 139.022 11.5845 21
8 140.49 1.07e-07 21
8 141.934 1.44365 21
8 143.386 2.89534 21
8 144.845 4.35418 21
8 146.288 5.7971 21
9 147.749 6.6e-08 21
9 149.191 1.4419 21
9 150.634 2.88486 21
9 152.091 4.34175 21
10 153.548 1.1e-07 21.5
10 155.004 1.45651 21.5
10 156.458 2.90995 21.5
10 157.9 4.35278 21.5
11 159.356 6.9e-08 21.5
11 160.798 1.44185 21.5
11 162.252 2.8959 21.5
12 163.698 6.9e-08 21.5
12 165.141 1.44375 21.5
12 166.591 2.89331 21.5
13 168.05 1.03e-07 21.5
13 169.487 1.43722 21.5
14 170.954 5.6e-08 21.5
14 172.397 1.44266 21.5
14 173.84 2.88553 21.5
15 175.307 8.3e-08 21.5
15 176.749 1.4426 21.5
16 178.2 5.1e-08 21.5
16 179.648 1.44813 21.5
16 181.091 2.89143 21.5
17 182.548 8.3e-08 21.5
17 183.992 1.44327 21.5
17 185.451 2.90229 21.5
18 186.901 4.9e-08 21.5
18 188.358 1.45714 21.5
19 189.805 8.7e-08 21.5
19 191.254 1.44882 21.5
19 192.697 2.892 21.5
20 194.165 7.3e-08 21.5
20 195.609 1.44392 21.5
21 197.053 7.5e-08 21.5
21 198.504 1.45171 21.5
21 199.963 2.91079 21.5
22 201.414 5.7e-08 21.5
22 202.871 1.4566 21.5
23 204.409 1.19e-07 21.5
23 205.855 1.44582 21.5
23 207.299 2.88925 21.5
24 208.756 1.18e-07 21.5
24 210.21 1.4538 21.5
24 211.661 2.90521 21.5
25 213.105 1e-07 21.5
25 214.548 1.44291 21.5
26 216.505 1.46e-07 21.5
26 217.947 1.44232 21.5
26 219.399 2.89381 21
27 221.343 1.56e-07 21.5
27 222.78 1.43703 21.5
27 224.236 2.89361 21
28 227.08 1.48e-07 21.5
28 228.53 1.44956 21.5
28 229.973 2.89257 21
29 234.918 1.66e-07 21.5
29 236.359 1.44094 21.5
29 237.807 2.88821 21
30 247.263 4.8e-07 21.5
30 248.704 1.44098 21.5
30 250.156 2.8924 21
