0 6.76651 8.3e-08 21
0 9.65977 2.89325 21
0 11.1027 4.33618 21
0 12.5461 5.77955 21
0 14.0026 7.23608 21
1 15.4456 1.33e-07 21
1 16.8857 1.4401 21
1 18.336 2.89035 21
1 19.781 4.33544 21
1 21.2222 5.77664 21
2 22.671 7.1e-08 21
2 24.1138 1.44275 21
2 25.5607 2.88962 21
2 27.0268 4.35574 21
2 28.4912 5.82018 21
2 29.9618 7.29081 21.5
3 31.4079 8.2e-08 21.5
3 32.8496 1.44165 21.5
3 34.3153 2.90736 21.5
3 35.7599 4.35194 21.5
3 37.2081 5.80016 21.5
3 38.6558 7.24784 21.5
3 40.1025 8.69454 21.5
4 41.5705 7.2e-08 21.5
4 43.0137 1.44316 21.5
4 44.4659 2.89535 21.5
4 45.9311 4.36056 22
5 47.3841 8.9e-08 22
5 48.8514 1.46727 22.5
6 50.2946 8.3e-08 23
7 51.7532 9.7e-08 23.5
9 53.2195 9.2e-08 24.5
11 54.6732 8.4e-08 24.5
13 56.1411 6.2e-08 24.5
15 57.5848 8.4e-08 24.5
17 59.0429 6.6e-08 24.5
18 60.5094 9.2e-08 24.5
20 61.953 6.8e-08 21.5
22 63.4039 7.8e-08 24.5
23 64.8523 7e-08 21.5
24 66.2939 5.8e-08 21.5
25 69.1449 1.05e-07 21.5
26 73.9926 1e-07 21.5
27 83.1369 1e-07 21.5
