        type trial_config ert_flop   unroll  buffers        nsize       trials       microsecs        bytes        flops         GB/s         GF/s
 signed_char    coalesced        8        1        1            1     16777216     6206305.601     33554432    134217728        0.005        0.022
 signed_char    coalesced        8        1        1            2     16777216     6234802.595     67108864    268435456        0.011        0.043
 signed_char    coalesced        8        1        1            4     16777216     6546516.433    134217728    536870912        0.021        0.082
 signed_char    coalesced        8        1        1            8     16777216     7273902.988    268435456   1073741824        0.037        0.148
 signed_char    coalesced        8        1        1           16     16777216     8183130.078    536870912   2147483648        0.066        0.262
 signed_char    coalesced        8        1        1           32     16777216    10910766.705   1073741824   4294967296        0.098        0.394
 signed_char    coalesced        8        1        1           64     16777216    15056253.366   2147483648   8589934592        0.143        0.571
 signed_char    coalesced        8        1        1          128     16777216    18704067.287   4294967296  17179869184        0.230        0.919
 signed_char    coalesced        8        1        1          256     16777216    25178524.982   8589934592  34359738368        0.341        1.365
 signed_char    coalesced        8        1        1          512      8388608    19254188.858   8589934592  34359738368        0.446        1.785
 signed_char    coalesced        8        1        1         1024      4194304    16366121.871   8589934592  34359738368        0.525        2.099
 signed_char    coalesced        8        1        1         2048      2097152    14760250.228   8589934592  34359738368        0.582        2.328
 signed_char    coalesced        8        1        1         4096      1048576    14056481.602   8589934592  34359738368        0.611        2.444
 signed_char    coalesced        8        1        1         8192       524288    13638451.931   8589934592  34359738368        0.630        2.519
 signed_char    coalesced        8        1        1        16384       262144    13552271.906   8589934592  34359738368        0.634        2.535
 signed_char    coalesced        8        1        1        32768       131072    13467933.725   8589934592  34359738368        0.638        2.551
 signed_char    coalesced        8        1        1        65536        65536    13425315.258   8589934592  34359738368        0.640        2.559
 signed_char    coalesced        8        1        1       131072        32768    13407118.356   8589934592  34359738368        0.641        2.563
 signed_char    coalesced        8        1        1       262144        16384    13399766.502   8589934592  34359738368        0.641        2.564
 signed_char    coalesced        8        1        1       524288         8192    13393373.582   8589934592  34359738368        0.641        2.565
 signed_char    coalesced        8        1        1      1048576         4096    13393341.308   8589934592  34359738368        0.641        2.565
 signed_char    coalesced        8        1        1      2097152         2048    13391532.037   8589934592  34359738368        0.641        2.566
 signed_char    coalesced        8        1        1      4194304         1024    13390781.965   8589934592  34359738368        0.641        2.566
 signed_char    coalesced        8        1        1      8388608          512    13390676.507   8589934592  34359738368        0.641        2.566
 signed_char    coalesced        8        1        1     16777216          256    13390598.791   8589934592  34359738368        0.641        2.566
 signed_char    coalesced        8        1        1     33554432          128    13390558.138   8589934592  34359738368        0.641        2.566
 signed_char    coalesced        8        1        1     67108864           64    13390479.628   8589934592  34359738368        0.641        2.566
 signed_char    coalesced        8        1        1    134217728           32    13390510.984   8589934592  34359738368        0.641        2.566
 signed_char    coalesced        8        1        1    268435456           16    13390486.582   8589934592  34359738368        0.641        2.566
 signed_char    coalesced        8        1        1    536870912            8    13390431.949   8589934592  34359738368        0.641        2.566
 signed_char    coalesced        8        1        1   1073741824            4    13390446.055   8589934592  34359738368        0.641        2.566
 signed_char    coalesced        8        1        1   2147483648            2    13390426.892   8589934592  34359738368        0.641        2.566
 signed_char    coalesced        8        1        1   4293918720            1    13387167.934   8587837440  34351349760        0.641        2.566
