        type trial_config ert_flop   unroll  buffers        nsize       trials       microsecs        bytes        flops         GB/s         GF/s
        long    coalesced        2        4        2           64     16777216     5855407.722   2147483648    268435456        0.367        0.046
        long    coalesced        2        4        2          128     16777216     6235044.832   4294967296    536870912        0.689        0.086
        long    coalesced        2        4        2          256     16777216     6546822.301   8589934592   1073741824        1.312        0.164
        long    coalesced        2        4        2          512     16777216     7274195.204  17179869184   2147483648        2.362        0.295
        long    coalesced        2        4        2         1024      8388608     4364639.741  17179869184   2147483648        3.936        0.492
        long    coalesced        2        4        2         2048      4194304     2518306.363  17179869184   2147483648        6.822        0.853
        long    coalesced        2        4        2         4096      2097152     1488242.263  17179869184   2147483648       11.544        1.443
        long    coalesced        2        4        2         8192      1048576     1023267.015  17179869184   2147483648       16.789        2.099
        long    coalesced        2        4        2        16384       524288      806544.354  17179869184   2147483648       21.301        2.663
        long    coalesced        2        4        2        32768       262144      744459.092  17179869184   2147483648       23.077        2.885
        long    coalesced        2        4        2        65536       131072      803551.784  17179869184   2147483648       21.380        2.672
        long    coalesced        2        4        2       131072        65536      840717.074  17179869184   2147483648       20.435        2.554
        long    coalesced        2        4        2       262144        32768      859939.683  17179869184   2147483648       19.978        2.497
        long    coalesced        2        4        2       524288        16384      870512.676  17179869184   2147483648       19.735        2.467
        long    coalesced        2        4        2      1048576         8192      875595.100  17179869184   2147483648       19.621        2.453
        long    coalesced        2        4        2      2097152         4096      878038.998  17179869184   2147483648       19.566        2.446
        long    coalesced        2        4        2      4194304         2048      879413.136  17179869184   2147483648       19.536        2.442
        long    coalesced        2        4        2      8388608         1024      880133.818  17179869184   2147483648       19.520        2.440
        long    coalesced        2        4        2     16777216          512      880401.212  17179869184   2147483648       19.514        2.439
        long    coalesced        2        4        2     33554432          256      880568.157  17179869184   2147483648       19.510        2.439
        long    coalesced        2        4        2     67108864          128      880726.002  17179869184   2147483648       19.506        2.438
        long    coalesced        2        4        2    134217728           64      880584.391  17179869184   2147483648       19.510        2.439
        long    coalesced        2        4        2    268435456           32      880817.239  17179869184   2147483648       19.504        2.438
        long    coalesced        2        4        2    536870912           16      880778.953  17179869184   2147483648       19.505        2.438
        long    coalesced        2        4        2   1073741824            8      880791.255  17179869184   2147483648       19.505        2.438
        long    coalesced        2        4        2   2147483648            4      880728.086  17179869184   2147483648       19.506        2.438
        long    coalesced        2        4        2   4294967296            2      880763.675  17179869184   2147483648       19.506        2.438
        long    coalesced        2        4        2   8588886016            1      880522.049  17177772032   2147221504       19.509        2.439
