        type trial_config ert_flop   unroll  buffers        nsize       trials       microsecs        bytes        flops         GB/s         GF/s
        long    coalesced        4        4        2           64     16777216     6891356.262   2147483648    536870912        0.312        0.078
        long    coalesced        4        4        2          128     16777216     6891331.064   4294967296   1073741824        0.623        0.156
        long    coalesced        4        4        2          256     16777216     7274176.757   8589934592   2147483648        1.181        0.295
        long    coalesced        4        4        2          512     16777216     8183381.238  17179869184   4294967296        2.099        0.525
        long    coalesced        4        4        2         1024      8388608     5036127.418  17179869184   4294967296        3.411        0.853
        long    coalesced        4        4        2         2048      4194304     2816713.485  17179869184   4294967296        6.099        1.525
        long    coalesced        4        4        2         4096      2097152     1637068.685  17179869184   4294967296       10.494        2.624
        long    coalesced        4        4        2         8192      1048576     1091561.431  17179869184   4294967296       15.739        3.935
        long    coalesced        4        4        2        16384       524288      852016.687  17179869184   4294967296       20.164        5.041
        long    coalesced        4        4        2        32768       262144      744045.410  17179869184   4294967296       23.090        5.772
        long    coalesced        4        4        2        65536       131072      742694.879  17179869184   4294967296       23.132        5.783
        long    coalesced        4        4        2       131072        65536      755171.836  17179869184   4294967296       22.750        5.687
        long    coalesced        4        4        2       262144        32768      765680.728  17179869184   4294967296       22.437        5.609
        long    coalesced        4        4        2       524288        16384      766626.546  17179869184   4294967296       22.410        5.602
        long    coalesced        4        4        2      1048576         8192      767296.201  17179869184   4294967296       22.390        5.598
        long    coalesced        4        4        2      2097152         4096      767857.509  17179869184   4294967296       22.374        5.593
        long    coalesced        4        4        2      4194304         2048      768339.847  17179869184   4294967296       22.360        5.590
        long    coalesced        4        4        2      8388608         1024      768603.219  17179869184   4294967296       22.352        5.588
        long    coalesced        4        4        2     16777216          512      768786.033  17179869184   4294967296       22.347        5.587
        long    coalesced        4        4        2     33554432          256      768822.567  17179869184   4294967296       22.346        5.586
        long    coalesced        4        4        2     67108864          128      768925.056  17179869184   4294967296       22.343        5.586
        long    coalesced        4        4        2    134217728           64      768848.734  17179869184   4294967296       22.345        5.586
        long    coalesced        4        4        2    268435456           32      768858.150  17179869184   4294967296       22.345        5.586
        long    coalesced        4        4        2    536870912           16      768949.575  17179869184   4294967296       22.342        5.585
        long    coalesced        4        4        2   1073741824            8      768910.785  17179869184   4294967296       22.343        5.586
        long    coalesced        4        4        2   2147483648            4      768783.035  17179869184   4294967296       22.347        5.587
        long    coalesced        4        4        2   4294967296            2      768965.419  17179869184   4294967296       22.342        5.585
        long    coalesced        4        4        2   8588886016            1      768833.465  17177772032   4294443008       22.343        5.586
