0 3.36175 1.46e-07 22
0 6.24957 2.88782 22
0 7.70039 4.33864 22
0 9.14477 5.78302 22
0 10.5881 7.22637 22
0 12.0371 8.67538 22
0 13.482 10.1203 22
0 14.9309 11.5692 22
0 16.3818 13.02 22
0 17.833 14.4712 22
0 19.2866 15.9249 22
0 20.7296 17.3679 22
0 22.1732 18.8114 22
0 23.6344 20.2727 22
0 25.0793 21.7176 22
0 26.5238 23.162 22
0 27.9761 24.6144 22
0 29.4314 26.0697 22
1 30.8837 8.2e-08 22
1 32.3282 1.44449 22
1 33.7719 2.88824 22
1 35.235 4.35132 22
1 36.6793 5.79565 22
1 38.1294 7.2457 22
1 39.5801 8.69644 22
1 41.0227 10.139 22
1 42.4648 11.5812 22
1 43.9166 13.033 22
1 45.36 14.4763 22
1 46.8226 15.9389 22
1 48.2672 17.3836 22
1 49.7117 18.828 22
1 51.1746 20.291 22
1 52.619 21.7353 22
1 54.0639 23.1802 22
1 55.522 24.6384 22
2 56.9657 8.2e-08 22
2 58.4103 1.44455 22
2 59.869 2.90324 22
2 61.3134 4.34765 22
2 62.7658 5.80007 22
2 64.2094 7.24368 22
2 65.6539 8.68814 22
2 67.1056 10.1398 22
2 68.548 11.5823 22
2 69.9901 13.0244 22
2 71.4522 14.4864 22
2 72.8972 15.9314 22
2 74.3418 17.376 22
2 75.7945 18.8288 22
2 77.2386 20.2728 22
2 78.7012 21.7355 22
2 80.146 23.1803 22
2 81.5907 24.625 22
2 83.0435 26.0778 22
3 84.4873 9.5e-08 22
3 85.9309 1.44357 22
3 87.3889 2.90156 22
3 88.8323 4.34499 22
3 90.2747 5.78736 22
3 91.7281 7.24082 22
3 93.1684 8.68111 22
3 94.612 10.1247 22
3 96.0639 11.5766 22
3 97.5174 13.0301 22
3 98.97 14.4827 22
3 100.415 15.9275 22
3 101.859 17.3717 22
3 103.311 18.8234 22
3 104.753 20.2652 22
3 106.207 21.7196 22
3 107.655 23.1673 22
3 109.098 24.611 22
3 110.542 26.0546 22
4 111.992 7.4e-08 22
4 113.435 1.44259 22
4 114.878 2.88555 22
4 116.329 4.3368 22
4 117.773 5.78064 22
4 119.223 7.23053 22
4 120.674 8.6822 22
4 122.117 10.1248 22
4 123.569 11.5765 22
4 125.011 13.0191 22
4 126.455 14.463 22
4 127.907 15.9147 22
4 129.35 17.3573 22
4 130.794 18.8013 22
4 132.255 20.2628 22
4 133.7 21.7078 22
4 135.145 23.1526 22
4 136.597 24.6044 22
4 138.041 26.0484 22
4 139.485 27.4925 22
4 140.942 28.9502 22
5 142.385 8.2e-08 22
5 143.837 1.45134 22
5 145.279 2.89385 22
5 146.723 4.33796 22
5 148.175 5.78967 22
5 149.617 7.23177 22
5 151.06 8.67485 22
5 152.517 10.1318 22
5 153.967 11.5815 22
5 155.411 13.0253 22
5 156.864 14.4782 22
5 158.308 15.9229 22
5 159.753 17.3677 22
5 161.211 18.8252 22
5 162.654 20.2685 22
5 164.106 21.7208 22
5 165.55 23.1646 22
5 166.994 24.6084 22
5 168.46 26.0749 22
5 169.904 27.5184 22
5 171.347 28.9618 22
6 172.8 9.6e-08 22
6 174.242 1.44282 22
6 175.686 2.88661 22
6 177.138 4.33866 22
6 178.581 5.78099 22
6 180.03 7.23073 22
6 181.482 8.68248 22
6 182.924 10.1249 22
6 184.376 11.5767 22
6 185.819 13.0191 22
6 187.263 14.4631 22
6 188.713 15.9135 22
7 190.157 7.7e-08 22
7 191.6 1.44362 22
7 193.062 2.90486 22
7 194.506 4.34882 22
7 195.95 5.79328 22
7 197.402 7.24522 22
8 198.847 8.7e-08 22
8 200.29 1.44322 22
8 201.747 2.9003 22
8 203.191 4.34413 22
9 204.642 7.4e-08 22
9 206.085 1.4433 22
10 207.529 6.8e-08 22.5
10 208.98 1.45103 22.5
11 210.423 7.4e-08 22.5
11 211.867 1.44383 22.5
12 213.323 7.6e-08 22.5
13 214.771 5.3e-08 22.5
13 216.212 1.44117 22.5
14 217.663 6e-08 22.5
15 219.104 6.1e-08 22.5
16 220.546 6.1e-08 22.5
16 221.997 1.45093 22.5
17 223.44 6.9e-08 22.5
18 224.884 8.5e-08 22.5
19 226.341 7.3e-08 22.5
20 227.785 6.7e-08 22.5
20 229.236 1.45119 22.5
21 230.678 7.6e-08 22.5
22 232.13 1.36e-07 22.5
23 233.574 6.2e-08 22.5
23 235.017 1.44254 22.5
24 236.459 1.89e-07 22.5
25 237.915 6.9e-08 22.5
26 239.858 1.54e-07 22.5
26 241.307 1.44878 22
27 242.75 7.7e-08 22.5
27 244.192 1.44263 22.5
28 246.945 1.46e-07 22.5
28 248.395 1.45034 22.5
29 253.338 1.54e-07 22.5
29 254.786 1.44825 22
