        type trial_config ert_flop   unroll  buffers        nsize       trials       microsecs        bytes        flops         GB/s         GF/s
 signed_char    coalesced        4      128        2          256     16777216     6891098.459   8589934592  17179869184        1.247        2.493
 signed_char    coalesced        4      128        2          512     16777216     7273892.264  17179869184  34359738368        2.362        4.724
 signed_char    coalesced        4      128        2         1024      8388608     4091620.648  17179869184  34359738368        4.199        8.398
 signed_char    coalesced        4      128        2         2048      4194304     2338151.891  17179869184  34359738368        7.348       14.695
 signed_char    coalesced        4      128        2         4096      2097152     1363962.321  17179869184  34359738368       12.596       25.191
 signed_char    coalesced        4      128        2         8192      1048576      909378.881  17179869184  34359738368       18.892       37.784
 signed_char    coalesced        4      128        2        16384       524288      682041.999  17179869184  34359738368       25.189       50.378
 signed_char    coalesced        4      128        2        32768       262144      580424.387  17179869184  34359738368       29.599       59.198
 signed_char    coalesced        4      128        2        65536       131072      584220.248  17179869184  34359738368       29.406       58.813
 signed_char    coalesced        4      128        2       131072        65536      567878.850  17179869184  34359738368       30.253       60.505
 signed_char    coalesced        4      128        2       262144        32768      564094.976  17179869184  34359738368       30.456       60.911
 signed_char    coalesced        4      128        2       524288        16384      561977.229  17179869184  34359738368       30.570       61.141
 signed_char    coalesced        4      128        2      1048576         8192      560522.795  17179869184  34359738368       30.650       61.299
 signed_char    coalesced        4      128        2      2097152         4096      559523.850  17179869184  34359738368       30.704       61.409
 signed_char    coalesced        4      128        2      4194304         2048      559047.249  17179869184  34359738368       30.731       61.461
 signed_char    coalesced        4      128        2      8388608         1024      558733.350  17179869184  34359738368       30.748       61.496
 signed_char    coalesced        4      128        2     16777216          512      558570.538  17179869184  34359738368       30.757       61.514
 signed_char    coalesced        4      128        2     33554432          256      558443.783  17179869184  34359738368       30.764       61.528
 signed_char    coalesced        4      128        2     67108864          128      558412.353  17179869184  34359738368       30.766       61.531
 signed_char    coalesced        4      128        2    134217728           64      558458.686  17179869184  34359738368       30.763       61.526
 signed_char    coalesced        4      128        2    268435456           32      558483.566  17179869184  34359738368       30.762       61.523
 signed_char    coalesced        4      128        2    536870912           16      558369.333  17179869184  34359738368       30.768       61.536
 signed_char    coalesced        4      128        2   1073741824            8      558530.264  17179869184  34359738368       30.759       61.518
 signed_char    coalesced        4      128        2   2147483648            4      558531.078  17179869184  34359738368       30.759       61.518
 signed_char    coalesced        4      128        2   4294967296            2      558520.590  17179869184  34359738368       30.760       61.519
 signed_char    coalesced        4      128        2   8588886016            1      558439.758  17177772032  34355544064       30.760       61.521
