        type trial_config ert_flop   unroll  buffers        nsize       trials       microsecs        bytes        flops         GB/s         GF/s
      double    coalesced        1       16        2          256     16777216     7274175.449   8589934592    536870912        1.181        0.074
      double    coalesced        1       16        2          512     16777216     7701983.537  17179869184   1073741824        2.231        0.139
      double    coalesced        1       16        2         1024      8388608     4592626.523  17179869184   1073741824        3.741        0.234
      double    coalesced        1       16        2         2048      4194304     2536575.456  17179869184   1073741824        6.773        0.423
      double    coalesced        1       16        2         4096      2097152     1488215.117  17179869184   1073741824       11.544        0.721
      double    coalesced        1       16        2         8192      1048576      964090.855  17179869184   1073741824       17.820        1.114
      double    coalesced        1       16        2        16384       524288      726157.896  17179869184   1073741824       23.659        1.479
      double    coalesced        1       16        2        32768       262144      612307.166  17179869184   1073741824       28.058        1.754
      double    coalesced        1       16        2        65536       131072      588625.124  17179869184   1073741824       29.186        1.824
      double    coalesced        1       16        2       131072        65536      569785.364  17179869184   1073741824       30.151        1.884
      double    coalesced        1       16        2       262144        32768      565289.383  17179869184   1073741824       30.391        1.899
      double    coalesced        1       16        2       524288        16384      562617.119  17179869184   1073741824       30.536        1.908
      double    coalesced        1       16        2      1048576         8192      560992.453  17179869184   1073741824       30.624        1.914
      double    coalesced        1       16        2      2097152         4096      559815.408  17179869184   1073741824       30.688        1.918
      double    coalesced        1       16        2      4194304         2048      559444.753  17179869184   1073741824       30.709        1.919
      double    coalesced        1       16        2      8388608         1024      559090.805  17179869184   1073741824       30.728        1.921
      double    coalesced        1       16        2     16777216          512      558819.400  17179869184   1073741824       30.743        1.921
      double    coalesced        1       16        2     33554432          256      558675.970  17179869184   1073741824       30.751        1.922
      double    coalesced        1       16        2     67108864          128      558517.236  17179869184   1073741824       30.760        1.922
      double    coalesced        1       16        2    134217728           64      558442.209  17179869184   1073741824       30.764        1.923
      double    coalesced        1       16        2    268435456           32      558339.471  17179869184   1073741824       30.770        1.923
      double    coalesced        1       16        2    536870912           16      558273.705  17179869184   1073741824       30.773        1.923
      double    coalesced        1       16        2   1073741824            8      558268.210  17179869184   1073741824       30.774        1.923
      double    coalesced        1       16        2   2147483648            4      558243.754  17179869184   1073741824       30.775        1.923
      double    coalesced        1       16        2   4294967296            2      558273.316  17179869184   1073741824       30.773        1.923
      double    coalesced        1       16        2   8588886016            1      558191.765  17177772032   1073610752       30.774        1.923
