        type trial_config ert_flop   unroll  buffers        nsize       trials       microsecs        bytes        flops         GB/s         GF/s
        long    coalesced       16        8        1           64     16777216     9352104.366   2147483648   2147483648        0.230        0.230
        long    coalesced       16        8        1          128     16777216     9352082.057   4294967296   4294967296        0.459        0.459
        long    coalesced       16        8        1          256     16777216    10071498.446   8589934592   8589934592        0.853        0.853
        long    coalesced       16        8        1          512      8388608     5455476.203   8589934592   8589934592        1.575        1.575
        long    coalesced       16        8        1         1024      4194304     2975795.291   8589934592   8589934592        2.887        2.887
        long    coalesced       16        8        1         2048      2097152     1636757.628   8589934592   8589934592        5.248        5.248
        long    coalesced       16        8        1         4096      1048576      926491.566   8589934592   8589934592        9.271        9.271
        long    coalesced       16        8        1         8192       524288      629599.673   8589934592   8589934592       13.643       13.643
        long    coalesced       16        8        1        16384       262144      511540.555   8589934592   8589934592       16.792       16.792
        long    coalesced       16        8        1        32768       131072      409271.881   8589934592   8589934592       20.988       20.988
        long    coalesced       16        8        1        65536        65536      370589.033   8589934592   8589934592       23.179       23.179
        long    coalesced       16        8        1       131072        32768      348816.502   8589934592   8589934592       24.626       24.626
        long    coalesced       16        8        1       262144        16384      341128.999   8589934592   8589934592       25.181       25.181
        long    coalesced       16        8        1       524288         8192      336912.446   8589934592   8589934592       25.496       25.496
        long    coalesced       16        8        1      1048576         4096      335223.104   8589934592   8589934592       25.625       25.625
        long    coalesced       16        8        1      2097152         2048      335021.514   8589934592   8589934592       25.640       25.640
        long    coalesced       16        8        1      4194304         1024      335668.141   8589934592   8589934592       25.591       25.591
        long    coalesced       16        8        1      8388608          512      336747.168   8589934592   8589934592       25.509       25.509
        long    coalesced       16        8        1     16777216          256      338329.132   8589934592   8589934592       25.389       25.389
        long    coalesced       16        8        1     33554432          128      339725.630   8589934592   8589934592       25.285       25.285
        long    coalesced       16        8        1     67108864           64      340432.925   8589934592   8589934592       25.232       25.232
        long    coalesced       16        8        1    134217728           32      340724.526   8589934592   8589934592       25.211       25.211
        long    coalesced       16        8        1    268435456           16      340945.693   8589934592   8589934592       25.194       25.194
        long    coalesced       16        8        1    536870912            8      340982.540   8589934592   8589934592       25.192       25.192
        long    coalesced       16        8        1   1073741824            4      341013.087   8589934592   8589934592       25.189       25.189
        long    coalesced       16        8        1   2147483648            2      341083.237   8589934592   8589934592       25.184       25.184
        long    coalesced       16        8        1   4293918720            1      341029.424   8587837440   8587837440       25.182       25.182
