0 6.71386 8.4e-08 22.5
0 9.60494 2.89108 22.5
0 11.0468 4.33298 22.5
0 12.4997 5.78583 22.5
0 13.9424 7.22851 22.5
0 15.3874 8.67355 22.5
0 16.8411 10.1273 22.5
0 18.2813 11.5675 22.5
0 19.7335 13.0196 22.5
0 21.1726 14.4587 22.5
0 22.6183 15.9044 22.5
0 24.0692 17.3553 22.5
0 25.5085 18.7947 22.5
0 26.9516 20.2377 22.5
0 28.4072 21.6934 22.5
1 29.8503 1.14e-07 22.5
1 31.2922 1.44188 22.5
1 32.7459 2.89564 22.5
1 34.187 4.33675 22.5
1 35.6287 5.77841 22.5
1 37.0802 7.22988 22.5
1 38.5444 8.69415 22.5
1 39.9964 10.1461 22.5
1 41.4565 11.6062 22.5
1 42.9102 13.0599 22.5
1 44.383 14.5327 22.5
1 45.8375 15.9872 22.5
1 47.305 17.4547 22.5
1 48.754 18.9037 22.5
1 50.197 20.3467 22.5
1 51.6695 21.8192 22.5
2 53.1183 7.2e-08 22.5
2 54.5852 1.46691 22.5
2 56.0382 2.91991 22.5
2 57.4812 4.36288 22.5
2 58.9319 5.81366 22.5
2 60.3902 7.27196 22.5
2 61.8463 8.72798 22.5
2 63.3061 10.1878 22.5
2 64.7496 11.6314 22.5
2 66.2123 13.094 22.5
2 67.6724 14.5542 22.5
2 69.1295 16.0112 22.5
2 70.5779 17.4597 22.5
2 72.0215 18.9033 22.5
2 73.4937 20.3754 22.5
2 74.9539 21.8356 22.5
3 76.4155 7.2e-08 22.5
3 77.8753 1.4598 22.5
3 79.3193 2.90385 22.5
3 80.7713 4.35577 22.5
3 82.2204 5.80494 22.5
3 83.6624 7.24686 22.5
3 85.1285 8.71301 22.5
3 86.5811 10.1656 22.5
3 88.0318 11.6163 22.5
3 89.4753 13.0598 22.5
3 90.9344 14.5189 22.5
3 92.3996 15.9841 22.5
3 93.8552 17.4397 22.5
3 95.3071 18.8916 22.5
3 96.751 20.3355 22.5
3 98.1994 21.7839 22.5
4 99.6708 7.5e-08 22.5
4 101.111 1.43984 22.5
4 102.559 2.88839 22.5
4 104.024 4.35293 22.5
4 105.467 5.79585 22.5
4 106.918 7.2471 22.5
4 108.36 8.68947 22.5
4 109.809 10.1379 22.5
4 111.28 11.6093 22.5
4 112.72 13.0488 22.5
4 114.169 14.4978 22.5
4 115.619 15.9477 22.5
4 117.077 17.4057 22.5
4 118.544 18.8736 22.5
4 119.982 20.3109 22.5
4 121.441 21.7699 22.5
4 122.892 23.2212 22.5
5 124.335 6.7e-08 22.5
5 125.779 1.4434 22.5
5 127.229 2.89349 22.5
5 128.683 4.34797 22.5
5 130.134 5.79837 22.5
5 131.577 7.24185 22.5
5 133.021 8.6857 22.5
5 134.473 10.1376 22.5
5 135.917 11.5814 22.5
6 137.361 7.4e-08 23
6 138.834 1.47384 23
6 140.279 2.91866 23
6 141.735 4.37402 23
6 143.186 5.82552 23
7 144.642 5.3e-08 23
7 146.09 1.44793 23
7 147.548 2.906 23.5
8 148.991 5.9e-08 23.5
8 150.442 1.45135 24
9 151.886 4.9e-08 24.5
10 153.33 7.1e-08 24.5
11 154.798 8.2e-08 25
13 156.24 4.9e-08 25
14 157.691 4.9e-08 25
16 159.135 7.2e-08 25
17 160.584 3.6e-08 25
19 162.042 7.5e-08 25
20 163.496 6.3e-08 25
22 164.941 6.6e-08 25
23 166.392 5.3e-08 25.5
24 167.836 6.1e-08 23
25 169.48 1.42e-07 23
26 172.528 1.45e-07 23
27 177.476 1.48e-07 23
28 186.738 1.49e-07 23
