0 2.61623 9.6e-08 20.5
0 5.50357 2.88734 20.5
0 6.95501 4.33878 20.5
0 8.39783 5.78161 20.5
1 9.84076 6.1e-08 20.5
1 11.2979 1.45718 20.5
1 12.7409 2.90018 20.5
1 14.1827 4.34197 20.5
2 15.6352 8.1e-08 20.5
2 17.0743 1.4391 20.5
2 18.5209 2.88569 20.5
2 19.9799 4.3447 20.5
3 21.4245 5.5e-08 20.5
3 22.8763 1.45187 20.5
3 24.3199 2.89546 20.5
3 25.763 4.33858 20.5
3 27.2235 5.79909 20.5
4 28.668 6e-08 20.5
4 30.1126 1.44461 20.5
4 31.5643 2.89627 20.5
4 33.0075 4.33951 20.5
4 34.4504 5.78242 20.5
4 35.9128 7.24477 20.5
5 37.3566 6.2e-08 20.5
5 38.8084 1.45177 20.5
5 40.2568 2.90019 20.5
5 41.7007 4.34411 20.5
5 43.1638 5.80718 20.5
5 44.6054 7.24875 20.5
5 46.0519 8.69524 20.5
6 47.5034 1.06e-07 20.5
6 48.9471 1.44368 20.5
6 50.3963 2.89292 20.5
6 51.8473 4.34384 20.5
7 53.29 6.3e-08 21
7 54.7409 1.45089 21
7 56.1838 2.89384 21
8 57.627 6.7e-08 21
8 59.0888 1.46177 21
9 60.5366 8.2e-08 21
9 61.9764 1.43977 21
10 63.4275 5.8e-08 21
11 64.8706 7e-08 21
12 66.3136 7.6e-08 21
12 67.7648 1.45122 21
13 69.2074 6.9e-08 21
14 70.6548 6.6e-08 21
15 72.1057 5.4e-08 21
16 73.5474 6.9e-08 21
17 74.9983 6.3e-08 21
18 76.44 5.7e-08 21
18 77.8832 1.44316 21
19 79.3345 6.9e-08 21
20 80.7773 5.1e-08 21
21 82.2256 7.8e-08 21
22 83.6771 5.1e-08 20.5
23 85.1217 6.1e-08 21
24 86.6663 8.9e-08 21
24 88.1123 1.44602 21
25 89.5635 5.7e-08 22
26 91.0062 5.5e-08 21
26 92.4531 1.44689 21.5
27 93.8994 5.7e-08 21
28 97.6429 1.45e-07 21
28 99.0851 1.44226 21
29 103.938 1.48e-07 21
29 105.381 1.44259 20.5
