0 6.42927 8.4e-08 21
0 9.32189 2.89261 21
0 10.7683 4.33905 21
0 12.2112 5.78196 21
0 13.6631 7.23387 21
1 15.1039 8.3e-08 21
1 16.5478 1.44394 21
1 18.0069 2.90308 21
1 19.4476 4.34373 21
1 20.8911 5.78724 21
2 22.3439 7.2e-08 21
2 23.7856 1.44169 21
2 25.2267 2.88276 21
2 26.6776 4.33369 21
2 28.1202 5.77631 21
2 29.5636 7.21973 21
3 31.0365 7.6e-08 21
3 32.4963 1.45973 21
3 33.9584 2.92189 21
3 35.4076 4.37106 21
3 36.8502 5.81369 21
3 38.3221 7.28558 21
4 39.7823 7e-08 21
4 41.2395 1.45718 21
4 42.6841 2.90179 21
4 44.125 4.34274 21.5
5 45.5921 1e-07 21.5
5 47.0445 1.45242 22
6 48.506 8.5e-08 22.5
7 49.95 9.4e-08 23
8 51.4103 1.1e-07 23.5
10 52.8769 6.8e-08 24
12 54.3297 9.5e-08 24
14 55.7909 1.09e-07 24
16 57.2347 7.2e-08 24
18 58.6941 8.1e-08 24
20 60.1593 7.2e-08 24
21 61.6132 7.2e-08 24
23 63.3756 1.55e-07 21
24 65.1116 1.55e-07 21
25 67.8539 1.54e-07 21
26 72.5911 1.8e-07 21
27 81.5538 1.09e-07 21
