        type trial_config ert_flop   unroll  buffers        nsize       trials       microsecs        bytes        flops         GB/s         GF/s
         int    coalesced        4        1        2            8     16777216     6546785.010    268435456    134217728        0.041        0.021
         int    coalesced        4        1        2           16     16777216     6546754.487    536870912    268435456        0.082        0.041
         int    coalesced        4        1        2           32     16777216     6891362.037   1073741824    536870912        0.156        0.078
         int    coalesced        4        1        2           64     16777216     7274198.207   2147483648   1073741824        0.295        0.148
         int    coalesced        4        1        2          128     16777216     8728864.698   4294967296   2147483648        0.492        0.246
         int    coalesced        4        1        2          256     16777216    10911025.659   8589934592   4294967296        0.787        0.394
         int    coalesced        4        1        2          512     16777216    13093173.925  17179869184   8589934592        1.312        0.656
         int    coalesced        4        1        2         1024      8388608     8183447.147  17179869184   8589934592        2.099        1.050
         int    coalesced        4        1        2         2048      4194304     5951657.648  17179869184   8589934592        2.887        1.443
         int    coalesced        4        1        2         4096      2097152     4910171.971  17179869184   8589934592        3.499        1.749
         int    coalesced        4        1        2         8192      1048576     4281436.968  17179869184   8589934592        4.013        2.006
         int    coalesced        4        1        2        16384       524288     4038281.384  17179869184   8589934592        4.254        2.127
         int    coalesced        4        1        2        32768       262144     3869255.153  17179869184   8589934592        4.440        2.220
         int    coalesced        4        1        2        65536       131072     3795268.492  17179869184   8589934592        4.527        2.263
         int    coalesced        4        1        2       131072        65536     3759885.772  17179869184   8589934592        4.569        2.285
         int    coalesced        4        1        2       262144        32768     3742386.967  17179869184   8589934592        4.591        2.295
         int    coalesced        4        1        2       524288        16384     3732946.327  17179869184   8589934592        4.602        2.301
         int    coalesced        4        1        2      1048576         8192     3728398.154  17179869184   8589934592        4.608        2.304
         int    coalesced        4        1        2      2097152         4096     3726204.861  17179869184   8589934592        4.611        2.305
         int    coalesced        4        1        2      4194304         2048     3725021.632  17179869184   8589934592        4.612        2.306
         int    coalesced        4        1        2      8388608         1024     3724219.011  17179869184   8589934592        4.613        2.307
         int    coalesced        4        1        2     16777216          512     3723848.363  17179869184   8589934592        4.613        2.307
         int    coalesced        4        1        2     33554432          256     3723904.144  17179869184   8589934592        4.613        2.307
         int    coalesced        4        1        2     67108864          128     3723756.206  17179869184   8589934592        4.614        2.307
         int    coalesced        4        1        2    134217728           64     3723667.412  17179869184   8589934592        4.614        2.307
         int    coalesced        4        1        2    268435456           32     3723566.838  17179869184   8589934592        4.614        2.307
         int    coalesced        4        1        2    536870912           16     3723680.948  17179869184   8589934592        4.614        2.307
         int    coalesced        4        1        2   1073741824            8     3723696.612  17179869184   8589934592        4.614        2.307
         int    coalesced        4        1        2   2147483648            4     3723440.641  17179869184   8589934592        4.614        2.307
         int    coalesced        4        1        2   4294967296            2     3723120.198  17179869184   8589934592        4.614        2.307
         int    coalesced        4        1        2   8588886016            1     3722998.776  17177772032   8588886016        4.614        2.307
