0 6.57196 8.2e-08 20.5
0 9.46581 2.89385 20.5
0 10.906 4.33403 20.5
1 12.3648 8.7e-08 20.5
1 13.808 1.44325 20.5
1 15.2496 2.88489 20.5
1 16.7015 4.33673 20.5
1 18.1422 5.77743 20.5
2 19.5859 7.5e-08 20.5
2 21.036 1.45015 20.5
2 22.4784 2.8925 20.5
2 23.9217 4.3358 20.5
3 25.3773 6e-08 20.5
3 26.821 1.44372 20.5
3 28.2713 2.89401 20.5
3 29.7133 4.33602 20.5
3 31.1566 5.77927 20.5
4 32.6077 8e-08 20.5
4 34.0506 1.44291 20.5
4 35.4926 2.88494 20.5
4 36.9488 4.34106 20.5
4 38.3915 5.78381 20.5
5 39.838 7.7e-08 20.5
5 41.2937 1.45572 20.5
5 42.7348 2.89682 20.5
5 44.1807 4.34271 20.5
5 45.6337 5.79572 20.5
5 47.0769 7.23895 20.5
5 48.5331 8.69516 20.5
6 49.9746 1.05e-07 20.5
6 51.417 1.44237 20.5
6 52.8669 2.89228 20.5
6 54.3099 4.33528 20.5
6 55.752 5.77744 20.5
6 57.2127 7.23808 20.5
6 58.6561 8.68152 20.5
6 60.0993 10.1247 20.5
6 61.5505 11.5759 21
7 62.9944 7.2e-08 21
7 64.4389 1.44445 21
7 65.8967 2.90227 21
7 67.3408 4.34637 21
7 68.7919 5.7975 21
7 70.2388 7.24433 21
8 71.6825 8.6e-08 21
8 73.1402 1.45762 21
8 74.5845 2.90192 21
8 76.0279 4.34532 21
9 77.4793 7.3e-08 21
9 78.9214 1.44205 21
9 80.3644 2.88505 21
10 81.8156 8e-08 21.5
10 83.2585 1.44291 21.5
10 84.7062 2.8906 21.5
11 86.1606 8e-08 21.5
11 87.6051 1.44443 21.5
11 89.0577 2.89709 21.5
12 90.5014 9.3e-08 21.5
12 91.944 1.44259 21.5
12 93.4061 2.90467 21.5
13 94.8504 7.7e-08 21.5
13 96.2946 1.44413 21.5
14 97.7465 7.6e-08 21.5
14 99.1902 1.44367 21.5
14 100.639 2.89273 21.5
15 102.09 7.2e-08 21.5
15 103.532 1.44183 21.5
16 104.988 7.2e-08 21.5
16 106.432 1.44379 21.5
16 107.876 2.88815 21.5
17 109.338 7.9e-08 21.5
17 110.776 1.43829 21.5
17 112.219 2.88139 21.5
18 113.672 7.9e-08 21.5
18 115.112 1.43996 21.5
19 116.555 8.1e-08 21.5
19 118.006 1.45038 21.5
19 119.448 2.89253 21.5
20 120.89 7.5e-08 21.5
20 122.346 1.45593 21.5
21 123.789 9e-08 21.5
21 125.239 1.44995 21.5
21 126.682 2.89291 21.5
22 128.127 7.1e-08 21.5
22 129.574 1.44731 21.5
23 131.018 4.5e-08 21.5
23 132.47 1.45231 21.5
23 133.921 2.90345 21.5
24 135.364 8.5e-08 21.5
24 136.808 1.44322 21.5
24 138.259 2.89418 21.5
25 139.702 6.9e-08 21.5
25 141.151 1.44885 21.5
26 142.903 1.21e-07 21.5
26 144.353 1.44985 21.5
26 145.795 2.89262 20.5
27 147.739 1.46e-07 21.5
27 149.191 1.45254 21.5
27 150.631 2.8917 21
28 153.575 1.44e-07 21.5
28 155.012 1.43749 21.5
28 156.463 2.88841 21
29 161.408 1.47e-07 21.5
29 162.863 1.45506 21.5
29 164.306 2.89757 21
30 173.563 1.44e-07 21.5
30 175.003 1.4407 21.5
30 176.455 2.89206 20.5
