        type trial_config ert_flop   unroll  buffers        nsize       trials       microsecs        bytes        flops         GB/s         GF/s
       float    coalesced       16       16        2          128     16777216     8769685.793   4294967296   8589934592        0.490        0.980
       float    coalesced       16       16        2          256     16777216     9352379.095   8589934592  17179869184        0.918        1.837
       float    coalesced       16       16        2          512     16777216     9698767.913  17179869184  34359738368        1.771        3.543
       float    coalesced       16       16        2         1024      8388608     5455770.157  17179869184  34359738368        3.149        6.298
       float    coalesced       16       16        2         2048      4194304     2976054.769  17179869184  34359738368        5.773       11.545
       float    coalesced       16       16        2         4096      2097152     1637039.802  17179869184  34359738368       10.494       20.989
       float    coalesced       16       16        2         8192      1048576     1023325.843  17179869184  34359738368       16.788       33.577
       float    coalesced       16       16        2        16384       524288      763977.082  17179869184  34359738368       22.487       44.975
       float    coalesced       16       16        2        32768       262144      621395.263  17179869184  34359738368       27.647       55.294
       float    coalesced       16       16        2        65536       131072      598640.413  17179869184  34359738368       28.698       57.396
       float    coalesced       16       16        2       131072        65536      573879.406  17179869184  34359738368       29.936       59.873
       float    coalesced       16       16        2       262144        32768      568148.794  17179869184  34359738368       30.238       60.477
       float    coalesced       16       16        2       524288        16384      564484.988  17179869184  34359738368       30.435       60.869
       float    coalesced       16       16        2      1048576         8192      562206.610  17179869184  34359738368       30.558       61.116
       float    coalesced       16       16        2      2097152         4096      560848.346  17179869184  34359738368       30.632       61.264
       float    coalesced       16       16        2      4194304         2048      560029.173  17179869184  34359738368       30.677       61.353
       float    coalesced       16       16        2      8388608         1024      559838.114  17179869184  34359738368       30.687       61.374
       float    coalesced       16       16        2     16777216          512      559820.762  17179869184  34359738368       30.688       61.376
       float    coalesced       16       16        2     33554432          256      559776.900  17179869184  34359738368       30.691       61.381
       float    coalesced       16       16        2     67108864          128      559632.262  17179869184  34359738368       30.698       61.397
       float    coalesced       16       16        2    134217728           64      559613.444  17179869184  34359738368       30.700       61.399
       float    coalesced       16       16        2    268435456           32      559608.274  17179869184  34359738368       30.700       61.400
       float    coalesced       16       16        2    536870912           16      559661.621  17179869184  34359738368       30.697       61.394
       float    coalesced       16       16        2   1073741824            8      559661.172  17179869184  34359738368       30.697       61.394
       float    coalesced       16       16        2   2147483648            4      559648.005  17179869184  34359738368       30.698       61.395
       float    coalesced       16       16        2   4294967296            2      559682.357  17179869184  34359738368       30.696       61.391
       float    coalesced       16       16        2   8588886016            1      559547.238  17177772032  34355544064       30.699       61.399
