        type trial_config ert_flop   unroll  buffers        nsize       trials       microsecs        bytes        flops         GB/s         GF/s
       float    coalesced        8        2        2           16     16777216     6894145.159    536870912    536870912        0.078        0.078
       float    coalesced        8        2        2           32     16777216     6891304.906   1073741824   1073741824        0.156        0.156
       float    coalesced        8        2        2           64     16777216     7274133.404   2147483648   2147483648        0.295        0.295
       float    coalesced        8        2        2          128     16777216     7702028.649   4294967296   4294967296        0.558        0.558
       float    coalesced        8        2        2          256     16777216     9352362.258   8589934592   8589934592        0.918        0.918
       float    coalesced        8        2        2          512     16777216    10911049.772  17179869184  17179869184        1.575        1.575
       float    coalesced        8        2        2         1024      8388608     6891330.211  17179869184  17179869184        2.493        2.493
       float    coalesced        8        2        2         2048      4194304     4209923.438  17179869184  17179869184        4.081        4.081
       float    coalesced        8        2        2         4096      2097152     3070859.435  17179869184  17179869184        5.594        5.594
       float    coalesced        8        2        2         8192      1048576     2461961.117  17179869184  17179869184        6.978        6.978
       float    coalesced        8        2        2        16384       524288     2153133.318  17179869184  17179869184        7.979        7.979
       float    coalesced        8        2        2        32768       262144     2035505.791  17179869184  17179869184        8.440        8.440
       float    coalesced        8        2        2        65536       131072     1947788.212  17179869184  17179869184        8.820        8.820
       float    coalesced        8        2        2       131072        65536     1904982.065  17179869184  17179869184        9.018        9.018
       float    coalesced        8        2        2       262144        32768     1884654.026  17179869184  17179869184        9.116        9.116
       float    coalesced        8        2        2       524288        16384     1875118.254  17179869184  17179869184        9.162        9.162
       float    coalesced        8        2        2      1048576         8192     1870041.684  17179869184  17179869184        9.187        9.187
       float    coalesced        8        2        2      2097152         4096     1867658.438  17179869184  17179869184        9.199        9.199
       float    coalesced        8        2        2      4194304         2048     1866313.857  17179869184  17179869184        9.205        9.205
       float    coalesced        8        2        2      8388608         1024     1865804.918  17179869184  17179869184        9.208        9.208
       float    coalesced        8        2        2     16777216          512     1865424.793  17179869184  17179869184        9.210        9.210
       float    coalesced        8        2        2     33554432          256     1865254.473  17179869184  17179869184        9.210        9.210
       float    coalesced        8        2        2     67108864          128     1865129.586  17179869184  17179869184        9.211        9.211
       float    coalesced        8        2        2    134217728           64     1865194.625  17179869184  17179869184        9.211        9.211
       float    coalesced        8        2        2    268435456           32     1865038.746  17179869184  17179869184        9.212        9.212
       float    coalesced        8        2        2    536870912           16     1865122.400  17179869184  17179869184        9.211        9.211
       float    coalesced        8        2        2   1073741824            8     1865058.780  17179869184  17179869184        9.211        9.211
       float    coalesced        8        2        2   2147483648            4     1865131.298  17179869184  17179869184        9.211        9.211
       float    coalesced        8        2        2   4294967296            2     1865081.219  17179869184  17179869184        9.211        9.211
       float    coalesced        8        2        2   8588886016            1     1864974.332  17177772032  17177772032        9.211        9.211
