0 6.52316 1.48e-07 20.5
0 9.41051 2.88736 20.5
0 10.859 4.33584 20.5
0 12.3052 5.78201 20.5
1 13.7489 9.4e-08 20.5
1 15.198 1.4491 20.5
1 16.6442 2.89535 20.5
1 18.0848 4.33594 20.5
2 19.542 6.4e-08 20.5
2 20.9869 1.44482 20.5
2 22.4355 2.89342 20.5
2 23.8814 4.33932 20.5
2 25.3224 5.78039 20.5
3 26.7715 6.7e-08 20.5
3 28.2142 1.44272 20.5
3 29.6577 2.88622 20.5
3 31.1148 4.34336 20.5
3 32.5717 5.80024 20.5
3 34.0201 7.24866 20.5
4 35.4875 8.5e-08 20.5
4 36.9307 1.44324 20.5
4 38.3819 2.89438 20.5
4 39.8246 4.33715 20.5
4 41.2882 5.80067 20.5
4 42.7445 7.25703 20.5
5 44.2029 7e-08 20.5
5 45.659 1.4561 20.5
5 47.1023 2.89939 20.5
5 48.5666 4.36367 20.5
5 50.0228 5.81986 20.5
5 51.4709 7.26796 20.5
5 52.9334 8.7305 20.5
6 54.3761 6.6e-08 21
6 55.8255 1.44945 21
6 57.2921 2.916 21
6 58.7456 4.36948 21
6 60.1894 5.81333 21
7 61.6409 6.5e-08 21
7 63.1052 1.46428 21
7 64.5732 2.93231 21.5
8 66.0271 5.9e-08 21.5
8 67.4761 1.44901 21.5
9 68.9335 6.9e-08 21.5
9 70.3925 1.45897 21.5
10 71.8595 7.8e-08 21.5
11 73.3139 4.9e-08 21.5
12 74.7572 5.8e-08 22
12 76.2085 1.45129 22
13 77.6717 8.3e-08 22
14 79.1279 9.1e-08 22
15 80.5876 5.2e-08 22
15 82.0357 1.44811 22
16 83.4865 6.2e-08 22
17 84.9345 4.7e-08 22
18 86.4015 6.8e-08 22
18 87.8499 1.44835 22
19 89.2916 7e-08 22
20 90.7404 5.7e-08 22
21 92.1825 6.1e-08 22
21 93.6468 1.46425 22
22 95.0981 1.19e-07 22
23 96.5576 7.2e-08 22
24 98.1094 9.1e-08 22
24 99.5454 1.43607 22
25 101.012 6.7e-08 22
26 103.355 1.61e-07 22
26 104.797 1.4422 21
27 107.149 1.78e-07 22
27 108.59 1.44122 21
28 112.935 1.75e-07 22
28 114.378 1.44311 21
29 122.841 1.68e-07 22
29 124.282 1.4412 20.5
