0 3.21867 9.1e-08 23
0 6.1167 2.89803 23
0 7.56008 4.3414 23
0 9.00241 5.78373 23
0 10.4536 7.23496 23
0 11.8957 8.67704 23
0 13.3387 10.12 23
0 14.7897 11.571 23
0 16.2301 13.0114 23
0 17.6728 14.4541 23
1 19.1435 1.08e-07 23
1 20.5922 1.44871 23
1 22.0422 2.89872 23
1 23.5059 4.36242 23
1 24.9575 5.81398 23
1 26.4084 7.26493 23
1 27.8512 8.70772 23
1 29.2945 10.151 23
1 30.762 11.6185 23
1 32.2049 13.0614 23
2 33.6564 8e-08 23
2 35.1213 1.46496 23
2 36.5737 2.9173 23
2 38.0456 4.38927 23
2 39.4977 5.84131 23
2 40.9487 7.2923 23
2 42.4127 8.7563 23
2 43.8648 10.2084 23
2 45.3147 11.6583 23
2 46.7785 13.1221 23
3 48.2334 6.8e-08 23
3 49.6774 1.44409 23
3 51.1212 2.88784 23
3 52.5945 4.36112 23
3 54.0421 5.80875 23
4 55.4908 9.1e-08 23
4 56.9627 1.47196 23
4 58.4047 2.91393 23
5 59.8549 1.31e-07 23.5
5 61.2979 1.44296 23.5
6 62.7409 9.6e-08 25
8 64.2145 1.85e-07 26
12 65.6566 7.1e-08 26
16 67.0986 7.8e-08 26
20 68.5489 8.8e-08 26
23 70.4925 1.07e-07 23
24 72.0437 1.46e-07 23.5
25 74.6895 1.3e-07 23.5
26 79.6325 1.34e-07 23
