0 2.81612 3.04e-07 22.5
0 5.71827 2.90216 22.5
0 7.16065 4.34453 22.5
0 8.61195 5.79583 22.5
0 10.0534 7.23727 22.5
0 11.4968 8.68067 22.5
0 12.9483 10.1322 22.5
1 14.3903 8.1e-08 22.5
1 15.8339 1.44355 22.5
1 17.2909 2.90051 22.5
1 18.7326 4.34229 22.5
2 20.1858 6.9e-08 22.5
2 21.6332 1.44745 23
3 23.0822 1.36e-07 23
5 24.5447 8.7e-08 25
7 25.9928 8.8e-08 25.5
12 27.442 8.6e-08 25.5
16 28.9036 1.23e-07 25.5
20 30.5524 2.12e-07 25
22 32.8973 3.17e-07 22.5
23 35.5506 3.17e-07 22.5
24 40.3951 3.16e-07 22.5
