0 3.24808 9.2e-08 23
0 6.13435 2.88627 23
0 7.5872 4.33912 23
0 9.03158 5.7835 23
0 10.4764 7.22832 23
0 11.9276 8.67949 23
0 13.373 10.1249 23
0 14.8159 11.5678 23
0 16.274 13.0259 23
0 17.7186 14.4705 23
0 19.1628 15.9147 23
0 20.6152 17.3671 23
0 22.0642 18.8161 23
0 23.5033 20.2552 23
0 24.9548 21.7067 23
0 26.3982 23.1501 23
1 27.8405 9.2e-08 23
1 29.2911 1.45051 23
1 30.7346 2.89406 23
1 32.1789 4.33839 23
1 33.636 5.79547 23
1 35.0804 7.23988 23
1 36.5327 8.69215 23
1 37.9772 10.1366 23
1 39.4212 11.5807 23
1 40.8742 13.0336 23
1 42.3184 14.4778 23
1 43.7628 15.9223 23
1 45.2208 17.3802 23
1 46.6653 18.8247 23
1 48.1098 20.2692 23
1 49.5625 21.7219 23
2 51.0072 7.2e-08 23
2 52.4515 1.44429 23
2 53.9033 2.89618 23
2 55.3476 4.3404 23
2 56.7923 5.78511 23
2 58.25 7.24279 23
2 59.6939 8.68678 23
2 61.146 10.1388 23
2 62.5905 11.5833 23
2 64.0345 13.0274 23
2 65.4861 14.4789 23
2 66.929 15.9218 23
2 68.3717 17.3645 23
2 69.8223 18.8152 23
2 71.2659 20.2587 23
2 72.7095 21.7024 23
2 74.168 23.1609 23
3 75.6116 9.9e-08 23
3 77.055 1.44336 23
3 78.507 2.89542 23
3 79.9509 4.33928 23
3 81.3967 5.78506 23
3 82.8471 7.23547 23
3 84.2913 8.67966 23
3 85.7354 10.1238 23
3 87.1935 11.5819 23
3 88.6379 13.0263 23
3 90.0901 14.4784 23
3 91.5339 15.9223 23
3 92.9777 17.3661 23
3 94.4295 18.8179 23
3 95.8735 20.2619 23
3 97.3177 21.7061 23
3 98.7753 23.1637 23
3 100.223 24.6117 23
4 101.663 9.7e-08 23
4 103.114 1.45143 23
4 104.557 2.89435 23
4 106 4.33714 23
4 107.451 5.78772 23
4 108.893 7.23022 23
4 110.337 8.67407 23
4 111.789 10.126 23
4 113.233 11.5703 23
4 114.677 13.0139 23.5
5 116.135 7.3e-08 23.5
5 117.579 1.44411 23.5
5 119.03 2.89592 23.5
5 120.474 4.33986 23.5
5 121.918 5.78366 23
6 123.37 6e-08 23
6 124.814 1.4436 23.5
7 126.258 6.7e-08 23.5
7 127.716 1.45841 24
8 129.16 8.2e-08 24
10 130.604 7.9e-08 24.5
12 132.055 7.5e-08 25
14 133.499 7.1e-08 25
17 134.943 6.9e-08 25
20 136.396 7e-08 23.5
22 137.84 6e-08 25
24 139.785 1.67e-07 23.5
25 141.425 1.68e-07 23.5
26 144.259 1.62e-07 23.5
27 149.418 1.61e-07 23.5
