        type trial_config ert_flop   unroll  buffers        nsize       trials       microsecs        bytes        flops         GB/s         GF/s
         int    coalesced        2        4        2           32     16777216     6235066.631   1073741824    268435456        0.172        0.043
         int    coalesced        2        4        2           64     16777216     6235037.840   2147483648    536870912        0.344        0.086
         int    coalesced        2        4        2          128     16777216     6546783.408   4294967296   1073741824        0.656        0.164
         int    coalesced        2        4        2          256     16777216     7274226.006   8589934592   2147483648        1.181        0.295
         int    coalesced        2        4        2          512     16777216     8728947.090  17179869184   4294967296        1.968        0.492
         int    coalesced        2        4        2         1024      8388608     5455750.445  17179869184   4294967296        3.149        0.787
         int    coalesced        2        4        2         2048      4194304     3273617.480  17179869184   4294967296        5.248        1.312
         int    coalesced        2        4        2         4096      2097152     2046152.642  17179869184   4294967296        8.396        2.099
         int    coalesced        2        4        2         8192      1048576     1600851.696  17179869184   4294967296       10.732        2.683
         int    coalesced        2        4        2        16384       524288     1270645.047  17179869184   4294967296       13.521        3.380
         int    coalesced        2        4        2        32768       262144     1102944.734  17179869184   4294967296       15.576        3.894
         int    coalesced        2        4        2        65536       131072     1023310.835  17179869184   4294967296       16.789        4.197
         int    coalesced        2        4        2       131072        65536      992553.026  17179869184   4294967296       17.309        4.327
         int    coalesced        2        4        2       262144        32768      972135.072  17179869184   4294967296       17.672        4.418
         int    coalesced        2        4        2       524288        16384      962216.350  17179869184   4294967296       17.854        4.464
         int    coalesced        2        4        2      1048576         8192      958465.797  17179869184   4294967296       17.924        4.481
         int    coalesced        2        4        2      2097152         4096      955789.252  17179869184   4294967296       17.975        4.494
         int    coalesced        2        4        2      4194304         2048      954633.141  17179869184   4294967296       17.996        4.499
         int    coalesced        2        4        2      8388608         1024      954030.071  17179869184   4294967296       18.008        4.502
         int    coalesced        2        4        2     16777216          512      953679.967  17179869184   4294967296       18.014        4.504
         int    coalesced        2        4        2     33554432          256      953563.154  17179869184   4294967296       18.016        4.504
         int    coalesced        2        4        2     67108864          128      953495.101  17179869184   4294967296       18.018        4.504
         int    coalesced        2        4        2    134217728           64      953441.921  17179869184   4294967296       18.019        4.505
         int    coalesced        2        4        2    268435456           32      953368.615  17179869184   4294967296       18.020        4.505
         int    coalesced        2        4        2    536870912           16      953325.004  17179869184   4294967296       18.021        4.505
         int    coalesced        2        4        2   1073741824            8      953396.546  17179869184   4294967296       18.020        4.505
         int    coalesced        2        4        2   2147483648            4      953451.225  17179869184   4294967296       18.019        4.505
         int    coalesced        2        4        2   4294967296            2      953376.030  17179869184   4294967296       18.020        4.505
         int    coalesced        2        4        2   8588886016            1      953280.954  17177772032   4294443008       18.020        4.505
