        type trial_config ert_flop   unroll  buffers        nsize       trials       microsecs        bytes        flops         GB/s         GF/s
 signed_char    coalesced        8        4        1            4     16777216     6234780.128    134217728    536870912        0.022        0.086
 signed_char    coalesced        8        4        1            8     16777216     6546517.877    268435456   1073741824        0.041        0.164
 signed_char    coalesced        8        4        1           16     16777216     6891082.223    536870912   2147483648        0.078        0.312
 signed_char    coalesced        8        4        1           32     16777216     7344410.110   1073741824   4294967296        0.146        0.585
 signed_char    coalesced        8        4        1           64     16777216     8728625.612   2147483648   8589934592        0.246        0.984
 signed_char    coalesced        8        4        1          128     16777216    10336525.616   4294967296  17179869184        0.416        1.662
 signed_char    coalesced        8        4        1          256     16777216    13133741.787   8589934592  34359738368        0.654        2.616
 signed_char    coalesced        8        4        1          512      8388608     8273340.999   8589934592  34359738368        1.038        4.153
 signed_char    coalesced        8        4        1         1024      4194304     6061624.415   8589934592  34359738368        1.417        5.668
 signed_char    coalesced        8        4        1         2048      2097152     4676558.806   8589934592  34359738368        1.837        7.347
 signed_char    coalesced        8        4        1         4096      1048576     4091655.125   8589934592  34359738368        2.099        8.398
 signed_char    coalesced        8        4        1         8192       524288     4091631.023   8589934592  34359738368        2.099        8.398
 signed_char    coalesced        8        4        1        16384       262144     3682481.606   8589934592  34359738368        2.333        9.331
 signed_char    coalesced        8        4        1        32768       131072     3671322.048   8589934592  34359738368        2.340        9.359
 signed_char    coalesced        8        4        1        65536        65536     3580164.260   8589934592  34359738368        2.399        9.597
 signed_char    coalesced        8        4        1       131072        32768     3580180.444   8589934592  34359738368        2.399        9.597
 signed_char    coalesced        8        4        1       262144        16384     3569643.812   8589934592  34359738368        2.406        9.626
 signed_char    coalesced        8        4        1       524288         8192     3565008.304   8589934592  34359738368        2.410        9.638
 signed_char    coalesced        8        4        1      1048576         4096     3560968.426   8589934592  34359738368        2.412        9.649
 signed_char    coalesced        8        4        1      2097152         2048     3558989.008   8589934592  34359738368        2.414        9.654
 signed_char    coalesced        8        4        1      4194304         1024     3558273.954   8589934592  34359738368        2.414        9.656
 signed_char    coalesced        8        4        1      8388608          512     3557929.942   8589934592  34359738368        2.414        9.657
 signed_char    coalesced        8        4        1     16777216          256     3557720.986   8589934592  34359738368        2.414        9.658
 signed_char    coalesced        8        4        1     33554432          128     3557669.000   8589934592  34359738368        2.414        9.658
 signed_char    coalesced        8        4        1     67108864           64     3557615.829   8589934592  34359738368        2.415        9.658
 signed_char    coalesced        8        4        1    134217728           32     3557561.521   8589934592  34359738368        2.415        9.658
 signed_char    coalesced        8        4        1    268435456           16     3557528.475   8589934592  34359738368        2.415        9.658
 signed_char    coalesced        8        4        1    536870912            8     3557593.255   8589934592  34359738368        2.415        9.658
 signed_char    coalesced        8        4        1   1073741824            4     3557543.127   8589934592  34359738368        2.415        9.658
 signed_char    coalesced        8        4        1   2147483648            2     3557557.193   8589934592  34359738368        2.415        9.658
 signed_char    coalesced        8        4        1   4293918720            1     3556665.630   8587837440  34351349760        2.415        9.658
