0 3.46652 1.49e-07 20.5
0 6.36139 2.89487 20.5
0 7.80245 4.33593 20.5
0 9.24417 5.77765 20.5
0 10.699 7.23246 20.5
1 12.1436 7.3e-08 20.5
1 13.5872 1.4436 20.5
1 15.0359 2.89231 20.5
1 16.4805 4.3369 20.5
1 17.9217 5.77806 20.5
1 19.3875 7.24392 20.5
2 20.8305 7.5e-08 20.5
2 22.2872 1.45673 20.5
2 23.747 2.91644 20.5
2 25.2059 4.37535 20.5
2 26.673 5.84253 20.5
2 28.1158 7.28528 20.5
3 29.5674 7e-08 20.5
3 31.0192 1.45177 20.5
3 32.4788 2.91138 20.5
3 33.9406 4.37321 20.5
3 35.3998 5.83243 20.5
3 36.8518 7.28443 20.5
3 38.2999 8.7325 20.5
4 39.7601 9.1e-08 20.5
4 41.2122 1.45216 20.5
4 42.656 2.8959 20.5
4 44.1046 4.34456 20.5
4 45.5709 5.81079 20.5
4 47.0222 7.26211 20.5
4 48.4894 8.72932 20.5
5 49.9326 7.6e-08 20.5
5 51.3756 1.44293 20.5
5 52.8262 2.89356 20.5
5 54.2745 4.34189 20.5
5 55.731 5.79831 21
5 57.1789 7.24624 20.5
5 58.6371 8.70446 20.5
5 60.0871 10.1545 20.5
5 61.5442 11.6115 21
6 62.9862 7.1e-08 21
6 64.4374 1.45119 21
6 65.8807 2.89453 21
6 67.324 4.33784 21
6 68.7752 5.78901 21
6 70.217 7.2308 21
7 71.6896 7.4e-08 21
7 73.1333 1.44375 21
7 74.593 2.90338 21
8 76.0449 8e-08 21
8 77.4893 1.4444 21
9 78.9331 8.1e-08 21
9 80.3843 1.45123 21
10 81.8272 7.4e-08 21
10 83.2907 1.46352 21
11 84.732 7.3e-08 21
12 86.1889 8.9e-08 21
12 87.6438 1.45495 21
13 89.0864 6.8e-08 21
14 90.5294 6.5e-08 21
15 91.9801 6.7e-08 21
15 93.422 1.44182 21
16 94.8647 6.8e-08 21
17 96.3157 6.8e-08 21
18 97.7585 7.5e-08 21
18 99.2242 1.46576 21
19 100.667 7.9e-08 21
20 102.11 8.1e-08 21
21 103.559 5.8e-08 21
21 105.002 1.44298 21
22 106.445 8.7e-08 21
23 107.901 8e-08 21
23 109.344 1.44272 21
24 110.796 8.6e-08 21
25 112.246 7.4e-08 21
25 113.689 1.44253 21
26 115.137 8.9e-08 21
27 117.488 2.3e-07 21
27 118.93 1.4417 21
28 121.674 1.56e-07 21
28 123.125 1.45109 21
29 128.172 1.54e-07 21
29 129.614 1.44231 21
