        type trial_config ert_flop   unroll  buffers        nsize       trials       microsecs        bytes        flops         GB/s         GF/s
        long    coalesced       55        2        2           32     16777216    16366350.394   1073741824   3690987520        0.066        0.226
        long    coalesced       55        2        2           64     16777216    16366349.775   2147483648   7381975040        0.131        0.451
        long    coalesced       55        2        2          128     16777216    17011804.030   4294967296  14763950080        0.252        0.868
        long    coalesced       55        2        2          256     16777216    17457435.765   8589934592  29527900160        0.492        1.691
        long    coalesced       55        2        2          512     16777216    19639556.421  17179869184  59055800320        0.875        3.007
        long    coalesced       55        2        2         1024      8388608    10911053.488  17179869184  59055800320        1.575        5.412
        long    coalesced       55        2        2         2048      4194304     6335688.948  17179869184  59055800320        2.712        9.321
        long    coalesced       55        2        2         4096      2097152     3637300.079  17179869184  59055800320        4.723       16.236
        long    coalesced       55        2        2         8192      1048576     2455329.485  17179869184  59055800320        6.997       24.052
        long    coalesced       55        2        2        16384       524288     1807838.795  17179869184  59055800320        9.503       32.667
        long    coalesced       55        2        2        32768       262144     1467903.417  17179869184  59055800320       11.704       40.231
        long    coalesced       55        2        2        65536       131072     1315047.144  17179869184  59055800320       13.064       44.908
        long    coalesced       55        2        2       131072        65536     1230251.862  17179869184  59055800320       13.965       48.003
        long    coalesced       55        2        2       262144        32768     1191365.401  17179869184  59055800320       14.420       49.570
        long    coalesced       55        2        2       524288        16384     1168701.941  17179869184  59055800320       14.700       50.531
        long    coalesced       55        2        2      1048576         8192     1158539.849  17179869184  59055800320       14.829       50.974
        long    coalesced       55        2        2      2097152         4096     1153364.803  17179869184  59055800320       14.895       51.203
        long    coalesced       55        2        2      4194304         2048     1151110.589  17179869184  59055800320       14.925       51.303
        long    coalesced       55        2        2      8388608         1024     1149662.063  17179869184  59055800320       14.943       51.368
        long    coalesced       55        2        2     16777216          512     1149049.702  17179869184  59055800320       14.951       51.395
        long    coalesced       55        2        2     33554432          256     1148810.490  17179869184  59055800320       14.954       51.406
        long    coalesced       55        2        2     67108864          128     1148641.826  17179869184  59055800320       14.957       51.414
        long    coalesced       55        2        2    134217728           64     1148527.321  17179869184  59055800320       14.958       51.419
        long    coalesced       55        2        2    268435456           32     1148454.009  17179869184  59055800320       14.959       51.422
        long    coalesced       55        2        2    536870912           16     1148479.202  17179869184  59055800320       14.959       51.421
        long    coalesced       55        2        2   1073741824            8     1148480.288  17179869184  59055800320       14.959       51.421
        long    coalesced       55        2        2   2147483648            4     1148488.443  17179869184  59055800320       14.959       51.420
        long    coalesced       55        2        2   4294967296            2     1148472.305  17179869184  59055800320       14.959       51.421
        long    coalesced       55        2        2   8588886016            1     1148284.503  17177772032  59048591360       14.960       51.423
