        type trial_config ert_flop   unroll  buffers        nsize       trials       microsecs        bytes        flops         GB/s         GF/s
      double    coalesced        2       32        2          512     16777216     8183413.969  17179869184   2147483648        2.099        0.262
      double    coalesced        2       32        2         1024      8388608     4676387.007  17179869184   2147483648        3.674        0.459
      double    coalesced        2       32        2         2048      4194304     2518206.567  17179869184   2147483648        6.822        0.853
      double    coalesced        2       32        2         4096      2097152     1488180.786  17179869184   2147483648       11.544        1.443
      double    coalesced        2       32        2         8192      1048576     1023291.285  17179869184   2147483648       16.789        2.099
      double    coalesced        2       32        2        16384       524288      746601.158  17179869184   2147483648       23.011        2.876
      double    coalesced        2       32        2        32768       262144      636123.757  17179869184   2147483648       27.007        3.376
      double    coalesced        2       32        2        65536       131072      592457.720  17179869184   2147483648       28.998        3.625
      double    coalesced        2       32        2       131072        65536      572337.592  17179869184   2147483648       30.017        3.752
      double    coalesced        2       32        2       262144        32768      564656.320  17179869184   2147483648       30.425        3.803
      double    coalesced        2       32        2       524288        16384      561433.503  17179869184   2147483648       30.600        3.825
      double    coalesced        2       32        2      1048576         8192      559594.059  17179869184   2147483648       30.701        3.838
      double    coalesced        2       32        2      2097152         4096      558538.054  17179869184   2147483648       30.759        3.845
      double    coalesced        2       32        2      4194304         2048      557998.647  17179869184   2147483648       30.788        3.849
      double    coalesced        2       32        2      8388608         1024      557695.286  17179869184   2147483648       30.805        3.851
      double    coalesced        2       32        2     16777216          512      557574.754  17179869184   2147483648       30.812        3.851
      double    coalesced        2       32        2     33554432          256      557461.203  17179869184   2147483648       30.818        3.852
      double    coalesced        2       32        2     67108864          128      557453.650  17179869184   2147483648       30.818        3.852
      double    coalesced        2       32        2    134217728           64      557469.917  17179869184   2147483648       30.818        3.852
      double    coalesced        2       32        2    268435456           32      557496.401  17179869184   2147483648       30.816        3.852
      double    coalesced        2       32        2    536870912           16      557383.561  17179869184   2147483648       30.822        3.853
      double    coalesced        2       32        2   1073741824            8      557475.532  17179869184   2147483648       30.817        3.852
      double    coalesced        2       32        2   2147483648            4      557450.019  17179869184   2147483648       30.819        3.852
      double    coalesced        2       32        2   4294967296            2      557421.906  17179869184   2147483648       30.820        3.853
      double    coalesced        2       32        2   8588886016            1      557274.717  17177772032   2147221504       30.825        3.853
