        type trial_config ert_flop   unroll  buffers        nsize       trials       microsecs        bytes        flops         GB/s         GF/s
         int    coalesced       32        1        1            4     16777216     8728882.144    134217728    536870912        0.015        0.062
         int    coalesced       32        1        1            8     16777216     8728848.952    268435456   1073741824        0.031        0.123
         int    coalesced       32        1        1           16     16777216     9352374.969    536870912   2147483648        0.057        0.230
         int    coalesced       32        1        1           32     16777216    10071702.562   1073741824   4294967296        0.107        0.426
         int    coalesced       32        1        1           64     16777216    10910970.103   2147483648   8589934592        0.197        0.787
         int    coalesced       32        1        1          128     16777216    13093172.022   4294967296  17179869184        0.328        1.312
         int    coalesced       32        1        1          256     16777216    15403521.015   8589934592  34359738368        0.558        2.231
         int    coalesced       32        1        1          512      8388608     9352300.295   8589934592  34359738368        0.918        3.674
         int    coalesced       32        1        1         1024      4194304     6546747.470   8589934592  34359738368        1.312        5.248
         int    coalesced       32        1        1         2048      2097152     4978023.334   8589934592  34359738368        1.726        6.902
         int    coalesced       32        1        1         4096      1048576     4091811.105   8589934592  34359738368        2.099        8.397
         int    coalesced       32        1        1         8192       524288     3858451.542   8589934592  34359738368        2.226        8.905
         int    coalesced       32        1        1        16384       262144     3641124.529   8589934592  34359738368        2.359        9.437
         int    coalesced       32        1        1        32768       131072     3478112.647   8589934592  34359738368        2.470        9.879
         int    coalesced       32        1        1        65536        65536     3394242.681   8589934592  34359738368        2.531       10.123
         int    coalesced       32        1        1       131072        32768     3374135.748   8589934592  34359738368        2.546       10.183
         int    coalesced       32        1        1       262144        16384     3360849.463   8589934592  34359738368        2.556       10.224
         int    coalesced       32        1        1       524288         8192     3354497.196   8589934592  34359738368        2.561       10.243
         int    coalesced       32        1        1      1048576         4096     3350912.720   8589934592  34359738368        2.563       10.254
         int    coalesced       32        1        1      2097152         2048     3348974.745   8589934592  34359738368        2.565       10.260
         int    coalesced       32        1        1      4194304         1024     3348371.446   8589934592  34359738368        2.565       10.262
         int    coalesced       32        1        1      8388608          512     3347827.173   8589934592  34359738368        2.566       10.263
         int    coalesced       32        1        1     16777216          256     3347797.405   8589934592  34359738368        2.566       10.263
         int    coalesced       32        1        1     33554432          128     3347642.867   8589934592  34359738368        2.566       10.264
         int    coalesced       32        1        1     67108864           64     3347529.309   8589934592  34359738368        2.566       10.264
         int    coalesced       32        1        1    134217728           32     3347369.703   8589934592  34359738368        2.566       10.265
         int    coalesced       32        1        1    268435456           16     3347541.279   8589934592  34359738368        2.566       10.264
         int    coalesced       32        1        1    536870912            8     3347609.500   8589934592  34359738368        2.566       10.264
         int    coalesced       32        1        1   1073741824            4     3347510.615   8589934592  34359738368        2.566       10.264
         int    coalesced       32        1        1   2147483648            2     3347563.592   8589934592  34359738368        2.566       10.264
         int    coalesced       32        1        1   4293918720            1     3346553.002   8587837440  34351349760        2.566       10.265
