        type trial_config ert_flop   unroll  buffers        nsize       trials       microsecs        bytes        flops         GB/s         GF/s
       float    coalesced     2048        1        1            4     16777216   296309160.413    134217728  34359738368        0.000        0.116
       float    coalesced     2048        1        1            8     16777216   296309165.367    268435456  68719476736        0.001        0.232
       float    coalesced     2048        1        1           16     16777216   296768612.161    536870912 137438953472        0.002        0.463
       float    coalesced     2048        1        1           32     16777216   297562079.105   1073741824 274877906944        0.004        0.924
       float    coalesced     2048        1        1           64     16777216   299262452.356   2147483648 549755813888        0.007        1.837
       float    coalesced     2048        1        1          128     16777216   300647910.031   4294967296 1099511627776        0.014        3.657
       float    coalesced     2048        1        1          256     16777216   305497077.875   8589934592 2199023255552        0.028        7.198
       float    coalesced     2048        1        1          512      8388608   153763560.047   8589934592 2199023255552        0.056       14.301
       float    coalesced     2048        1        1         1024      4194304    78733673.392   8589934592 2199023255552        0.109       27.930
       float    coalesced     2048        1        1         2048      2097152    41186265.884   8589934592 2199023255552        0.209       53.392
       float    coalesced     2048        1        1         4096      1048576    22503500.031   8589934592 2199023255552        0.382       97.719
       float    coalesced     2048        1        1         8192       524288    13093103.282   8589934592 2199023255552        0.656      167.953
       float    coalesced     2048        1        1        16384       262144     8394926.664   8589934592 2199023255552        1.023      261.947
       float    coalesced     2048        1        1        32768       131072     6023906.011   8589934592 2199023255552        1.426      365.049
       float    coalesced     2048        1        1        65536        65536     4845516.083   8589934592 2199023255552        1.773      453.826
       float    coalesced     2048        1        1       131072        32768     4260274.733   8589934592 2199023255552        2.016      516.169
       float    coalesced     2048        1        1       262144        16384     3963955.019   8589934592 2199023255552        2.167      554.755
       float    coalesced     2048        1        1       524288         8192     3817317.093   8589934592 2199023255552        2.250      576.065
       float    coalesced     2048        1        1      1048576         4096     3743248.187   8589934592 2199023255552        2.295      587.464
       float    coalesced     2048        1        1      2097152         2048     3706383.373   8589934592 2199023255552        2.318      593.307
       float    coalesced     2048        1        1      4194304         1024     3687944.870   8589934592 2199023255552        2.329      596.273
       float    coalesced     2048        1        1      8388608          512     3678663.034   8589934592 2199023255552        2.335      597.778
       float    coalesced     2048        1        1     16777216          256     3674083.406   8589934592 2199023255552        2.338      598.523
       float    coalesced     2048        1        1     33554432          128     3671814.696   8589934592 2199023255552        2.339      598.893
       float    coalesced     2048        1        1     67108864           64     3670680.943   8589934592 2199023255552        2.340      599.078
       float    coalesced     2048        1        1    134217728           32     3670090.495   8589934592 2199023255552        2.341      599.174
       float    coalesced     2048        1        1    268435456           16     3669724.640   8589934592 2199023255552        2.341      599.234
       float    coalesced     2048        1        1    536870912            8     3669574.364   8589934592 2199023255552        2.341      599.258
       float    coalesced     2048        1        1   1073741824            4     3669545.975   8589934592 2199023255552        2.341      599.263
       float    coalesced     2048        1        1   2147483648            2     3669454.011   8589934592 2199023255552        2.341      599.278
       float    coalesced     2048        1        1   4293918720            1     3668590.064   8587837440 2198486384640        2.341      599.273
