0 3.29367 1.54e-07 27
0 6.19258 2.89891 27.5
0 7.63277 4.3391 27.5
0 9.07499 5.78132 27.5
0 10.5246 7.23095 27.5
0 11.9669 8.67324 27.5
0 13.4099 10.1162 27.5
0 14.8665 11.5728 27.5
0 16.3094 13.0157 27.5
0 17.7522 14.4585 27.5
0 19.2022 15.9085 27.5
0 20.6437 17.35 27.5
0 22.0862 18.7925 27.5
0 23.543 20.2493 27.5
0 24.9934 21.6997 27.5
0 26.4473 23.1536 27.5
0 27.9117 24.618 27.5
0 29.3591 26.0654 27.5
0 30.832 27.5383 27.5
0 32.279 28.9853 27.5
0 33.7206 30.4269 27.5
0 35.186 31.8923 27.5
0 36.6434 33.3497 27.5
0 38.1095 34.8158 27.5
0 39.5673 36.2737 27.5
0 41.0236 37.7299 27.5
0 42.4937 39.2001 27.5
0 43.9487 40.6551 27.5
0 45.4022 42.1085 27.5
0 46.8603 43.5667 27.5
0 48.3031 45.0094 27.5
0 49.7699 46.4762 27.5
0 51.2055 47.9118 27.5
0 52.6639 49.3703 27.5
0 54.1032 50.8095 27.5
0 55.5553 52.2616 27.5
0 57.0044 53.7107 27.5
0 58.4563 55.1626 27.5
0 59.8984 56.6047 27.5
0 61.3475 58.0538 27.5
0 62.8046 59.5109 27.5
0 64.2469 60.9533 27.5
0 65.7073 62.4136 27.5
0 67.1488 63.8552 27.5
0 68.5914 65.2977 27.5
0 70.0587 66.7651 27.5
0 71.5009 68.2072 27.5
0 72.9659 69.6722 27.5
0 74.4078 71.1142 27.5
0 75.8492 72.5555 27.5
0 77.3053 74.0116 27.5
0 78.7474 75.4537 27.5
0 80.1904 76.8967 27.5
0 81.6623 78.3686 27.5
0 83.1048 79.8111 27.5
0 84.5473 81.2536 27.5
0 85.997 82.7034 27.5
0 87.4393 84.1457 27.5
0 88.8872 85.5936 27.5
0 90.3378 87.0442 27.5
0 91.781 88.4874 27.5
0 93.2241 89.9305 27.5
0 94.6749 91.3813 27.5
0 96.1168 92.8231 27.5
0 97.5601 94.2664 27.5
0 99.0166 95.7229 27.5
0 100.469 97.1756 27.5
0 101.92 98.6259 27.5
0 103.362 100.069 27.5
0 104.805 101.511 27.5
0 106.254 102.961 27.5
0 107.707 104.414 27.5
0 109.15 105.856 27.5
0 110.6 107.306 27.5
0 112.042 108.748 27.5
0 113.485 110.191 27.5
0 114.952 111.658 27.5
0 116.394 113.1 27.5
0 117.836 114.543 27.5
0 119.297 116.003 27.5
0 120.739 117.445 27.5
0 122.181 118.887 27.5
0 123.631 120.337 27.5
0 125.073 121.779 27.5
0 126.521 123.227 27.5
0 127.971 124.677 27.5
0 129.414 126.12 27.5
0 130.855 127.562 27.5
0 132.306 129.012 27.5
0 133.749 130.456 27.5
0 135.191 131.898 27.5
0 136.642 133.348 27.5
0 138.101 134.808 27.5
0 139.545 136.251 27.5
0 140.995 137.701 27.5
0 142.453 139.159 27.5
0 143.903 140.61 27.5
0 145.347 142.053 27.5
0 146.79 143.496 27.5
0 148.24 144.946 27.5
0 149.698 146.405 27.5
0 151.141 147.847 27.5
0 152.591 149.298 27.5
0 154.05 150.756 27.5
0 155.492 152.199 27.5
0 156.943 153.65 27.5
0 158.386 155.092 27.5
0 159.829 156.535 27.5
0 161.296 158.002 27.5
0 162.739 159.445 27.5
0 164.176 160.882 27.5
0 165.647 162.354 27.5
0 167.09 163.796 27.5
0 168.541 165.247 27.5
0 169.984 166.69 27.5
0 171.427 168.133 27.5
0 172.893 169.599 27.5
0 174.337 171.043 27.5
0 175.779 172.486 27.5
0 177.244 173.951 27.5
0 178.686 175.393 27.5
0 180.129 176.835 27.5
0 181.58 178.286 27.5
0 183.022 179.728 27.5
0 184.47 181.177 27.5
0 185.921 182.627 27.5
0 187.364 184.07 27.5
0 188.807 185.513 27.5
0 190.257 186.964 27.5
0 191.701 188.407 27.5
0 193.145 189.851 27.5
0 194.596 191.302 27.5
0 196.054 192.761 27.5
0 197.506 194.212 27.5
0 198.949 195.656 27.5
0 200.403 197.109 27.5
0 201.854 198.56 27.5
0 203.298 200.004 27.5
0 204.74 201.447 27.5
0 206.191 202.897 27.5
0 207.65 204.357 27.5
1 209.093 1.03e-07 27.5
1 210.543 1.45015 27.5
1 211.986 2.89311 27.5
1 213.43 4.33676 27.5
1 214.88 5.78723 27.5
1 216.323 7.23007 27.5
1 217.767 8.67387 27.5
1 219.228 10.1351 27.5
1 220.671 11.5775 27.5
1 222.114 13.0205 27.5
1 223.565 14.4722 27.5
1 225.008 15.9152 27.5
1 226.456 17.3633 27.5
1 227.906 18.8133 27.5
1 229.35 20.2566 27.5
1 230.793 21.7003 27.5
1 232.244 23.151 27.5
1 233.709 24.6154 27.5
1 235.159 26.0663 27.5
1 236.603 27.5096 27.5
1 238.047 28.9535 27.5
1 239.496 30.4033 27.5
1 240.945 31.8521 27.5
1 242.388 33.2949 27.5
1 243.84 34.7465 27.5
1 245.299 36.2054 27.5
1 246.735 37.642 27.5
1 248.193 39.0997 27.5
1 249.637 40.5434 27.5
1 251.073 41.9799 27.5
1 252.54 43.4465 27.5
1 253.984 44.8904 27.5
1 255.425 46.332 27.5
1 256.886 47.7931 27.5
1 258.33 49.2365 27.5
1 259.772 50.6788 27.5
1 261.223 52.1302 27.5
1 262.667 53.5734 27.5
1 264.109 55.0158 27.5
1 265.56 56.467 27.5
1 267.003 57.9103 27.5
1 268.446 59.3528 27.5
1 269.896 60.8033 27.5
1 271.34 62.2465 27.5
1 272.782 63.6885 27.5
1 274.232 65.139 27.5
1 275.692 66.5984 27.5
1 277.128 68.0346 27.5
1 278.585 69.4917 27.5
1 280.028 70.935 27.5
1 281.464 72.3713 27.5
1 282.936 73.8431 27.5
1 284.379 75.2862 27.5
1 285.831 76.7374 27.5
1 287.278 78.1849 27.5
1 288.721 79.6275 27.5
1 290.172 81.0787 27.5
1 291.615 82.522 27.5
1 293.057 83.9642 27.5
1 294.529 85.4361 27.5
1 295.972 86.8785 27.5
1 297.415 88.3219 27.5
1 298.876 89.7826 27.5
1 300.318 91.225 27.5
1 301.761 92.6679 27.5
1 303.222 94.1288 27.5
1 304.665 95.5721 27.5
1 306.109 97.0157 27.5
1 307.559 98.466 27.5
1 309.002 99.9088 27.5
1 310.45 101.357 27.5
1 311.907 102.814 27.5
1 313.351 104.257 27.5
1 314.816 105.723 27.5
1 316.259 107.166 27.5
1 317.702 108.608 27.5
1 319.153 110.059 27.5
1 320.595 111.502 27.5
1 322.043 112.95 27.5
1 323.495 114.402 27.5
1 324.938 115.845 27.5
1 326.381 117.288 27.5
1 327.833 118.74 27.5
1 329.298 120.205 27.5
1 330.742 121.648 27.5
1 332.193 123.1 27.5
1 333.646 124.553 27.5
1 335.089 125.996 27.5
1 336.541 127.448 27.5
1 337.984 128.891 27.5
1 339.427 130.334 27.5
1 340.895 131.802 27.5
1 342.332 133.238 27.5
1 343.774 134.681 27.5
1 345.241 136.148 27.5
1 346.683 137.59 27.5
1 348.135 139.042 27.5
1 349.578 140.484 27.5
1 351.02 141.927 27.5
1 352.481 143.388 27.5
1 353.924 144.831 27.5
1 355.366 146.273 27.5
1 356.823 147.73 27.5
1 358.266 149.173 27.5
1 359.71 150.617 27.5
1 361.16 152.067 27.5
1 362.604 153.51 27.5
1 364.063 154.97 27.5
1 365.513 156.42 27.5
1 366.956 157.863 27.5
1 368.409 159.315 27.5
1 369.859 160.766 27.5
1 371.303 162.209 27.5
1 372.746 163.652 27.5
1 374.197 165.104 27.5
1 375.651 166.558 27.5
1 377.093 168 27.5
1 378.544 169.451 27.5
1 379.993 170.9 27.5
1 381.436 172.343 27.5
1 382.886 173.793 27.5
1 384.33 175.236 27.5
1 385.773 176.68 27.5
1 387.245 178.152 27.5
1 388.687 179.594 27.5
1 390.137 181.044 27.5
1 391.581 182.487 27.5
1 393.023 183.93 27.5
1 394.485 185.391 27.5
1 395.927 186.834 27.5
1 397.369 188.276 27.5
1 398.83 189.737 27.5
1 400.272 191.179 27.5
1 401.716 192.623 27.5
1 403.167 194.074 27.5
1 404.609 195.516 27.5
1 406.068 196.975 27.5
1 407.519 198.426 27.5
1 408.962 199.869 27.5
1 410.421 201.328 27.5
1 411.872 202.779 27.5
1 413.316 204.222 27.5
2 414.759 6.5e-08 27.5
2 416.21 1.45159 27.5
2 417.659 2.89998 27.5
2 419.102 4.34374 27.5
2 420.552 5.79327 27.5
2 421.995 7.23673 27.5
2 423.437 8.67891 27.5
2 424.888 10.1293 27.5
2 426.331 11.5726 27.5
2 427.774 13.0151 27.5
2 429.241 14.4826 27.5
2 430.678 15.9194 27.5
2 432.121 17.3626 27.5
2 433.578 18.82 27.5
2 435.016 20.257 27.5
2 436.458 21.6995 27.5
2 437.915 23.1569 27.5
2 439.353 24.5943 27.5
2 440.796 26.0372 27.5
2 442.253 27.4946 27.5
2 443.711 28.953 27.5
2 445.162 30.4034 27.5
2 446.605 31.8465 27.5
2 448.059 33.3 27.5
2 449.51 34.7511 27.5
2 450.953 36.1948 27.5
2 452.396 37.6379 27.5
2 453.847 39.0886 27.5
2 455.311 40.5529 27.5
2 456.755 41.9965 27.5
2 458.207 43.4482 27.5
2 459.66 44.9011 27.5
2 461.103 46.344 27.5
2 462.553 47.7945 27.5
2 463.996 49.2372 27.5
2 465.44 50.681 27.5
2 466.899 52.1407 27.5
2 468.343 53.5844 27.5
2 469.786 55.027 27.5
2 471.252 56.4937 27.5
2 472.696 57.9374 27.5
2 474.133 59.3741 27.5
2 475.59 60.8316 27.5
2 477.034 62.2753 27.5
2 478.5 63.7411 27.5
2 479.943 65.1842 27.5
2 481.386 66.6276 27.5
2 482.843 68.0843 27.5
2 484.286 69.528 27.5
2 485.73 70.9714 27.5
2 487.181 72.4225 27.5
2 488.624 73.8657 27.5
2 490.084 75.3252 27.5
2 491.534 76.7753 27.5
2 492.977 78.2188 27.5
2 494.431 79.6727 27.5
2 495.881 81.123 27.5
2 497.325 82.5663 27.5
2 498.766 84.008 27.5
2 500.217 85.4587 27.5
2 501.671 86.9121 27.5
2 503.113 88.3546 27.5
2 504.564 89.8057 27.5
2 506.013 91.2541 27.5
2 507.456 92.6977 27.5
2 508.906 94.1476 27.5
2 510.349 95.5907 27.5
2 511.792 97.0339 27.5
2 513.243 98.4848 27.5
2 514.686 99.9277 27.5
2 516.143 101.385 27.5
2 517.592 102.834 27.5
2 519.029 104.271 27.5
2 520.483 105.724 27.5
2 521.934 107.175 27.5
2 523.377 108.618 27.5
2 524.838 110.08 27.5
2 526.281 111.523 27.5
2 527.725 112.966 27.5
2 529.186 114.427 27.5
2 530.629 115.871 27.5
2 532.073 117.314 27.5
2 533.523 118.764 27.5
2 534.966 120.208 27.5
2 536.415 121.656 27.5
2 537.866 123.108 27.5
2 539.309 124.55 27.5
2 540.773 126.014 27.5
2 542.224 127.465 27.5
2 543.667 128.908 27.5
2 545.109 130.35 27.5
2 546.56 131.802 27.5
2 548.013 133.255 27.5
2 549.456 134.698 27.5
2 550.908 136.149 27.5
2 552.36 137.601 27.5
2 553.803 139.045 27.5
2 555.253 140.495 27.5
2 556.696 141.938 27.5
2 558.139 143.381 27.5
2 559.59 144.832 27.5
2 561.034 146.275 27.5
2 562.477 147.718 27.5
2 563.948 149.19 27.5
2 565.391 150.632 27.5
2 566.842 152.084 27.5
2 568.285 153.527 27.5
2 569.728 154.969 27.5
2 571.19 156.431 27.5
2 572.632 157.873 27.5
2 574.075 159.316 27.5
2 575.527 160.768 27.5
2 576.97 162.211 27.5
2 578.422 163.664 27.5
2 579.874 165.116 27.5
2 581.317 166.558 27.5
2 582.76 168.002 27.5
2 584.211 169.452 27.5
2 585.67 170.911 27.5
2 587.113 172.354 27.5
2 588.563 173.805 27.5
2 590.021 175.263 27.5
2 591.464 176.706 27.5
2 592.916 178.157 27.5
2 594.359 179.601 27.5
2 595.801 181.043 27.5
2 597.269 182.511 27.5
2 598.707 183.948 27.5
2 600.149 185.391 27.5
2 601.622 186.863 27.5
2 603.065 188.307 27.5
2 604.517 189.758 27.5
2 605.959 191.2 27.5
2 607.402 192.643 27.5
2 608.858 194.1 27.5
2 610.302 195.543 27.5
2 611.744 196.986 27.5
2 613.217 198.458 27.5
2 614.66 199.901 27.5
2 616.103 201.345 27.5
2 617.554 202.796 27.5
2 618.998 204.239 27.5
3 620.452 1.06e-07 27.5
3 621.902 1.45038 27.5
3 623.345 2.89328 27.5
3 624.789 4.3368 27.5
3 626.24 5.78767 27.5
3 627.682 7.23057 27.5
3 629.126 8.67425 27.5
3 630.576 10.1245 27.5
3 632.025 11.5731 27.5
3 633.468 13.0162 27.5
3 634.919 14.4671 27.5
3 636.361 15.9093 27.5
3 637.805 17.3527 27.5
3 639.261 18.809 27.5
3 640.704 20.2524 27.5
3 642.147 21.6953 27.5
3 643.619 23.1668 27.5
3 645.061 24.6094 27.5
3 646.513 26.0611 27.5
3 647.956 27.5044 27.5
3 649.399 28.9474 27.5
3 650.861 30.4093 27.5
3 652.304 31.8521 27.5
3 653.747 33.2956 27.5
3 655.199 34.7472 27.5
3 656.643 36.1907 27.5
3 658.095 37.6435 27.5
3 659.553 39.101 27.5
3 660.99 40.538 27.5
3 662.448 41.9965 27.5
3 663.9 43.448 27.5
3 665.343 44.8915 27.5
3 666.786 46.3345 27.5
3 668.238 47.7859 27.5
3 669.691 49.2394 27.5
3 671.135 50.6828 27.5
3 672.587 52.1347 27.5
3 674.035 53.5835 27.5
3 675.479 55.0272 27.5
3 676.929 56.4775 27.5
3 678.373 57.9212 27.5
3 679.817 59.3651 27.5
3 681.289 60.8367 27.5
3 682.732 62.2802 27.5
3 684.183 63.731 27.5
3 685.636 65.1845 27.5
3 687.078 66.6265 27.5
3 688.529 68.0771 27.5
3 689.97 69.5184 27.5
3 691.412 70.9604 27.5
3 692.873 72.421 27.5
3 694.315 73.8631 27.5
3 695.759 75.3068 27.5
3 697.226 76.7742 27.5
3 698.669 78.2171 27.5
3 700.112 79.6605 27.5
3 701.563 81.1112 27.5
3 703.006 82.5539 27.5
3 704.465 84.0129 27.5
3 705.916 85.4644 27.5
3 707.36 86.9081 27.5
3 708.802 88.3506 27.5
3 710.253 89.8014 27.5
3 711.697 91.245 27.5
3 713.139 92.6876 27.5
3 714.59 94.1386 27.5
3 716.05 95.5983 27.5
3 717.487 97.0352 27.5
3 718.945 98.493 27.5
3 720.398 99.9466 27.5
3 721.849 101.397 27.5
3 723.293 102.841 27.5
3 724.736 104.284 27.5
3 726.186 105.734 27.5
3 727.64 107.188 27.5
3 729.083 108.632 27.5
3 730.533 110.082 27.5
3 731.992 111.541 27.5
3 733.429 112.977 27.5
3 734.885 114.434 27.5
3 736.328 115.877 27.5
3 737.765 117.314 27.5
3 739.238 118.786 27.5
3 740.681 120.229 27.5
3 742.124 121.672 27.5
3 743.58 123.128 27.5
3 745.023 124.571 27.5
3 746.465 126.013 27.5
3 747.917 127.465 27.5
3 749.36 128.908 27.5
3 750.807 130.355 27.5
3 752.258 131.806 27.5
3 753.701 133.249 27.5
3 755.143 134.691 27.5
3 756.593 136.141 27.5
3 758.036 137.584 27.5
3 759.478 139.027 27.5
3 760.929 140.478 27.5
3 762.383 141.931 27.5
3 763.825 143.373 27.5
3 765.282 144.83 27.5
3 766.719 146.267 27.5
3 768.162 147.71 27.5
3 769.619 149.167 27.5
3 771.056 150.604 27.5
3 772.499 152.047 27.5
3 773.971 153.519 27.5
3 775.415 154.963 27.5
3 776.865 156.414 27.5
3 778.308 157.856 27.5
3 779.751 159.299 27.5
3 781.207 160.755 27.5
3 782.648 162.196 27.5
3 784.09 163.638 27.5
3 785.541 165.089 27.5
3 786.984 166.532 27.5
3 788.437 167.985 27.5
3 789.887 169.435 27.5
3 791.33 170.878 27.5
3 792.789 172.337 27.5
3 794.24 173.788 27.5
3 795.682 175.231 27.5
3 797.125 176.673 27.5
3 798.575 178.123 27.5
3 800.033 179.582 27.5
3 801.476 181.025 27.5
3 802.928 182.476 27.5
3 804.375 183.923 27.5
3 805.817 185.365 27.5
3 807.268 186.816 27.5
3 808.711 188.259 27.5
3 810.153 189.701 27.5
3 811.62 191.168 27.5
3 813.057 192.605 27.5
3 814.499 194.047 27.5
3 815.966 195.515 27.5
3 817.409 196.957 27.5
3 818.859 198.408 27.5
3 820.302 199.851 27.5
3 821.745 201.293 27.5
3 823.207 202.755 27.5
3 824.649 204.197 27.5
4 826.091 7.7e-08 27.5
4 827.548 1.45666 27.5
4 828.991 2.89994 27.5
4 830.434 4.34275 27.5
4 831.884 5.793 27.5
4 833.328 7.23655 27.5
4 834.771 8.68004 27.5
4 836.221 10.1302 27.5
4 837.665 11.5738 27.5
4 839.108 13.0166 27.5
4 840.558 14.4673 27.5
4 842.007 15.9159 27.5
4 843.45 17.3594 27.5
4 844.901 18.8104 27.5
4 846.344 20.253 27.5
4 847.787 21.6962 27.5
4 849.254 23.1634 27.5
4 850.698 24.6064 27.5
4 852.141 26.0501 27.5
4 853.603 27.5114 27.5
4 855.045 28.9541 27.5
4 856.489 30.3978 27.5
4 857.939 31.8483 27.5
4 859.382 33.2912 27.5
4 860.836 34.7446 27.5
4 862.287 36.1954 27.5
4 863.729 37.6384 27.5
4 865.172 39.0808 27.5
4 866.622 40.5312 27.5
4 868.065 41.9741 27.5
4 869.508 43.4169 27.5
4 870.958 44.8674 27.5
4 872.406 46.3151 27.5
4 873.85 47.7587 27.5
4 875.3 49.2091 27.5
4 876.765 50.6735 27.5
4 878.215 52.1239 27.5
4 879.658 53.5667 27.5
4 881.1 55.009 27.5
4 882.552 56.4606 27.5
4 884.004 57.9134 27.5
4 885.447 59.3556 27.5
4 886.898 60.8067 27.5
4 888.35 62.2588 27.5
4 889.793 63.7024 27.5
4 891.245 65.1537 27.5
4 892.687 66.596 27.5
4 894.131 68.0399 27.5
4 895.598 69.5069 27.5
4 897.041 70.9499 27.5
4 898.484 72.3931 27.5
4 899.935 73.8441 27.5
4 901.378 75.287 27.5
4 902.837 76.7458 27.5
4 904.288 78.1972 27.5
4 905.731 79.6398 27.5
4 907.18 81.0887 27.5
4 908.631 82.5398 27.5
4 910.075 83.9835 27.5
4 911.518 85.4265 27.5
4 912.969 86.8782 27.5
4 914.434 88.343 27.5
4 915.886 89.7946 27.5
4 917.329 91.2383 27.5
4 918.782 92.6913 27.5
4 920.234 94.143 27.5
4 921.678 95.5866 27.5
4 923.12 97.029 27.5
4 924.572 98.4806 27.5
4 926.025 99.9338 27.5
4 927.468 101.377 27.5
4 928.925 102.834 27.5
4 930.378 104.287 27.5
4 931.821 105.73 27.5
4 933.273 107.182 27.5
4 934.716 108.624 27.5
4 936.159 110.068 27.5
4 937.621 111.529 27.5
4 939.064 112.973 27.5
4 940.507 114.416 27.5
4 941.962 115.871 27.5
4 943.406 117.315 27.5
4 944.849 118.758 27.5
4 946.301 120.21 27.5
4 947.745 121.654 27.5
4 949.188 123.097 27.5
4 950.639 124.548 27.5
4 952.083 125.992 27.5
4 953.526 127.435 27.5
4 954.978 128.886 27.5
4 956.421 130.33 27.5
4 957.864 131.773 27.5
4 959.316 133.225 27.5
4 960.776 134.685 27.5
4 962.214 136.123 27.5
4 963.67 137.579 27.5
4 965.124 139.033 27.5
4 966.575 140.484 27.5
4 968.019 141.928 27.5
4 969.463 143.371 27.5
4 970.914 144.823 27.5
4 972.367 146.276 27.5
4 973.811 147.72 27.5
4 975.262 149.171 27.5
4 976.721 150.63 27.5
4 978.165 152.074 27.5
4 979.616 153.525 27.5
4 981.06 154.969 27.5
4 982.504 156.413 27.5
4 983.971 157.88 27.5
4 985.413 159.322 27.5
4 986.856 160.765 27.5
4 988.314 162.223 27.5
4 989.757 163.666 27.5
4 991.201 165.11 27.5
4 992.652 166.561 27.5
4 994.095 168.004 27.5
4 995.538 169.447 27.5
4 996.989 170.898 27.5
4 998.432 172.341 27.5
4 999.876 173.784 27.5
4 1001.33 175.236 27.5
4 1002.77 176.68 27.5
4 1004.21 178.123 27.5
4 1005.67 179.574 27.5
4 1007.13 181.039 27.5
4 1008.58 182.491 27.5
4 1010.03 183.934 27.5
4 1011.47 185.377 27.5
4 1012.92 186.828 27.5
4 1014.37 188.283 27.5
4 1015.82 189.726 27.5
4 1017.27 191.178 27.5
4 1018.73 192.638 27.5
4 1020.17 194.075 27.5
4 1021.62 195.532 27.5
4 1023.07 196.976 27.5
4 1024.5 198.413 27.5
4 1025.97 199.88 27.5
4 1027.42 201.324 27.5
4 1028.86 202.767 27.5
4 1030.32 204.229 27.5
4 1031.76 205.673 27.5
4 1033.21 207.116 27.5
5 1034.66 7.2e-08 27.5
5 1036.1 1.44389 27.5
5 1037.55 2.89201 27.5
5 1039 4.34316 27.5
5 1040.45 5.78673 27.5
5 1041.89 7.2308 27.5
5 1043.34 8.68263 27.5
5 1044.78 10.1256 27.5
5 1046.23 11.5695 27.5
5 1047.68 13.0214 27.5
5 1049.15 14.4864 27.5
5 1050.6 15.9366 27.5
5 1052.04 17.3804 27.5
5 1053.48 18.8234 27.5
5 1054.93 20.2745 27.5
5 1056.38 21.723 27.5
5 1057.82 23.1653 27.5
5 1059.28 24.6164 27.5
5 1060.73 26.0698 27.5
5 1062.17 27.5132 27.5
5 1063.62 28.9641 27.5
5 1065.07 30.4063 27.5
5 1066.51 31.8504 27.5
5 1067.98 33.3165 27.5
5 1069.42 34.7601 27.5
5 1070.86 36.2038 27.5
5 1072.32 37.6653 27.5
5 1073.77 39.1084 27.5
5 1075.21 40.5518 27.5
5 1076.66 42.0021 27.5
5 1078.1 43.4457 27.5
5 1079.55 44.8949 27.5
5 1081.01 46.3466 27.5
5 1082.45 47.7903 27.5
5 1083.89 49.2327 27.5
5 1085.34 50.6837 27.5
5 1086.8 52.1369 27.5
5 1088.24 53.5795 27.5
5 1089.7 55.0372 27.5
5 1091.15 56.4899 27.5
5 1092.6 57.9409 27.5
5 1094.04 59.3845 27.5
5 1095.49 60.8276 27.5
5 1096.94 62.2787 27.5
5 1098.39 63.732 27.5
5 1099.83 65.1744 27.5
5 1101.28 66.6261 27.5
5 1102.73 68.0745 27.5
5 1104.18 69.5174 27.5
5 1105.63 70.9678 27.5
5 1107.07 72.4113 27.5
5 1108.51 73.8546 27.5
5 1109.99 75.3262 27.5
5 1111.43 76.7685 27.5
5 1112.87 78.212 27.5
5 1114.33 79.6733 27.5
5 1115.78 81.1163 27.5
5 1117.22 82.5594 27.5
5 1118.67 84.011 27.5
5 1120.11 85.4539 27.5
5 1121.56 86.9023 27.5
5 1123.01 88.3527 27.5
5 1124.46 89.7963 27.5
5 1125.9 91.2385 27.5
5 1127.35 92.6899 27.5
5 1128.79 94.1327 27.5
5 1130.23 95.5751 27.5
5 1131.68 97.0261 27.5
5 1133.14 98.4789 27.5
5 1134.58 99.9211 27.5
5 1136.03 101.372 27.5
5 1137.49 102.83 27.5
5 1138.94 104.282 27.5
5 1140.38 105.725 27.5
5 1141.83 107.168 27.5
5 1143.28 108.619 27.5
5 1144.72 110.061 27.5
5 1146.16 111.504 27.5
5 1147.62 112.96 27.5
5 1149.06 114.403 27.5
5 1150.5 115.845 27.5
5 1151.97 117.306 27.5
5 1153.41 118.749 27.5
5 1154.85 120.192 27.5
5 1156.31 121.649 27.5
5 1157.75 123.092 27.5
5 1159.19 124.534 27.5
5 1160.64 125.985 27.5
5 1162.09 127.428 27.5
5 1163.54 128.881 27.5
5 1165 130.337 27.5
5 1166.44 131.78 27.5
5 1167.89 133.233 27.5
5 1169.34 134.684 27.5
5 1170.79 136.126 27.5
5 1172.23 137.568 27.5
5 1173.68 139.019 27.5
5 1175.13 140.471 27.5
5 1176.57 141.915 27.5
5 1178.03 143.366 27.5
5 1179.47 144.814 27.5
5 1180.92 146.256 27.5
5 1182.37 147.707 27.5
5 1183.81 149.15 27.5
5 1185.25 150.592 27.5
5 1186.72 152.064 27.5
5 1188.17 153.507 27.5
5 1189.61 154.95 27.5
5 1191.06 156.401 27.5
5 1192.5 157.844 27.5
5 1193.95 159.288 27.5
5 1195.4 160.738 27.5
5 1196.84 162.181 27.5
5 1198.3 163.642 27.5
5 1199.74 165.085 27.5
5 1201.19 166.527 27.5
5 1202.64 167.978 27.5
5 1204.08 169.421 27.5
5 1205.53 170.873 27.5
5 1206.98 172.324 27.5
5 1208.43 173.767 27.5
5 1209.88 175.219 27.5
5 1211.34 176.676 27.5
5 1212.77 178.113 27.5
5 1214.22 179.556 27.5
5 1215.67 181.008 27.5
5 1217.13 182.466 27.5
5 1218.57 183.91 27.5
5 1220.02 185.36 27.5
5 1221.46 186.803 27.5
5 1222.91 188.247 27.5
5 1224.37 189.713 27.5
5 1225.81 191.156 27.5
5 1227.26 192.599 27.5
5 1228.71 194.055 27.5
5 1230.16 195.499 27.5
5 1231.6 196.942 27.5
5 1233.05 198.392 27.5
5 1234.49 199.836 27.5
5 1235.94 201.279 27.5
5 1237.39 202.73 27.5
5 1238.83 204.173 27.5
5 1240.27 205.616 27.5
5 1241.73 207.066 27.5
6 1243.17 9.8e-08 27.5
6 1244.61 1.44209 27.5
6 1246.06 2.8932 27.5
6 1247.5 4.33626 27.5
6 1248.95 5.77846 27.5
6 1250.4 7.22992 27.5
6 1251.84 8.67338 27.5
6 1253.28 10.1156 27.5
6 1254.74 11.572 27.5
6 1256.18 13.0148 27.5
6 1257.63 14.4577 27.5
6 1259.09 15.9244 27.5
6 1260.54 17.3681 27.5
6 1261.98 18.8111 27.5
6 1263.43 20.2619 27.5
6 1264.87 21.7051 27.5
6 1266.34 23.1713 27.5
6 1267.78 24.6134 27.5
6 1269.22 26.0562 27.5
6 1270.68 27.5128 27.5
6 1272.12 28.9564 27.5
6 1273.57 30.3999 27.5
6 1275.02 31.8502 27.5
6 1276.46 33.294 27.5
6 1277.91 34.737 27.5
6 1279.36 36.1876 27.5
6 1280.8 37.6306 27.5
6 1282.25 39.0786 27.5
6 1283.7 40.5296 27.5
6 1285.14 41.9723 27.5
6 1286.58 43.4152 27.5
6 1288.03 44.8657 27.5
6 1289.5 46.3291 27.5
6 1290.94 47.7712 27.5
6 1292.39 49.2224 27.5
6 1293.83 50.6648 27.5
6 1295.28 52.1077 27.5
6 1296.74 53.569 27.5
6 1298.18 55.0118 27.5
6 1299.62 56.4546 27.5
6 1301.08 57.9161 27.5
6 1302.53 59.3581 27.5
6 1303.97 60.8015 27.5
6 1305.42 62.2516 27.5
6 1306.86 63.6943 27.5
6 1308.31 65.1429 27.5
6 1309.77 66.6002 27.5
6 1311.2 68.0366 27.5
6 1312.66 69.49 27.5
6 1314.11 70.9406 27.5
6 1315.55 72.384 27.5
6 1317 73.8274 27.5
6 1318.45 75.2777 27.5
6 1319.9 76.7312 27.5
6 1321.35 78.1814 27.5
6 1322.79 79.6244 27.5
6 1324.24 81.0678 27.5
6 1325.69 82.5182 27.5
6 1327.13 83.9611 27.5
6 1328.57 85.4048 27.5
6 1330.02 86.8552 27.5
6 1331.47 88.3037 27.5
6 1332.91 89.7467 27.5
6 1334.37 91.1984 27.5
6 1335.81 92.6409 27.5
6 1337.25 94.0837 27.5
6 1338.72 95.5516 27.5
6 1340.16 96.9893 27.5
6 1341.6 98.4326 27.5
6 1343.06 99.8895 27.5
6 1344.49 101.326 27.5
6 1345.95 102.785 27.5
6 1347.4 104.236 27.5
6 1348.85 105.678 27.5
7 1350.29 9.2e-08 27.5
7 1351.74 1.45081 27.5
7 1353.18 2.8936 27.5
7 1354.63 4.33715 27.5
7 1356.08 5.78805 27.5
7 1357.54 7.24633 27.5
7 1358.98 8.68843 27.5
7 1360.43 10.1394 27.5
7 1361.87 11.5828 27.5
7 1363.31 13.0254 27.5
7 1364.78 14.4928 27.5
7 1366.22 15.9296 27.5
7 1367.66 17.3724 27.5
7 1369.12 18.8298 27.5
7 1370.56 20.2667 27.5
7 1372 21.7094 27.5
7 1373.46 23.1662 27.5
7 1374.89 24.603 27.5
7 1376.35 26.0561 27.5
7 1377.8 27.5067 27.5
7 1379.24 28.9497 27.5
7 1380.68 30.393 27.5
7 1382.13 31.8432 27.5
7 1383.59 33.3014 27.5
7 1385.04 34.753 27.5
7 1386.48 36.1949 27.5
7 1387.93 37.6371 27.5
7 1389.38 39.0882 27.5
7 1390.82 40.5358 27.5
7 1392.27 41.9778 27.5
7 1393.72 43.4292 27.5
7 1395.16 44.8726 27.5
7 1396.6 46.3145 27.5
7 1398.08 47.7865 27.5
7 1399.52 49.2292 27.5
7 1400.96 50.6729 27.5
7 1402.42 52.1336 27.5
8 1403.87 7e-08 27.5
8 1405.31 1.44372 27.5
8 1406.76 2.89447 27.5
8 1408.2 4.33791 27.5
8 1409.65 5.78185 27.5
8 1411.1 7.23273 27.5
8 1412.54 8.67568 27.5
8 1413.98 10.1186 27.5
8 1415.43 11.569 27.5
8 1416.88 13.0174 27.5
8 1418.33 14.4606 27.5
8 1419.78 15.9126 27.5
8 1421.23 17.3608 27.5
8 1422.67 18.8046 27.5
8 1424.12 20.2547 27.5
8 1425.56 21.6983 27.5
8 1427.01 23.1427 27.5
8 1428.48 24.6142 27.5
8 1429.92 26.0573 27.5
8 1431.38 27.5092 27.5
9 1432.82 9.5e-08 27.5
9 1434.27 1.44365 27.5
9 1435.72 2.89533 27.5
9 1437.16 4.33801 27.5
9 1438.61 5.78105 27.5
9 1440.06 7.23258 27.5
9 1441.5 8.67533 27.5
9 1442.94 10.1183 27.5
9 1444.39 11.5706 27.5
9 1445.84 13.0135 27.5
10 1447.29 9.9e-08 27.5
10 1448.74 1.45038 27.5
10 1450.18 2.8939 27.5
10 1451.62 4.33694 27.5
10 1453.07 5.78787 27.5
10 1454.52 7.23633 27.5
11 1455.96 7.3e-08 27.5
11 1457.41 1.44949 28
11 1458.86 2.89158 28
11 1460.3 4.33391 28
12 1461.75 6.1e-08 28
12 1463.19 1.44416 28
13 1464.64 7e-08 28
13 1466.11 1.47163 28
14 1467.55 6.2e-08 28
14 1468.99 1.44286 28
15 1470.45 7.7e-08 28
16 1471.89 7.4e-08 28
16 1473.34 1.45394 28
17 1474.79 7.2e-08 28.5
18 1476.24 7e-08 28
19 1477.68 6.1e-08 28.5
19 1479.13 1.45141 28.5
20 1480.57 6.2e-08 28.5
21 1482.02 6.6e-08 28.5
22 1483.57 1.56e-07 28.5
22 1485.03 1.46077 28.5
23 1486.47 5.9e-08 28.5
24 1487.92 8.2e-08 28
24 1489.37 1.45225 28.5
25 1490.81 6.6e-08 28
26 1492.35 1.58e-07 28.5
26 1493.79 1.43355 28
27 1495.43 1.34e-07 28.5
27 1496.87 1.43719 28
28 1499.63 1.45e-07 28.5
28 1501.07 1.44012 28
29 1506.21 1.41e-07 28.5
29 1507.66 1.44992 28
