        type trial_config ert_flop   unroll  buffers        nsize       trials       microsecs        bytes        flops         GB/s         GF/s
 signed_char    coalesced      512        2        2            4     16777216    53189716.716    134217728  34359738368        0.003        0.646
 signed_char    coalesced      512        2        2            8     16777216    53561244.239    268435456  68719476736        0.005        1.283
 signed_char    coalesced      512        2        2           16     16777216    53911312.678    536870912 137438953472        0.010        2.549
 signed_char    coalesced      512        2        2           32     16777216    54592119.595   1073741824 274877906944        0.020        5.035
 signed_char    coalesced      512        2        2           64     16777216    56111776.510   2147483648 549755813888        0.038        9.798
 signed_char    coalesced      512        2        2          128     16777216    58691636.087   4294967296 1099511627776        0.073       18.734
 signed_char    coalesced      512        2        2          256     16777216    62346437.196   8589934592 2199023255552        0.138       35.271
 signed_char    coalesced      512        2        2          512     16777216    65909085.250  17179869184 4398046511104        0.261       66.729
 signed_char    coalesced      512        2        2         1024      8388608    37407923.974  17179869184 4398046511104        0.459      117.570
 signed_char    coalesced      512        2        2         2048      4194304    22770151.679  17179869184 4398046511104        0.754      193.150
 signed_char    coalesced      512        2        2         4096      2097152    15622168.443  17179869184 4398046511104        1.100      281.526
 signed_char    coalesced      512        2        2         8192      1048576    11917892.664  17179869184 4398046511104        1.442      369.029
 signed_char    coalesced      512        2        2        16384       524288    10091395.437  17179869184 4398046511104        1.702      435.821
 signed_char    coalesced      512        2        2        32768       262144     9202521.772  17179869184 4398046511104        1.867      477.918
 signed_char    coalesced      512        2        2        65536       131072     8737059.676  17179869184 4398046511104        1.966      503.378
 signed_char    coalesced      512        2        2       131072        65536     8516360.851  17179869184 4398046511104        2.017      516.423
 signed_char    coalesced      512        2        2       262144        32768     8404116.404  17179869184 4398046511104        2.044      523.321
 signed_char    coalesced      512        2        2       524288        16384     8347290.270  17179869184 4398046511104        2.058      526.883
 signed_char    coalesced      512        2        2      1048576         8192     8319139.238  17179869184 4398046511104        2.065      528.666
 signed_char    coalesced      512        2        2      2097152         4096     8305122.880  17179869184 4398046511104        2.069      529.558
 signed_char    coalesced      512        2        2      4194304         2048     8298128.871  17179869184 4398046511104        2.070      530.005
 signed_char    coalesced      512        2        2      8388608         1024     8294521.110  17179869184 4398046511104        2.071      530.235
 signed_char    coalesced      512        2        2     16777216          512     8292761.735  17179869184 4398046511104        2.072      530.348
 signed_char    coalesced      512        2        2     33554432          256     8291933.446  17179869184 4398046511104        2.072      530.401
 signed_char    coalesced      512        2        2     67108864          128     8291620.335  17179869184 4398046511104        2.072      530.421
 signed_char    coalesced      512        2        2    134217728           64     8291430.269  17179869184 4398046511104        2.072      530.433
 signed_char    coalesced      512        2        2    268435456           32     8291208.067  17179869184 4398046511104        2.072      530.447
 signed_char    coalesced      512        2        2    536870912           16     8291177.754  17179869184 4398046511104        2.072      530.449
 signed_char    coalesced      512        2        2   1073741824            8     8291012.733  17179869184 4398046511104        2.072      530.460
 signed_char    coalesced      512        2        2   2147483648            4     8291257.816  17179869184 4398046511104        2.072      530.444
 signed_char    coalesced      512        2        2   4294967296            2     8291293.031  17179869184 4398046511104        2.072      530.442
 signed_char    coalesced      512        2        2   8588886016            1     8290053.304  17177772032 4397509640192        2.072      530.456
