        type trial_config ert_flop   unroll  buffers        nsize       trials       microsecs        bytes        flops         GB/s         GF/s
      double    coalesced       16       16        1          128     16777216    22104987.413   4294967296   4294967296        0.194        0.194
      double    coalesced       16       16        1          256     16777216    22574024.879   8589934592   8589934592        0.381        0.381
      double    coalesced       16       16        1          512      8388608    11804622.029   8589934592   8589934592        0.728        0.728
      double    coalesced       16       16        1         1024      4194304     6053045.073   8589934592   8589934592        1.419        1.419
      double    coalesced       16       16        1         2048      2097152     3273528.444   8589934592   8589934592        2.624        2.624
      double    coalesced       16       16        1         4096      1048576     1783099.206   8589934592   8589934592        4.817        4.817
      double    coalesced       16       16        1         8192       524288     1023162.726   8589934592   8589934592        8.395        8.395
      double    coalesced       16       16        1        16384       262144      682229.106   8589934592   8589934592       12.591       12.591
      double    coalesced       16       16        1        32768       131072      489505.096   8589934592   8589934592       17.548       17.548
      double    coalesced       16       16        1        65536        65536      393705.029   8589934592   8589934592       21.818       21.818
      double    coalesced       16       16        1       131072        32768      349013.925   8589934592   8589934592       24.612       24.612
      double    coalesced       16       16        1       262144        16384      329825.545   8589934592   8589934592       26.044       26.044
      double    coalesced       16       16        1       524288         8192      319972.623   8589934592   8589934592       26.846       26.846
      double    coalesced       16       16        1      1048576         4096      316766.716   8589934592   8589934592       27.118       27.118
      double    coalesced       16       16        1      2097152         2048      314455.834   8589934592   8589934592       27.317       27.317
      double    coalesced       16       16        1      4194304         1024      313261.758   8589934592   8589934592       27.421       27.421
      double    coalesced       16       16        1      8388608          512      312719.611   8589934592   8589934592       27.468       27.468
      double    coalesced       16       16        1     16777216          256      312397.719   8589934592   8589934592       27.497       27.497
      double    coalesced       16       16        1     33554432          128      312303.156   8589934592   8589934592       27.505       27.505
      double    coalesced       16       16        1     67108864           64      312208.568   8589934592   8589934592       27.513       27.513
      double    coalesced       16       16        1    134217728           32      312155.427   8589934592   8589934592       27.518       27.518
      double    coalesced       16       16        1    268435456           16      312186.767   8589934592   8589934592       27.515       27.515
      double    coalesced       16       16        1    536870912            8      312130.993   8589934592   8589934592       27.520       27.520
      double    coalesced       16       16        1   1073741824            4      312181.716   8589934592   8589934592       27.516       27.516
      double    coalesced       16       16        1   2147483648            2      312126.700   8589934592   8589934592       27.521       27.521
      double    coalesced       16       16        1   4293918720            1      312080.421   8587837440   8587837440       27.518       27.518
