0 3.09163 1.46e-07 20.5
0 5.98715 2.89551 20.5
0 7.43147 4.33984 20.5
1 8.89024 6.8e-08 20.5
1 10.3332 1.44296 20.5
1 11.7827 2.89244 20.5
1 13.2253 4.33505 20.5
1 14.6667 5.77649 20.5
2 16.1177 6.8e-08 20.5
2 17.5666 1.44895 20.5
2 19.0101 2.89246 20.5
2 20.472 4.35429 20.5
3 21.9126 6.9e-08 20.5
3 23.3523 1.43973 20.5
3 24.8031 2.89056 20.5
3 26.2588 4.34622 20.5
3 27.7093 5.79669 20.5
4 29.1533 1.29e-07 20.5
4 30.5971 1.44376 20.5
4 32.0588 2.90544 20.5
4 33.5033 4.34997 20.5
4 34.9525 5.79916 20.5
5 36.4051 1.22e-07 20.5
5 37.8489 1.44381 20.5
5 39.2929 2.8878 20.5
5 40.7555 4.35038 20.5
5 42.1998 5.79475 20.5
5 43.6574 7.25231 20.5
5 45.1056 8.7005 20.5
6 46.5493 9.3e-08 20.5
6 48.0009 1.45157 20.5
6 49.4443 2.89503 20.5
6 50.8922 4.34294 20.5
7 52.3401 7.2e-08 21
7 53.7837 1.44358 21
7 55.2452 2.90509 21
8 56.6932 9.5e-08 21
8 58.1328 1.43963 21
9 59.5845 1.26e-07 21
9 61.0276 1.44309 21
10 62.4711 6.2e-08 21
11 63.9276 6.1e-08 21
12 65.3702 5.7e-08 21
13 66.8127 7.2e-08 21
13 68.2641 1.45139 21
14 69.7059 6.9e-08 21
15 71.1487 5.3e-08 21
16 72.6 6e-08 21
17 74.0446 6.3e-08 21
18 75.4904 6.6e-08 21
18 76.9414 1.45093 21
19 78.3831 6.8e-08 21
20 79.8328 7.3e-08 21
21 81.2759 6.9e-08 21
22 82.7191 6.6e-08 21
23 84.1687 5.8e-08 21
23 85.6119 1.44322 21
24 87.055 6.1e-08 21
25 88.5119 6e-08 21
26 90.2534 9.8e-08 21
26 91.7043 1.45088 20.5
27 93.1477 8.8e-08 21
27 94.592 1.4443 21
28 97.2425 1.54e-07 21
28 98.6857 1.44315 21
29 103.54 1.44e-07 21
29 104.982 1.44227 20.5
