0 6.80644 9e-08 21.5
0 9.69802 2.89158 21.5
0 11.1401 4.3337 21.5
0 12.5837 5.77727 21.5
0 14.0398 7.23335 21.5
0 15.4834 8.67699 21.5
1 16.9337 1.03e-07 21.5
1 18.3757 1.44207 21.5
1 19.8196 2.88596 21.5
1 21.269 4.33536 21.5
1 22.7117 5.77804 21.5
1 24.1704 7.23675 21.5
1 25.6243 8.6906 21.5
1 27.0673 10.1336 21.5
2 28.5098 8.1e-08 21.5
2 29.9611 1.4513 21.5
2 31.4199 2.91009 21.5
2 32.8768 4.367 21.5
2 34.3198 5.81004 21.5
2 35.7613 7.25145 21.5
2 37.2274 8.71757 21.5
2 38.6808 10.171 22
3 40.1271 1.36e-07 22
3 41.5882 1.46113 22
3 43.0318 2.90465 22
3 44.4835 4.35642 22
3 45.9319 5.80477 22
3 47.3735 7.24635 22
3 48.8344 8.70734 22
3 50.2776 10.1505 22
4 51.7216 8.3e-08 22
4 53.184 1.4624 22
4 54.6333 2.91171 22
4 56.0951 4.3735 22
5 57.5392 1.1e-07 22.5
5 58.9825 1.44332 22.5
5 60.4384 2.89924 22.5
6 61.8914 8.5e-08 22.5
7 63.3406 4e-08 23.5
8 64.7966 7.3e-08 24.5
9 66.2409 6.2e-08 25
11 67.69 6.4e-08 25
13 69.1518 1.2e-07 25
16 70.6015 7e-08 25
18 72.0629 6.3e-08 25
20 73.5074 1.11e-07 25
22 75.1522 1.14e-07 22
23 76.6159 7.9e-08 22
24 78.0647 4.9e-08 22
25 80.709 1.48e-07 22
26 85.051 1.47e-07 22
27 93.6981 1.54e-07 22
