        type trial_config ert_flop   unroll  buffers        nsize       trials       microsecs        bytes        flops         GB/s         GF/s
        long    coalesced        1        1        2           16     16777216     5951703.109    536870912     33554432        0.090        0.006
        long    coalesced        1        1        2           32     16777216     6235121.969   1073741824     67108864        0.172        0.011
        long    coalesced        1        1        2           64     16777216     6546799.070   2147483648    134217728        0.328        0.021
        long    coalesced        1        1        2          128     16777216     7274198.741   4294967296    268435456        0.590        0.037
        long    coalesced        1        1        2          256     16777216     8576181.133   8589934592    536870912        1.002        0.063
        long    coalesced        1        1        2          512     16777216    10474657.300  17179869184   1073741824        1.640        0.103
        long    coalesced        1        1        2         1024      8388608     6546786.807  17179869184   1073741824        2.624        0.164
        long    coalesced        1        1        2         2048      4194304     4091891.778  17179869184   1073741824        4.199        0.262
        long    coalesced        1        1        2         4096      2097152     3117681.921  17179869184   1073741824        5.510        0.344
        long    coalesced        1        1        2         8192      1048576     2547448.789  17179869184   1073741824        6.744        0.421
        long    coalesced        1        1        2        16384       524288     2271335.684  17179869184   1073741824        7.564        0.473
        long    coalesced        1        1        2        32768       262144     2046163.171  17179869184   1073741824        8.396        0.525
        long    coalesced        1        1        2        65536       131072     2046194.950  17179869184   1073741824        8.396        0.525
        long    coalesced        1        1        2       131072        65536     2020950.213  17179869184   1073741824        8.501        0.531
        long    coalesced        1        1        2       262144        32768     2003240.041  17179869184   1073741824        8.576        0.536
        long    coalesced        1        1        2       524288        16384     1994797.508  17179869184   1073741824        8.612        0.538
        long    coalesced        1        1        2      1048576         8192     1990531.935  17179869184   1073741824        8.631        0.539
        long    coalesced        1        1        2      2097152         4096     1988496.516  17179869184   1073741824        8.640        0.540
        long    coalesced        1        1        2      4194304         2048     1987426.282  17179869184   1073741824        8.644        0.540
        long    coalesced        1        1        2      8388608         1024     1986995.856  17179869184   1073741824        8.646        0.540
        long    coalesced        1        1        2     16777216          512     1986668.260  17179869184   1073741824        8.648        0.540
        long    coalesced        1        1        2     33554432          256     1986542.390  17179869184   1073741824        8.648        0.541
        long    coalesced        1        1        2     67108864          128     1986481.913  17179869184   1073741824        8.648        0.541
        long    coalesced        1        1        2    134217728           64     1986408.890  17179869184   1073741824        8.649        0.541
        long    coalesced        1        1        2    268435456           32     1986393.635  17179869184   1073741824        8.649        0.541
        long    coalesced        1        1        2    536870912           16     1986388.175  17179869184   1073741824        8.649        0.541
        long    coalesced        1        1        2   1073741824            8     1986405.805  17179869184   1073741824        8.649        0.541
        long    coalesced        1        1        2   2147483648            4     1986369.008  17179869184   1073741824        8.649        0.541
        long    coalesced        1        1        2   4294967296            2     1986433.935  17179869184   1073741824        8.649        0.541
        long    coalesced        1        1        2   8588886016            1     1986107.160  17177772032   1073610752        8.649        0.541
