        type trial_config ert_flop   unroll  buffers        nsize       trials       microsecs        bytes        flops         GB/s         GF/s
       float    coalesced        2        4        1           16     16777216     5951415.843    536870912    134217728        0.090        0.023
       float    coalesced        2        4        1           32     16777216     6080011.253   1073741824    268435456        0.177        0.044
       float    coalesced        2        4        1           64     16777216     6234765.398   2147483648    536870912        0.344        0.086
       float    coalesced        2        4        1          128     16777216     6891046.709   4294967296   1073741824        0.623        0.156
       float    coalesced        2        4        1          256     16777216     8183086.178   8589934592   2147483648        1.050        0.262
       float    coalesced        2        4        1          512      8388608     5035845.674   8589934592   2147483648        1.706        0.426
       float    coalesced        2        4        1         1024      4194304     3119581.958   8589934592   2147483648        2.754        0.688
       float    coalesced        2        4        1         2048      2097152     2041271.779   8589934592   2147483648        4.208        1.052
       float    coalesced        2        4        1         4096      1048576     1444190.627   8589934592   2147483648        5.948        1.487
       float    coalesced        2        4        1         8192       524288     1169130.669   8589934592   2147483648        7.347        1.837
       float    coalesced        2        4        1        16384       262144     1023024.789   8589934592   2147483648        8.397        2.099
       float    coalesced        2        4        1        32768       131072      962831.659   8589934592   2147483648        8.922        2.230
       float    coalesced        2        4        1        65536        65536      909330.156   8589934592   2147483648        9.446        2.362
       float    coalesced        2        4        1       131072        32768      886627.565   8589934592   2147483648        9.688        2.422
       float    coalesced        2        4        1       262144        16384      873806.132   8589934592   2147483648        9.830        2.458
       float    coalesced        2        4        1       524288         8192      867768.714   8589934592   2147483648        9.899        2.475
       float    coalesced        2        4        1      1048576         4096      863171.006   8589934592   2147483648        9.952        2.488
       float    coalesced        2        4        1      2097152         2048      863202.158   8589934592   2147483648        9.951        2.488
       float    coalesced        2        4        1      4194304         1024      862241.679   8589934592   2147483648        9.962        2.491
       float    coalesced        2        4        1      8388608          512      861839.423   8589934592   2147483648        9.967        2.492
       float    coalesced        2        4        1     16777216          256      861694.627   8589934592   2147483648        9.969        2.492
       float    coalesced        2        4        1     33554432          128      861576.207   8589934592   2147483648        9.970        2.493
       float    coalesced        2        4        1     67108864           64      861560.888   8589934592   2147483648        9.970        2.493
       float    coalesced        2        4        1    134217728           32      861587.321   8589934592   2147483648        9.970        2.492
       float    coalesced        2        4        1    268435456           16      861513.437   8589934592   2147483648        9.971        2.493
       float    coalesced        2        4        1    536870912            8      861514.358   8589934592   2147483648        9.971        2.493
       float    coalesced        2        4        1   1073741824            4      861484.367   8589934592   2147483648        9.971        2.493
       float    coalesced        2        4        1   2147483648            2      861438.229   8589934592   2147483648        9.972        2.493
       float    coalesced        2        4        1   4293918720            1      861237.946   8587837440   2146959360        9.972        2.493
