        type trial_config ert_flop   unroll  buffers        nsize       trials       microsecs        bytes        flops         GB/s         GF/s
       float    coalesced       93       16        2          128     16777216    20673190.306   4294967296  49928994816        0.208        2.415
       float    coalesced       93       16        2          256     16777216    20705135.861   8589934592  99857989632        0.415        4.823
       float    coalesced       93       16        2          512     16777216    21821631.185  17179869184 199715979264        0.787        9.152
       float    coalesced       93       16        2         1024      8388608    11101251.518  17179869184 199715979264        1.548       17.990
       float    coalesced       93       16        2         2048      4194304     5951605.524  17179869184 199715979264        2.887       33.557
       float    coalesced       93       16        2         4096      2097152     3182857.159  17179869184 199715979264        5.398       62.747
       float    coalesced       93       16        2         8192      1048576     1818891.023  17179869184 199715979264        9.445      109.801
       float    coalesced       93       16        2        16384       524288     1169462.299  17179869184 199715979264       14.690      170.776
       float    coalesced       93       16        2        32768       262144      819981.629  17179869184 199715979264       20.952      243.562
       float    coalesced       93       16        2        65536       131072      661991.358  17179869184 199715979264       25.952      301.690
       float    coalesced       93       16        2       131072        65536      592189.004  17179869184 199715979264       29.011      337.250
       float    coalesced       93       16        2       262144        32768      578417.647  17179869184 199715979264       29.701      345.280
       float    coalesced       93       16        2       524288        16384      569280.664  17179869184 199715979264       30.178      350.822
       float    coalesced       93       16        2      1048576         8192      563938.463  17179869184 199715979264       30.464      354.145
       float    coalesced       93       16        2      2097152         4096      560994.658  17179869184 199715979264       30.624      356.003
       float    coalesced       93       16        2      4194304         2048      559774.697  17179869184 199715979264       30.691      356.779
       float    coalesced       93       16        2      8388608         1024      559211.116  17179869184 199715979264       30.722      357.139
       float    coalesced       93       16        2     16777216          512      558848.510  17179869184 199715979264       30.742      357.371
       float    coalesced       93       16        2     33554432          256      558704.788  17179869184 199715979264       30.749      357.462
       float    coalesced       93       16        2     67108864          128      558664.578  17179869184 199715979264       30.752      357.488
       float    coalesced       93       16        2    134217728           64      558632.062  17179869184 199715979264       30.753      357.509
       float    coalesced       93       16        2    268435456           32      558645.129  17179869184 199715979264       30.753      357.501
       float    coalesced       93       16        2    536870912           16      558623.438  17179869184 199715979264       30.754      357.515
       float    coalesced       93       16        2   1073741824            8      558596.630  17179869184 199715979264       30.755      357.532
       float    coalesced       93       16        2   2147483648            4      558557.615  17179869184 199715979264       30.758      357.557
       float    coalesced       93       16        2   4294967296            2      558591.459  17179869184 199715979264       30.756      357.535
       float    coalesced       93       16        2   8588886016            1      558455.122  17177772032 199691599872       30.759      357.579
