0 3.35245 8.8e-08 21
0 6.24914 2.89669 21
0 7.6892 4.33675 21
0 9.14667 5.79422 21
0 10.5918 7.23934 21
1 12.0318 7.4e-08 21
1 13.4822 1.45043 21
1 14.9236 2.89187 21
1 16.3661 4.33431 21
1 17.8169 5.78514 21
2 19.2591 6e-08 21
2 20.7026 1.44348 21
2 22.1651 2.90607 21
2 23.6128 4.35376 21
2 25.0842 5.82512 21
2 26.5319 7.27278 21
3 27.9747 6.7e-08 21
3 29.4312 1.45645 21
3 30.8901 2.91536 21.5
4 32.3567 9e-08 21.5
5 33.7993 5.9e-08 22
6 35.2519 9e-08 23.5
9 36.7026 5.9e-08 24
13 38.1453 6.5e-08 24
17 39.5868 6.5e-08 24
21 41.0432 5.7e-08 21.5
23 42.6861 1.56e-07 21
24 44.228 1.24e-07 21.5
25 46.969 1.44e-07 21.5
26 52.0145 1.45e-07 21
