0 6.55339 9.1e-08 21
0 9.44551 2.89212 21
0 10.888 4.33457 21
0 12.3361 5.78269 21
0 13.78 7.22659 21
0 15.2239 8.6705 21
0 16.6838 10.1304 21
0 18.1272 11.5738 21
0 19.5789 13.0255 21
1 21.0221 8.6e-08 21
1 22.4629 1.4408 21
1 23.9143 2.89227 21
1 25.36 4.33793 21
1 26.8013 5.77925 21
1 28.2585 7.23641 21
1 29.7013 8.67924 21
1 31.1472 10.1251 21
1 32.5961 11.5741 21
2 34.04 7.9e-08 21
2 35.4848 1.44476 21
2 36.9346 2.89456 21
2 38.3793 4.33931 21
2 39.8256 5.78556 21
2 41.2925 7.25252 21
2 42.7409 8.70091 21
2 44.2069 10.1668 21
2 45.6647 11.6247 21
3 47.113 8.5e-08 21
3 48.5806 1.46763 21
3 50.0289 2.91589 21
3 51.4793 4.36629 21
3 52.9217 5.8087 21
3 54.3654 7.25243 21
3 55.8211 8.70813 21
3 57.2743 10.1613 21
3 58.7232 11.6102 21
4 60.1863 7.5e-08 21
4 61.6303 1.44399 21
4 63.0854 2.89908 21
4 64.5317 4.34541 21
4 65.9922 5.80593 21
4 67.449 7.26265 21
4 68.9004 8.71404 21
4 70.3674 10.1811 21
4 71.816 11.6296 21
4 73.2627 13.0764 21
5 74.7207 8.8e-08 21
5 76.1647 1.44394 21
5 77.6233 2.90255 21
5 79.0907 4.36998 21
5 80.5326 5.81183 21
5 81.9936 7.2729 21
5 83.4575 8.73681 21
5 84.9063 10.1856 21
5 86.3735 11.6528 21
5 87.8263 13.1056 21
5 89.2775 14.5568 21
5 90.7378 16.0171 21
6 92.1912 9.7e-08 21
6 93.6594 1.46821 21
6 95.1134 2.92224 21
6 96.565 4.37383 21
6 98.009 5.81784 21
6 99.4521 7.26089 21
6 100.908 8.71703 21
6 102.367 10.1757 21
6 103.809 11.6174 21
6 105.259 13.0679 21
6 106.701 14.5102 21
6 108.169 15.9774 21
6 109.612 17.4212 21
7 111.061 7.4e-08 21
7 112.51 1.44957 21
7 113.951 2.89076 21
7 115.395 4.33394 21
7 116.866 5.80543 21
7 118.307 7.24652 21
7 119.75 8.68894 21
7 121.213 10.1524 21
8 122.646 6.9e-08 21
8 124.107 1.46111 21
8 125.55 2.90436 21
8 126.994 4.34831 21
8 128.447 5.80039 21.5
9 129.906 6.4e-08 21.5
9 131.338 1.43252 21.5
9 132.805 2.89906 21.5
9 134.248 4.34262 21.5
10 135.706 1.21e-07 21.5
10 137.16 1.45415 21.5
10 138.609 2.90361 21.5
11 140.062 8.9e-08 22
11 141.505 1.44384 21.5
11 142.95 2.88812 22
12 144.408 8.4e-08 21.5
12 145.867 1.45954 22
13 147.31 3.7e-08 22
13 148.776 1.46626 22
13 150.219 2.9093 22
14 151.671 6.1e-08 22
14 153.113 1.44229 22
14 154.556 2.88519 22
15 156.013 6.4e-08 22
15 157.455 1.44194 22
16 158.897 5.9e-08 22
16 160.354 1.45678 22
16 161.796 2.8997 22
17 163.254 6.8e-08 22
17 164.704 1.44947 22
18 166.162 1.04e-07 22
18 167.614 1.45171 22
18 169.057 2.89479 22
19 170.506 1.17e-07 22
19 171.956 1.45045 22
20 173.398 7.3e-08 22
20 174.856 1.45799 22
20 176.307 2.90917 22
21 177.753 1.11e-07 22
21 179.194 1.44023 22
22 180.646 8.2e-08 22
22 182.11 1.46416 22
22 183.561 2.91525 22
23 185.003 7.7e-08 22
23 186.45 1.44719 22
24 187.908 4.7e-08 22
24 189.351 1.44341 22
24 190.805 2.89713 22
25 192.257 9e-08 22
25 193.713 1.45588 22
26 195.448 1.06e-07 22
26 196.888 1.43994 22
26 198.331 2.88276 21.5
27 200.181 1.14e-07 22
27 201.621 1.43937 22
27 203.065 2.88352 21.5
28 205.918 1.06e-07 22
28 207.359 1.44158 22
28 208.802 2.88451 21.5
29 213.656 1.09e-07 22
29 215.101 1.44418 22
29 216.545 2.88817 21.5
30 225.802 1.46e-07 22
30 227.24 1.43808 22
30 228.697 2.89466 21
