0 6.60714 7.8e-08 22.5
0 9.50725 2.90012 23
0 10.9495 4.34236 23
0 12.3871 5.77992 22.5
0 13.8438 7.23666 22.5
0 15.2863 8.67917 22.5
0 16.7383 10.1311 22.5
0 18.1833 11.5761 22.5
0 19.6258 13.0186 22.5
0 21.0779 14.4707 22.5
1 22.5221 8.7e-08 22.5
1 23.9667 1.4446 22.5
1 25.4163 2.89427 22.5
1 26.8592 4.33715 23
1 28.3026 5.78057 22.5
1 29.7603 7.2382 22.5
1 31.2045 8.68242 22.5
1 32.649 10.127 22.5
1 34.1016 11.5796 22.5
1 35.5464 13.0244 22.5
1 36.9904 14.4684 23
2 38.4423 7.6e-08 23
2 39.8854 1.44314 23
2 41.3287 2.88638 23
2 42.7803 4.33803 23
2 44.2239 5.78163 23
2 45.6673 7.22505 23
2 47.1258 8.68347 23
2 48.57 10.1277 23
2 50.0226 11.5803 23
2 51.4673 13.0251 23
3 52.9119 5.5e-08 23
3 54.3639 1.45203 23
3 55.8079 2.896 23
3 57.2512 4.33925 23
3 58.7018 5.78987 23
3 60.1452 7.23329 23
3 61.5886 8.67672 23
3 63.0464 10.1345 23
3 64.4947 11.5828 23
3 65.9353 13.0234 23
3 67.3874 14.4755 23
3 68.8317 15.9198 23
4 70.2757 7.2e-08 23
4 71.7261 1.45045 23
4 73.1687 2.89305 23
4 74.6129 4.33717 23
4 76.0647 5.78902 23
4 77.5098 7.23413 23
5 78.9548 7.4e-08 23
5 80.4132 1.45841 23
5 81.8578 2.90305 23
5 83.31 4.35518 23.5
6 84.7531 8.9e-08 23.5
6 86.1955 1.44236 24
7 87.6465 6.9e-08 24.5
8 89.091 6.9e-08 25.5
10 90.5337 6.4e-08 26
12 91.9861 6.2e-08 26
14 93.4305 5.5e-08 26
16 94.8743 1.79e-07 26
19 96.3327 8.6e-08 26
21 97.7766 7.6e-08 26
22 99.2207 6.5e-08 26
24 101.573 1.63e-07 23
25 104.311 1.69e-07 23
26 109.046 1.69e-07 23
27 118.101 1.66e-07 23
