        type trial_config ert_flop   unroll  buffers        nsize       trials       microsecs        bytes        flops         GB/s         GF/s
 signed_char    coalesced        4        2        1            2     16777216     5951406.319     67108864    134217728        0.011        0.023
 signed_char    coalesced        4        2        1            4     16777216     5951360.387    134217728    268435456        0.023        0.045
 signed_char    coalesced        4        2        1            8     16777216     6234760.234    268435456    536870912        0.043        0.086
 signed_char    coalesced        4        2        1           16     16777216     6891092.869    536870912   1073741824        0.078        0.156
 signed_char    coalesced        4        2        1           32     16777216     8183100.396   1073741824   2147483648        0.131        0.262
 signed_char    coalesced        4        2        1           64     16777216    10474353.723   2147483648   4294967296        0.205        0.410
 signed_char    coalesced        4        2        1          128     16777216    13155356.062   4294967296   8589934592        0.326        0.653
 signed_char    coalesced        4        2        1          256     16777216    16366051.929   8589934592  17179869184        0.525        1.050
 signed_char    coalesced        4        2        1          512      8388608    11552634.441   8589934592  17179869184        0.744        1.487
 signed_char    coalesced        4        2        1         1024      4194304     9165832.549   8589934592  17179869184        0.937        1.874
 signed_char    coalesced        4        2        1         2048      2097152     8183108.250   8589934592  17179869184        1.050        2.099
 signed_char    coalesced        4        2        1         4096      1048576     7364806.026   8589934592  17179869184        1.166        2.333
 signed_char    coalesced        4        2        1         8192       524288     7014121.546   8589934592  17179869184        1.225        2.449
 signed_char    coalesced        4        2        1        16384       262144     6904470.608   8589934592  17179869184        1.244        2.488
 signed_char    coalesced        4        2        1        32768       131072     6819265.558   8589934592  17179869184        1.260        2.519
 signed_char    coalesced        4        2        1        65536        65536     6776649.665   8589934592  17179869184        1.268        2.535
 signed_char    coalesced        4        2        1       131072        32768     6758421.760   8589934592  17179869184        1.271        2.542
 signed_char    coalesced        4        2        1       262144        16384     6749219.720   8589934592  17179869184        1.273        2.545
 signed_char    coalesced        4        2        1       524288         8192     6744660.382   8589934592  17179869184        1.274        2.547
 signed_char    coalesced        4        2        1      1048576         4096     6741754.741   8589934592  17179869184        1.274        2.548
 signed_char    coalesced        4        2        1      2097152         2048     6740296.035   8589934592  17179869184        1.274        2.549
 signed_char    coalesced        4        2        1      4194304         1024     6739694.927   8589934592  17179869184        1.275        2.549
 signed_char    coalesced        4        2        1      8388608          512     6739349.540   8589934592  17179869184        1.275        2.549
 signed_char    coalesced        4        2        1     16777216          256     6739198.303   8589934592  17179869184        1.275        2.549
 signed_char    coalesced        4        2        1     33554432          128     6739165.997   8589934592  17179869184        1.275        2.549
 signed_char    coalesced        4        2        1     67108864           64     6739116.852   8589934592  17179869184        1.275        2.549
 signed_char    coalesced        4        2        1    134217728           32     6739113.264   8589934592  17179869184        1.275        2.549
 signed_char    coalesced        4        2        1    268435456           16     6739092.139   8589934592  17179869184        1.275        2.549
 signed_char    coalesced        4        2        1    536870912            8     6739092.014   8589934592  17179869184        1.275        2.549
 signed_char    coalesced        4        2        1   1073741824            4     6739073.408   8589934592  17179869184        1.275        2.549
 signed_char    coalesced        4        2        1   2147483648            2     6739044.275   8589934592  17179869184        1.275        2.549
 signed_char    coalesced        4        2        1   4293918720            1     6737424.262   8587837440  17175674880        1.275        2.549
