        type trial_config ert_flop   unroll  buffers        nsize       trials       microsecs        bytes        flops         GB/s         GF/s
 signed_char    coalesced        2        4        1            4     16777216     5455506.696    134217728    134217728        0.025        0.025
 signed_char    coalesced        2        4        1            8     16777216     5692627.977    268435456    268435456        0.047        0.047
 signed_char    coalesced        2        4        1           16     16777216     5951387.111    536870912    536870912        0.090        0.090
 signed_char    coalesced        2        4        1           32     16777216     6546513.770   1073741824   1073741824        0.164        0.164
 signed_char    coalesced        2        4        1           64     16777216     7701771.644   2147483648   2147483648        0.279        0.279
 signed_char    coalesced        2        4        1          128     16777216     9352062.138   4294967296   4294967296        0.459        0.459
 signed_char    coalesced        2        4        1          256     16777216    12042107.682   8589934592   8589934592        0.713        0.713
 signed_char    coalesced        2        4        1          512      8388608     7747645.613   8589934592   8589934592        1.109        1.109
 signed_char    coalesced        2        4        1         1024      4194304     5456401.190   8589934592   8589934592        1.574        1.574
 signed_char    coalesced        2        4        1         2048      2097152     4513375.962   8589934592   8589934592        1.903        1.903
 signed_char    coalesced        2        4        1         4096      1048576     4091610.837   8589934592   8589934592        2.099        2.099
 signed_char    coalesced        2        4        1         8192       524288     3709887.515   8589934592   8589934592        2.315        2.315
 signed_char    coalesced        2        4        1        16384       262144     3579481.474   8589934592   8589934592        2.400        2.400
 signed_char    coalesced        2        4        1        32768       131072     3476999.350   8589934592   8589934592        2.471        2.471
 signed_char    coalesced        2        4        1        65536        65536     3375436.849   8589934592   8589934592        2.545        2.545
 signed_char    coalesced        2        4        1       131072        32768     3326987.910   8589934592   8589934592        2.582        2.582
 signed_char    coalesced        2        4        1       262144        16384     3308599.577   8589934592   8589934592        2.596        2.596
 signed_char    coalesced        2        4        1       524288         8192     3299621.450   8589934592   8589934592        2.603        2.603
 signed_char    coalesced        2        4        1      1048576         4096     3295116.762   8589934592   8589934592        2.607        2.607
 signed_char    coalesced        2        4        1      2097152         2048     3293117.912   8589934592   8589934592        2.608        2.608
 signed_char    coalesced        2        4        1      4194304         1024     3291937.636   8589934592   8589934592        2.609        2.609
 signed_char    coalesced        2        4        1      8388608          512     3291776.332   8589934592   8589934592        2.610        2.610
 signed_char    coalesced        2        4        1     16777216          256     3291028.259   8589934592   8589934592        2.610        2.610
 signed_char    coalesced        2        4        1     33554432          128     3290942.392   8589934592   8589934592        2.610        2.610
 signed_char    coalesced        2        4        1     67108864           64     3290820.798   8589934592   8589934592        2.610        2.610
 signed_char    coalesced        2        4        1    134217728           32     3291209.348   8589934592   8589934592        2.610        2.610
 signed_char    coalesced        2        4        1    268435456           16     3290782.964   8589934592   8589934592        2.610        2.610
 signed_char    coalesced        2        4        1    536870912            8     3291181.718   8589934592   8589934592        2.610        2.610
 signed_char    coalesced        2        4        1   1073741824            4     3290882.701   8589934592   8589934592        2.610        2.610
 signed_char    coalesced        2        4        1   2147483648            2     3290857.419   8589934592   8589934592        2.610        2.610
 signed_char    coalesced        2        4        1   4293918720            1     3290496.039   8587837440   8587837440        2.610        2.610
