        type trial_config ert_flop   unroll  buffers        nsize       trials       microsecs        bytes        flops         GB/s         GF/s
        long    coalesced       32        4        2           64     16777216    13093242.605   2147483648   4294967296        0.164        0.328
        long    coalesced       32        4        2          128     16777216    13093129.701   4294967296   8589934592        0.328        0.656
        long    coalesced       32        4        2          256     16777216    13544656.431   8589934592  17179869184        0.634        1.268
        long    coalesced       32        4        2          512     16777216    14547924.506  17179869184  34359738368        1.181        2.362
        long    coalesced       32        4        2         1024      8388608     8183405.991  17179869184  34359738368        2.099        4.199
        long    coalesced       32        4        2         2048      4194304     4586245.904  17179869184  34359738368        3.746        7.492
        long    coalesced       32        4        2         4096      2097152     2577907.094  17179869184  34359738368        6.664       13.329
        long    coalesced       32        4        2         8192      1048576     1601433.465  17179869184  34359738368       10.728       21.456
        long    coalesced       32        4        2        16384       524288     1138705.544  17179869184  34359738368       15.087       30.174
        long    coalesced       32        4        2        32768       262144      897284.455  17179869184  34359738368       19.147       38.293
        long    coalesced       32        4        2        65536       131072      761443.029  17179869184  34359738368       22.562       45.125
        long    coalesced       32        4        2       131072        65536      692265.292  17179869184  34359738368       24.817       49.634
        long    coalesced       32        4        2       262144        32768      659122.257  17179869184  34359738368       26.065       52.130
        long    coalesced       32        4        2       524288        16384      640388.786  17179869184  34359738368       26.827       53.654
        long    coalesced       32        4        2      1048576         8192      633910.410  17179869184  34359738368       27.101       54.203
        long    coalesced       32        4        2      2097152         4096      629702.138  17179869184  34359738368       27.283       54.565
        long    coalesced       32        4        2      4194304         2048      627600.883  17179869184  34359738368       27.374       54.748
        long    coalesced       32        4        2      8388608         1024      626565.468  17179869184  34359738368       27.419       54.838
        long    coalesced       32        4        2     16777216          512      626081.937  17179869184  34359738368       27.440       54.881
        long    coalesced       32        4        2     33554432          256      625748.571  17179869184  34359738368       27.455       54.910
        long    coalesced       32        4        2     67108864          128      625645.567  17179869184  34359738368       27.459       54.919
        long    coalesced       32        4        2    134217728           64      625531.894  17179869184  34359738368       27.464       54.929
        long    coalesced       32        4        2    268435456           32      625513.964  17179869184  34359738368       27.465       54.930
        long    coalesced       32        4        2    536870912           16      625508.540  17179869184  34359738368       27.465       54.931
        long    coalesced       32        4        2   1073741824            8      625537.419  17179869184  34359738368       27.464       54.928
        long    coalesced       32        4        2   2147483648            4      625615.447  17179869184  34359738368       27.461       54.921
        long    coalesced       32        4        2   4294967296            2      625491.755  17179869184  34359738368       27.466       54.932
        long    coalesced       32        4        2   8588886016            1      625399.337  17177772032  34355544064       27.467       54.934
