0 3.32382 8.5e-08 20.5
0 6.20997 2.88615 20.5
0 7.66134 4.33752 20.5
0 9.10264 5.77882 20.5
0 10.5437 7.21989 20.5
1 11.9964 7.6e-08 20.5
1 13.4402 1.44378 20.5
1 14.881 2.88454 20.5
1 16.3371 4.34071 20.5
1 17.7812 5.78478 20.5
2 19.223 6.2e-08 20.5
2 20.6743 1.45136 20.5
2 22.1217 2.8987 20.5
2 23.5656 4.34262 20.5
2 25.0394 5.81646 20.5
2 26.4875 7.26451 20.5
3 27.9609 7.7e-08 20.5
3 29.4074 1.44649 20.5
3 30.8511 2.8902 20.5
3 32.3083 4.34739 20.5
3 33.7671 5.80612 20.5
3 35.2338 7.27287 20.5
3 36.6916 8.73062 21
4 38.1326 5.3e-08 21
4 39.5822 1.44957 21
4 41.0248 2.89218 21
4 42.4967 4.36404 21
4 43.9565 5.82392 21
5 45.4001 9.4e-08 21
5 46.8571 1.457 21
5 48.3044 2.90433 21
6 49.7484 6.6e-08 21
6 51.2219 1.47349 21
7 52.6705 7.6e-08 21
7 54.1282 1.45771 21.5
8 55.5864 6.4e-08 21.5
9 57.0304 5.9e-08 21.5
11 58.4885 5.3e-08 21.5
12 59.9477 4.1e-08 22
13 61.4132 1.19e-07 22
15 62.8557 5.9e-08 22
16 64.3074 1.08e-07 22
18 65.7708 5.5e-08 22
19 67.2122 5.5e-08 22
20 68.6638 6.6e-08 22
22 70.2077 1.63e-07 21
23 71.6565 7e-08 20.5
24 73.0977 6e-08 20.5
25 74.8498 1.9e-07 21
26 77.491 1.08e-07 21
27 81.7419 1.54e-07 20.5
