0 4.98779 6.6e-08 23.5
0 7.87996 2.89217 23.5
0 9.3219 4.33412 23.5
0 10.7641 5.77627 23.5
0 12.2143 7.22647 23.5
0 13.6568 8.66902 23.5
0 15.1002 10.1124 23.5
0 16.5511 11.5633 23.5
0 17.9938 13.006 23.5
0 19.4366 14.4489 23.5
0 20.8873 15.8996 23.5
0 22.3303 17.3425 23.5
0 23.7735 18.7858 23.5
0 25.2243 20.2365 23.5
0 26.6648 21.677 23.5
0 28.111 23.1232 23.5
0 29.573 24.5853 23.5
0 31.0213 26.0335 23.5
0 32.4909 27.5031 23.5
0 33.9506 28.9629 23.5
0 35.403 30.4153 23.5
0 36.8697 31.8819 23.5
0 38.3227 33.3349 23.5
0 39.7725 34.7847 23.5
0 41.2254 36.2376 23.5
0 42.6843 37.6965 23.5
0 44.1444 39.1567 23.5
0 45.5919 40.6041 23.5
0 47.0337 42.046 23.5
0 48.484 43.4962 23.5
0 49.9428 44.955 23.5
0 51.4042 46.4164 23.5
0 52.8516 47.8638 23.5
0 54.2945 49.3067 23.5
0 55.7659 50.7781 23.5
0 57.2182 52.2304 23.5
0 58.6598 53.672 23.5
0 60.1257 55.1379 23.5
1 61.5687 9.2e-08 23.5
1 63.011 1.44234 23.5
1 64.471 2.9023 23.5
1 65.9181 4.34943 23.5
1 67.3838 5.81507 23.5
1 68.8362 7.26755 23.5
1 70.2893 8.72063 23.5
1 71.7545 10.1858 23.5
1 73.2073 11.6386 23.5
1 74.6632 13.0945 23.5
1 76.1052 14.5365 23.5
1 77.5687 16 23.5
1 79.0245 17.4559 23.5
1 80.4716 18.9029 23.5
1 81.9131 20.3444 23.5
1 83.3632 21.7945 23.5
1 84.8263 23.2577 23.5
1 86.2815 24.7128 23.5
1 87.7282 26.1595 23.5
1 89.1757 27.607 23.5
1 90.6328 29.0641 23.5
1 92.0916 30.5229 23.5
1 93.5405 31.9719 23.5
1 95.0063 33.4376 23.5
1 96.4585 34.8898 23.5
1 97.9094 36.3407 23.5
1 99.3615 37.7928 23.5
1 100.803 39.2347 23.5
1 102.27 40.7016 23.5
1 103.713 42.1442 23.5
1 105.164 43.5956 23.5
1 106.614 45.0457 23.5
1 108.073 46.5048 23.5
1 109.524 47.9557 23.5
1 110.966 49.3976 23.5
1 112.423 50.8539 23.5
1 113.872 52.3034 23.5
1 115.315 53.746 23.5
1 116.757 55.1886 23.5
2 118.225 1.12e-07 23.5
2 119.667 1.44248 23.5
2 121.121 2.89619 23.5
2 122.569 4.34449 23.5
2 124.012 5.7873 23.5
2 125.455 7.2302 23.5
2 126.905 8.68038 23.5
2 128.347 10.1222 23.5
2 129.789 11.5647 23.5
2 131.262 13.037 23.5
2 132.703 14.4787 23.5
2 134.17 15.9458 23.5
2 135.613 17.3889 23.5
2 137.056 18.8314 23.5
2 138.516 20.2914 23.5
2 139.959 21.7342 23.5
2 141.402 23.1776 23.5
2 142.854 24.6294 23.5
2 144.319 26.094 23.5
2 145.769 27.5446 23.5
2 147.227 29.002 23.5
2 148.666 30.4419 23.5
2 150.133 31.9084 23.5
2 151.575 33.35 23.5
2 153.017 34.7922 23.5
2 154.473 36.2486 23.5
2 155.915 37.6907 23.5
2 157.358 39.1334 23.5
2 158.809 40.5847 23.5
2 160.252 42.0277 23.5
2 161.695 43.4703 23.5
2 163.145 44.9201 23.5
2 164.587 46.362 23.5
2 166.03 47.8051 23.5
2 167.497 49.2724 23.5
2 168.94 50.7156 23.5
2 170.396 52.1714 23.5
2 171.84 53.615 23.5
2 173.283 55.0587 23.5
3 174.741 8.1e-08 23.5
3 176.184 1.44338 23.5
3 177.627 2.88689 23.5
3 179.078 4.3377 23.5
3 180.52 5.7793 23.5
3 181.972 7.23126 23.5
3 183.423 8.68216 23.5
3 184.881 10.1404 23.5
3 186.314 11.5735 23.5
3 187.781 13.0408 23.5
3 189.225 14.4841 23.5
3 190.677 15.9359 23.5
3 192.12 17.3792 23.5
3 193.579 18.8388 23.5
3 195.029 20.2882 23.5
3 196.481 21.7405 23.5
3 197.925 23.1845 23.5
3 199.39 24.6493 23.5
3 200.823 26.0826 23.5
3 202.266 27.5259 23.5
3 203.724 28.9829 23.5
3 205.167 30.4264 23.5
3 206.619 31.8783 23.5
3 208.062 33.3219 23.5
3 209.515 34.7748 23.5
3 210.965 36.2247 23.5
3 212.424 37.6829 23.5
3 213.867 39.1267 23.5
3 215.319 40.5785 23.5
3 216.769 42.0284 23.5
3 218.211 43.4709 23.5
3 219.674 44.9331 23.5
3 221.109 46.3688 23.5
3 222.552 47.8111 23.5
3 224.008 49.2677 23.5
3 225.468 50.7275 23.5
3 226.918 52.1776 23.5
3 228.377 53.6363 23.5
4 229.821 5.8e-08 23.5
4 231.273 1.45205 23.5
4 232.722 2.90077 23.5
4 234.163 4.34268 23.5
4 235.614 5.79299 23.5
4 237.057 7.23669 23.5
4 238.5 8.67967 23.5
4 239.958 10.137 23.5
4 241.403 11.5826 23.5
4 242.853 13.0321 23.5
4 244.296 14.4756 23.5
4 245.746 15.925 23.5
4 247.196 17.375 23.5
4 248.639 18.8185 23.5
4 250.099 20.2785 23.5
4 251.551 21.73 23.5
4 252.995 23.1741 23.5
4 254.444 24.6229 23.5
4 255.894 26.0733 23.5
4 257.348 27.5277 23.5
4 258.791 28.9704 23.5
4 260.251 30.4307 23.5
4 261.693 31.8727 23.5
4 263.144 33.3237 23.5
4 264.604 34.7828 23.5
4 266.047 36.2263 23.5
4 267.499 37.6782 23.5
4 268.948 39.1277 23.5
4 270.391 40.57 23.5
4 271.854 42.0337 23.5
4 273.299 43.4778 23.5
4 274.751 44.9307 23.5
4 276.196 46.3756 23.5
4 277.641 47.8203 23.5
4 279.115 49.2944 23.5
4 280.557 50.7366 23.5
4 282.015 52.1939 23.5
4 283.463 53.642 23.5
4 284.922 55.1013 23.5
4 286.374 56.5534 23.5
4 287.818 57.9971 23.5
5 289.267 9.5e-08 23.5
5 290.718 1.45078 23.5
5 292.161 2.89326 23.5
5 293.603 4.33522 23.5
5 295.059 5.79189 23.5
5 296.502 7.23512 23.5
5 297.947 8.67935 23.5
5 299.414 10.1465 23.5
5 300.856 11.5888 23.5
5 302.324 13.0571 23.5
5 303.769 14.5015 23.5
5 305.212 15.9443 23.5
5 306.68 17.4126 23.5
5 308.124 18.8569 23.5
5 309.569 20.3013 23.5
5 311.026 21.7583 23.5
5 312.468 23.201 23.5
5 313.928 24.6605 23.5
5 315.378 26.111 23.5
5 316.833 27.5652 23.5
5 318.284 29.0172 23.5
5 319.728 30.4612 23.5
5 321.188 31.9204 23.5
5 322.64 33.3731 23.5
5 324.085 34.8172 23.5
5 325.534 36.2663 23.5
5 326.984 37.7169 23.5
5 328.427 39.1598 23.5
5 329.87 40.6031 23.5
5 331.328 42.0605 23.5
5 332.787 43.5199 23.5
5 334.238 44.9705 23.5
5 335.68 46.4126 23.5
5 337.139 47.8715 23.5
5 338.591 49.3239 23.5
5 340.035 50.7677 23.5
5 341.485 52.2172 23.5
5 342.935 53.6677 23.5
5 344.394 55.1264 23.5
5 345.844 56.5769 23.5
5 347.288 58.0204 23.5
6 348.732 7.4e-08 23.5
6 350.185 1.45295 23.5
6 351.626 2.89414 23.5
6 353.07 4.33839 23.5
6 354.543 5.81157 23.5
6 355.986 7.25422 23.5
6 357.429 8.69728 23.5
6 358.896 10.1644 23.5
6 360.339 11.6074 23.5
6 361.791 13.059 23.5
6 363.24 14.5085 23.5
6 364.683 15.9514 23.5
6 366.144 17.4124 23.5
6 367.588 18.8566 23.5
6 369.048 20.316 23.5
6 370.499 21.7677 23.5
6 371.942 23.2106 23.5
6 373.41 24.6786 23.5
6 374.854 26.1223 23.5
6 376.296 27.5649 23.5
6 377.763 29.0319 23.5
6 379.207 30.4756 23.5
7 380.663 6e-08 23.5
7 382.112 1.44948 23.5
7 383.555 2.89237 23.5
7 384.998 4.33489 23.5
7 386.45 5.78692 23.5
7 387.89 7.22748 23.5
7 389.333 8.6701 23.5
7 390.805 10.142 23.5
7 392.246 11.5828 23.5
7 393.697 13.0339 23.5
7 395.156 14.4928 23.5
7 396.599 15.9365 24
8 398.051 6.1e-08 24
8 399.5 1.44881 24
8 400.942 2.89038 24
8 402.409 4.35728 24
8 403.852 5.80055 24
8 405.303 7.25159 24
8 406.747 8.69516 24
9 408.2 6e-08 24
9 409.651 1.4509 24
9 411.109 2.9082 24
9 412.551 4.35061 24.5
10 414.003 5.5e-08 24.5
10 415.451 1.44883 24.5
11 416.893 5.6e-08 24.5
11 418.355 1.46148 24.5
12 419.798 6.4e-08 24.5
12 421.25 1.45202 25
13 422.693 5.5e-08 25
14 424.135 5.1e-08 25
14 425.591 1.45575 25
15 427.035 4e-08 25
16 428.493 4.9e-08 25
16 429.94 1.44677 25
17 431.393 1.11e-07 25
18 432.837 5.3e-08 25
19 434.289 5.5e-08 25
19 435.747 1.45798 25
20 437.199 6.3e-08 25
21 438.645 6.2e-08 25
21 440.086 1.44064 25
22 441.538 5.5e-08 25
23 443.003 7.1e-08 25
23 444.446 1.44284 25
24 445.897 6.2e-08 24
25 447.346 4.9e-08 25
25 448.79 1.44426 24
26 450.348 1.59e-07 25
26 451.805 1.45649 24
27 454.36 1.5e-07 25
27 455.807 1.44616 24
28 460.56 9.6e-08 25
28 461.999 1.43888 24
29 470.855 1.22e-07 25
29 472.311 1.45646 24
