        type trial_config ert_flop   unroll  buffers        nsize       trials       microsecs        bytes        flops         GB/s         GF/s
       float    coalesced        1      128        1          512      8388608     3851204.902   8589934592   1073741824        2.230        0.279
       float    coalesced        1      128        1         1024      4194304     2046057.211   8589934592   1073741824        4.198        0.525
       float    coalesced        1      128        1         2048      2097152     1169330.223   8589934592   1073741824        7.346        0.918
       float    coalesced        1      128        1         4096      1048576      740675.144   8589934592   1073741824       11.597        1.450
       float    coalesced        1      128        1         8192       524288      481646.780   8589934592   1073741824       17.835        2.229
       float    coalesced        1      128        1        16384       262144      359546.738   8589934592   1073741824       23.891        2.986
       float    coalesced        1      128        1        32768       131072      303026.534   8589934592   1073741824       28.347        3.543
       float    coalesced        1      128        1        65536        65536      292519.366   8589934592   1073741824       29.365        3.671
       float    coalesced        1      128        1       131072        32768      284428.272   8589934592   1073741824       30.201        3.775
       float    coalesced        1      128        1       262144        16384      279258.977   8589934592   1073741824       30.760        3.845
       float    coalesced        1      128        1       524288         8192      277125.217   8589934592   1073741824       30.997        3.875
       float    coalesced        1      128        1      1048576         4096      277062.136   8589934592   1073741824       31.004        3.875
       float    coalesced        1      128        1      2097152         2048      276863.743   8589934592   1073741824       31.026        3.878
       float    coalesced        1      128        1      4194304         1024      276804.856   8589934592   1073741824       31.032        3.879
       float    coalesced        1      128        1      8388608          512      276716.112   8589934592   1073741824       31.042        3.880
       float    coalesced        1      128        1     16777216          256      276661.817   8589934592   1073741824       31.049        3.881
       float    coalesced        1      128        1     33554432          128      276728.082   8589934592   1073741824       31.041        3.880
       float    coalesced        1      128        1     67108864           64      276654.609   8589934592   1073741824       31.049        3.881
       float    coalesced        1      128        1    134217728           32      276663.473   8589934592   1073741824       31.048        3.881
       float    coalesced        1      128        1    268435456           16      276686.435   8589934592   1073741824       31.046        3.881
       float    coalesced        1      128        1    536870912            8      276727.544   8589934592   1073741824       31.041        3.880
       float    coalesced        1      128        1   1073741824            4      276655.231   8589934592   1073741824       31.049        3.881
       float    coalesced        1      128        1   2147483648            2      276715.068   8589934592   1073741824       31.043        3.880
       float    coalesced        1      128        1   4293918720            1      276598.127   8587837440   1073479680       31.048        3.881
