0 6.55054 8.4e-08 21
0 9.44618 2.89564 21
0 10.8889 4.33835 21
0 12.3393 5.78879 21
0 13.7802 7.22967 21
0 15.2246 8.67406 21
1 16.6744 6.9e-08 21
1 18.1199 1.44552 21
1 19.5618 2.88736 21
2 21.0196 7.6e-08 21.5
2 22.4627 1.44317 21.5
3 23.9049 6.8e-08 22
3 25.3568 1.45185 22.5
5 26.803 7.1e-08 23.5
7 28.2575 6.2e-08 24
9 29.713 7.7e-08 24
11 31.1544 6.6e-08 24
13 32.6237 8.3e-08 24
15 34.0736 6.3e-08 24
17 35.522 6.5e-08 21
19 36.9726 3.8e-08 24
20 38.4145 4e-08 24
21 39.8573 7.1e-08 21
22 42.312 1.54e-07 21
23 46.7797 1.45e-07 21
24 55.3185 1.64e-07 21
