0 3.43011 1.55e-07 20.5
0 6.32985 2.89973 20.5
0 7.78192 4.35181 20.5
1 9.22594 8e-08 20.5
1 10.6698 1.44385 20.5
1 12.1195 2.89352 20.5
1 13.564 4.33808 20.5
2 15.0057 6.8e-08 21
2 16.4629 1.45718 21
2 17.9117 2.90592 21
2 19.3554 4.3497 21
2 20.8186 5.81284 21
3 22.263 1.03e-07 21
3 23.715 1.45191 21
4 25.1596 6.2e-08 21
5 26.6036 5.7e-08 21.5
6 28.0546 5.1e-08 23
9 29.4967 6.9e-08 23.5
13 30.9504 6.7e-08 23
17 32.4022 9.9e-08 23.5
21 33.8463 5.1e-08 21
23 35.3905 1.47e-07 21
24 36.831 5.5e-08 21
25 39.5838 1.44e-07 21
26 44.7357 1.58e-07 21
