        type trial_config ert_flop   unroll  buffers        nsize       trials       microsecs        bytes        flops         GB/s         GF/s
        long    coalesced       53        8        1           64     16777216    16366314.951   2147483648   7113539584        0.131        0.435
        long    coalesced       53        8        1          128     16777216    16366296.915   4294967296  14227079168        0.262        0.869
        long    coalesced       53        8        1          256     16777216    16370297.371   8589934592  28454158336        0.525        1.738
        long    coalesced       53        8        1          512      8388608     8728858.985   8589934592  28454158336        0.984        3.260
        long    coalesced       53        8        1         1024      4194304     4676343.561   8589934592  28454158336        1.837        6.085
        long    coalesced       53        8        1         2048      2097152     2518192.001   8589934592  28454158336        3.411       11.299
        long    coalesced       53        8        1         4096      1048576     1364154.783   8589934592  28454158336        6.297       20.858
        long    coalesced       53        8        1         8192       524288      818588.514   8589934592  28454158336       10.494       34.760
        long    coalesced       53        8        1        16384       262144      584827.019   8589934592  28454158336       14.688       48.654
        long    coalesced       53        8        1        32768       131072      465253.692   8589934592  28454158336       18.463       61.158
        long    coalesced       53        8        1        65536        65536      397736.992   8589934592  28454158336       21.597       71.540
        long    coalesced       53        8        1       131072        32768      365700.340   8589934592  28454158336       23.489       77.807
        long    coalesced       53        8        1       262144        16384      349518.732   8589934592  28454158336       24.576       81.410
        long    coalesced       53        8        1       524288         8192      341400.477   8589934592  28454158336       25.161       83.345
        long    coalesced       53        8        1      1048576         4096      337569.495   8589934592  28454158336       25.446       84.291
        long    coalesced       53        8        1      2097152         2048      335817.685   8589934592  28454158336       25.579       84.731
        long    coalesced       53        8        1      4194304         1024      334711.999   8589934592  28454158336       25.664       85.011
        long    coalesced       53        8        1      8388608          512      334230.793   8589934592  28454158336       25.701       85.133
        long    coalesced       53        8        1     16777216          256      334002.813   8589934592  28454158336       25.718       85.191
        long    coalesced       53        8        1     33554432          128      333882.942   8589934592  28454158336       25.727       85.222
        long    coalesced       53        8        1     67108864           64      333797.057   8589934592  28454158336       25.734       85.244
        long    coalesced       53        8        1    134217728           32      333787.251   8589934592  28454158336       25.735       85.246
        long    coalesced       53        8        1    268435456           16      333820.949   8589934592  28454158336       25.732       85.238
        long    coalesced       53        8        1    536870912            8      333792.083   8589934592  28454158336       25.734       85.245
        long    coalesced       53        8        1   1073741824            4      333755.452   8589934592  28454158336       25.737       85.255
        long    coalesced       53        8        1   2147483648            2      333827.424   8589934592  28454158336       25.732       85.236
        long    coalesced       53        8        1   4293918720            1      333724.265   8587837440  28447211520       25.733       85.242
