0 6.66973 7.5e-08 25.5
0 9.55453 2.8848 25
0 11.0056 4.33588 25
0 12.4513 5.78161 25
0 13.891 7.22131 25
0 15.3441 8.67435 25
0 16.7865 10.1167 25.5
0 18.2295 11.5597 25.5
0 19.6805 13.0107 25.5
0 21.1214 14.4517 25
0 22.5632 15.8934 25.5
0 24.0114 17.3417 25.5
0 25.455 18.7853 25
0 26.8979 20.2281 25.5
0 28.3618 21.6921 25
0 29.8278 23.158 25
0 31.267 24.5973 25
0 32.7379 26.0681 25.5
0 34.1895 27.5197 25.5
0 35.6562 28.9865 25.5
0 37.1088 30.4391 25
0 38.5501 31.8804 25.5
0 40.0101 33.3404 25.5
0 41.4694 34.7996 25.5
0 42.9301 36.2603 25
0 44.3765 37.7068 25
0 45.8188 39.149 25
0 47.2899 40.6201 25.5
0 48.7414 42.0717 25.5
0 50.189 43.5192 25
0 51.6547 44.985 25
0 53.0972 46.4274 25
0 54.5588 47.889 25.5
0 56.0003 49.3306 25.5
0 57.4477 50.778 25.5
0 58.9127 52.243 25
0 60.3551 53.6854 25
0 61.813 55.1432 25
0 63.28 56.6102 25.5
0 64.7332 58.0635 25
0 66.1878 59.5181 25
0 67.6301 60.9604 25
0 69.0817 62.412 25.5
0 70.5482 63.8785 25.5
0 72.0009 65.3311 25
0 73.443 66.7733 25.5
0 74.8925 68.2228 25
0 76.3564 69.6867 25
0 77.8113 71.1416 25
0 79.2668 72.5971 25.5
0 80.7219 74.0522 25
0 82.172 75.5022 25
0 83.6307 76.961 25
0 85.0859 78.4162 25.5
0 86.5507 79.881 25.5
0 88.003 81.3332 25.5
0 89.4494 82.7797 25
0 90.9138 84.2441 25
0 92.37 85.7003 25
0 93.8169 87.1471 25.5
0 95.2756 88.6059 25.5
0 96.7181 90.0484 25
0 98.1783 91.5086 25
0 99.6206 92.9509 25
0 101.071 94.4016 25.5
0 102.514 95.8439 25.5
0 103.966 97.296 25.5
0 105.422 98.7524 25
0 106.879 100.21 25
0 108.318 101.648 25
0 109.772 103.102 25.5
0 111.214 104.544 25
0 112.661 105.991 25
0 114.11 107.44 25
0 115.552 108.883 25
0 116.995 110.326 25.5
0 118.467 111.797 25.5
0 119.91 113.24 25.5
0 121.361 114.691 25.5
0 122.804 116.134 25
0 124.25 117.581 25
0 125.7 119.03 25
0 127.158 120.488 25.5
0 128.6 121.93 25
0 130.05 123.381 25
0 131.492 124.823 25
0 132.934 126.265 25
0 134.395 127.726 25.5
0 135.838 129.168 25.5
0 137.279 130.61 25.5
0 138.729 132.06 25
0 140.172 133.502 25
0 141.62 134.95 25
0 143.076 136.406 25.5
0 144.529 137.859 25.5
0 145.978 139.308 25
0 147.42 140.75 25
0 148.867 142.197 25
0 150.317 143.647 25.5
0 151.776 145.106 25
0 153.218 146.548 25.5
0 154.681 148.012 25
0 156.12 149.451 25
0 157.568 150.899 25
0 159.019 152.349 25.5
0 160.462 153.792 25.5
0 161.904 155.235 25
1 163.354 8.6e-08 25
1 164.798 1.44407 25
1 166.239 2.88457 25
1 167.695 4.34102 25.5
1 169.131 5.77644 25.5
1 170.584 7.22977 25.5
1 172.034 8.67938 25
1 173.486 10.1317 25
1 174.937 11.5827 25.5
1 176.379 13.025 25.5
1 177.829 14.4751 25.5
1 179.278 15.9235 25
1 180.735 17.3811 25
1 182.178 18.8234 25
1 183.639 20.2844 25.5
1 185.08 21.7262 25.5
1 186.528 23.1736 25.5
1 187.977 24.6232 25
1 189.433 26.0784 25.5
1 190.867 27.5132 25.5
1 192.324 28.9696 25.5
1 193.767 30.4128 25.5
1 195.226 31.8719 25.5
1 196.666 33.3116 25
1 198.118 34.7641 25
1 199.568 36.2143 25.5
1 201.027 37.6724 25.5
1 202.469 39.1151 25.5
1 203.931 40.5771 25.5
1 205.371 42.0163 25
1 206.813 43.4588 25.5
1 208.264 44.9096 25.5
1 209.722 46.3674 25.5
1 211.158 47.8036 25
1 212.624 49.2702 25
1 214.066 50.7119 25
1 215.521 52.1667 25
1 216.962 53.6079 25.5
1 218.417 55.0627 25.5
1 219.871 56.5166 25
1 221.313 57.9589 25.5
1 222.748 59.394 25
1 224.204 60.8499 25.5
1 225.662 62.3082 25.5
1 227.105 63.7507 25.5
1 228.569 65.2151 25
1 230.002 66.6483 25
1 231.45 68.0961 25.5
1 232.906 69.552 25.5
1 234.349 70.995 25.5
1 235.791 72.4369 25
1 237.24 73.8861 25
1 238.683 75.3287 25.5
1 240.15 76.7957 25.5
1 241.591 78.2369 25.5
1 243.05 79.6958 25.5
1 244.499 81.1449 25
1 245.951 82.5972 25
1 247.394 84.0397 25.5
1 248.857 85.5029 25.5
1 250.296 86.9416 25.5
1 251.738 88.3842 25
1 253.195 89.8407 25.5
1 254.63 91.2761 25.5
1 256.083 92.7287 25.5
1 257.533 94.1784 25.5
1 258.989 95.6348 25.5
1 260.435 97.0812 25.5
1 261.882 98.5281 25.5
1 263.324 99.9699 25
1 264.774 101.42 25.5
1 266.233 102.878 25.5
1 267.675 104.321 25.5
1 269.125 105.771 25.5
1 270.567 107.213 25.5
1 272.01 108.656 25.5
1 273.471 110.116 25.5
1 274.912 111.558 25.5
1 276.359 113.005 25.5
1 277.809 114.455 25.5
1 279.252 115.898 25
1 280.693 117.339 25
1 282.143 118.789 25.5
1 283.602 120.248 25.5
1 285.044 121.69 25.5
1 286.493 123.139 25.5
1 287.935 124.581 25
1 289.386 126.032 25.5
1 290.838 127.484 25.5
1 292.28 128.926 25.5
1 293.737 130.382 25.5
1 295.179 131.825 25.5
1 296.622 133.268 25.5
1 298.09 134.736 25.5
1 299.532 136.177 25.5
1 300.974 137.62 25.5
1 302.434 139.08 25.5
1 303.877 140.522 25.5
1 305.319 141.965 25
1 306.77 143.415 25.5
1 308.212 144.858 25.5
1 309.654 146.3 25.5
1 311.103 147.749 25.5
1 312.546 149.191 25.5
1 313.988 150.634 25.5
1 315.438 152.083 25.5
1 316.88 153.526 25.5
2 318.328 8.3e-08 25.5
2 319.784 1.45607 25.5
2 321.239 2.9107 25.5
2 322.686 4.35745 25.5
2 324.128 5.80019 25.5
2 325.571 7.24266 25.5
2 327.021 8.69272 25.5
2 328.462 10.1342 25.5
2 329.905 11.5767 25.5
2 331.36 13.0323 25.5
2 332.804 14.4756 25.5
2 334.246 15.9183 25.5
2 335.713 17.385 25.5
2 337.155 18.8271 25
2 338.599 20.2704 25.5
2 340.06 21.7316 25.5
2 341.502 23.1739 25.5
2 342.956 24.6279 25.5
2 344.41 26.0823 25.5
2 345.868 27.54 25.5
2 347.318 28.9899 25.5
2 348.76 30.4318 25.5
2 350.202 31.8738 25.5
2 351.668 33.3399 25.5
2 353.111 34.7825 25.5
2 354.547 36.219 25.5
2 356.013 37.6848 25.5
2 357.456 39.1278 25.5
2 358.898 40.5704 25.5
2 360.349 42.0205 25.5
2 361.791 43.4626 25.5
2 363.238 44.9101 25.5
2 364.689 46.3608 25.5
2 366.148 47.8195 25.5
2 367.59 49.2616 25.5
2 369.039 50.7108 25
2 370.491 52.1634 25.5
2 371.94 53.612 25.5
2 373.394 55.066 25.5
2 374.834 56.5063 25.5
2 376.284 57.9557 25.5
2 377.726 59.3974 25.5
2 379.168 60.84 25.5
2 380.639 62.311 25.5
2 382.082 63.7537 25.5
2 383.534 65.2056 25.5
2 384.984 66.6557 25.5
2 386.443 68.1144 25.5
2 387.885 69.5565 25.5
2 389.334 71.0057 25.5
2 390.786 72.4577 25.5
2 392.236 73.9076 25.5
2 393.677 75.3486 25.5
2 395.119 76.7907 25.5
2 396.568 78.2401 25.5
2 398.02 79.6915 25.5
2 399.462 81.1343 25.5
2 400.929 82.6011 25
2 402.37 84.0417 25.5
2 403.813 85.4844 25.5
2 405.273 86.9447 25.5
2 406.714 88.386 25.5
2 408.169 89.8408 25.5
2 409.623 91.2946 25
2 411.058 92.73 25.5
2 412.5 94.172 25.5
2 413.973 95.6445 25.5
2 415.414 97.086 25.5
2 416.865 98.5368 25.5
2 418.311 99.983 25.5
2 419.753 101.425 25
2 421.219 102.891 25.5
2 422.661 104.333 25.5
2 424.104 105.776 25.5
2 425.554 107.226 25.5
2 426.996 108.668 25.5
2 428.453 110.125 25.5
2 429.904 111.576 25.5
2 431.363 113.035 25.5
2 432.805 114.477 25.5
2 434.269 115.941 25.5
2 435.708 117.38 25.5
2 437.163 118.835 25.5
2 438.606 120.278 25.5
2 440.048 121.72 25.5
2 441.498 123.17 25.5
2 442.94 124.612 25.5
2 444.404 126.076 25.5
2 445.855 127.526 25.5
2 447.307 128.979 25.5
2 448.749 130.421 25.5
2 450.199 131.871 25.5
2 451.658 133.33 25
2 453.1 134.772 25.5
2 454.55 136.222 25.5
2 456.003 137.675 25.5
2 457.454 139.126 25.5
2 458.895 140.567 25
2 460.337 142.009 25.5
2 461.788 143.459 25.5
2 463.229 144.901 25.5
2 464.671 146.343 25.5
2 466.136 147.808 25
2 467.57 149.241 25
2 469.028 150.7 25
2 470.478 152.15 25.5
2 471.92 153.592 25.5
2 473.372 155.044 25.5
2 474.822 156.494 25.5
3 476.264 8.4e-08 25
3 477.707 1.44228 25.5
3 479.157 2.89293 25.5
3 480.599 4.33425 25.5
3 482.041 5.77619 25.5
3 483.491 7.22687 25.5
3 484.938 8.67398 25
3 486.38 10.1159 25.5
3 487.845 11.5803 25.5
3 489.283 13.019 25.5
3 490.743 14.4788 25.5
3 492.186 15.9212 25
3 493.628 17.3638 25.5
3 495.083 18.8185 25.5
3 496.525 20.2607 25.5
3 497.984 21.7194 25.5
3 499.433 23.1687 25
3 500.885 24.6209 25
3 502.327 26.0627 25
3 503.782 27.5172 25.5
3 505.224 28.9594 25.5
3 506.678 30.4135 25.5
3 508.132 31.8674 25.5
3 509.574 33.31 25
3 511.01 34.7457 25.5
3 512.483 36.2185 25.5
3 513.923 37.6589 25.5
3 515.39 39.1256 25
3 516.832 40.5678 25
3 518.284 42.0194 25
3 519.734 43.4699 25.5
3 521.189 44.9247 25.5
3 522.628 46.3633 25.5
3 524.078 47.8133 25.5
3 525.52 49.2557 25
3 526.961 50.697 25.5
3 528.432 52.1677 25.5
3 529.874 53.6096 25.5
3 531.325 55.0604 25.5
3 532.767 56.5031 25
3 534.22 57.9553 25
3 535.67 59.4052 25
3 537.125 60.8604 25.5
3 538.559 62.2944 25
3 540.015 63.7511 25
3 541.451 65.1866 25
3 542.893 66.6285 25
3 544.364 68.0999 25.5
3 545.806 69.542 25.5
3 547.263 70.999 25.5
3 548.71 72.4452 25
3 550.167 73.9025 25
3 551.618 75.3532 25
3 553.059 76.7951 25.5
3 554.511 78.2469 25.5
3 555.962 79.6977 25
3 557.405 81.1405 25.5
3 558.847 82.5829 25
3 560.297 84.0328 25.5
3 561.761 85.4968 25.5
3 563.203 86.9389 25.5
3 564.659 88.3951 25.5
3 566.101 89.8368 25
3 567.558 91.2935 25
3 569.004 92.74 25.5
3 570.462 94.1975 25.5
3 571.913 95.6486 25
3 573.356 97.0912 25
3 574.798 98.5333 25
3 576.257 99.9931 25.5
3 577.701 101.436 25.5
3 579.16 102.895 25.5
3 580.609 104.345 25
3 582.051 105.787 25
3 583.504 107.24 25
3 584.953 108.689 25.5
3 586.4 110.136 25.5
3 587.842 111.578 25
3 589.292 113.028 25
3 590.734 114.47 25
3 592.177 115.913 25
3 593.627 117.362 25.5
3 595.086 118.821 25.5
3 596.536 120.272 25.5
3 597.979 121.714 25
3 599.43 123.166 25
3 600.881 124.616 25
3 602.323 126.059 25.5
3 603.771 127.507 25.5
3 605.228 128.964 25
3 606.664 130.4 25
3 608.105 131.841 25
3 609.562 133.297 25.5
3 611.019 134.755 25.5
3 612.462 136.197 25.5
3 613.912 137.648 25
3 615.359 139.095 25
3 616.8 140.536 25.5
3 618.251 141.986 25.5
3 619.692 143.428 25.5
3 621.135 144.871 25
3 622.585 146.321 25
3 624.027 147.763 25
3 625.47 149.205 25
3 626.926 150.662 25.5
3 628.384 152.12 25.5
3 629.835 153.57 25
3 631.281 155.017 25
4 632.723 5.8e-08 25
4 634.173 1.45045 25.5
4 635.632 2.90892 25.5
4 637.074 4.35112 25.5
4 638.536 5.813 25
4 639.976 7.25307 25
4 641.419 8.69579 25
4 642.868 10.1456 25.5
4 644.31 11.5869 25.5
4 645.752 13.0294 25.5
4 647.207 14.4843 25
4 648.649 15.9266 25
4 650.09 17.3676 25.5
4 651.556 18.833 25.5
4 652.998 20.2751 25.5
4 654.458 21.7348 25
4 655.899 23.1761 25
4 657.346 24.6237 25
4 658.797 26.0741 25
4 660.24 27.5173 25.5
4 661.699 28.9762 25.5
4 663.148 30.4256 25.5
4 664.59 31.8673 25
4 666.032 33.3094 25.5
4 667.492 34.7691 25.5
4 668.934 36.2112 25.5
4 670.376 37.6536 25.5
4 671.831 39.1084 25
4 673.274 40.5512 25
4 674.716 41.9929 25
4 676.166 43.4432 25.5
4 677.609 44.886 25.5
4 679.056 46.3336 25.5
4 680.513 47.7905 25.5
4 681.956 49.2333 25
4 683.416 50.6933 25.5
4 684.858 52.135 25.5
4 686.3 53.5775 25.5
4 687.756 55.0331 25
4 689.199 56.4759 25.5
4 690.647 57.9238 25
4 692.103 59.3798 25.5
4 693.545 60.8225 25.5
4 694.98 62.2577 25.5
4 696.453 63.7301 25.5
4 697.893 65.1707 25
4 699.342 66.6189 25.5
4 700.792 68.0692 25.5
4 702.235 69.5118 25.5
4 703.683 70.9598 25.5
4 705.139 72.4161 25
4 706.582 73.8588 25.5
4 708.041 75.3185 25.5
4 709.483 76.7601 25.5
4 710.925 78.2024 25.5
4 712.376 79.6528 25.5
4 713.828 81.1048 25.5
4 715.27 82.5468 25.5
4 716.725 84.0025 25.5
4 718.178 85.4548 25.5
4 719.619 86.896 25.5
4 721.083 88.3599 25
4 722.521 89.798 25.5
4 723.967 91.2446 25
4 725.417 92.694 25.5
4 726.859 94.1365 25.5
4 728.302 95.5796 25.5
4 729.759 97.0361 25.5
4 731.194 98.4712 25.5
4 732.637 99.9138 25.5
4 734.104 101.381 25.5
4 735.546 102.824 25.5
4 737.001 104.278 25.5
4 738.444 105.721 25.5
4 739.891 107.168 25
4 741.341 108.618 25.5
4 742.783 110.06 25.5
4 744.225 111.502 25.5
4 745.681 112.959 25.5
4 747.139 114.416 25.5
4 748.582 115.859 25.5
4 750.037 117.314 25.5
4 751.48 118.757 25.5
4 752.922 120.199 25.5
4 754.387 121.664 25.5
4 755.829 123.106 25.5
4 757.292 124.57 25.5
4 758.731 126.008 25.5
4 760.172 127.45 25.5
4 761.623 128.9 25
4 763.081 130.358 25.5
4 764.516 131.793 25
4 765.983 133.26 25.5
4 767.425 134.702 25.5
4 768.866 136.144 25.5
4 770.321 137.598 25.5
4 771.762 139.04 25.5
4 773.204 140.482 25.5
4 774.66 141.938 25.5
4 776.103 143.38 25.5
4 777.546 144.824 25.5
4 779.002 146.28 25.5
4 780.459 147.736 25.5
4 781.908 149.185 25.5
4 783.365 150.642 25.5
4 784.805 152.082 25.5
4 786.267 153.544 25.5
4 787.709 154.986 25.5
4 789.152 156.429 25.5
4 790.611 157.888 25.5
5 792.053 8.1e-08 25.5
5 793.495 1.44188 25.5
5 794.945 2.89184 25.5
5 796.386 4.33315 25.5
5 797.828 5.7753 25.5
5 799.279 7.22581 25.5
5 800.72 8.66714 25.5
5 802.162 10.1089 25.5
5 803.616 11.5634 25.5
5 805.058 13.0054 25.5
5 806.5 14.4473 25.5
5 807.966 15.9129 25.5
5 809.408 17.3549 25.5
5 810.85 18.7968 25.5
5 812.31 20.2571 25.5
5 813.752 21.6992 25.5
5 815.219 23.1657 25.5
5 816.655 24.6018 25.5
5 818.112 26.0591 25.5
5 819.562 27.5091 25.5
5 821.014 28.9609 25.5
5 822.456 30.4031 25.5
5 823.919 31.8664 25.5
5 825.354 33.3014 25.5
5 826.797 34.7442 25.5
5 828.247 36.1941 25.5
5 829.704 37.6511 25.5
5 831.154 39.1017 25.5
5 832.607 40.5538 25.5
5 834.049 41.996 25.5
5 835.499 43.4463 25.5
5 836.947 44.894 25.5
5 838.389 46.3362 25.5
5 839.845 47.7922 25.5
5 841.297 49.244 25.5
5 842.739 50.686 25.5
5 844.189 52.1365 25.5
5 845.63 53.5768 25.5
5 847.072 55.0193 25.5
5 848.522 56.4697 25.5
5 849.974 57.9217 25.5
5 851.416 59.3632 25.5
5 852.871 60.8181 25.5
5 854.313 62.26 25.5
5 855.768 63.7154 25.5
5 857.218 65.165 25.5
5 858.661 66.6087 25.5
5 860.104 68.0511 25.5
5 861.57 69.5175 25.5
5 863.011 70.9583 25.5
5 864.478 72.4248 25.5
5 865.92 73.8677 25.5
5 867.373 75.3203 25.5
5 868.823 76.7704 25.5
5 870.279 78.226 25.5
5 871.719 79.6664 25.5
5 873.169 81.1157 25.5
5 874.611 82.5581 25.5
5 876.07 84.0172 25.5
5 877.515 85.4621 25.5
5 878.968 86.9148 25.5
5 880.417 88.3647 25.5
5 881.865 89.8119 25.5
5 883.307 91.2541 25.5
5 884.77 92.7175 25.5
5 886.205 94.152 25.5
5 887.648 95.5949 25.5
5 889.105 97.052 25.5
5 890.54 98.4876 25.5
5 892.004 99.9512 25.5
5 893.454 101.401 25.5
5 894.897 102.844 25.5
5 896.34 104.287 25.5
5 897.794 105.741 25.5
5 899.236 107.184 25.5
5 900.691 108.638 25.5
5 902.145 110.092 25.5
5 903.587 111.534 25.5
5 905.022 112.969 25.5
5 906.479 114.426 25.5
5 907.936 115.884 25.5
5 909.387 117.334 25.5
5 910.843 118.79 25.5
5 912.281 120.228 25.5
5 913.747 121.695 25.5
5 915.189 123.136 25.5
5 916.631 124.578 25.5
5 918.092 126.039 25.5
5 919.534 127.481 25.5
5 920.976 128.923 25.5
5 922.426 130.373 25.5
5 923.873 131.82 25.5
5 925.316 133.263 25.5
5 926.765 134.712 25.5
5 928.222 136.169 25.5
5 929.673 137.62 25.5
5 931.129 139.076 25.5
5 932.568 140.515 25.5
5 934.034 141.982 25.5
5 935.476 143.424 25.5
5 936.912 144.859 25.5
5 938.368 146.316 25.5
5 939.81 147.758 25.5
5 941.263 149.21 25.5
5 942.712 150.66 25.5
5 944.161 152.108 25.5
5 945.603 153.55 25.5
5 947.059 155.006 25.5
5 948.502 156.449 25.5
5 949.957 157.904 25.5
6 951.406 7e-08 25.5
6 952.847 1.44122 25.5
6 954.282 2.87672 25.5
6 955.741 4.33487 25.5
6 957.181 5.77516 25.5
6 958.616 7.21067 25.5
6 960.083 8.67681 25.5
6 961.525 10.1193 25.5
6 962.974 11.568 25.5
6 964.416 13.0105 25.5
6 965.864 14.4581 25.5
6 967.314 15.9085 25.5
6 968.762 17.3558 25.5
6 970.204 18.7981 25.5
6 971.676 20.27 25.5
6 973.118 21.7126 25.5
6 974.571 23.1651 25.5
6 976.02 24.6143 25.5
6 977.463 26.057 25.5
6 978.91 27.5047 25.5
6 980.366 28.9605 25.5
6 981.808 30.4025 25.5
6 983.268 31.8619 25.5
6 984.71 33.3047 25.5
6 986.153 34.7478 25.5
6 987.603 36.1975 25.5
6 989.044 37.6388 25.5
6 990.497 39.0917 25.5
6 991.954 40.5485 25.5
6 993.389 41.9837 25.5
6 994.847 43.4415 25.5
6 996.297 44.8909 25.5
6 997.738 46.3326 25.5
6 999.19 47.7845 25.5
6 1000.64 49.2349 25.5
6 1002.09 50.6884 25.5
6 1003.53 52.1281 25.5
6 1004.98 53.5775 25.5
6 1006.42 55.0187 25.5
6 1007.88 56.4767 25.5
6 1009.33 57.9211 25.5
6 1010.78 59.373 25.5
6 1012.23 60.8215 25.5
6 1013.67 62.2634 25.5
6 1015.12 63.7159 25.5
6 1016.57 65.1651 25.5
6 1018.01 66.6071 25.5
6 1019.47 68.0658 25.5
6 1020.92 69.5145 25.5
6 1022.36 70.9567 25.5
6 1023.8 72.3986 25.5
6 1025.25 73.848 25.5
6 1026.71 75.3051 25.5
6 1028.15 76.7471 25.5
6 1029.6 78.1977 25.5
6 1031.05 79.64 25.5
6 1032.49 81.0817 25.5
6 1033.94 82.5317 25.5
6 1035.4 83.9903 25.5
6 1036.84 85.4316 25.5
6 1038.29 86.8811 25.5
6 1039.73 88.3232 25.5
6 1041.17 89.7657 25.5
6 1042.64 91.2305 25.5
6 1044.08 92.6727 25.5
6 1045.54 94.1387 25.5
6 1046.99 95.5806 25.5
6 1048.44 97.0363 25.5
6 1049.89 98.4825 25.5
6 1051.34 99.9298 25.5
6 1052.78 101.371 25.5
6 1054.23 102.822 25.5
6 1055.67 104.264 25.5
6 1057.11 105.706 25.5
6 1058.56 107.156 25.5
6 1060.02 108.615 25.5
6 1061.46 110.057 25.5
6 1062.93 111.52 25.5
6 1064.37 112.96 25.5
6 1065.82 114.416 25.5
6 1067.26 115.858 25.5
6 1068.71 117.301 25.5
6 1070.16 118.75 25.5
6 1071.6 120.192 25.5
6 1073.06 121.655 25.5
6 1074.51 123.105 25.5
6 1075.95 124.548 25.5
6 1077.39 125.989 25.5
6 1078.86 127.452 25.5
6 1080.3 128.892 25.5
6 1081.74 130.334 25.5
6 1083.19 131.784 25.5
6 1084.63 133.226 25.5
6 1086.07 134.668 25.5
6 1087.52 136.118 25.5
6 1088.99 137.581 25.5
6 1090.44 139.03 25.5
6 1091.89 140.483 25.5
6 1093.33 141.924 25.5
6 1094.78 143.374 25.5
6 1096.24 144.832 25.5
6 1097.67 146.268 25.5
6 1099.14 147.736 25.5
6 1100.58 149.176 25.5
6 1102.02 150.617 25.5
6 1103.48 152.077 25.5
6 1104.93 153.519 25.5
6 1106.37 154.961 25.5
6 1107.82 156.41 25.5
6 1109.26 157.852 25.5
6 1110.7 159.294 25.5
6 1112.15 160.744 25.5
6 1113.6 162.199 25.5
7 1115.04 9.3e-08 25.5
7 1116.49 1.45622 25.5
7 1117.94 2.89881 25.5
7 1119.38 4.34019 25.5
7 1120.83 5.7893 25.5
7 1122.27 7.23159 25.5
7 1123.71 8.67354 25.5
7 1125.18 10.1369 25.5
7 1126.61 11.5746 25.5
7 1128.07 13.0293 25.5
7 1129.51 14.472 25.5
7 1130.95 15.9139 25.5
7 1132.42 17.3794 25.5
7 1133.86 18.8217 25.5
7 1135.32 20.2804 25.5
7 1136.77 21.7296 25.5
7 1138.21 23.1765 25.5
7 1139.66 24.6186 25.5
7 1141.11 26.0673 25.5
7 1142.56 27.5263 25.5
7 1144.01 28.968 25.5
7 1145.46 30.417 25.5
7 1146.91 31.8693 25.5
7 1148.36 33.3198 25.5
7 1149.8 34.7615 25.5
7 1151.24 36.2028 25.5
7 1152.71 37.6695 25.5
7 1154.14 39.1053 25.5
7 1155.6 40.5602 25.5
7 1157.04 42.0056 25.5
7 1158.5 43.4582 25.5
7 1159.94 44.8995 25.5
7 1161.39 46.3492 25.5
7 1162.83 47.7966 25.5
7 1164.28 49.2382 25.5
7 1165.73 50.6882 25.5
7 1167.17 52.1292 25.5
7 1168.61 53.5717 25.5
7 1170.06 55.022 25.5
7 1171.5 56.463 25.5
7 1172.94 57.9044 25.5
7 1174.4 59.3595 25.5
7 1175.84 60.8009 25.5
7 1177.29 62.2567 25.5
7 1178.74 63.7032 25.5
7 1180.19 65.1549 25.5
7 1181.64 66.6051 25.5
7 1183.09 68.0476 25.5
7 1184.53 69.4891 25.5
7 1185.98 70.9394 25.5
7 1187.43 72.3919 25.5
7 1188.87 73.8336 25.5
7 1190.34 75.2989 25.5
7 1191.78 76.7416 25.5
7 1193.22 78.1843 25.5
7 1194.68 79.6441 25.5
7 1196.12 81.0867 25.5
7 1197.57 82.5288 25.5
8 1199.02 6.6e-08 25.5
8 1200.46 1.4416 25.5
8 1201.91 2.88368 25.5
8 1203.35 4.33285 25.5
8 1204.8 5.77508 25.5
8 1206.24 7.21765 25.5
8 1207.69 8.66686 25.5
8 1209.13 10.1094 25.5
8 1210.58 11.5571 25.5
8 1212.04 13.0134 25.5
8 1213.49 14.4703 25.5
8 1214.94 15.9153 25.5
8 1216.38 17.362 25.5
8 1217.83 18.8034 25.5
8 1219.28 20.2533 25.5
8 1220.72 21.7001 25.5
8 1222.16 23.1421 25.5
8 1223.63 24.6072 25.5
8 1225.07 26.0483 25.5
8 1226.52 27.5002 25.5
8 1227.97 28.9493 25.5
8 1229.42 30.3967 25.5
8 1230.86 31.8383 25.5
8 1232.32 33.3011 25.5
8 1233.76 34.735 25.5
8 1235.2 36.1772 25.5
8 1236.65 37.6261 25.5
8 1238.11 39.0841 25.5
8 1239.56 40.5343 25.5
8 1241.01 41.9851 25.5
9 1242.45 5.6e-08 25.5
9 1243.9 1.45568 25.5
9 1245.35 2.89799 25.5
9 1246.8 4.35299 25.5
9 1248.25 5.80119 25.5
9 1249.69 7.24335 25.5
9 1251.13 8.67794 25.5
9 1252.58 10.133 25.5
9 1254.02 11.5747 25.5
9 1255.46 13.0099 25.5
9 1256.93 14.4803 25.5
9 1258.37 15.9219 25.5
9 1259.82 17.3686 25.5
9 1261.27 18.8186 25.5
9 1262.71 20.2602 25.5
9 1264.15 21.7061 25.5
9 1265.6 23.155 25.5
10 1267.06 5.9e-08 25.5
10 1268.49 1.43494 25.5
10 1269.95 2.8909 25.5
10 1271.39 4.3331 25.5
10 1272.84 5.78394 25.5
10 1274.28 7.22402 25.5
10 1275.73 8.67648 25.5
10 1277.18 10.1257 25.5
10 1278.62 11.567 25.5
11 1280.08 5.7e-08 26
11 1281.53 1.44938 26
11 1282.97 2.89109 26
11 1284.43 4.34931 26
11 1285.88 5.7993 26
11 1287.32 7.24294 26
11 1288.76 8.68353 26
12 1290.21 5.3e-08 26
12 1291.67 1.45645 26
12 1293.11 2.89821 26
12 1294.56 4.3487 26
13 1296.02 6.9e-08 26
13 1297.46 1.44111 26
13 1298.91 2.89075 26
14 1300.36 6.4e-08 26
14 1301.81 1.4497 26.5
14 1303.25 2.89065 26.5
15 1304.69 5.1e-08 26.5
15 1306.14 1.45143 26.5
15 1307.59 2.89475 26.5
16 1309.04 1.13e-07 26.5
16 1310.49 1.45657 26.5
16 1311.94 2.90865 26.5
17 1313.39 1.06e-07 26.5
17 1314.84 1.45054 26.5
17 1316.29 2.90323 26.5
18 1317.73 6.6e-08 26.5
18 1319.18 1.45019 26.5
19 1320.64 8.5e-08 26.5
19 1322.08 1.44192 26.5
19 1323.53 2.8913 26.5
20 1324.98 5.2e-08 26.5
20 1326.42 1.44282 26.5
20 1327.88 2.90753 26.5
21 1329.33 7.2e-08 26.5
21 1330.78 1.45001 26.5
22 1332.23 7.2e-08 26.5
22 1333.68 1.44277 26.5
22 1335.14 2.9056 26.5
23 1336.58 5.8e-08 26.5
23 1338.03 1.44759 26.5
23 1339.48 2.89831 26.5
24 1340.92 5.9e-08 26.5
24 1342.36 1.44249 26.5
25 1344.01 1.55e-07 26.5
25 1345.44 1.43176 26.5
25 1346.89 2.87436 26.5
26 1348.36 6.1e-08 26.5
26 1349.8 1.44227 26.5
26 1351.26 2.89793 25.5
27 1353.2 1.51e-07 26.5
27 1354.66 1.45863 26.5
27 1356.11 2.90629 26
28 1359.05 1.03e-07 26.5
28 1360.49 1.43976 26.5
28 1361.93 2.88233 26
29 1367.09 1.56e-07 26.5
29 1368.53 1.44298 26.5
29 1369.97 2.8844 26
30 1379.13 1.45e-07 26.5
30 1380.56 1.43418 26.5
30 1382 2.8764 25.5
