0 6.46244 9e-08 20.5
0 9.35767 2.89523 20.5
0 10.8001 4.33765 20.5
0 12.2452 5.78271 20.5
0 13.6945 7.23208 20.5
1 15.135 1.02e-07 20.5
1 16.5746 1.43965 20.5
1 18.0337 2.89869 20.5
1 19.4749 4.33987 20.5
1 20.9272 5.79225 20.5
1 22.3699 7.23497 20.5
2 23.8123 6.5e-08 20.5
2 25.2617 1.44946 20.5
2 26.7041 2.89186 20.5
2 28.1832 4.3709 20.5
2 29.6448 5.8325 20.5
2 31.109 7.29677 20.5
3 32.5762 6.9e-08 20.5
3 34.024 1.44779 20.5
3 35.4702 2.89395 20.5
3 36.9194 4.34323 20.5
3 38.3816 5.80534 20.5
3 39.836 7.2598 20.5
3 41.2949 8.71872 20.5
4 42.7428 8e-08 20.5
4 44.1922 1.44948 20.5
4 45.6396 2.89681 20.5
4 47.0805 4.33778 20.5
4 48.5466 5.80386 20.5
4 49.9939 7.25119 20.5
4 51.4539 8.71117 21
5 52.9114 1.36e-07 21
5 54.3644 1.45303 21
5 55.8277 2.91627 21
5 57.2706 4.35917 21
5 58.7152 5.80383 21
5 60.173 7.26162 21
5 61.6198 8.70837 21
5 63.0865 10.1751 21
5 64.5336 11.6222 21
6 65.9773 6.2e-08 21
6 67.4501 1.47278 21
6 68.9024 2.92509 21
6 70.3694 4.39205 21
6 71.8177 5.84033 21
6 73.2666 7.2893 21
7 74.7328 1.01e-07 21
7 76.1867 1.45385 21
7 77.6489 2.91608 21.5
8 79.0847 8.2e-08 21.5
8 80.5259 1.44127 21.5
9 81.9989 1.04e-07 21.5
9 83.4564 1.45746 22
10 84.9009 7.9e-08 22
10 86.351 1.45011 22
11 87.7948 8.3e-08 22
12 89.2441 7.8e-08 22
13 90.6912 1.01e-07 22
13 92.1351 1.44386 22
14 93.603 7.6e-08 22
15 95.0469 8.8e-08 22
16 96.496 6.7e-08 22
16 97.9534 1.45743 22
17 99.3972 7.7e-08 22
18 100.849 7.7e-08 22
19 102.293 7.8e-08 22
19 103.742 1.44897 22
20 105.193 7.4e-08 22
21 106.651 7.7e-08 22
22 108.094 6.3e-08 22
22 109.55 1.45567 22
23 110.999 8.1e-08 21
24 112.441 8.2e-08 22
24 113.898 1.45683 22
25 115.342 8.9e-08 22
26 117.692 1.54e-07 22
26 119.134 1.4419 21
27 121.678 1.56e-07 22
27 123.121 1.44278 21
28 127.673 1.44e-07 22
28 129.122 1.44844 21
29 137.67 1.55e-07 22
29 139.125 1.45433 21
