0 3.2844 1.06e-07 23
0 6.16951 2.88511 23
0 7.62305 4.33865 23
0 9.0664 5.782 23
0 10.5113 7.22691 23
0 11.9691 8.68469 23
0 13.4133 10.1289 23
0 14.8669 11.5825 23
0 16.3097 13.0253 23
0 17.7541 14.4697 23
0 19.2061 15.9217 23
0 20.6505 17.3661 23
0 22.0954 18.811 23
0 23.5528 20.2684 23
0 24.9975 21.7131 23
0 26.4415 23.1571 23
1 27.8936 1.18e-07 23
1 29.3376 1.44403 23
1 30.7817 2.88814 23
1 32.2339 4.34034 23
1 33.678 5.78442 23
1 35.1227 7.2291 23
1 36.5801 8.68649 23
1 38.0246 10.131 23
1 39.4765 11.583 23
1 40.9212 13.0276 23
1 42.3656 14.4721 23
1 43.8177 15.9241 23
1 45.262 17.3684 23
1 46.7059 18.8124 23
1 48.1647 20.2712 23
1 49.609 21.7155 23
1 51.0532 23.1596 23
2 52.5062 9.6e-08 23
2 53.9503 1.44411 23
2 55.3946 2.88836 23
2 56.8479 4.34168 23
2 58.2913 5.78507 23
2 59.7354 7.22919 23
2 61.1934 8.68719 23
2 62.6382 10.132 23
2 64.0899 11.5837 23
2 65.5348 13.0286 23
2 66.9793 14.4731 23
2 68.4312 15.925 23
2 69.8756 17.3694 23
2 71.32 18.8138 23
2 72.7782 20.272 23
2 74.2222 21.716 23
2 75.667 23.1608 23
2 77.1199 24.6137 23
3 78.5639 9.9e-08 23
3 80.0089 1.44498 23
3 81.46 2.89606 23
3 82.904 4.34005 23
3 84.3482 5.7843 23
3 85.8064 7.24247 23
3 87.2509 8.68694 23
3 88.7025 10.1386 23
3 90.1465 11.5825 23
3 91.5906 13.0266 23
3 93.0431 14.4791 23
3 94.487 15.9231 23
3 95.9318 17.3678 23
3 97.3944 18.8305 23
3 98.8348 20.2708 23
3 100.279 21.7149 23
3 101.731 23.1671 23
3 103.176 24.6117 23
4 104.62 7.7e-08 23
4 106.072 1.45213 23
4 107.516 2.8962 23
4 108.96 4.33988 23
4 110.418 5.79772 23
4 111.861 7.24145 23
4 113.313 8.69344 23
4 114.757 10.137 23
4 116.2 11.5804 23
5 117.651 8.7e-08 23
5 119.093 1.44154 23
5 120.535 2.88393 23
5 121.986 4.33459 23
5 123.429 5.77772 23
6 124.872 7.9e-08 23
6 126.322 1.44999 23
6 127.764 2.89162 23.5
7 129.207 6.1e-08 23.5
7 130.663 1.45694 24
9 132.107 7.6e-08 24.5
10 133.551 6.5e-08 25
12 135.003 7.1e-08 25
15 136.447 6e-08 25
17 137.892 9e-08 25
20 139.344 7.6e-08 25
22 140.788 7.1e-08 23.5
24 142.432 1.7e-07 23.5
25 144.279 1.88e-07 23.5
26 147.128 1.15e-07 23.5
27 152.274 1.62e-07 23.5
