        type trial_config ert_flop   unroll  buffers        nsize       trials       microsecs        bytes        flops         GB/s         GF/s
       float    coalesced      603        5        1           20     16777216   113470665.313    671088640  50583306240        0.006        0.446
       float    coalesced      603        5        1           40     16777216   113470624.370   1342177280 101166612480        0.012        0.892
       float    coalesced      603        5        1           80     16777216   114150935.668   2684354560 202333224960        0.024        1.773
       float    coalesced      603        5        1          160     16777216   114561612.248   5368709120 404666449920        0.047        3.532
       float    coalesced      603        5        1          320     13421772    93104135.948   8589934080 647466281280        0.092        6.954
       float    coalesced      603        5        1          640      6710886    47134152.852   8589934080 647466281280        0.182       13.737
       float    coalesced      603        5        1         1280      3355443    24244620.070   8589934080 647466281280        0.354       26.706
       float    coalesced      603        5        1         2560      1677721    13093072.398   8589931520 647466088320        0.656       49.451
       float    coalesced      603        5        1         5120       838860     6983161.629   8589926400 647465702400        1.230       92.718
       float    coalesced      603        5        1        10240       419430     4146405.958   8589926400 647465702400        2.072      156.151
       float    coalesced      603        5        1        20480       209715     2727949.806   8589926400 647465702400        3.149      237.345
       float    coalesced      603        5        1        40960       104857     2008824.214   8589885440 647462615040        4.276      322.309
       float    coalesced      603        5        1        81920        52428     1647684.300   8589803520 647456440320        5.213      392.949
       float    coalesced      603        5        1       163840        26214     1470648.036   8589803520 647456440320        5.841      440.252
       float    coalesced      603        5        1       327680        13107     1381144.767   8589803520 647456440320        6.219      468.782
       float    coalesced      603        5        1       655360         6553     1336305.365   8589148160 647407042560        6.428      484.475
       float    coalesced      603        5        1      1310720         3276     1313978.830   8587837440 647308247040        6.536      492.632
       float    coalesced      603        5        1      2621440         1638     1302895.810   8587837440 647308247040        6.591      496.823
       float    coalesced      603        5        1      5242880          819     1297225.629   8587837440 647308247040        6.620      498.994
       float    coalesced      603        5        1     10485760          409     1293019.597   8577351680 646517882880        6.634      500.006
       float    coalesced      603        5        1     20971520          204     1288403.630   8556380160 644937154560        6.641      500.571
       float    coalesced      603        5        1     41943040          102     1287685.959   8556380160 644937154560        6.645      500.850
       float    coalesced      603        5        1     83886080           51     1287265.891   8556380160 644937154560        6.647      501.013
       float    coalesced      603        5        1    167772160           25     1261872.367   8388608000 632291328000        6.648      501.074
       float    coalesced      603        5        1    335544320           12     1211384.917   8053063680 606999674880        6.648      501.079
       float    coalesced      603        5        1    671088640            6     1211291.688   8053063680 606999674880        6.648      501.118
       float    coalesced      603        5        1   1342177280            3     1211332.326   8053063680 606999674880        6.648      501.101
       float    coalesced      603        5        1   2684354560            1      807627.170   5368709120 404666449920        6.648      501.056
