0 3.35431 1.13e-07 20.5
0 6.24726 2.89295 20.5
0 7.68697 4.33266 20.5
0 9.1364 5.78209 20.5
0 10.581 7.22667 20.5
0 12.0238 8.6695 20.5
1 13.4751 1.19e-07 20.5
1 14.9149 1.43978 20.5
1 16.3627 2.88754 20.5
1 17.8139 4.3388 20.5
1 19.2552 5.78006 20.5
1 20.73 7.25491 20.5
1 22.1868 8.71173 20.5
2 23.6283 9.9e-08 20.5
2 25.0795 1.45116 20.5
2 26.5224 2.89405 20.5
2 27.9934 4.36501 20.5
2 29.4534 5.82508 20.5
2 30.9126 7.28421 20.5
2 32.3782 8.74989 20.5
2 33.8212 10.1929 20.5
3 35.2721 1.02e-07 20.5
3 36.7188 1.44668 20.5
3 38.1788 2.9067 20.5
3 39.6412 4.36911 20.5
3 41.1016 5.82945 20.5
3 42.5535 7.28141 20.5
3 44.007 8.73489 20.5
3 45.4507 10.1786 20.5
4 46.9078 7.8e-08 20.5
4 48.3511 1.44331 20.5
4 49.7928 2.88495 20.5
4 51.254 4.34618 20.5
4 52.7132 5.80536 20.5
4 54.174 7.26622 20.5
4 55.6322 8.72444 20.5
4 57.0717 10.1639 20.5
5 58.5239 6.9e-08 20.5
5 59.9683 1.44441 20.5
5 61.4115 2.88764 21
5 62.8772 4.35327 20.5
5 64.3179 5.79399 20.5
5 65.7802 7.25634 20.5
5 67.2241 8.70017 20.5
5 68.6834 10.1595 20.5
5 70.135 11.6111 20.5
5 71.5782 13.0543 20.5
6 73.021 8.9e-08 21
6 74.4722 1.45118 21
6 75.9151 2.89409 21
6 77.3864 4.36544 21
6 78.8308 5.80982 21
6 80.291 7.27007 21
7 81.7437 6.1e-08 21
7 83.1873 1.44361 21
7 84.6305 2.88683 21
7 86.0804 4.3367 21
8 87.5238 8.9e-08 21
8 88.9731 1.44926 21
9 90.4242 5.5e-08 21
9 91.876 1.45185 21
10 93.3271 6.8e-08 21
10 94.7704 1.44325 21
11 96.2136 9.4e-08 21
12 97.6694 5.1e-08 21
12 99.1119 1.44252 21
13 100.564 6.7e-08 21
14 102.015 6.9e-08 21
15 103.458 7.6e-08 21
15 104.907 1.44913 21
16 106.368 7.6e-08 21
17 107.811 7e-08 21
18 109.26 5.5e-08 21
19 110.702 6.5e-08 21
19 112.145 1.44274 21.5
20 113.602 9.7e-08 21.5
21 115.045 3.7e-08 21.5
22 116.487 7.2e-08 21.5
22 117.949 1.4617 21
23 119.391 6.3e-08 21
24 120.84 4.9e-08 21
25 122.491 1.13e-07 21
25 123.934 1.44249 21.5
26 125.376 6.1e-08 21
27 127.928 4.78e-07 21
27 129.367 1.43984 21
28 132.112 1.55e-07 21
28 133.556 1.44384 21
29 138.307 1.01e-07 21.5
29 139.753 1.44674 21
