0 6.7203 8.2e-08 25.5
0 9.61283 2.89253 25.5
0 11.0557 4.33538 25.5
0 12.5104 5.79015 25.5
0 13.9505 7.23021 25.5
0 15.3956 8.67526 25.5
0 16.8464 10.1261 25.5
0 18.287 11.5667 25.5
0 19.7298 13.0095 25.5
0 21.1828 14.4625 25.5
0 22.6256 15.9053 25.5
0 24.0666 17.3463 25.5
0 25.5171 18.7968 25.5
0 26.9623 20.242 25.5
0 28.4059 21.6856 25.5
0 29.8568 23.1365 25.5
0 31.2995 24.5792 25.5
0 32.7399 26.0196 25.5
0 34.1978 27.4775 25.5
0 35.6413 28.921 25.5
0 37.0778 30.3575 25.5
0 38.5344 31.8141 25.5
0 39.9933 33.273 25.5
0 41.4418 34.7215 25.5
0 42.908 36.1877 25.5
0 44.379 37.6587 25.5
0 45.8443 39.124 25.5
0 47.3098 40.5895 25.5
0 48.7502 42.0299 25.5
0 50.223 43.5028 25.5
0 51.6705 44.9502 25.5
0 53.1214 46.4011 25.5
0 54.5643 47.844 25.5
0 56.0232 49.303 25.5
0 57.4732 50.7529 25.5
0 58.9313 52.211 25.5
0 60.379 53.6587 25.5
0 61.8452 55.1249 25.5
0 63.2976 56.5773 25.5
0 64.749 58.0287 25.5
0 66.2019 59.4816 25.5
0 67.6611 60.9408 25.5
0 69.1227 62.4024 25.5
0 70.5704 63.8501 25.5
0 72.0131 65.2928 25.5
1 73.464 9.8e-08 25.5
1 74.929 1.46497 25
1 76.3846 2.92058 25.5
1 77.8327 4.36867 25.5
1 79.2927 5.82865 25.5
1 80.7538 7.28973 25.5
1 82.2017 8.73767 25.5
1 83.6445 10.1805 25
1 85.1106 11.6466 25.5
1 86.5543 13.0903 25.5
1 88.0152 14.5512 25.5
1 89.462 15.998 25.5
1 90.9102 17.4462 25.5
1 92.3777 18.9137 25.5
1 93.8209 20.3568 25.5
1 95.2741 21.81 25.5
1 96.742 23.2779 25.5
1 98.186 24.7219 25
1 99.638 26.1739 25.5
1 101.091 27.6271 25.5
1 102.534 29.0695 25.5
1 103.985 30.5211 25.5
1 105.446 31.9818 25
1 106.888 33.4238 25.5
1 108.349 34.8845 25.5
1 109.792 36.3275 25.5
1 111.24 37.7763 25.5
1 112.691 39.2266 25
1 114.15 40.6861 25
1 115.602 42.1376 25
1 117.044 43.58 25.5
1 118.486 45.022 25
1 119.947 46.4833 25.5
1 121.406 47.9419 25
1 122.839 49.3747 25
1 124.296 50.8317 25
1 125.739 52.2753 25.5
1 127.192 53.7282 25.5
1 128.642 55.1783 25
1 130.086 56.6219 25
1 131.528 58.064 25
1 132.988 59.5244 25
1 134.43 60.9658 25
1 135.873 62.409 25
1 137.34 63.8757 25.5
2 138.781 7.4e-08 25.5
2 140.237 1.45519 25.5
2 141.679 2.89781 25.5
2 143.126 4.34476 25.5
2 144.576 5.79504 25.5
2 146.019 7.23721 25.5
2 147.462 8.68032 25
2 148.919 10.1375 25.5
2 150.362 11.5806 25.5
2 151.798 13.0167 25.5
2 153.253 14.472 25.5
2 154.712 15.9309 25.5
2 156.155 17.3733 25.5
2 157.606 18.8249 25.5
2 159.066 20.2848 25.5
2 160.518 21.7363 25.5
2 161.974 23.1924 25.5
2 163.412 24.6308 25.5
2 164.88 26.0982 25.5
2 166.323 27.5418 25.5
2 167.767 28.9852 25.5
2 169.227 30.4455 25.5
2 170.669 31.8881 25.5
2 172.113 33.3314 25.5
2 173.58 34.7989 25.5
2 175.024 36.2424 25.5
2 176.479 37.6977 25.5
2 177.922 39.141 25.5
2 179.375 40.594 25.5
2 180.826 42.0445 25.5
2 182.268 43.4867 25.5
2 183.711 44.9299 25.5
2 185.169 46.3873 25.5
2 186.627 47.8457 25.5
2 188.07 49.2888 25.5
2 189.526 50.7447 25.5
2 190.969 52.1873 25.5
2 192.412 53.6303 25.5
2 193.878 55.097 25.5
2 195.32 56.5388 25.5
2 196.783 58.002 25
2 198.224 59.4427 25.5
2 199.666 60.885 25.5
2 201.115 62.3341 25.5
2 202.558 63.7771 25.5
3 204.002 7.3e-08 25.5
3 205.458 1.4567 25.5
3 206.916 2.91455 25.5
3 208.359 4.35739 25.5
3 209.814 5.81199 25.5
3 211.256 7.25443 25.5
3 212.698 8.69619 25.5
3 214.164 10.1622 25.5
3 215.605 11.6039 25.5
3 217.053 13.0516 25.5
3 218.497 14.4958 25.5
3 219.955 15.9534 25.5
3 221.405 17.4032 25.5
3 222.847 18.8458 25.5
3 224.295 20.2935 25.5
3 225.751 21.7498 25.5
3 227.194 23.1924 25.5
3 228.646 24.644 25.5
3 230.095 26.0939 25.5
3 231.543 27.5417 25.5
3 232.986 28.9841 25.5
3 234.436 30.4346 25.5
3 235.879 31.8771 25.5
3 237.32 33.3184 25.5
3 238.77 34.7682 25.5
3 240.228 36.2267 25.5
3 241.671 37.6691 25.5
3 243.119 39.1177 25.5
3 244.571 40.5697 25.5
3 246.022 42.0203 25.5
3 247.476 43.4745 25.5
3 248.915 44.9138 25.5
3 250.372 46.37 25.5
3 251.814 47.8123 25.5
3 253.249 49.2475 25.5
3 254.704 50.7028 25.5
3 256.157 52.155 25.5
3 257.598 53.5962 25.5
3 259.048 55.0463 25.5
3 260.496 56.4944 25.5
3 261.937 57.9359 25.5
3 263.4 59.398 25.5
3 264.835 60.833 25.5
3 266.277 62.2759 25.5
3 267.733 63.7315 25.5
4 269.171 8.5e-08 25.5
4 270.611 1.44018 25.5
4 272.083 2.91204 25.5
4 273.525 4.35379 25.5
4 274.976 5.80484 25.5
4 276.423 7.25218 25.5
4 277.866 8.69522 25.5
4 279.323 10.1518 25.5
4 280.759 11.588 25.5
4 282.217 13.0459 25.5
4 283.667 14.4963 25.5
4 285.125 15.9539 25.5
4 286.565 17.3944 25.5
4 288.03 18.8591 25.5
4 289.472 20.3014 25.5
4 290.933 21.7624 25.5
4 292.375 23.204 25.5
4 293.83 24.6593 25.5
4 295.284 26.1132 25.5
4 296.726 27.5557 25.5
4 298.162 28.9914 25.5
4 299.618 30.447 25.5
4 301.076 31.9051 25.5
4 302.518 33.3475 25.5
4 303.983 34.812 25.5
4 305.416 36.2452 25.5
4 306.864 37.693 25.5
4 308.319 39.1484 25.5
4 309.762 40.5913 25.5
4 311.223 42.0523 25.5
4 312.664 43.4937 25.5
4 314.107 44.9361 25.5
4 315.558 46.3872 25.5
4 317.001 47.8303 25.5
4 318.46 49.2889 25.5
4 319.909 50.738 25.5
4 321.361 52.1902 25.5
5 322.804 9.1e-08 25.5
5 324.254 1.44998 25.5
5 325.696 2.89222 25.5
5 327.137 4.33381 25.5
5 328.604 5.80055 25.5
5 330.047 7.24304 25.5
5 331.483 8.67904 25.5
5 332.938 10.1348 25.5
5 334.381 11.5774 25.5
5 335.823 13.0194 25.5
5 337.272 14.4685 25.5
5 338.73 15.9261 25.5
5 340.179 17.3757 25.5
5 341.621 18.8176 25.5
5 343.079 20.2757 25.5
5 344.529 21.7254 25.5
5 345.984 23.1805 25.5
5 347.423 24.6199 25.5
5 348.879 26.0752 25.5
6 350.322 9.8e-08 25.5
6 351.766 1.44342 25.5
6 353.223 2.90121 25.5
6 354.682 4.36009 25.5
6 356.133 5.81077 25.5
6 357.577 7.2544 25.5
6 359.036 8.71378 25.5
6 360.488 10.1654 25.5
6 361.931 11.6093 25.5
6 363.385 13.0632 26
7 364.835 5.7e-08 26
7 366.291 1.45512 26
7 367.725 2.88982 26
7 369.181 4.34603 26
7 370.624 5.78903 26.5
8 372.076 1.21e-07 26.5
8 373.519 1.44263 26.5
8 374.971 2.89521 27
9 376.422 7.2e-08 27
9 377.878 1.45625 28
10 379.312 5.3e-08 28
10 380.779 1.46725 28.5
11 382.222 5.1e-08 29
12 383.664 5.5e-08 29
13 385.114 5.6e-08 29
14 386.556 5.8e-08 29
15 388.004 7.1e-08 29.5
16 389.454 7.2e-08 29.5
17 390.912 7.2e-08 29.5
18 392.354 5.1e-08 29.5
19 393.804 5.9e-08 29.5
20 395.257 5.2e-08 29.5
21 396.707 6.2e-08 29.5
22 398.162 6.5e-08 29.5
23 399.602 5.3e-08 26
24 401.058 7.1e-08 26
25 403.402 1.53e-07 28
26 407.244 1.47e-07 29.5
27 413.785 1.42e-07 25.5
