        type trial_config ert_flop   unroll  buffers        nsize       trials       microsecs        bytes        flops         GB/s         GF/s
 signed_char    coalesced        2      128        1          128     16777216     5820791.234   4294967296   4294967296        0.738        0.738
 signed_char    coalesced        2      128        1          256     16777216     6041895.108   8589934592   8589934592        1.422        1.422
 signed_char    coalesced        2      128        1          512      8388608     3328823.656   8589934592   8589934592        2.580        2.580
 signed_char    coalesced        2      128        1         1024      4194304     1870516.270   8589934592   8589934592        4.592        4.592
 signed_char    coalesced        2      128        1         2048      2097152     1091178.199   8589934592   8589934592        7.872        7.872
 signed_char    coalesced        2      128        1         4096      1048576      654779.504   8589934592   8589934592       13.119       13.119
 signed_char    coalesced        2      128        1         8192       524288      430803.534   8589934592   8589934592       19.939       19.939
 signed_char    coalesced        2      128        1        16384       262144      325228.044   8589934592   8589934592       26.412       26.412
 signed_char    coalesced        2      128        1        32768       131072      289567.623   8589934592   8589934592       29.665       29.665
 signed_char    coalesced        2      128        1        65536        65536      291704.914   8589934592   8589934592       29.447       29.447
 signed_char    coalesced        2      128        1       131072        32768      291550.616   8589934592   8589934592       29.463       29.463
 signed_char    coalesced        2      128        1       262144        16384      290739.312   8589934592   8589934592       29.545       29.545
 signed_char    coalesced        2      128        1       524288         8192      290316.574   8589934592   8589934592       29.588       29.588
 signed_char    coalesced        2      128        1      1048576         4096      289622.419   8589934592   8589934592       29.659       29.659
 signed_char    coalesced        2      128        1      2097152         2048      289037.677   8589934592   8589934592       29.719       29.719
 signed_char    coalesced        2      128        1      4194304         1024      288928.633   8589934592   8589934592       29.730       29.730
 signed_char    coalesced        2      128        1      8388608          512      288875.829   8589934592   8589934592       29.736       29.736
 signed_char    coalesced        2      128        1     16777216          256      288819.280   8589934592   8589934592       29.742       29.742
 signed_char    coalesced        2      128        1     33554432          128      288805.881   8589934592   8589934592       29.743       29.743
 signed_char    coalesced        2      128        1     67108864           64      288809.613   8589934592   8589934592       29.743       29.743
 signed_char    coalesced        2      128        1    134217728           32      288810.638   8589934592   8589934592       29.742       29.742
 signed_char    coalesced        2      128        1    268435456           16      288792.209   8589934592   8589934592       29.744       29.744
 signed_char    coalesced        2      128        1    536870912            8      288828.508   8589934592   8589934592       29.741       29.741
 signed_char    coalesced        2      128        1   1073741824            4      288766.559   8589934592   8589934592       29.747       29.747
 signed_char    coalesced        2      128        1   2147483648            2      288757.790   8589934592   8589934592       29.748       29.748
 signed_char    coalesced        2      128        1   4293918720            1      288721.588   8587837440   8587837440       29.744       29.744
