0 3.46126 1.37e-07 26.5
0 6.34626 2.88501 26.5
0 7.79715 4.33589 26.5
0 9.23658 5.77532 26.5
0 10.6792 7.21796 26.5
0 12.1289 8.66763 26.5
0 13.5738 10.1125 26.5
0 15.0065 11.5453 26.5
0 16.4658 13.0045 26.5
0 17.9019 14.4406 26.5
0 19.362 15.9007 26.5
0 20.8226 17.3613 26.5
0 22.2744 18.8132 26.5
0 23.7168 20.2555 26.5
0 25.1681 21.7068 26.5
0 26.6328 23.1715 26.5
0 28.0943 24.633 26.5
0 29.5374 26.0761 26.5
0 30.9908 27.5295 26.5
0 32.4587 28.9974 26.5
0 33.902 30.4408 26.5
0 35.3616 31.9003 26.5
0 36.813 33.3518 26.5
1 38.2564 9.2e-08 26.5
1 39.6991 1.4427 26.5
1 41.1506 2.89422 26.5
1 42.5942 4.33776 26.5
1 44.0422 5.7858 26.5
1 45.5079 7.25143 26.5
1 46.9665 8.7101 26.5
1 48.4231 10.1667 26.5
1 49.8659 11.6095 26.5
1 51.3078 13.0513 26.5
1 52.7802 14.5237 26.5
1 54.2332 15.9768 26.5
1 55.6753 17.4188 26.5
1 57.1264 18.87 26.5
1 58.5801 20.3237 26.5
1 60.0231 21.7667 26.5
1 61.4907 23.2343 26.5
1 62.9343 24.6778 26.5
1 64.3714 26.115 26.5
1 65.829 27.5726 26.5
1 67.2883 29.0319 26.5
1 68.7401 30.4837 26.5
1 70.1879 31.9314 26.5
2 71.631 1.08e-07 26.5
2 73.0823 1.45124 26.5
2 74.5263 2.89527 26.5
2 75.9693 4.33827 26.5
2 77.4209 5.78986 26.5
2 78.8643 7.23326 26.5
2 80.3175 8.68652 26.5
2 81.7742 10.1432 26.5
2 83.2323 11.6013 26.5
2 84.6712 13.0402 26.5
2 86.1323 14.5013 26.5
2 87.5761 15.9451 26.5
2 89.019 17.388 26.5
2 90.4707 18.8396 26.5
2 91.9144 20.2834 26.5
2 93.3575 21.7265 26.5
2 94.8306 23.1996 26.5
2 96.2728 24.6418 26.5
2 97.7158 26.0848 26.5
2 99.1769 27.5459 26.5
2 100.62 28.9892 26.5
2 102.07 30.439 26.5
2 103.513 31.882 26.5
2 104.956 33.3248 26.5
3 106.407 9.4e-08 26.5
3 107.85 1.44368 26.5
3 109.294 2.88728 26.5
3 110.744 4.33728 26.5
3 112.186 5.77948 26.5
3 113.629 7.22235 26.5
3 115.08 8.67297 26.5
3 116.533 10.1261 26.5
3 117.975 11.5686 26.5
3 119.426 13.0194 26.5
3 120.868 14.4618 26.5
3 122.311 15.9047 26.5
4 123.763 9.5e-08 26.5
4 125.206 1.44283 26.5
4 126.649 2.88629 26.5
4 128.1 4.33763 26.5
4 129.543 5.7805 26.5
4 130.987 7.22414 26.5
5 132.439 8.9e-08 26.5
5 133.882 1.4436 26.5
5 135.326 2.88693 26.5
5 136.777 4.33829 27
6 138.225 7.8e-08 27
7 139.669 6.3e-08 28
8 141.12 6.4e-08 29
11 142.563 8.2e-08 30
15 144.006 4.1e-08 30
19 145.473 7.1e-08 27
22 146.916 7.2e-08 27
24 149.161 1.44e-07 27
25 151.704 1e-07 27
26 156.441 1e-07 27
