0 6.62018 8.2e-08 21
0 9.50216 2.88198 21
0 10.9545 4.33436 21
0 12.3966 5.77638 21
0 13.8385 7.21834 21
0 15.2923 8.67213 21
1 16.7327 1.28e-07 21
1 18.1753 1.44264 21
1 19.6275 2.89484 21
1 21.0678 4.33512 21
1 22.5093 5.77668 21
1 23.9683 7.23567 21
2 25.4117 6.2e-08 21
2 26.8609 1.44923 21
2 28.3 2.88837 21
2 29.7435 4.33185 21
2 31.1941 5.7824 21
2 32.6526 7.24093 21
3 34.1055 6.2e-08 21
3 35.5724 1.46691 21
3 37.0252 2.91977 21.5
3 38.4761 4.37062 21
3 39.9397 5.83426 21.5
3 41.3917 7.28621 21
3 42.8562 8.75077 21
4 44.3091 5.9e-08 21.5
4 45.7606 1.4515 21.5
4 47.2191 2.90999 21.5
4 48.6718 4.36268 21.5
5 50.1388 6.2e-08 21.5
5 51.591 1.45215 21.5
5 53.0415 2.90263 22.5
6 54.5049 9.9e-08 23
7 55.9581 6.5e-08 23.5
9 57.4237 7.8e-08 24
11 58.8744 5.7e-08 24
13 60.325 7.8e-08 24
14 61.7833 5.5e-08 24
16 63.2354 5.5e-08 24.5
18 64.7029 5.4e-08 24.5
20 66.1556 6.7e-08 24.5
22 67.7062 1.55e-07 21.5
23 69.1483 7.4e-08 21.5
24 70.8002 1.44e-07 21.5
25 73.5534 1.54e-07 21.5
26 78.5094 1.45e-07 21.5
27 87.6578 9.6e-08 21.5
