0 6.42012 8.5e-08 21
0 9.31593 2.89582 21
0 10.7667 4.34661 21
0 12.2101 5.78998 21
0 13.6519 7.23176 21
1 15.1013 7.9e-08 21
1 16.5484 1.44704 21
1 17.9891 2.88781 21
1 19.4467 4.34532 21
1 20.8929 5.79162 21.5
2 22.3358 7.3e-08 21.5
2 23.7837 1.44786 21.5
2 25.2276 2.89175 21.5
3 26.671 9e-08 21.5
3 28.1225 1.4515 22.5
4 29.5626 8.4e-08 23
5 31.0072 7e-08 24
7 32.4627 6.6e-08 24.5
10 33.9203 7e-08 24.5
12 35.3873 7.2e-08 24
15 36.8293 6.5e-08 24.5
18 38.3759 1.81e-07 23.5
20 39.9087 1.63e-07 24.5
21 41.3495 5.4e-08 25
22 42.7938 7.5e-08 22.5
23 45.0496 1.45e-07 21.5
24 49.4047 1.48e-07 21.5
25 57.7574 1.44e-07 21
