        type trial_config ert_flop   unroll  buffers        nsize       trials       microsecs        bytes        flops         GB/s         GF/s
 signed_char    coalesced        8      256        1          256     16777216     8183117.159   8589934592  34359738368        1.050        4.199
 signed_char    coalesced        8      256        1          512      8388608     4364427.628   8589934592  34359738368        1.968        7.873
 signed_char    coalesced        8      256        1         1024      4194304     2338160.473   8589934592  34359738368        3.674       14.695
 signed_char    coalesced        8      256        1         2048      2097152     1363973.660   8589934592  34359738368        6.298       25.191
 signed_char    coalesced        8      256        1         4096      1048576      818431.405   8589934592  34359738368       10.496       41.982
 signed_char    coalesced        8      256        1         8192       524288      545659.942   8589934592  34359738368       15.742       62.969
 signed_char    coalesced        8      256        1        16384       262144      409283.647   8589934592  34359738368       20.988       83.951
 signed_char    coalesced        8      256        1        32768       131072      341060.969   8589934592  34359738368       25.186      100.744
 signed_char    coalesced        8      256        1        65536        65536      313571.439   8589934592  34359738368       27.394      109.575
 signed_char    coalesced        8      256        1       131072        32768      295926.992   8589934592  34359738368       29.027      116.109
 signed_char    coalesced        8      256        1       262144        16384      288143.029   8589934592  34359738368       29.811      119.245
 signed_char    coalesced        8      256        1       524288         8192      285695.792   8589934592  34359738368       30.067      120.267
 signed_char    coalesced        8      256        1      1048576         4096      283932.651   8589934592  34359738368       30.253      121.014
 signed_char    coalesced        8      256        1      2097152         2048      283064.372   8589934592  34359738368       30.346      121.385
 signed_char    coalesced        8      256        1      4194304         1024      282642.317   8589934592  34359738368       30.392      121.566
 signed_char    coalesced        8      256        1      8388608          512      282461.411   8589934592  34359738368       30.411      121.644
 signed_char    coalesced        8      256        1     16777216          256      282338.098   8589934592  34359738368       30.424      121.697
 signed_char    coalesced        8      256        1     33554432          128      282335.308   8589934592  34359738368       30.425      121.698
 signed_char    coalesced        8      256        1     67108864           64      282291.644   8589934592  34359738368       30.429      121.717
 signed_char    coalesced        8      256        1    134217728           32      282279.362   8589934592  34359738368       30.431      121.722
 signed_char    coalesced        8      256        1    268435456           16      282283.121   8589934592  34359738368       30.430      121.721
 signed_char    coalesced        8      256        1    536870912            8      282240.251   8589934592  34359738368       30.435      121.739
 signed_char    coalesced        8      256        1   1073741824            4      282221.513   8589934592  34359738368       30.437      121.747
 signed_char    coalesced        8      256        1   2147483648            2      282226.101   8589934592  34359738368       30.436      121.745
 signed_char    coalesced        8      256        1   4293918720            1      282097.926   8587837440  34351349760       30.443      121.771
