0 3.45827 8.4e-08 20.5
0 6.35159 2.89332 20.5
0 7.7993 4.34102 20.5
0 9.23987 5.78159 20.5
1 10.6932 6.6e-08 20.5
1 12.134 1.44087 20.5
1 13.586 2.89286 20.5
1 15.0369 4.34371 21
2 16.4758 5.2e-08 21
2 17.9262 1.45032 21
2 19.3682 2.89237 21
2 20.8168 4.34096 21
3 22.2848 6.9e-08 21
3 23.7284 1.44359 21
3 25.1779 2.89309 21
4 26.6452 1.44e-07 21.5
5 28.0889 5.3e-08 22.5
7 29.5626 1.42e-07 24
11 31.0148 1.32e-07 24
16 32.4577 5.9e-08 24
20 33.93 6e-08 24
22 35.3792 5.5e-08 21
24 37.5301 1.33e-07 21
25 40.2736 1.71e-07 21
26 45.115 9.8e-08 21
