        type trial_config ert_flop   unroll  buffers        nsize       trials       microsecs        bytes        flops         GB/s         GF/s
       float    coalesced        3      256        2         2048      4194304     2976165.647  17179869184   6442450944        5.772        2.165
       float    coalesced        3      256        2         4096      2097152     1818882.427  17179869184   6442450944        9.445        3.542
       float    coalesced        3      256        2         8192      1048576     1259323.117  17179869184   6442450944       13.642        5.116
       float    coalesced        3      256        2        16384       524288      963101.541  17179869184   6442450944       17.838        6.689
       float    coalesced        3      256        2        32768       262144      818677.425  17179869184   6442450944       20.985        7.869
       float    coalesced        3      256        2        65536       131072      723722.844  17179869184   6442450944       23.738        8.902
       float    coalesced        3      256        2       131072        65536      682315.822  17179869184   6442450944       25.179        9.442
       float    coalesced        3      256        2       262144        32768      659982.352  17179869184   6442450944       26.031        9.762
       float    coalesced        3      256        2       524288        16384      649330.828  17179869184   6442450944       26.458        9.922
       float    coalesced        3      256        2      1048576         8192      643829.051  17179869184   6442450944       26.684       10.006
       float    coalesced        3      256        2      2097152         4096      641092.271  17179869184   6442450944       26.798       10.049
       float    coalesced        3      256        2      4194304         2048      639701.907  17179869184   6442450944       26.856       10.071
       float    coalesced        3      256        2      8388608         1024      639134.888  17179869184   6442450944       26.880       10.080
       float    coalesced        3      256        2     16777216          512      638813.250  17179869184   6442450944       26.893       10.085
       float    coalesced        3      256        2     33554432          256      638660.677  17179869184   6442450944       26.900       10.087
       float    coalesced        3      256        2     67108864          128      638616.411  17179869184   6442450944       26.902       10.088
       float    coalesced        3      256        2    134217728           64      638510.898  17179869184   6442450944       26.906       10.090
       float    coalesced        3      256        2    268435456           32      638546.203  17179869184   6442450944       26.905       10.089
       float    coalesced        3      256        2    536870912           16      638481.523  17179869184   6442450944       26.907       10.090
       float    coalesced        3      256        2   1073741824            8      638493.554  17179869184   6442450944       26.907       10.090
       float    coalesced        3      256        2   2147483648            4      638502.209  17179869184   6442450944       26.907       10.090
       float    coalesced        3      256        2   4294967296            2      638498.441  17179869184   6442450944       26.907       10.090
       float    coalesced        3      256        2   8588886016            1      638467.607  17177772032   6441664512       26.905       10.089
