0 6.41245 7.8e-08 21.5
0 9.29901 2.88656 21.5
0 10.7486 4.3361 21.5
0 12.1873 5.77482 21.5
0 13.6302 7.21776 21.5
0 15.0879 8.67542 21.5
0 16.5298 10.1173 21.5
0 17.9742 11.5618 21.5
0 19.4256 13.0131 21.5
0 20.8687 14.4562 21.5
0 22.3119 15.8994 21.5
0 23.7643 17.3519 21.5
0 25.2093 18.7968 21.5
0 26.6551 20.2427 21.5
0 28.1289 21.7164 21.5
0 29.5683 23.1558 21.5
0 31.0392 24.6268 21.5
0 32.4905 26.078 21.5
0 33.9379 27.5254 21.5
0 35.3978 28.9853 21.5
1 36.8415 9.8e-08 21.5
1 38.2938 1.45226 21.5
1 39.7472 2.90569 21.5
1 41.1957 4.35413 21.5
1 42.658 5.81647 21.5
1 44.1047 7.26318 21.5
1 45.5535 8.71199 21.5
1 47.0208 10.1793 21.5
1 48.4692 11.6277 21.5
1 49.9216 13.08 21.5
1 51.3654 14.5239 21.5
1 52.8308 15.9892 21.5
1 54.2876 17.446 21.5
1 55.7303 18.8888 21.5
1 57.1724 20.3309 21.5
1 58.6224 21.7808 21.5
1 60.0859 23.2444 21.5
1 61.5416 24.7001 21.5
1 62.9911 26.1496 21.5
1 64.4434 27.6019 21.5
1 65.8928 29.0513 21.5
1 67.3492 30.5077 21.5
2 68.7985 7.8e-08 21.5
2 70.2609 1.46232 21.5
2 71.7103 2.91174 21.5
2 73.1623 4.36377 21.5
2 74.6061 5.8076 21.5
2 76.0706 7.27207 21.5
2 77.5265 8.72794 21.5
2 78.9757 10.1772 21.5
2 80.4367 11.6381 21.5
2 81.8954 13.0969 21.5
2 83.3514 14.5528 21.5
2 84.8037 16.0052 21.5
2 86.2525 17.454 21.5
2 87.696 18.8974 21.5
2 89.1479 20.3494 21.5
2 90.6125 21.8139 21.5
2 92.0686 23.27 21.5
2 93.5221 24.7235 21.5
2 94.9678 26.1692 21.5
2 96.4183 27.6198 21.5
2 97.8768 29.0783 21.5
3 99.3204 7.4e-08 21.5
3 100.788 1.4678 21.5
3 102.232 2.91138 21.5
3 103.683 4.36225 21.5
3 105.125 5.80417 21.5
3 106.572 7.25166 21.5
3 108.029 8.70885 21.5
3 109.472 10.1517 21.5
3 110.909 11.5882 21.5
3 112.365 13.0444 21.5
3 113.808 14.4871 21.5
3 115.251 15.9301 21.5
3 116.708 17.3875 21.5
3 118.151 18.8304 21.5
3 119.592 20.272 21.5
3 121.043 21.7221 21.5
3 122.496 23.1756 21.5
3 123.932 24.6115 21.5
3 125.388 26.0679 21.5
3 126.836 27.5154 21.5
3 128.285 28.9646 21.5
3 129.732 30.4118 21.5
4 131.174 9e-08 21.5
4 132.64 1.46662 21.5
4 134.083 2.90988 21.5
4 135.526 4.3527 21.5
4 136.982 5.80878 21.5
4 138.423 7.24974 21.5
4 139.871 8.69765 21.5
4 141.32 10.1468 21.5
4 142.762 11.5889 21.5
4 144.205 13.0312 21.5
4 145.662 14.4879 21.5
4 147.12 15.946 21.5
4 148.569 17.3956 21.5
4 150.028 18.8543 21.5
4 151.472 20.2982 21.5
4 152.923 21.7493 21.5
4 154.372 23.1981 21.5
4 155.814 24.6404 21.5
4 157.271 26.0978 21.5
4 158.708 27.5346 21.5
4 160.155 28.9817 21.5
4 161.611 30.4371 21.5
4 163.054 31.88 21.5
5 164.509 7.8e-08 21.5
5 165.95 1.44099 21.5
5 167.402 2.89249 21.5
5 168.849 4.33949 21.5
5 170.301 5.79207 21.5
5 171.745 7.23611 21.5
5 173.198 8.68875 21.5
5 174.642 10.1326 21.5
5 176.085 11.5761 21.5
5 177.537 13.0274 21.5
5 178.98 14.4703 21.5
5 180.422 15.9131 21.5
5 181.891 17.3812 21.5
5 183.334 18.825 21.5
5 184.8 20.2902 21.5
5 186.233 21.7236 21.5
5 187.676 23.1669 21.5
5 189.133 24.6236 21.5
5 190.582 26.073 21.5
5 192.022 27.513 21.5
5 193.472 28.9628 21.5
5 194.92 30.4105 21.5
5 196.361 31.8519 21.5
5 197.812 33.3023 22
6 199.27 9.9e-08 22
6 200.72 1.45051 22
6 202.163 2.89304 22
6 203.611 4.3411 22
6 205.062 5.7918 22
6 206.515 7.2451 22
6 207.95 8.68017 22
6 209.405 10.1354 22
6 210.848 11.5778 22
6 212.29 13.0202 22
6 213.74 14.4705 22
6 215.182 15.9124 22
6 216.634 17.3638 22
6 218.083 18.8135 22
6 219.525 20.2555 22
6 220.973 21.7032 22
6 222.428 23.1582 22
6 223.876 24.6057 22
6 225.325 26.0549 22
6 226.772 27.5017 22
6 228.212 28.9423 22
6 229.684 30.4138 22
6 231.125 31.8548 22
6 232.577 33.3072 22
6 234.028 34.7579 22
6 235.47 36.2 22
6 236.912 37.6423 22
7 238.362 8.9e-08 22
7 239.81 1.44845 22
7 241.246 2.88371 22
7 242.702 4.33988 22
7 244.145 5.78266 22
7 245.598 7.23573 22
7 247.038 8.67565 22
7 248.479 10.1171 22
7 249.933 11.5714 22
7 251.376 13.0136 22
7 252.817 14.4546 22
7 254.283 15.9209 22
7 255.725 17.363 22
7 257.176 18.8139 22
7 258.623 20.2608 22
8 260.071 1.31e-07 22
8 261.512 1.44143 22
8 262.962 2.89096 22
8 264.405 4.33418 22
8 265.848 5.77697 22
8 267.315 7.24414 22
8 268.758 8.68709 22
8 270.214 10.1429 22
8 271.656 11.5852 22
9 273.099 7.1e-08 22
9 274.561 1.46156 22
9 276.003 2.90377 22
9 277.451 4.35169 22
9 278.902 5.80324 22.5
10 280.344 6.9e-08 22.5
10 281.786 1.44208 22.5
10 283.253 2.90885 22.5
10 284.697 4.35259 22.5
10 286.153 5.80902 22.5
11 287.594 7e-08 22.5
11 289.036 1.44218 22.5
11 290.492 2.89799 22.5
12 291.934 1.12e-07 22.5
12 293.387 1.45355 22.5
12 294.839 2.90526 22.5
12 296.282 4.34802 22.5
13 297.724 1.08e-07 22.5
13 299.179 1.45531 22.5
13 300.623 2.8991 22.5
14 302.072 1.08e-07 22.5
14 303.53 1.45721 22.5
14 304.972 2.89977 22.5
15 306.429 1.06e-07 22.5
15 307.873 1.44349 22.5
15 309.315 2.8862 22.5
16 310.765 1.07e-07 22.5
16 312.207 1.44204 22.5
16 313.649 2.88433 22.5
17 315.117 6.9e-08 22.5
17 316.56 1.44305 22.5
17 318.008 2.89127 22.5
18 319.459 9.7e-08 22.5
18 320.901 1.44277 22.5
18 322.345 2.88636 22.5
19 323.803 8.9e-08 22.5
19 325.252 1.44911 22.5
19 326.703 2.89986 22.5
20 328.144 6.5e-08 22.5
20 329.586 1.44228 22.5
21 331.058 8.1e-08 22.5
21 332.499 1.44115 22.5
21 333.952 2.89401 22.5
22 335.403 7.2e-08 22.5
22 336.846 1.44298 22.5
22 338.289 2.88576 22.5
23 339.745 7.4e-08 22.5
23 341.192 1.447 22.5
23 342.643 2.89783 22.5
24 344.086 6.5e-08 22.5
24 345.529 1.44305 22.5
24 346.98 2.89416 22.5
25 348.639 1.6e-07 22.5
25 350.081 1.44249 22.5
25 351.536 2.89747 22.5
26 353.379 1.45e-07 22.5
26 354.827 1.44782 22.5
26 356.269 2.88933 22.5
27 358.624 1.54e-07 22.5
27 360.064 1.4401 22.5
27 361.506 2.88144 22.5
28 364.758 1.46e-07 22.5
28 366.196 1.43851 22.5
28 367.639 2.88108 22.5
29 372.898 1.46e-07 22.5
29 374.345 1.44715 22.5
29 375.791 2.89279 22.5
30 385.437 1.78e-07 22.5
30 386.888 1.45107 22.5
30 388.328 2.89119 22.5
