        type trial_config ert_flop   unroll  buffers        nsize       trials       microsecs        bytes        flops         GB/s         GF/s
       float    coalesced        1       64        1          256     16777216     6546732.468   8589934592   1073741824        1.312        0.164
       float    coalesced        1       64        1          512      8388608     3445784.111   8589934592   1073741824        2.493        0.312
       float    coalesced        1       64        1         1024      4194304     1925713.861   8589934592   1073741824        4.461        0.558
       float    coalesced        1       64        1         2048      2097152     1091395.640   8589934592   1073741824        7.871        0.984
       float    coalesced        1       64        1         4096      1048576      682264.103   8589934592   1073741824       12.590        1.574
       float    coalesced        1       64        1         8192       524288      454932.706   8589934592   1073741824       18.882        2.360
       float    coalesced        1       64        1        16384       262144      329509.528   8589934592   1073741824       26.069        3.259
       float    coalesced        1       64        1        32768       131072      276858.882   8589934592   1073741824       31.026        3.878
       float    coalesced        1       64        1        65536        65536      285882.365   8589934592   1073741824       30.047        3.756
       float    coalesced        1       64        1       131072        32768      283891.013   8589934592   1073741824       30.258        3.782
       float    coalesced        1       64        1       262144        16384      276767.118   8589934592   1073741824       31.037        3.880
       float    coalesced        1       64        1       524288         8192      274226.942   8589934592   1073741824       31.324        3.916
       float    coalesced        1       64        1      1048576         4096      274653.160   8589934592   1073741824       31.276        3.909
       float    coalesced        1       64        1      2097152         2048      273959.664   8589934592   1073741824       31.355        3.919
       float    coalesced        1       64        1      4194304         1024      273595.279   8589934592   1073741824       31.397        3.925
       float    coalesced        1       64        1      8388608          512      273538.021   8589934592   1073741824       31.403        3.925
       float    coalesced        1       64        1     16777216          256      273381.125   8589934592   1073741824       31.421        3.928
       float    coalesced        1       64        1     33554432          128      273270.321   8589934592   1073741824       31.434        3.929
       float    coalesced        1       64        1     67108864           64      273297.692   8589934592   1073741824       31.431        3.929
       float    coalesced        1       64        1    134217728           32      273250.324   8589934592   1073741824       31.436        3.930
       float    coalesced        1       64        1    268435456           16      273149.817   8589934592   1073741824       31.448        3.931
       float    coalesced        1       64        1    536870912            8      273134.233   8589934592   1073741824       31.449        3.931
       float    coalesced        1       64        1   1073741824            4      273172.181   8589934592   1073741824       31.445        3.931
       float    coalesced        1       64        1   2147483648            2      273176.866   8589934592   1073741824       31.445        3.931
       float    coalesced        1       64        1   4293918720            1      273082.951   8587837440   1073479680       31.448        3.931
