        type trial_config ert_flop   unroll  buffers        nsize       trials       microsecs        bytes        flops         GB/s         GF/s
       float    coalesced       16        1        1            4     16777216     7584975.007    134217728    268435456        0.018        0.035
       float    coalesced       16        1        1            8     16777216     7701749.929    268435456    536870912        0.035        0.070
       float    coalesced       16        1        1           16     16777216     8183115.204    536870912   1073741824        0.066        0.131
       float    coalesced       16        1        1           32     16777216     8728664.581   1073741824   2147483648        0.123        0.246
       float    coalesced       16        1        1           64     16777216     9817571.856   2147483648   4294967296        0.219        0.437
       float    coalesced       16        1        1          128     16777216    11222456.595   4294967296   8589934592        0.383        0.765
       float    coalesced       16        1        1          256     16777216    14547609.313   8589934592  17179869184        0.590        1.181
       float    coalesced       16        1        1          512      8388608     8613830.222   8589934592  17179869184        0.997        1.994
       float    coalesced       16        1        1         1024      4194304     6061631.340   8589934592  17179869184        1.417        2.834
       float    coalesced       16        1        1         2048      2097152     4676108.098   8589934592  17179869184        1.837        3.674
       float    coalesced       16        1        1         4096      1048576     4091602.872   8589934592  17179869184        2.099        4.199
       float    coalesced       16        1        1         8192       524288     3719652.070   8589934592  17179869184        2.309        4.619
       float    coalesced       16        1        1        16384       262144     3580164.805   8589934592  17179869184        2.399        4.799
       float    coalesced       16        1        1        32768       131072     3477889.245   8589934592  17179869184        2.470        4.940
       float    coalesced       16        1        1        65536        65536     3375609.380   8589934592  17179869184        2.545        5.089
       float    coalesced       16        1        1       131072        32768     3324399.296   8589934592  17179869184        2.584        5.168
       float    coalesced       16        1        1       262144        16384     3298913.928   8589934592  17179869184        2.604        5.208
       float    coalesced       16        1        1       524288         8192     3286117.852   8589934592  17179869184        2.614        5.228
       float    coalesced       16        1        1      1048576         4096     3279698.578   8589934592  17179869184        2.619        5.238
       float    coalesced       16        1        1      2097152         2048     3276546.248   8589934592  17179869184        2.622        5.243
       float    coalesced       16        1        1      4194304         1024     3274935.528   8589934592  17179869184        2.623        5.246
       float    coalesced       16        1        1      8388608          512     3274120.386   8589934592  17179869184        2.624        5.247
       float    coalesced       16        1        1     16777216          256     3273758.220   8589934592  17179869184        2.624        5.248
       float    coalesced       16        1        1     33554432          128     3273523.309   8589934592  17179869184        2.624        5.248
       float    coalesced       16        1        1     67108864           64     3273411.436   8589934592  17179869184        2.624        5.248
       float    coalesced       16        1        1    134217728           32     3273356.086   8589934592  17179869184        2.624        5.248
       float    coalesced       16        1        1    268435456           16     3273372.756   8589934592  17179869184        2.624        5.248
       float    coalesced       16        1        1    536870912            8     3273321.572   8589934592  17179869184        2.624        5.248
       float    coalesced       16        1        1   1073741824            4     3273299.751   8589934592  17179869184        2.624        5.248
       float    coalesced       16        1        1   2147483648            2     3273339.767   8589934592  17179869184        2.624        5.248
       float    coalesced       16        1        1   4293918720            1     3272535.882   8587837440  17175674880        2.624        5.248
