0 3.48057 1.02e-07 21
0 6.36949 2.88892 21
0 7.81176 4.33119 20.5
0 9.26624 5.78568 20.5
0 10.7051 7.22454 20.5
0 12.1551 8.67455 20.5
0 13.6055 10.1249 21
0 15.0469 11.5664 21
1 16.4947 8.3e-08 21
1 17.9386 1.44394 20.5
1 19.3791 2.88444 20.5
1 20.844 4.34925 21
1 22.2939 5.7992 21
1 23.7429 7.24822 20.5
1 25.2105 8.71584 20.5
1 26.6544 10.1597 20.5
2 28.1064 9.3e-08 20.5
2 29.5716 1.46526 21
2 31.021 2.91457 20.5
2 32.4931 4.38667 20.5
2 33.9423 5.83596 20.5
2 35.3995 7.29309 21
2 36.8586 8.75224 21
2 38.3019 10.1955 21
3 39.7528 7.9e-08 20.5
3 41.194 1.44125 20.5
3 42.661 2.90822 21
3 44.108 4.35528 21
3 45.5728 5.82003 21
3 47.0284 7.27565 20.5
3 48.4719 8.71911 20.5
3 49.9266 10.1739 20.5
3 51.3887 11.6359 21
4 52.8321 8.2e-08 21
4 54.2918 1.45973 20.5
4 55.7336 2.9015 20.5
4 57.1876 4.35546 20.5
4 58.6556 5.82346 21
4 60.1095 7.27742 21
4 61.5756 8.74349 20.5
4 63.0181 10.186 20.5
4 64.4607 11.6286 21
4 65.9219 13.0898 21
5 67.3639 8.8e-08 21
5 68.8296 1.46569 21
5 70.2729 2.90894 21
5 71.7178 4.35387 21
5 73.1664 5.80248 21
5 74.6242 7.26021 21
5 76.0664 8.70242 21
5 77.5219 10.158 21
5 78.9659 11.6019 21
5 80.4337 13.0698 21
5 81.8771 14.5132 21
6 83.3247 9.7e-08 21
6 84.7828 1.45808 21
6 86.2266 2.9019 21
6 87.6702 4.34549 21
6 89.1208 5.79614 21
6 90.5639 7.23919 21
6 92.0067 8.68195 21
6 93.4577 10.133 21
6 94.9003 11.5756 21
6 96.368 13.0433 21
6 97.8112 14.4865 21
6 99.2555 15.9308 21
6 100.724 17.3995 21
7 102.168 8.1e-08 21
7 103.614 1.44549 21
7 105.063 2.89436 21
7 106.505 4.33691 21
7 107.954 5.7859 21
7 109.405 7.23659 21
7 110.858 8.68977 21
7 112.308 10.1399 21
8 113.75 8.5e-08 21
8 115.209 1.45888 21
8 116.659 2.90881 21
8 118.1 4.35053 21
8 119.543 5.79346 21
9 120.993 7.7e-08 21
9 122.436 1.44325 21
9 123.879 2.88621 21
10 125.334 7.3e-08 21
10 126.777 1.44301 21
10 128.228 2.89386 21
11 129.67 7.7e-08 21
11 131.113 1.44302 21
11 132.564 2.8938 21
12 134.021 1.36e-07 21
12 135.463 1.44245 21
13 136.915 8.1e-08 21
13 138.357 1.44195 21
13 139.799 2.88476 21
14 141.25 8.4e-08 21
14 142.692 1.44184 21
15 144.134 9.2e-08 21
15 145.59 1.45591 21
16 147.032 8.4e-08 21
16 148.488 1.4558 21
17 149.931 8.4e-08 21
17 151.375 1.44377 21
17 152.833 2.90114 21
18 154.276 6.8e-08 21
18 155.728 1.4528 21
19 157.179 7.5e-08 21
19 158.622 1.4429 21
20 160.065 7.3e-08 21
20 161.522 1.45713 21
21 162.965 7.8e-08 21
21 164.416 1.45096 21
21 165.858 2.89272 21
22 167.301 8.8e-08 21
22 168.751 1.44959 21
23 170.214 9.1e-08 21
23 171.657 1.44306 21
24 173.109 7.7e-08 21
24 174.568 1.4595 21
24 176.019 2.9109 21
25 177.463 7.9e-08 21
25 178.906 1.44338 21
26 180.358 7.1e-08 21
26 181.801 1.44337 21
27 183.745 1.56e-07 21
27 185.199 1.45344 21
27 186.638 2.89332 21
28 188.19 1.05e-07 21
28 189.632 1.44215 21
28 191.083 2.89345 21
29 193.828 1.54e-07 21
29 195.266 1.4388 21
29 196.709 2.88171 21
30 201.569 1.48e-07 21
30 203.008 1.43877 21
30 204.45 2.88126 21
