0 3.42816 1.03e-07 23.5
0 6.32091 2.89275 23.5
0 7.76434 4.33618 23.5
0 9.20755 5.77939 23.5
0 10.6678 7.23959 23.5
0 12.1112 8.68304 23.5
0 13.5533 10.1251 23.5
0 15.0046 11.5764 23.5
0 16.4469 13.0187 23.5
0 17.8906 14.4625 23.5
0 19.3554 15.9273 23.5
0 20.808 17.3798 23.5
0 22.2802 18.8521 24
0 23.7293 20.3011 24
0 25.1726 21.7444 24
0 26.6436 23.2155 23.5
0 28.097 24.6689 24
0 29.5543 26.1261 24
0 31.0128 27.5846 24
0 32.4614 29.0332 23.5
0 33.9118 30.4836 24
0 35.3532 31.925 23.5
0 36.8187 33.3906 23.5
0 38.2641 34.8359 24
0 39.707 36.2788 24
0 41.178 37.7498 24
0 42.6325 39.2043 24
0 44.0763 40.6481 24
0 45.5496 42.1215 24
0 46.9983 43.5701 24
0 48.4559 45.0278 23.5
0 49.9158 46.4876 23.5
0 51.3587 47.9305 24
0 52.8082 49.3801 24
0 54.2505 50.8223 24
0 55.7239 52.2957 24
0 57.1679 53.7397 24
0 58.6271 55.1989 24
0 60.0797 56.6516 24
0 61.5391 58.1109 24
0 62.9868 59.5586 24
0 64.447 61.0188 24
0 65.8903 62.4622 24
0 67.3418 63.9136 24
0 68.7844 65.3563 24
0 70.2492 66.821 24
0 71.7011 68.273 24
0 73.1617 69.7335 24
0 74.6139 71.1858 24
0 76.0582 72.63 24
0 77.5012 74.0731 24
0 78.9746 75.5465 24
0 80.4169 76.9887 24
0 81.8585 78.4303 24
0 83.3141 79.8859 24
0 84.7577 81.3295 24
0 86.2019 82.7737 24
0 87.6603 84.2321 24
0 89.1199 85.6918 24
0 90.5781 87.1499 24
0 92.0323 88.6041 24
0 93.4764 90.0483 24
0 94.9286 91.5004 24
0 96.3726 92.9444 24
0 97.8155 94.3873 24
0 99.2725 95.8444 24
0 100.716 97.2881 24
0 102.179 98.7505 24
0 103.623 100.194 24
0 105.066 101.638 24
1 106.534 1.14e-07 24
1 107.977 1.44341 24
1 109.421 2.88665 24
1 110.872 4.33784 24
1 112.315 5.78134 24
1 113.759 7.22452 24
1 115.215 8.68087 24
1 116.659 10.1248 24
1 118.111 11.5771 24
1 119.555 13.0209 24
1 120.999 14.4645 24
1 122.45 15.9156 24
1 123.893 17.3591 24
1 125.336 18.8024 24
1 126.793 20.2593 24
1 128.252 21.7175 24
1 129.694 23.1598 24
1 131.144 24.6104 24
1 132.588 26.0539 24
1 134.031 27.4964 24
1 135.498 28.9635 24
1 136.94 30.4062 24
1 138.392 31.8577 24
1 139.834 33.3003 24
1 141.278 34.7435 24
1 142.75 36.2158 24
1 144.193 37.6585 24
1 145.637 39.1026 24
1 147.104 40.5699 24
1 148.547 42.0129 24
1 149.999 43.4645 24
1 151.442 44.9078 24
1 152.884 46.35 24
1 154.334 47.8001 24
1 155.776 49.2422 24
1 157.218 50.6839 24
1 158.668 52.1342 24
1 160.111 53.577 24
1 161.576 55.0416 24
1 163.026 56.4919 24
1 164.469 57.9347 24
1 165.917 59.3829 24
1 167.367 60.8328 24
1 168.809 62.2747 24
1 170.252 63.7177 24
1 171.708 65.1743 24
1 173.151 66.6174 24
1 174.594 68.0598 24
1 176.043 69.5092 24
1 177.486 70.9517 24
1 178.936 72.402 24
1 180.39 73.8557 24
1 181.833 75.2986 24
1 183.29 76.7564 24
1 184.734 78.2003 24
1 186.178 79.644 24
1 187.635 81.1008 24
1 189.077 82.5428 24
1 190.519 83.9852 24
1 191.97 85.4361 24
1 193.413 86.8791 24
1 194.856 88.3224 24
1 196.314 89.7795 24
1 197.757 91.223 24
1 199.218 92.6839 24
1 200.661 94.1271 24
1 202.103 95.5687 24
1 203.552 97.0182 24
1 204.995 98.4608 24
1 206.454 99.9197 24
1 207.905 101.371 24
2 209.348 7.3e-08 24
2 210.79 1.44275 24
2 212.24 2.89274 24
2 213.682 4.33422 24
2 215.125 5.77714 24
2 216.576 7.22805 24
2 218.019 8.67187 24
2 219.462 10.1148 24
2 220.92 11.5726 24
2 222.364 13.0164 24
2 223.815 14.4678 24
2 225.259 15.9112 24
2 226.703 17.3553 24
2 228.176 18.8281 24
2 229.619 20.2713 24
2 231.061 21.7133 24
2 232.512 23.164 24
2 233.955 24.6069 24
2 235.403 26.0553 24
2 236.854 27.5063 24
2 238.297 28.9494 24
2 239.751 30.4036 24
2 241.201 31.8532 24
2 242.643 33.2956 24
2 244.095 34.7474 24
2 245.538 36.1902 24
2 246.986 37.6384 24
2 248.435 39.0877 24
2 249.877 40.5297 24
2 251.32 41.9727 24
2 252.777 43.4294 24
2 254.22 44.8726 24
2 255.664 46.3169 24
2 257.117 47.7695 24
2 258.571 49.2236 24
2 260.014 50.6666 24
2 261.471 52.1235 24
2 262.914 53.5669 24
2 264.366 55.0186 24
2 265.818 56.4706 24
2 267.26 57.9124 24
2 268.711 59.3635 24
2 270.154 60.8069 24
2 271.598 62.2503 24
2 273.055 63.707 24
2 274.498 65.1504 24
2 275.942 66.5939 24
2 277.393 68.0453 24
2 278.836 69.4885 24
2 280.279 70.9318 24
2 281.731 72.3836 24
2 283.175 73.8271 24
2 284.618 75.2705 24
2 286.075 76.7271 24
2 287.51 78.1627 24
2 288.952 79.6044 24
2 290.408 81.0605 24
2 291.851 82.5033 24
2 293.302 83.9544 24
2 294.746 85.3983 24
2 296.19 86.8422 24
2 297.64 88.2929 24
2 299.1 89.7521 24
2 300.543 91.1955 24
2 301.994 92.6459 24
2 303.435 94.0872 24
2 304.877 95.5296 24
2 306.334 96.9867 24
2 307.776 98.4285 24
2 309.217 99.8694 24
2 310.668 101.32 24
3 312.111 7.7e-08 24
3 313.554 1.44297 24
3 315.01 2.89944 24
3 316.453 4.3423 24
3 317.896 5.7848 24
3 319.346 7.23464 24
3 320.786 8.6753 24
3 322.237 10.1263 24
3 323.68 11.569 24
3 325.123 13.0122 24
3 326.574 14.463 24
3 328.017 15.9057 24
3 329.459 17.3481 24
3 330.925 18.8139 24
3 332.368 20.2574 24
3 333.812 21.7012 24
3 335.273 23.1625 24
3 336.716 24.6051 24
3 338.16 26.0493 24
3 339.617 27.5064 24
3 341.06 28.9493 24
3 342.522 30.4107 24
3 343.965 31.8536 24
3 345.406 33.295 24
3 346.855 34.7438 24
3 348.297 36.1865 24
3 349.74 37.6294 24
3 351.198 39.0867 24
3 352.64 40.5293 24
3 354.098 41.9869 24
3 355.549 43.4377 24
3 356.992 44.8806 24
3 358.435 46.3236 24
3 359.89 47.7793 24
3 361.342 49.2311 24
3 362.793 50.682 24
3 364.236 52.1249 24
3 365.679 53.568 24
3 367.129 55.0184 24
3 368.572 56.4615 24
3 370.016 57.9046 24
3 371.465 59.3545 24
3 372.908 60.7969 24
3 374.349 62.2385 24
3 375.817 63.7057 24
3 377.26 65.1489 24
3 378.704 66.5928 24
3 380.156 68.0446 24
3 381.599 69.4878 24
3 383.042 70.9306 24
3 384.499 72.3878 24
3 385.942 73.8305 24
3 387.403 75.2918 24
3 388.845 76.7342 24
3 390.287 78.1755 24
3 391.736 79.625 24
3 393.178 81.0675 24
3 394.638 82.5266 24
3 396.089 83.9783 24
3 397.532 85.421 24
3 398.976 86.8646 24
3 400.426 88.3153 24
3 401.869 89.7578 24
3 403.311 91.1999 24
3 404.76 92.6495 24
3 406.224 94.1129 24
3 407.673 95.5622 24
3 409.115 97.0042 24
3 410.557 98.4461 24
3 412.009 99.8982 24
3 413.469 101.358 24
4 414.913 9.8e-08 24
4 416.365 1.45175 24
4 417.808 2.89439 24
4 419.251 4.33816 24
4 420.703 5.79016 24
4 422.147 7.23396 24
4 423.591 8.6782 24
4 425.048 10.1352 24
4 426.492 11.579 24
4 427.943 13.0297 24
4 429.386 14.4733 24
4 430.829 15.916 24
4 432.302 17.3885 24
4 433.744 18.8309 24
4 435.187 20.2742 24
4 436.638 21.7249 24
4 438.081 23.1682 24
4 439.53 24.6169 24
4 440.979 26.0663 24
4 442.422 27.5086 24
4 443.866 28.9529 24
4 445.323 30.4102 24
4 446.782 31.8689 24
4 448.232 33.319 24
4 449.675 34.7615 24
4 451.133 36.2202 24
4 452.584 37.6707 24
4 454.027 39.1136 24
4 455.471 40.5575 24
4 456.922 42.0084 24
4 458.364 43.4505 24
4 459.805 44.8923 24
4 461.256 46.3424 24
4 462.699 47.7854 24
4 464.143 49.2297 24
4 465.615 50.7014 24
4 467.057 52.1435 24
4 468.507 53.5936 24
4 469.95 55.0367 24
4 471.393 56.4796 24
4 472.86 57.9472 24
4 474.304 59.3907 24
4 475.747 60.8338 24
4 477.199 62.2859 24
4 478.642 63.7288 24
4 480.086 65.1729 24
4 481.543 66.6302 24
4 482.987 68.074 24
4 484.449 69.5359 24
4 485.891 70.9782 24
4 487.333 72.4198 24
4 488.782 73.8693 24
4 490.225 75.3117 24
4 491.683 76.7703 24
4 493.134 78.2208 24
4 494.577 79.6634 24
4 496.019 81.1057 24
4 497.468 82.5545 24
4 498.91 83.997 24
4 500.354 85.4407 24
4 501.804 86.891 24
4 503.248 88.3349 24
4 504.692 89.7791 24
4 506.159 91.2463 24
4 507.602 92.6889 24
4 509.052 94.1393 24
4 510.494 95.5804 24
4 511.935 97.0219 24
4 513.385 98.4722 24
4 514.828 99.9148 24
4 516.271 101.357 24
4 517.742 102.829 24
4 519.185 104.271 24
5 520.627 8.4e-08 24
5 522.078 1.45091 24
5 523.521 2.8933 24
5 524.963 4.33538 24
5 526.412 5.78463 24
5 527.853 7.22603 24
5 529.296 8.66844 24
5 530.753 10.1253 24
5 532.196 11.5691 24
5 533.647 13.0198 24
5 535.09 14.463 24
5 536.534 15.9066 24
5 537.984 17.3572 24
5 539.426 18.799 24
5 540.868 20.2403 24
5 542.318 21.6905 24
5 543.782 23.1544 24
5 545.223 24.5957 24
5 546.674 26.0467 24
5 548.118 27.4904 24
5 549.561 28.9339 24
5 551.028 30.4008 24
5 552.472 31.8445 24
5 553.923 33.296 24
5 555.365 34.7383 24
5 556.808 36.1812 24
5 558.264 37.6371 24
5 559.708 39.0806 24
5 561.151 40.5241 24
5 562.619 41.9922 24
5 564.062 43.4346 24
5 565.505 44.8774 24
5 566.957 46.3299 24
5 568.401 47.7741 24
5 569.845 49.2175 24
5 571.294 50.6669 24
5 572.736 52.1085 24
5 574.178 53.551 24
5 575.635 55.0078 24
5 577.093 56.4662 24
5 578.543 57.9159 24
5 579.986 59.3588 24
5 581.429 60.8018 24
5 582.886 62.2587 24
5 584.339 63.7118 24
5 585.782 65.1544 24
5 587.232 66.6045 24
5 588.673 68.0461 24
5 590.116 69.4888 24
5 591.567 70.9399 24
5 593.011 72.3834 24
5 594.455 73.8274 24
5 595.927 75.3 24
5 597.369 76.7417 24
5 598.82 78.1928 24
5 600.263 79.6362 24
5 601.707 81.0798 24
5 603.175 82.5474 24
5 604.618 83.991 24
5 606.062 85.4343 24
5 607.513 86.8857 24
5 608.956 88.3287 24
5 610.399 89.7713 24
5 611.849 91.2218 24
5 613.292 92.6646 24
5 614.734 94.1073 24
5 616.192 95.5644 24
5 617.651 97.0236 24
5 619.101 98.4738 24
5 620.543 99.9158 24
5 622.003 101.376 24
5 623.455 102.828 24
5 624.898 104.271 24
5 626.342 105.715 24
6 627.794 7.3e-08 24
6 629.238 1.44387 24
6 630.682 2.88827 24
6 632.141 4.34679 24
6 633.585 5.79094 24
6 635.036 7.24201 24
6 636.479 8.68559 24
6 637.924 10.1299 24
6 639.391 11.597 24
6 640.835 13.041 24
6 642.278 14.4841 24
6 643.74 15.9458 24
6 645.184 17.3896 24
6 646.627 18.8335 24
6 648.099 20.3051 24
6 649.543 21.749 24
6 650.994 23.2004 24
6 652.439 24.6452 24
6 653.882 26.0885 24
6 655.35 27.556 24
6 656.792 28.9984 24
6 658.234 30.4402 24
6 659.684 31.8902 24
6 661.127 33.3331 24
6 662.571 34.7768 24
6 664.022 36.2285 24
6 665.465 37.6716 24
6 666.914 39.1199 24
6 668.37 40.5756 24
6 669.813 42.0189 24
6 671.264 43.4701 24
6 672.707 44.9129 24
6 674.16 46.3662 24
6 675.61 47.8166 24
6 677.053 49.2587 24
6 678.495 50.7014 24
6 679.952 52.1582 24
6 681.396 53.6019 24
7 682.84 1.1e-07 24
7 684.29 1.45083 24
7 685.734 2.89455 24
7 687.177 4.3374 24
7 688.626 5.78647 24
7 690.068 7.22859 24
7 691.511 8.67194 24
7 692.963 10.1235 24
7 694.407 11.5671 24
7 695.861 13.0214 24
7 697.311 14.4718 24
7 698.754 15.9148 24
7 700.21 17.3705 24
7 701.651 18.8118 24
7 703.095 20.255 24
7 704.546 21.706 24
7 705.989 23.1494 24
7 707.455 24.615 24
7 708.904 26.0649 23.5
8 710.348 8.2e-08 23.5
8 711.791 1.44356 23.5
8 713.243 2.8948 23.5
8 714.702 4.35456 23.5
8 716.154 5.80577 23.5
8 717.596 7.24856 23.5
8 719.039 8.69139 23.5
8 720.489 10.141 23.5
8 721.931 11.5829 23.5
8 723.373 13.0248 23.5
8 724.823 14.4754 24
9 726.265 7.1e-08 24
9 727.707 1.44173 24
9 729.157 2.89198 24
9 730.599 4.33435 24
9 732.042 5.77723 24
9 733.513 7.24853 24
10 734.955 7.5e-08 24
10 736.397 1.4421 24
10 737.847 2.89157 24
11 739.289 6.5e-08 24
11 740.735 1.44689 24
11 742.184 2.89564 24
12 743.626 6.1e-08 24
12 745.069 1.44259 24.5
13 746.525 7e-08 24.5
14 747.967 6.9e-08 24.5
14 749.403 1.43565 24.5
15 750.858 5.7e-08 24.5
16 752.301 6.7e-08 24.5
16 753.751 1.45047 24.5
17 755.204 6.2e-08 24.5
18 756.645 6.2e-08 24.5
19 758.095 6.2e-08 24.5
19 759.536 1.44117 24.5
20 760.978 7.2e-08 24.5
21 762.434 7.1e-08 24.5
22 763.87 6.1e-08 24.5
22 765.311 1.44119 24.5
23 766.782 7e-08 24.5
24 768.224 7e-08 24.5
24 769.666 1.44168 24.5
25 771.116 6.9e-08 24
26 772.658 1.14e-07 24.5
26 774.107 1.44892 24
27 775.851 1.66e-07 24.5
27 777.289 1.43772 24
28 780.032 1.05e-07 24.5
28 781.474 1.44168 24
29 786.625 1.52e-07 24.5
29 788.06 1.43506 24
