0 3.34729 7.3e-08 22.5
0 6.24537 2.89808 22.5
0 7.6847 4.33741 22.5
0 9.13831 5.79102 22.5
0 10.5801 7.23281 22.5
0 12.0228 8.67555 22.5
0 13.4741 10.1268 22.5
0 14.9147 11.5674 22.5
0 16.3619 13.0146 22.5
0 17.8232 14.4759 22.5
1 19.2706 8.9e-08 22.5
1 20.7286 1.45802 22.5
1 22.1881 2.9175 22.5
1 23.637 4.36648 22.5
1 25.11 5.83945 22.5
1 26.5706 7.30002 22.5
1 28.0227 8.7521 22.5
1 29.472 10.2015 22.5
1 30.9154 11.6449 22.5
1 32.3732 13.1027 22.5
2 33.8174 1.06e-07 22.5
2 35.2742 1.45676 22.5
2 36.721 2.90358 22.5
2 38.1651 4.34767 22.5
2 39.6222 5.80481 22.5
2 41.0757 7.25831 22.5
2 42.5196 8.70216 22.5
2 43.9914 10.174 22.5
2 45.4441 11.6267 22.5
2 46.8949 13.0775 22.5
3 48.3366 1.06e-07 22.5
3 49.7786 1.44197 22.5
3 51.2353 2.89864 22.5
3 52.6932 4.35652 22.5
3 54.1424 5.80573 23
4 55.5992 5.5e-08 23
4 57.0412 1.44199 23
4 58.4973 2.89812 23
5 59.9414 8.4e-08 23.5
6 61.4017 8.5e-08 24
8 62.8539 8.3e-08 25.5
11 64.2979 6.4e-08 25.5
16 65.741 6.3e-08 26
20 67.2129 7.2e-08 26
23 69.2571 1.62e-07 22.5
24 70.8979 1.63e-07 23
25 73.5428 1.45e-07 23
26 78.5872 1.6e-07 22.5
