0 3.38294 1.45e-07 22
0 6.26034 2.8774 22
0 7.7176 4.33466 22
0 9.15964 5.7767 22
0 10.6028 7.21988 22
0 12.0548 8.67182 22
0 13.4991 10.1161 22
0 14.9425 11.5596 22
0 16.3918 13.0089 22
0 17.835 14.452 22
0 19.3002 15.9173 22
0 20.7496 17.3666 22
1 22.1881 9.9e-08 22
1 23.6391 1.45099 22
1 25.0925 2.90435 22
1 26.5362 4.34814 22
1 27.9878 5.79973 22
1 29.4311 7.24301 22
1 30.8742 8.68614 22
1 32.326 10.1379 22
1 33.78 11.5919 22
1 35.2159 13.0278 22
1 36.6712 14.4831 22
1 38.1184 15.9303 22
2 39.5685 7.2e-08 22
2 41.0095 1.441 22
2 42.4517 2.88323 22
2 43.9125 4.34405 22
2 45.348 5.77959 22
2 46.7996 7.23119 22
2 48.2501 8.68165 22
2 49.6927 10.1242 22
2 51.1443 11.5758 22
2 52.5953 13.0268 22
2 54.0331 14.4646 22
2 55.476 15.9075 22
2 56.933 17.3646 22
3 58.3768 6.6e-08 22
3 59.8357 1.45888 22
3 61.2782 2.90131 22
3 62.716 4.33912 22
3 64.1783 5.80144 22
3 65.6224 7.2456 22
3 67.0665 8.68962 22
3 68.5182 10.1413 22
3 69.9622 11.5854 22
3 71.4054 13.0286 22
3 72.8571 14.4803 22
3 74.3082 15.9314 22
3 75.7418 17.3649 22
4 77.198 7.6e-08 22
4 78.6409 1.44285 22
4 80.0917 2.89373 22
4 81.5356 4.33761 22
4 82.9785 5.78053 22
4 84.4286 7.23059 22
4 85.8736 8.67559 22
4 87.3154 10.1174 22
4 88.7715 11.5735 22
4 90.2136 13.0156 22
4 91.6615 14.4635 22
4 93.1107 15.9127 22
4 94.5522 17.3541 22
4 95.9943 18.7963 22
5 97.4446 9.8e-08 22
5 98.8871 1.44251 22
5 100.329 2.88446 22
5 101.786 4.3411 22
5 103.229 5.78456 22
5 104.681 7.2366 22
5 106.124 8.67915 22
5 107.567 10.1221 22
6 109.026 6.8e-08 22
6 110.464 1.43864 22
6 111.905 2.87941 22
6 113.36 4.33398 22
7 114.803 7.2e-08 22
7 116.245 1.44287 22
7 117.697 2.89425 22
8 119.139 6.1e-08 22.5
9 120.581 6.7e-08 22.5
10 122.032 4.8e-08 22.5
11 123.475 4.4e-08 23
12 124.918 5e-08 23
13 126.375 7.3e-08 23
15 127.823 9.2e-08 23
16 129.272 5.1e-08 23
18 130.713 5.5e-08 23
19 132.156 4.5e-08 23
20 133.607 6.1e-08 23
22 135.05 4.9e-08 23
23 136.492 6.5e-08 23
24 137.949 5.9e-08 23
25 139.391 5e-08 22
26 141.334 1.46e-07 22
27 144.774 1.48e-07 22
28 150.313 1.45e-07 22
