0 6.64094 8.8e-08 21
0 9.5342 2.89325 21
0 10.9765 4.33558 21
0 12.418 5.77705 21
1 13.8679 7.9e-08 21
1 15.3122 1.44438 21
1 16.7551 2.8873 21
1 18.2053 4.33745 21
1 19.6495 5.78165 21
2 21.093 9.3e-08 21
2 22.5497 1.45671 21.5
3 24.0027 7.6e-08 21.5
3 25.4573 1.45462 22
4 26.8958 5.3e-08 23.5
6 28.3396 5.1e-08 24
9 29.8065 6.3e-08 24
11 31.2504 6e-08 24
14 32.6931 5e-08 24
16 34.1447 7.9e-08 24
19 35.6885 1.48e-07 24.5
21 37.6345 1.45e-07 21
22 39.1781 1.54e-07 21
23 41.7179 1.38e-07 21
24 46.4628 1.54e-07 21
25 55.4089 1.48e-07 21
