        type trial_config ert_flop   unroll  buffers        nsize       trials       microsecs        bytes        flops         GB/s         GF/s
 signed_char    coalesced        2      128        2          256     16777216     6234818.714   8589934592   8589934592        1.378        1.378
 signed_char    coalesced        2      128        2          512     16777216     6891056.368  17179869184  17179869184        2.493        2.493
 signed_char    coalesced        2      128        2         1024      8388608     3830742.721  17179869184  17179869184        4.485        4.485
 signed_char    coalesced        2      128        2         2048      4194304     2257242.729  17179869184  17179869184        7.611        7.611
 signed_char    coalesced        2      128        2         4096      2097152     1259042.817  17179869184  17179869184       13.645       13.645
 signed_char    coalesced        2      128        2         8192      1048576      878547.192  17179869184  17179869184       19.555       19.555
 signed_char    coalesced        2      128        2        16384       524288      665441.069  17179869184  17179869184       25.817       25.817
 signed_char    coalesced        2      128        2        32768       262144      568070.861  17179869184  17179869184       30.242       30.242
 signed_char    coalesced        2      128        2        65536       131072      566494.769  17179869184  17179869184       30.327       30.327
 signed_char    coalesced        2      128        2       131072        65536      569163.283  17179869184  17179869184       30.184       30.184
 signed_char    coalesced        2      128        2       262144        32768      563504.599  17179869184  17179869184       30.488       30.488
 signed_char    coalesced        2      128        2       524288        16384      561863.517  17179869184  17179869184       30.577       30.577
 signed_char    coalesced        2      128        2      1048576         8192      560748.924  17179869184  17179869184       30.637       30.637
 signed_char    coalesced        2      128        2      2097152         4096      559798.508  17179869184  17179869184       30.689       30.689
 signed_char    coalesced        2      128        2      4194304         2048      559245.822  17179869184  17179869184       30.720       30.720
 signed_char    coalesced        2      128        2      8388608         1024      558707.926  17179869184  17179869184       30.749       30.749
 signed_char    coalesced        2      128        2     16777216          512      558558.075  17179869184  17179869184       30.758       30.758
 signed_char    coalesced        2      128        2     33554432          256      558631.084  17179869184  17179869184       30.754       30.754
 signed_char    coalesced        2      128        2     67108864          128      558766.525  17179869184  17179869184       30.746       30.746
 signed_char    coalesced        2      128        2    134217728           64      559182.417  17179869184  17179869184       30.723       30.723
 signed_char    coalesced        2      128        2    268435456           32      559253.230  17179869184  17179869184       30.719       30.719
 signed_char    coalesced        2      128        2    536870912           16      559352.567  17179869184  17179869184       30.714       30.714
 signed_char    coalesced        2      128        2   1073741824            8      559634.775  17179869184  17179869184       30.698       30.698
 signed_char    coalesced        2      128        2   2147483648            4      559375.769  17179869184  17179869184       30.713       30.713
 signed_char    coalesced        2      128        2   4294967296            2      559713.936  17179869184  17179869184       30.694       30.694
 signed_char    coalesced        2      128        2   8588886016            1      559803.983  17177772032  17177772032       30.685       30.685
