        type trial_config ert_flop   unroll  buffers        nsize       trials       microsecs        bytes        flops         GB/s         GF/s
       float    coalesced     1515        2        1            8     16777216   207301763.133    268435456  50834964480        0.001        0.245
       float    coalesced     1515        2        1           16     16777216   207301827.289    536870912 101669928960        0.003        0.490
       float    coalesced     1515        2        1           32     16777216   207364848.688   1073741824 203339857920        0.005        0.981
       float    coalesced     1515        2        1           64     16777216   208081172.731   2147483648 406679715840        0.010        1.954
       float    coalesced     1515        2        1          128     16777216   209483854.150   4294967296 813359431680        0.021        3.883
       float    coalesced     1515        2        1          256     16777216   211087943.515   8589934592 1626718863360        0.041        7.706
       float    coalesced     1515        2        1          512      8388608   107122653.421   8589934592 1626718863360        0.080       15.186
       float    coalesced     1515        2        1         1024      4194304    54553401.516   8589934592 1626718863360        0.157       29.819
       float    coalesced     1515        2        1         2048      2097152    28056193.354   8589934592 1626718863360        0.306       57.981
       float    coalesced     1515        2        1         4096      1048576    15002423.807   8589934592 1626718863360        0.573      108.430
       float    coalesced     1515        2        1         8192       524288     8324399.901   8589934592 1626718863360        1.032      195.416
       float    coalesced     1515        2        1        16384       262144     5114722.541   8589934592 1626718863360        1.679      318.046
       float    coalesced     1515        2        1        32768       131072     3452553.342   8589934592 1626718863360        2.488      471.164
       float    coalesced     1515        2        1        65536        65536     2630606.013   8589934592 1626718863360        3.265      618.382
       float    coalesced     1515        2        1       131072        32768     2228785.760   8589934592 1626718863360        3.854      729.868
       float    coalesced     1515        2        1       262144        16384     2024814.211   8589934592 1626718863360        4.242      803.392
       float    coalesced     1515        2        1       524288         8192     1918215.710   8589934592 1626718863360        4.478      848.038
       float    coalesced     1515        2        1      1048576         4096     1870312.754   8589934592 1626718863360        4.593      869.758
       float    coalesced     1515        2        1      2097152         2048     1844381.258   8589934592 1626718863360        4.657      881.986
       float    coalesced     1515        2        1      4194304         1024     1831427.058   8589934592 1626718863360        4.690      888.225
       float    coalesced     1515        2        1      8388608          512     1825167.928   8589934592 1626718863360        4.706      891.271
       float    coalesced     1515        2        1     16777216          256     1821975.092   8589934592 1626718863360        4.715      892.833
       float    coalesced     1515        2        1     33554432          128     1820382.244   8589934592 1626718863360        4.719      893.614
       float    coalesced     1515        2        1     67108864           64     1819603.563   8589934592 1626718863360        4.721      893.996
       float    coalesced     1515        2        1    134217728           32     1819188.680   8589934592 1626718863360        4.722      894.200
       float    coalesced     1515        2        1    268435456           16     1818990.831   8589934592 1626718863360        4.722      894.297
       float    coalesced     1515        2        1    536870912            8     1818903.873   8589934592 1626718863360        4.723      894.340
       float    coalesced     1515        2        1   1073741824            4     1818861.275   8589934592 1626718863360        4.723      894.361
       float    coalesced     1515        2        1   2147483648            2     1818787.845   8589934592 1626718863360        4.723      894.397
       float    coalesced     1515        2        1   4293918720            1     1818355.771   8587837440 1626321715200        4.723      894.391
