0 3.0922 7.4e-08 23
0 5.99459 2.9024 23
0 7.44389 4.35169 23
0 8.88752 5.79533 23
0 10.3326 7.24044 23
0 11.7841 8.69188 23
0 13.2264 10.1342 23
0 14.6686 11.5764 23
0 16.1347 13.0425 23
0 17.5981 14.5059 23
0 19.0611 15.9689 23
0 20.5054 17.4132 23
0 21.971 18.8788 23
0 23.4267 20.3345 23
0 24.8708 21.7786 23
0 26.3264 23.2342 23
0 27.7774 24.6852 23
0 29.2214 26.1292 23
0 30.6738 27.5816 23
0 32.1182 29.026 23
0 33.5838 30.4916 23
0 35.0396 31.9474 23
0 36.4838 33.3916 23
0 37.9571 34.8649 23
0 39.4059 36.3137 23
0 40.8498 37.7576 23
0 42.3224 39.2302 23
0 43.7829 40.6907 23
0 45.2353 42.1431 23
0 46.6956 43.6034 23
0 48.1519 45.0597 23
0 49.6017 46.5095 23
0 51.0553 47.9631 23
0 52.5142 49.422 23
0 53.9571 50.8649 23
0 55.4006 52.3084 23
0 56.8523 53.7601 23
0 58.3046 55.2125 23
0 59.7486 56.6564 23
0 61.2162 58.124 23
0 62.6606 59.5684 23
0 64.104 61.0118 23
0 65.5546 62.4624 23
0 67.0192 63.927 23
0 68.471 65.3788 23
0 69.9296 66.8374 23
0 71.3637 68.2715 23
0 72.8215 69.7293 23
1 74.265 8.9e-08 23
1 75.7075 1.44243 23
1 77.1579 2.89285 23
1 78.6019 4.33681 23
1 80.0457 5.78068 23
1 81.4977 7.23265 23
1 82.9614 8.69638 23
1 84.4137 10.1487 23
1 85.8586 11.5936 23
1 87.319 13.054 23
1 88.771 14.506 23
1 90.2148 15.9497 23
1 91.6638 17.3988 23
1 93.1219 18.8569 23
1 94.5664 20.3014 23
1 96.0185 21.7534 23
1 97.468 23.203 23
1 98.9104 24.6454 23
1 100.36 26.095 23
1 101.803 27.5383 23
1 103.247 28.9819 23
1 104.703 30.4382 23
1 106.146 31.8807 23
1 107.589 33.324 23
1 109.046 34.7814 23
1 110.491 36.2258 23
1 111.935 37.6702 23
1 113.394 39.1286 23
1 114.838 40.5726 23
1 116.294 42.0292 23
1 117.739 43.4738 23
1 119.183 44.9183 23
1 120.642 46.3765 23
1 122.086 47.8205 23
1 123.529 49.2643 23
1 124.981 50.7161 23
1 126.425 52.16 23
1 127.869 53.6037 23
1 129.32 55.0549 23
1 130.784 56.519 23
1 132.236 57.9711 23
1 133.681 59.4156 23
1 135.125 60.8598 23
1 136.583 62.3182 23
1 138.038 63.7729 23
1 139.482 65.2166 23
1 140.933 66.6684 23
1 142.378 68.1125 23
2 143.822 6.2e-08 23
2 145.278 1.45673 23
2 146.722 2.90056 23
2 148.174 4.35241 23
2 149.617 5.795 23
2 151.061 7.23905 23
2 152.511 8.68957 23
2 153.955 10.1338 23
2 155.399 11.5776 23
2 156.856 13.0342 23
2 158.3 14.4781 23
2 159.754 15.9323 23
2 161.205 17.3837 23
2 162.647 18.8259 23
2 164.116 20.2942 23
2 165.559 21.7376 23
2 167.002 23.1803 23
2 168.453 24.6315 23
2 169.897 26.075 23
2 171.362 27.54 23
2 172.814 28.9922 23
2 174.259 30.437 23
2 175.703 31.8818 23
2 177.162 33.3402 23
2 178.617 34.7949 23
2 180.068 36.2467 23
2 181.512 37.6904 23
2 182.956 39.1348 23
2 184.414 40.592 23
2 185.858 42.0364 23
2 187.301 43.4789 23
2 188.752 44.9306 23
2 190.2 46.3782 23
2 191.644 47.8229 23
2 193.103 49.2814 23
2 194.548 50.7262 23
2 196 52.1781 23
2 197.443 53.6217 23
2 198.887 55.0658 23
2 200.339 56.5176 23
2 201.783 57.9616 23
2 203.227 59.4056 23
2 204.684 60.862 23
2 206.126 62.3043 23
2 207.586 63.7643 23
2 209.043 65.2218 23
2 210.488 66.6663 23
2 211.946 68.124 23
2 213.39 69.5682 23
3 214.835 1.18e-07 23
3 216.293 1.45846 23
3 217.737 2.90258 23
3 219.182 4.347 23
3 220.634 5.79931 23
3 222.078 7.24359 23
3 223.522 8.68785 23
3 224.974 10.1399 23
3 226.418 11.5834 23
3 227.861 13.0267 23
3 229.319 14.4844 23
3 230.773 15.9383 23
3 232.225 17.3901 23
3 233.669 18.8343 23
3 235.111 20.2768 23
3 236.569 21.7342 23
3 238.023 23.1889 23
3 239.467 24.6327 23
3 240.919 26.0847 23
3 242.384 27.5497 23
3 243.837 29.0024 23
3 245.281 30.4465 23
3 246.725 31.8904 23
3 248.183 33.3488 23
3 249.637 34.8029 23
3 251.081 36.2467 23
3 252.533 37.6986 23
3 253.976 39.1412 23
3 255.42 40.5852 23
3 256.877 42.0426 23
3 258.321 43.4864 23
3 259.773 44.938 23
3 261.215 46.3804 23
3 262.657 47.8229 23
3 264.131 49.2961 23
3 265.575 50.7407 23
3 267.02 52.1854 23
3 268.488 53.6535 23
3 269.933 55.0981 23
3 271.385 56.5501 23
3 272.828 57.9939 23
3 274.273 59.438 23
3 275.724 60.8898 23
3 277.167 62.3326 23
3 278.611 63.7765 23
3 280.068 65.2332 23
3 281.511 66.6767 23
3 282.954 68.1196 23
3 284.406 69.5714 23
4 285.864 7.2e-08 23
4 287.304 1.43987 23
4 288.762 2.89768 23
4 290.205 4.34142 23
4 291.656 5.79229 23
4 293.1 7.23608 23
4 294.544 8.68003 23
4 295.994 10.1303 23
4 297.438 11.5742 23
4 298.882 13.0181 23
4 300.338 14.4744 23
4 301.782 15.9176 23
4 303.224 17.3603 23
4 304.681 18.8168 23
4 306.125 20.2611 23
4 307.569 21.7055 23
4 309.028 23.1636 23
4 310.471 24.6075 23
4 311.928 26.064 23
4 313.372 27.5084 23
4 314.817 28.9528 23
4 316.29 30.4259 23
4 317.732 31.8677 23
4 319.175 33.3115 23
4 320.627 34.7633 23
4 322.071 36.2068 23
4 323.537 37.6733 23
4 324.98 39.1163 23
4 326.424 40.5603 23
4 327.875 42.0106 23
4 329.318 43.4545 23
4 330.762 44.8984 23
4 332.219 46.3549 23
4 333.662 47.7984 23
4 335.115 49.2507 23
4 336.566 50.7024 23
4 338.01 52.1463 23
4 339.46 53.5959 23
4 340.911 55.0475 23
4 342.364 56.5005 23
4 343.816 57.9516 23
4 345.258 59.3944 23
4 346.702 60.8381 23
4 348.16 62.296 23
4 349.604 63.74 23
4 351.048 65.1838 23
4 352.498 66.6342 23
4 353.941 68.0769 23
4 355.385 69.5205 23
4 356.856 70.9923 23
5 358.301 4.8e-08 23
5 359.753 1.45273 23
5 361.198 2.89702 23
5 362.642 4.34162 23
5 364.11 5.80958 23
5 365.554 7.25322 23
5 366.998 8.69695 23
5 368.45 10.1489 23
5 369.893 11.5927 23
5 371.336 13.0354 23
5 372.794 14.4929 23
5 374.238 15.9369 23
5 375.689 17.3887 23
5 377.132 18.8309 23
5 378.575 20.2748 23
5 380.026 21.7249 23
5 381.469 23.1683 23
5 382.933 24.6323 23
5 384.386 26.0848 23
5 385.829 27.5287 23
5 387.274 28.973 23
5 388.732 30.4315 23
5 390.187 31.8862 23
5 391.639 33.3384 23
5 393.083 34.7822 23
5 394.527 36.2259 23
5 395.983 37.6823 23
5 397.437 39.1361 23
5 398.88 40.5797 23
5 400.332 42.0316 23
5 401.792 43.491 23
5 403.242 44.9412 23
5 404.686 46.3848 23
5 406.129 47.8287 23
5 407.581 49.2803 23
5 409.024 50.7228 23
5 410.467 52.1665 23
5 411.923 53.6227 23
5 413.377 55.0765 23
5 414.821 56.5203 23
5 416.273 57.9723 23
5 417.716 59.415 23
5 419.166 60.8651 23
5 420.628 62.3271 23
5 422.07 63.7696 23
5 423.522 65.2215 23
5 424.966 66.6649 23
5 426.409 68.1082 23
5 427.865 69.5639 23
5 429.309 71.008 23
6 430.752 1.04e-07 23
6 432.203 1.45137 23
6 433.648 2.89594 23
6 435.092 4.34002 23
6 436.544 5.79201 23
6 437.988 7.2357 23
6 439.437 8.68444 23
6 440.888 10.1363 23
6 442.341 11.5888 23
6 443.793 13.0407 23
6 445.236 14.4835 23
6 446.679 15.9273 23
6 448.137 17.3853 23
6 449.581 18.8292 23
6 451.023 20.2712 23
6 452.474 21.7222 23
6 453.923 23.171 23
6 455.367 24.6154 23
6 456.826 26.0738 23
6 458.271 27.5184 23
6 459.722 28.9703 23
6 461.171 30.4188 23
6 462.615 31.8627 23
6 464.072 33.3201 23
6 465.516 34.7643 23
6 466.961 36.2086 23
6 468.413 37.661 23
7 469.858 5.6e-08 23
7 471.302 1.44421 23
7 472.754 2.89664 23
7 474.198 4.34056 23
7 475.642 5.78462 23
7 477.099 7.24159 23
7 478.542 8.68441 23
7 479.994 10.1362 23
7 481.438 11.5802 23
7 482.887 13.0294 23
7 484.345 14.4877 23
7 485.79 15.932 23
7 487.234 17.3766 23
7 488.687 18.829 23
8 490.136 6e-08 23
8 491.58 1.44419 23
8 493.039 2.90238 23
8 494.483 4.34645 23
8 495.935 5.79883 23
8 497.38 7.2433 23
8 498.823 8.68675 23
9 500.275 5.9e-08 23
9 501.719 1.44384 23
9 503.163 2.8876 23
9 504.63 4.35444 23
10 506.073 5.8e-08 23.5
10 507.518 1.44456 23.5
10 508.985 2.91245 23.5
11 510.429 5.8e-08 23.5
11 511.881 1.45233 23.5
12 513.325 5.7e-08 23.5
12 514.769 1.44383 23.5
13 516.22 6.2e-08 24
14 517.662 5e-08 23.5
14 519.104 1.44249 24
15 520.562 7.1e-08 24
16 522.005 5.6e-08 24
17 523.463 7.6e-08 24
18 524.912 6.5e-08 24
19 526.355 6.8e-08 24
19 527.797 1.44258 24
20 529.254 6.4e-08 24
21 530.707 1.07e-07 24
22 532.158 6.8e-08 24
23 533.6 6.5e-08 24
24 535.141 1.42e-07 24
24 536.581 1.43973 24
25 538.023 6e-08 23.5
26 539.575 1.61e-07 24
26 541.01 1.43499 23.5
27 542.467 6.6e-08 24
27 543.91 1.44263 23.5
28 546.562 1.6e-07 24
28 548.005 1.44205 23.5
29 552.95 1.48e-07 24
29 554.392 1.44167 23.5
