0 5.25661 1.54e-07 25.5
0 8.14091 2.8843 25.5
0 9.58874 4.33213 25.5
0 11.0333 5.77665 25.5
0 12.4754 7.21878 25.5
0 13.9269 8.67026 25.5
0 15.3695 10.1129 25.5
0 16.8115 11.5549 25.5
0 18.2626 13.006 25.5
0 19.706 14.4494 25.5
0 21.1487 15.8921 25.5
0 22.5965 17.3399 25.5
1 24.04 8.2e-08 25.5
1 25.4834 1.44345 25.5
1 26.9339 2.89388 25.5
1 28.3766 4.33666 25.5
1 29.8193 5.77934 25.5
1 31.2699 7.22995 25.5
1 32.7126 8.67268 25.5
1 34.1554 10.1155 25.5
1 35.6123 11.5724 25.5
1 37.0845 13.0445 25.5
1 38.5465 14.5065 25.5
1 39.9912 15.9512 25.5
1 41.4478 17.4078 25.5
2 42.9152 8.3e-08 25.5
2 44.3683 1.45312 25.5
2 45.8236 2.9084 25.5
2 47.2655 4.35033 25.5
2 48.7177 5.8025 25.5
2 50.185 7.26982 25.5
2 51.627 8.71188 26
3 53.08 7.5e-08 26
3 54.5312 1.45118 26
3 55.9785 2.89847 26
3 57.4204 4.34041 26
4 58.8864 6.4e-08 26
4 60.3401 1.45373 26.5
5 61.7917 6.2e-08 27.5
6 63.2446 6.1e-08 28
7 64.7085 7.1e-08 28.5
9 66.164 6.9e-08 28.5
11 67.6124 5.4e-08 29
13 69.056 6.2e-08 29
15 70.5275 7.6e-08 29
17 71.9807 1.2e-07 28
19 73.4467 7e-08 29
21 75.2903 1.12e-07 26
22 76.9337 1.46e-07 26
23 79.5728 1.33e-07 26
24 84.6175 1.57e-07 26
25 93.757 1e-07 26
