        type trial_config ert_flop   unroll  buffers        nsize       trials       microsecs        bytes        flops         GB/s         GF/s
 signed_char    coalesced        1      128        1          128     16777216     5816843.806   4294967296   2147483648        0.738        0.369
 signed_char    coalesced        1      128        1          256     16777216     6089652.659   8589934592   4294967296        1.411        0.705
 signed_char    coalesced        1      128        1          512      8388608     3273311.695   8589934592   4294967296        2.624        1.312
 signed_char    coalesced        1      128        1         1024      4194304     1843814.050   8589934592   4294967296        4.659        2.329
 signed_char    coalesced        1      128        1         2048      2097152     1091248.868   8589934592   4294967296        7.872        3.936
 signed_char    coalesced        1      128        1         4096      1048576      654780.364   8589934592   4294967296       13.119        6.559
 signed_char    coalesced        1      128        1         8192       524288      430835.707   8589934592   4294967296       19.938        9.969
 signed_char    coalesced        1      128        1        16384       262144      323159.931   8589934592   4294967296       26.581       13.291
 signed_char    coalesced        1      128        1        32768       131072      289752.479   8589934592   4294967296       29.646       14.823
 signed_char    coalesced        1      128        1        65536        65536      291345.154   8589934592   4294967296       29.484       14.742
 signed_char    coalesced        1      128        1       131072        32768      291337.329   8589934592   4294967296       29.484       14.742
 signed_char    coalesced        1      128        1       262144        16384      290927.799   8589934592   4294967296       29.526       14.763
 signed_char    coalesced        1      128        1       524288         8192      290406.997   8589934592   4294967296       29.579       14.789
 signed_char    coalesced        1      128        1      1048576         4096      289920.803   8589934592   4294967296       29.629       14.814
 signed_char    coalesced        1      128        1      2097152         2048      289320.808   8589934592   4294967296       29.690       14.845
 signed_char    coalesced        1      128        1      4194304         1024      289270.801   8589934592   4294967296       29.695       14.848
 signed_char    coalesced        1      128        1      8388608          512      289155.769   8589934592   4294967296       29.707       14.853
 signed_char    coalesced        1      128        1     16777216          256      289098.889   8589934592   4294967296       29.713       14.856
 signed_char    coalesced        1      128        1     33554432          128      289129.787   8589934592   4294967296       29.710       14.855
 signed_char    coalesced        1      128        1     67108864           64      289112.427   8589934592   4294967296       29.711       14.856
 signed_char    coalesced        1      128        1    134217728           32      289080.859   8589934592   4294967296       29.715       14.857
 signed_char    coalesced        1      128        1    268435456           16      289064.466   8589934592   4294967296       29.716       14.858
 signed_char    coalesced        1      128        1    536870912            8      289075.379   8589934592   4294967296       29.715       14.858
 signed_char    coalesced        1      128        1   1073741824            4      289105.077   8589934592   4294967296       29.712       14.856
 signed_char    coalesced        1      128        1   2147483648            2      289073.328   8589934592   4294967296       29.715       14.858
 signed_char    coalesced        1      128        1   4293918720            1      288979.307   8587837440   4293918720       29.718       14.859
