        type trial_config ert_flop   unroll  buffers        nsize       trials       microsecs        bytes        flops         GB/s         GF/s
         int    coalesced        1      256        2         2048      4194304     2800232.738  17179869184   2147483648        6.135        0.767
         int    coalesced        1      256        2         4096      2097152     1753607.507  17179869184   2147483648        9.797        1.225
         int    coalesced        1      256        2         8192      1048576     1170492.928  17179869184   2147483648       14.677        1.835
         int    coalesced        1      256        2        16384       524288      926724.220  17179869184   2147483648       18.538        2.317
         int    coalesced        1      256        2        32768       262144      799528.052  17179869184   2147483648       21.488        2.686
         int    coalesced        1      256        2        65536       131072      730133.932  17179869184   2147483648       23.530        2.941
         int    coalesced        1      256        2       131072        65536      691500.157  17179869184   2147483648       24.844        3.106
         int    coalesced        1      256        2       262144        32768      672414.359  17179869184   2147483648       25.550        3.194
         int    coalesced        1      256        2       524288        16384      663567.777  17179869184   2147483648       25.890        3.236
         int    coalesced        1      256        2      1048576         8192      658575.165  17179869184   2147483648       26.086        3.261
         int    coalesced        1      256        2      2097152         4096      656152.271  17179869184   2147483648       26.183        3.273
         int    coalesced        1      256        2      4194304         2048      655238.316  17179869184   2147483648       26.219        3.277
         int    coalesced        1      256        2      8388608         1024      654537.973  17179869184   2147483648       26.247        3.281
         int    coalesced        1      256        2     16777216          512      654244.291  17179869184   2147483648       26.259        3.282
         int    coalesced        1      256        2     33554432          256      654055.041  17179869184   2147483648       26.267        3.283
         int    coalesced        1      256        2     67108864          128      653959.695  17179869184   2147483648       26.271        3.284
         int    coalesced        1      256        2    134217728           64      653914.176  17179869184   2147483648       26.272        3.284
         int    coalesced        1      256        2    268435456           32      653905.054  17179869184   2147483648       26.273        3.284
         int    coalesced        1      256        2    536870912           16      653874.749  17179869184   2147483648       26.274        3.284
         int    coalesced        1      256        2   1073741824            8      653924.173  17179869184   2147483648       26.272        3.284
         int    coalesced        1      256        2   2147483648            4      653938.274  17179869184   2147483648       26.271        3.284
         int    coalesced        1      256        2   4294967296            2      653872.196  17179869184   2147483648       26.274        3.284
         int    coalesced        1      256        2   8588886016            1      653783.484  17177772032   2147221504       26.274        3.284
