0 5.21204 8.1e-08 23
0 8.10225 2.89022 23
0 9.54622 4.33419 23
0 10.9984 5.78637 23
0 12.4423 7.2303 23
0 13.8864 8.67434 23
0 15.344 10.1319 23
0 16.7797 11.5676 23
0 18.2244 13.0124 23
0 19.682 14.47 23
0 21.1262 15.9141 23
0 22.5784 17.3664 23
0 24.0228 18.8108 23
0 25.4667 20.2547 23
0 26.9188 21.7068 23
0 28.3632 23.1512 23
0 29.8058 24.5938 23
0 31.2559 26.0439 23
0 32.6999 27.4878 23
0 34.1488 28.9368 23
0 35.6082 30.3961 23
0 37.0515 31.8395 23
0 38.4938 33.2818 23
0 39.9497 34.7377 23
1 41.3893 9.7e-08 23
1 42.8332 1.44399 23
1 44.285 2.89573 23
1 45.7279 4.33869 23
1 47.1706 5.7814 23
1 48.6223 7.23305 23
1 50.0658 8.67659 23
1 51.5099 10.1207 23
1 52.9676 11.5783 23
1 54.4121 13.0228 23
1 55.8647 14.4754 23
1 57.3082 15.9189 23
1 58.7511 17.3618 23
1 60.2019 18.8127 23
1 61.6452 20.256 23
1 63.0889 21.6996 23
1 64.5412 23.152 23
1 65.9852 24.5959 23
1 67.4281 26.0388 23
1 68.8792 27.49 23
1 70.3215 28.9323 23
1 71.7655 30.3763 23
1 73.2239 31.8347 23
1 74.6724 33.2832 23
1 76.1128 34.7235 23
2 77.5652 9.7e-08 23
2 79.0085 1.44325 23
2 80.4511 2.88583 23
2 81.9008 4.33553 23
2 83.3433 5.77812 23
2 84.7878 7.22253 23
2 86.2405 8.67529 23
2 87.685 10.1198 23
2 89.1291 11.5639 23
2 90.5875 13.0222 23
2 92.032 14.4668 23
2 93.4846 15.9194 23
2 94.9291 17.3638 23
2 96.3737 18.8085 23
2 97.8251 20.2598 23
2 99.2675 21.7022 23
2 100.716 23.1506 23
2 102.168 24.6024 23
2 103.61 26.0453 23
2 105.054 27.4891 23
2 106.512 28.9471 23
2 107.961 30.3955 23
2 109.401 31.8361 23
2 110.854 33.2885 23
2 112.298 34.7327 23
3 113.742 8.7e-08 23
3 115.195 1.45241 23
3 116.639 2.89632 23
3 118.083 4.34093 23
3 119.535 5.79215 23
3 120.977 7.235 23
3 122.42 8.67793 23
3 123.878 10.1354 23
3 125.322 11.5799 23
3 126.775 13.0326 23
3 128.22 14.4772 23
3 129.664 15.9221 23
3 131.117 17.3744 23
3 132.561 18.8191 23
3 134.006 20.2636 23
3 135.464 21.7219 23
3 136.908 23.1659 23
3 138.351 24.6089 23
3 139.801 26.0583 23
3 141.245 27.5022 23
3 142.688 28.9454 23
3 144.14 30.3974 23
3 145.584 31.8419 23
3 147.028 33.2861 23
3 148.481 34.7385 23
3 149.925 36.1829 23
4 151.371 8.6e-08 23
4 152.829 1.45845 23
4 154.274 2.90327 23
4 155.727 4.35599 23
4 157.172 5.80099 23
4 158.616 7.24546 23
4 160.068 8.69766 23
4 161.512 10.1411 23
4 162.954 11.5837 23
4 164.405 13.0344 23
4 165.849 14.4781 23
4 167.292 15.9212 23
4 168.749 17.3782 23
4 170.192 18.8218 23
4 171.629 20.2583 23
4 173.086 21.7151 23
4 174.53 23.159 23
4 175.974 24.6033 23
4 177.427 26.0561 23
4 178.872 27.501 23
4 180.315 28.944 23
4 181.766 30.3956 23
4 183.209 31.8389 23
4 184.653 33.2821 23
4 186.105 34.7342 23
4 187.548 36.1778 23
4 188.993 37.6224 23
5 190.455 9.7e-08 23
5 191.894 1.43962 23
5 193.347 2.89216 23
5 194.791 4.33586 23
5 196.234 5.77954 23
5 197.686 7.23077 23
5 199.128 8.67331 23
5 200.572 10.117 23
5 202.024 11.5692 23
5 203.468 13.0136 23
5 204.913 14.458 23
5 206.371 15.916 23
5 207.815 17.3599 23
5 209.259 18.8038 23
5 210.709 20.2545 23
5 212.152 21.6968 23
5 213.595 23.1399 23
5 215.046 24.5908 23
5 216.493 26.0386 23
5 217.933 27.4781 23
5 219.385 28.9298 23
5 220.828 30.3733 23
5 222.275 31.8203 23
5 223.722 33.2672 23
5 225.165 34.7105 23
5 226.609 36.1537 23
5 228.067 37.6117 23
5 229.511 39.0561 23.5
6 230.963 7.6e-08 23.5
6 232.407 1.44314 23.5
6 233.849 2.886 23.5
6 235.3 4.33649 23.5
6 236.743 5.7798 23.5
6 238.187 7.22387 23
6 239.639 8.67614 23
6 241.088 10.1247 23.5
6 242.528 11.5651 23.5
6 243.987 13.0233 23.5
6 245.431 14.4677 23
6 246.876 15.9124 23.5
6 248.328 17.3647 23.5
6 249.772 18.8087 23.5
6 251.215 20.2521 23.5
7 252.665 1.14e-07 23.5
7 254.108 1.44213 23.5
7 255.551 2.8856 23.5
7 257.003 4.33756 23.5
7 258.446 5.78088 23.5
7 259.89 7.22456 23.5
7 261.348 8.68208 23.5
7 262.791 10.1254 23.5
8 264.234 7.3e-08 23.5
8 265.685 1.45105 23.5
8 267.132 2.89795 23.5
8 268.58 4.34595 23.5
8 270.024 5.78997 23.5
9 271.468 7.7e-08 24
9 272.92 1.45202 24
9 274.363 2.89582 24
10 275.808 1.04e-07 24
10 277.266 1.45814 24
11 278.711 6e-08 24
11 280.155 1.44452 24.5
12 281.607 6.5e-08 24.5
13 283.05 5.9e-08 24.5
13 284.493 1.44246 24.5
14 285.944 4e-08 24.5
15 287.388 6.6e-08 24.5
15 288.832 1.44434 24.5
16 290.284 6.7e-08 24.5
17 291.728 4.3e-08 24.5
17 293.172 1.44387 24.5
18 294.622 4.8e-08 24.5
19 296.065 6.5e-08 24.5
20 297.508 3e-08 24.5
20 298.966 1.45758 24.5
21 300.41 9.6e-08 24.5
22 301.862 6.3e-08 24.5
22 303.304 1.44195 24.5
23 304.746 6.4e-08 23.5
24 306.201 6.6e-08 24.5
24 307.641 1.43968 24.5
25 309.085 7.8e-08 24.5
25 310.537 1.4519 24.5
26 311.982 7.7e-08 24.5
26 313.426 1.44422 23.5
27 315.784 1.51e-07 24.5
27 317.227 1.44293 24
28 321.874 1.83e-07 24.5
28 323.323 1.4497 23.5
29 332.271 1.75e-07 24.5
29 333.711 1.4397 23.5
