        type trial_config ert_flop   unroll  buffers        nsize       trials       microsecs        bytes        flops         GB/s         GF/s
 signed_char    coalesced        2        1        2            2     16777216     5951405.936     67108864     67108864        0.011        0.011
 signed_char    coalesced        2        1        2            4     16777216     6234763.083    134217728    134217728        0.022        0.022
 signed_char    coalesced        2        1        2            8     16777216     6546489.464    268435456    268435456        0.041        0.041
 signed_char    coalesced        2        1        2           16     16777216     6891040.767    536870912    536870912        0.078        0.078
 signed_char    coalesced        2        1        2           32     16777216     8183068.721   1073741824   1073741824        0.131        0.131
 signed_char    coalesced        2        1        2           64     16777216    10910763.674   2147483648   2147483648        0.197        0.197
 signed_char    coalesced        2        1        2          128     16777216    14878279.461   4294967296   4294967296        0.289        0.289
 signed_char    coalesced        2        1        2          256     16777216    18704027.006   8589934592   8589934592        0.459        0.459
 signed_char    coalesced        2        1        2          512     16777216    26185507.215  17179869184  17179869184        0.656        0.656
 signed_char    coalesced        2        1        2         1024      8388608    20279481.960  17179869184  17179869184        0.847        0.847
 signed_char    coalesced        2        1        2         2048      4194304    17083863.141  17179869184  17179869184        1.006        1.006
 signed_char    coalesced        2        1        2         4096      2097152    15845595.113  17179869184  17179869184        1.084        1.084
 signed_char    coalesced        2        1        2         8192      1048576    15114285.671  17179869184  17179869184        1.137        1.137
 signed_char    coalesced        2        1        2        16384       524288    14753236.340  17179869184  17179869184        1.164        1.164
 signed_char    coalesced        2        1        2        32768       262144    14574511.975  17179869184  17179869184        1.179        1.179
 signed_char    coalesced        2        1        2        65536       131072    14487954.809  17179869184  17179869184        1.186        1.186
 signed_char    coalesced        2        1        2       131072        65536    14444365.006  17179869184  17179869184        1.189        1.189
 signed_char    coalesced        2        1        2       262144        32768    14424071.363  17179869184  17179869184        1.191        1.191
 signed_char    coalesced        2        1        2       524288        16384    14413614.082  17179869184  17179869184        1.192        1.192
 signed_char    coalesced        2        1        2      1048576         8192    14407865.501  17179869184  17179869184        1.192        1.192
 signed_char    coalesced        2        1        2      2097152         4096    14405148.621  17179869184  17179869184        1.193        1.193
 signed_char    coalesced        2        1        2      4194304         2048    14404196.557  17179869184  17179869184        1.193        1.193
 signed_char    coalesced        2        1        2      8388608         1024    14403090.052  17179869184  17179869184        1.193        1.193
 signed_char    coalesced        2        1        2     16777216          512    14402964.532  17179869184  17179869184        1.193        1.193
 signed_char    coalesced        2        1        2     33554432          256    14402886.213  17179869184  17179869184        1.193        1.193
 signed_char    coalesced        2        1        2     67108864          128    14402895.849  17179869184  17179869184        1.193        1.193
 signed_char    coalesced        2        1        2    134217728           64    14402866.209  17179869184  17179869184        1.193        1.193
 signed_char    coalesced        2        1        2    268435456           32    14402628.680  17179869184  17179869184        1.193        1.193
 signed_char    coalesced        2        1        2    536870912           16    14402689.731  17179869184  17179869184        1.193        1.193
 signed_char    coalesced        2        1        2   1073741824            8    14402658.775  17179869184  17179869184        1.193        1.193
 signed_char    coalesced        2        1        2   2147483648            4    14402564.432  17179869184  17179869184        1.193        1.193
 signed_char    coalesced        2        1        2   4294967296            2    14402769.307  17179869184  17179869184        1.193        1.193
 signed_char    coalesced        2        1        2   8588886016            1    14400866.602  17177772032  17177772032        1.193        1.193
