0 6.55947 8.3e-08 23.5
0 9.45331 2.89383 23.5
0 10.897 4.33753 23.5
0 12.3472 5.7877 23.5
0 13.7919 7.23244 23.5
0 15.2345 8.675 23.5
0 16.6926 10.1332 23
0 18.1343 11.5749 23.5
0 19.5718 13.0123 23
0 21.0269 14.4674 23.5
0 22.4699 15.9104 23.5
0 23.9142 17.3547 23.5
0 25.3646 18.8052 23.5
0 26.8099 20.2504 23
0 28.2524 21.6929 23
0 29.7039 23.1445 23.5
0 31.1481 24.5886 23.5
0 32.5918 26.0323 23.5
0 34.0534 27.4939 23
0 35.4928 28.9333 23
0 36.9482 30.3887 23
0 38.3881 31.8286 23.5
0 39.8318 33.2724 23.5
0 41.2836 34.7242 23
0 42.7273 36.1678 23
0 44.1713 37.6118 23
0 45.6289 39.0694 23.5
1 47.0718 7.6e-08 23.5
1 48.5147 1.44285 23.5
1 49.9644 2.89261 23.5
1 51.4066 4.33483 23
1 52.8501 5.77825 23.5
1 54.3013 7.22952 23.5
1 55.7452 8.67343 23.5
1 57.189 10.1172 23.5
1 58.6414 11.5696 23
1 60.0854 13.0135 23
1 61.5289 14.4571 23
1 62.9864 15.9146 23.5
1 64.4301 17.3583 23.5
1 65.882 18.8101 23.5
1 67.3261 20.2542 23
1 68.7702 21.6984 23
1 70.2223 23.1505 23.5
1 71.6662 24.5944 23.5
1 73.1103 26.0385 23.5
1 74.568 27.4962 23
1 76.0121 28.9403 23
1 77.4557 30.3839 23
1 78.9069 31.8351 23
1 80.3502 33.2784 23.5
1 81.7932 34.7214 23
1 83.2476 36.1758 23
1 84.685 37.6132 23
1 86.1281 39.0563 23
2 87.5796 8.8e-08 23.5
2 89.0233 1.4437 23
2 90.4673 2.88765 23
2 91.925 4.34541 23
2 93.3692 5.78957 23
2 94.8206 7.24093 23
2 96.2643 8.68469 23
2 97.708 10.1284 23
2 99.1603 11.5807 23
2 100.604 13.0245 23
2 102.048 14.4683 23
2 103.505 15.9255 23
2 104.949 17.369 23
2 106.393 18.8132 23
2 107.845 20.2652 23
2 109.289 21.7096 23
2 110.733 23.1536 23
2 112.185 24.6054 23
2 113.629 26.0495 23
2 115.073 27.4932 23
2 116.53 28.9506 23
2 117.975 30.3949 23
2 119.43 31.8507 23
2 120.87 33.2906 23
2 122.314 34.7346 23
2 123.766 36.1865 23
2 125.21 37.6307 23
2 126.654 39.0744 23
3 128.112 7.6e-08 23.5
3 129.556 1.44362 23.5
3 131 2.88768 23.5
3 132.452 4.34009 23
3 133.896 5.78418 23
3 135.34 7.22807 23
3 136.792 8.68026 23.5
3 138.237 10.1244 23.5
3 139.681 11.569 23
3 141.139 13.0266 23
3 142.583 14.4708 23
3 144.035 15.9228 23
3 145.479 17.367 23.5
3 146.923 18.8109 23.5
3 148.375 20.2623 23.5
3 149.818 21.7057 23
3 151.262 23.1493 23
3 152.719 24.6066 23.5
3 154.162 26.0501 23.5
3 155.606 27.4938 23.5
3 157.058 28.9457 23
3 158.502 30.3898 23
3 159.945 31.8327 23
3 161.396 33.2841 23.5
3 162.84 34.7275 23.5
3 164.283 36.1711 23
3 165.741 37.6283 23
3 167.183 39.0712 23
3 168.626 40.5138 23.5
3 170.076 41.9636 23.5
3 171.518 43.4059 23.5
4 172.97 6.8e-08 23.5
4 174.413 1.44353 23
4 175.857 2.88722 23.5
4 177.309 4.33912 23.5
4 178.752 5.78285 23.5
4 180.196 7.22631 23.5
4 181.653 8.68346 23
4 183.096 10.1267 23
4 184.544 11.5744 23
4 185.991 13.0218 23.5
4 187.435 14.465 23.5
4 188.878 15.9083 23.5
4 190.33 17.3602 23.5
4 191.774 18.804 23
4 193.218 20.248 23.5
4 194.675 21.7056 23.5
4 196.119 23.1498 23.5
4 197.572 24.602 23.5
4 199.016 26.0463 23
4 200.459 27.4896 23
4 201.911 28.9418 23
4 203.359 30.3895 23.5
4 204.799 31.8291 23
4 206.256 33.2866 23
4 207.7 34.7304 23.5
4 209.143 36.1737 23
4 210.595 37.6253 23.5
4 212.039 39.0691 23.5
4 213.483 40.513 23.5
4 214.935 41.965 23.5
5 216.378 1.01e-07 23.5
5 217.822 1.44401 23.5
5 219.28 2.90164 23.5
5 220.724 4.34583 23.5
5 222.176 5.7976 23.5
5 223.62 7.24173 23.5
5 225.064 8.68559 23.5
5 226.515 10.137 23.5
5 227.959 11.5803 23.5
5 229.403 13.0244 23.5
5 230.861 14.4825 23.5
5 232.305 15.9262 23.5
5 233.748 17.3698 23.5
5 235.201 18.8222 23.5
5 236.644 20.2652 23.5
5 238.087 21.7089 23.5
5 239.539 23.1602 23.5
5 240.982 24.6036 23.5
5 242.43 26.0517 23.5
5 243.883 27.5041 23.5
5 245.326 28.948 23.5
5 246.778 30.3995 23.5
5 248.226 31.8479 23.5
5 249.666 33.2872 23.5
5 251.118 34.7394 23.5
5 252.561 36.183 23.5
5 254.005 37.6268 23.5
5 255.462 39.0839 23.5
5 256.906 40.5279 23.5
5 258.35 41.9715 23.5
5 259.802 43.4232 23.5
6 261.245 7.5e-08 23.5
6 262.688 1.44348 23.5
6 264.14 2.89491 23.5
6 265.583 4.3379 23.5
6 267.026 5.78113 23.5
6 268.483 7.2381 23.5
6 269.926 8.68123 23.5
6 271.378 10.1326 23.5
6 272.821 11.5761 23.5
6 274.264 13.0193 23.5
6 275.716 14.471 23.5
6 277.159 15.9135 23.5
6 278.601 17.3562 23.5
6 280.051 18.8056 23.5
6 281.493 20.2481 23.5
6 282.936 21.6914 23.5
6 284.393 23.1479 23.5
7 285.84 8.2e-08 23.5
7 287.279 1.43905 23.5
7 288.731 2.89072 23.5
7 290.175 4.33424 23.5
7 291.619 5.77811 23.5
7 293.07 7.22964 23.5
7 294.514 8.67344 23.5
7 295.957 10.1165 23.5
7 297.414 11.5732 23.5
8 298.856 6.7e-08 23.5
8 300.291 1.43503 23.5
8 301.747 2.89099 23.5
8 303.189 4.33311 23.5
8 304.641 5.78468 24
9 306.083 7.9e-08 24
9 307.527 1.44336 24
9 308.978 2.89481 24
10 310.421 7e-08 24
10 311.864 1.44315 24
10 313.321 2.89999 24
11 314.765 6.8e-08 24
11 316.209 1.44386 24.5
12 317.66 6.4e-08 24.5
12 319.104 1.44354 24.5
13 320.547 6.8e-08 24.5
14 321.998 6.5e-08 24.5
14 323.442 1.44385 24.5
15 324.886 6.8e-08 24.5
16 326.343 8.2e-08 24.5
16 327.787 1.44374 24.5
17 329.238 6.5e-08 24.5
18 330.682 6.8e-08 24.5
18 332.125 1.44319 24.5
19 333.577 7e-08 24.5
20 335.02 6.9e-08 24.5
21 336.464 6.9e-08 24.5
21 337.914 1.45022 24.5
22 339.356 8.7e-08 24.5
23 340.898 1.7e-07 24.5
23 342.338 1.43945 24.5
24 343.78 6.2e-08 24.5
24 345.23 1.4498 24.5
25 346.672 6.4e-08 24.5
26 349.115 1.65e-07 24.5
26 350.558 1.44297 23.5
27 353.199 1.61e-07 24.5
27 354.638 1.43898 24
28 359.282 1.34e-07 24.5
28 360.729 1.44758 24
29 369.678 1.56e-07 24.5
29 371.122 1.44348 23.5
