        type trial_config ert_flop   unroll  buffers        nsize       trials       microsecs        bytes        flops         GB/s         GF/s
         int    coalesced       32        8        2           64     16777216    10911071.120   2147483648   8589934592        0.197        0.787
         int    coalesced       32        8        2          128     16777216    10911018.682   4294967296  17179869184        0.394        1.575
         int    coalesced       32        8        2          256     16777216    10911008.569   8589934592  34359738368        0.787        3.149
         int    coalesced       32        8        2          512     16777216    11902881.910  17179869184  68719476736        1.443        5.773
         int    coalesced       32        8        2         1024      8388608     6546766.776  17179869184  68719476736        2.624       10.497
         int    coalesced       32        8        2         2048      4194304     3637300.072  17179869184  68719476736        4.723       18.893
         int    coalesced       32        8        2         4096      2097152     2046209.538  17179869184  68719476736        8.396       33.584
         int    coalesced       32        8        2         8192      1048576     1355775.136  17179869184  68719476736       12.672       50.686
         int    coalesced       32        8        2        16384       524288      962834.711  17179869184  68719476736       17.843       71.372
         int    coalesced       32        8        2        32768       262144      787936.826  17179869184  68719476736       21.804       87.214
         int    coalesced       32        8        2        65536       131072      735328.398  17179869184  68719476736       23.364       93.454
         int    coalesced       32        8        2       131072        65536      738033.637  17179869184  68719476736       23.278       93.112
         int    coalesced       32        8        2       262144        32768      738831.790  17179869184  68719476736       23.253       93.011
         int    coalesced       32        8        2       524288        16384      737559.484  17179869184  68719476736       23.293       93.171
         int    coalesced       32        8        2      1048576         8192      737149.136  17179869184  68719476736       23.306       93.223
         int    coalesced       32        8        2      2097152         4096      737279.764  17179869184  68719476736       23.302       93.207
         int    coalesced       32        8        2      4194304         2048      737605.591  17179869184  68719476736       23.291       93.166
         int    coalesced       32        8        2      8388608         1024      737635.163  17179869184  68719476736       23.290       93.162
         int    coalesced       32        8        2     16777216          512      737640.378  17179869184  68719476736       23.290       93.161
         int    coalesced       32        8        2     33554432          256      737638.467  17179869184  68719476736       23.290       93.161
         int    coalesced       32        8        2     67108864          128      737669.420  17179869184  68719476736       23.289       93.158
         int    coalesced       32        8        2    134217728           64      737698.221  17179869184  68719476736       23.288       93.154
         int    coalesced       32        8        2    268435456           32      737647.321  17179869184  68719476736       23.290       93.160
         int    coalesced       32        8        2    536870912           16      737633.712  17179869184  68719476736       23.291       93.162
         int    coalesced       32        8        2   1073741824            8      737620.006  17179869184  68719476736       23.291       93.164
         int    coalesced       32        8        2   2147483648            4      737623.356  17179869184  68719476736       23.291       93.163
         int    coalesced       32        8        2   4294967296            2      737708.118  17179869184  68719476736       23.288       93.153
         int    coalesced       32        8        2   8588886016            1      737642.620  17177772032  68711088128       23.287       93.150
