0 6.70446 8.4e-08 24.5
0 9.60154 2.89708 24.5
0 11.0481 4.34364 24.5
0 12.5032 5.7987 24.5
0 13.9476 7.24312 24.5
0 15.3931 8.68863 24.5
0 16.8445 10.14 24.5
0 18.286 11.5816 24.5
0 19.7286 13.0242 24.5
0 21.1836 14.4791 24.5
0 22.6274 15.923 24.5
0 24.0702 17.3657 24.5
0 25.5265 18.822 24.5
0 26.9688 20.2644 24.5
0 28.4206 21.7162 24.5
0 29.8694 23.165 24.5
0 31.3186 24.6141 24.5
0 32.7858 26.0814 24.5
0 34.2355 27.531 24.5
0 35.6769 28.9724 24.5
0 37.1266 30.4221 24.5
0 38.5692 31.8647 24.5
0 40.0234 33.319 24.5
0 41.4822 34.7778 24.5
0 42.9401 36.2357 24.5
0 44.4009 37.6964 24.5
0 45.8539 39.1494 24.5
0 47.2959 40.5914 24.5
0 48.7445 42.04 24.5
0 50.2081 43.5036 24.5
1 51.6631 6.6e-08 24.5
1 53.1112 1.44813 24.5
1 54.5689 2.90581 24.5
1 56.0198 4.35672 24.5
1 57.4623 5.79928 24.5
1 58.9103 7.24723 24.5
1 60.3769 8.71389 24.5
1 61.8299 10.1669 24.5
1 63.2854 11.6223 24.5
1 64.7484 13.0854 24.5
1 66.1998 14.5368 24.5
1 67.6658 16.0028 24.5
1 69.1187 17.4556 24.5
1 70.57 18.907 24.5
1 72.0283 20.3652 24.5
1 73.4801 21.817 24.5
1 74.9352 23.2722 24.5
1 76.3818 24.7187 24.5
1 77.825 26.1619 24.5
1 79.2973 27.6343 24.5
1 80.7449 29.0819 24.5
1 82.2102 30.5471 24.5
1 83.6661 32.0031 24.5
1 85.1075 33.4444 24.5
1 86.5806 34.9175 24.5
1 88.0226 36.3595 24.5
1 89.4785 37.8154 24.5
1 90.9268 39.2637 24.5
1 92.3859 40.7229 24.5
1 93.8375 42.1744 24.5
2 95.2818 1.03e-07 24.5
2 96.7259 1.44407 24.5
2 98.1986 2.91681 24.5
2 99.6407 4.35889 24.5
2 101.096 5.81466 24.5
2 102.543 7.26141 24.5
2 103.998 8.71573 24.5
2 105.448 10.1661 24.5
2 106.906 11.6244 24.5
2 108.348 13.0666 24.5
2 109.816 14.5339 24.5
2 111.26 15.9781 24.5
2 112.716 17.4339 24.5
2 114.157 18.8753 24.5
2 115.604 20.3221 24.5
2 117.054 21.772 24.5
2 118.496 23.2146 24.5
2 119.939 24.6576 24.5
2 121.411 26.1296 24.5
2 122.854 27.5718 24.5
2 124.297 29.0148 24.5
2 125.748 30.466 24.5
2 127.208 31.9265 24.5
2 128.66 33.3777 24.5
2 130.115 34.8336 24.5
2 131.557 36.2757 24.5
2 133.016 37.7341 24.5
2 134.459 39.1769 24.5
2 135.902 40.6201 24.5
2 137.363 42.0813 24.5
3 138.805 7.2e-08 24.5
3 140.261 1.45647 24.5
3 141.714 2.909 24.5
3 143.167 4.36247 24.5
3 144.619 5.81371 24.5
3 146.061 7.25621 24.5
3 147.508 8.70313 24.5
3 148.965 10.1596 24.5
3 150.401 11.5956 24.5
3 151.842 13.0373 24.5
3 153.299 14.494 24.5
3 154.741 15.9364 24.5
3 156.2 17.3948 24.5
3 157.65 18.8449 24.5
3 159.109 20.304 24.5
3 160.56 21.7546 24.5
3 162.002 23.1969 24.5
3 163.453 24.6484 24.5
3 164.903 26.0982 24.5
3 166.357 27.5525 24.5
3 167.793 28.9878 24.5
3 169.264 30.4593 24.5
3 170.706 31.9011 24.5
3 172.148 33.3431 24.5
3 173.615 34.8098 24.5
3 175.058 36.2531 24.5
3 176.501 37.6958 24.5
3 177.96 39.1547 24.5
3 179.402 40.5971 24.5
3 180.869 42.064 24.5
4 182.312 6.2e-08 24.5
4 183.753 1.44158 24.5
4 185.202 2.89042 24.5
4 186.647 4.33501 24.5
4 188.087 5.77539 24.5
4 189.537 7.22513 24.5
4 190.989 8.67713 24.5
4 192.431 10.119 24.5
4 193.881 11.5694 24.5
4 195.339 13.0279 24.5
4 196.791 14.479 24.5
4 198.232 15.9208 24.5
4 199.684 17.3726 24.5
4 201.135 18.8234 24.5
4 202.589 20.2774 24.5
4 204.024 21.7123 24.5
4 205.495 23.1838 24.5
4 206.936 24.6246 24.5
4 208.378 26.0669 24.5
4 209.834 27.5228 24.5
4 211.277 28.9652 24.5
4 212.719 30.4072 24.5
4 214.175 31.8636 24.5
4 215.627 33.315 24.5
4 217.076 34.7648 24.5
4 218.519 36.2075 24.5
4 219.962 37.6506 24.5
4 221.413 39.1015 24.5
4 222.865 40.5535 24.5
4 224.307 41.995 24.5
4 225.773 43.461 24.5
5 227.216 5.2e-08 24.5
5 228.659 1.443 24.5
5 230.114 2.89835 24.5
5 231.556 4.34053 24.5
5 233.012 5.79607 24.5
5 234.461 7.24513 24.5
5 235.903 8.68775 24.5
5 237.354 10.1385 24.5
5 238.797 11.5813 24.5
5 240.239 13.0233 24.5
5 241.694 14.4782 24.5
5 243.136 15.9208 24.5
5 244.578 17.362 24.5
5 246.043 18.8273 24.5
5 247.485 20.2696 24.5
5 248.941 21.7254 24.5
5 250.387 23.1715 24.5
6 251.834 5.7e-08 24.5
6 253.275 1.44115 24.5
6 254.725 2.891 24.5
6 256.167 4.33333 24.5
6 257.61 5.77575 24.5
6 259.06 7.22581 24.5
6 260.501 8.66673 24.5
6 261.954 10.12 25
7 263.403 4.9e-08 25
7 264.859 1.45588 25
7 266.307 2.90366 25
7 267.754 4.35096 25
7 269.197 5.79404 25
8 270.654 5.2e-08 25
8 272.097 1.44212 25
8 273.533 2.8783 25.5
9 275.004 5.5e-08 25.5
10 276.446 5.1e-08 26
10 277.892 1.44599 26.5
11 279.342 6.4e-08 26.5
13 280.784 4.7e-08 27
14 282.237 4.9e-08 27
15 283.687 4e-08 27
17 285.141 6.9e-08 27
18 286.593 4.9e-08 27
20 288.037 5.5e-08 27
21 289.48 6.7e-08 27
22 290.953 5.4e-08 27
24 292.796 1.44e-07 25
25 294.832 1.55e-07 25
26 297.881 1.46e-07 25
27 302.825 1.46e-07 25
28 312.166 1e-07 25
