0 3.31787 5.7e-08 20.5
0 6.2103 2.89244 20.5
0 7.65187 4.33401 20.5
0 9.10203 5.78417 20.5
0 10.545 7.22717 20.5
0 11.9853 8.66745 20.5
1 13.4353 7.2e-08 20.5
1 14.8806 1.44531 20.5
1 16.3198 2.88442 20.5
1 17.7775 4.34212 20.5
1 19.2437 5.80837 20.5
1 20.7134 7.2781 20.5
1 22.1739 8.73852 20.5
2 23.6261 5.9e-08 20.5
2 25.0705 1.44434 20.5
2 26.5195 2.89337 20.5
2 27.9865 4.36043 20.5
2 29.4392 5.81312 20.5
2 30.8811 7.25503 20.5
2 32.331 8.70493 20.5
3 33.7743 5.7e-08 20.5
3 35.2179 1.44356 20.5
3 36.6839 2.90956 20.5
3 38.127 4.35265 20.5
3 39.5784 5.80404 20.5
3 41.0431 7.26871 20.5
3 42.4924 8.71808 20.5
4 43.9428 5.5e-08 20.5
4 45.4057 1.46291 20.5
4 46.8628 2.91999 20.5
4 48.3275 4.38464 20.5
4 49.7763 5.83344 20.5
4 51.2276 7.28477 20.5
4 52.692 8.74914 20.5
4 54.1438 10.201 20.5
5 55.6036 6.1e-08 20.5
5 57.0481 1.44452 20.5
5 58.4995 2.89585 20.5
5 59.9478 4.34419 20.5
5 61.4047 5.80107 20.5
5 62.8531 7.24954 20.5
5 64.3062 8.70258 20.5
5 65.7573 10.1537 20.5
5 67.2005 11.5968 20.5
6 68.6583 6.1e-08 20.5
6 70.1089 1.45062 20.5
6 71.5524 2.89413 20.5
6 72.9956 4.3373 20.5
6 74.4461 5.78778 20.5
6 75.8892 7.23091 20.5
6 77.3318 8.67351 20.5
6 78.7989 10.1406 20.5
6 80.2418 11.5836 20.5
6 81.6922 13.0339 20.5
6 83.1507 14.4924 20.5
7 84.5936 5.4e-08 20.5
7 86.0446 1.45102 21
7 87.4867 2.89314 21
7 88.9297 4.33617 21
7 90.3806 5.78709 20.5
7 91.8446 7.25106 20.5
7 93.2938 8.7002 21
8 94.7354 5.6e-08 21
8 96.177 1.44165 21
8 97.6432 2.90782 21
8 99.0859 4.35056 21
8 100.529 5.7937 20.5
9 101.98 5.4e-08 21
9 103.424 1.44397 21
9 104.866 2.8856 21
10 106.317 6.2e-08 21
10 107.782 1.46445 21
10 109.234 2.91633 21
11 110.677 4.9e-08 21
11 112.121 1.44379 21
12 113.579 5.6e-08 21
12 115.032 1.45309 21
12 116.474 2.89579 21
13 117.925 4.7e-08 21
13 119.368 1.44285 21
14 120.811 6.4e-08 21
14 122.266 1.45554 21
14 123.709 2.89848 21
15 125.159 5.4e-08 21
15 126.607 1.4474 21
16 128.05 5.7e-08 21
16 129.507 1.45754 21
17 130.951 5e-08 21
17 132.394 1.44304 21
18 133.85 1.07e-07 21
18 135.292 1.44176 21
18 136.736 2.88533 21
19 138.185 5.5e-08 21
19 139.627 1.44148 21
20 141.068 5.6e-08 21
20 142.524 1.45601 21
21 143.967 6.2e-08 21
21 145.418 1.45074 21
22 146.86 6.2e-08 21
22 148.308 1.44807 21
22 149.765 2.90547 21
23 151.209 4.9e-08 21
23 152.652 1.44357 21
24 154.103 4.9e-08 21
24 155.551 1.44777 21
25 156.994 5.8e-08 21
25 158.451 1.45717 21
25 159.895 2.90087 21
26 161.346 5.5e-08 21
26 162.789 1.4429 21
27 164.332 1.53e-07 21
27 165.773 1.44076 21
27 167.217 2.88485 20.5
28 168.867 1.56e-07 21
28 170.309 1.44192 21
28 171.752 2.88447 21
29 174.51 1.45e-07 21
29 175.959 1.44877 21
29 177.402 2.89241 21
30 182.548 1.54e-07 21
30 183.99 1.44221 21
30 185.432 2.88471 20.5
