0 6.64181 7.9e-08 21.5
0 9.5269 2.88509 21.5
0 10.983 4.34114 21.5
0 12.4153 5.77348 21.5
0 13.857 7.2152 21.5
0 15.3156 8.67381 21.5
0 16.7556 10.1138 21.5
0 18.2101 11.5683 21.5
0 19.6505 13.0087 21.5
0 21.094 14.4521 21.5
0 22.5444 15.9026 21.5
0 23.9884 17.3466 21.5
1 25.4294 8.3e-08 21.5
1 26.8804 1.45096 21.5
1 28.3231 2.89374 21.5
1 29.7689 4.33952 21.5
1 31.2351 5.80567 21.5
1 32.6894 7.26002 21.5
1 34.1323 8.70293 21.5
1 35.6152 10.1858 21.5
1 37.0746 11.6452 21.5
1 38.5371 13.1077 21.5
1 39.9851 14.5557 21.5
1 41.4282 15.9988 21.5
2 42.8852 5.9e-08 21.5
2 44.3385 1.45338 21.5
2 45.794 2.9088 21.5
2 47.2536 4.36848 21.5
2 48.7079 5.82271 21
2 50.1799 7.29474 21.5
2 51.6316 8.74642 21.5
2 53.0994 10.2143 21.5
2 54.5534 11.6682 21.5
2 55.9958 13.1106 21
2 57.452 14.5669 21
2 58.895 16.0098 21
2 60.3379 17.4527 21.5
3 61.8046 6.4e-08 21.5
3 63.2479 1.44329 21
3 64.7003 2.89568 21
3 66.1485 4.34389 21
3 67.6072 5.80256 21
3 69.064 7.25941 21
3 70.5107 8.70613 21.5
3 71.9597 10.1551 21
3 73.427 11.6224 21
3 74.8762 13.0716 21.5
3 76.3422 14.5376 21.5
3 77.7838 15.9792 21.5
3 79.2413 17.4367 21.5
4 80.7067 8.3e-08 21
4 82.16 1.45336 21.5
4 83.6279 2.92122 21.5
4 85.0723 4.36564 21.5
4 86.5155 5.80883 21.5
4 87.9671 7.26041 21.5
4 89.4164 8.70974 21.5
4 90.8585 10.1518 21
4 92.325 11.6184 21.5
4 93.7789 13.0722 21.5
4 95.2466 14.5399 21
4 96.7062 15.9995 21.5
4 98.1473 17.4407 21.5
4 99.614 18.9073 21.5
5 101.057 6.7e-08 21.5
5 102.514 1.45657 21.5
5 103.958 2.90058 21.5
5 105.402 4.34402 21.5
5 106.859 5.80165 21.5
5 108.303 7.24544 21.5
5 109.747 8.68941 21.5
5 111.199 10.1418 21.5
5 112.643 11.5856 21.5
5 114.087 13.0296 21.5
5 115.555 14.4974 21.5
5 116.999 15.9413 21.5
5 118.456 17.3982 21.5
5 119.898 18.8405 21.5
5 121.346 20.2886 21.5
6 122.804 7.2e-08 21.5
6 124.258 1.45448 21.5
6 125.703 2.89857 21.5
6 127.154 4.35053 21.5
6 128.598 5.7944 21.5
6 130.071 7.26737 21.5
6 131.513 8.70892 21.5
6 132.96 10.156 21.5
6 134.418 11.6138 21.5
7 135.861 6.3e-08 21.5
7 137.316 1.4543 21.5
7 138.768 2.90629 21.5
7 140.212 4.35077 21.5
7 141.68 5.81892 22
8 143.124 8.7e-08 22
8 144.567 1.44311 21.5
8 146.018 2.894 22
9 147.462 6.1e-08 22
9 148.927 1.46485 22
9 150.379 2.91671 22.5
10 151.822 6.3e-08 22.5
11 153.271 8.1e-08 22.5
11 154.727 1.45651 22.5
12 156.184 8e-08 22.5
12 157.632 1.44804 22.5
13 159.09 8.2e-08 22.5
14 160.533 6.3e-08 22.5
15 161.985 5.5e-08 22.5
15 163.428 1.44315 22.5
16 164.872 6.6e-08 22.5
17 166.343 6.2e-08 22.5
18 167.787 6.3e-08 22.5
18 169.244 1.45685 22.5
19 170.687 7.8e-08 22.5
20 172.129 6.6e-08 22.5
20 173.596 1.46707 22.5
21 175.039 6e-08 22.5
22 176.481 5.5e-08 22.5
23 177.948 6.2e-08 22.5
23 179.391 1.44243 22.5
24 180.842 6.7e-08 22.5
25 182.585 1.08e-07 22.5
25 184.034 1.44946 21.5
26 185.577 1.62e-07 22.5
26 187.028 1.45052 21.5
27 189.672 1.78e-07 22.5
27 191.122 1.45019 21.5
28 195.768 2.03e-07 22.5
28 197.209 1.44121 21.5
29 206.371 1.6e-07 22.5
29 207.813 1.44124 21.5
