        type trial_config ert_flop   unroll  buffers        nsize       trials       microsecs        bytes        flops         GB/s         GF/s
        long    coalesced       13       32        1          256     16777216    11050736.572   8589934592   6979321856        0.777        0.632
        long    coalesced       13       32        1          512      8388608     5951580.151   8589934592   6979321856        1.443        1.173
        long    coalesced       13       32        1         1024      4194304     3273572.491   8589934592   6979321856        2.624        2.132
        long    coalesced       13       32        1         2048      2097152     1818773.155   8589934592   6979321856        4.723        3.837
        long    coalesced       13       32        1         4096      1048576     1032982.763   8589934592   6979321856        8.316        6.756
        long    coalesced       13       32        1         8192       524288      682225.432   8589934592   6979321856       12.591       10.230
        long    coalesced       13       32        1        16384       262144      511728.931   8589934592   6979321856       16.786       13.639
        long    coalesced       13       32        1        32768       131072      418026.831   8589934592   6979321856       20.549       16.696
        long    coalesced       13       32        1        65536        65536      372283.105   8589934592   6979321856       23.074       18.747
        long    coalesced       13       32        1       131072        32768      348307.082   8589934592   6979321856       24.662       20.038
        long    coalesced       13       32        1       262144        16384      337023.071   8589934592   6979321856       25.488       20.709
        long    coalesced       13       32        1       524288         8192      330607.599   8589934592   6979321856       25.982       21.111
        long    coalesced       13       32        1      1048576         4096      327565.252   8589934592   6979321856       26.224       21.307
        long    coalesced       13       32        1      2097152         2048      326018.730   8589934592   6979321856       26.348       21.408
        long    coalesced       13       32        1      4194304         1024      325294.055   8589934592   6979321856       26.407       21.455
        long    coalesced       13       32        1      8388608          512      324954.221   8589934592   6979321856       26.434       21.478
        long    coalesced       13       32        1     16777216          256      324724.126   8589934592   6979321856       26.453       21.493
        long    coalesced       13       32        1     33554432          128      324706.448   8589934592   6979321856       26.454       21.494
        long    coalesced       13       32        1     67108864           64      324656.151   8589934592   6979321856       26.459       21.498
        long    coalesced       13       32        1    134217728           32      324600.912   8589934592   6979321856       26.463       21.501
        long    coalesced       13       32        1    268435456           16      324599.817   8589934592   6979321856       26.463       21.501
        long    coalesced       13       32        1    536870912            8      324620.012   8589934592   6979321856       26.462       21.500
        long    coalesced       13       32        1   1073741824            4      324532.216   8589934592   6979321856       26.469       21.506
        long    coalesced       13       32        1   2147483648            2      324589.897   8589934592   6979321856       26.464       21.502
        long    coalesced       13       32        1   4293918720            1      324450.239   8587837440   6977617920       26.469       21.506
