        type trial_config ert_flop   unroll  buffers        nsize       trials       microsecs        bytes        flops         GB/s         GF/s
 signed_char    coalesced        2     1024        2         2048      4194304     2727828.654  17179869184  17179869184        6.298        6.298
 signed_char    coalesced        2     1024        2         4096      2097152     1636734.262  17179869184  17179869184       10.496       10.496
 signed_char    coalesced        2     1024        2         8192      1048576     1115205.249  17179869184  17179869184       15.405       15.405
 signed_char    coalesced        2     1024        2        16384       524288      856434.359  17179869184  17179869184       20.060       20.060
 signed_char    coalesced        2     1024        2        32768       262144      735015.662  17179869184  17179869184       23.373       23.373
 signed_char    coalesced        2     1024        2        65536       131072      677631.503  17179869184  17179869184       25.353       25.353
 signed_char    coalesced        2     1024        2       131072        65536      639378.899  17179869184  17179869184       26.870       26.870
 signed_char    coalesced        2     1024        2       262144        32768      616850.769  17179869184  17179869184       27.851       27.851
 signed_char    coalesced        2     1024        2       524288        16384      608423.591  17179869184  17179869184       28.237       28.237
 signed_char    coalesced        2     1024        2      1048576         8192      603344.317  17179869184  17179869184       28.474       28.474
 signed_char    coalesced        2     1024        2      2097152         4096      601044.639  17179869184  17179869184       28.583       28.583
 signed_char    coalesced        2     1024        2      4194304         2048      599817.876  17179869184  17179869184       28.642       28.642
 signed_char    coalesced        2     1024        2      8388608         1024      599457.681  17179869184  17179869184       28.659       28.659
 signed_char    coalesced        2     1024        2     16777216          512      598961.844  17179869184  17179869184       28.683       28.683
 signed_char    coalesced        2     1024        2     33554432          256      598815.876  17179869184  17179869184       28.690       28.690
 signed_char    coalesced        2     1024        2     67108864          128      598756.466  17179869184  17179869184       28.693       28.693
 signed_char    coalesced        2     1024        2    134217728           64      598687.654  17179869184  17179869184       28.696       28.696
 signed_char    coalesced        2     1024        2    268435456           32      598725.559  17179869184  17179869184       28.694       28.694
 signed_char    coalesced        2     1024        2    536870912           16      598711.404  17179869184  17179869184       28.695       28.695
 signed_char    coalesced        2     1024        2   1073741824            8      598661.904  17179869184  17179869184       28.697       28.697
 signed_char    coalesced        2     1024        2   2147483648            4      598695.511  17179869184  17179869184       28.696       28.696
 signed_char    coalesced        2     1024        2   4294967296            2      598668.275  17179869184  17179869184       28.697       28.697
 signed_char    coalesced        2     1024        2   8588886016            1      598633.029  17177772032  17177772032       28.695       28.695
