0 5.51036 1.44e-07 21
0 8.40374 2.89338 21
0 9.84703 4.33667 21
0 11.2901 5.77975 21
1 12.7472 9.7e-08 21
1 14.1879 1.44065 21
1 15.6331 2.88582 21
1 17.0803 4.33304 21
1 18.5224 5.77516 21
2 19.9655 8e-08 21
2 21.4198 1.45438 21
2 22.8627 2.89722 21
2 24.3079 4.34244 21
2 25.7616 5.79612 21
2 27.2034 7.23798 21
3 28.6544 6.9e-08 21.5
3 30.105 1.45051 21.5
3 31.5597 2.90525 21.5
4 33.0197 7.3e-08 21.5
5 34.4912 1.04e-07 22
6 35.9471 7.5e-08 23.5
7 37.389 6.1e-08 24
10 38.8319 6.8e-08 24
12 40.3019 6.2e-08 24
15 41.7453 1e-07 24
17 43.1891 6.2e-08 24
20 44.6474 7e-08 24
22 46.5065 1.46e-07 21
23 48.0509 1.45e-07 21
24 50.5029 1.54e-07 21
25 54.9489 1.6e-07 21
26 63.3936 1.54e-07 21
