        type trial_config ert_flop   unroll  buffers        nsize       trials       microsecs        bytes        flops         GB/s         GF/s
       float    coalesced        8        1        2            8     16777216     7274211.567    268435456    268435456        0.037        0.037
       float    coalesced        8        1        2           16     16777216     7274171.239    536870912    536870912        0.074        0.074
       float    coalesced        8        1        2           32     16777216     7702039.170   1073741824   1073741824        0.139        0.139
       float    coalesced        8        1        2           64     16777216     8228345.972   2147483648   2147483648        0.261        0.261
       float    coalesced        8        1        2          128     16777216    10071835.583   4294967296   4294967296        0.426        0.426
       float    coalesced        8        1        2          256     16777216    11902949.168   8589934592   8589934592        0.722        0.722
       float    coalesced        8        1        2          512     16777216    14547901.522  17179869184  17179869184        1.181        1.181
       float    coalesced        8        1        2         1024      8388608     9352401.160  17179869184  17179869184        1.837        1.837
       float    coalesced        8        1        2         2048      4194304     6546791.907  17179869184  17179869184        2.624        2.624
       float    coalesced        8        1        2         4096      2097152     5234638.306  17179869184  17179869184        3.282        3.282
       float    coalesced        8        1        2         8192      1048576     4538812.827  17179869184  17179869184        3.785        3.785
       float    coalesced        8        1        2        16384       524288     4091918.295  17179869184  17179869184        4.198        4.198
       float    coalesced        8        1        2        32768       262144     4090947.575  17179869184  17179869184        4.199        4.199
       float    coalesced        8        1        2        65536       131072     4000851.629  17179869184  17179869184        4.294        4.294
       float    coalesced        8        1        2       131072        65536     3958021.852  17179869184  17179869184        4.341        4.341
       float    coalesced        8        1        2       262144        32768     3937206.363  17179869184  17179869184        4.363        4.363
       float    coalesced        8        1        2       524288        16384     3927004.883  17179869184  17179869184        4.375        4.375
       float    coalesced        8        1        2      1048576         8192     3921995.979  17179869184  17179869184        4.380        4.380
       float    coalesced        8        1        2      2097152         4096     3919364.639  17179869184  17179869184        4.383        4.383
       float    coalesced        8        1        2      4194304         2048     3918165.792  17179869184  17179869184        4.385        4.385
       float    coalesced        8        1        2      8388608         1024     3917450.961  17179869184  17179869184        4.385        4.385
       float    coalesced        8        1        2     16777216          512     3917077.728  17179869184  17179869184        4.386        4.386
       float    coalesced        8        1        2     33554432          256     3916900.562  17179869184  17179869184        4.386        4.386
       float    coalesced        8        1        2     67108864          128     3916830.627  17179869184  17179869184        4.386        4.386
       float    coalesced        8        1        2    134217728           64     3916839.667  17179869184  17179869184        4.386        4.386
       float    coalesced        8        1        2    268435456           32     3916956.753  17179869184  17179869184        4.386        4.386
       float    coalesced        8        1        2    536870912           16     3916805.666  17179869184  17179869184        4.386        4.386
       float    coalesced        8        1        2   1073741824            8     3916687.363  17179869184  17179869184        4.386        4.386
       float    coalesced        8        1        2   2147483648            4     3916860.805  17179869184  17179869184        4.386        4.386
       float    coalesced        8        1        2   4294967296            2     3916901.960  17179869184  17179869184        4.386        4.386
       float    coalesced        8        1        2   8588886016            1     3916127.400  17177772032  17177772032        4.386        4.386
