        type trial_config ert_flop   unroll  buffers        nsize       trials       microsecs        bytes        flops         GB/s         GF/s
       float    coalesced      128        8        2           64     16777216    26185889.139   2147483648  34359738368        0.082        1.312
       float    coalesced      128        8        2          128     16777216    26185892.698   4294967296  68719476736        0.164        2.624
       float    coalesced      128        8        2          256     16777216    26185887.752   8589934592 137438953472        0.328        5.249
       float    coalesced      128        8        2          512     16777216    26703965.211  17179869184 274877906944        0.643       10.294
       float    coalesced      128        8        2         1024      8388608    14547914.791  17179869184 274877906944        1.181       18.895
       float    coalesced      128        8        2         2048      4194304     7439450.352  17179869184 274877906944        2.309       36.949
       float    coalesced      128        8        2         4096      2097152     4091877.935  17179869184 274877906944        4.199       67.176
       float    coalesced      128        8        2         8192      1048576     2291870.250  17179869184 274877906944        7.496      119.936
       float    coalesced      128        8        2        16384       524288     1399117.232  17179869184 274877906944       12.279      196.465
       float    coalesced      128        8        2        32768       262144      998910.301  17179869184 274877906944       17.199      275.178
       float    coalesced      128        8        2        65536       131072      794261.328  17179869184 274877906944       21.630      346.080
       float    coalesced      128        8        2       131072        65536      738379.242  17179869184 274877906944       23.267      372.272
       float    coalesced      128        8        2       262144        32768      712322.404  17179869184 274877906944       24.118      385.890
       float    coalesced      128        8        2       524288        16384      701244.334  17179869184 274877906944       24.499      391.986
       float    coalesced      128        8        2      1048576         8192      695521.814  17179869184 274877906944       24.701      395.211
       float    coalesced      128        8        2      2097152         4096      692122.762  17179869184 274877906944       24.822      397.152
       float    coalesced      128        8        2      4194304         2048      690703.814  17179869184 274877906944       24.873      397.968
       float    coalesced      128        8        2      8388608         1024      690079.700  17179869184 274877906944       24.895      398.328
       float    coalesced      128        8        2     16777216          512      689740.142  17179869184 274877906944       24.908      398.524
       float    coalesced      128        8        2     33554432          256      689513.309  17179869184 274877906944       24.916      398.655
       float    coalesced      128        8        2     67108864          128      689415.859  17179869184 274877906944       24.919      398.711
       float    coalesced      128        8        2    134217728           64      689352.247  17179869184 274877906944       24.922      398.748
       float    coalesced      128        8        2    268435456           32      689413.805  17179869184 274877906944       24.920      398.713
       float    coalesced      128        8        2    536870912           16      689557.410  17179869184 274877906944       24.914      398.629
       float    coalesced      128        8        2   1073741824            8      689395.617  17179869184 274877906944       24.920      398.723
       float    coalesced      128        8        2   2147483648            4      689461.276  17179869184 274877906944       24.918      398.685
       float    coalesced      128        8        2   4294967296            2      689342.119  17179869184 274877906944       24.922      398.754
       float    coalesced      128        8        2   8588886016            1      689269.138  17177772032 274844352512       24.922      398.748
