        type trial_config ert_flop   unroll  buffers        nsize       trials       microsecs        bytes        flops         GB/s         GF/s
      double    coalesced       10        8        2          128     16777216    15605675.657   4294967296   2684354560        0.275        0.172
      double    coalesced       10        8        2          256     16777216    16366341.241   8589934592   5368709120        0.525        0.328
      double    coalesced       10        8        2          512     16777216    16366297.817  17179869184  10737418240        1.050        0.656
      double    coalesced       10        8        2         1024      8388608     8790106.049  17179869184  10737418240        1.954        1.222
      double    coalesced       10        8        2         2048      4194304     4849569.028  17179869184  10737418240        3.543        2.214
      double    coalesced       10        8        2         4096      2097152     2664663.242  17179869184  10737418240        6.447        4.030
      double    coalesced       10        8        2         8192      1048576     1637003.465  17179869184  10737418240       10.495        6.559
      double    coalesced       10        8        2        16384       524288     1098300.502  17179869184  10737418240       15.642        9.776
      double    coalesced       10        8        2        32768       262144      840327.466  17179869184  10737418240       20.444       12.778
      double    coalesced       10        8        2        65536       131072      716440.206  17179869184  10737418240       23.979       14.987
      double    coalesced       10        8        2       131072        65536      648271.397  17179869184  10737418240       26.501       16.563
      double    coalesced       10        8        2       262144        32768      615036.854  17179869184  10737418240       27.933       17.458
      double    coalesced       10        8        2       524288        16384      599327.209  17179869184  10737418240       28.665       17.916
      double    coalesced       10        8        2      1048576         8192      591084.479  17179869184  10737418240       29.065       18.166
      double    coalesced       10        8        2      2097152         4096      587009.224  17179869184  10737418240       29.267       18.292
      double    coalesced       10        8        2      4194304         2048      584932.584  17179869184  10737418240       29.371       18.357
      double    coalesced       10        8        2      8388608         1024      583981.337  17179869184  10737418240       29.419       18.387
      double    coalesced       10        8        2     16777216          512      583500.356  17179869184  10737418240       29.443       18.402
      double    coalesced       10        8        2     33554432          256      583245.613  17179869184  10737418240       29.456       18.410
      double    coalesced       10        8        2     67108864          128      583112.122  17179869184  10737418240       29.462       18.414
      double    coalesced       10        8        2    134217728           64      583060.989  17179869184  10737418240       29.465       18.416
      double    coalesced       10        8        2    268435456           32      583054.255  17179869184  10737418240       29.465       18.416
      double    coalesced       10        8        2    536870912           16      582987.410  17179869184  10737418240       29.469       18.418
      double    coalesced       10        8        2   1073741824            8      582959.112  17179869184  10737418240       29.470       18.419
      double    coalesced       10        8        2   2147483648            4      582970.457  17179869184  10737418240       29.470       18.418
      double    coalesced       10        8        2   4294967296            2      582992.769  17179869184  10737418240       29.468       18.418
      double    coalesced       10        8        2   8588886016            1      582914.333  17177772032  10736107520       29.469       18.418
