        type trial_config ert_flop   unroll  buffers        nsize       trials       microsecs        bytes        flops         GB/s         GF/s
       float    coalesced       16        8        2           64     16777216     7905226.870   2147483648   4294967296        0.272        0.543
       float    coalesced       16        8        2          128     16777216     8183372.850   4294967296   8589934592        0.525        1.050
       float    coalesced       16        8        2          256     16777216     8568053.799   8589934592  17179869184        1.003        2.005
       float    coalesced       16        8        2          512     16777216     9352372.609  17179869184  34359738368        1.837        3.674
       float    coalesced       16        8        2         1024      8388608     5455760.830  17179869184  34359738368        3.149        6.298
       float    coalesced       16        8        2         2048      4194304     2976035.860  17179869184  34359738368        5.773       11.545
       float    coalesced       16        8        2         4096      2097152     1723125.555  17179869184  34359738368        9.970       19.940
       float    coalesced       16        8        2         8192      1048576     1091500.235  17179869184  34359738368       15.740       31.479
       float    coalesced       16        8        2        16384       524288      847274.278  17179869184  34359738368       20.277       40.553
       float    coalesced       16        8        2        32768       262144      740393.472  17179869184  34359738368       23.204       46.407
       float    coalesced       16        8        2        65536       131072      761949.264  17179869184  34359738368       22.547       45.095
       float    coalesced       16        8        2       131072        65536      792282.760  17179869184  34359738368       21.684       43.368
       float    coalesced       16        8        2       262144        32768      809332.412  17179869184  34359738368       21.227       42.454
       float    coalesced       16        8        2       524288        16384      817911.772  17179869184  34359738368       21.005       42.009
       float    coalesced       16        8        2      1048576         8192      821913.844  17179869184  34359738368       20.902       41.805
       float    coalesced       16        8        2      2097152         4096      823933.717  17179869184  34359738368       20.851       41.702
       float    coalesced       16        8        2      4194304         2048      824947.884  17179869184  34359738368       20.825       41.651
       float    coalesced       16        8        2      8388608         1024      825503.894  17179869184  34359738368       20.811       41.623
       float    coalesced       16        8        2     16777216          512      825819.390  17179869184  34359738368       20.803       41.607
       float    coalesced       16        8        2     33554432          256      825927.720  17179869184  34359738368       20.801       41.601
       float    coalesced       16        8        2     67108864          128      825892.101  17179869184  34359738368       20.802       41.603
       float    coalesced       16        8        2    134217728           64      825932.033  17179869184  34359738368       20.801       41.601
       float    coalesced       16        8        2    268435456           32      826080.720  17179869184  34359738368       20.797       41.594
       float    coalesced       16        8        2    536870912           16      826006.996  17179869184  34359738368       20.799       41.597
       float    coalesced       16        8        2   1073741824            8      825960.887  17179869184  34359738368       20.800       41.600
       float    coalesced       16        8        2   2147483648            4      826106.495  17179869184  34359738368       20.796       41.592
       float    coalesced       16        8        2   4294967296            2      826023.180  17179869184  34359738368       20.798       41.597
       float    coalesced       16        8        2   8588886016            1      826026.079  17177772032  34355544064       20.796       41.591
