        type trial_config ert_flop   unroll  buffers        nsize       trials       microsecs        bytes        flops         GB/s         GF/s
        long    coalesced        6       16        2          256     16777216     8728975.197   8589934592   3221225472        0.984        0.369
        long    coalesced        6       16        2          512     16777216     9148299.743  17179869184   6442450944        1.878        0.704
        long    coalesced        6       16        2         1024      8388608     5036093.027  17179869184   6442450944        3.411        1.279
        long    coalesced        6       16        2         2048      4194304     2917705.749  17179869184   6442450944        5.888        2.208
        long    coalesced        6       16        2         4096      2097152     1637024.017  17179869184   6442450944       10.495        3.935
        long    coalesced        6       16        2         8192      1048576     1169448.732  17179869184   6442450944       14.691        5.509
        long    coalesced        6       16        2        16384       524288      846717.688  17179869184   6442450944       20.290        7.609
        long    coalesced        6       16        2        32768       262144      710422.498  17179869184   6442450944       24.183        9.068
        long    coalesced        6       16        2        65536       131072      651481.897  17179869184   6442450944       26.370        9.889
        long    coalesced        6       16        2       131072        65536      612544.415  17179869184   6442450944       28.047       10.518
        long    coalesced        6       16        2       262144        32768      591876.581  17179869184   6442450944       29.026       10.885
        long    coalesced        6       16        2       524288        16384      581375.006  17179869184   6442450944       29.550       11.081
        long    coalesced        6       16        2      1048576         8192      575791.407  17179869184   6442450944       29.837       11.189
        long    coalesced        6       16        2      2097152         4096      573795.995  17179869184   6442450944       29.941       11.228
        long    coalesced        6       16        2      4194304         2048      572503.357  17179869184   6442450944       30.008       11.253
        long    coalesced        6       16        2      8388608         1024      571832.242  17179869184   6442450944       30.044       11.266
        long    coalesced        6       16        2     16777216          512      571562.862  17179869184   6442450944       30.058       11.272
        long    coalesced        6       16        2     33554432          256      571416.797  17179869184   6442450944       30.065       11.275
        long    coalesced        6       16        2     67108864          128      571290.108  17179869184   6442450944       30.072       11.277
        long    coalesced        6       16        2    134217728           64      571270.138  17179869184   6442450944       30.073       11.277
        long    coalesced        6       16        2    268435456           32      571285.819  17179869184   6442450944       30.072       11.277
        long    coalesced        6       16        2    536870912           16      571240.725  17179869184   6442450944       30.075       11.278
        long    coalesced        6       16        2   1073741824            8      571220.394  17179869184   6442450944       30.076       11.278
        long    coalesced        6       16        2   2147483648            4      571272.570  17179869184   6442450944       30.073       11.277
        long    coalesced        6       16        2   4294967296            2      571300.490  17179869184   6442450944       30.072       11.277
        long    coalesced        6       16        2   8588886016            1      571213.080  17177772032   6441664512       30.072       11.277
