        type trial_config ert_flop   unroll  buffers        nsize       trials       microsecs        bytes        flops         GB/s         GF/s
        long    coalesced       16        1        1            8     16777216     7701744.633    268435456    268435456        0.035        0.035
        long    coalesced       16        1        1           16     16777216     8183094.406    536870912    536870912        0.066        0.066
        long    coalesced       16        1        1           32     16777216     8286560.802   1073741824   1073741824        0.130        0.130
        long    coalesced       16        1        1           64     16777216     9032880.651   2147483648   2147483648        0.238        0.238
        long    coalesced       16        1        1          128     16777216    10229430.944   4294967296   4294967296        0.420        0.420
        long    coalesced       16        1        1          256     16777216    11902651.058   8589934592   8589934592        0.722        0.722
        long    coalesced       16        1        1          512      8388608     7511887.521   8589934592   8589934592        1.144        1.144
        long    coalesced       16        1        1         1024      4194304     4676095.625   8589934592   8589934592        1.837        1.837
        long    coalesced       16        1        1         2048      2097152     3273309.206   8589934592   8589934592        2.624        2.624
        long    coalesced       16        1        1         4096      1048576     2557265.369   8589934592   8589934592        3.359        3.359
        long    coalesced       16        1        1         8192       524288     2166216.320   8589934592   8589934592        3.965        3.965
        long    coalesced       16        1        1        16384       262144     2045826.442   8589934592   8589934592        4.199        4.199
        long    coalesced       16        1        1        32768       131072     1917958.689   8589934592   8589934592        4.479        4.479
        long    coalesced       16        1        1        65536        65536     1875342.599   8589934592   8589934592        4.580        4.580
        long    coalesced       16        1        1       131072        32768     1841265.827   8589934592   8589934592        4.665        4.665
        long    coalesced       16        1        1       262144        16384     1832718.488   8589934592   8589934592        4.687        4.687
        long    coalesced       16        1        1       524288         8192     1822133.211   8589934592   8589934592        4.714        4.714
        long    coalesced       16        1        1      1048576         4096     1822133.154   8589934592   8589934592        4.714        4.714
        long    coalesced       16        1        1      2097152         2048     1820081.698   8589934592   8589934592        4.720        4.720
        long    coalesced       16        1        1      4194304         1024     1819398.775   8589934592   8589934592        4.721        4.721
        long    coalesced       16        1        1      8388608          512     1818918.863   8589934592   8589934592        4.723        4.723
        long    coalesced       16        1        1     16777216          256     1818790.112   8589934592   8589934592        4.723        4.723
        long    coalesced       16        1        1     33554432          128     1818589.837   8589934592   8589934592        4.723        4.723
        long    coalesced       16        1        1     67108864           64     1818610.528   8589934592   8589934592        4.723        4.723
        long    coalesced       16        1        1    134217728           32     1818564.606   8589934592   8589934592        4.723        4.723
        long    coalesced       16        1        1    268435456           16     1818573.418   8589934592   8589934592        4.723        4.723
        long    coalesced       16        1        1    536870912            8     1818527.476   8589934592   8589934592        4.724        4.724
        long    coalesced       16        1        1   1073741824            4     1818567.509   8589934592   8589934592        4.723        4.723
        long    coalesced       16        1        1   2147483648            2     1818577.439   8589934592   8589934592        4.723        4.723
        long    coalesced       16        1        1   4293918720            1     1818120.757   8587837440   8587837440        4.723        4.723
