        type trial_config ert_flop   unroll  buffers        nsize       trials       microsecs        bytes        flops         GB/s         GF/s
       float    coalesced      187       16        1           64     16777216    32732163.765   2147483648  50197430272        0.066        1.534
       float    coalesced      187       16        1          128     16777216    32732186.893   4294967296 100394860544        0.131        3.067
       float    coalesced      187       16        1          256     16777216    33168598.453   8589934592 200789721088        0.259        6.054
       float    coalesced      187       16        1          512      8388608    16972446.520   8589934592 200789721088        0.506       11.830
       float    coalesced      187       16        1         1024      4194304     8728898.137   8589934592 200789721088        0.984       23.003
       float    coalesced      187       16        1         2048      2097152     4463792.127   8589934592 200789721088        1.924       44.982
       float    coalesced      187       16        1         4096      1048576     2357367.981   8589934592 200789721088        3.644       85.175
       float    coalesced      187       16        1         8192       524288     1339857.748   8589934592 200789721088        6.411      149.859
       float    coalesced      187       16        1        16384       262144      787138.864   8589934592 200789721088       10.913      255.088
       float    coalesced      187       16        1        32768       131072      511778.067   8589934592 200789721088       16.784      392.337
       float    coalesced      187       16        1        65536        65536      444566.316   8589934592 200789721088       19.322      451.653
       float    coalesced      187       16        1       131072        32768      378402.626   8589934592 200789721088       22.701      530.625
       float    coalesced      187       16        1       262144        16384      352251.216   8589934592 200789721088       24.386      570.019
       float    coalesced      187       16        1       524288         8192      340021.694   8589934592 200789721088       25.263      590.520
       float    coalesced      187       16        1      1048576         4096      334215.166   8589934592 200789721088       25.702      600.780
       float    coalesced      187       16        1      2097152         2048      331367.789   8589934592 200789721088       25.923      605.942
       float    coalesced      187       16        1      4194304         1024      329870.605   8589934592 200789721088       26.040      608.692
       float    coalesced      187       16        1      8388608          512      329127.489   8589934592 200789721088       26.099      610.067
       float    coalesced      187       16        1     16777216          256      328839.555   8589934592 200789721088       26.122      610.601
       float    coalesced      187       16        1     33554432          128      328673.350   8589934592 200789721088       26.135      610.910
       float    coalesced      187       16        1     67108864           64      328581.747   8589934592 200789721088       26.142      611.080
       float    coalesced      187       16        1    134217728           32      328536.317   8589934592 200789721088       26.146      611.164
       float    coalesced      187       16        1    268435456           16      328483.785   8589934592 200789721088       26.150      611.262
       float    coalesced      187       16        1    536870912            8      328489.107   8589934592 200789721088       26.150      611.252
       float    coalesced      187       16        1   1073741824            4      328479.484   8589934592 200789721088       26.151      611.270
       float    coalesced      187       16        1   2147483648            2      328538.299   8589934592 200789721088       26.146      611.161
       float    coalesced      187       16        1   4293918720            1      330569.319   8587837440 200740700160       25.979      607.258
