        type trial_config ert_flop   unroll  buffers        nsize       trials       microsecs        bytes        flops         GB/s         GF/s
 signed_char    coalesced        4       16        1           16     16777216     5840016.186    536870912   1073741824        0.092        0.184
 signed_char    coalesced        4       16        1           32     16777216     5951375.166   1073741824   2147483648        0.180        0.361
 signed_char    coalesced        4       16        1           64     16777216     6234769.336   2147483648   4294967296        0.344        0.689
 signed_char    coalesced        4       16        1          128     16777216     6891090.161   4294967296   8589934592        0.623        1.247
 signed_char    coalesced        4       16        1          256     16777216     8183115.973   8589934592  17179869184        1.050        2.099
 signed_char    coalesced        4       16        1          512      8388608     4789969.289   8589934592  17179869184        1.793        3.587
 signed_char    coalesced        4       16        1         1024      4194304     3039709.596   8589934592  17179869184        2.826        5.652
 signed_char    coalesced        4       16        1         2048      2097152     1945345.120   8589934592  17179869184        4.416        8.831
 signed_char    coalesced        4       16        1         4096      1048576     1423265.534   8589934592  17179869184        6.035       12.071
 signed_char    coalesced        4       16        1         8192       524288     1145362.520   8589934592  17179869184        7.500       15.000
 signed_char    coalesced        4       16        1        16384       262144     1023039.194   8589934592  17179869184        8.396       16.793
 signed_char    coalesced        4       16        1        32768       131072      915316.211   8589934592  17179869184        9.385       18.769
 signed_char    coalesced        4       16        1        65536        65536      883489.176   8589934592  17179869184        9.723       19.445
 signed_char    coalesced        4       16        1       131072        32768      872592.174   8589934592  17179869184        9.844       19.688
 signed_char    coalesced        4       16        1       262144        16384      866731.717   8589934592  17179869184        9.911       19.821
 signed_char    coalesced        4       16        1       524288         8192      863201.421   8589934592  17179869184        9.951       19.903
 signed_char    coalesced        4       16        1      1048576         4096      863191.418   8589934592  17179869184        9.951       19.903
 signed_char    coalesced        4       16        1      2097152         2048      862253.457   8589934592  17179869184        9.962       19.924
 signed_char    coalesced        4       16        1      4194304         1024      861840.669   8589934592  17179869184        9.967       19.934
 signed_char    coalesced        4       16        1      8388608          512      861666.306   8589934592  17179869184        9.969       19.938
 signed_char    coalesced        4       16        1     16777216          256      861574.016   8589934592  17179869184        9.970       19.940
 signed_char    coalesced        4       16        1     33554432          128      861568.430   8589934592  17179869184        9.970       19.940
 signed_char    coalesced        4       16        1     67108864           64      861533.737   8589934592  17179869184        9.971       19.941
 signed_char    coalesced        4       16        1    134217728           32      861539.912   8589934592  17179869184        9.970       19.941
 signed_char    coalesced        4       16        1    268435456           16      861510.792   8589934592  17179869184        9.971       19.942
 signed_char    coalesced        4       16        1    536870912            8      861525.355   8589934592  17179869184        9.971       19.941
 signed_char    coalesced        4       16        1   1073741824            4      861502.992   8589934592  17179869184        9.971       19.942
 signed_char    coalesced        4       16        1   2147483648            2      861511.549   8589934592  17179869184        9.971       19.942
 signed_char    coalesced        4       16        1   4293918720            1      861310.182   8587837440  17175674880        9.971       19.941
