        type trial_config ert_flop   unroll  buffers        nsize       trials       microsecs        bytes        flops         GB/s         GF/s
       float    coalesced        2        2        1            8     16777216     5862008.376    268435456     67108864        0.046        0.011
       float    coalesced        2        2        1           16     16777216     5951394.473    536870912    134217728        0.090        0.023
       float    coalesced        2        2        1           32     16777216     6234741.237   1073741824    268435456        0.172        0.043
       float    coalesced        2        2        1           64     16777216     6891070.425   2147483648    536870912        0.312        0.078
       float    coalesced        2        2        1          128     16777216     8183126.555   4294967296   1073741824        0.525        0.131
       float    coalesced        2        2        1          256     16777216     9698489.537   8589934592   2147483648        0.886        0.221
       float    coalesced        2        2        1          512      8388608     6234784.224   8589934592   2147483648        1.378        0.344
       float    coalesced        2        2        1         1024      4194304     3991454.577   8589934592   2147483648        2.152        0.538
       float    coalesced        2        2        1         2048      2097152     2815050.102   8589934592   2147483648        3.051        0.763
       float    coalesced        2        2        1         4096      1048576     2273179.855   8589934592   2147483648        3.779        0.945
       float    coalesced        2        2        1         8192       524288     2045883.623   8589934592   2147483648        4.199        1.050
       float    coalesced        2        2        1        16384       262144     1826120.500   8589934592   2147483648        4.704        1.176
       float    coalesced        2        2        1        32768       131072     1773162.575   8589934592   2147483648        4.844        1.211
       float    coalesced        2        2        1        65536        65536     1743867.956   8589934592   2147483648        4.926        1.231
       float    coalesced        2        2        1       131072        32768     1733311.673   8589934592   2147483648        4.956        1.239
       float    coalesced        2        2        1       262144        16384     1722116.201   8589934592   2147483648        4.988        1.247
       float    coalesced        2        2        1       524288         8192     1715529.914   8589934592   2147483648        5.007        1.252
       float    coalesced        2        2        1      1048576         4096     1710255.691   8589934592   2147483648        5.023        1.256
       float    coalesced        2        2        1      2097152         2048     1707573.829   8589934592   2147483648        5.030        1.258
       float    coalesced        2        2        1      4194304         1024     1706235.958   8589934592   2147483648        5.034        1.259
       float    coalesced        2        2        1      8388608          512     1705566.184   8589934592   2147483648        5.036        1.259
       float    coalesced        2        2        1     16777216          256     1705323.748   8589934592   2147483648        5.037        1.259
       float    coalesced        2        2        1     33554432          128     1705142.107   8589934592   2147483648        5.038        1.259
       float    coalesced        2        2        1     67108864           64     1705028.827   8589934592   2147483648        5.038        1.259
       float    coalesced        2        2        1    134217728           32     1704953.515   8589934592   2147483648        5.038        1.260
       float    coalesced        2        2        1    268435456           16     1704918.128   8589934592   2147483648        5.038        1.260
       float    coalesced        2        2        1    536870912            8     1704911.979   8589934592   2147483648        5.038        1.260
       float    coalesced        2        2        1   1073741824            4     1704979.878   8589934592   2147483648        5.038        1.260
       float    coalesced        2        2        1   2147483648            2     1704924.054   8589934592   2147483648        5.038        1.260
       float    coalesced        2        2        1   4293918720            1     1704545.741   8587837440   2146959360        5.038        1.260
