        type trial_config ert_flop   unroll  buffers        nsize       trials       microsecs        bytes        flops         GB/s         GF/s
      double    coalesced       32        1        2           16     16777216    29095345.294    536870912   1073741824        0.018        0.037
      double    coalesced       32        1        2           32     16777216    29250174.059   1073741824   2147483648        0.037        0.073
      double    coalesced       32        1        2           64     16777216    29756603.298   2147483648   4294967296        0.072        0.144
      double    coalesced       32        1        2          128     16777216    30806835.375   4294967296   8589934592        0.139        0.279
      double    coalesced       32        1        2          256     16777216    32732270.791   8589934592  17179869184        0.262        0.525
      double    coalesced       32        1        2          512     16777216    33944508.728  17179869184  34359738368        0.506        1.012
      double    coalesced       32        1        2         1024      8388608    18704322.797  17179869184  34359738368        0.918        1.837
      double    coalesced       32        1        2         2048      4194304    10229127.333  17179869184  34359738368        1.680        3.359
      double    coalesced       32        1        2         4096      2097152     6061864.674  17179869184  34359738368        2.834        5.668
      double    coalesced       32        1        2         8192      1048576     4048843.276  17179869184  34359738368        4.243        8.486
      double    coalesced       32        1        2        16384       524288     2976032.372  17179869184  34359738368        5.773       11.545
      double    coalesced       32        1        2        32768       262144     2455327.008  17179869184  34359738368        6.997       13.994
      double    coalesced       32        1        2        65536       131072     2191266.220  17179869184  34359738368        7.840       15.680
      double    coalesced       32        1        2       131072        65536     2046171.612  17179869184  34359738368        8.396       16.792
      double    coalesced       32        1        2       262144        32768     1992308.486  17179869184  34359738368        8.623       17.246
      double    coalesced       32        1        2       524288        16384     1959196.212  17179869184  34359738368        8.769       17.538
      double    coalesced       32        1        2      1048576         8192     1942244.101  17179869184  34359738368        8.845       17.691
      double    coalesced       32        1        2      2097152         4096     1934337.450  17179869184  34359738368        8.882       17.763
      double    coalesced       32        1        2      4194304         2048     1929995.555  17179869184  34359738368        8.902       17.803
      double    coalesced       32        1        2      8388608         1024     1927868.225  17179869184  34359738368        8.911       17.823
      double    coalesced       32        1        2     16777216          512     1926894.707  17179869184  34359738368        8.916       17.832
      double    coalesced       32        1        2     33554432          256     1926279.459  17179869184  34359738368        8.919       17.837
      double    coalesced       32        1        2     67108864          128     1926080.389  17179869184  34359738368        8.920       17.839
      double    coalesced       32        1        2    134217728           64     1925978.766  17179869184  34359738368        8.920       17.840
      double    coalesced       32        1        2    268435456           32     1925906.681  17179869184  34359738368        8.920       17.841
      double    coalesced       32        1        2    536870912           16     1925891.265  17179869184  34359738368        8.920       17.841
      double    coalesced       32        1        2   1073741824            8     1925828.673  17179869184  34359738368        8.921       17.842
      double    coalesced       32        1        2   2147483648            4     1925834.190  17179869184  34359738368        8.921       17.841
      double    coalesced       32        1        2   4294967296            2     1925873.613  17179869184  34359738368        8.921       17.841
      double    coalesced       32        1        2   8588886016            1     1925531.593  17177772032  34355544064        8.921       17.842
