0 6.70984 7.1e-08 26
0 9.58988 2.88004 26
0 11.0317 4.32183 26
0 12.4838 5.77395 26
0 13.9239 7.21409 26
0 15.3694 8.65953 26
0 16.8189 10.1091 26
0 18.2589 11.5491 26
0 19.71 13.0002 26
0 21.1526 14.4428 26
0 22.5965 15.8867 26
0 24.0466 17.3368 26
0 25.4893 18.7795 26
0 26.9283 20.2185 26
0 28.3787 21.6689 26
0 29.821 23.1111 26
0 31.2736 24.5637 26
0 32.7392 26.0293 26
0 34.1925 27.4827 26
0 35.6407 28.9309 26
0 37.1123 30.4025 26
0 38.5646 31.8547 26
0 40.0154 33.3055 26
0 41.463 34.7532 26
1 42.9068 1.05e-07 26
1 44.3634 1.4566 26
1 45.8209 2.91409 26
1 47.2735 4.36662 26
1 48.7393 5.83243 26
1 50.1921 7.28526 26
1 51.6528 8.74594 26
1 53.1102 10.2033 26
1 54.5629 11.6561 26
1 56.018 13.1112 26
1 57.4608 14.5539 26
1 58.9027 15.9959 26
1 60.369 17.4622 26
1 61.8223 18.9155 26
1 63.2777 20.3709 26
1 64.7207 21.8139 26
1 66.1727 23.2658 26
1 67.6391 24.7323 26
1 69.0926 26.1858 26
1 70.5348 27.628 26
1 71.9852 29.0784 26
1 73.4487 30.5419 26
1 74.904 31.9972 26
1 76.3511 33.4442 26
1 77.7977 34.8909 26
2 79.2474 6.5e-08 26
2 80.6895 1.44213 26
2 82.1536 2.90621 26
2 83.6089 4.36151 26
2 85.0553 5.80788 26
2 86.5026 7.25522 26
2 87.9734 8.72602 26
2 89.4292 10.1818 26
2 90.8918 11.6444 26
2 92.3449 13.0975 26
2 93.7864 14.5391 26
2 95.2376 15.9902 26
2 96.6904 17.443 26
2 98.1465 18.8991 26
2 99.611 20.3636 26
2 101.063 21.8156 26
2 102.511 23.2635 26
2 103.974 24.7267 26
2 105.416 26.1689 26
2 106.866 27.619 26
2 108.309 29.0613 26
2 109.761 30.5134 26
2 111.212 31.9643 26
2 112.67 33.4228 26
3 114.106 6.8e-08 26
3 115.561 1.4554 26
3 117.003 2.89755 26
3 118.44 4.33391 26
3 119.896 5.78987 26
3 121.354 7.24816 26
3 122.819 8.7133 26
3 124.252 10.1461 26
3 125.711 11.6047 26
3 127.162 13.0558 26
3 128.614 14.5082 26
3 130.057 15.9508 26
3 131.529 17.423 26
3 132.972 18.866 26
3 134.423 20.3175 26
3 135.877 21.7707 26
3 137.319 23.213 26
3 138.77 24.664 26
3 140.229 26.1234 26
3 141.672 27.5665 26
3 143.136 29.0298 26
3 144.577 30.4709 26
3 146.021 31.9149 26
3 147.472 33.3663 26
3 148.931 34.8253 26
3 150.368 36.2621 26.5
4 151.835 6.2e-08 26.5
4 153.279 1.44372 26.5
4 154.735 2.89912 26.5
4 156.178 4.34208 26.5
4 157.633 5.79732 26.5
4 159.087 7.25189 26.5
4 160.531 8.69569 26.5
4 161.975 10.1393 26.5
4 163.428 11.5924 26.5
4 164.869 13.0335 26.5
4 166.313 14.4773 26.5
4 167.77 15.9348 26.5
4 169.213 17.3778 26.5
5 170.657 7.6e-08 26.5
5 172.125 1.46822 26.5
5 173.569 2.91185 26.5
5 175.005 4.34824 26.5
5 176.462 5.80476 26.5
5 177.916 7.25865 26.5
5 179.368 8.71106 26.5
6 180.811 6.6e-08 26.5
6 182.253 1.44221 26.5
6 183.705 2.89402 26.5
6 185.17 4.3592 27
7 186.613 6.8e-08 27
7 188.07 1.45682 27.5
8 189.512 4.9e-08 28
9 190.956 6.2e-08 29
10 192.413 5.2e-08 29.5
12 193.856 5.4e-08 30
14 195.311 9.3e-08 30
17 196.862 8.8e-08 30
19 198.317 7.1e-08 30
21 199.76 5.3e-08 30
23 201.696 1.44e-07 27
24 203.447 1.63e-07 26.5
25 206.184 1.44e-07 27
26 210.822 1.48e-07 27
27 219.982 1.54e-07 26.5
