        type trial_config ert_flop   unroll  buffers        nsize       trials       microsecs        bytes        flops         GB/s         GF/s
       float    coalesced      512        2        2           16     16777216    78872847.632    536870912  34359738368        0.007        0.436
       float    coalesced      512        2        2           32     16777216    79170116.956   1073741824  68719476736        0.014        0.868
       float    coalesced      512        2        2           64     16777216    79695261.830   2147483648 137438953472        0.027        1.725
       float    coalesced      512        2        2          128     16777216    80521534.846   4294967296 274877906944        0.053        3.414
       float    coalesced      512        2        2          256     16777216    81829959.703   8589934592 549755813888        0.105        6.718
       float    coalesced      512        2        2          512     16777216    83317887.447  17179869184 1099511627776        0.206       13.197
       float    coalesced      512        2        2         1024      8388608    43642940.755  17179869184 1099511627776        0.394       25.193
       float    coalesced      512        2        2         2048      4194304    22660940.698  17179869184 1099511627776        0.758       48.520
       float    coalesced      512        2        2         4096      2097152    12274880.316  17179869184 1099511627776        1.400       89.574
       float    coalesced      512        2        2         8192      1048576     7160531.508  17179869184 1099511627776        2.399      153.552
       float    coalesced      512        2        2        16384       524288     4501026.305  17179869184 1099511627776        3.817      244.280
       float    coalesced      512        2        2        32768       262144     3253703.875  17179869184 1099511627776        5.280      337.926
       float    coalesced      512        2        2        65536       131072     2630179.265  17179869184 1099511627776        6.532      418.037
       float    coalesced      512        2        2       131072        65536     2303777.046  17179869184 1099511627776        7.457      477.265
       float    coalesced      512        2        2       262144        32768     2152979.587  17179869184 1099511627776        7.980      510.693
       float    coalesced      512        2        2       524288        16384     2072526.927  17179869184 1099511627776        8.289      530.517
       float    coalesced      512        2        2      1048576         8192     2033424.066  17179869184 1099511627776        8.449      540.719
       float    coalesced      512        2        2      2097152         4096     2013954.111  17179869184 1099511627776        8.530      545.947
       float    coalesced      512        2        2      4194304         2048     2003178.892  17179869184 1099511627776        8.576      548.883
       float    coalesced      512        2        2      8388608         1024     1998261.707  17179869184 1099511627776        8.597      550.234
       float    coalesced      512        2        2     16777216          512     1995745.764  17179869184 1099511627776        8.608      550.928
       float    coalesced      512        2        2     33554432          256     1994594.407  17179869184 1099511627776        8.613      551.246
       float    coalesced      512        2        2     67108864          128     1993884.006  17179869184 1099511627776        8.616      551.442
       float    coalesced      512        2        2    134217728           64     1993626.814  17179869184 1099511627776        8.617      551.513
       float    coalesced      512        2        2    268435456           32     1993471.763  17179869184 1099511627776        8.618      551.556
       float    coalesced      512        2        2    536870912           16     1993415.185  17179869184 1099511627776        8.618      551.572
       float    coalesced      512        2        2   1073741824            8     1993302.454  17179869184 1099511627776        8.619      551.603
       float    coalesced      512        2        2   2147483648            4     1993352.514  17179869184 1099511627776        8.619      551.589
       float    coalesced      512        2        2   4294967296            2     1993272.233  17179869184 1099511627776        8.619      551.611
       float    coalesced      512        2        2   8588886016            1     1992995.848  17177772032 1099377410048        8.619      551.621
