0 3.43437 9.2e-08 20.5
0 6.33453 2.90016 20.5
0 7.77978 4.34541 20.5
0 9.23022 5.79585 20.5
1 10.6731 9e-08 20.5
1 12.1158 1.44276 20.5
1 13.5635 2.89048 20.5
1 15.0056 4.33249 20.5
1 16.4538 5.78075 20.5
2 17.9146 1.11e-07 20.5
2 19.3622 1.44762 20.5
2 20.806 2.89143 20.5
2 22.2789 4.36433 20.5
2 23.7253 5.81073 20.5
3 25.1827 1.39e-07 20.5
3 26.6413 1.45861 20.5
3 28.0847 2.902 20.5
3 29.5577 4.37504 20.5
3 31.0055 5.82285 20.5
3 32.4632 7.28058 20.5
4 33.9073 8.7e-08 20.5
4 35.3533 1.44595 20.5
4 36.8068 2.89948 20.5
4 38.2665 4.35918 20.5
4 39.7235 5.81613 20.5
4 41.1698 7.2625 20.5
5 42.6129 1.09e-07 20.5
5 44.0704 1.45758 20.5
5 45.5291 2.91628 20.5
5 46.9776 4.36475 20.5
5 48.4504 5.83751 20.5
5 49.91 7.29718 20.5
5 51.3617 8.74881 20.5
5 52.8156 10.2027 20.5
6 54.2742 1.27e-07 20.5
6 55.7169 1.4427 20.5
6 57.1595 2.88525 20.5
6 58.6205 4.34625 20.5
7 60.0786 1.6e-07 21
7 61.5231 1.44442 20.5
7 62.986 2.90739 21
8 64.4223 8.3e-08 20.5
8 65.8887 1.46639 20.5
8 67.3315 2.90916 21
9 68.7738 1.48e-07 21
10 70.2242 7.9e-08 21
10 71.6874 1.46324 21
11 73.1305 8e-08 21
12 74.5972 1.12e-07 21
13 76.0401 8.1e-08 21
13 77.4908 1.45068 21
14 78.9336 1.32e-07 21
15 80.3771 6.2e-08 21
16 81.8487 6.2e-08 21
16 83.2913 1.44267 21
17 84.7401 1.12e-07 21
18 86.1902 7.7e-08 21
19 87.6322 1.21e-07 21
20 89.0742 1.12e-07 21
20 90.5306 1.45637 21
21 91.9835 8e-08 21
22 93.434 1.03e-07 21
23 94.8758 1.08e-07 21
24 96.4343 1.16e-07 21
24 97.8721 1.43782 21
25 99.3141 7.2e-08 21
26 100.97 1.17e-07 21
26 102.413 1.44251 20.5
27 104.055 1.17e-07 21
27 105.511 1.45626 21
28 108.354 1.33e-07 21
28 109.791 1.43632 21
29 114.943 1.16e-07 21
29 116.379 1.43633 20.5
