        type trial_config ert_flop   unroll  buffers        nsize       trials       microsecs        bytes        flops         GB/s         GF/s
         int    coalesced        1        2        2           16     16777216     5951674.881    536870912     67108864        0.090        0.011
         int    coalesced        1        2        2           32     16777216     6235025.789   1073741824    134217728        0.172        0.022
         int    coalesced        1        2        2           64     16777216     6546749.226   2147483648    268435456        0.328        0.041
         int    coalesced        1        2        2          128     16777216     6891328.111   4294967296    536870912        0.623        0.078
         int    coalesced        1        2        2          256     16777216     8183376.500   8589934592   1073741824        1.050        0.131
         int    coalesced        1        2        2          512     16777216    10071774.462  17179869184   2147483648        1.706        0.213
         int    coalesced        1        2        2         1024      8388608     6546802.677  17179869184   2147483648        2.624        0.328
         int    coalesced        1        2        2         2048      4194304     4091943.703  17179869184   2147483648        4.198        0.525
         int    coalesced        1        2        2         4096      2097152     2984346.818  17179869184   2147483648        5.757        0.720
         int    coalesced        1        2        2         8192      1048576     2456975.623  17179869184   2147483648        6.992        0.874
         int    coalesced        1        2        2        16384       524288     2193710.915  17179869184   2147483648        7.831        0.979
         int    coalesced        1        2        2        32768       262144     2046130.593  17179869184   2147483648        8.396        1.050
         int    coalesced        1        2        2        65536       131072     1989957.207  17179869184   2147483648        8.633        1.079
         int    coalesced        1        2        2       131072        65536     1958226.491  17179869184   2147483648        8.773        1.097
         int    coalesced        1        2        2       262144        32768     1941409.846  17179869184   2147483648        8.849        1.106
         int    coalesced        1        2        2       524288        16384     1933277.497  17179869184   2147483648        8.886        1.111
         int    coalesced        1        2        2      1048576         8192     1929463.421  17179869184   2147483648        8.904        1.113
         int    coalesced        1        2        2      2097152         4096     1927680.271  17179869184   2147483648        8.912        1.114
         int    coalesced        1        2        2      4194304         2048     1926697.476  17179869184   2147483648        8.917        1.115
         int    coalesced        1        2        2      8388608         1024     1926337.177  17179869184   2147483648        8.918        1.115
         int    coalesced        1        2        2     16777216          512     1926020.190  17179869184   2147483648        8.920        1.115
         int    coalesced        1        2        2     33554432          256     1925867.241  17179869184   2147483648        8.921        1.115
         int    coalesced        1        2        2     67108864          128     1925886.912  17179869184   2147483648        8.920        1.115
         int    coalesced        1        2        2    134217728           64     1925845.837  17179869184   2147483648        8.921        1.115
         int    coalesced        1        2        2    268435456           32     1925802.287  17179869184   2147483648        8.921        1.115
         int    coalesced        1        2        2    536870912           16     1925788.036  17179869184   2147483648        8.921        1.115
         int    coalesced        1        2        2   1073741824            8     1925774.136  17179869184   2147483648        8.921        1.115
         int    coalesced        1        2        2   2147483648            4     1925790.201  17179869184   2147483648        8.921        1.115
         int    coalesced        1        2        2   4294967296            2     1925801.142  17179869184   2147483648        8.921        1.115
         int    coalesced        1        2        2   8588886016            1     1925573.298  17177772032   2147221504        8.921        1.115
