0 3.23803 1.26e-07 31
0 6.12614 2.88811 31
0 7.57247 4.33444 31
0 9.01516 5.77713 31
0 10.4627 7.22466 31
0 11.9084 8.67038 31
0 13.3516 10.1135 31
0 14.7993 11.5613 31
0 16.2366 12.9986 31
0 17.6794 14.4413 31
0 19.1466 15.9086 31
0 20.5993 17.3613 31
0 22.0576 18.8195 31
0 23.5138 20.2758 31
0 24.9563 21.7183 31
0 26.4104 23.1723 31
0 27.8606 24.6226 31
0 29.3032 26.0651 31
0 30.746 27.5079 31
0 32.2078 28.9697 31
0 33.6546 30.4166 31
0 35.0976 31.8596 31
0 36.5581 33.3201 31
0 38.0071 34.769 31
0 39.4503 36.2123 31
0 40.9174 37.6793 31
0 42.3702 39.1322 31
0 43.8066 40.5686 31
0 45.2789 42.0409 31
0 46.7322 43.4942 31
0 48.1832 44.9452 31
0 49.6359 46.3979 31
0 51.083 47.845 31
0 52.5334 49.2954 31
0 53.9863 50.7482 31
0 55.4292 52.1912 31
0 56.8851 53.6471 31
0 58.3288 55.0908 31
0 59.782 56.544 31
0 61.2483 58.0102 31
0 62.6863 59.4483 31
0 64.1278 60.8898 31
0 65.5997 62.3617 31
0 67.0426 63.8046 31
0 68.4953 65.2573 31
0 69.9456 66.7075 31
0 71.3817 68.1437 31
0 72.8249 69.5869 31
0 74.2963 71.0582 31
0 75.7389 72.5009 31
0 77.1915 73.9535 31
0 78.6426 75.4045 31
0 80.0853 76.8472 31
0 81.5216 78.2835 31
0 82.9724 79.7343 31
0 84.4154 81.1773 31
0 85.8688 82.6308 31
0 87.3195 84.0815 31
0 88.7676 85.5295 31
0 90.2111 86.973 31
0 91.662 88.4239 31
0 93.1049 89.8669 31
0 94.5483 91.3102 31
0 96.01 92.772 31
0 97.4529 94.2149 31
0 98.8959 95.6579 31
0 100.347 97.1089 31
0 101.804 98.5663 31
0 103.243 100.005 31
0 104.693 101.455 31
0 106.137 102.899 31
0 107.579 104.341 31
0 109.015 105.777 31
0 110.466 107.228 31
0 111.909 108.671 31
0 113.357 110.118 31
0 114.807 111.569 31
0 116.25 113.012 31
0 117.694 114.456 31
0 119.144 115.906 31
0 120.598 117.359 31
0 122.041 118.803 31
0 123.492 120.253 31
0 124.934 121.696 31
0 126.371 123.133 31
0 127.828 124.59 31
0 129.265 126.027 31
0 130.708 127.47 31
0 132.18 128.942 31
0 133.623 130.385 31
0 135.061 131.823 31
0 136.512 133.274 31
0 137.955 134.717 31
0 139.402 136.164 31
0 140.853 137.615 31
0 142.296 139.058 31
0 143.739 140.501 31
0 145.191 141.953 31
0 146.634 143.396 31
0 148.077 144.839 31
0 149.514 146.276 31
0 150.966 147.727 31
0 152.409 149.171 31
0 153.857 150.619 31
0 155.308 152.07 31
0 156.751 153.513 31
0 158.205 154.966 31
0 159.656 156.418 31
0 161.099 157.861 31
0 162.542 159.304 31
0 163.992 160.754 31
0 165.435 162.197 31
0 166.872 163.634 31
0 168.329 165.091 31
0 169.766 166.528 31
0 171.209 167.971 31
0 172.676 169.438 31
0 174.113 170.875 31
0 175.555 172.317 31
0 177.011 173.773 31
0 178.454 175.216 31
0 179.896 176.658 31
0 181.347 178.109 31
0 182.79 179.552 31
0 184.233 180.995 31
0 185.67 182.432 31
0 187.122 183.884 31
0 188.564 185.326 31
0 190.007 186.769 31
0 191.469 188.231 31
0 192.912 189.674 31
0 194.355 191.117 31
0 195.806 192.568 31
0 197.248 194.01 31
0 198.691 195.453 31
0 200.143 196.905 31
0 201.586 198.348 31
0 203.023 199.785 31
0 204.481 201.243 31
0 205.918 202.68 31
0 207.362 204.124 31
0 208.813 205.575 31
0 210.266 207.028 31
0 211.709 208.471 31
0 213.159 209.921 31
0 214.602 211.364 31
0 216.045 212.807 31
0 217.506 214.268 31
0 218.949 215.711 31
0 220.392 217.154 31
0 221.843 218.605 31
0 223.285 220.047 31
0 224.728 221.49 31
0 226.165 222.927 31
0 227.616 224.377 31
0 229.058 225.82 31
0 230.5 227.262 31
0 231.961 228.723 31
0 233.403 230.165 31
0 234.845 231.607 31
0 236.296 233.058 31
0 237.738 234.5 31
0 239.191 235.953 31
0 240.642 237.404 31
0 242.084 238.846 31
0 243.527 240.289 31
0 244.977 241.739 31
0 246.414 243.176 31
0 247.857 244.619 31
0 249.306 246.068 31
0 250.76 247.522 31
0 252.202 248.964 31
0 253.653 250.415 31
0 255.096 251.858 31
0 256.539 253.301 31
0 258 254.761 31
0 259.442 256.204 31
0 260.886 257.648 31
0 262.337 259.099 31
0 263.778 260.54 31
0 265.216 261.978 31
0 266.658 263.42 31
0 268.109 264.871 31
0 269.551 266.313 31
0 270.994 267.756 31
0 272.455 269.217 31
0 273.898 270.66 31
0 275.34 272.102 31
0 276.796 273.558 31
0 278.24 275.002 31
0 279.682 276.444 31
0 281.133 277.895 31
0 282.575 279.337 31
0 284.011 280.773 31
0 285.462 282.224 31
0 286.905 283.667 31
0 288.347 285.109 31
0 289.799 286.561 31
0 291.252 288.014 31
0 292.695 289.457 31
0 294.145 290.907 31
0 295.593 292.355 31
0 297.035 293.797 31
0 298.486 295.248 31
0 299.928 296.69 31
0 301.371 298.133 31
0 302.807 299.569 31
0 304.258 301.02 31
0 305.7 302.462 31
0 307.143 303.905 31
0 308.594 305.356 31
0 310.047 306.809 31
0 311.49 308.252 31
0 312.94 309.702 31
0 314.388 311.149 31
0 315.831 312.592 31
0 317.281 314.043 31
0 318.724 315.486 31
0 320.167 316.929 31
0 321.618 318.38 31
0 323.055 319.817 31
0 324.516 321.278 31
0 325.965 322.727 31
0 327.402 324.164 31
0 328.861 325.623 31
0 330.312 327.074 31
0 331.755 328.517 31
0 333.192 329.954 31
0 334.643 331.405 31
0 336.085 332.847 31
0 337.529 334.291 31
0 338.981 335.743 31
0 340.434 337.196 31
0 341.877 338.639 31
0 343.328 340.089 31
0 344.776 341.538 31
0 346.218 342.98 31
0 347.669 344.431 31
0 349.111 345.873 31
0 350.554 347.316 31
0 351.991 348.753 31
0 353.441 350.203 31
0 354.884 351.646 31
0 356.328 353.09 31
0 357.779 354.541 31
0 359.232 355.994 31
0 360.675 357.437 31
0 362.126 358.888 31
0 363.58 360.342 31
0 365.022 361.784 31
0 366.474 363.236 31
0 367.917 364.679 31
0 369.36 366.121 31
0 370.811 367.573 31
0 372.253 369.015 31
0 373.69 370.452 31
0 375.141 371.903 31
0 376.584 373.346 31
0 378.037 374.799 31
0 379.488 376.25 31
0 380.931 377.693 31
0 382.373 379.135 31
0 383.825 380.587 31
0 385.273 382.035 31
0 386.716 383.478 31
0 388.167 384.929 31
0 389.609 386.371 31
0 391.053 387.814 31
0 392.489 389.251 31
0 393.94 390.702 31
0 395.383 392.145 31
0 396.825 393.587 31
0 398.275 395.037 31
0 399.717 396.479 31
0 401.16 397.922 31
0 402.611 399.373 31
0 404.054 400.816 31
0 405.49 402.252 31
0 406.942 403.704 31
0 408.384 405.146 31
0 409.826 406.588 31
0 411.277 408.039 31
1 412.719 1e-07 31
1 414.163 1.44432 31
1 415.598 2.87908 31
1 417.049 4.33006 31
1 418.491 5.77274 31
1 419.934 7.21491 31
1 421.394 8.67557 31
1 422.837 10.1187 31
1 424.28 11.5614 31
1 425.736 13.0171 31
1 427.179 14.46 31
1 428.621 15.9027 31
1 430.071 17.3528 31
1 431.514 18.7949 31
1 432.971 20.2525 31
1 434.422 21.7035 31
1 435.865 23.1462 31
1 437.318 24.5992 31
1 438.769 26.0499 31
1 440.211 27.4926 31
1 441.654 28.9353 31
1 443.104 30.3854 31
1 444.541 31.8224 31
1 445.983 33.2648 31
1 447.434 34.7156 31
1 448.877 36.1582 31
1 450.319 37.6002 31
1 451.779 39.0599 31
1 453.221 40.5028 31
1 454.665 41.9459 31
1 456.116 43.3969 31
1 457.558 44.8393 31
1 459.001 46.2822 31
1 460.438 47.719 31
1 461.888 49.1695 31
1 463.348 50.6291 31
1 464.784 52.065 31
1 466.234 53.5158 31
1 467.677 54.9584 31
1 469.12 56.4012 31
1 470.575 57.8564 31
1 472.018 59.2994 31
1 473.461 60.7428 31
1 474.912 62.1939 31
1 476.354 63.6358 31
1 477.792 65.0731 31
1 479.242 66.5238 31
1 480.686 67.9672 31
1 482.139 69.4202 31
1 483.59 70.8712 31
1 485.033 72.3141 31
1 486.475 73.7568 31
1 487.927 75.2083 31
1 489.375 76.6564 31
1 490.818 78.099 31
1 492.268 79.5496 31
1 493.711 80.9927 31
1 495.153 82.4345 31
1 496.59 83.8715 31
1 498.041 85.3225 31
1 499.484 86.7655 31
1 500.932 88.2134 31
1 502.382 89.6634 31
1 503.824 91.1057 31
1 505.267 92.5485 31
1 506.718 93.9994 31
1 508.171 95.4519 31
1 509.613 96.8941 31
1 511.064 98.345 31
1 512.506 99.7878 31
1 513.943 101.225 31
1 515.394 102.676 31
1 516.837 104.118 31
1 518.28 105.561 31
1 519.731 107.012 31
1 521.174 108.455 31
1 522.627 109.909 31
1 524.078 111.36 31
1 525.521 112.803 31
1 526.975 114.256 31
1 528.425 115.707 31
1 529.869 117.15 31
1 531.312 118.593 31
1 532.763 120.045 31
1 534.205 121.487 31
1 535.643 122.924 31
1 537.086 124.367 31
1 538.537 125.818 31
1 539.979 127.261 31
1 541.432 128.714 31
1 542.884 130.165 31
1 544.327 131.608 31
1 545.779 133.061 31
1 547.23 134.511 31
1 548.672 135.954 31
1 550.115 137.396 31
1 551.565 138.846 31
1 553.008 140.289 31
1 554.451 141.732 31
1 555.901 143.183 31
1 557.339 144.62 31
1 558.782 146.063 31
1 560.253 147.535 31
1 561.696 148.978 31
1 563.134 150.415 31
1 564.584 151.865 31
1 566.027 153.308 31
1 567.474 154.756 31
1 568.925 156.207 31
1 570.368 157.65 31
1 571.812 159.093 31
1 573.263 160.544 31
1 574.705 161.987 31
1 576.143 163.424 31
1 577.585 164.867 31
1 579.057 166.339 31
1 580.5 167.781 31
1 581.936 169.218 31
1 583.388 170.669 31
1 584.83 172.111 31
1 586.278 173.559 31
1 587.729 175.01 31
1 589.172 176.453 31
1 590.615 177.896 31
1 592.065 179.347 31
1 593.508 180.79 31
1 594.951 182.232 31
1 596.401 183.683 31
1 597.839 185.12 31
1 599.282 186.563 31
1 600.754 188.035 31
1 602.196 189.477 31
1 603.633 190.915 31
1 605.1 192.382 31
1 606.543 193.824 31
1 607.98 195.262 31
1 609.431 196.713 31
1 610.874 198.155 31
1 612.317 199.599 31
1 613.768 201.05 31
1 615.211 202.493 31
1 616.669 203.951 31
1 618.12 205.401 31
1 619.563 206.844 31
1 621.006 208.288 31
1 622.458 209.739 31
1 623.911 211.192 31
1 625.354 212.635 31
1 626.805 214.086 31
1 628.247 215.529 31
1 629.69 216.971 31
1 631.127 218.409 31
1 632.578 219.859 31
1 634.021 221.302 31
1 635.464 222.746 31
1 636.916 224.197 31
1 638.368 225.65 31
1 639.811 227.093 31
1 641.263 228.544 31
1 642.711 229.992 31
1 644.153 231.435 31
1 645.605 232.886 31
1 647.048 234.329 31
1 648.491 235.772 31
1 649.941 237.223 31
1 651.377 238.659 31
1 652.82 240.101 31
1 654.271 241.552 31
1 655.713 242.995 31
1 657.166 244.448 31
1 658.617 245.898 31
1 660.059 247.341 31
1 661.503 248.784 31
1 662.953 250.235 31
1 664.407 251.688 31
1 665.849 253.131 31
1 667.3 254.581 31
1 668.745 256.027 31
1 670.185 257.467 31
1 671.621 258.903 31
1 673.071 260.353 31
1 674.514 261.795 31
1 675.967 263.248 31
1 677.417 264.699 31
1 678.86 266.142 31
1 680.303 267.585 31
1 681.754 269.036 31
1 683.207 270.489 31
1 684.65 271.932 31
1 686.101 273.382 31
1 687.544 274.826 31
1 688.987 276.269 31
1 690.437 277.719 31
1 691.875 279.156 31
1 693.317 280.598 31
1 694.789 282.07 31
1 696.231 283.513 31
1 697.668 284.949 31
1 699.119 286.4 31
1 700.561 287.843 31
1 702.009 289.29 31
1 703.46 290.741 31
1 704.902 292.183 31
1 706.345 293.626 31
1 707.795 295.077 31
1 709.238 296.52 31
1 710.681 297.963 31
1 712.118 299.399 31
1 713.569 300.85 31
1 715.011 302.293 31
1 716.454 303.735 31
1 717.904 305.185 31
1 719.347 306.628 31
1 720.8 308.081 31
1 722.251 309.532 31
1 723.694 310.975 31
1 725.136 312.418 31
1 726.587 313.869 31
1 728.03 315.312 31
1 729.473 316.754 31
1 730.923 318.205 31
1 732.36 319.642 31
1 733.803 321.084 31
1 735.274 322.555 31
1 736.717 323.998 31
1 738.154 325.436 31
1 739.621 326.902 31
1 741.063 328.344 31
1 742.5 329.782 31
1 743.951 331.232 31
1 745.394 332.675 31
1 746.837 334.118 31
1 748.288 335.569 31
1 749.73 337.011 31
1 751.172 338.453 31
1 752.614 339.896 31
1 754.079 341.361 31
1 755.522 342.804 31
1 756.973 344.255 31
1 758.416 345.698 31
1 759.86 347.141 31
1 761.307 348.588 31
1 762.757 350.039 31
1 764.194 351.476 31
1 765.637 352.918 31
1 767.088 354.369 31
1 768.53 355.812 31
1 769.973 357.254 31
1 771.423 358.705 31
1 772.866 360.147 31
1 774.309 361.59 31
1 775.768 363.05 31
1 777.211 364.492 31
1 778.647 365.928 31
1 780.104 367.385 31
1 781.541 368.823 31
1 782.984 370.265 31
1 784.435 371.716 31
1 785.878 373.159 31
1 787.331 374.612 31
1 788.782 376.063 31
1 790.225 377.506 31
1 791.673 378.954 31
1 793.123 380.405 31
1 794.566 381.847 31
1 796.009 383.29 31
1 797.46 384.741 31
1 798.901 386.183 31
1 800.338 387.619 31
1 801.781 389.062 31
1 803.231 390.513 31
1 804.675 391.956 31
1 806.123 393.405 31
1 807.574 394.855 31
1 809.017 396.298 31
1 810.46 397.742 31
1 811.911 399.193 31
1 813.364 400.646 31
1 814.807 402.089 31
1 816.258 403.539 31
1 817.701 404.982 31
1 819.144 406.425 31
1 820.594 407.876 31
1 822.031 409.313 31
2 823.474 9.7e-08 31
2 824.925 1.45061 31
2 826.369 2.89425 31
2 827.811 4.33677 31
2 829.262 5.78814 31
2 830.705 7.23078 31
2 832.162 8.68806 31
2 833.613 10.139 31
2 835.056 11.5819 31
2 836.498 13.0241 31
2 837.949 14.4745 31
2 839.402 15.9276 31
2 840.844 17.3698 31
2 842.294 18.8196 31
2 843.747 20.2727 31
2 845.189 21.715 31
2 846.64 23.1654 31
2 848.082 24.608 31
2 849.525 26.0509 31
2 850.973 27.4984 31
2 852.424 28.9498 31
2 853.861 30.387 31
2 855.304 31.8298 31
2 856.754 33.2799 31
2 858.196 34.7221 31
2 859.639 36.1647 31
2 861.089 37.6148 31
2 862.542 39.0673 31
2 863.984 40.5098 31
2 865.435 41.9603 31
2 866.877 43.4027 31
2 868.32 44.8454 31
2 869.78 46.3062 31
2 871.223 47.7485 31
2 872.666 49.1916 31
2 874.116 50.6421 31
2 875.553 52.0791 31
2 876.996 53.5222 31
2 878.447 54.973 31
2 879.889 56.4152 31
2 881.341 57.867 31
2 882.792 59.3181 31
2 884.235 60.7608 31
2 885.678 62.2037 31
2 887.129 63.6549 31
2 888.582 65.1078 31
2 890.024 66.5499 31
2 891.475 68.0006 31
2 892.917 69.443 31
2 894.36 70.886 31
2 895.796 72.322 31
2 897.247 73.7729 31
2 898.69 75.2161 31
2 900.133 76.6591 31
2 901.584 78.1101 31
2 903.027 79.5527 31
2 904.47 80.9958 31
2 905.921 82.4469 31
2 907.374 83.8997 31
2 908.817 85.343 31
2 910.268 86.7935 31
2 911.71 88.236 31
2 913.153 89.6784 31
2 914.603 91.1291 31
2 916.041 92.5662 31
2 917.484 94.0092 31
2 918.934 95.4599 31
2 920.377 96.9027 31
2 921.831 98.3564 31
2 923.281 99.8071 31
2 924.724 101.25 31
2 926.177 102.703 31
2 927.628 104.154 31
2 929.071 105.597 31
2 930.513 107.039 31
2 931.964 108.49 31
2 933.407 109.933 31
2 934.85 111.376 31
2 936.288 112.813 31
2 937.745 114.271 31
2 939.182 115.708 31
2 940.625 117.15 31
2 942.075 118.601 31
2 943.518 120.044 31
2 944.971 121.497 31
2 946.423 122.948 31
2 947.865 124.391 31
2 949.308 125.834 31
2 950.759 127.285 31
2 952.202 128.728 31
2 953.646 130.171 31
2 955.096 131.622 31
2 956.533 133.059 31
2 957.977 134.502 31
2 959.449 135.974 31
2 960.892 137.418 31
2 962.329 138.855 31
2 963.785 140.311 31
2 965.223 141.748 31
2 966.671 143.196 31
2 968.121 144.647 31
2 969.564 146.09 31
2 971.007 147.533 31
2 972.458 148.984 31
2 973.901 150.427 31
2 975.345 151.87 31
2 976.781 153.307 31
2 978.253 154.779 31
2 979.697 156.223 31
2 981.149 157.674 31
2 982.592 159.117 31
2 984.034 160.56 31
2 985.482 162.007 31
2 986.932 163.458 31
2 988.37 164.895 31
2 989.813 166.339 31
2 991.264 167.79 31
2 992.707 169.232 31
2 994.149 170.675 31
2 995.6 172.126 31
2 997.044 173.57 31
2 998.488 175.013 31
2 999.954 176.48 31
2 1001.4 177.923 31
2 1002.84 179.367 31
2 1004.3 180.824 31
2 1005.74 182.268 31
2 1007.19 183.711 31
2 1008.64 185.163 31
2 1010.08 186.606 31
2 1011.52 188.049 31
2 1012.97 189.5 31
2 1014.41 190.937 31
2 1015.86 192.381 31
2 1017.31 193.832 31
2 1018.76 195.286 31
2 1020.2 196.729 31
2 1021.65 198.18 31
2 1023.1 199.623 31
2 1024.54 201.067 31
2 1026 202.522 31
2 1027.44 203.966 31
2 1028.88 205.41 31
2 1030.33 206.86 31
2 1031.78 208.303 31
2 1033.22 209.746 31
2 1034.66 211.183 31
2 1036.11 212.635 31
2 1037.57 214.1 31
2 1039.03 215.552 31
2 1040.47 216.994 31
2 1041.91 218.437 31
2 1043.35 219.874 31
2 1044.82 221.341 31
2 1046.26 222.784 31
2 1047.7 224.221 31
2 1049.15 225.671 31
2 1050.59 227.115 31
2 1052.03 228.557 31
2 1053.48 230.008 31
2 1054.92 231.451 31
2 1056.37 232.893 31
2 1057.82 234.345 31
2 1059.27 235.797 31
2 1060.71 237.24 31
2 1062.17 238.691 31
2 1063.61 240.134 31
2 1065.04 241.57 31
2 1066.5 243.021 31
2 1067.94 244.464 31
2 1069.38 245.907 31
2 1070.84 247.367 31
2 1072.28 248.81 31
2 1073.73 250.253 31
2 1075.18 251.705 31
2 1076.62 253.147 31
2 1078.07 254.6 31
2 1079.53 256.051 31
2 1080.97 257.493 31
2 1082.41 258.936 31
2 1083.86 260.387 31
2 1085.3 261.829 31
2 1086.74 263.266 31
2 1088.18 264.709 31
2 1089.66 266.181 31
2 1091.1 267.624 31
2 1092.54 269.067 31
2 1093.99 270.518 31
2 1095.43 271.955 31
2 1096.87 273.397 31
2 1098.32 274.849 31
2 1099.77 276.291 31
2 1101.21 277.735 31
2 1102.66 279.186 31
2 1104.1 280.629 31
2 1105.55 282.072 31
2 1107 283.523 31
2 1108.46 284.981 31
2 1109.9 286.423 31
2 1111.35 287.874 31
2 1112.79 289.317 31
2 1114.23 290.754 31
2 1115.7 292.221 31
2 1117.14 293.663 31
2 1118.58 295.101 31
2 1120.03 296.552 31
2 1121.47 297.995 31
2 1122.91 299.438 31
2 1124.36 300.889 31
2 1125.81 302.332 31
2 1127.26 303.785 31
2 1128.71 305.236 31
2 1130.15 306.678 31
2 1131.6 308.121 31
2 1133.04 309.565 31
2 1134.5 311.025 31
2 1135.94 312.468 31
2 1137.39 313.911 31
2 1138.84 315.362 31
2 1140.27 316.799 31
2 1141.72 318.243 31
2 1143.17 319.694 31
2 1144.61 321.137 31
2 1146.06 322.584 31
2 1147.51 324.034 31
2 1148.95 325.477 31
2 1150.39 326.92 31
2 1151.84 328.37 31
2 1153.3 329.822 31
2 1154.74 331.265 31
2 1156.19 332.716 31
2 1157.63 334.159 31
2 1159.07 335.597 31
2 1160.52 337.047 31
2 1161.96 338.49 31
2 1163.41 339.932 31
2 1164.87 341.393 31
2 1166.31 342.836 31
2 1167.75 344.279 31
2 1169.2 345.73 31
2 1170.65 347.173 31
2 1172.1 348.627 31
2 1173.55 350.077 31
2 1174.99 351.52 31
2 1176.44 352.964 31
2 1177.89 354.415 31
2 1179.33 355.857 31
2 1180.77 357.295 31
2 1182.21 358.738 31
2 1183.66 360.188 31
2 1185.11 361.631 31
2 1186.55 363.078 31
2 1188 364.529 31
2 1189.45 365.971 31
2 1190.9 367.424 31
2 1192.35 368.875 31
2 1193.79 370.317 31
2 1195.23 371.76 31
2 1196.69 373.211 31
2 1198.13 374.654 31
2 1199.56 376.09 31
2 1201.02 377.541 31
2 1202.46 378.983 31
2 1203.9 380.426 31
2 1205.36 381.887 31
2 1206.8 383.329 31
2 1208.25 384.771 31
2 1209.7 386.227 31
2 1211.14 387.67 31
2 1212.59 389.111 31
2 1214.04 390.562 31
2 1215.48 392.003 31
2 1216.91 393.44 31
2 1218.36 394.882 31
2 1219.81 396.332 31
2 1221.25 397.774 31
2 1222.69 399.216 31
2 1224.14 400.666 31
2 1225.58 402.108 31
2 1227.02 403.544 31
2 1228.49 405.012 31
2 1229.93 406.454 31
2 1231.37 407.891 31
3 1232.82 1.19e-07 31
3 1234.26 1.4424 31
3 1235.7 2.88501 31
3 1237.15 4.3358 31
3 1238.59 5.77857 31
3 1240.04 7.22103 31
3 1241.49 8.67239 31
3 1242.93 10.1142 31
3 1244.37 11.5508 31
3 1245.81 12.9939 31
3 1247.26 14.4443 31
3 1248.7 15.887 31
3 1250.16 17.34 31
3 1251.61 18.7907 31
3 1253.05 20.2336 31
3 1254.49 21.6761 31
3 1255.94 23.1263 31
3 1257.4 24.5793 31
3 1258.84 26.0225 31
3 1260.29 27.4731 31
3 1261.73 28.9158 31
3 1263.17 30.3587 31
3 1264.64 31.8248 31
3 1266.08 33.2679 31
3 1267.53 34.7109 31
3 1268.99 36.1724 31
3 1270.43 37.6156 31
3 1271.87 39.0585 31
3 1273.33 40.5094 31
3 1274.77 41.9526 31
3 1276.21 43.3898 31
3 1277.66 44.8407 31
3 1279.1 46.2835 31
3 1280.54 47.7265 31
3 1281.99 49.1775 31
3 1283.45 50.6305 31
3 1284.89 52.0736 31
3 1286.34 53.5247 31
3 1287.79 54.9775 31
3 1289.24 56.42 31
3 1290.69 57.8703 31
3 1292.13 59.3136 31
3 1293.57 60.7571 31
3 1295.02 62.2002 31
3 1296.47 63.6512 31
3 1297.9 65.0884 31
3 1299.35 66.5311 31
3 1300.8 67.9806 31
3 1302.25 69.4336 31
3 1303.69 70.8763 31
3 1305.14 72.3279 31
3 1306.59 73.7757 31
3 1308.03 75.2183 31
3 1309.49 76.6688 31
3 1310.93 78.1113 31
3 1312.37 79.5536 31
3 1313.82 81.0032 31
3 1315.26 82.4463 31
3 1316.7 83.8832 31
3 1318.15 85.3338 31
3 1319.59 86.7765 31
3 1321.05 88.2294 31
3 1322.5 89.6803 31
3 1323.94 91.1226 31
3 1325.39 92.5702 31
3 1326.84 94.0218 31
3 1328.28 95.4646 31
3 1329.72 96.9071 31
3 1331.17 98.3586 31
3 1332.62 99.8017 31
3 1334.06 101.244 31
3 1335.5 102.681 31
3 1336.95 104.132 31
3 1338.39 105.575 31
3 1339.84 107.023 31
3 1341.29 108.474 31
3 1342.73 109.917 31
3 1344.18 111.359 31
3 1345.63 112.809 31
3 1347.08 114.262 31
3 1348.52 115.704 31
3 1349.97 117.155 31
3 1351.41 118.597 31
3 1352.85 120.033 31
3 1354.3 121.484 31
3 1355.74 122.928 31
3 1357.19 124.37 31
3 1358.65 125.831 31
3 1360.09 127.274 31
3 1361.53 128.717 31
3 1362.98 130.168 31
3 1364.43 131.61 31
3 1365.88 133.063 31
3 1367.33 134.514 31
3 1368.77 135.955 31
3 1370.22 137.399 31
3 1371.65 138.836 31
3 1373.11 140.292 31
3 1374.55 141.729 31
3 1375.99 143.172 31
3 1377.46 144.639 31
3 1378.89 146.076 31
3 1380.34 147.519 31
3 1381.79 148.97 31
3 1383.23 150.412 31
3 1384.68 151.865 31
3 1386.13 153.315 31
3 1387.57 154.758 31
3 1389.02 156.201 31
3 1390.47 157.651 31
3 1391.91 159.094 31
3 1393.35 160.531 31
3 1394.8 161.982 31
3 1396.26 163.447 31
3 1397.71 164.89 31
3 1399.16 166.34 31
3 1400.59 167.777 31
3 1402.04 169.219 31
3 1403.5 170.687 31
3 1404.94 172.125 31
3 1406.38 173.568 31
3 1407.84 175.02 31
3 1409.28 176.463 31
3 1410.72 177.907 31
3 1412.17 179.358 31
3 1413.62 180.802 31
3 1415.06 182.245 31
3 1416.5 183.687 31
3 1417.97 185.153 31
3 1419.41 186.596 31
3 1420.86 188.046 31
3 1422.32 189.499 31
3 1423.76 190.942 31
3 1425.21 192.393 31
3 1426.65 193.836 31
3 1428.1 195.279 31
3 1429.53 196.715 31
3 1430.98 198.166 31
3 1432.44 199.626 31
3 1433.88 201.062 31
3 1435.33 202.513 31
3 1436.78 203.96 31
3 1438.22 205.402 31
3 1439.67 206.853 31
3 1441.11 208.296 31
3 1442.55 209.738 31
3 1444.01 211.189 31
3 1445.45 212.632 31
3 1446.89 214.069 31
3 1448.36 215.541 31
3 1449.8 216.984 31
3 1451.24 218.421 31
3 1452.69 219.878 31
3 1454.13 221.315 31
3 1455.58 222.762 31
3 1457.03 224.212 31
3 1458.47 225.655 31
3 1459.91 227.098 31
3 1461.36 228.548 31
3 1462.81 229.99 31
3 1464.25 231.433 31
3 1465.69 232.869 31
3 1467.16 234.341 31
3 1468.6 235.784 31
3 1470.04 237.222 31
3 1471.5 238.679 31
3 1472.93 240.116 31
3 1474.38 241.559 31
3 1475.83 243.009 31
3 1477.27 244.451 31
3 1478.71 245.894 31
3 1480.16 247.345 31
3 1481.6 248.788 31
3 1483.04 250.225 31
3 1484.49 251.676 31
3 1485.96 253.139 31
3 1487.4 254.583 31
3 1488.85 256.033 31
3 1490.29 257.47 31
3 1491.73 258.914 31
3 1493.2 260.381 31
3 1494.63 261.817 31
3 1496.08 263.26 31
3 1497.53 264.711 31
3 1498.97 266.153 31
3 1500.41 267.595 31
3 1501.86 269.046 31
3 1503.31 270.489 31
3 1504.75 271.932 31
3 1506.18 273.368 31
3 1507.65 274.837 31
3 1509.09 276.273 31
3 1510.53 277.716 31
3 1511.98 279.167 31
3 1513.43 280.611 31
3 1514.87 282.053 31
3 1516.32 283.504 31
3 1517.76 284.947 31
3 1519.22 286.406 31
3 1520.67 287.857 31
3 1522.12 289.3 31
3 1523.56 290.743 31
3 1525.01 292.195 31
3 1526.46 293.648 31
3 1527.91 295.091 31
3 1529.36 296.542 31
3 1530.8 297.985 31
3 1532.24 299.422 31
3 1533.69 300.873 31
3 1535.13 302.316 31
3 1536.58 303.759 31
3 1538.03 305.21 31
3 1539.47 306.653 31
3 1540.93 308.112 31
3 1542.38 309.564 31
3 1543.82 311.007 31
3 1545.28 312.46 31
3 1546.73 313.912 31
3 1548.17 315.355 31
3 1549.61 316.797 31
3 1551.06 318.248 31
3 1552.51 319.69 31
3 1553.95 321.133 31
3 1555.39 322.57 31
3 1556.86 324.042 31
3 1558.3 325.485 31
3 1559.74 326.921 31
3 1561.19 328.373 31
3 1562.63 329.815 31
3 1564.07 331.258 31
3 1565.52 332.709 31
3 1566.97 334.151 31
3 1568.41 335.593 31
3 1569.86 337.045 31
3 1571.3 338.488 31
3 1572.74 339.926 31
3 1574.19 341.377 31
3 1575.64 342.821 31
3 1577.08 344.264 31
3 1578.54 345.725 31
3 1579.99 347.169 31
3 1581.43 348.612 31
3 1582.88 350.068 31
3 1584.33 351.511 31
3 1585.77 352.954 31
3 1587.22 354.405 31
3 1588.66 355.848 31
3 1590.11 357.291 31
3 1591.54 358.727 31
3 1592.99 360.177 31
3 1594.45 361.631 31
3 1595.89 363.074 31
3 1597.34 364.524 31
3 1598.78 365.966 31
3 1600.23 367.409 31
3 1601.68 368.865 31
3 1603.12 370.308 31
3 1604.57 371.751 31
3 1606.02 373.202 31
3 1607.46 374.644 31
3 1608.9 376.081 31
3 1610.35 377.532 31
3 1611.79 378.975 31
3 1613.23 380.417 31
3 1614.68 381.867 31
3 1616.14 383.321 31
3 1617.58 384.764 31
3 1619.03 386.215 31
3 1620.48 387.668 31
3 1621.93 389.11 31
3 1623.38 390.561 31
3 1624.82 392.005 31
3 1626.26 393.448 31
3 1627.7 394.885 31
3 1629.15 396.336 31
3 1630.6 397.779 31
3 1632.04 399.222 31
3 1633.49 400.674 31
3 1634.94 402.127 31
3 1636.39 403.571 31
3 1637.84 405.022 31
3 1639.29 406.471 31
3 1640.73 407.915 31
3 1642.18 409.365 31
4 1643.62 1.09e-07 31
4 1645.07 1.44299 31
4 1646.52 2.89469 31
4 1647.96 4.33284 31
4 1649.4 5.77664 31
4 1650.85 7.22818 31
4 1652.3 8.67173 31
4 1653.74 10.1151 31
4 1655.19 11.5661 31
4 1656.63 13.009 31
4 1658.08 14.4526 31
4 1659.51 15.8894 31
4 1660.99 17.3616 31
4 1662.43 18.8049 31
4 1663.88 20.2567 31
4 1665.32 21.7 31
4 1666.77 23.1432 31
4 1668.22 24.5917 31
4 1669.67 26.0426 31
4 1671.1 27.4801 31
4 1672.55 28.923 31
4 1674 30.3742 31
4 1675.44 31.8179 31
4 1676.89 33.2613 31
4 1678.34 34.7124 31
4 1679.79 36.1658 31
4 1681.23 37.609 31
4 1682.68 39.0602 31
4 1684.13 40.503 31
4 1685.57 41.9465 31
4 1687.02 43.3972 31
4 1688.46 44.8346 31
4 1689.9 46.2781 31
4 1691.37 47.7505 31
4 1692.82 49.1935 31
4 1694.25 50.6307 31
4 1695.71 52.0877 31
4 1697.15 53.5251 31
4 1698.6 54.9735 31
4 1700.05 56.4247 31
4 1701.49 57.8679 31
4 1702.93 59.311 31
4 1704.39 60.7624 31
4 1705.83 62.2059 31
4 1707.27 63.6492 31
4 1708.72 65.1005 31
4 1710.18 66.559 31
4 1711.63 68.0021 31
4 1713.08 69.4534 31
4 1714.52 70.8967 31
4 1715.96 72.3398 31
4 1717.43 73.8016 31
4 1718.87 75.2456 31
4 1720.31 76.6887 31
4 1721.76 78.1322 31
4 1723.21 79.5828 31
4 1724.64 81.0202 31
4 1726.09 82.4636 31
4 1727.54 83.915 31
4 1728.99 85.3686 31
4 1730.44 86.8119 31
4 1731.89 88.2623 31
4 1733.33 89.7057 31
4 1734.77 91.1494 31
4 1736.23 92.6058 31
4 1737.67 94.0488 31
4 1739.12 95.492 31
4 1740.57 96.9426 31
4 1742.01 98.3855 31
4 1743.45 99.8288 31
4 1744.9 101.28 31
4 1746.34 102.717 31
4 1747.81 104.182 31
4 1749.26 105.633 31
4 1750.7 107.076 31
4 1752.14 108.519 31
4 1753.59 109.97 31
4 1755.03 111.407 31
4 1756.47 112.85 31
4 1757.93 114.301 31
4 1759.37 115.745 31
4 1760.81 117.188 31
4 1762.26 118.639 31
4 1763.71 120.082 31
4 1765.17 121.543 31
4 1766.62 122.992 31
4 1768.06 124.435 31
4 1769.51 125.889 31
4 1770.96 127.34 31
4 1772.41 128.783 31
4 1773.85 130.227 31
4 1775.3 131.678 31
4 1776.75 133.122 31
4 1778.19 134.565 31
4 1779.63 136.009 31
4 1781.1 137.476 31
4 1782.54 138.92 31
4 1783.99 140.37 31
4 1785.45 141.823 31
4 1786.89 143.266 31
4 1788.34 144.718 31
4 1789.79 146.161 31
4 1791.23 147.604 31
4 1792.67 149.048 31
4 1794.12 150.499 31
4 1795.56 151.936 31
4 1797 153.38 31
4 1798.46 154.831 31
4 1799.9 156.275 31
4 1801.34 157.718 31
4 1802.8 159.174 31
4 1804.24 160.617 31
4 1805.68 162.06 31
4 1807.14 163.512 31
4 1808.58 164.954 31
4 1810.02 166.398 31
4 1811.47 167.849 31
4 1812.91 169.286 31
4 1814.37 170.751 31
4 1815.83 172.203 31
4 1817.27 173.646 31
4 1818.71 175.089 31
4 1820.16 176.54 31
4 1821.62 177.994 31
4 1823.06 179.438 31
4 1824.51 180.889 31
4 1825.95 182.326 31
4 1827.39 183.77 31
4 1828.84 185.221 31
4 1830.29 186.664 31
4 1831.73 188.107 31
4 1833.19 189.569 31
4 1834.64 191.011 31
4 1836.08 192.454 31
4 1837.53 193.906 31
4 1838.97 195.349 31
4 1840.43 196.803 31
4 1841.88 198.254 31
4 1843.32 199.698 31
4 1844.77 201.142 31
4 1846.22 202.593 31
4 1847.66 204.036 31
4 1849.1 205.479 31
4 1850.54 206.917 31
4 1852.01 208.39 31
4 1853.46 209.833 31
4 1854.9 211.276 31
4 1856.35 212.728 31
4 1857.79 214.166 31
4 1859.24 215.614 31
4 1860.7 217.071 31
4 1862.13 218.509 31
4 1863.58 219.952 31
4 1865.03 221.403 31
4 1866.47 222.846 31
4 1867.91 224.289 31
4 1869.36 225.739 31
4 1870.82 227.198 31
4 1872.26 228.641 31
4 1873.72 230.093 31
4 1875.16 231.536 31
4 1876.6 232.979 31
4 1878.06 234.441 31
4 1879.51 235.885 31
4 1880.95 237.328 31
4 1882.4 238.779 31
4 1883.85 240.223 31
4 1885.28 241.66 31
4 1886.74 243.118 31
4 1888.18 244.555 31
4 1889.64 246.014 31
4 1891.09 247.466 31
4 1892.53 248.903 31
4 1893.97 250.347 31
4 1895.42 251.799 31
4 1896.87 253.248 31
4 1898.32 254.691 31
4 1899.77 256.142 31
4 1901.21 257.585 31
4 1902.65 259.029 31
4 1904.1 260.481 31
4 1905.55 261.924 31
4 1906.99 263.368 31
4 1908.43 264.805 31
4 1909.88 266.257 31
4 1911.35 267.721 31
4 1912.8 269.173 31
4 1914.24 270.617 31
4 1915.69 272.07 31
4 1917.15 273.522 31
4 1918.59 274.965 31
4 1920.03 276.409 31
4 1921.47 277.847 31
4 1922.92 279.298 31
4 1924.37 280.742 31
4 1925.81 282.185 31
4 1927.26 283.636 31
4 1928.7 285.079 31
4 1930.16 286.532 31
4 1931.61 287.984 31
4 1933.05 289.427 31
4 1934.49 290.871 31
4 1935.95 292.323 31
4 1937.4 293.776 31
4 1938.84 295.219 31
4 1940.29 296.67 31
4 1941.74 298.113 31
4 1943.18 299.557 31
4 1944.63 301.009 31
4 1946.08 302.452 31
4 1947.51 303.89 31
4 1948.99 305.362 31
4 1950.43 306.805 31
4 1951.87 308.248 31
4 1953.32 309.699 31
4 1954.76 311.137 31
4 1956.22 312.597 31
4 1957.67 314.048 31
4 1959.11 315.485 31
4 1960.55 316.929 31
4 1962 318.38 31
4 1963.45 319.823 31
4 1964.89 321.267 31
4 1966.34 322.718 31
4 1967.79 324.162 31
4 1969.23 325.605 31
4 1970.69 327.066 31
4 1972.13 328.51 31
4 1973.58 329.953 31
4 1975.01 331.39 31
4 1976.47 332.847 31
4 1977.91 334.284 31
4 1979.35 335.727 31
4 1980.8 337.179 31
4 1982.26 338.633 31
4 1983.7 340.077 31
4 1985.15 341.529 31
4 1986.6 342.972 31
4 1988.04 344.416 31
4 1989.5 345.872 31
4 1990.94 347.316 31
4 1992.38 348.759 31
4 1993.83 350.211 31
4 1995.28 351.654 31
4 1996.72 353.098 31
4 1998.17 354.549 31
4 1999.62 355.993 31
4 2001.08 357.451 31
4 2002.53 358.903 31
4 2003.97 360.346 31
4 2005.41 361.789 31
4 2006.86 363.241 31
4 2008.32 364.694 31
4 2009.76 366.138 31
4 2011.21 367.589 31
4 2012.65 369.027 31
4 2014.09 370.471 31
4 2015.55 371.922 31
4 2016.99 373.366 31
4 2018.43 374.81 31
4 2019.9 376.271 31
4 2021.34 377.715 31
4 2022.78 379.159 31
4 2024.23 380.61 31
4 2025.68 382.054 31
4 2027.13 383.508 31
4 2028.58 384.96 31
4 2030.03 386.403 31
4 2031.47 387.847 31
4 2032.92 389.298 31
4 2034.37 390.742 31
4 2035.81 392.186 31
4 2037.25 393.623 31
4 2038.7 395.074 31
4 2040.14 396.518 31
4 2041.59 397.966 31
4 2043.04 399.418 31
4 2044.48 400.861 31
4 2045.94 402.314 31
4 2047.39 403.765 31
4 2048.83 405.208 31
4 2050.28 406.652 31
4 2051.73 408.103 31
4 2053.17 409.548 31
4 2054.61 410.991 31
5 2056.07 1.36e-07 31
5 2057.51 1.44342 31
5 2058.95 2.88177 31
5 2060.4 4.33378 31
5 2061.84 5.77734 31
5 2063.29 7.22132 31
5 2064.74 8.67342 31
5 2066.18 10.1164 31
5 2067.64 11.57 31
5 2069.09 13.0211 31
5 2070.53 14.4647 31
5 2071.97 15.9086 31
5 2073.43 17.3606 31
5 2074.88 18.8132 31
5 2076.32 20.2563 31
5 2077.77 21.708 31
5 2079.23 23.1628 31
5 2080.67 24.6061 31
5 2082.12 26.0583 31
5 2083.57 27.5024 31
5 2085.01 28.9457 31
5 2086.47 30.4074 31
5 2087.92 31.851 31
5 2089.36 33.2954 31
5 2090.81 34.747 31
5 2092.26 36.1909 31
5 2093.7 37.6345 31
5 2095.14 39.0722 31
5 2096.6 40.5307 31
5 2098.03 41.968 31
5 2099.48 43.4116 31
5 2100.95 44.8788 31
5 2102.38 46.3167 31
5 2103.83 47.7606 31
5 2105.28 49.2117 31
5 2106.72 50.6561 31
5 2108.17 52.1 31
5 2109.62 53.5519 31
5 2111.06 54.9958 31
5 2112.52 56.4545 31
5 2113.97 57.906 31
5 2115.42 59.3498 31
5 2116.86 60.7931 31
5 2118.31 62.2449 31
5 2119.77 63.6994 31
5 2121.21 65.1431 31
5 2122.66 66.5948 31
5 2124.1 68.0383 31
5 2125.55 69.4816 31
5 2127 70.9338 31
5 2128.44 72.3774 31
5 2129.89 73.8219 31
5 2131.35 75.2883 31
5 2132.8 76.7321 31
5 2134.24 78.1758 31
5 2135.69 79.6271 31
5 2137.14 81.0688 31
5 2138.59 82.5224 31
5 2140.04 83.9745 31
5 2141.48 85.418 31
5 2142.93 86.8622 31
5 2144.38 88.3136 31
5 2145.82 89.7515 31
5 2147.26 91.1954 31
5 2148.71 92.647 31
5 2150.17 94.0998 31
5 2151.61 95.5426 31
5 2153.06 96.994 31
5 2154.5 98.4378 31
5 2155.95 99.8817 31
5 2157.4 101.338 31
5 2158.85 102.782 31
5 2160.29 104.226 31
5 2161.74 105.678 31
5 2163.19 107.121 31
5 2164.63 108.565 31
5 2166.08 110.009 31
5 2167.53 111.461 31
5 2168.99 112.92 31
5 2170.44 114.371 31
5 2171.88 115.815 31
5 2173.33 117.259 31
5 2174.77 118.703 31
5 2176.23 120.165 31
5 2177.68 121.609 31
5 2179.13 123.061 31
5 2180.57 124.505 31
5 2182.01 125.949 31
5 2183.45 127.386 31
5 2184.9 128.838 31
5 2186.35 130.281 31
5 2187.79 131.725 31
5 2189.24 133.177 31
5 2190.69 134.621 31
5 2192.13 136.065 31
5 2193.58 137.516 31
5 2195.04 138.97 31
5 2196.48 140.414 31
5 2197.93 141.866 31
5 2199.38 143.31 31
5 2200.82 144.753 31
5 2202.27 146.205 31
5 2203.71 147.649 31
5 2205.16 149.092 31
5 2206.61 150.543 31
5 2208.05 151.981 31
5 2209.51 153.447 31
5 2210.96 154.898 31
5 2212.41 156.342 31
5 2213.86 157.796 31
5 2215.31 159.248 31
5 2216.76 160.691 31
5 2218.2 162.135 31
5 2219.65 163.586 31
5 2221.09 165.024 31
5 2222.53 166.468 31
5 2223.99 167.92 31
5 2225.43 169.363 31
5 2226.87 170.807 31
5 2228.33 172.269 31
5 2229.78 173.712 31
5 2231.22 175.154 31
5 2232.68 176.611 31
5 2234.12 178.054 31
5 2235.56 179.498 31
5 2237.02 180.949 31
5 2238.46 182.393 31
5 2239.9 183.836 31
5 2241.35 185.279 31
5 2242.8 186.731 31
5 2244.23 188.168 31
5 2245.68 189.612 31
5 2247.15 191.084 31
5 2248.59 192.527 31
5 2250.03 193.964 31
5 2251.49 195.421 31
5 2252.93 196.859 31
5 2254.37 198.308 31
5 2255.83 199.759 31
5 2257.27 201.203 31
5 2258.71 202.646 31
5 2260.16 204.097 31
5 2261.61 205.54 31
5 2263.05 206.984 31
5 2264.5 208.435 31
5 2265.94 209.877 31
5 2267.39 211.32 31
5 2268.85 212.781 31
5 2270.29 214.224 31
5 2271.73 215.667 31
5 2273.18 217.119 31
5 2274.62 218.557 31
5 2276.07 220 31
5 2277.52 221.451 31
5 2278.96 222.895 31
5 2280.41 224.348 31
5 2281.87 225.8 31
5 2283.31 227.243 31
5 2284.75 228.686 31
5 2286.2 230.138 31
5 2287.65 231.586 31
5 2289.1 233.029 31
5 2290.55 234.48 31
5 2291.99 235.925 31
5 2293.43 237.367 31
5 2294.88 238.811 31
5 2296.33 240.263 31
5 2297.77 241.7 31
5 2299.23 243.168 31
5 2300.68 244.612 31
5 2302.12 246.056 31
5 2303.56 247.494 31
5 2305.02 248.952 31
5 2306.47 250.405 31
5 2307.92 251.849 31
5 2309.37 253.3 31
5 2310.8 254.738 31
5 2312.25 256.182 31
5 2313.7 257.633 31
5 2315.14 259.077 31
5 2316.59 260.52 31
5 2318.05 261.982 31
5 2319.49 263.425 31
5 2320.93 264.868 31
5 2322.39 266.319 31
5 2323.83 267.763 31
5 2325.28 269.217 31
5 2326.74 270.669 31
5 2328.18 272.113 31
5 2329.62 273.557 31
5 2331.07 275.009 31
5 2332.52 276.452 31
5 2333.96 277.895 31
5 2335.41 279.346 31
5 2336.86 280.789 31
5 2338.29 282.226 31
5 2339.77 283.699 31
5 2341.21 285.143 31
5 2342.65 286.586 31
5 2344.11 288.049 31
5 2345.56 289.492 31
5 2347 290.935 31
5 2348.45 292.387 31
5 2349.9 293.831 31
5 2351.34 295.274 31
5 2352.79 296.725 31
5 2354.23 298.163 31
5 2355.69 299.628 31
5 2357.15 301.08 31
5 2358.59 302.523 31
5 2360.03 303.967 31
5 2361.48 305.419 31
5 2362.94 306.872 31
5 2364.38 308.316 31
5 2365.83 309.768 31
5 2367.28 311.212 31
5 2368.72 312.649 31
5 2370.17 314.107 31
5 2371.61 315.544 31
5 2373.05 316.988 31
5 2374.51 318.439 31
5 2375.95 319.882 31
5 2377.4 321.337 31
5 2378.85 322.788 31
5 2380.3 324.232 31
5 2381.74 325.676 31
5 2383.19 327.128 31
5 2384.64 328.576 31
5 2386.09 330.02 31
5 2387.54 331.471 31
5 2388.98 332.915 31
5 2390.42 334.358 31
5 2391.87 335.802 31
5 2393.32 337.253 31
5 2394.76 338.69 31
5 2396.21 340.139 31
5 2397.66 341.597 31
5 2399.1 343.034 31
5 2400.54 344.478 31
5 2402 345.93 31
5 2403.44 347.379 31
5 2404.89 348.822 31
5 2406.34 350.274 31
5 2407.78 351.717 31
5 2409.23 353.16 31
5 2410.68 354.612 31
5 2412.12 356.056 31
5 2413.57 357.499 31
5 2415.02 358.95 31
5 2416.46 360.394 31
5 2417.92 361.852 31
5 2419.37 363.304 31
5 2420.81 364.748 31
5 2422.27 366.202 31
5 2423.72 367.653 31
5 2425.16 369.097 31
5 2426.61 370.54 31
5 2428.06 371.993 31
5 2429.5 373.436 31
5 2430.95 374.88 31
5 2432.4 376.332 31
5 2433.84 377.77 31
5 2435.28 379.213 31
5 2436.75 380.686 31
5 2438.2 382.129 31
5 2439.63 383.566 31
5 2441.09 385.023 31
5 2442.53 386.461 31
5 2443.99 387.921 31
5 2445.44 389.372 31
5 2446.88 390.817 31
5 2448.32 392.255 31
5 2449.77 393.707 31
5 2451.22 395.15 31
5 2452.66 396.594 31
5 2454.11 398.046 31
5 2455.57 399.499 31
5 2457.01 400.943 31
5 2458.46 402.394 31
5 2459.9 403.837 31
5 2461.35 405.28 31
5 2462.8 406.737 31
5 2464.25 408.181 31
5 2465.69 409.625 31
5 2467.14 411.077 31
5 2468.59 412.521 31
6 2470.03 8.8e-08 31
6 2471.48 1.45209 31
6 2472.93 2.89558 31
6 2474.37 4.3396 31
6 2475.81 5.77736 31
6 2477.28 7.2506 31
6 2478.73 8.69467 31
6 2480.18 10.1462 31
6 2481.63 11.6009 31
6 2483.08 13.0447 31
6 2484.53 14.4972 31
6 2485.97 15.9408 31
6 2487.42 17.3853 31
6 2488.88 18.8473 31
6 2490.32 20.2911 31
6 2491.77 21.7355 31
6 2493.22 23.1926 31
6 2494.67 24.6358 31
6 2496.11 26.0801 31
6 2497.56 27.5315 31
6 2499.01 28.9753 31
6 2500.45 30.4183 31
6 2501.89 31.8626 31
6 2503.34 33.3137 31
6 2504.78 34.7507 31
6 2506.23 36.1943 31
6 2507.7 37.667 31
6 2509.14 39.1103 31
6 2510.58 40.5536 31
6 2512.04 42.005 31
6 2513.47 43.4423 31
6 2514.92 44.886 31
6 2516.37 46.3372 31
6 2517.81 47.7817 31
6 2519.26 49.2294 31
6 2520.71 50.6818 31
6 2522.16 52.1251 31
6 2523.6 53.5691 31
6 2525.05 55.0205 31
6 2526.51 56.4747 31
6 2527.95 57.9182 31
6 2529.4 59.3691 31
6 2530.84 60.8121 31
6 2532.29 62.2564 31
6 2533.74 63.7079 31
6 2535.18 65.1518 31
6 2536.63 66.5961 31
6 2538.09 68.0627 31
6 2539.54 69.5058 31
6 2540.98 70.9495 31
6 2542.43 72.4009 31
6 2543.88 73.845 31
6 2545.33 75.2994 31
6 2546.78 76.7512 31
6 2548.23 78.1949 31
6 2549.67 79.639 31
6 2551.12 81.0909 31
6 2552.57 82.5349 31
6 2554.01 83.9788 31
6 2555.46 85.43 31
6 2556.91 86.8746 31
6 2558.34 88.3125 31
6 2559.8 89.7641 31
6 2561.24 91.2078 31
6 2562.68 92.6524 31
6 2564.15 94.1198 31
6 2565.59 95.5578 31
6 2567.03 97.0021 31
6 2568.49 98.4541 31
6 2569.93 99.8978 31
6 2571.37 101.342 31
6 2572.82 102.794 31
6 2574.27 104.237 31
6 2575.71 105.681 31
6 2577.16 107.133 31
6 2578.62 108.588 31
6 2580.06 110.032 31
6 2581.51 111.483 31
6 2582.96 112.927 31
6 2584.4 114.371 31
6 2585.86 115.832 31
6 2587.31 117.275 31
6 2588.75 118.719 31
6 2590.2 120.17 31
6 2591.64 121.614 31
6 2593.09 123.057 31
6 2594.53 124.495 31
6 2595.98 125.946 31
6 2597.42 127.389 31
6 2598.86 128.833 31
6 2600.33 130.301 31
6 2601.77 131.738 31
6 2603.21 133.181 31
6 2604.68 134.649 31
6 2606.12 136.086 31
6 2607.56 137.53 31
6 2609.01 138.981 31
6 2610.46 140.426 31
6 2611.9 141.869 31
6 2613.35 143.321 31
6 2614.8 144.765 31
6 2616.24 146.209 31
6 2617.69 147.661 31
6 2619.15 149.114 31
6 2620.59 150.557 31
6 2622.04 152.009 31
6 2623.48 153.452 31
6 2624.93 154.895 31
6 2626.39 156.357 31
6 2627.83 157.801 31
6 2629.28 159.245 31
6 2630.73 160.697 31
6 2632.17 162.141 31
6 2633.62 163.585 31
6 2635.07 165.036 31
6 2636.51 166.48 31
6 2637.97 167.939 31
6 2639.42 169.39 31
6 2640.86 170.834 31
6 2642.31 172.278 31
6 2643.76 173.729 31
6 2645.2 175.173 31
6 2646.64 176.611 31
6 2648.09 178.062 31
6 2649.54 179.505 31
6 2650.98 180.949 31
6 2652.43 182.401 31
6 2653.88 183.844 31
6 2655.34 185.306 31
6 2656.79 186.755 31
6 2658.23 188.198 31
6 2659.68 189.647 31
6 2661.13 191.098 31
6 2662.57 192.543 31
6 2664.02 193.987 31
6 2665.47 195.438 31
6 2666.91 196.882 31
6 2668.36 198.326 31
6 2669.81 199.777 31
6 2671.26 201.231 31
6 2672.71 202.674 31
6 2674.16 204.125 31
6 2675.61 205.58 31
6 2677.05 207.023 31
6 2678.51 208.475 31
6 2679.95 209.918 31
6 2681.39 211.363 31
6 2682.85 212.814 31
6 2684.29 214.258 31
6 2685.73 215.701 31
6 2687.17 217.138 31
6 2688.63 218.597 31
6 2690.07 220.034 31
6 2691.51 221.478 31
6 2692.97 222.944 31
6 2694.41 224.377 31
6 2695.85 225.821 31
6 2697.3 227.273 31
6 2698.75 228.716 31
6 2700.19 230.16 31
6 2701.64 231.612 31
6 2703.09 233.056 31
6 2704.54 234.51 31
6 2705.99 235.962 31
6 2707.44 237.406 31
6 2708.89 238.86 31
6 2710.34 240.312 31
6 2711.79 241.756 31
6 2713.23 243.2 31
6 2714.68 244.652 31
6 2716.13 246.096 31
6 2717.57 247.54 31
6 2719.02 248.991 31
6 2720.47 250.435 31
6 2721.91 251.879 31
6 2723.38 253.346 31
6 2724.82 254.79 31
6 2726.26 256.234 31
6 2727.72 257.69 31
6 2729.17 259.134 31
6 2730.61 260.578 31
6 2732.06 262.03 31
6 2733.5 263.474 31
6 2734.95 264.918 31
6 2736.4 266.369 31
6 2737.84 267.813 31
6 2739.28 269.251 31
6 2740.74 270.71 31
6 2742.2 272.169 31
6 2743.64 273.611 31
6 2745.09 275.062 31
6 2746.55 276.516 31
6 2747.99 277.96 31
6 2749.44 279.412 31
6 2750.89 280.855 31
6 2752.33 282.3 31
6 2753.78 283.752 31
6 2755.22 285.189 31
6 2756.66 286.633 31
6 2758.12 288.084 31
6 2759.56 289.528 31
6 2761.01 290.981 31
6 2762.47 292.439 31
6 2763.91 293.877 31
6 2765.35 295.321 31
6 2766.8 296.772 31
6 2768.25 298.221 31
6 2769.7 299.664 31
6 2771.15 301.116 31
6 2772.59 302.559 31
6 2774.03 304.002 31
6 2775.48 305.453 31
6 2776.93 306.897 31
6 2778.37 308.34 31
6 2779.84 309.806 31
6 2781.28 311.249 31
6 2782.72 312.693 31
6 2784.18 314.144 31
6 2785.62 315.588 31
6 2787.07 317.041 31
6 2788.52 318.492 31
6 2789.97 319.935 31
6 2791.41 321.378 31
6 2792.85 322.823 31
6 2794.3 324.273 31
6 2795.74 325.71 31
6 2797.18 327.153 31
6 2798.66 328.625 31
6 2800.1 330.068 31
6 2801.54 331.505 31
6 2802.99 332.961 31
6 2804.43 334.398 31
6 2805.87 335.841 31
6 2807.32 337.292 31
6 2808.77 338.735 31
6 2810.21 340.178 31
6 2811.66 341.628 31
6 2813.1 343.072 31
6 2814.55 344.515 31
6 2816 345.966 31
6 2817.44 347.408 31
6 2818.88 348.846 31
6 2820.33 350.298 31
6 2821.77 351.74 31
6 2823.21 353.183 31
6 2824.67 354.639 31
6 2826.11 356.083 31
6 2827.56 357.525 31
6 2829.01 358.976 31
6 2830.45 360.419 31
6 2831.89 361.862 31
6 2833.34 363.313 31
6 2834.79 364.756 31
6 2836.23 366.199 31
6 2837.67 367.637 31
6 2839.14 369.109 31
6 2840.58 370.552 31
6 2842.03 371.995 31
6 2843.48 373.446 31
6 2844.91 374.883 31
6 2846.36 376.331 31
6 2847.82 377.788 31
6 2849.26 379.224 31
6 2850.7 380.667 31
6 2852.15 382.117 31
6 2853.59 383.56 31
6 2855.03 385.003 31
6 2856.49 386.454 31
6 2857.93 387.897 31
6 2859.37 389.34 31
6 2860.84 390.806 31
6 2862.28 392.249 31
6 2863.72 393.692 31
6 2865.18 395.153 31
6 2866.63 396.596 31
6 2868.07 398.04 31
6 2869.52 399.491 31
6 2870.97 400.934 31
6 2872.41 402.377 31
6 2873.86 403.828 31
6 2875.3 405.271 31
6 2876.74 406.708 31
6 2878.19 408.16 31
6 2879.66 409.624 31
6 2881.1 411.067 31
6 2882.55 412.518 31
6 2884 413.971 31
7 2885.45 9.8e-08 31
7 2886.9 1.45127 31
7 2888.34 2.89401 31
7 2889.78 4.33111 31
7 2891.23 5.78209 31
7 2892.67 7.22498 31
7 2894.11 8.66777 31
7 2895.56 10.1187 31
7 2897.01 11.5614 31
7 2898.45 13.0046 31
7 2899.9 14.4557 31
7 2901.34 15.8987 31
7 2902.79 17.3419 31
7 2904.22 18.7789 31
7 2905.68 20.2361 31
7 2907.12 21.673 31
7 2908.58 23.1301 31
7 2910.03 24.5831 31
7 2911.47 26.02 31
7 2912.91 27.4633 31
7 2914.36 28.9142 31
7 2915.8 30.3571 31
7 2917.25 31.8049 31
7 2918.7 33.2559 31
7 2920.14 34.6988 31
7 2921.59 36.1418 31
7 2923.04 37.5927 31
7 2924.48 39.0358 31
7 2925.92 40.4791 31
7 2927.37 41.9295 31
7 2928.81 43.3668 31
7 2930.25 44.8099 31
7 2931.73 46.2816 31
7 2933.17 47.7246 31
7 2934.61 49.1679 31
7 2936.07 50.6288 31
7 2937.52 52.0722 31
7 2938.96 53.5149 31
7 2940.41 54.9658 31
7 2941.85 56.4086 31
7 2943.29 57.8457 31
7 2944.74 59.2969 31
7 2946.18 60.7398 31
7 2947.63 62.1831 31
7 2949.08 63.6336 31
7 2950.53 65.0865 31
7 2951.97 66.5297 31
7 2953.43 67.9805 31
7 2954.87 69.4289 31
7 2956.32 70.872 31
7 2957.77 72.323 31
7 2959.21 73.7663 31
7 2960.65 75.2097 31
7 2962.11 76.6606 31
7 2963.55 78.104 31
7 2964.99 79.5471 31
7 2966.43 80.9832 31
7 2967.89 82.4401 31
7 2969.34 83.8987 31
7 2970.79 85.3497 31
7 2972.24 86.7936 31
7 2973.69 88.2468 31
7 2975.14 89.6978 31
7 2976.59 91.1414 31
7 2978.03 92.5841 31
7 2979.47 94.0278 31
7 2980.92 95.4784 31
7 2982.36 96.9153 31
7 2983.8 98.3589 31
7 2985.26 99.8102 31
7 2986.7 101.254 31
7 2988.14 102.697 31
7 2989.59 104.149 31
7 2991.04 105.592 31
7 2992.48 107.036 31
7 2993.93 108.487 31
7 2995.38 109.931 31
7 2996.82 111.374 31
7 2998.27 112.826 31
7 2999.71 114.269 31
7 3001.15 115.706 31
7 3002.61 117.164 31
7 3004.05 118.601 31
7 3005.49 120.045 31
7 3006.96 121.517 31
7 3008.41 122.96 31
7 3009.84 124.397 31
7 3011.3 125.854 31
7 3012.74 127.291 31
7 3014.2 128.751 31
7 3015.65 130.202 31
7 3017.08 131.639 31
7 3018.53 133.082 31
7 3019.98 134.534 31
7 3021.42 135.977 31
7 3022.86 137.42 31
7 3024.32 138.872 31
7 3025.76 140.314 31
7 3027.2 141.758 31
7 3028.66 143.219 31
7 3030.11 144.662 31
7 3031.55 146.106 31
7 3033 147.556 31
7 3034.44 149 31
7 3035.9 150.453 31
7 3037.35 151.904 31
7 3038.79 153.347 31
7 3040.24 154.79 31
7 3041.69 156.241 31
7 3043.13 157.685 31
7 3044.57 159.129 31
7 3046.01 160.566 31
7 3047.48 162.039 31
7 3048.93 163.482 31
7 3050.38 164.933 31
7 3051.82 166.376 31
7 3053.27 167.82 31
7 3054.73 169.281 31
7 3056.17 170.725 31
7 3057.61 172.168 31
7 3059.06 173.612 31
7 3060.51 175.063 31
7 3061.95 176.5 31
7 3063.39 177.944 31
7 3064.84 179.395 31
7 3066.31 180.86 31
7 3067.76 182.312 31
7 3069.2 183.755 31
7 3070.64 185.198 31
7 3072.08 186.636 31
7 3073.55 188.105 31
7 3074.99 189.548 31
7 3076.44 190.992 31
7 3077.89 192.443 31
7 3079.33 193.881 31
7 3080.77 195.328 31
7 3082.22 196.776 31
7 3083.66 198.22 31
7 3085.11 199.664 31
7 3086.56 201.116 31
7 3088 202.559 31
7 3089.45 204.003 31
7 3090.9 205.455 31
7 3092.35 206.908 31
7 3093.8 208.352 31
8 3095.25 8.6e-08 31
8 3096.69 1.4434 31
8 3098.14 2.887 31
8 3099.59 4.33799 31
8 3101.03 5.78143 31
8 3102.47 7.22536 31
8 3103.92 8.67563 31
8 3105.36 10.1131 31
8 3106.81 11.5564 31
8 3108.26 13.0074 31
8 3109.7 14.4513 31
8 3111.15 15.9047 31
8 3112.61 17.3625 31
8 3114.05 18.7995 31
8 3115.49 20.2428 31
8 3116.94 21.6938 31
8 3118.39 23.1429 31
8 3119.84 24.5861 31
8 3121.29 26.0373 31
8 3122.73 27.4805 31
8 3124.17 28.9238 31
8 3125.63 30.3849 31
8 3127.08 31.8275 31
8 3128.52 33.2714 31
8 3129.98 34.7275 31
8 3131.42 36.1706 31
8 3132.86 37.6141 31
8 3134.31 39.0649 31
8 3135.76 40.5087 31
8 3137.2 41.9519 31
8 3138.64 43.3955 31
8 3140.1 44.8464 31
8 3141.53 46.2841 31
8 3142.98 47.7278 31
8 3144.45 49.2003 31
8 3145.89 50.6436 31
8 3147.34 52.0871 31
8 3148.79 53.5382 31
8 3150.22 54.9752 31
8 3151.68 56.4298 31
8 3153.13 57.8807 31
8 3154.57 59.3176 31
8 3156.01 60.7609 31
8 3157.46 62.2118 31
8 3158.9 63.6556 31
8 3160.35 65.0986 31
8 3161.8 66.5497 31
8 3163.24 67.993 31
8 3164.68 69.4356 31
8 3166.15 70.897 31
8 3167.59 72.3404 31
8 3169.03 73.7838 31
8 3170.48 75.235 31
8 3171.93 76.6784 31
8 3173.37 78.1219 31
8 3174.82 79.5731 31
8 3176.27 81.0166 31
8 3177.72 82.475 31
8 3179.18 83.9259 31
8 3180.62 85.3691 31
8 3182.07 86.8225 31
8 3183.52 88.2739 31
8 3184.97 89.7179 31
8 3186.41 91.1609 31
8 3187.86 92.6122 31
8 3189.3 94.0553 31
8 3190.75 95.4991 31
8 3192.2 96.9495 31
8 3193.64 98.3935 31
8 3195.08 99.8308 31
8 3196.55 101.304 31
8 3198 102.748 31
8 3199.44 104.191 31
8 3200.89 105.643 31
9 3202.34 8.2e-08 30.5
9 3203.79 1.45468 30.5
9 3205.24 2.90682 30.5
9 3206.69 4.35146 30.5
9 3208.13 5.79563 30.5
9 3209.58 7.24821 30.5
9 3211.03 8.69216 30.5
9 3212.47 10.137 30.5
9 3213.92 11.5887 30.5
9 3215.37 13.0332 30.5
9 3216.81 14.4706 30.5
9 3218.26 15.9226 30.5
9 3219.7 17.3672 30.5
9 3221.15 18.8111 30.5
9 3222.62 20.2839 30.5
9 3224.06 21.7277 30.5
9 3225.51 23.1725 30.5
9 3226.96 24.6241 30.5
9 3228.4 26.0682 30.5
9 3229.86 27.5216 30.5
9 3231.31 28.9735 30.5
9 3232.75 30.4169 30.5
9 3234.2 31.8612 30.5
9 3235.65 33.3128 30.5
9 3237.11 34.7718 30.5
9 3238.55 36.2159 30.5
9 3240 37.6676 30.5
9 3241.46 39.1226 30.5
9 3242.9 40.5664 30.5
9 3244.35 42.0183 30.5
9 3245.8 43.4618 30.5
9 3247.24 44.9057 30.5
9 3248.69 46.3575 30.5
9 3250.14 47.8016 30.5
9 3251.58 49.2452 30.5
9 3253.03 50.6972 30.5
9 3254.48 52.1413 30.5
9 3255.93 53.5958 30.5
10 3257.38 7.5e-08 30.5
10 3258.83 1.44413 30.5
10 3260.27 2.88784 30.5
10 3261.72 4.33978 30.5
10 3263.17 5.78388 30.5
10 3264.6 7.22136 30.5
10 3266.06 8.67939 30.5
10 3267.5 10.1166 30.5
10 3268.94 11.5613 30.5
10 3270.4 13.0132 30.5
10 3271.84 14.4579 30.5
10 3273.28 15.9019 30.5
10 3274.76 17.3744 30.5
10 3276.2 18.8183 30.5
10 3277.64 20.2559 30.5
10 3279.1 21.7138 30.5
10 3280.53 23.1518 30.5
10 3281.99 24.6119 30.5
10 3283.45 26.0644 30.5
10 3284.89 27.5092 30.5
10 3286.33 28.9472 31
11 3287.79 8.5e-08 31
11 3289.23 1.43766 31
11 3290.67 2.88154 31
11 3292.12 4.33445 31
11 3293.57 5.77862 31
11 3295.01 7.22325 31
11 3296.48 8.69662 31
11 3297.93 10.1406 31
11 3299.37 11.585 31
11 3300.84 13.0479 31
11 3302.28 14.4926 31
12 3303.73 8.5e-08 31
12 3305.18 1.4512 31
12 3306.62 2.89506 31
12 3308.06 4.33889 31
12 3309.52 5.79086 31
12 3310.96 7.23484 31
12 3312.4 8.67933 31
13 3313.86 7.4e-08 31
13 3315.32 1.459 31
13 3316.76 2.90359 31
13 3318.21 4.35531 31
14 3319.67 7.5e-08 31
14 3321.11 1.44357 31
14 3322.56 2.89595 31
14 3324.01 4.33981 31
15 3325.45 5.7e-08 31
15 3326.9 1.45133 31
15 3328.35 2.89507 31
16 3329.79 6.2e-08 31
16 3331.24 1.45134 31
17 3332.68 5.9e-08 31
17 3334.14 1.4592 31
17 3335.59 2.91087 31.5
18 3337.04 5.8e-08 31
18 3338.48 1.44358 31.5
19 3339.93 7e-08 31.5
19 3341.39 1.45466 31.5
19 3342.83 2.89859 31.5
20 3344.28 6.5e-08 31
20 3345.73 1.444 31
21 3347.17 5.8e-08 31.5
21 3348.62 1.45183 31.5
21 3350.07 2.89589 31.5
22 3351.51 7.5e-08 31.5
22 3352.97 1.46185 31.5
23 3354.41 5.3e-08 31.5
23 3355.86 1.44388 31
24 3357.41 1e-07 31.5
24 3358.85 1.43675 31.5
24 3360.31 2.90442 31
25 3361.76 6.7e-08 31.5
25 3363.2 1.43781 31
26 3364.75 1.55e-07 31.5
26 3366.2 1.44955 31.5
26 3367.65 2.89379 31.5
27 3369.09 8.2e-08 31.5
27 3370.54 1.45214 31.5
27 3371.99 2.8955 31
28 3373.53 1.09e-07 31.5
28 3374.97 1.43463 31
28 3376.41 2.87876 31
29 3379.46 1.48e-07 31.5
29 3380.91 1.44349 31.5
29 3382.35 2.88703 31
30 3387.61 1e-07 31.5
30 3389.05 1.44701 31.5
30 3390.5 2.88982 31
