0 3.18552 8.5e-08 21.5
0 6.08814 2.90262 21.5
0 7.52852 4.343 21.5
0 8.97921 5.79369 21.5
0 10.4239 7.23841 21.5
0 11.8668 8.6813 21.5
0 13.3182 10.1326 21.5
0 14.7571 11.5716 21.5
0 16.2063 13.0207 21.5
0 17.6672 14.4817 22
0 19.1151 15.9296 21.5
0 20.5882 17.4027 21.5
0 22.0361 18.8506 21.5
0 23.4801 20.2946 21.5
0 24.9533 21.7678 22
0 26.4017 23.2162 21.5
0 27.8591 24.6735 21.5
0 29.3182 26.1327 21.5
0 30.7672 27.5817 21.5
0 32.2239 29.0384 22
0 33.677 30.4915 21.5
0 35.1439 31.9584 21.5
0 36.5869 33.4014 21.5
0 38.04 34.8545 21.5
0 39.5069 36.3214 21.5
1 40.9501 8.5e-08 22
1 42.4013 1.45117 21.5
1 43.8492 2.89907 21.5
1 45.3087 4.35862 21.5
1 46.7658 5.81567 21.5
1 48.2137 7.2636 21.5
1 49.658 8.70788 21.5
1 51.1159 10.1658 21.5
1 52.559 11.6089 21.5
1 54.0103 13.0602 21.5
1 55.4586 14.5085 22
1 56.9027 15.9526 21.5
1 58.3605 17.4104 21.5
1 59.8047 18.8546 21.5
1 61.2633 20.3132 21.5
1 62.7197 21.7696 21.5
1 64.1739 23.2238 22
1 65.6265 24.6764 21.5
1 67.0691 26.119 21.5
1 68.5338 27.5837 22
1 69.9846 29.0346 21.5
1 71.4315 30.4814 21.5
1 72.8753 31.9252 21.5
1 74.333 33.3829 21.5
1 75.7768 34.8267 21.5
1 77.228 36.2779 22
2 78.6714 5.2e-08 21.5
2 80.1144 1.44301 22
2 81.5654 2.89408 21.5
2 83.03 4.3586 21.5
2 84.4739 5.80255 21.5
2 85.9259 7.25455 21.5
2 87.3861 8.71473 21.5
2 88.8374 10.166 21.5
2 90.2905 11.6191 21.5
2 91.7336 13.0623 21.5
2 93.1909 14.5195 21.5
2 94.6338 15.9624 21.5
2 96.0767 17.4053 21.5
2 97.5273 18.8559 21.5
2 98.969 20.2976 21.5
2 100.412 21.741 21.5
2 101.863 23.1915 21.5
2 103.306 24.6342 21.5
2 104.777 26.1054 21.5
2 106.221 27.5493 21.5
2 107.665 28.9935 22
2 109.123 30.4514 21.5
2 110.566 31.8942 22
2 112.019 33.3473 21.5
2 113.47 34.7984 21.5
2 114.913 36.2416 21.5
3 116.362 5.3e-08 21.5
3 117.813 1.45108 21.5
3 119.255 2.89298 22
3 120.706 4.34406 21.5
3 122.148 5.78602 21.5
3 123.592 7.22943 21.5
3 125.041 8.67903 22
3 126.484 10.1222 21.5
3 127.927 11.5651 22
3 129.384 13.0219 21.5
3 130.827 14.4648 21.5
3 132.27 15.9082 22
3 133.728 17.3655 21.5
3 135.17 18.8083 21.5
3 136.619 20.2571 22
3 138.07 21.7076 21.5
3 139.511 23.1492 21.5
3 140.962 24.6 21.5
3 142.404 26.0414 21.5
3 143.847 27.4843 21.5
3 145.298 28.9355 21.5
3 146.74 30.3781 21.5
3 148.204 31.8416 21.5
3 149.656 33.2937 21.5
3 151.1 34.7382 22
3 152.55 36.188 21.5
4 154.001 8.2e-08 22
4 155.455 1.45375 21.5
4 156.905 2.90421 21.5
4 158.347 4.34611 21.5
4 159.79 5.78901 22
4 161.247 7.24602 21.5
4 162.689 8.68768 22
4 164.132 10.1307 21.5
4 165.581 11.5804 21.5
4 167.023 13.0222 21.5
4 168.466 14.4651 22
4 169.917 15.9163 21.5
4 171.36 17.3592 22
4 172.808 18.807 21.5
4 174.259 20.2578 22
4 175.701 21.6995 21.5
4 177.157 23.1555 21.5
4 178.6 24.5988 21.5
4 180.044 26.0428 21.5
4 181.502 27.5006 21.5
4 182.945 28.9436 22
4 184.398 30.3969 21.5
4 185.848 31.8474 22
4 187.291 33.2904 21.5
4 188.762 34.7614 21.5
4 190.206 36.2048 21.5
4 191.65 37.6489 21.5
5 193.108 5.2e-08 21.5
5 194.552 1.44412 22
5 196.005 2.89775 21.5
5 197.457 4.34942 21.5
5 198.9 5.79251 21.5
5 200.349 7.24161 21.5
5 201.8 8.69241 21.5
5 203.242 10.1341 21.5
5 204.693 11.5849 21.5
5 206.134 13.0267 21.5
5 207.578 14.47 21.5
5 209.027 15.9194 22
5 210.47 17.3625 22
5 211.913 18.8054 21.5
5 213.37 20.2622 21.5
5 214.824 21.7162 21.5
5 216.267 23.1593 21.5
5 217.724 24.6159 21.5
5 219.167 26.0591 21.5
5 220.619 27.5111 21.5
5 222.068 28.9603 22
5 223.51 30.4022 22
5 224.959 31.8517 21.5
5 226.403 33.295 21.5
5 227.846 34.7381 21.5
5 229.302 36.1938 21.5
5 230.745 37.6371 22
5 232.201 39.0935 21.5
5 233.648 40.5398 22
6 235.09 5.9e-08 22
6 236.532 1.44241 22
6 237.989 2.89907 22
6 239.432 4.34201 22
6 240.883 5.79296 21.5
6 242.325 7.23459 22
6 243.768 8.67776 22
6 245.217 10.1274 22
6 246.661 11.5706 22
6 248.104 13.0137 22
6 249.561 14.4706 22
6 251.012 15.9221 22
6 252.455 17.365 22
6 253.906 18.8164 22
6 255.348 20.258 22
7 256.79 6.3e-08 22
7 258.256 1.46663 22
7 259.699 2.90976 22
7 261.15 4.36071 22
7 262.592 5.80247 22
7 264.035 7.24506 22
7 265.491 8.70116 22
7 266.934 10.144 21.5
8 268.377 6.2e-08 22
8 269.832 1.45526 22
8 271.275 2.89851 22
8 272.719 4.34205 22
8 274.176 5.7993 22
9 275.619 5.8e-08 22
9 277.075 1.45603 22
10 278.515 5.6e-08 22
10 279.959 1.44369 22
10 281.408 2.89303 22
11 282.85 5.9e-08 22.5
12 284.293 6.1e-08 22.5
12 285.749 1.45645 22.5
13 287.192 5e-08 22.5
14 288.635 6.5e-08 22.5
15 290.084 5.8e-08 22.5
16 291.532 6.5e-08 22.5
17 292.975 5e-08 22.5
17 294.432 1.45725 22.5
18 295.886 5.1e-08 22.5
19 297.337 6.2e-08 22.5
20 298.78 6.1e-08 22.5
21 300.223 5.6e-08 22.5
22 301.68 5.8e-08 22.5
22 303.123 1.44264 22.5
23 304.565 6.4e-08 22.5
24 306.016 6.6e-08 22
25 307.46 5.2e-08 22.5
25 308.902 1.44232 22.5
26 310.353 7e-08 22
27 312.596 1.07e-07 22.5
27 314.037 1.44117 22
28 316.777 1.5e-07 22.5
28 318.208 1.43113 22
29 323.167 1.44e-07 22.5
29 324.607 1.4403 22
