0 3.38926 1.6e-07 20.5
0 6.28224 2.89298 20.5
0 7.72593 4.33667 20.5
0 9.1696 5.78035 20.5
1 10.6267 7.8e-08 20.5
1 12.0706 1.44383 20.5
1 13.5207 2.89398 20.5
1 14.9641 4.33733 20.5
2 16.4082 7.5e-08 20.5
2 17.8716 1.46341 20.5
2 19.3166 2.90846 20.5
2 20.7597 4.35151 20.5
2 22.2161 5.8079 20.5
3 23.6601 6.8e-08 20.5
3 25.1042 1.44405 20.5
3 26.5673 2.90719 20.5
3 28.0091 4.34898 20.5
3 29.4635 5.80337 20.5
4 30.9079 1.34e-07 20.5
4 32.3522 1.4443 20.5
4 33.8149 2.90701 20.5
4 35.2566 4.3487 20.5
4 36.7034 5.79551 20.5
5 38.1543 8.1e-08 20.5
5 39.598 1.44371 20.5
5 41.0415 2.8872 20.5
5 42.4987 4.34447 20.5
5 43.9475 5.79319 20.5
5 45.3982 7.24392 20.5
5 46.8475 8.69321 20.5
5 48.2898 10.1355 20.5
6 49.7481 8.5e-08 20.5
6 51.1928 1.44461 20.5
6 52.6419 2.89374 20.5
6 54.0982 4.35003 20.5
6 55.537 5.78883 20.5
6 56.9818 7.23361 20.5
6 58.4401 8.69197 20.5
6 59.884 10.1359 20.5
6 61.336 11.5879 20.5
6 62.78 13.0318 20.5
7 64.2235 8.6e-08 20.5
7 65.6737 1.45023 20.5
7 67.1174 2.89391 20.5
7 68.5702 4.34668 20.5
7 70.0223 5.79885 20.5
7 71.467 7.2435 20.5
7 72.9116 8.68815 20.5
7 74.3632 10.1397 20.5
7 75.8066 11.5831 20.5
7 77.2691 13.0456 20.5
7 78.7128 14.4894 20.5
7 80.1571 15.9337 20.5
7 81.6093 17.3858 20.5
8 83.0531 7.2e-08 20.5
8 84.4966 1.44343 20.5
8 85.9542 2.90104 20.5
8 87.3976 4.34442 20.5
8 88.841 5.78782 20.5
8 90.291 7.23781 20.5
8 91.7334 8.68022 20.5
8 93.1769 10.1237 20.5
8 94.6286 11.5755 20.5
8 96.0718 13.0187 20.5
8 97.52 14.4669 20.5
8 98.9714 15.9182 20.5
8 100.414 17.3604 20.5
8 101.865 18.8116 20.5
8 103.307 20.2536 20.5
8 104.75 21.6973 20.5
8 106.2 23.1473 20.5
9 107.644 1.03e-07 20.5
9 109.088 1.44337 20.5
9 110.544 2.89952 20.5
9 111.987 4.34255 20.5
9 113.429 5.78496 20.5
9 114.88 7.23582 20.5
9 116.323 8.67882 20.5
9 117.767 10.1222 20.5
9 119.218 11.5738 20.5
9 120.66 13.0158 20.5
9 122.123 14.4786 20.5
9 123.567 15.9231 20.5
9 125.012 17.3674 20.5
9 126.463 18.8187 20.5
10 127.907 7.9e-08 20.5
10 129.35 1.44318 20.5
10 130.807 2.90052 20.5
10 132.251 4.34393 20.5
10 133.694 5.78712 20.5
10 135.144 7.23701 20.5
10 136.586 8.67917 20.5
10 138.029 10.1227 20.5
10 139.481 11.5742 20.5
10 140.923 13.0162 20.5
10 142.372 14.4657 20.5
11 143.829 7.4e-08 20.5
11 145.273 1.44402 20.5
11 146.725 2.89609 20.5
11 148.169 4.33994 20.5
11 149.612 5.78376 20.5
11 151.07 7.24128 20.5
11 152.513 8.68432 20.5
11 153.955 10.1268 20.5
11 155.406 11.5769 20.5
11 156.849 13.0204 20.5
12 158.292 7.2e-08 20.5
12 159.744 1.45143 20.5
12 161.187 2.89474 20.5
12 162.635 4.34282 20.5
12 164.085 5.79284 20.5
12 165.533 7.241 20.5
12 166.986 8.69313 20.5
12 168.43 10.1371 20.5
12 169.874 11.5811 20.5
12 171.331 13.0386 20.5
13 172.774 1.01e-07 20.5
13 174.217 1.44292 20.5
13 175.669 2.89468 20.5
13 177.111 4.33697 20.5
13 178.554 5.7802 20.5
13 180.006 7.23163 20.5
13 181.449 8.67489 20.5
13 182.897 10.123 20.5
13 184.348 11.5741 20.5
14 185.79 7.4e-08 20.5
14 187.247 1.45634 20.5
14 188.691 2.90029 20.5
14 190.135 4.34439 20.5
14 191.592 5.80223 20.5
14 193.036 7.2453 20.5
14 194.479 8.68863 20.5
14 195.93 10.1397 20.5
14 197.372 11.5817 20.5
14 198.815 13.0247 20.5
15 200.266 7.3e-08 20.5
15 201.709 1.44293 20.5
15 203.157 2.89054 20.5
15 204.613 4.34655 20.5
15 206.057 5.79031 20.5
15 207.508 7.2418 20.5
15 208.952 8.68571 20.5
15 210.395 10.1284 20.5
15 211.852 11.5855 20.5
16 213.295 8.1e-08 20.5
16 214.737 1.44167 20.5
16 216.187 2.89258 20.5
16 217.629 4.33452 20.5
16 219.072 5.77729 20.5
16 220.523 7.22838 20.5
16 221.965 8.67005 20.5
16 223.407 10.112 20.5
16 224.864 11.5689 20.5
17 226.312 7.9e-08 20.5
17 227.763 1.45175 20.5
17 229.207 2.89557 20.5
17 230.651 4.3392 20.5
17 232.108 5.79632 20.5
17 233.551 7.23917 20.5
17 234.994 8.68229 20.5
17 236.445 10.1332 20.5
17 237.887 11.5753 20.5
17 239.33 13.0182 20.5
18 240.781 6.7e-08 20.5
18 242.224 1.44277 20.5
18 243.672 2.89051 20.5
18 245.123 4.34137 20.5
18 246.564 5.78305 20.5
18 248.02 7.23911 20.5
18 249.464 8.68324 20.5
18 250.908 10.1272 20.5
18 252.366 11.5844 20.5
19 253.808 6.1e-08 20.5
19 255.252 1.44308 20.5
19 256.702 2.8939 20.5
19 258.144 4.33592 20.5
19 259.587 5.77881 20.5
19 261.038 7.22993 20.5
19 262.481 8.67277 20.5
19 263.929 10.1205 20.5
19 265.38 11.5713 20.5
20 266.821 7.3e-08 20.5
20 268.272 1.45085 20.5
20 269.714 2.89253 20.5
20 271.157 4.33571 20.5
20 272.607 5.78523 20.5
20 274.05 7.22836 20.5
20 275.493 8.67135 20.5
20 276.948 10.1271 20.5
20 278.391 11.5701 20.5
21 279.834 6.8e-08 20.5
21 281.284 1.44948 20.5
21 282.726 2.89132 20.5
21 284.169 4.33409 20.5
21 285.62 5.78512 20.5
21 287.073 7.23874 20.5
21 288.525 8.69033 20.5
21 289.968 10.134 20.5
21 291.412 11.5776 20.5
21 292.863 13.0284 20.5
22 294.306 1.22e-07 20.5
22 295.748 1.4428 20.5
22 297.205 2.89952 20.5
22 298.648 4.3423 20.5
22 300.09 5.78448 20.5
22 301.542 7.23609 20.5
22 302.985 8.67967 20.5
22 304.429 10.1236 20.5
22 305.887 11.581 20.5
23 307.33 8.1e-08 20.5
23 308.786 1.45625 20.5
23 310.23 2.90033 20.5
23 311.674 4.34436 20.5
23 313.132 5.8021 20.5
23 314.575 7.24479 20.5
23 316.018 8.68769 20.5
23 317.468 10.1383 20.5
23 318.91 11.5801 20.5
24 320.353 7.9e-08 20.5
24 321.804 1.45117 20.5
24 323.247 2.89385 20.5
24 324.694 4.34142 20.5
24 326.151 5.79765 20.5
24 327.594 7.24126 20.5
24 329.046 8.69265 20.5
24 330.489 10.1358 20.5
24 331.931 11.5786 20.5
25 333.392 1.35e-07 20.5
25 334.831 1.43842 20.5
25 336.273 2.88028 20.5
25 337.723 4.33094 20.5
25 339.165 5.77272 20.5
25 340.61 7.2174 20.5
25 342.059 8.66649 20.5
25 343.502 10.1091 20.5
25 344.949 11.5566 20.5
25 346.4 13.0072 20.5
26 347.847 6.6e-08 20.5
26 349.299 1.45158 20.5
26 350.743 2.89534 20.5
26 352.186 4.33876 20.5
26 353.643 5.79552 20.5
26 355.086 7.2385 20.5
26 356.528 8.68077 20.5
26 357.978 10.1307 20.5
26 359.42 11.5724 20.5
27 360.862 9e-08 20.5
27 362.313 1.45092 20.5
27 363.755 2.8922 20.5
27 365.203 4.34108 20.5
27 366.659 5.79685 20.5
27 368.103 7.2403 20.5
27 369.554 8.69147 20.5
27 370.998 10.1352 20.5
27 372.44 11.5777 20.5
28 374.097 1.45e-07 20.5
28 375.539 1.44183 20.5
28 376.982 2.88472 20.5
28 378.432 4.33547 20.5
28 379.874 5.77685 20.5
28 381.315 7.21829 20.5
28 382.772 8.67511 20.5
28 384.215 10.1179 20.5
28 385.656 11.5593 20.5
28 387.107 13.0098 20.5
29 388.548 1.18e-07 20.5
29 389.991 1.44252 20.5
29 391.442 2.89329 20.5
29 392.883 4.33471 20.5
29 394.325 5.7761 20.5
29 395.781 7.23277 20.5
29 397.224 8.67568 20.5
29 398.675 10.1265 20.5
29 400.116 11.5679 20.5
30 402.76 1.5e-07 20.5
30 404.2 1.43999 20.5
30 405.642 2.88209 20.5
30 407.094 4.33327 20.5
30 408.536 5.77606 20.5
30 409.979 7.21898 20.5
30 411.43 8.66968 20.5
30 412.872 10.1114 20.5
30 414.314 11.5541 20.5
30 415.77 13.0094 21
31 418.613 1.51e-07 20.5
31 420.064 1.45092 20.5
31 421.506 2.89346 20.5
31 422.95 4.33665 20.5
31 424.4 5.78748 20.5
31 425.843 7.23048 20.5
31 427.286 8.67339 20.5
31 428.743 10.1299 20.5
31 430.184 11.5713 20.5
31 431.626 13.0128 21
32 436.679 1.55e-07 20.5
32 438.119 1.43934 20.5
32 439.562 2.88286 20.5
32 441.013 4.33413 20.5
32 442.456 5.77686 20.5
32 443.899 7.21972 20.5
32 445.354 8.67514 20.5
32 446.797 10.1179 20.5
32 448.239 11.5594 20.5
32 449.689 13.0101 20.5
