        type trial_config ert_flop   unroll  buffers        nsize       trials       microsecs        bytes        flops         GB/s         GF/s
      double    coalesced        4        2        2           32     16777216     8511243.806   1073741824    268435456        0.126        0.032
      double    coalesced        4        2        2           64     16777216     8951639.482   2147483648    536870912        0.240        0.060
      double    coalesced        4        2        2          128     16777216     9352369.787   4294967296   1073741824        0.459        0.115
      double    coalesced        4        2        2          256     16777216    10071812.998   8589934592   2147483648        0.853        0.213
      double    coalesced        4        2        2          512     16777216    11901571.401  17179869184   4294967296        1.443        0.361
      double    coalesced        4        2        2         1024      8388608     6546810.574  17179869184   4294967296        2.624        0.656
      double    coalesced        4        2        2         2048      4194304     4091946.309  17179869184   4294967296        4.198        1.050
      double    coalesced        4        2        2         4096      2097152     2466449.089  17179869184   4294967296        6.965        1.741
      double    coalesced        4        2        2         8192      1048576     1755271.302  17179869184   4294967296        9.788        2.447
      double    coalesced        4        2        2        16384       524288     1364191.355  17179869184   4294967296       12.593        3.148
      double    coalesced        4        2        2        32768       262144     1179705.516  17179869184   4294967296       14.563        3.641
      double    coalesced        4        2        2        65536       131072     1070698.415  17179869184   4294967296       16.045        4.011
      double    coalesced        4        2        2       131072        65536     1023313.028  17179869184   4294967296       16.788        4.197
      double    coalesced        4        2        2       262144        32768     1013150.949  17179869184   4294967296       16.957        4.239
      double    coalesced        4        2        2       524288        16384      999610.540  17179869184   4294967296       17.187        4.297
      double    coalesced        4        2        2      1048576         8192      993148.210  17179869184   4294967296       17.298        4.325
      double    coalesced        4        2        2      2097152         4096      990553.518  17179869184   4294967296       17.344        4.336
      double    coalesced        4        2        2      4194304         2048      988927.846  17179869184   4294967296       17.372        4.343
      double    coalesced        4        2        2      8388608         1024      988154.684  17179869184   4294967296       17.386        4.346
      double    coalesced        4        2        2     16777216          512      987766.666  17179869184   4294967296       17.393        4.348
      double    coalesced        4        2        2     33554432          256      987485.634  17179869184   4294967296       17.398        4.349
      double    coalesced        4        2        2     67108864          128      987473.017  17179869184   4294967296       17.398        4.349
      double    coalesced        4        2        2    134217728           64      987447.046  17179869184   4294967296       17.398        4.350
      double    coalesced        4        2        2    268435456           32      987386.169  17179869184   4294967296       17.399        4.350
      double    coalesced        4        2        2    536870912           16      987362.075  17179869184   4294967296       17.400        4.350
      double    coalesced        4        2        2   1073741824            8      987375.620  17179869184   4294967296       17.400        4.350
      double    coalesced        4        2        2   2147483648            4      987377.559  17179869184   4294967296       17.399        4.350
      double    coalesced        4        2        2   4294967296            2      987468.583  17179869184   4294967296       17.398        4.349
      double    coalesced        4        2        2   8588886016            1      987245.192  17177772032   4294443008       17.400        4.350
