        type trial_config ert_flop   unroll  buffers        nsize       trials       microsecs        bytes        flops         GB/s         GF/s
 signed_char    coalesced        1     1024        2         2048      4194304     2518029.007  17179869184   8589934592        6.823        3.411
 signed_char    coalesced        1     1024        2         4096      2097152     1575870.163  17179869184   8589934592       10.902        5.451
 signed_char    coalesced        1     1024        2         8192      1048576     1023010.272  17179869184   8589934592       16.793        8.397
 signed_char    coalesced        1     1024        2        16384       524288      818432.988  17179869184   8589934592       20.991       10.496
 signed_char    coalesced        1     1024        2        32768       262144      686838.748  17179869184   8589934592       25.013       12.506
 signed_char    coalesced        1     1024        2        65536       131072      640248.950  17179869184   8589934592       26.833       13.417
 signed_char    coalesced        1     1024        2       131072        65536      604389.789  17179869184   8589934592       28.425       14.213
 signed_char    coalesced        1     1024        2       262144        32768      585822.076  17179869184   8589934592       29.326       14.663
 signed_char    coalesced        1     1024        2       524288        16384      575518.036  17179869184   8589934592       29.851       14.926
 signed_char    coalesced        1     1024        2      1048576         8192      570827.948  17179869184   8589934592       30.096       15.048
 signed_char    coalesced        1     1024        2      2097152         4096      568039.984  17179869184   8589934592       30.244       15.122
 signed_char    coalesced        1     1024        2      4194304         2048      566623.019  17179869184   8589934592       30.320       15.160
 signed_char    coalesced        1     1024        2      8388608         1024      565979.038  17179869184   8589934592       30.354       15.177
 signed_char    coalesced        1     1024        2     16777216          512      565644.526  17179869184   8589934592       30.372       15.186
 signed_char    coalesced        1     1024        2     33554432          256      565486.279  17179869184   8589934592       30.381       15.190
 signed_char    coalesced        1     1024        2     67108864          128      565386.536  17179869184   8589934592       30.386       15.193
 signed_char    coalesced        1     1024        2    134217728           64      565302.462  17179869184   8589934592       30.391       15.195
 signed_char    coalesced        1     1024        2    268435456           32      565315.657  17179869184   8589934592       30.390       15.195
 signed_char    coalesced        1     1024        2    536870912           16      565291.758  17179869184   8589934592       30.391       15.196
 signed_char    coalesced        1     1024        2   1073741824            8      565309.911  17179869184   8589934592       30.390       15.195
 signed_char    coalesced        1     1024        2   2147483648            4      565330.933  17179869184   8589934592       30.389       15.195
 signed_char    coalesced        1     1024        2   4294967296            2      565357.399  17179869184   8589934592       30.388       15.194
 signed_char    coalesced        1     1024        2   8588886016            1      565241.652  17177772032   8588886016       30.390       15.195
