0 3.07499 8e-08 25.5
0 5.97209 2.89711 25.5
0 7.41777 4.34279 25.5
0 8.86561 5.79062 25.5
0 10.3121 7.23708 25.5
0 11.753 8.67802 25.5
0 13.2067 10.1317 25.5
0 14.6476 11.5726 25.5
0 16.0939 13.0189 25.5
0 17.5522 14.4772 25.5
0 19.0028 15.9278 25.5
0 20.4593 17.3843 25.5
0 21.9236 18.8487 25.5
0 23.3759 20.301 25.5
0 24.826 21.751 25.5
0 26.2906 23.2156 25.5
0 27.7457 24.6707 25.5
0 29.1894 26.1144 25.5
0 30.6538 27.5788 25.5
0 32.1093 29.0344 25.5
0 33.552 30.477 25.5
0 34.9935 31.9185 25.5
0 36.4595 33.3845 25.5
0 37.9025 34.8275 25.5
0 39.3641 36.2891 25.5
0 40.8236 37.7487 25.5
0 42.2666 39.1917 25.5
0 43.717 40.642 25.5
0 45.1583 42.0833 25.5
0 46.5999 43.5249 25.5
0 48.0556 44.9807 25.5
0 49.497 46.422 25.5
0 50.9444 47.8694 25.5
0 52.4092 49.3342 25.5
0 53.8525 50.7775 25.5
0 55.3137 52.2387 25.5
0 56.7727 53.6978 25.5
0 58.2159 55.1409 25.5
0 59.6777 56.6027 25.5
0 61.1196 58.0446 25.5
0 62.566 59.491 25.5
0 64.0168 60.9418 25.5
0 65.4588 62.3838 25.5
0 66.9011 63.8261 25.5
0 68.373 65.298 25.5
0 69.8156 66.7406 25.5
0 71.282 68.207 25.5
0 72.725 69.65 25.5
0 74.1683 71.0934 25.5
0 75.6197 72.5447 25.5
0 77.0743 73.9993 25.5
0 78.5178 75.4428 25.5
0 79.9684 76.8934 25.5
0 81.4271 78.3521 25.5
0 82.8768 79.8018 25.5
0 84.3209 81.2459 25.5
0 85.7635 82.6885 25.5
0 87.2146 84.1397 25.5
0 88.6732 85.5982 25.5
0 90.1094 87.0345 25.5
0 91.5756 88.5006 25.5
0 93.019 89.944 25.5
0 94.4621 91.3871 25.5
0 95.9116 92.8366 25.5
0 97.3537 94.2787 25.5
0 98.7999 95.7249 25.5
0 100.25 97.1747 25.5
0 101.692 98.6168 25.5
0 103.135 100.06 25.5
0 104.592 101.517 25.5
0 106.045 102.97 25.5
0 107.495 104.42 25.5
0 108.936 105.861 25.5
0 110.379 107.304 25.5
0 111.829 108.754 25.5
0 113.272 110.197 25.5
0 114.715 111.64 25.5
0 116.165 113.09 25.5
0 117.607 114.532 25.5
0 119.05 115.975 25.5
0 120.522 117.447 25.5
0 121.965 118.89 25.5
0 123.407 120.332 25.5
0 124.859 121.784 25.5
0 126.301 123.226 25.5
0 127.743 124.668 25.5
0 129.193 126.118 25.5
0 130.635 127.56 25.5
0 132.078 129.003 25.5
0 133.527 130.452 25.5
0 134.969 131.894 25.5
0 136.412 133.337 25.5
0 137.87 134.795 25.5
0 139.313 136.238 25.5
0 140.764 137.689 25.5
0 142.216 139.141 25.5
0 143.658 140.583 25.5
0 145.109 142.034 25.5
1 146.568 1.5e-07 25.5
1 148.01 1.44265 25.5
1 149.46 2.8921 25.5
1 150.902 4.33382 25.5
1 152.344 5.77624 25.5
1 153.794 7.22664 25.5
1 155.236 8.66831 25.5
1 156.679 10.1109 25.5
1 158.13 11.562 25.5
1 159.572 13.0046 25.5
1 161.015 14.4469 25.5
1 162.464 15.8965 25.5
1 163.907 17.3395 25.5
1 165.35 18.7825 25.5
1 166.801 20.2335 25.5
1 168.249 21.6811 25.5
1 169.692 23.1244 25.5
1 171.149 24.5813 25.5
1 172.592 26.0239 25.5
1 174.028 27.4601 25.5
1 175.484 28.9163 25.5
1 176.927 30.3591 25.5
1 178.378 31.81 25.5
1 179.83 33.2626 25.5
1 181.272 34.7041 25.5
1 182.723 36.1549 25.5
1 184.165 37.5976 25.5
1 185.607 39.0396 25.5
1 187.074 40.5061 25.5
1 188.515 41.9476 25.5
1 189.958 43.3902 25.5
1 191.409 44.8414 25.5
1 192.852 46.2841 25.5
1 194.294 47.7261 25.5
1 195.744 49.1764 25.5
1 197.186 50.6187 25.5
1 198.629 52.0611 25.5
1 200.079 53.5114 25.5
1 201.531 54.9637 25.5
1 202.974 56.4063 25.5
1 204.43 57.8626 25.5
1 205.865 59.2977 25.5
1 207.307 60.7394 25.5
1 208.774 62.2064 25.5
1 210.216 63.6479 25.5
1 211.665 65.0978 25.5
1 213.108 66.5402 25.5
1 214.551 67.9829 25.5
1 216.001 69.4332 25.5
1 217.443 70.8749 25.5
1 218.885 72.3168 25.5
1 220.336 73.768 25.5
1 221.779 75.2112 25.5
1 223.227 76.6591 25.5
1 224.684 78.1161 25.5
1 226.126 79.5586 25.5
1 227.562 80.9938 25.5
1 229.018 82.4502 25.5
1 230.461 83.8932 25.5
1 231.904 85.3359 25.5
1 233.353 86.7853 25.5
1 234.81 88.2425 25.5
1 236.252 89.6843 25.5
1 237.703 91.135 25.5
1 239.145 92.5777 25.5
1 240.587 94.0194 25.5
1 242.053 95.4853 25.5
1 243.495 96.9278 25.5
1 244.938 98.3703 25.5
1 246.387 99.8195 25.5
1 247.83 101.262 25.5
1 249.281 102.713 25.5
1 250.723 104.156 25.5
1 252.165 105.597 25.5
1 253.625 107.057 25.5
1 255.067 108.5 25.5
1 256.509 109.941 25.5
1 257.959 111.391 25.5
1 259.401 112.833 25.5
1 260.86 114.292 25.5
1 262.309 115.741 25.5
1 263.751 117.184 25.5
1 265.194 118.626 25.5
1 266.644 120.077 25.5
1 268.086 121.518 25.5
1 269.528 122.96 25.5
1 270.978 124.411 25.5
1 272.43 125.862 25.5
1 273.872 127.304 25.5
1 275.323 128.755 25.5
1 276.766 130.199 25.5
1 278.209 131.641 25.5
1 279.674 133.106 25.5
1 281.116 134.548 25.5
1 282.567 135.999 25.5
1 284.008 137.44 25.5
1 285.45 138.882 25.5
1 286.9 140.333 25.5
1 288.342 141.775 25.5
2 289.783 8.8e-08 25.5
2 291.233 1.44997 25.5
2 292.676 2.89246 25.5
2 294.118 4.33435 25.5
2 295.568 5.7844 25.5
2 297.011 7.22744 25.5
2 298.454 8.67024 25.5
2 299.904 10.121 25.5
2 301.351 11.5677 25.5
2 302.793 13.0095 25.5
2 304.243 14.4599 25.5
2 305.702 15.919 25.5
2 307.145 17.3612 25.5
2 308.594 18.8111 25.5
2 310.037 20.2532 25.5
2 311.479 21.6961 25.5
2 312.94 23.1565 25.5
2 314.382 24.5985 25.5
2 315.825 26.0411 25.5
2 317.28 27.4967 25.5
2 318.722 28.9389 25.5
2 320.164 30.3811 25.5
2 321.614 31.8302 25.5
2 323.056 33.2723 25.5
2 324.498 34.7151 25.5
2 325.949 36.1658 25.5
2 327.391 37.6075 25.5
2 328.834 39.0503 25.5
2 330.29 40.5068 25.5
2 331.747 41.964 25.5
2 333.198 43.4146 25.5
2 334.639 44.8561 25.5
2 336.081 46.2981 25.5
2 337.532 47.7488 25.5
2 338.979 49.1953 25.5
2 340.421 50.6379 25.5
2 341.871 52.0873 25.5
2 343.312 53.5291 25.5
2 344.754 54.9706 25.5
2 346.203 56.42 25.5
2 347.646 57.8627 25.5
2 349.089 59.3051 25.5
2 350.559 60.7752 25.5
2 352 62.2163 25.5
2 353.441 63.6581 25.5
2 354.892 65.1082 25.5
2 356.332 66.5491 25.5
2 357.785 68.0015 25.5
2 359.236 69.4523 25.5
2 360.677 70.8938 25.5
2 362.119 72.3353 25.5
2 363.569 73.7857 25.5
2 365.012 75.2281 25.5
2 366.453 76.6701 25.5
2 367.904 78.1203 25.5
2 369.346 79.5625 25.5
2 370.787 81.0034 25.5
2 372.258 82.4742 25.5
2 373.7 83.9165 25.5
2 375.151 85.3674 25.5
2 376.602 86.8189 25.5
2 378.044 88.261 25.5
2 379.495 89.7114 25.5
2 380.936 91.1528 25.5
2 382.378 92.5943 25.5
2 383.827 94.044 25.5
2 385.269 95.4858 25.5
2 386.711 96.9277 25.5
2 388.162 98.3781 25.5
2 389.603 99.8199 25.5
2 391.055 101.272 25.5
2 392.505 102.722 25.5
2 393.946 104.162 25.5
2 395.388 105.605 25.5
2 396.838 107.054 25.5
2 398.296 108.512 25.5
2 399.738 109.955 25.5
2 401.188 111.404 25.5
2 402.629 112.846 25.5
2 404.072 114.289 25.5
2 405.522 115.739 25.5
2 406.964 117.181 25.5
2 408.406 118.623 25.5
2 409.866 120.083 25.5
2 411.307 121.524 25.5
2 412.75 122.966 25.5
2 414.2 124.416 25.5
2 415.641 125.858 25.5
2 417.089 127.306 25.5
2 418.539 128.756 25.5
2 419.982 130.199 25.5
2 421.423 131.64 25.5
2 422.874 133.09 25.5
2 424.316 134.533 25.5
2 425.758 135.975 25.5
2 427.207 137.424 25.5
2 428.65 138.866 25.5
2 430.093 140.309 25.5
2 431.558 141.775 25.5
3 433.001 8.4e-08 25.5
3 434.452 1.45104 25.5
3 435.894 2.89273 25.5
3 437.336 4.33469 25.5
3 438.786 5.78497 25.5
3 440.228 7.22713 25.5
3 441.67 8.66871 25.5
3 443.121 10.1195 25.5
3 444.563 11.5615 25.5
3 446.005 13.0033 25.5
3 447.455 14.4537 25.5
3 448.897 15.8956 25.5
3 450.353 17.352 25.5
3 451.804 18.8024 25.5
3 453.245 20.2439 25.5
3 454.687 21.686 25.5
3 456.136 23.1351 25.5
3 457.595 24.5935 25.5
3 459.037 26.0359 25.5
3 460.487 27.4854 25.5
3 461.944 28.9431 25.5
3 463.387 30.3854 25.5
3 464.837 31.8362 25.5
3 466.28 33.2786 25.5
3 467.721 34.7195 25.5
3 469.187 36.1859 25.5
3 470.629 37.628 25.5
3 472.065 39.0636 25.5
3 473.521 40.5197 25.5
3 474.963 41.9621 25.5
3 476.4 43.3984 25.5
3 477.855 44.854 25.5
3 479.298 46.2963 25.5
3 480.762 47.7609 25.5
3 482.204 49.2025 25.5
3 483.646 50.6446 25.5
3 485.097 52.0954 25.5
3 486.538 53.5369 25.5
3 487.985 54.9835 25.5
3 489.434 56.4326 25.5
3 490.877 57.8752 25.5
3 492.319 59.3176 25.5
3 493.769 60.7673 25.5
3 495.211 62.2099 25.5
3 496.653 63.6516 25.5
3 498.103 65.1012 25.5
3 499.566 66.565 25.5
3 501.008 68.0068 25.5
3 502.458 69.4565 25.5
3 503.899 70.8982 25.5
3 505.343 72.3413 25.5
3 506.803 73.8013 25.5
3 508.244 75.243 25.5
3 509.687 76.6855 25.5
3 511.137 78.1359 25.5
3 512.579 79.578 25.5
3 514.021 81.0201 25.5
3 515.472 82.4705 25.5
3 516.913 83.9117 25.5
3 518.361 85.3592 25.5
3 519.81 86.8086 25.5
3 521.253 88.2515 25.5
3 522.695 89.6937 25.5
3 524.145 91.1439 25.5
3 525.605 92.6035 25.5
3 527.047 94.0459 25.5
3 528.497 95.4955 25.5
3 529.939 96.9379 25.5
3 531.382 98.3805 25.5
3 532.831 99.8301 25.5
3 534.274 101.273 25.5
3 535.725 102.723 25.5
3 537.167 104.165 25.5
3 538.609 105.608 25.5
3 540.07 107.068 25.5
3 541.512 108.511 25.5
3 542.953 109.952 25.5
3 544.403 111.402 25.5
3 545.846 112.845 25.5
3 547.292 114.29 25.5
3 548.741 115.74 25.5
3 550.183 117.182 25.5
3 551.625 118.624 25.5
3 553.074 120.073 25.5
3 554.516 121.515 25.5
3 555.958 122.956 25.5
3 557.407 124.406 25.5
3 558.87 125.869 25.5
3 560.313 127.311 25.5
3 561.764 128.762 25.5
3 563.206 130.205 25.5
3 564.648 131.646 25.5
3 566.103 133.102 25.5
3 567.545 134.544 25.5
3 568.988 135.987 25.5
3 570.439 137.438 25.5
3 571.881 138.879 25.5
3 573.322 140.321 25.5
3 574.773 141.771 25.5
4 576.214 8.9e-08 25.5
4 577.655 1.44143 25.5
4 579.106 2.89174 25.5
4 580.547 4.33271 25.5
4 581.988 5.77458 25.5
4 583.439 7.22534 25.5
4 584.886 8.67238 25.5
4 586.329 10.1146 25.5
4 587.778 11.5638 25.5
4 589.22 13.0057 25.5
4 590.661 14.4474 25.5
4 592.126 15.9122 25.5
4 593.568 17.354 25.5
4 595.018 18.8046 25.5
4 596.46 20.2462 25.5
4 597.902 21.6881 25.5
4 599.363 23.149 25.5
4 600.805 24.5911 25.5
4 602.246 26.0319 25.5
4 603.695 27.4815 25.5
4 605.138 28.924 25.5
4 606.585 30.3711 25.5
4 608.041 31.8274 25.5
4 609.477 33.2634 25.5
4 610.919 34.7052 25.5
4 612.375 36.1612 25.5
4 613.817 37.6034 25.5
4 615.253 39.0387 25.5
4 616.708 40.4943 25.5
4 618.166 41.9525 25.5
4 619.608 43.3943 25.5
4 621.058 44.8441 25.5
4 622.5 46.2858 25.5
4 623.941 47.7275 25.5
4 625.396 49.1825 25.5
4 626.839 50.625 25.5
4 628.281 52.0669 25.5
4 629.73 53.5161 25.5
4 631.173 54.959 25.5
4 632.616 56.4019 25.5
4 634.066 57.852 25.5
4 635.508 59.2939 25.5
4 636.95 60.736 25.5
4 638.407 62.1927 25.5
4 639.857 63.6431 25.5
4 641.305 65.0906 25.5
4 642.746 66.5326 25.5
4 644.188 67.9746 25.5
4 645.64 69.4257 25.5
4 647.082 70.868 25.5
4 648.523 72.3094 25.5
4 649.973 73.7593 25.5
4 651.421 75.2069 25.5
4 652.863 76.6491 25.5
4 654.314 78.1 25.5
4 655.757 79.5427 25.5
4 657.198 80.9844 25.5
4 658.665 82.4507 25.5
4 660.107 83.8928 25.5
4 661.542 85.3282 25.5
4 662.999 86.7847 25.5
4 664.441 88.2269 25.5
4 665.876 89.6624 25.5
4 667.332 91.118 25.5
4 668.774 92.5602 25.5
4 670.231 94.0175 25.5
4 671.682 95.4682 25.5
4 673.123 96.9093 25.5
4 674.566 98.3517 25.5
4 676.016 99.8026 25.5
4 677.464 101.25 25.5
4 678.906 102.692 25.5
4 680.356 104.142 25.5
4 681.798 105.584 25.5
4 683.24 107.026 25.5
4 684.69 108.476 25.5
4 686.132 109.918 25.5
4 687.574 111.36 25.5
4 689.046 112.832 25.5
4 690.489 114.275 25.5
4 691.94 115.726 25.5
4 693.382 117.168 25.5
4 694.823 118.61 25.5
4 696.279 120.065 25.5
4 697.721 121.508 25.5
4 699.165 122.951 25.5
4 700.616 124.402 25.5
4 702.058 125.844 25.5
4 703.5 127.286 25.5
4 704.956 128.742 25.5
4 706.393 130.179 25.5
4 707.834 131.621 25.5
4 709.291 133.077 25.5
4 710.749 134.535 25.5
4 712.192 135.979 25.5
4 713.643 137.429 25.5
4 715.089 138.876 25.5
4 716.531 140.317 25.5
4 717.981 141.767 25.5
4 719.424 143.21 25.5
4 720.865 144.651 25.5
5 722.315 7.8e-08 25.5
5 723.757 1.44265 25.5
5 725.203 2.88781 25.5
5 726.651 4.33592 25.5
5 728.093 5.77795 25.5
5 729.546 7.23143 25.5
5 730.996 8.68144 25.5
5 732.438 10.1237 25.5
5 733.881 11.5663 25.5
5 735.33 13.0155 25.5
5 736.783 14.4685 25.5
5 738.234 15.9197 25.5
5 739.677 17.3622 25.5
5 741.129 18.8142 25.5
5 742.585 20.2705 25.5
5 744.028 21.7133 25.5
5 745.471 23.1562 25.5
5 746.921 24.606 25.5
5 748.374 26.0588 25.5
5 749.817 27.5018 25.5
5 751.267 28.952 25.5
5 752.709 30.3939 25.5
5 754.151 31.8366 25.5
5 755.602 33.2869 25.5
5 757.044 34.7291 25.5
5 758.486 36.1713 25.5
5 759.958 37.6432 26
5 761.4 39.0854 25.5
5 762.851 40.5364 25.5
5 764.293 41.9784 25.5
5 765.735 43.4199 25.5
5 767.196 44.8811 25.5
5 768.639 46.3239 25.5
5 770.081 47.7661 25.5
5 771.531 49.2164 25.5
5 772.974 50.6595 25.5
5 774.417 52.1027 25.5
5 775.867 53.5524 25.5
5 777.309 54.9944 25.5
5 778.752 56.4368 25.5
5 780.201 57.8865 25.5
5 781.664 59.3488 25.5
5 783.105 60.7904 25.5
5 784.556 62.2408 25.5
5 786.007 63.6926 25.5
5 787.449 65.1346 25.5
5 788.9 66.5854 25.5
5 790.343 68.0283 25.5
5 791.785 69.47 25.5
5 793.235 70.9202 25.5
5 794.678 72.3633 25.5
5 796.12 73.8053 25.5
5 797.57 75.2551 25.5
5 799.012 76.6972 25.5
5 800.46 78.1452 25.5
5 801.917 79.6022 25.5
5 803.36 81.0449 25.5
5 804.82 82.5049 25.5
5 806.262 83.947 25.5
5 807.704 85.3892 25.5
5 809.153 86.838 25.5
5 810.595 88.2802 25.5
5 812.038 89.7227 25.5
5 813.486 91.1716 25.5
5 814.928 92.6131 25.5
5 816.37 94.0556 25.5
5 817.821 95.5057 25.5
5 819.272 96.9573 25.5
5 820.715 98.4 25.5
5 822.165 99.8501 25.5
5 823.607 101.292 25.5
5 825.049 102.734 25.5
5 826.516 104.201 25.5
5 827.957 105.642 25.5
5 829.399 107.085 25.5
5 830.85 108.535 25.5
5 832.291 109.976 25.5
5 833.733 111.418 25.5
5 835.183 112.868 25.5
5 836.625 114.31 25.5
5 838.081 115.767 25.5
5 839.531 117.216 25.5
5 840.973 118.658 25.5
5 842.414 120.099 25.5
5 843.863 121.549 25.5
5 845.306 122.991 25.5
5 846.748 124.433 25.5
5 848.197 125.882 25.5
5 849.639 127.324 25.5
5 851.081 128.766 25.5
5 852.531 130.216 25.5
5 853.973 131.658 25.5
5 855.415 133.1 25.5
5 856.886 134.571 25.5
5 858.326 136.011 25.5
5 859.776 137.461 25.5
5 861.218 138.904 25.5
5 862.66 140.346 25.5
5 864.116 141.801 25.5
5 865.557 143.243 25.5
5 867 144.685 25.5
5 868.451 146.136 25.5
6 869.892 8e-08 25.5
6 871.334 1.44196 25.5
6 872.785 2.89247 25.5
6 874.226 4.334 25.5
6 875.668 5.77563 25.5
6 877.119 7.22662 25.5
6 878.562 8.66953 25.5
6 880.003 10.111 25.5
6 881.454 11.5615 25.5
6 882.897 13.0045 25.5
6 884.339 14.4465 25.5
6 885.809 15.9172 25.5
6 887.251 17.3586 25.5
6 888.693 18.8011 25.5
6 890.144 20.2513 25.5
6 891.586 21.6933 25.5
6 893.029 23.1363 25.5
6 894.479 24.5863 25.5
6 895.936 26.0436 25.5
6 897.377 27.4842 25.5
6 898.827 28.9345 25.5
6 900.286 30.3933 25.5
6 901.728 31.8358 25.5
6 903.178 33.2859 26
6 904.62 34.7281 25.5
6 906.071 36.179 25.5
6 907.513 37.6204 25.5
6 908.954 39.0618 25.5
6 910.405 40.5124 25.5
6 911.857 41.9646 25.5
6 913.298 43.4061 25.5
6 914.749 44.8567 25.5
6 916.19 46.2981 25.5
6 917.632 47.7398 25.5
6 919.087 49.1952 25.5
6 920.53 50.6378 25.5
6 921.972 52.0796 25.5
6 923.422 53.5296 25.5
6 924.864 54.9713 25.5
6 926.306 56.414 25.5
6 927.756 57.8634 25.5
6 929.198 59.3054 25.5
6 930.661 60.769 25.5
6 932.111 62.2192 25.5
6 933.553 63.6608 25.5
6 934.995 65.1026 25.5
6 936.445 66.5529 25.5
6 937.897 68.005 25.5
6 939.34 69.4473 25.5
6 940.79 70.8977 25.5
6 942.233 72.3408 25.5
7 943.675 1.02e-07 25.5
7 945.126 1.45061 26
7 946.569 2.89352 25.5
7 948.012 4.33643 25.5
7 949.462 5.78644 25.5
7 950.904 7.22857 25.5
7 952.347 8.67153 26
7 953.796 10.121 25.5
7 955.238 11.5632 25.5
7 956.692 13.0169 25.5
7 958.142 14.467 25.5
7 959.585 15.91 25.5
7 961.036 17.361 25.5
7 962.478 18.8027 25.5
7 963.93 20.2552 25.5
7 965.381 21.706 25.5
7 966.823 23.1481 25.5
7 968.265 24.5902 25.5
7 969.716 26.0407 26
7 971.175 27.4997 26
7 972.611 28.9356 25.5
7 974.067 30.3916 25.5
7 975.509 31.8338 25.5
7 976.945 33.2697 25.5
7 978.401 34.7259 25.5
7 979.843 36.1681 26
7 981.286 37.6105 25.5
8 982.736 8e-08 25.5
8 984.178 1.4422 25.5
8 985.621 2.88518 25.5
8 987.071 4.33492 25.5
8 988.512 5.77641 25.5
8 989.97 7.23406 25.5
8 991.42 8.6844 25.5
8 992.862 10.1268 25.5
8 994.304 11.5686 25.5
8 995.755 13.0194 25.5
8 997.214 14.4784 25.5
8 998.656 15.9207 25.5
8 1000.11 17.3708 25.5
8 1001.56 18.8286 25.5
9 1003.01 6.9e-08 25.5
9 1004.46 1.44216 25.5
9 1005.9 2.88418 25.5
9 1007.35 4.33317 25.5
9 1008.79 5.77996 25.5
9 1010.24 7.22205 25.5
9 1011.69 8.67155 26
10 1013.13 7.7e-08 26
10 1014.57 1.44166 26
10 1016.02 2.89124 26
10 1017.46 4.33177 26
10 1018.9 5.77456 26
11 1020.35 6.8e-08 26
11 1021.79 1.44182 26
12 1023.24 6.5e-08 26
12 1024.69 1.45588 26
13 1026.13 5.5e-08 26
13 1027.59 1.45798 26.5
14 1029.04 6.8e-08 26.5
14 1030.48 1.44212 26.5
15 1031.92 7.2e-08 26.5
16 1033.37 4.8e-08 26.5
17 1034.82 1.01e-07 26.5
17 1036.27 1.44201 26.5
18 1037.72 6.8e-08 26.5
19 1039.16 5e-08 26.5
20 1040.6 7.3e-08 26.5
21 1042.05 6.7e-08 26.5
21 1043.49 1.44264 26.5
22 1044.93 5.3e-08 26.5
23 1046.38 7.1e-08 26.5
24 1047.83 6.5e-08 26.5
24 1049.27 1.44297 26.5
25 1050.72 8e-08 26
26 1052.16 7.7e-08 26.5
26 1053.6 1.44279 26
27 1055.15 1.63e-07 26.5
27 1056.6 1.44983 26
28 1059.45 1e-07 26.5
28 1060.89 1.43916 26
29 1065.94 1.32e-07 26.5
29 1067.38 1.44301 26
