0 6.59223 8.9e-08 21
0 9.47161 2.87938 21
0 10.9287 4.33643 21
0 12.3707 5.77852 21
1 13.8232 9.2e-08 21
1 15.2651 1.44193 21
1 16.7088 2.8856 21
1 18.1588 4.33561 21
1 19.6013 5.77811 21
2 21.0456 6.6e-08 21
2 22.5009 1.45521 21
2 23.9436 2.89792 21
2 25.3958 4.35021 21
3 26.8471 6.8e-08 21
3 28.2948 1.44763 21
3 29.74 2.89289 21
3 31.2018 4.35469 21
3 32.6447 5.79752 21
3 34.096 7.24886 21
4 35.5381 8e-08 21
4 36.9798 1.44178 21
4 38.4469 2.9088 21.5
5 39.8903 6.1e-08 21.5
5 41.3333 1.443 22.5
6 42.7826 6.2e-08 23
8 44.2258 6.8e-08 24
10 45.6933 5.6e-08 24
11 47.1416 8.1e-08 24
13 48.5852 5.5e-08 24
15 50.0427 1.66e-07 24
17 51.4863 2.32e-07 24
18 52.94 8.5e-08 24
20 54.3917 7.2e-08 24
22 56.0352 9.9e-08 21
23 57.4676 6.1e-08 22.5
24 59.1253 1.94e-07 21
25 61.8688 1e-07 21
26 66.5105 1.09e-07 21
27 75.8553 1.34e-07 21
