        type trial_config ert_flop   unroll  buffers        nsize       trials       microsecs        bytes        flops         GB/s         GF/s
         int    coalesced       16        4        2           32     16777216     8183402.696   1073741824   2147483648        0.131        0.262
         int    coalesced       16        4        2           64     16777216     8207649.315   2147483648   4294967296        0.262        0.523
         int    coalesced       16        4        2          128     16777216     9029920.568   4294967296   8589934592        0.476        0.951
         int    coalesced       16        4        2          256     16777216    10071751.965   8589934592  17179869184        0.853        1.706
         int    coalesced       16        4        2          512     16777216    10913641.697  17179869184  34359738368        1.574        3.148
         int    coalesced       16        4        2         1024      8388608     6546821.477  17179869184  34359738368        2.624        5.248
         int    coalesced       16        4        2         2048      4194304     4091904.241  17179869184  34359738368        4.199        8.397
         int    coalesced       16        4        2         4096      2097152     2455299.042  17179869184  34359738368        6.997       13.994
         int    coalesced       16        4        2         8192      1048576     1817998.423  17179869184  34359738368        9.450       18.900
         int    coalesced       16        4        2        16384       524288     1364237.317  17179869184  34359738368       12.593       25.186
         int    coalesced       16        4        2        32768       262144     1204435.390  17179869184  34359738368       14.264       28.528
         int    coalesced       16        4        2        65536       131072     1097524.760  17179869184  34359738368       15.653       31.307
         int    coalesced       16        4        2       131072        65536     1053977.317  17179869184  34359738368       16.300       32.600
         int    coalesced       16        4        2       262144        32768     1023270.681  17179869184  34359738368       16.789       33.578
         int    coalesced       16        4        2       524288        16384     1023104.649  17179869184  34359738368       16.792       33.584
         int    coalesced       16        4        2      1048576         8192     1015347.239  17179869184  34359738368       16.920       33.840
         int    coalesced       16        4        2      2097152         4096     1012303.407  17179869184  34359738368       16.971       33.942
         int    coalesced       16        4        2      4194304         2048     1010580.519  17179869184  34359738368       17.000       34.000
         int    coalesced       16        4        2      8388608         1024     1009801.090  17179869184  34359738368       17.013       34.026
         int    coalesced       16        4        2     16777216          512     1009451.663  17179869184  34359738368       17.019       34.038
         int    coalesced       16        4        2     33554432          256     1009265.026  17179869184  34359738368       17.022       34.044
         int    coalesced       16        4        2     67108864          128     1009104.892  17179869184  34359738368       17.025       34.050
         int    coalesced       16        4        2    134217728           64     1009086.963  17179869184  34359738368       17.025       34.050
         int    coalesced       16        4        2    268435456           32     1009092.631  17179869184  34359738368       17.025       34.050
         int    coalesced       16        4        2    536870912           16     1009100.383  17179869184  34359738368       17.025       34.050
         int    coalesced       16        4        2   1073741824            8     1009066.084  17179869184  34359738368       17.026       34.051
         int    coalesced       16        4        2   2147483648            4     1009087.269  17179869184  34359738368       17.025       34.050
         int    coalesced       16        4        2   4294967296            2     1008998.991  17179869184  34359738368       17.027       34.053
         int    coalesced       16        4        2   8588886016            1     1008949.107  17177772032  34355544064       17.025       34.051
