        type trial_config ert_flop   unroll  buffers        nsize       trials       microsecs        bytes        flops         GB/s         GF/s
       float    coalesced        8        2        1            8     16777216     6546529.166    268435456    268435456        0.041        0.041
       float    coalesced        8        2        1           16     16777216     6714825.483    536870912    536870912        0.080        0.080
       float    coalesced        8        2        1           32     16777216     6891065.868   1073741824   1073741824        0.156        0.156
       float    coalesced        8        2        1           64     16777216     7701741.035   2147483648   2147483648        0.279        0.279
       float    coalesced        8        2        1          128     16777216     8728619.128   4294967296   4294967296        0.492        0.492
       float    coalesced        8        2        1          256     16777216    10462429.675   8589934592   8589934592        0.821        0.821
       float    coalesced        8        2        1          512      8388608     6546527.119   8589934592   8589934592        1.312        1.312
       float    coalesced        8        2        1         1024      4194304     4091601.328   8589934592   8589934592        2.099        2.099
       float    coalesced        8        2        1         2048      2097152     2908671.520   8589934592   8589934592        2.953        2.953
       float    coalesced        8        2        1         4096      1048576     2338161.083   8589934592   8589934592        3.674        3.674
       float    coalesced        8        2        1         8192       524288     2045862.111   8589934592   8589934592        4.199        4.199
       float    coalesced        8        2        1        16384       262144     1830546.948   8589934592   8589934592        4.693        4.693
       float    coalesced        8        2        1        32768       131072     1764297.668   8589934592   8589934592        4.869        4.869
       float    coalesced        8        2        1        65536        65536     1726683.231   8589934592   8589934592        4.975        4.975
       float    coalesced        8        2        1       131072        32768     1711883.429   8589934592   8589934592        5.018        5.018
       float    coalesced        8        2        1       262144        16384     1703783.329   8589934592   8589934592        5.042        5.042
       float    coalesced        8        2        1       524288         8192     1698624.389   8589934592   8589934592        5.057        5.057
       float    coalesced        8        2        1      1048576         4096     1696135.078   8589934592   8589934592        5.064        5.064
       float    coalesced        8        2        1      2097152         2048     1694992.739   8589934592   8589934592        5.068        5.068
       float    coalesced        8        2        1      4194304         1024     1694545.467   8589934592   8589934592        5.069        5.069
       float    coalesced        8        2        1      8388608          512     1694291.327   8589934592   8589934592        5.070        5.070
       float    coalesced        8        2        1     16777216          256     1694031.194   8589934592   8589934592        5.071        5.071
       float    coalesced        8        2        1     33554432          128     1693968.671   8589934592   8589934592        5.071        5.071
       float    coalesced        8        2        1     67108864           64     1693973.205   8589934592   8589934592        5.071        5.071
       float    coalesced        8        2        1    134217728           32     1693917.636   8589934592   8589934592        5.071        5.071
       float    coalesced        8        2        1    268435456           16     1693930.705   8589934592   8589934592        5.071        5.071
       float    coalesced        8        2        1    536870912            8     1693927.153   8589934592   8589934592        5.071        5.071
       float    coalesced        8        2        1   1073741824            4     1693852.191   8589934592   8589934592        5.071        5.071
       float    coalesced        8        2        1   2147483648            2     1693878.016   8589934592   8589934592        5.071        5.071
       float    coalesced        8        2        1   4293918720            1     1693498.589   8587837440   8587837440        5.071        5.071
