0 6.23381 1.54e-07 20.5
0 9.13464 2.90084 20.5
0 10.579 4.34515 20.5
0 12.0299 5.79609 20.5
1 13.4739 8.2e-08 20.5
1 14.9173 1.44343 20.5
1 16.3687 2.89482 20.5
1 17.8122 4.3383 20.5
2 19.2552 9e-08 20.5
2 20.7122 1.45701 20.5
2 22.1552 2.90002 20.5
2 23.598 4.34284 20.5
2 25.0481 5.7929 20.5
3 26.4944 1.2e-07 20.5
3 27.9358 1.44138 20.5
3 29.3904 2.89599 20.5
3 30.8309 4.33652 20.5
3 32.2732 5.77881 20.5
4 33.7302 7.6e-08 20.5
4 35.1739 1.44369 20.5
4 36.6246 2.89441 20.5
4 38.0711 4.34089 20.5
4 39.5132 5.78298 20.5
4 40.9638 7.23365 20.5
5 42.4091 1.09e-07 20.5
5 43.8506 1.4416 20.5
5 45.3375 2.9285 20.5
5 46.7893 4.38029 20.5
5 48.2396 5.83057 20.5
5 49.6826 7.27354 20.5
5 51.1356 8.72655 20.5
5 52.6022 10.1931 20.5
6 54.0556 7.2e-08 20.5
6 55.499 1.44343 20.5
6 56.9553 2.89968 20.5
6 58.3905 4.33486 20.5
6 59.8603 5.80474 20.5
6 61.3067 7.25111 20.5
6 62.7659 8.71026 20.5
6 64.2224 10.1668 20.5
6 65.6747 11.6191 21
7 67.1433 6.9e-08 21
7 68.5927 1.44936 21
7 70.0423 2.89893 21
7 71.4991 4.35571 21
7 72.9427 5.79935 21
8 74.3954 6.4e-08 21
8 75.8623 1.467 21
8 77.3151 2.91974 21
8 78.7709 4.37556 21
8 80.2122 5.81683 21
9 81.675 7.2e-08 21
9 83.1301 1.45506 21
9 84.5904 2.91537 21
10 86.0474 7.3e-08 21
10 87.4898 1.44243 21.5
10 88.9411 2.89368 21.5
11 90.4117 9.5e-08 21.5
11 91.8572 1.44553 21.5
11 93.3001 2.88845 21.5
12 94.7567 8.7e-08 21.5
12 96.2139 1.45717 21.5
13 97.6652 1.39e-07 21.5
13 99.1238 1.45855 21.5
13 100.577 2.91184 21.5
14 102.033 8.9e-08 21.5
14 103.476 1.44274 21.5
14 104.918 2.88484 21.5
15 106.391 6.8e-08 21.5
15 107.851 1.46047 21.5
16 109.316 6.6e-08 21.5
16 110.767 1.45042 21.5
16 112.212 2.89548 21.5
17 113.663 7.4e-08 21.5
17 115.106 1.44217 21.5
18 116.562 7.5e-08 21.5
18 118.006 1.44392 21.5
18 119.466 2.9042 21.5
19 120.918 5.5e-08 21.5
19 122.367 1.44909 21.5
20 123.812 6.2e-08 21.5
20 125.275 1.46354 21.5
20 126.717 2.90557 21.5
21 128.171 7.4e-08 21.5
21 129.611 1.43971 21.5
21 131.054 2.88336 21.5
22 132.504 6.4e-08 21.5
22 133.964 1.45966 21.5
23 135.407 4.4e-08 21.5
23 136.863 1.45631 21.5
23 138.307 2.90046 21.5
24 139.762 9.8e-08 21.5
24 141.209 1.44754 21.5
25 142.753 1.45e-07 21.5
25 144.192 1.43982 21.5
25 145.637 2.88492 21
26 147.092 6.7e-08 21.5
26 148.535 1.44328 21.5
26 149.977 2.88539 20.5
27 151.831 1.63e-07 21.5
27 153.277 1.44514 21.5
27 154.73 2.8983 21
28 157.482 1.54e-07 21.5
28 158.93 1.44806 21.5
28 160.373 2.89138 21
29 165.028 1.45e-07 21.5
29 166.479 1.45115 21.5
29 167.922 2.89417 21
30 176.579 1.46e-07 21.5
30 178.025 1.44592 21.5
30 179.467 2.88775 20.5
