0 6.60651 8.6e-08 21
0 9.49681 2.89029 21
0 10.9388 4.33231 21
0 12.3948 5.78825 21
0 13.8391 7.23263 21
1 15.281 9.1e-08 21
1 16.7325 1.45153 21
1 18.1745 2.89356 21.5
2 19.6153 8.4e-08 21.5
2 21.0671 1.45184 22
3 22.5086 7.7e-08 22.5
4 23.9523 6.3e-08 23.5
6 25.4188 7.7e-08 24
9 26.9582 1.45e-07 24
11 28.3905 7.1e-08 24
14 29.8349 6.4e-08 23.5
16 31.2954 8.5e-08 24.5
18 32.7432 6.3e-08 21
20 34.3829 1.62e-07 21
21 36.0411 1.48e-07 21
22 38.7855 1.53e-07 21
23 43.534 9.6e-08 21
24 52.7925 1.48e-07 21
