0 6.87768 9.9e-08 21
0 9.76151 2.88383 21
0 11.2129 4.33521 21
0 12.6549 5.77722 21
1 14.0984 8.8e-08 21
1 15.5498 1.45146 21
1 16.9893 2.8909 21
1 18.4344 4.33597 21
1 19.8917 5.79336 21
2 21.3349 1.01e-07 21
2 22.7752 1.44029 21
2 24.225 2.89011 21.5
3 25.6869 1.62e-07 21.5
4 27.1442 1.23e-07 22
5 28.5949 9.3e-08 23.5
7 30.0581 9.6e-08 24
9 31.5144 1.34e-07 24.5
12 32.9835 8.6e-08 24.5
14 34.4313 7.9e-08 24.5
17 35.8748 8.3e-08 21.5
19 37.3329 1.13e-07 21
21 38.996 1.45e-07 21
22 40.5557 1.55e-07 21
23 43.1123 1.55e-07 21
24 47.4571 1.56e-07 21
25 56.1014 1.45e-07 21
