        type trial_config ert_flop   unroll  buffers        nsize       trials       microsecs        bytes        flops         GB/s         GF/s
       float    coalesced        1       96        1          384     11184810     6235020.620   8589934080   1073741760        1.378        0.172
       float    coalesced        1       96        1          768      5592405     3357479.582   8589934080   1073741760        2.558        0.320
       float    coalesced        1       96        1         1536      2796202     1984085.339   8589932544   1073741568        4.329        0.541
       float    coalesced        1       96        1         3072      1398101     1091409.536   8589932544   1073741568        7.870        0.984
       float    coalesced        1       96        1         6144       699050      682245.095   8589926400   1073740800       12.591        1.574
       float    coalesced        1       96        1        12288       349525      487384.004   8589926400   1073740800       17.625        2.203
       float    coalesced        1       96        1        24576       174762      389989.415   8589901824   1073737728       22.026        2.753
       float    coalesced        1       96        1        49152        87381      341247.429   8589901824   1073737728       25.172        3.147
       float    coalesced        1       96        1        98304        43690      317998.226   8589803520   1073725440       27.012        3.377
       float    coalesced        1       96        1       196608        21845      341310.497   8589803520   1073725440       25.167        3.146
       float    coalesced        1       96        1       393216        10922      350766.371   8589410304   1073676288       24.488        3.061
       float    coalesced        1       96        1       786432         5461      358093.376   8589410304   1073676288       23.987        2.998
       float    coalesced        1       96        1      1572864         2730      362499.844   8587837440   1073479680       23.691        2.961
       float    coalesced        1       96        1      3145728         1365      363311.782   8587837440   1073479680       23.638        2.955
       float    coalesced        1       96        1      6291456          682      364590.008   8581545984   1072693248       23.538        2.942
       float    coalesced        1       96        1     12582912          341      364521.302   8581545984   1072693248       23.542        2.943
       float    coalesced        1       96        1     25165824          170      363588.393   8556380160   1069547520       23.533        2.942
       float    coalesced        1       96        1     50331648           85      363911.929   8556380160   1069547520       23.512        2.939
       float    coalesced        1       96        1    100663296           42      359963.521   8455716864   1056964608       23.490        2.936
       float    coalesced        1       96        1    201326592           21      359460.015   8455716864   1056964608       23.523        2.940
       float    coalesced        1       96        1    402653184           10      342652.665   8053063680   1006632960       23.502        2.938
       float    coalesced        1       96        1    805306368            5      342983.625   8053063680   1006632960       23.479        2.935
       float    coalesced        1       96        1   1610612736            2      274461.274   6442450944    805306368       23.473        2.934
       float    coalesced        1       96        1   3221225472            1      273932.344   6442450944    805306368       23.518        2.940
