        type trial_config ert_flop   unroll  buffers        nsize       trials       microsecs        bytes        flops         GB/s         GF/s
 signed_char    coalesced        1       32        2           64     16777216     6105062.495   2147483648   1073741824        0.352        0.176
 signed_char    coalesced        1       32        2          128     16777216     6234793.525   4294967296   2147483648        0.689        0.344
 signed_char    coalesced        1       32        2          256     16777216     6546558.355   8589934592   4294967296        1.312        0.656
 signed_char    coalesced        1       32        2          512     16777216     7273904.943  17179869184   8589934592        2.362        1.181
 signed_char    coalesced        1       32        2         1024      8388608     4676161.283  17179869184   8589934592        3.674        1.837
 signed_char    coalesced        1       32        2         2048      4194304     2555256.903  17179869184   8589934592        6.723        3.362
 signed_char    coalesced        1       32        2         4096      2097152     1487977.214  17179869184   8589934592       11.546        5.773
 signed_char    coalesced        1       32        2         8192      1048576     1022998.452  17179869184   8589934592       16.794        8.397
 signed_char    coalesced        1       32        2        16384       524288      818424.627  17179869184   8589934592       20.991       10.496
 signed_char    coalesced        1       32        2        32768       262144      743815.011  17179869184   8589934592       23.097       11.548
 signed_char    coalesced        1       32        2        65536       131072      778282.207  17179869184   8589934592       22.074       11.037
 signed_char    coalesced        1       32        2       131072        65536      814609.298  17179869184   8589934592       21.090       10.545
 signed_char    coalesced        1       32        2       262144        32768      831457.994  17179869184   8589934592       20.662       10.331
 signed_char    coalesced        1       32        2       524288        16384      839808.294  17179869184   8589934592       20.457       10.228
 signed_char    coalesced        1       32        2      1048576         8192      844144.171  17179869184   8589934592       20.352       10.176
 signed_char    coalesced        1       32        2      2097152         4096      846293.640  17179869184   8589934592       20.300       10.150
 signed_char    coalesced        1       32        2      4194304         2048      847477.949  17179869184   8589934592       20.272       10.136
 signed_char    coalesced        1       32        2      8388608         1024      847875.349  17179869184   8589934592       20.262       10.131
 signed_char    coalesced        1       32        2     16777216          512      848155.306  17179869184   8589934592       20.256       10.128
 signed_char    coalesced        1       32        2     33554432          256      848261.203  17179869184   8589934592       20.253       10.127
 signed_char    coalesced        1       32        2     67108864          128      848373.752  17179869184   8589934592       20.250       10.125
 signed_char    coalesced        1       32        2    134217728           64      848480.647  17179869184   8589934592       20.248       10.124
 signed_char    coalesced        1       32        2    268435456           32      848526.470  17179869184   8589934592       20.247       10.123
 signed_char    coalesced        1       32        2    536870912           16      848427.844  17179869184   8589934592       20.249       10.125
 signed_char    coalesced        1       32        2   1073741824            8      848423.028  17179869184   8589934592       20.249       10.125
 signed_char    coalesced        1       32        2   2147483648            4      848440.551  17179869184   8589934592       20.249       10.124
 signed_char    coalesced        1       32        2   4294967296            2      848450.578  17179869184   8589934592       20.249       10.124
 signed_char    coalesced        1       32        2   8588886016            1      848429.888  17177772032   8588886016       20.247       10.123
