        type trial_config ert_flop   unroll  buffers        nsize       trials       microsecs        bytes        flops         GB/s         GF/s
        long    coalesced      106        4        1           32     16777216    23805348.150   1073741824   7113539584        0.045        0.299
        long    coalesced      106        4        1           64     16777216    23805302.528   2147483648  14227079168        0.090        0.598
        long    coalesced      106        4        1          128     16777216    24549209.405   4294967296  28454158336        0.175        1.159
        long    coalesced      106        4        1          256     16777216    26185825.886   8589934592  56908316672        0.328        2.173
        long    coalesced      106        4        1          512      8388608    13315013.273   8589934592  56908316672        0.645        4.274
        long    coalesced      106        4        1         1024      4194304     7014317.750   8589934592  56908316672        1.225        8.113
        long    coalesced      106        4        1         2048      2097152     3851133.395   8589934592  56908316672        2.230       14.777
        long    coalesced      106        4        1         4096      1048576     2182420.288   8589934592  56908316672        3.936       26.076
        long    coalesced      106        4        1         8192       524288     1364140.302   8589934592  56908316672        6.297       41.717
        long    coalesced      106        4        1        16384       262144     1023135.551   8589934592  56908316672        8.396       55.621
        long    coalesced      106        4        1        32768       131072      767407.507   8589934592  56908316672       11.193       74.157
        long    coalesced      106        4        1        65536        65536      658088.536   8589934592  56908316672       13.053       86.475
        long    coalesced      106        4        1       131072        32768      607655.952   8589934592  56908316672       14.136       93.652
        long    coalesced      106        4        1       262144        16384      580969.026   8589934592  56908316672       14.786       97.954
        long    coalesced      106        4        1       524288         8192      567975.555   8589934592  56908316672       15.124      100.195
        long    coalesced      106        4        1      1048576         4096      561283.473   8589934592  56908316672       15.304      101.390
        long    coalesced      106        4        1      2097152         2048      557965.752   8589934592  56908316672       15.395      101.992
        long    coalesced      106        4        1      4194304         1024      556273.610   8589934592  56908316672       15.442      102.303
        long    coalesced      106        4        1      8388608          512      555529.159   8589934592  56908316672       15.463      102.440
        long    coalesced      106        4        1     16777216          256      555076.559   8589934592  56908316672       15.475      102.523
        long    coalesced      106        4        1     33554432          128      554854.631   8589934592  56908316672       15.481      102.564
        long    coalesced      106        4        1     67108864           64      554770.604   8589934592  56908316672       15.484      102.580
        long    coalesced      106        4        1    134217728           32      554680.154   8589934592  56908316672       15.486      102.597
        long    coalesced      106        4        1    268435456           16      554644.856   8589934592  56908316672       15.487      102.603
        long    coalesced      106        4        1    536870912            8      554668.786   8589934592  56908316672       15.487      102.599
        long    coalesced      106        4        1   1073741824            4      554633.559   8589934592  56908316672       15.488      102.605
        long    coalesced      106        4        1   2147483648            2      554687.137   8589934592  56908316672       15.486      102.595
        long    coalesced      106        4        1   4293918720            1      554473.771   8587837440  56894423040       15.488      102.610
