0 6.45106 9.4e-08 21
0 9.34264 2.89158 21
0 10.7884 4.33733 21
0 12.2403 5.78924 21
0 13.6808 7.22971 21
1 15.1262 1.01e-07 21
1 16.5801 1.45388 21
1 18.0227 2.89644 21
1 19.4658 4.3396 21
1 20.919 5.79273 21
1 22.3627 7.23642 21
2 23.8045 9.3e-08 21
2 25.2576 1.45312 21
2 26.6996 2.89506 21
2 28.1416 4.33705 21
2 29.5976 5.7931 21
2 31.0649 7.26037 21
2 32.5287 8.72417 21
3 33.9767 8.7e-08 21
3 35.4205 1.44371 21
3 36.8936 2.91687 21
3 38.3374 4.36061 21
3 39.8045 5.82775 21
3 41.2528 7.2761 21
4 42.7017 7.5e-08 21
4 44.1685 1.46675 21
4 45.6217 2.91998 21
4 47.084 4.38227 21
4 48.5282 5.82642 21
4 49.9718 7.27001 21
4 51.4287 8.72692 21
4 52.8758 10.174 21
5 54.3202 7.1e-08 21
5 55.7832 1.46304 21
5 57.2253 2.90516 21
5 58.6804 4.36021 21
6 60.1407 6.9e-08 21.5
6 61.5846 1.44387 21.5
6 63.0364 2.89573 21.5
7 64.4853 6.8e-08 21.5
7 65.9294 1.44407 22
8 67.4031 6.5e-08 22.5
9 68.8518 6e-08 23
10 70.3206 8.2e-08 23
11 71.7704 6.3e-08 23
13 73.2144 6.7e-08 23
14 74.6881 8.7e-08 23
16 76.1367 6.4e-08 23
17 77.6056 5.3e-08 23
19 79.0557 1.18e-07 23
20 80.5003 5.5e-08 23
22 82.0743 1.02e-07 21
23 83.5309 5.8e-08 21
24 84.9781 7.5e-08 21
25 86.7227 1.45e-07 21.5
26 89.7652 1.54e-07 21.5
27 94.6174 1.54e-07 21
28 103.579 1.54e-07 21
