0 6.67974 1.54e-07 21.5
0 9.57744 2.8977 21.5
0 11.0286 4.34884 21.5
0 12.4755 5.79573 21.5
0 13.9163 7.23661 21.5
1 15.3681 1.4e-07 21.5
1 16.8137 1.44557 21.5
1 18.2548 2.88672 21.5
1 19.7119 4.34374 21.5
1 21.1551 5.78695 21.5
1 22.6008 7.23268 21.5
1 24.0511 8.68299 21.5
2 25.4929 9.6e-08 21.5
2 26.9333 1.44047 21.5
2 28.3837 2.89088 21.5
3 29.827 9.7e-08 22
3 31.286 1.45891 22
4 32.7423 8.3e-08 22.5
5 34.1905 5e-08 24
6 35.6543 6.6e-08 24.5
8 37.098 6e-08 25
11 38.5393 6.7e-08 25
13 39.9959 6.3e-08 25
16 41.4558 5.7e-08 25
18 42.9128 8e-08 24.5
20 44.3549 6.5e-08 25
22 46.6992 1.06e-07 21.5
23 49.3502 1.54e-07 21.5
24 53.8969 1.57e-07 21.5
25 62.6402 1.06e-07 21.5
