0 3.29049 7.7e-08 20.5
0 6.17939 2.8889 20.5
0 7.63073 4.34024 20.5
0 9.07456 5.78407 20.5
0 10.5182 7.22774 20.5
0 11.9686 8.6781 20.5
0 13.4111 10.1206 20.5
1 14.8536 8.1e-08 20.5
1 16.3113 1.45768 20.5
1 17.7642 2.91058 20.5
1 19.2177 4.36412 20.5
1 20.66 5.80636 20.5
1 22.112 7.25841 20.5
1 23.5592 8.70557 20.5
2 25.0008 7.2e-08 20.5
2 26.4436 1.44282 20.5
2 27.8994 2.89858 20.5
2 29.3417 4.34089 20.5
2 30.783 5.78218 20.5
2 32.2332 7.23243 20.5
2 33.6861 8.68528 20.5
3 35.1282 7e-08 20.5
3 36.5791 1.45083 20.5
3 38.02 2.89173 20.5
3 39.4751 4.34688 20.5
3 40.9194 5.79119 20.5
3 42.3679 7.23966 20.5
3 43.8237 8.69546 20.5
3 45.2666 10.1384 20.5
4 46.7101 8e-08 20.5
4 48.1652 1.45509 20.5
4 49.6088 2.89868 20.5
4 51.0616 4.35152 20.5
4 52.5116 5.80151 20.5
4 53.9555 7.24545 20.5
4 55.4079 8.69781 20.5
4 56.8551 10.145 20.5
4 58.2994 11.5894 20.5
5 59.7574 7.3e-08 20.5
5 61.2017 1.44436 20.5
5 62.6467 2.88936 20.5
5 64.0982 4.34083 20.5
5 65.5419 5.78449 20.5
5 66.9853 7.2279 20.5
5 68.4367 8.67937 20.5
5 69.8799 10.1225 20.5
5 71.3281 11.5707 20.5
5 72.7794 13.022 20.5
6 74.2214 1.02e-07 20.5
6 75.6727 1.45125 20.5
6 77.1148 2.89334 20.5
6 78.5581 4.33667 20.5
6 80.0095 5.7881 20.5
6 81.4517 7.23024 20.5
6 82.895 8.67352 20.5
6 84.3522 10.1308 20.5
6 85.7963 11.5749 20.5
6 87.2403 13.0189 20.5
6 88.6933 14.4718 20.5
6 90.1446 15.9231 20.5
6 91.5817 17.3603 20.5
6 93.0393 18.8179 20.5
7 94.4829 7.2e-08 20.5
7 95.9336 1.45071 20.5
7 97.3769 2.89404 20.5
7 98.8196 4.33678 20.5
7 100.27 5.78738 20.5
7 101.725 7.24171 20.5
7 103.169 8.68627 20.5
7 104.621 10.1386 20.5
7 106.065 11.5825 20.5
7 107.509 13.0264 20.5
7 108.972 14.4891 20.5
7 110.417 15.9338 20.5
7 111.869 17.386 20.5
7 113.313 18.8298 20.5
7 114.755 20.2723 20.5
8 116.206 6.9e-08 20.5
8 117.649 1.44346 20.5
8 119.091 2.88543 20.5
8 120.549 4.34282 20.5
8 121.99 5.78403 20.5
8 123.434 7.22803 20.5
8 124.885 8.67927 20.5
8 126.327 10.1214 20.5
8 127.77 11.5639 20.5
8 129.221 13.0147 20.5
8 130.664 14.458 20.5
8 132.113 15.9074 20.5
8 133.569 17.3636 20.5
8 135.014 18.8079 20.5
8 136.466 20.2605 20.5
8 137.91 21.7042 20.5
8 139.353 23.1474 20.5
8 140.811 24.6049 20.5
8 142.254 26.0482 20.5
8 143.696 27.4903 20.5
8 145.152 28.9466 20.5
9 146.596 9.1e-08 20.5
9 148.041 1.44457 20.5
9 149.499 2.90215 20.5
9 150.941 4.34495 20.5
9 152.393 5.79667 20.5
9 153.835 7.23854 20.5
9 155.279 8.68208 20.5
9 156.73 10.1337 20.5
9 158.172 11.5759 20.5
9 159.616 13.0191 20.5
9 161.073 14.4765 20.5
9 162.516 15.9192 20.5
9 163.958 17.3615 20.5
9 165.409 18.8126 20.5
9 166.851 20.2548 20.5
10 168.294 7.1e-08 20.5
10 169.746 1.45133 20.5
10 171.189 2.89435 20.5
10 172.636 4.34223 20.5
10 174.087 5.79326 20.5
10 175.529 7.23493 20.5
10 176.98 8.68577 20.5
10 178.422 10.1275 20.5
10 179.865 11.5708 20.5
10 181.316 13.0218 20.5
10 182.758 14.4637 20.5
10 184.201 15.9069 20.5
11 185.657 6.8e-08 20.5
11 187.1 1.44309 20.5
11 188.547 2.88968 20.5
11 189.999 4.34158 20.5
11 191.442 5.78555 20.5
11 192.886 7.22913 20.5
11 194.343 8.6861 20.5
11 195.786 10.1286 20.5
11 197.237 11.5801 20.5
11 198.68 13.0231 20.5
12 200.122 7.3e-08 20.5
12 201.573 1.45074 20.5
12 203.016 2.89379 20.5
12 204.459 4.33665 20.5
12 205.915 5.79332 20.5
12 207.357 7.23485 20.5
12 208.8 8.67766 20.5
12 210.249 10.1272 20.5
12 211.691 11.5689 20.5
12 213.134 13.0118 20.5
13 214.583 6.5e-08 20.5
13 216.026 1.44298 20.5
13 217.476 2.89212 20.5
13 218.927 4.34313 20.5
13 220.369 5.78509 20.5
13 221.82 7.23617 20.5
13 223.261 8.67802 20.5
13 224.705 10.1213 20.5
13 226.156 11.5722 20.5
13 227.597 13.0139 20.5
14 229.039 5.9e-08 20.5
14 230.496 1.45702 20.5
14 231.944 2.90495 20.5
14 233.388 4.3487 20.5
14 234.84 5.80088 20.5
14 236.283 7.24395 20.5
14 237.726 8.68697 20.5
14 239.182 10.1435 20.5
14 240.625 11.5862 20.5
15 242.076 7.2e-08 20.5
15 243.517 1.44141 20.5
15 244.96 2.88439 20.5
15 246.411 4.33506 20.5
15 247.852 5.7767 20.5
15 249.295 7.21942 20.5
15 250.751 8.67487 20.5
15 252.193 10.1174 20.5
15 253.64 11.5641 20.5
15 255.092 13.0162 20.5
16 256.536 7.3e-08 20.5
16 257.98 1.44386 20.5
16 259.436 2.9003 20.5
16 260.879 4.34305 20.5
16 262.33 5.79365 20.5
16 263.771 7.23493 20.5
16 265.214 8.6778 20.5
16 266.664 10.1284 20.5
16 268.106 11.5698 20.5
17 269.549 8.3e-08 20.5
17 271.004 1.4554 20.5
17 272.447 2.89814 20.5
17 273.888 4.33954 20.5
17 275.344 5.79519 20.5
17 276.787 7.23886 20.5
17 278.231 8.6822 20.5
17 279.688 10.1397 20.5
17 281.131 11.5823 20.5
18 282.582 7.5e-08 20.5
18 284.024 1.44282 20.5
18 285.467 2.88581 20.5
18 286.918 4.33629 20.5
18 288.359 5.77771 20.5
18 289.802 7.22047 20.5
18 291.259 8.67706 20.5
18 292.705 10.1234 20.5
18 294.148 11.567 20.5
19 295.6 6.6e-08 20.5
19 297.044 1.44326 20.5
19 298.486 2.88564 20.5
19 299.942 4.34204 20.5
19 301.385 5.78467 20.5
19 302.836 7.23526 20.5
19 304.277 8.67665 20.5
19 305.72 10.1196 20.5
19 307.169 11.5689 20.5
19 308.612 13.0115 20.5
20 310.054 8e-08 20.5
20 311.511 1.45687 20.5
20 312.954 2.89979 20.5
20 314.4 4.34633 20.5
20 315.852 5.79807 20.5
20 317.296 7.24179 20.5
20 318.739 8.68561 20.5
20 320.197 10.1428 20.5
20 321.64 11.5864 20.5
21 323.091 7.5e-08 20.5
21 324.533 1.44159 20.5
21 325.976 2.88454 20.5
21 327.427 4.33527 20.5
21 328.868 5.7769 20.5
21 330.311 7.21987 20.5
21 331.768 8.67657 20.5
21 333.209 10.118 20.5
21 334.652 11.5609 20.5
22 336.102 1.24e-07 20.5
22 337.543 1.44179 20.5
22 338.986 2.8846 20.5
22 340.435 4.33392 20.5
22 341.878 5.77672 20.5
22 343.327 7.22557 20.5
22 344.778 8.67607 20.5
22 346.219 10.1174 20.5
22 347.67 11.5681 20.5
22 349.111 13.0097 20.5
23 350.554 8e-08 20.5
23 352.005 1.45074 20.5
23 353.447 2.8923 20.5
23 354.889 4.33523 20.5
23 356.345 5.79067 20.5
23 357.793 7.23839 20.5
23 359.236 8.68218 20.5
23 360.688 10.134 20.5
23 362.132 11.5776 20.5
24 363.575 6.6e-08 20.5
24 365.032 1.45681 20.5
24 366.475 2.89961 20.5
24 367.926 4.35053 20.5
24 369.367 5.79203 20.5
24 370.81 7.23502 20.5
24 372.26 8.68448 20.5
24 373.703 10.1275 20.5
24 375.146 11.5705 20.5
25 376.601 6.8e-08 20.5
25 378.044 1.44297 20.5
25 379.491 2.88927 20.5
25 380.942 4.34066 20.5
25 382.385 5.78401 20.5
25 383.829 7.22801 20.5
25 385.287 8.68589 20.5
25 386.73 10.129 20.5
25 388.181 11.5799 20.5
26 389.624 6.3e-08 20.5
26 391.067 1.44296 20.5
26 392.516 2.89237 20.5
26 393.96 4.33552 20.5
26 395.402 5.77835 20.5
26 396.858 7.23381 20.5
26 398.3 8.67629 20.5
26 399.742 10.1178 20.5
26 401.197 11.5729 20.5
26 402.641 13.0165 20.5
27 404.084 7.5e-08 20.5
27 405.542 1.45768 20.5
27 406.985 2.901 20.5
27 408.437 4.35271 20.5
27 409.88 5.79564 20.5
27 411.323 7.23859 20.5
27 412.772 8.68801 20.5
27 414.215 10.1308 20.5
27 415.658 11.5734 20.5
28 417.113 1e-07 20.5
28 418.554 1.44141 20.5
28 419.997 2.88376 20.5
28 421.447 4.33381 20.5
28 422.89 5.77693 20.5
28 424.332 7.21949 20.5
28 425.783 8.67037 20.5
28 427.225 10.1117 20.5
28 428.674 11.5614 20.5
28 430.124 13.0112 20.5
29 431.567 7.6e-08 20.5
29 433.016 1.44936 20.5
29 434.458 2.89089 20.5
29 435.901 4.33377 20.5
29 437.351 5.78452 20.5
29 438.795 7.2278 20.5
29 440.236 8.66873 20.5
29 441.692 10.1255 20.5
29 443.135 11.5685 21
30 445.38 1.6e-07 20.5
30 446.82 1.44004 20.5
30 448.271 2.89165 20.5
30 449.715 4.33543 20.5
30 451.158 5.77878 20.5
30 452.615 7.23566 20.5
30 454.058 8.6781 20.5
30 455.5 10.12 20.5
30 456.95 11.5707 20.5
30 458.392 13.0126 21
31 461.236 1.78e-07 20.5
31 462.677 1.44074 20.5
31 464.12 2.88369 20.5
31 465.571 4.3344 20.5
31 467.014 5.7776 20.5
31 468.457 7.2204 20.5
31 469.915 8.67861 20.5
31 471.355 10.1188 20.5
31 472.798 11.5616 20.5
31 474.247 13.0109 21
32 479.392 1.07e-07 20.5
32 480.843 1.45122 20.5
32 482.287 2.89528 20.5
32 483.73 4.3383 20.5
32 485.181 5.78933 20.5
32 486.623 7.23184 20.5
32 488.072 8.68074 20.5
32 489.524 10.1327 20.5
32 490.964 11.5728 20.5
32 492.415 13.0235 20.5
