        type trial_config ert_flop   unroll  buffers        nsize       trials       microsecs        bytes        flops         GB/s         GF/s
      double    coalesced        8        1        2           16     16777216    11902955.448    536870912    268435456        0.045        0.023
      double    coalesced        8        1        2           32     16777216    11902879.384   1073741824    536870912        0.090        0.045
      double    coalesced        8        1        2           64     16777216    11902906.180   2147483648   1073741824        0.180        0.090
      double    coalesced        8        1        2          128     16777216    13093144.738   4294967296   2147483648        0.328        0.164
      double    coalesced        8        1        2          256     16777216    14547914.574   8589934592   4294967296        0.590        0.295
      double    coalesced        8        1        2          512     16777216    16366360.273  17179869184   8589934592        1.050        0.525
      double    coalesced        8        1        2         1024      8388608     9522424.846  17179869184   8589934592        1.804        0.902
      double    coalesced        8        1        2         2048      4194304     5783553.295  17179869184   8589934592        2.970        1.485
      double    coalesced        8        1        2         4096      2097152     3897087.785  17179869184   8589934592        4.408        2.204
      double    coalesced        8        1        2         8192      1048576     2946303.154  17179869184   8589934592        5.831        2.915
      double    coalesced        8        1        2        16384       524288     2455321.639  17179869184   8589934592        6.997        3.498
      double    coalesced        8        1        2        32768       262144     2224047.555  17179869184   8589934592        7.725        3.862
      double    coalesced        8        1        2        65536       131072     2100031.215  17179869184   8589934592        8.181        4.090
      double    coalesced        8        1        2       131072        65536     2046139.687  17179869184   8589934592        8.396        4.198
      double    coalesced        8        1        2       262144        32768     2014192.237  17179869184   8589934592        8.529        4.265
      double    coalesced        8        1        2       524288        16384     1999087.918  17179869184   8589934592        8.594        4.297
      double    coalesced        8        1        2      1048576         8192     1991371.438  17179869184   8589934592        8.627        4.314
      double    coalesced        8        1        2      2097152         4096     1987838.866  17179869184   8589934592        8.642        4.321
      double    coalesced        8        1        2      4194304         2048     1985972.318  17179869184   8589934592        8.651        4.325
      double    coalesced        8        1        2      8388608         1024     1985079.938  17179869184   8589934592        8.654        4.327
      double    coalesced        8        1        2     16777216          512     1984687.781  17179869184   8589934592        8.656        4.328
      double    coalesced        8        1        2     33554432          256     1984362.991  17179869184   8589934592        8.658        4.329
      double    coalesced        8        1        2     67108864          128     1984332.073  17179869184   8589934592        8.658        4.329
      double    coalesced        8        1        2    134217728           64     1984220.802  17179869184   8589934592        8.658        4.329
      double    coalesced        8        1        2    268435456           32     1984205.818  17179869184   8589934592        8.658        4.329
      double    coalesced        8        1        2    536870912           16     1984158.894  17179869184   8589934592        8.659        4.329
      double    coalesced        8        1        2   1073741824            8     1984226.369  17179869184   8589934592        8.658        4.329
      double    coalesced        8        1        2   2147483648            4     1984150.150  17179869184   8589934592        8.659        4.329
      double    coalesced        8        1        2   4294967296            2     1984156.487  17179869184   8589934592        8.659        4.329
      double    coalesced        8        1        2   8588886016            1     1983906.825  17177772032   8588886016        8.659        4.329
