0 3.13174 7.4e-08 20.5
0 6.02704 2.8953 20.5
0 7.46722 4.33548 20.5
0 8.91078 5.77903 20.5
1 10.3653 8.2e-08 20.5
1 11.8063 1.44097 20.5
1 13.2576 2.89234 20.5
1 14.7074 4.34211 20.5
2 16.149 5.3e-08 20.5
2 17.6008 1.45177 20.5
2 19.0433 2.89428 20.5
2 20.4924 4.34335 20.5
3 21.9504 7.3e-08 20.5
3 23.405 1.45457 20.5
3 24.8547 2.90425 20.5
3 26.3275 4.37712 20.5
3 27.7771 5.82666 20.5
4 29.2344 8.4e-08 20.5
4 30.6789 1.44451 20.5
4 32.1392 2.90484 20.5
4 33.6067 4.37235 20.5
4 35.0603 5.82586 20.5
5 36.5275 6.1e-08 20.5
5 37.9706 1.44314 20.5
5 39.4133 2.88575 20.5
5 40.8697 4.34219 20.5
5 42.3296 5.80206 20.5
5 43.7914 7.26388 20.5
5 45.2516 8.72405 21
6 46.6955 6.3e-08 20.5
6 48.1474 1.4519 21
6 49.607 2.91142 21
6 51.0731 4.37753 21
7 52.5159 6.4e-08 21
7 53.9579 1.44206 21
7 55.43 2.91408 21
8 56.8865 6.7e-08 21
8 58.3279 1.44143 21
9 59.7861 5.3e-08 21
10 61.2456 3.97e-07 21
10 62.6963 1.45066 21
11 64.1549 6.9e-08 21
12 65.5977 5.8e-08 21
13 67.0489 6.1e-08 21
14 68.4912 5.9e-08 21
15 69.9345 4.9e-08 21
15 71.3862 1.45174 21
16 72.8455 8.9e-08 21
17 74.2967 8.6e-08 21
18 75.7411 7.2e-08 21
19 77.181 5.9e-08 21
20 78.6323 6.5e-08 21
20 80.0956 1.46328 21
21 81.5387 5.9e-08 21.5
22 82.9952 4.9e-08 21
23 84.439 5.9e-08 21.5
24 85.8883 5.5e-08 21
25 87.6398 1.48e-07 21.5
25 89.0903 1.45048 21.5
26 90.5344 5.4e-08 21
27 92.7791 1.45e-07 21
27 94.2184 1.43929 21
28 96.8612 1.45e-07 21.5
28 98.3021 1.44085 21
29 103.248 2e-07 21
29 104.687 1.43943 20.5
