0 3.38229 1.54e-07 21
0 6.27797 2.89567 21
0 7.7217 4.33941 21
0 9.16533 5.78303 21
0 10.6152 7.23293 21
0 12.0592 8.67691 21
0 13.5069 10.1246 21
0 14.9566 11.5743 21
0 16.3987 13.0164 21
0 17.857 14.4747 21
0 19.2985 15.9162 21
0 20.758 17.3757 21
0 22.2059 18.8236 21
0 23.6553 20.273 21
0 25.0975 21.7152 21
0 26.5478 23.1656 21
0 27.9975 24.6152 21
0 29.4497 26.0674 21
1 30.8942 7.6e-08 21
1 32.344 1.4498 21
1 33.802 2.9078 21
1 35.2515 4.35728 21
1 36.6946 5.8004 21
1 38.1471 7.2529 21
1 39.5967 8.70249 21
1 41.0462 10.152 21
1 42.4981 11.6039 21
1 43.9474 13.0532 21
1 45.398 14.5038 21
1 46.8416 15.9474 21
1 48.296 17.4017 21
1 49.7484 18.8542 21
1 51.1923 20.298 21
1 52.6353 21.741 21
1 54.0863 23.1921 21
1 55.5297 24.6355 21
2 56.9784 6.9e-08 21
2 58.4293 1.45086 21
2 59.8773 2.89888 21
2 61.3341 4.35564 21
2 62.7832 5.80476 21
2 64.2166 7.2382 21
2 65.6737 8.69525 21
2 67.1166 10.1382 21
2 68.5597 11.5812 21
2 70.0106 13.0321 21
2 71.4525 14.474 21
2 72.8954 15.9169 21
2 74.3454 17.3669 21
2 75.7882 18.8098 21
2 77.2378 20.2593 21
2 78.6891 21.7106 21
2 80.139 23.1606 21
2 81.5898 24.6114 21
3 83.0315 8.6e-08 21
3 84.4805 1.44898 21
3 85.9319 2.90043 21
3 87.3756 4.34413 21
3 88.8202 5.78871 21
3 90.2723 7.2408 21
3 91.7168 8.68526 21
3 93.1599 10.1284 21
3 94.6164 11.5849 21
3 96.0594 13.0279 21
3 97.5153 14.4838 21
3 98.9597 15.9282 21
3 100.408 17.3764 21
3 101.861 18.8299 21
3 103.304 20.2726 21
3 104.752 21.7206 21
3 106.205 23.1734 21
3 107.649 24.6172 21
4 109.092 6.7e-08 21
4 110.548 1.4566 21
4 111.991 2.89958 21
4 113.442 4.35031 21
4 114.885 5.79344 21
4 116.328 7.23638 21
4 117.786 8.69404 21
4 119.23 10.1389 21
4 120.675 11.5831 21
4 122.127 13.0354 21
4 123.57 14.4786 21
4 125.013 15.9216 21
4 126.465 17.373 21
4 127.907 18.8159 21
4 129.355 20.2638 21
4 130.806 21.7148 21
4 132.25 23.158 21
4 133.701 24.6091 21
4 135.144 26.052 21
5 136.588 6.4e-08 21
5 138.046 1.45845 21
5 139.491 2.90325 21
5 140.936 4.34808 21
5 142.387 5.79925 21
5 143.83 7.24294 21
5 145.274 8.68608 21
5 146.725 10.1376 21
5 148.168 11.5807 21
5 149.617 13.0299 21
5 151.069 14.4818 21
5 152.514 15.9263 21
5 153.975 17.3871 21
5 155.415 18.827 21
5 156.863 20.2755 21
5 158.314 21.7262 21
5 159.756 23.1687 21
5 161.198 24.6109 21
5 162.649 26.0613 21
5 164.091 27.5036 21
5 165.534 28.9468 21
6 166.986 7.1e-08 21
6 168.429 1.44312 21
6 169.877 2.89113 21
6 171.328 4.34222 21
6 172.771 5.78559 21
6 174.223 7.23724 21
6 175.667 8.68122 21
6 177.111 10.1255 21
6 178.57 11.5841 21
6 180.014 13.0279 21
6 181.458 14.4719 21
6 182.909 15.9231 21
6 184.351 17.3652 21
6 185.794 18.8084 21
6 187.246 20.2599 21
6 188.689 21.703 21
6 190.137 23.1511 21
6 191.588 24.6021 21
6 193.031 26.0454 21
6 194.486 27.5004 21
6 195.931 28.945 21
6 197.375 30.3894 21
7 198.832 6.5e-08 21
7 200.275 1.44319 21
7 201.719 2.88647 21
7 203.17 4.33768 21
7 204.612 5.77975 21
7 206.055 7.22274 21
7 207.506 8.67418 21
7 208.949 10.1172 21
7 210.397 11.565 21
7 211.848 13.016 21
7 213.29 14.458 21
7 214.741 15.9091 21
7 216.183 17.3508 21
7 217.626 18.794 21
7 219.077 20.2449 21
7 220.519 21.6867 21
7 221.962 23.1298 21
7 223.419 24.587 21
7 224.862 26.0301 21
7 226.304 27.4721 21
7 227.754 28.9219 21
7 229.196 30.364 21
7 230.639 31.8072 21
7 232.091 33.2585 21
7 233.538 34.7058 21
7 234.981 36.1493 21
8 236.432 7.6e-08 21
8 237.874 1.44198 21
8 239.325 2.89307 21
8 240.767 4.33505 21
8 242.211 5.77848 21
8 243.662 7.22969 21
8 245.104 8.67174 21
8 246.553 10.121 21
8 248.005 11.5724 21
8 249.447 13.0143 21
8 250.89 14.4574 21
8 252.339 15.9072 21
8 253.782 17.3494 21
8 255.225 18.7925 21
8 256.676 20.2442 21
9 258.119 6e-08 21
9 259.568 1.44876 21
9 261.019 2.89988 21
9 262.461 4.34192 21
9 263.912 5.79333 21
9 265.354 7.23524 21
9 266.798 8.67846 21
9 268.249 10.1295 21
9 269.691 11.5715 21
9 271.134 13.0148 21
10 272.591 7e-08 21
10 274.033 1.44203 21
10 275.475 2.88415 21
10 276.926 4.33518 21
10 278.368 5.77721 21
10 279.811 7.22027 21
10 281.263 8.67165 21
11 282.705 6.7e-08 21
11 284.154 1.44913 21
11 285.605 2.90006 21
11 287.046 4.34187 21
11 288.496 5.79163 21
11 289.939 7.23477 21
12 291.383 6.9e-08 21
12 292.834 1.45108 21
12 294.276 2.89295 21
12 295.719 4.33616 21
12 297.175 5.79194 21
13 298.618 6.5e-08 21
13 300.06 1.44174 21
13 301.511 2.89266 21
13 302.953 4.33474 21
13 304.396 5.77777 21
14 305.847 6.6e-08 21
14 307.29 1.44288 21
14 308.738 2.89076 21
14 310.194 4.34679 21
14 311.637 5.79042 21
15 313.089 7.6e-08 21
15 314.533 1.44354 21
15 315.976 2.88723 21
15 317.432 4.34324 21
15 318.876 5.78653 21
16 320.319 7.7e-08 21
16 321.77 1.45188 21
16 323.213 2.89414 21
16 324.655 4.33607 21
16 326.106 5.78738 21
17 327.56 6.8e-08 21
17 329.011 1.45169 21
17 330.455 2.89553 21
17 331.899 4.33936 21
18 333.351 8e-08 21
18 334.795 1.44367 21
18 336.238 2.88745 21
18 337.694 4.3434 21
18 339.137 5.78658 21
19 340.58 5.1e-08 21
19 342.031 1.45044 21
19 343.474 2.89387 21
19 344.917 4.33701 21
19 346.369 5.78845 21
20 347.81 6.6e-08 21
20 349.272 1.46185 21
20 350.716 2.90528 21
20 352.159 4.34901 21
20 353.611 5.80064 21
21 355.055 6.4e-08 21
21 356.498 1.44292 21
21 357.955 2.90001 21
21 359.398 4.34306 21
22 360.839 7e-08 21
22 362.291 1.45153 21
22 363.733 2.89347 21
22 365.176 4.33631 21
22 366.625 5.78604 21
23 368.069 7.2e-08 21
23 369.511 1.44207 21
23 370.973 2.90412 21
23 372.416 4.3474 21
23 373.867 5.79882 21
24 375.311 6.5e-08 21
24 376.755 1.44417 21
24 378.213 2.90196 21
24 379.656 4.34527 21
25 381.099 6e-08 21
25 382.55 1.45099 21
25 383.992 2.89296 21
25 385.435 4.33599 21
25 386.887 5.78718 22
26 388.328 6.7e-08 21
26 389.777 1.44912 21
26 391.228 2.9001 21
26 392.67 4.34176 21
26 394.121 5.79282 21
27 395.563 1.04e-07 21
27 397.006 1.44329 21
27 398.457 2.8944 21
27 399.91 4.34699 21
27 401.354 5.79072 21.5
28 402.806 6.7e-08 21
28 404.249 1.44356 21
28 405.693 2.88682 21
28 407.144 4.33797 21
28 408.587 5.78101 21
29 410.631 1.54e-07 21
29 412.069 1.43812 21
29 413.521 2.89003 21
29 414.962 4.33134 21
29 416.41 5.77906 21
30 419.762 1.54e-07 21
30 421.214 1.45169 21
30 422.657 2.8954 21
30 424.101 4.33885 21
30 425.558 5.7957 21
31 431.104 1.55e-07 21
31 432.548 1.44417 21
31 433.999 2.89588 21
31 435.444 4.34008 21
31 436.885 5.78187 21
