0 6.63997 1.2e-07 23
0 9.53939 2.89942 23
0 10.9819 4.34188 23
0 12.4336 5.7936 23
0 13.8771 7.23709 23
0 15.3224 8.68247 23
0 16.7729 10.1329 23
0 18.2169 11.5769 23
0 19.665 13.025 23
0 21.1198 14.4798 23
0 22.5628 15.9228 23
0 24.0143 17.3743 23
0 25.4594 18.8194 23
0 26.9027 20.2627 23
0 28.3546 21.7146 23
0 29.7986 23.1587 23
0 31.2424 24.6024 23
0 32.7008 26.0608 23
0 34.1447 27.5047 23
0 35.589 28.949 23
0 37.0406 30.4006 23
0 38.4846 31.8446 23
0 39.9282 33.2882 23
0 41.3799 34.7399 23
0 42.8239 36.1839 23
1 44.2681 9e-08 23
1 45.7258 1.45765 23
1 47.1692 2.90103 23
1 48.621 4.35292 23
1 50.0648 5.79663 23
1 51.5082 7.24006 23
1 52.9599 8.69173 23
1 54.4033 10.1351 23
1 55.8467 11.5786 23
1 57.3088 13.0406 23
1 58.7486 14.4804 23
1 60.1921 15.924 23
1 61.6433 17.3752 23
1 63.0868 18.8186 23
1 64.5303 20.2622 23
1 65.982 21.7139 23
1 67.4258 23.1576 23
1 68.8693 24.6012 23
1 70.3271 26.0589 23
1 71.7712 27.5031 23
1 73.2227 28.9545 23
1 74.6665 30.3984 23
1 76.1103 31.8421 23
1 77.5624 33.2943 23
1 79.0062 34.7381 23
1 80.4501 36.1819 23
2 81.9079 6.6e-08 23
2 83.352 1.44406 23
2 84.7958 2.88788 23
2 86.2474 4.33951 23
2 87.6951 5.78712 23
2 89.1347 7.22673 23
2 90.5866 8.67871 23
2 92.0304 10.1225 23
2 93.474 11.5661 23
2 94.9357 13.0278 23
2 96.3756 14.4676 23
2 97.8271 15.9192 23
2 99.2708 17.3628 23
2 100.714 18.8061 23
2 102.165 20.2575 23
2 103.609 21.7012 23
2 105.053 23.1449 23
2 106.511 24.6028 23
2 107.954 26.0465 23
2 109.399 27.4907 23
2 110.851 28.9426 23
2 112.295 30.3869 23
2 113.739 31.8307 23
2 115.19 33.2826 23
2 116.634 34.7264 23
2 118.078 36.1704 23
3 119.535 9.1e-08 23
3 120.978 1.44286 23
3 122.429 2.89356 23
3 123.872 4.3367 23
3 125.315 5.77943 23
3 126.765 7.22957 23
3 128.206 8.67025 23
3 129.649 10.1132 23
3 131.099 11.5637 23
3 132.542 13.0067 23
3 133.985 14.45 23
3 135.447 15.9113 23
3 136.886 17.3503 23
3 138.328 18.7931 23
3 139.779 20.2435 23
3 141.22 21.685 23
3 142.662 23.1263 23
3 144.112 24.5763 23
3 145.554 26.0186 23
3 146.997 27.4617 23
3 148.448 28.9131 23
3 149.892 30.3564 23
3 151.335 31.8 23
3 152.792 33.2567 23
3 154.239 34.704 23
3 155.686 36.1504 23
4 157.129 7.6e-08 23
4 158.571 1.44266 23
4 160.021 2.89227 23
4 161.462 4.33327 23
4 162.904 5.77526 23
4 164.355 7.22643 23
4 165.798 8.669 23
4 167.241 10.1122 23
4 168.698 11.5693 23
4 170.141 13.0123 23
4 171.584 14.4555 23
4 173.035 15.9061 23
4 174.477 17.3486 23
4 175.919 18.7903 23
4 177.369 20.2405 23
4 178.811 21.6823 23
4 180.258 23.1292 23
4 181.705 24.5758 23
4 183.148 26.0189 23
4 184.591 27.4619 23
4 186.047 28.9183 23
4 187.489 30.3605 23
4 188.931 31.802 23
4 190.38 33.2512 23
4 191.821 34.6926 23
4 193.276 36.1472 23
4 194.715 37.5861 23
5 196.157 7.8e-08 23
5 197.608 1.45053 23
5 199.049 2.8919 23
5 200.49 4.33285 23
5 201.94 5.78243 23
5 203.381 7.22402 23
5 204.824 8.66654 23
5 206.281 10.1232 23
5 207.724 11.5662 23
5 209.166 13.0089 23
5 210.617 14.4592 23
5 212.058 15.9005 23
5 213.499 17.3418 23
5 214.949 18.7916 23
5 216.392 20.2345 23
5 217.835 21.6776 23
5 219.291 23.1336 23
5 220.729 24.5721 23
5 222.173 26.0152 23
5 223.629 27.4717 23
5 225.076 28.919 23
5 226.527 30.3698 23
5 227.97 31.8126 23
5 229.413 33.2557 23
5 230.864 34.7069 23
5 232.307 36.1496 23
5 233.749 37.5918 23
5 235.199 39.0419 23
5 236.641 40.4835 23
5 238.083 41.9253 23
6 239.539 9.1e-08 23
6 240.983 1.44377 23
6 242.426 2.88671 23
6 243.882 4.34265 23
6 245.321 5.7816 23
6 246.764 7.22494 23
6 248.215 8.67568 23
6 249.658 10.119 23
6 251.101 11.5617 23
6 252.551 13.0118 23
6 253.992 14.4529 23
6 255.434 15.895 23
6 256.891 17.3519 23
6 258.334 18.7948 23
6 259.786 20.2464 23
6 261.229 21.6895 23
7 262.672 7.9e-08 23
7 264.124 1.45187 23
7 265.568 2.89555 23
7 267.011 4.33931 23
7 268.469 5.79666 23
7 269.913 7.24046 23
7 271.356 8.68352 23
7 272.807 10.1345 23.5
8 274.249 7e-08 23.5
8 275.691 1.44162 23.5
8 277.141 2.89165 23.5
8 278.584 4.33464 23.5
8 280.027 5.77796 23.5
9 281.478 8.8e-08 23.5
9 282.922 1.44364 23.5
9 284.366 2.88754 23.5
10 285.823 7.1e-08 24
10 287.267 1.4436 24
10 288.718 2.89511 24
11 290.162 5.5e-08 24
11 291.605 1.44317 24
12 293.057 7e-08 24
13 294.5 7.2e-08 24
13 295.944 1.44371 24
14 297.401 8.2e-08 24
14 298.845 1.44369 24
15 300.287 8e-08 24.5
16 301.74 6.4e-08 24.5
16 303.182 1.44237 24.5
17 304.625 6.3e-08 24
18 306.077 6.4e-08 24.5
18 307.521 1.44357 24.5
19 308.964 6.4e-08 24
20 310.422 5.8e-08 24.5
20 311.865 1.44355 24.5
21 313.317 6e-08 24.5
22 314.764 5.9e-08 24.5
22 316.203 1.4392 24.5
23 317.655 7.2e-08 24.5
24 319.398 1.63e-07 24
24 320.847 1.44885 23.5
25 322.29 1.17e-07 24.5
25 323.734 1.44344 23.5
26 325.291 1.68e-07 24.5
26 326.733 1.44172 23.5
27 329.491 1.63e-07 24.5
27 330.939 1.44726 23.5
28 335.684 1.72e-07 24
28 337.125 1.44139 23.5
29 346.175 1.68e-07 24.5
29 347.618 1.44319 23.5
