        type trial_config ert_flop   unroll  buffers        nsize       trials       microsecs        bytes        flops         GB/s         GF/s
       float    coalesced        2       64        2          512     16777216     7274222.893  17179869184   4294967296        2.362        0.590
       float    coalesced        2       64        2         1024      8388608     3978306.664  17179869184   4294967296        4.318        1.080
       float    coalesced        2       64        2         2048      4194304     2338382.381  17179869184   4294967296        7.347        1.837
       float    coalesced        2       64        2         4096      2097152     1364272.043  17179869184   4294967296       12.593        3.148
       float    coalesced        2       64        2         8192      1048576      909642.855  17179869184   4294967296       18.886        4.722
       float    coalesced        2       64        2        16384       524288      682309.751  17179869184   4294967296       25.179        6.295
       float    coalesced        2       64        2        32768       262144      590106.619  17179869184   4294967296       29.113        7.278
       float    coalesced        2       64        2        65536       131072      574690.645  17179869184   4294967296       29.894        7.474
       float    coalesced        2       64        2       131072        65536      564920.806  17179869184   4294967296       30.411        7.603
       float    coalesced        2       64        2       262144        32768      562672.277  17179869184   4294967296       30.533        7.633
       float    coalesced        2       64        2       524288        16384      560875.178  17179869184   4294967296       30.630        7.658
       float    coalesced        2       64        2      1048576         8192      559787.218  17179869184   4294967296       30.690        7.672
       float    coalesced        2       64        2      2097152         4096      559243.982  17179869184   4294967296       30.720        7.680
       float    coalesced        2       64        2      4194304         2048      558927.152  17179869184   4294967296       30.737        7.684
       float    coalesced        2       64        2      8388608         1024      558808.244  17179869184   4294967296       30.744        7.686
       float    coalesced        2       64        2     16777216          512      558739.072  17179869184   4294967296       30.748        7.687
       float    coalesced        2       64        2     33554432          256      558727.570  17179869184   4294967296       30.748        7.687
       float    coalesced        2       64        2     67108864          128      558710.645  17179869184   4294967296       30.749        7.687
       float    coalesced        2       64        2    134217728           64      558794.768  17179869184   4294967296       30.745        7.686
       float    coalesced        2       64        2    268435456           32      558714.715  17179869184   4294967296       30.749        7.687
       float    coalesced        2       64        2    536870912           16      558766.810  17179869184   4294967296       30.746        7.687
       float    coalesced        2       64        2   1073741824            8      558760.212  17179869184   4294967296       30.746        7.687
       float    coalesced        2       64        2   2147483648            4      558875.218  17179869184   4294967296       30.740        7.685
       float    coalesced        2       64        2   4294967296            2      558690.619  17179869184   4294967296       30.750        7.688
       float    coalesced        2       64        2   8588886016            1      558931.509  17177772032   4294443008       30.733        7.683
