0 6.49933 7.7e-08 23.5
0 9.39433 2.895 23.5
0 10.8377 4.33836 23.5
0 12.2792 5.77991 23.5
0 13.7301 7.23079 23.5
0 15.1756 8.67626 23.5
0 16.6184 10.119 23.5
0 18.0697 11.5704 23.5
0 19.5122 13.0128 23.5
0 20.9561 14.4568 23.5
0 22.4136 15.9143 23.5
0 23.8568 17.3574 23.5
0 25.2928 18.7935 23.5
0 26.751 20.2516 23.5
0 28.1949 21.6956 23.5
0 29.6384 23.139 23.5
0 31.0889 24.5896 23.5
0 32.5305 26.0312 23.5
0 33.9745 27.4752 23.5
0 35.4259 28.9266 23.5
0 36.869 30.3697 23.5
0 38.3118 31.8124 23.5
0 39.7676 33.2682 23.5
0 41.207 34.7077 23.5
0 42.6502 36.1509 23.5
0 44.1007 37.6014 23.5
0 45.5436 39.0442 23
0 46.9875 40.4881 23.5
0 48.4392 41.9399 23.5
0 49.8823 43.383 23.5
0 51.3246 44.8253 23.5
0 52.7759 46.2766 23
0 54.2196 47.7203 23.5
0 55.6615 49.1622 23.5
0 57.1118 50.6125 23.5
0 58.5562 52.0569 23.5
0 60 53.5006 23.5
0 61.4577 54.9584 23.5
0 62.8943 56.3949 23.5
0 64.3371 57.8378 23.5
0 65.7937 59.2944 23.5
0 67.2361 60.7367 23.5
0 68.6718 62.1725 23.5
0 70.1284 63.6291 23.5
0 71.5709 65.0716 23.5
1 73.0135 7.8e-08 23
1 74.4642 1.45065 23.5
1 75.9075 2.89394 23.5
1 77.3594 4.34592 23.5
1 78.8029 5.78933 23.5
1 80.2469 7.23334 23
1 81.6971 8.68359 23.5
1 83.1439 10.1304 23.5
1 84.5831 11.5696 23.5
1 86.0349 13.0213 23
1 87.4784 14.4649 23
1 88.9216 15.9081 23
1 90.3763 17.3628 23
1 91.8155 18.802 23.5
1 93.2639 20.2504 23.5
1 94.7202 21.7067 23.5
1 96.1638 23.1503 23
1 97.6076 24.5941 23
1 99.06 26.0465 23.5
1 100.504 27.4904 23.5
1 101.946 28.9327 23.5
1 103.397 30.3837 23
1 104.841 31.8273 23
1 106.284 33.2707 23
1 107.736 34.722 23
1 109.178 36.1648 23.5
1 110.621 37.607 23
1 112.076 39.0628 23
1 113.515 40.5014 23
1 114.958 41.9444 23
1 116.409 43.3951 23
1 117.852 44.8383 23
1 119.296 46.2821 23
1 120.753 47.7396 23
1 122.196 49.1825 23
1 123.633 50.6193 23
1 125.09 52.0761 23
1 126.534 53.5201 23
1 127.986 54.9723 23
1 129.43 56.4162 23
1 130.873 57.8598 23
1 132.324 59.3108 23.5
1 133.766 60.7529 23.5
1 135.21 62.1962 23.5
1 136.662 63.6485 23.5
2 138.106 8.3e-08 23
2 139.549 1.44276 23
2 140.998 2.8924 23.5
2 142.441 4.33528 23.5
2 143.885 5.7788 23.5
2 145.343 7.23691 23
2 146.787 8.68085 23
2 148.23 10.1241 23
2 149.681 11.5751 23.5
2 151.124 13.018 23.5
2 152.568 14.4617 23.5
2 154.018 15.9125 23
2 155.46 17.3543 23
2 156.903 18.7972 23.5
2 158.355 20.2487 23.5
2 159.798 21.6924 23.5
2 161.242 23.1363 23.5
2 162.695 24.5885 23
2 164.138 26.0316 23
2 165.58 27.4742 23
2 167.031 28.925 23.5
2 168.475 30.369 23.5
2 169.919 31.8133 23.5
2 171.377 33.271 23
2 172.82 34.7144 23
2 174.257 36.1513 23.5
2 175.714 37.6081 23.5
2 177.158 39.0518 23.5
2 178.61 40.504 23
2 180.054 41.948 23
2 181.498 43.392 23
2 182.95 44.844 23
2 184.394 46.2882 23.5
2 185.837 47.7315 23
2 187.288 49.1819 23
2 188.731 50.6249 23
2 190.174 52.0682 23
2 191.632 53.5261 23.5
2 193.076 54.9696 23.5
2 194.524 56.4179 23.5
2 195.97 57.8638 23
2 197.413 59.3067 23
2 198.856 60.7499 23
2 200.308 62.2017 23.5
2 201.752 63.6462 23.5
3 203.197 5.3e-08 23
3 204.649 1.4521 23
3 206.092 2.89511 23
3 207.534 4.33748 23
3 208.985 5.78863 23
3 210.429 7.23209 23
3 211.873 8.67608 23.5
3 213.33 10.1338 23
3 214.773 11.5764 23
3 216.21 13.013 23
3 217.666 14.4693 23
3 219.11 15.9136 23.5
3 220.562 17.3652 23
3 222.005 18.8089 23
3 223.45 20.2533 23
3 224.902 21.7049 23
3 226.348 23.1519 23
3 227.787 24.5906 23
3 229.239 26.0421 23
3 230.682 27.4858 23
3 232.126 28.9297 23
3 233.585 30.388 23
3 235.031 31.8347 23
3 236.473 33.2761 23
3 237.925 34.7279 23
3 239.367 36.1705 23
3 240.81 37.6135 23
3 242.261 39.0648 23
3 243.705 40.5087 23
3 245.154 41.9574 23
3 246.601 43.4047 23
3 248.045 44.8486 23
3 249.489 46.2926 23
3 250.944 47.7477 23
3 252.382 49.1856 23
3 253.826 50.6289 23
3 255.283 52.0869 23
3 256.727 53.5308 23
3 258.179 54.9827 23
3 259.623 56.4263 23
3 261.067 57.8702 23
3 262.517 59.3206 23
3 263.963 60.7669 23
3 265.402 62.2052 23
3 266.854 63.6572 23
3 268.298 65.1015 23.5
4 269.743 7.8e-08 23.5
4 271.199 1.45625 23
4 272.636 2.89318 23
4 274.078 4.33507 23
4 275.535 5.79211 23
4 276.979 7.23603 23.5
4 278.423 8.67977 23
4 279.874 10.1305 23
4 281.316 11.5728 23
4 282.762 13.0185 23
4 284.209 14.4662 23.5
4 285.653 15.91 23.5
4 287.097 17.3535 23.5
4 288.552 18.809 23
4 289.991 20.2482 23
4 291.434 21.6912 23
4 292.884 23.1414 23
4 294.327 24.5838 23.5
4 295.771 26.0275 23
4 297.228 27.4847 23
4 298.671 28.9283 23
4 300.122 30.3793 23
4 301.565 31.8218 23.5
4 303.008 33.2647 23.5
4 304.459 34.7161 23
4 305.903 36.1601 23
4 307.347 37.6037 23
4 308.799 39.0558 23
4 310.243 40.4997 23.5
4 311.686 41.9427 23.5
4 313.136 43.3934 23
4 314.579 44.836 23
4 316.022 46.2791 23
4 317.48 47.7368 23.5
4 318.924 49.1808 23
4 320.368 50.6248 23
4 321.82 52.0765 23
4 323.263 53.5202 23
4 324.706 54.9632 23.5
4 326.157 56.4137 23.5
4 327.6 57.8568 23.5
4 329.044 59.3006 23.5
4 330.496 60.7525 23
4 331.94 62.1967 23
4 333.384 63.6409 23
4 334.842 65.0986 23.5
5 336.285 8.1e-08 23.5
5 337.729 1.44391 23
5 339.179 2.89433 23
5 340.622 4.33681 23
5 342.074 5.7884 23.5
5 343.518 7.2325 23.5
5 344.961 8.67625 23.5
5 346.418 10.1329 23.5
5 347.858 11.5729 23
5 349.302 13.017 23.5
5 350.76 14.4753 23.5
5 352.204 15.9193 23.5
5 353.647 17.3623 23.5
5 355.098 18.8129 23
5 356.541 20.256 23
5 357.984 21.6992 23
5 359.436 23.151 23.5
5 360.88 24.5949 23.5
5 362.323 26.0382 23.5
5 363.774 27.489 23
5 365.221 28.9358 23
5 366.66 30.3753 23.5
5 368.112 31.8271 23.5
5 369.557 33.2715 23.5
5 371.001 34.7156 23
5 372.459 36.1737 23
5 373.903 37.6181 23
5 375.355 39.0702 23
5 376.799 40.5138 23.5
5 378.241 41.956 23.5
5 379.691 43.4063 23.5
5 381.134 44.8492 23
5 382.577 46.292 23
5 384.028 47.7429 23.5
5 385.471 49.1861 23.5
5 386.913 50.6282 23.5
5 388.364 52.0787 23
5 389.812 53.5266 23
5 391.251 54.9664 23
5 392.709 56.4241 23
5 394.152 57.867 23.5
5 395.595 59.3097 23
5 397.045 60.7602 23
5 398.488 62.203 23
5 399.932 63.6472 23
5 401.384 65.0993 23.5
5 402.828 66.5432 23.5
5 404.273 67.9875 23.5
6 405.725 8.7e-08 23.5
6 407.17 1.44463 23.5
6 408.614 2.88865 23.5
6 410.072 4.34685 23.5
6 411.516 5.79083 23.5
6 412.968 7.24297 23.5
6 414.411 8.68586 23.5
6 415.854 10.1286 23.5
6 417.304 11.5791 23.5
6 418.748 13.0229 23.5
6 420.192 14.467 23.5
6 421.649 15.9236 23.5
6 423.089 17.3635 23.5
6 424.533 18.8077 23.5
6 425.991 20.2658 23.5
6 427.435 21.7097 23.5
6 428.878 23.1527 23.5
6 430.329 24.604 23.5
6 431.772 26.0466 23.5
6 433.214 27.4887 23.5
6 434.666 28.9406 23.5
6 436.109 30.384 23.5
6 437.553 31.8279 23.5
6 439.004 33.2793 23.5
6 440.448 34.723 23.5
6 441.89 36.165 23.5
6 443.341 37.6157 23.5
6 444.784 39.0593 23.5
6 446.228 40.5028 23.5
6 447.686 41.9606 23.5
6 449.129 43.4044 23.5
6 450.581 44.8562 23.5
6 452.025 46.3003 23.5
6 453.469 47.7441 23.5
6 454.92 49.1946 23.5
6 456.361 50.6362 23.5
6 457.805 52.0795 23.5
6 459.256 53.5312 23.5
6 460.7 54.9754 23.5
6 462.144 56.419 23.5
6 463.602 57.8768 23.5
6 465.046 59.3207 23.5
6 466.489 60.7638 23.5
6 467.939 62.2138 23.5
6 469.382 63.6567 23.5
6 470.825 65.1003 23.5
6 472.282 66.5567 23.5
6 473.722 67.9967 23.5
6 475.166 69.4407 23.5
6 476.618 70.8928 23.5
7 478.062 1e-07 23.5
7 479.504 1.44277 23.5
7 480.955 2.89287 23.5
7 482.397 4.33519 23.5
7 483.84 5.7786 23.5
7 485.298 7.23606 23.5
7 486.741 8.6796 23.5
7 488.184 10.1225 23.5
7 489.634 11.5726 23.5
7 491.077 13.0156 23.5
7 492.529 14.4674 23.5
7 493.973 15.911 23.5
7 495.416 17.3542 23.5
7 496.868 18.806 23.5
7 498.316 20.254 23.5
7 499.76 21.6979 23.5
7 501.218 23.156 23.5
7 502.662 24.6001 23.5
7 504.106 26.044 23.5
7 505.557 27.4951 23.5
7 506.999 28.9369 23.5
7 508.442 30.38 23.5
7 509.893 31.8318 23.5
7 511.342 33.28 23.5
7 512.78 34.7188 23.5
7 514.232 36.1703 23.5
7 515.674 37.6119 23.5
8 517.12 1.01e-07 23.5
8 518.567 1.4471 23.5
8 520.01 2.89038 23.5
8 521.453 4.33294 23.5
8 522.903 5.78325 23.5
8 524.346 7.22586 23.5
8 525.789 8.66897 23.5
8 527.246 10.126 23.5
8 528.69 11.5695 23.5
8 530.126 13.006 23.5
8 531.583 14.4624 23.5
8 533.026 15.9062 23.5
8 534.478 17.3578 23.5
8 535.921 18.8009 23.5
9 537.368 1.01e-07 23.5
9 538.815 1.44648 23.5
9 540.258 2.88959 23.5
9 541.701 4.33302 23.5
9 543.158 5.78981 23.5
9 544.598 7.22928 23.5
9 546.042 8.67376 23.5
9 547.5 10.1318 23.5
9 548.944 11.5756 23.5
10 550.388 6.4e-08 23.5
10 551.839 1.45137 23.5
10 553.282 2.89399 23.5
10 554.727 4.33884 23.5
10 556.179 5.79082 23.5
10 557.623 7.23507 24
11 559.068 5.3e-08 24
11 560.52 1.45239 24
11 561.964 2.89673 24
11 563.409 4.34109 24
12 564.867 8.2e-08 24
12 566.311 1.44456 24
12 567.764 2.89724 24
13 569.213 9.1e-08 24
13 570.652 1.4394 24
13 572.104 2.89079 24
14 573.546 6.6e-08 24
14 574.989 1.44278 24
14 576.44 2.89395 24
15 577.884 7.3e-08 24
15 579.328 1.44406 24
15 580.787 2.90225 24
16 582.235 8.8e-08 24
16 583.675 1.44061 24
16 585.128 2.89339 24.5
17 586.573 7.6e-08 24.5
17 588.022 1.44878 24.5
18 589.47 6.7e-08 24.5
18 590.915 1.44487 24
18 592.36 2.88996 24.5
19 593.819 6.3e-08 24.5
19 595.267 1.44848 24.5
19 596.707 2.88795 24.5
20 598.157 1.12e-07 24.5
20 599.599 1.44129 24.5
20 601.055 2.89758 24.5
21 602.495 7.8e-08 24.5
21 603.939 1.44406 24.5
22 605.391 7.5e-08 24.5
22 606.837 1.44545 24.5
22 608.28 2.88892 24
23 609.738 6.4e-08 24.5
23 611.175 1.43721 24.5
23 612.618 2.8802 24.5
24 614.075 8.5e-08 24.5
24 615.52 1.44454 24.5
24 616.964 2.88898 24.5
25 618.417 8e-08 24.5
25 619.867 1.44984 24.5
26 621.81 1.28e-07 24.5
26 623.251 1.44081 24.5
26 624.696 2.88579 24
27 626.755 1.83e-07 24.5
27 628.21 1.45503 24.5
27 629.655 2.89948 24
28 632.8 1.68e-07 24.5
28 634.237 1.43745 24.5
28 635.681 2.88137 24
29 641.042 1.74e-07 24.5
29 642.483 1.44049 24.5
29 643.94 2.8983 24
30 653.391 1.62e-07 24.5
30 654.832 1.44076 24.5
30 656.29 2.89893 23.5
