        type trial_config ert_flop   unroll  buffers        nsize       trials       microsecs        bytes        flops         GB/s         GF/s
       float    coalesced        4      128        2         1024      8388608     5036112.583  17179869184   8589934592        3.411        1.706
       float    coalesced        4      128        2         2048      4194304     2728096.513  17179869184   8589934592        6.297        3.149
       float    coalesced        4      128        2         4096      2097152     1637057.991  17179869184   8589934592       10.494        5.247
       float    coalesced        4      128        2         8192      1048576     1072457.564  17179869184   8589934592       16.019        8.010
       float    coalesced        4      128        2        16384       524288      818694.691  17179869184   8589934592       20.984       10.492
       float    coalesced        4      128        2        32768       262144      682278.034  17179869184   8589934592       25.180       12.590
       float    coalesced        4      128        2        65536       131072      622151.517  17179869184   8589934592       27.614       13.807
       float    coalesced        4      128        2       131072        65536      590795.704  17179869184   8589934592       29.079       14.540
       float    coalesced        4      128        2       262144        32768      575786.381  17179869184   8589934592       29.837       14.919
       float    coalesced        4      128        2       524288        16384      568739.811  17179869184   8589934592       30.207       15.103
       float    coalesced        4      128        2      1048576         8192      565744.228  17179869184   8589934592       30.367       15.183
       float    coalesced        4      128        2      2097152         4096      564212.434  17179869184   8589934592       30.449       15.225
       float    coalesced        4      128        2      4194304         2048      563401.394  17179869184   8589934592       30.493       15.247
       float    coalesced        4      128        2      8388608         1024      562996.751  17179869184   8589934592       30.515       15.258
       float    coalesced        4      128        2     16777216          512      562854.824  17179869184   8589934592       30.523       15.261
       float    coalesced        4      128        2     33554432          256      562765.537  17179869184   8589934592       30.528       15.264
       float    coalesced        4      128        2     67108864          128      562746.758  17179869184   8589934592       30.529       15.264
       float    coalesced        4      128        2    134217728           64      565268.692  17179869184   8589934592       30.392       15.196
       float    coalesced        4      128        2    268435456           32      562655.673  17179869184   8589934592       30.534       15.267
       float    coalesced        4      128        2    536870912           16      562562.698  17179869184   8589934592       30.539       15.269
       float    coalesced        4      128        2   1073741824            8      562674.513  17179869184   8589934592       30.533       15.266
       float    coalesced        4      128        2   2147483648            4      562634.770  17179869184   8589934592       30.535       15.267
       float    coalesced        4      128        2   4294967296            2      562731.586  17179869184   8589934592       30.529       15.265
       float    coalesced        4      128        2   8588886016            1      562302.752  17177772032   8588886016       30.549       15.274
