0 3.21543 6.3e-08 22.5
0 6.11145 2.89602 22.5
0 7.55416 4.33873 22.5
0 9.00358 5.78815 22.5
0 10.4473 7.23182 22.5
0 11.8889 8.67349 22.5
0 13.3406 10.1252 22.5
0 14.783 11.5676 22.5
0 16.2241 13.0087 22.5
0 17.6793 14.4639 22.5
0 19.1212 15.9057 22.5
0 20.5645 17.349 22.5
0 22.0335 18.8181 22.5
0 23.4807 20.2653 22.5
0 24.9676 21.7522 22.5
0 26.4226 23.2071 22.5
1 27.8788 1.25e-07 22.5
1 29.3222 1.44335 22.5
1 30.7645 2.88563 22.5
1 32.2307 4.35184 22.5
1 33.6829 5.80407 22.5
1 35.1307 7.25187 22.5
1 36.5976 8.7188 22.5
1 38.0403 10.1615 22.5
1 39.4996 11.6208 22.5
1 40.959 13.0802 22.5
1 42.4021 14.5232 22.5
1 43.8579 15.9791 22.5
1 45.306 17.4271 22.5
1 46.7497 18.8709 22.5
1 48.2216 20.3427 22.5
1 49.6689 21.7901 22.5
1 51.1262 23.2474 22.5
2 52.5702 8.8e-08 22.5
2 54.0299 1.45971 22.5
2 55.4961 2.92587 22.5
2 56.9534 4.38321 22.5
2 58.4218 5.85158 22.5
2 59.8664 7.29618 22.5
2 61.311 8.74081 22.5
2 62.7794 10.2092 22.5
2 64.2241 11.6539 22.5
2 65.6803 13.11 22.5
2 67.1224 14.5522 22.5
2 68.5656 15.9953 22.5
2 70.0158 17.4456 22.5
2 71.4811 18.9108 22.5
2 72.9253 20.355 22.5
2 74.3939 21.8237 22.5
2 75.8385 23.2683 22.5
2 77.2906 24.7204 22.5
3 78.7348 8e-08 22.5
3 80.1788 1.44401 22.5
3 81.6306 2.89583 22.5
3 83.0733 4.33849 22.5
3 84.5332 5.79838 22.5
3 85.9854 7.25058 22.5
3 87.428 8.69318 22.5
3 88.8718 10.137 22.5
3 90.3223 11.5876 22.5
3 91.7877 13.053 22.5
3 93.24 14.5053 22.5
3 94.6842 15.9494 22.5
3 96.1284 17.3936 22.5
3 97.5956 18.8608 22.5
3 99.0386 20.3038 22.5
3 100.483 21.7481 22.5
3 101.935 23.2003 22.5
3 103.378 24.6436 22.5
4 104.821 8.9e-08 22.5
4 106.28 1.45842 22.5
4 107.724 2.90229 22.5
4 109.177 4.35563 22.5
4 110.618 5.79668 22.5
4 112.062 7.24072 22.5
4 113.514 8.69236 22.5
4 114.956 10.1347 22.5
4 116.416 11.5947 22.5
4 117.867 13.0459 22.5
4 119.309 14.4878 22.5
4 120.758 15.9364 22.5
4 122.209 17.3873 22.5
4 123.651 18.8299 22.5
4 125.093 20.2715 22.5
4 126.549 21.7271 22.5
4 127.991 23.1696 22.5
4 129.442 24.6202 22.5
4 130.899 26.0778 22.5
5 132.339 9.8e-08 22.5
5 133.796 1.45697 22.5
5 135.239 2.90035 22.5
5 136.683 4.34424 22.5
5 138.135 5.79629 22.5
5 139.579 7.24058 22.5
5 141.022 8.68315 22.5
5 142.473 10.1346 22.5
5 143.917 11.5784 22.5
5 145.36 13.0215 22.5
6 146.818 8.7e-08 22.5
6 148.262 1.44423 22.5
6 149.719 2.90153 22.5
6 151.162 4.34427 22.5
6 152.606 5.78835 22.5
6 154.064 7.24636 22.5
7 155.508 1.05e-07 22.5
7 156.963 1.45461 22.5
7 158.415 2.90683 22.5
8 159.859 8.5e-08 22.5
8 161.303 1.44387 23
9 162.761 7.5e-08 23
10 164.205 7.8e-08 23
11 165.657 8.6e-08 23.5
12 167.1 7.7e-08 23.5
14 168.554 8.3e-08 23.5
15 170.011 7.6e-08 23.5
17 171.455 7.6e-08 23.5
18 172.898 4.8e-08 23.5
20 174.35 8.1e-08 23.5
21 175.799 6.8e-08 23.5
23 177.441 1.83e-07 22.5
24 178.897 6.6e-08 22.5
25 180.34 6.4e-08 22.5
26 182.383 1.6e-07 22.5
27 185.62 1.55e-07 22.5
28 190.972 1.6e-07 22.5
