0 3.25803 8.7e-08 25.5
0 6.15431 2.89628 25.5
0 7.59313 4.3351 25.5
0 9.0434 5.78537 25.5
0 10.4893 7.23122 25.5
0 11.931 8.67302 25.5
0 13.3846 10.1266 25.5
0 14.8204 11.5624 25.5
0 16.2634 13.0054 25.5
0 17.7215 14.4634 25.5
0 19.1636 15.9055 25.5
0 20.6289 17.3709 25.5
1 22.0764 8.1e-08 25.5
1 23.5192 1.44283 25.5
1 24.9904 2.91397 26
1 26.4333 4.35686 25.5
1 27.875 5.79861 25.5
1 29.3428 7.26635 25.5
1 30.7998 8.72342 26
2 32.2429 1.07e-07 26
2 33.708 1.46513 26
2 35.1549 2.91208 26
3 36.6051 6.7e-08 26
3 38.0676 1.46246 26
4 39.5197 8.2e-08 27
5 40.9707 5.7e-08 28
8 42.4352 5.5e-08 29
12 43.8912 5.4e-08 29
16 45.3329 6.8e-08 29
20 46.9814 1.72e-07 26
22 49.2347 1.44e-07 26
23 51.5772 1.24e-07 26
24 56.2274 1.88e-07 26
