        type trial_config ert_flop   unroll  buffers        nsize       trials       microsecs        bytes        flops         GB/s         GF/s
       float    coalesced        2       16        2          128     16777216     6546821.833   4294967296   1073741824        0.656        0.164
       float    coalesced        2       16        2          256     16777216     6891334.017   8589934592   2147483648        1.246        0.312
       float    coalesced        2       16        2          512     16777216     7274123.778  17179869184   4294967296        2.362        0.590
       float    coalesced        2       16        2         1024      8388608     4091935.447  17179869184   4294967296        4.198        1.050
       float    coalesced        2       16        2         2048      4194304     2518234.632  17179869184   4294967296        6.822        1.706
       float    coalesced        2       16        2         4096      2097152     1364201.107  17179869184   4294967296       12.593        3.148
       float    coalesced        2       16        2         8192      1048576      909583.175  17179869184   4294967296       18.888        4.722
       float    coalesced        2       16        2        16384       524288      682347.394  17179869184   4294967296       25.178        6.294
       float    coalesced        2       16        2        32768       262144      589043.682  17179869184   4294967296       29.166        7.291
       float    coalesced        2       16        2        65536       131072      579449.310  17179869184   4294967296       29.649        7.412
       float    coalesced        2       16        2       131072        65536      573480.161  17179869184   4294967296       29.957        7.489
       float    coalesced        2       16        2       262144        32768      569885.531  17179869184   4294967296       30.146        7.537
       float    coalesced        2       16        2       524288        16384      567258.281  17179869184   4294967296       30.286        7.571
       float    coalesced        2       16        2      1048576         8192      565859.217  17179869184   4294967296       30.361        7.590
       float    coalesced        2       16        2      2097152         4096      565115.846  17179869184   4294967296       30.401        7.600
       float    coalesced        2       16        2      4194304         2048      564723.738  17179869184   4294967296       30.422        7.605
       float    coalesced        2       16        2      8388608         1024      564496.800  17179869184   4294967296       30.434        7.608
       float    coalesced        2       16        2     16777216          512      564467.479  17179869184   4294967296       30.436        7.609
       float    coalesced        2       16        2     33554432          256      564359.977  17179869184   4294967296       30.441        7.610
       float    coalesced        2       16        2     67108864          128      564334.085  17179869184   4294967296       30.443        7.611
       float    coalesced        2       16        2    134217728           64      564349.215  17179869184   4294967296       30.442        7.610
       float    coalesced        2       16        2    268435456           32      564349.438  17179869184   4294967296       30.442        7.610
       float    coalesced        2       16        2    536870912           16      564351.864  17179869184   4294967296       30.442        7.610
       float    coalesced        2       16        2   1073741824            8      564396.415  17179869184   4294967296       30.439        7.610
       float    coalesced        2       16        2   2147483648            4      564341.602  17179869184   4294967296       30.442        7.611
       float    coalesced        2       16        2   4294967296            2      564346.695  17179869184   4294967296       30.442        7.611
       float    coalesced        2       16        2   8588886016            1      564299.243  17177772032   4294443008       30.441        7.610
