        type trial_config ert_flop   unroll  buffers        nsize       trials       microsecs        bytes        flops         GB/s         GF/s
         int    coalesced        8        8        2           64     16777216     6891339.062   2147483648   2147483648        0.312        0.312
         int    coalesced        8        8        2          128     16777216     6891294.190   4294967296   4294967296        0.623        0.623
         int    coalesced        8        8        2          256     16777216     7274129.032   8589934592   8589934592        1.181        1.181
         int    coalesced        8        8        2          512     16777216     7766940.622  17179869184  17179869184        2.212        2.212
         int    coalesced        8        8        2         1024      8388608     5036084.537  17179869184  17179869184        3.411        3.411
         int    coalesced        8        8        2         2048      4194304     2728113.165  17179869184  17179869184        6.297        6.297
         int    coalesced        8        8        2         4096      2097152     1637006.285  17179869184  17179869184       10.495       10.495
         int    coalesced        8        8        2         8192      1048576     1023332.936  17179869184  17179869184       16.788       16.788
         int    coalesced        8        8        2        16384       524288      818703.456  17179869184  17179869184       20.984       20.984
         int    coalesced        8        8        2        32768       262144      741105.789  17179869184  17179869184       23.181       23.181
         int    coalesced        8        8        2        65536       131072      762029.910  17179869184  17179869184       22.545       22.545
         int    coalesced        8        8        2       131072        65536      785147.021  17179869184  17179869184       21.881       21.881
         int    coalesced        8        8        2       262144        32768      799168.477  17179869184  17179869184       21.497       21.497
         int    coalesced        8        8        2       524288        16384      805773.447  17179869184  17179869184       21.321       21.321
         int    coalesced        8        8        2      1048576         8192      808664.332  17179869184  17179869184       21.245       21.245
         int    coalesced        8        8        2      2097152         4096      810223.910  17179869184  17179869184       21.204       21.204
         int    coalesced        8        8        2      4194304         2048      810893.221  17179869184  17179869184       21.186       21.186
         int    coalesced        8        8        2      8388608         1024      811396.325  17179869184  17179869184       21.173       21.173
         int    coalesced        8        8        2     16777216          512      811479.824  17179869184  17179869184       21.171       21.171
         int    coalesced        8        8        2     33554432          256      811536.083  17179869184  17179869184       21.170       21.170
         int    coalesced        8        8        2     67108864          128      811621.635  17179869184  17179869184       21.167       21.167
         int    coalesced        8        8        2    134217728           64      811736.213  17179869184  17179869184       21.164       21.164
         int    coalesced        8        8        2    268435456           32      811733.408  17179869184  17179869184       21.164       21.164
         int    coalesced        8        8        2    536870912           16      811752.204  17179869184  17179869184       21.164       21.164
         int    coalesced        8        8        2   1073741824            8      811680.324  17179869184  17179869184       21.166       21.166
         int    coalesced        8        8        2   2147483648            4      811733.558  17179869184  17179869184       21.164       21.164
         int    coalesced        8        8        2   4294967296            2      811723.789  17179869184  17179869184       21.165       21.165
         int    coalesced        8        8        2   8588886016            1      811700.726  17177772032  17177772032       21.163       21.163
