0 3.27728 1e-07 23.5
0 6.16758 2.8903 23.5
0 7.62624 4.34896 23.5
0 9.06986 5.79258 23.5
0 10.5221 7.2448 23.5
0 11.9674 8.69016 23.5
0 13.4121 10.1348 23.5
0 14.865 11.5877 23.5
0 16.3078 13.0305 23.5
0 17.7515 14.4743 23.5
0 19.21 15.9328 23.5
0 20.6549 17.3777 23.5
0 22.0998 18.8225 23.5
0 23.5521 20.2748 23.5
0 24.9965 21.7192 23.5
0 26.4408 23.1635 23.5
0 27.8928 24.6155 23.5
0 29.3373 26.06 23.5
0 30.7815 27.5042 23.5
0 32.2398 28.9626 23.5
0 33.6846 30.4073 23.5
0 35.137 31.8597 23.5
0 36.5819 33.3046 23.5
0 38.0264 34.7491 23.5
0 39.4784 36.2012 23.5
1 40.9223 8.1e-08 23.5
1 42.367 1.44467 23.5
1 43.8254 2.90303 23.5
1 45.2701 4.34772 23.5
1 46.7142 5.79186 23.5
1 48.1666 7.24422 23.5
1 49.6103 8.68799 23.5
1 51.0545 10.1321 23.5
1 52.5073 11.5849 23.5
1 53.9519 13.0295 23.5
1 55.4014 14.4791 23.5
1 56.8544 15.9321 23.5
1 58.2992 17.3768 23.5
1 59.7516 18.8293 23.5
1 61.1964 20.2741 23.5
1 62.6409 21.7186 23.5
1 64.093 23.1706 23.5
1 65.5372 24.6148 23.5
1 66.9818 26.0594 23.5
1 68.4451 27.5227 23.5
1 69.8846 28.9622 23.5
1 71.3289 30.4065 23.5
1 72.7813 31.859 23.5
1 74.2256 33.3033 23.5
1 75.6699 34.7476 23.5
1 77.1224 36.2001 23.5
2 78.5671 7.9e-08 23.5
2 80.012 1.44485 23.5
2 81.4735 2.90642 23.5
2 82.9137 4.34658 23.5
2 84.3661 5.79898 23.5
2 85.8107 7.24361 23.5
2 87.255 8.68785 23.5
2 88.7072 10.1401 23.5
2 90.1515 11.5844 23.5
2 91.6 13.0328 23.5
2 93.0544 14.4873 23.5
2 94.4988 15.9317 23.5
2 95.9434 17.3763 23.5
2 97.3963 18.8292 23.5
2 98.8403 20.2732 23.5
2 100.285 21.7181 23.5
2 101.737 23.1701 23.5
2 103.182 24.615 23.5
2 104.626 26.0594 23.5
2 106.085 27.5176 23.5
2 107.529 28.9622 23.5
2 108.982 30.4147 23.5
2 110.427 31.8597 23.5
2 111.871 33.3036 23.5
2 113.324 34.7566 23.5
2 114.768 36.2007 23.5
2 116.212 37.6453 23.5
3 117.67 8.9e-08 23.5
3 119.115 1.44428 23.5
3 120.559 2.88856 23.5
3 122.011 4.34102 23.5
3 123.456 5.78581 23.5
3 124.9 7.22997 23.5
3 126.353 8.68262 23.5
3 127.797 10.1272 23.5
3 129.242 11.5713 23.5
3 130.7 13.0295 23.5
3 132.145 14.4744 23.5
3 133.597 15.9269 23.5
3 135.042 17.3716 23.5
3 136.487 18.8167 23.5
3 137.939 20.2689 23.5
3 139.384 21.7134 23.5
3 140.829 23.1582 23.5
3 142.286 24.6157 23.5
3 143.731 26.0603 23.5
3 145.175 27.5045 23.5
3 146.627 28.9568 23.5
3 148.071 30.4007 23.5
3 149.515 31.8452 23.5
3 150.967 33.2972 23.5
3 152.413 34.7422 23.5
3 153.857 36.1871 23.5
3 155.315 37.6447 23.5
4 156.76 7.9e-08 23.5
4 158.211 1.4519 23.5
4 159.656 2.89676 23.5
4 161.101 4.34117 23.5
4 162.552 5.79293 23.5
4 163.997 7.23764 23.5
4 165.442 8.68268 23.5
4 166.901 10.1411 23.5
4 168.345 11.5852 23.5
4 169.79 13.03 23.5
4 171.242 14.4824 23.5
4 172.686 15.9264 23.5
4 174.131 17.3711 23.5
4 175.583 18.8235 23.5
4 177.028 20.2682 23.5
4 178.472 21.7128 23.5
4 179.931 23.1714 23.5
4 181.376 24.6164 23.5
4 182.829 26.0694 23.5
4 184.274 27.5141 23.5
4 185.717 28.9579 23.5
4 187.17 30.4108 23.5
4 188.615 31.8554 23.5
4 190.059 33.2999 23.5
4 191.518 34.7581 23.5
4 192.962 36.2028 23.5
4 194.408 37.6481 23.5
4 195.86 39.1006 23.5
5 197.304 7.5e-08 23.5
5 198.749 1.44472 23.5
5 200.201 2.89672 23.5
5 201.645 4.34114 23.5
5 203.09 5.78615 23.5
5 204.549 7.24464 23.5
5 205.994 8.68944 23.5
5 207.446 10.1418 23.5
5 208.891 11.5866 23.5
5 210.335 13.0305 23.5
5 211.788 14.4835 23.5
5 213.232 15.9277 23.5
5 214.677 17.3726 23.5
5 216.135 18.831 23.5
5 217.579 20.2749 24
6 219.023 5.9e-08 24
6 220.475 1.45194 24
6 221.919 2.89611 24
6 223.364 4.34057 24
6 224.816 5.79236 23.5
6 226.26 7.23668 24
6 227.704 8.68084 24
6 229.162 10.1383 23.5
7 230.604 8.8e-08 23.5
7 232.041 1.43683 23.5
7 233.497 2.89257 23.5
7 234.941 4.33687 24
8 236.393 7.1e-08 24
8 237.838 1.44478 24
9 239.283 8.7e-08 24
9 240.735 1.45227 24.5
10 242.179 6.3e-08 24.5
11 243.623 6.7e-08 24.5
12 245.08 8.5e-08 24.5
13 246.524 7.6e-08 25
15 247.968 9.1e-08 25
16 249.421 7.3e-08 25
18 250.866 3.3e-08 25
19 252.31 8.8e-08 25
21 253.763 6.8e-08 25
22 255.207 4.4e-08 25
24 256.952 1.16e-07 24
25 258.593 1.2e-07 24
26 260.636 1.55e-07 24
27 263.977 1.76e-07 24
28 269.52 1.73e-07 24
