        type trial_config ert_flop   unroll  buffers        nsize       trials       microsecs        bytes        flops         GB/s         GF/s
      double    coalesced       16        1        2           16     16777216    17844589.690    536870912    536870912        0.030        0.030
      double    coalesced       16        1        2           32     16777216    17860103.406   1073741824   1073741824        0.060        0.060
      double    coalesced       16        1        2           64     16777216    18704309.061   2147483648   2147483648        0.115        0.115
      double    coalesced       16        1        2          128     16777216    18704353.223   4294967296   4294967296        0.230        0.230
      double    coalesced       16        1        2          256     16777216    20601721.412   8589934592   8589934592        0.417        0.417
      double    coalesced       16        1        2          512     16777216    21897896.305  17179869184  17179869184        0.785        0.785
      double    coalesced       16        1        2         1024      8388608    13093183.662  17179869184  17179869184        1.312        1.312
      double    coalesced       16        1        2         2048      4194304     7274157.673  17179869184  17179869184        2.362        2.362
      double    coalesced       16        1        2         4096      2097152     4676421.570  17179869184  17179869184        3.674        3.674
      double    coalesced       16        1        2         8192      1048576     3273619.681  17179869184  17179869184        5.248        5.248
      double    coalesced       16        1        2        16384       524288     2641446.297  17179869184  17179869184        6.504        6.504
      double    coalesced       16        1        2        32768       262144     2301247.804  17179869184  17179869184        7.465        7.465
      double    coalesced       16        1        2        65536       131072     2134970.519  17179869184  17179869184        8.047        8.047
      double    coalesced       16        1        2       131072        65536     2046178.593  17179869184  17179869184        8.396        8.396
      double    coalesced       16        1        2       262144        32768     2011351.793  17179869184  17179869184        8.541        8.541
      double    coalesced       16        1        2       524288        16384     1990310.205  17179869184  17179869184        8.632        8.632
      double    coalesced       16        1        2      1048576         8192     1979850.600  17179869184  17179869184        8.677        8.677
      double    coalesced       16        1        2      2097152         4096     1974586.684  17179869184  17179869184        8.700        8.700
      double    coalesced       16        1        2      4194304         2048     1971948.869  17179869184  17179869184        8.712        8.712
      double    coalesced       16        1        2      8388608         1024     1970648.620  17179869184  17179869184        8.718        8.718
      double    coalesced       16        1        2     16777216          512     1969913.821  17179869184  17179869184        8.721        8.721
      double    coalesced       16        1        2     33554432          256     1969607.744  17179869184  17179869184        8.722        8.722
      double    coalesced       16        1        2     67108864          128     1969469.304  17179869184  17179869184        8.723        8.723
      double    coalesced       16        1        2    134217728           64     1969376.430  17179869184  17179869184        8.724        8.724
      double    coalesced       16        1        2    268435456           32     1969344.290  17179869184  17179869184        8.724        8.724
      double    coalesced       16        1        2    536870912           16     1969320.211  17179869184  17179869184        8.724        8.724
      double    coalesced       16        1        2   1073741824            8     1969309.846  17179869184  17179869184        8.724        8.724
      double    coalesced       16        1        2   2147483648            4     1969307.645  17179869184  17179869184        8.724        8.724
      double    coalesced       16        1        2   4294967296            2     1969306.402  17179869184  17179869184        8.724        8.724
      double    coalesced       16        1        2   8588886016            1     1968983.376  17177772032  17177772032        8.724        8.724
