        type trial_config ert_flop   unroll  buffers        nsize       trials       microsecs        bytes        flops         GB/s         GF/s
         int    coalesced       16       16        2          128     16777216     9352422.534   4294967296   8589934592        0.459        0.918
         int    coalesced       16       16        2          256     16777216     9698669.414   8589934592  17179869184        0.886        1.771
         int    coalesced       16       16        2          512     16777216    10071731.290  17179869184  34359738368        1.706        3.412
         int    coalesced       16       16        2         1024      8388608     5455725.631  17179869184  34359738368        3.149        6.298
         int    coalesced       16       16        2         2048      4194304     3273676.803  17179869184  34359738368        5.248       10.496
         int    coalesced       16       16        2         4096      2097152     1818886.493  17179869184  34359738368        9.445       18.891
         int    coalesced       16       16        2         8192      1048576     1169359.709  17179869184  34359738368       14.692       29.383
         int    coalesced       16       16        2        16384       524288      846379.555  17179869184  34359738368       20.298       40.596
         int    coalesced       16       16        2        32768       262144      686903.748  17179869184  34359738368       25.011       50.021
         int    coalesced       16       16        2        65536       131072      624150.729  17179869184  34359738368       27.525       55.050
         int    coalesced       16       16        2       131072        65536      584858.621  17179869184  34359738368       29.374       58.749
         int    coalesced       16       16        2       262144        32768      575480.935  17179869184  34359738368       29.853       59.706
         int    coalesced       16       16        2       524288        16384      569063.952  17179869184  34359738368       30.190       60.379
         int    coalesced       16       16        2      1048576         8192      565779.197  17179869184  34359738368       30.365       60.730
         int    coalesced       16       16        2      2097152         4096      564128.488  17179869184  34359738368       30.454       60.908
         int    coalesced       16       16        2      4194304         2048      563301.453  17179869184  34359738368       30.499       60.997
         int    coalesced       16       16        2      8388608         1024      562934.834  17179869184  34359738368       30.518       61.037
         int    coalesced       16       16        2     16777216          512      562715.825  17179869184  34359738368       30.530       61.061
         int    coalesced       16       16        2     33554432          256      562607.390  17179869184  34359738368       30.536       61.072
         int    coalesced       16       16        2     67108864          128      562578.548  17179869184  34359738368       30.538       61.075
         int    coalesced       16       16        2    134217728           64      562517.836  17179869184  34359738368       30.541       61.082
         int    coalesced       16       16        2    268435456           32      562509.785  17179869184  34359738368       30.541       61.083
         int    coalesced       16       16        2    536870912           16      562490.078  17179869184  34359738368       30.543       61.085
         int    coalesced       16       16        2   1073741824            8      562475.595  17179869184  34359738368       30.543       61.087
         int    coalesced       16       16        2   2147483648            4      562519.846  17179869184  34359738368       30.541       61.082
         int    coalesced       16       16        2   4294967296            2      562548.248  17179869184  34359738368       30.539       61.079
         int    coalesced       16       16        2   8588886016            1      562497.808  17177772032  34355544064       30.538       61.077
