0 3.39938 1.45e-07 20.5
0 6.29196 2.89258 20.5
0 7.74848 4.3491 20.5
0 9.18921 5.78983 20.5
1 10.6444 7.7e-08 20.5
1 12.0878 1.44336 20.5
1 13.5281 2.88366 20.5
1 14.9883 4.34385 20.5
2 16.4282 5.9e-08 20.5
2 17.8703 1.44216 20.5
2 19.3235 2.89534 20.5
2 20.7684 4.34027 20.5
2 22.2132 5.78499 20.5
3 23.6714 9.2e-08 20.5
3 25.1302 1.45875 20.5
3 26.5973 2.92584 20.5
3 28.0406 4.36922 20.5
3 29.4846 5.81314 21
4 30.9361 7.1e-08 21
4 32.3956 1.4595 20.5
4 33.8473 2.9112 21
5 35.2913 8.2e-08 21
6 36.7391 4.9e-08 21
7 38.2062 5.9e-08 22
9 39.65 7.3e-08 22.5
11 41.0994 7.5e-08 22.5
14 42.5654 5.1e-08 23
17 44.0079 7.3e-08 22
20 45.4641 5.5e-08 23
23 47.1238 1.61e-07 23
24 48.5676 5.2e-08 22
25 50.0195 8.8e-08 21
26 52.7646 1.54e-07 21
27 57.9006 1.68e-07 20.5
