0 6.51935 9.1e-08 27
0 9.41429 2.89493 27
0 10.8543 4.33494 27
0 12.3047 5.78531 27
0 13.7518 7.23247 27
0 15.1953 8.67597 27
0 16.6464 10.127 27
0 18.0888 11.5695 27
0 19.5308 13.0115 27
0 20.98 14.4607 27
0 22.4235 15.9042 27
0 23.8666 17.3472 27
0 25.3187 18.7993 27
0 26.7622 20.2429 27
0 28.2055 21.6862 27
0 29.6572 23.1378 27
0 31.1011 24.5818 27
0 32.5548 26.0354 27.5
0 34.0224 27.503 27
0 35.4886 28.9692 27
0 36.9342 30.4148 27
0 38.4066 31.8873 27
0 39.861 33.3417 27
0 41.3127 34.7934 27.5
0 42.7574 36.238 27
0 44.211 37.6917 27
0 45.6786 39.1593 27
0 47.1324 40.613 27
0 48.5761 42.0568 27
0 50.0279 43.5086 27
0 51.4929 44.9735 27
0 52.955 46.4356 27
0 54.4037 47.8843 27
0 55.8639 49.3445 27
0 57.3152 50.7959 27
0 58.7741 52.2547 27
0 60.2229 53.7035 27
0 61.6898 55.1704 27
0 63.1443 56.6249 27
0 64.5959 58.0765 27
0 66.0396 59.5203 27
0 67.4837 60.9643 27
0 68.941 62.4217 27
0 70.4018 63.8824 27
0 71.8562 65.3368 27
0 73.3076 66.7882 27
0 74.7614 68.2421 27
0 76.205 69.6857 27
0 77.6725 71.1532 27
0 79.1264 72.607 27
0 80.578 74.0586 27.5
0 82.0312 75.5119 27
0 83.4967 76.9773 27
0 84.9535 78.4342 27
0 86.4108 79.8915 27
0 87.8515 81.3322 27
0 89.3239 82.8045 27
0 90.7777 84.2583 27
1 92.2456 1.09e-07 27
1 93.7002 1.45464 27
1 95.1435 2.89794 27
1 96.5955 4.34988 27
1 98.04 5.79439 27
1 99.4939 7.24827 27
1 100.945 8.69934 27.5
1 102.405 10.1597 27
1 103.849 11.6039 27
1 105.311 13.0656 27
1 106.761 14.5149 27
1 108.212 15.9667 27
1 109.672 17.4265 27
1 111.109 18.8634 27
1 112.567 20.3217 27
1 114.012 21.7664 27
1 115.449 23.2039 27
1 116.917 24.6716 27
1 118.362 26.116 27
1 119.816 27.5703 27
1 121.267 29.0214 27
1 122.711 30.4653 27
1 124.154 31.9086 27
1 125.627 33.3811 27
1 127.07 34.8244 27
1 128.527 36.2819 27
1 129.971 37.7256 27
1 131.416 39.17 27
1 132.873 40.6274 27
1 134.318 42.0721 27
1 135.776 43.53 27
1 137.225 44.9798 27
1 138.67 46.4241 27
1 140.128 47.8826 27
1 141.58 49.3341 27
1 143.028 50.7822 27
1 144.471 52.2258 27
1 145.923 53.6779 27
1 147.373 55.1271 27
1 148.817 56.5715 27
1 150.289 58.0431 27
1 151.729 59.4831 27
1 153.182 60.9359 27
1 154.626 62.3803 27
1 156.07 63.8242 27
1 157.531 65.2855 27
1 158.976 66.7302 27
1 160.435 68.1893 27
1 161.888 69.6423 27
1 163.342 71.0966 27
1 164.787 72.5411 27
1 166.238 73.9927 27
1 167.687 75.4418 27
1 169.131 76.8855 27
1 170.583 78.3378 27
1 172.028 79.7825 27
1 173.472 81.2262 27
1 174.945 82.6993 27
2 176.388 9.1e-08 27
2 177.85 1.46244 27
2 179.293 2.9049 27
2 180.751 4.36287 27
2 182.204 5.81642 27
2 183.659 7.27064 27
2 185.102 8.71445 27
2 186.554 10.1663 27
2 187.998 11.6103 27
2 189.442 13.0535 27
2 190.894 14.5055 27.5
2 192.337 15.9489 27.5
2 193.78 17.3923 27
2 195.243 18.8546 27
2 196.687 20.299 27
2 198.13 21.7424 27
2 199.599 23.2106 27
2 201.043 24.655 27.5
2 202.48 26.0924 27.5
2 203.948 27.5601 27
2 205.391 29.0034 27
2 206.856 30.4675 27
2 208.297 31.9089 27.5
2 209.757 33.3685 27
2 211.207 34.819 27
2 212.651 36.2631 27
2 214.105 37.7173 27
2 215.557 39.1687 27.5
2 217.001 40.6126 27.5
2 218.454 42.0663 27.5
2 219.906 43.5175 27
2 221.366 44.9775 27
2 222.809 46.4213 27
2 224.26 47.8724 27.5
2 225.704 49.3162 27.5
2 227.164 50.7758 27.5
2 228.605 52.2165 27
2 230.059 53.6708 27
2 231.511 55.1227 27.5
2 232.955 56.5674 27.5
2 234.405 58.0165 27
2 235.862 59.4744 27
2 237.3 60.9119 27
2 238.76 62.3715 27.5
2 240.212 63.8241 27
2 241.657 65.2693 27.5
2 243.099 66.7112 27
2 244.551 68.1633 27
2 246.005 69.6173 27
2 247.449 71.0614 27
2 248.901 72.5133 27
2 250.351 73.9625 27.5
2 251.795 75.4065 27
2 253.245 76.8572 27
2 254.704 78.3163 27
2 256.148 79.7603 27.5
2 257.599 81.2114 27.5
2 259.044 82.6555 27.5
2 260.487 84.0995 27
2 261.939 85.5509 27
2 263.383 86.995 27.5
3 264.835 8.1e-08 27
3 266.279 1.44396 27.5
3 267.722 2.88688 27.5
3 269.184 4.34933 27.5
3 270.628 5.79284 27
3 272.076 7.24156 27
3 273.527 8.69215 27
3 274.971 10.1359 27.5
3 276.431 11.5965 27
3 277.883 13.0485 27
3 279.34 14.5052 27
3 280.782 15.9472 27
3 282.239 17.404 27.5
3 283.683 18.8483 27.5
3 285.127 20.2927 27.5
3 286.6 21.7651 27
3 288.042 23.2073 27
3 289.495 24.6598 27.5
3 290.949 26.1139 27.5
3 292.392 27.5576 27.5
3 293.857 29.0226 27
3 295.293 30.4582 27
3 296.738 31.9029 27
3 298.196 33.3615 27.5
3 299.634 34.7989 27.5
3 301.099 36.2639 27.5
3 302.55 37.7154 27
3 304.009 39.1742 27
3 305.453 40.6179 27
3 306.921 42.0863 27.5
3 308.365 43.5301 27.5
3 309.822 44.9871 27.5
3 311.265 46.4308 27
3 312.711 47.8763 27.5
3 314.162 49.3276 27.5
3 315.606 50.7711 27.5
3 317.059 52.2248 27.5
3 318.518 53.6833 27.5
3 319.962 55.1271 27.5
3 321.421 56.5863 27.5
3 322.873 58.0379 27.5
3 324.316 59.4818 27.5
3 325.761 60.9264 27.5
3 327.213 62.3782 27
3 328.662 63.8268 27
3 330.104 65.2692 27
3 331.557 66.7219 27.5
3 333.001 68.1662 27
3 334.444 69.6095 27
3 335.896 71.0615 27
3 337.357 72.5225 27.5
3 338.801 73.9659 27.5
3 340.252 75.4175 27.5
3 341.706 76.8717 27.5
3 343.157 78.3226 27
3 344.601 79.7661 27
3 346.055 81.2203 27
3 347.506 82.6715 27
3 348.951 84.116 27
3 350.394 85.5596 27.5
4 351.846 1.02e-07 27.5
4 353.29 1.44383 27
4 354.733 2.88716 27
4 356.201 4.35495 27.5
4 357.645 5.79899 27.5
4 359.104 7.25841 27
4 360.556 8.71046 27.5
4 361.999 10.153 27.5
4 363.447 11.6014 27
4 364.898 13.0528 27.5
4 366.343 14.4973 27.5
4 367.786 15.9406 27.5
4 369.237 17.3918 27
4 370.682 18.8366 27
4 372.127 20.2813 27
4 373.599 21.753 27.5
4 375.041 23.1956 27.5
4 376.507 24.6615 27.5
4 377.947 26.1016 27
4 379.396 27.5499 27.5
4 380.847 29.0013 27.5
4 382.291 30.4452 27.5
4 383.735 31.8893 27.5
4 385.207 33.3612 27.5
4 386.651 34.805 27
4 388.104 36.2581 27
4 389.557 37.7108 27.5
4 391 39.154 27.5
4 392.449 40.603 27.5
4 393.9 42.0542 27.5
4 395.358 43.5119 27
4 396.793 44.9471 27.5
4 398.251 46.4053 27.5
4 399.688 47.8427 27.5
4 401.132 49.2865 27
4 402.606 50.7599 27
4 404.049 52.2037 27
4 405.516 53.6703 27.5
4 406.955 55.109 27.5
4 408.415 56.5693 27.5
4 409.867 58.0212 27
4 411.31 59.464 27.5
4 412.764 60.9184 27.5
4 414.216 62.3702 27.5
4 415.659 63.8136 27.5
4 417.103 65.2575 27.5
4 418.556 66.7102 27
4 420.009 68.1634 27
4 421.453 69.6074 27.5
4 422.921 71.0751 27.5
4 424.364 72.5184 27.5
4 425.831 73.985 27
4 427.27 75.4243 27
4 428.718 76.8726 27
4 430.17 78.324 27.5
4 431.613 79.7678 27.5
4 433.058 81.212 27.5
4 434.53 82.6842 27.5
4 435.973 84.1275 27
4 437.432 85.5862 27
4 438.884 87.0383 27.5
5 440.329 9e-08 27.5
5 441.772 1.44352 27.5
5 443.224 2.89506 27.5
5 444.684 4.35519 27.5
5 446.128 5.79918 27.5
5 447.579 7.25046 27.5
5 449.023 8.694 27.5
5 450.469 10.1405 27.5
5 451.918 11.5891 27.5
5 453.377 13.0485 27.5
5 454.829 14.5005 27.5
5 456.274 15.9451 27.5
5 457.717 17.3887 27.5
5 459.169 18.84 27.5
5 460.629 20.3002 27.5
5 462.066 21.7378 27.5
5 463.534 23.2054 27.5
5 464.978 24.6499 27.5
5 466.421 26.0926 27.5
5 467.883 27.5543 27.5
5 469.327 28.9984 27.5
5 470.786 30.4573 27.5
5 472.238 31.9096 27.5
5 473.693 33.3641 27.5
5 475.143 34.8147 27
5 476.592 36.2634 27.5
5 478.036 37.7074 27.5
5 479.489 39.16 27.5
5 480.933 40.6041 27.5
5 482.376 42.0475 27.5
5 483.849 43.5202 27.5
6 485.292 1.48e-07 27.5
6 486.736 1.44408 27.5
6 488.203 2.91083 27.5
6 489.646 4.35353 27.5
6 491.09 5.79735 27.5
6 492.546 7.25407 27.5
6 493.99 8.69794 27.5
6 495.447 10.1551 27.5
6 496.901 11.6084 27.5
6 498.345 13.0526 27.5
6 499.782 14.4901 27.5
6 501.242 15.9502 27.5
6 502.684 17.3917 27.5
6 504.15 18.8579 27.5
6 505.593 20.3013 27.5
6 507.037 21.7445 27.5
7 508.494 1.75e-07 27.5
7 509.938 1.44426 27.5
7 511.381 2.88724 27.5
7 512.849 4.35455 27.5
7 514.293 5.79854 27.5
7 515.743 7.24881 27.5
7 517.193 8.69904 27.5
7 518.635 10.1414 27.5
7 520.08 11.5859 27.5
8 521.547 6.8e-08 27.5
8 522.99 1.44326 27.5
8 524.434 2.88634 27.5
8 525.885 4.33755 27.5
9 527.328 6.9e-08 28
9 528.772 1.44336 28
9 530.223 2.89473 28
10 531.667 8.1e-08 28.5
10 533.11 1.44321 28.5
11 534.561 6e-08 28.5
12 536.008 5.3e-08 29
12 537.449 1.44089 29
14 538.9 2.9e-08 29
15 540.344 4.6e-08 29.5
16 541.789 7.3e-08 29.5
17 543.24 6.6e-08 29.5
18 544.7 4.8e-08 29.5
19 546.153 2.4e-08 29.5
20 547.596 3.3e-08 29.5
21 549.05 7e-08 29.5
23 550.801 1.61e-07 29.5
24 552.544 1.82e-07 29.5
25 554.785 1.55e-07 29.5
26 557.934 1.47e-07 29.5
27 563.275 1.54e-07 29.5
28 572.926 1.68e-07 29.5
