        type trial_config ert_flop   unroll  buffers        nsize       trials       microsecs        bytes        flops         GB/s         GF/s
 signed_char    coalesced        8       64        2          128     16777216     7273895.673   4294967296  17179869184        0.590        2.362
 signed_char    coalesced        8       64        2          256     16777216     7273879.963   8589934592  34359738368        1.181        4.724
 signed_char    coalesced        8       64        2          512     16777216     7701738.252  17179869184  68719476736        2.231        8.923
 signed_char    coalesced        8       64        2         1024      8388608     4676098.177  17179869184  68719476736        3.674       14.696
 signed_char    coalesced        8       64        2         2048      4194304     2727771.737  17179869184  68719476736        6.298       25.193
 signed_char    coalesced        8       64        2         4096      2097152     1487954.646  17179869184  68719476736       11.546       46.184
 signed_char    coalesced        8       64        2         8192      1048576      977188.307  17179869184  68719476736       17.581       70.324
 signed_char    coalesced        8       64        2        16384       524288      728432.014  17179869184  68719476736       23.585       94.339
 signed_char    coalesced        8       64        2        32768       262144      614082.906  17179869184  68719476736       27.976      111.906
 signed_char    coalesced        8       64        2        65536       131072      594234.497  17179869184  68719476736       28.911      115.644
 signed_char    coalesced        8       64        2       131072        65536      573144.290  17179869184  68719476736       29.975      119.899
 signed_char    coalesced        8       64        2       262144        32768      568186.524  17179869184  68719476736       30.236      120.945
 signed_char    coalesced        8       64        2       524288        16384      565559.301  17179869184  68719476736       30.377      121.507
 signed_char    coalesced        8       64        2      1048576         8192      564034.402  17179869184  68719476736       30.459      121.836
 signed_char    coalesced        8       64        2      2097152         4096      563181.180  17179869184  68719476736       30.505      122.020
 signed_char    coalesced        8       64        2      4194304         2048      562795.946  17179869184  68719476736       30.526      122.104
 signed_char    coalesced        8       64        2      8388608         1024      562559.752  17179869184  68719476736       30.539      122.155
 signed_char    coalesced        8       64        2     16777216          512      562470.658  17179869184  68719476736       30.544      122.174
 signed_char    coalesced        8       64        2     33554432          256      562418.392  17179869184  68719476736       30.546      122.186
 signed_char    coalesced        8       64        2     67108864          128      562447.334  17179869184  68719476736       30.545      122.179
 signed_char    coalesced        8       64        2    134217728           64      562394.294  17179869184  68719476736       30.548      122.191
 signed_char    coalesced        8       64        2    268435456           32      562403.079  17179869184  68719476736       30.547      122.189
 signed_char    coalesced        8       64        2    536870912           16      562365.276  17179869184  68719476736       30.549      122.197
 signed_char    coalesced        8       64        2   1073741824            8      562362.138  17179869184  68719476736       30.549      122.198
 signed_char    coalesced        8       64        2   2147483648            4      562426.460  17179869184  68719476736       30.546      122.184
 signed_char    coalesced        8       64        2   4294967296            2      562375.211  17179869184  68719476736       30.549      122.195
 signed_char    coalesced        8       64        2   8588886016            1      562334.976  17177772032  68711088128       30.547      122.189
