0 3.06397 9.5e-08 20.5
0 5.94275 2.87878 20.5
0 7.39757 4.33361 20.5
0 8.84285 5.77888 20.5
1 10.2806 7.4e-08 20.5
1 11.7347 1.45412 20.5
1 13.1756 2.895 20.5
1 14.6176 4.33706 20.5
1 16.0658 5.78523 20.5
2 17.511 5.8e-08 20.5
2 18.9585 1.44751 20.5
2 20.4088 2.89782 20.5
2 21.8478 4.33675 20.5
3 23.3033 6.2e-08 20.5
3 24.7624 1.45919 20.5
3 26.2059 2.90268 20.5
3 27.6626 4.3593 20.5
3 29.1104 5.8071 20.5
3 30.5831 7.27987 20.5
4 32.0426 6.7e-08 20.5
4 33.486 1.4434 20.5
4 34.9377 2.89512 20.5
4 36.3812 4.3386 20.5
4 37.8402 5.79759 20.5
4 39.3014 7.2588 20.5
5 40.7449 6.8e-08 20.5
5 42.2169 1.47194 20.5
5 43.6654 2.92044 20.5
5 45.1079 4.36294 20.5
5 46.5742 5.82926 20.5
5 48.0168 7.27184 20.5
5 49.4725 8.72752 20.5
6 50.932 6.5e-08 20.5
6 52.3748 1.44278 20.5
6 53.8282 2.8962 20.5
6 55.2688 4.33674 20.5
7 56.7164 6.9e-08 21
7 58.1737 1.45729 21
7 59.6271 2.91068 21
8 61.0783 6.3e-08 21
8 62.5212 1.44294 21
9 63.964 6.3e-08 21
9 65.4353 1.47125 21
10 66.8773 4.1e-08 21
11 68.3177 1.38e-07 21
11 69.7664 1.44864 21
12 71.2078 6.1e-08 21
13 72.6507 5.9e-08 21
14 74.1074 1.25e-07 21
15 75.55 8e-08 21
16 77.0006 6.3e-08 21
16 78.4419 1.44134 21
17 79.8898 7.8e-08 21
18 81.3475 7.1e-08 21
19 82.791 7e-08 21
20 84.2336 6.8e-08 21
21 85.6841 5.3e-08 21
22 87.1315 4.8e-08 21
22 88.5746 1.44313 21
23 90.0316 6e-08 21
24 91.4852 6.5e-08 21.5
25 92.9362 6.5e-08 21
26 94.9804 1.5e-07 21
26 96.4238 1.44341 20.5
27 97.8666 7.6e-08 21
27 99.3238 1.45716 21
28 102.068 1.56e-07 21
28 103.51 1.44205 21
29 108.454 1.65e-07 21
29 109.891 1.43665 20.5
