        type trial_config ert_flop   unroll  buffers        nsize       trials       microsecs        bytes        flops         GB/s         GF/s
 signed_char    coalesced       64       16        2           32     16777216    13092867.765   1073741824  34359738368        0.082        2.624
 signed_char    coalesced       64       16        2           64     16777216    13092884.782   2147483648  68719476736        0.164        5.249
 signed_char    coalesced       64       16        2          128     16777216    13092873.403   4294967296 137438953472        0.328       10.497
 signed_char    coalesced       64       16        2          256     16777216    14547606.991   8589934592 274877906944        0.590       18.895
 signed_char    coalesced       64       16        2          512     16777216    15872570.290  17179869184 549755813888        1.082       34.636
 signed_char    coalesced       64       16        2         1024      8388608     8922036.775  17179869184 549755813888        1.926       61.618
 signed_char    coalesced       64       16        2         2048      4194304     5324298.146  17179869184 549755813888        3.227      103.254
 signed_char    coalesced       64       16        2         4096      2097152     3197102.918  17179869184 549755813888        5.374      171.954
 signed_char    coalesced       64       16        2         8192      1048576     2152500.206  17179869184 549755813888        7.981      255.403
 signed_char    coalesced       64       16        2        16384       524288     1636747.915  17179869184 549755813888       10.496      335.883
 signed_char    coalesced       64       16        2        32768       262144     1363922.932  17179869184 549755813888       12.596      403.070
 signed_char    coalesced       64       16        2        65536       131072     1212095.637  17179869184 549755813888       14.174      453.558
 signed_char    coalesced       64       16        2       131072        65536     1150849.477  17179869184 549755813888       14.928      477.696
 signed_char    coalesced       64       16        2       262144        32768     1117982.497  17179869184 549755813888       15.367      491.739
 signed_char    coalesced       64       16        2       524288        16384     1102280.190  17179869184 549755813888       15.586      498.744
 signed_char    coalesced       64       16        2      1048576         8192     1094104.727  17179869184 549755813888       15.702      502.471
 signed_char    coalesced       64       16        2      2097152         4096     1090549.468  17179869184 549755813888       15.753      504.109
 signed_char    coalesced       64       16        2      4194304         2048     1088686.553  17179869184 549755813888       15.780      504.972
 signed_char    coalesced       64       16        2      8388608         1024     1087859.945  17179869184 549755813888       15.792      505.355
 signed_char    coalesced       64       16        2     16777216          512     1087391.667  17179869184 549755813888       15.799      505.573
 signed_char    coalesced       64       16        2     33554432          256     1087192.648  17179869184 549755813888       15.802      505.665
 signed_char    coalesced       64       16        2     67108864          128     1087009.619  17179869184 549755813888       15.805      505.751
 signed_char    coalesced       64       16        2    134217728           64     1086984.103  17179869184 549755813888       15.805      505.763
 signed_char    coalesced       64       16        2    268435456           32     1086802.156  17179869184 549755813888       15.808      505.847
 signed_char    coalesced       64       16        2    536870912           16     1086893.640  17179869184 549755813888       15.806      505.805
 signed_char    coalesced       64       16        2   1073741824            8     1086843.028  17179869184 549755813888       15.807      505.828
 signed_char    coalesced       64       16        2   2147483648            4     1086930.235  17179869184 549755813888       15.806      505.788
 signed_char    coalesced       64       16        2   4294967296            2     1086792.238  17179869184 549755813888       15.808      505.852
 signed_char    coalesced       64       16        2   8588886016            1     1086871.212  17177772032 549688705024       15.805      505.753
