0 3.18262 1.48e-07 20.5
0 6.07694 2.89433 20.5
0 7.52001 4.33739 20.5
0 8.97117 5.78855 20.5
1 10.413 9.3e-08 20.5
1 11.8535 1.44051 20.5
1 13.3114 2.89846 20.5
1 14.7621 4.3491 20.5
1 16.2049 5.79191 20.5
1 17.6772 7.26427 20.5
2 19.1214 8.2e-08 20.5
2 20.5732 1.45175 20.5
2 22.0172 2.89572 20.5
2 23.4599 4.33849 20.5
2 24.9169 5.79542 20.5
3 26.3703 8.9e-08 20.5
3 27.8128 1.44246 20.5
3 29.2639 2.89356 20.5
3 30.728 4.35762 20.5
3 32.1961 5.82582 20.5
3 33.6558 7.28544 20.5
4 35.0995 8.2e-08 20.5
4 36.5575 1.458 20.5
4 38.0018 2.90229 20.5
4 39.4593 4.35977 20.5
4 40.9197 5.82022 20.5
4 42.3792 7.2797 20.5
5 43.8458 7.5e-08 20.5
5 45.2879 1.4421 20.5
5 46.7387 2.89285 20.5
5 48.1852 4.33936 20.5
5 49.6455 5.7997 20.5
5 51.1078 7.26193 20.5
5 52.5678 8.72198 20.5
5 54.0196 10.1738 20.5
6 55.463 8.3e-08 20.5
6 56.9059 1.44296 20.5
6 58.3725 2.90952 20.5
6 59.8257 4.36271 20.5
6 61.2679 5.8049 20.5
6 62.7402 7.27721 20.5
6 64.1841 8.72109 20.5
6 65.6521 10.1892 20.5
6 67.0953 11.6324 20.5
6 68.5388 13.0759 20.5
7 69.9893 8.1e-08 21
7 71.4308 1.44152 20.5
7 72.8734 2.88415 21
7 74.3244 4.33515 20.5
7 75.7828 5.79358 21
7 77.2334 7.24413 21
8 78.6795 6.3e-08 21
8 80.1231 1.44352 21
8 81.5798 2.90026 21
8 83.0235 4.34398 21
8 84.466 5.7864 21
9 85.9172 6.8e-08 21
9 87.3652 1.44796 20.5
9 88.8089 2.8917 21
10 90.2772 9.6e-08 21
10 91.7209 1.4437 21
10 93.1722 2.89502 21
11 94.6147 7.3e-08 21
11 96.0576 1.44291 21
11 97.5145 2.89987 21
12 98.9672 7.1e-08 21
12 100.41 1.44249 21
13 101.872 8.8e-08 21
13 103.314 1.44221 21
13 104.765 2.89367 21
14 106.209 1.23e-07 21
14 107.653 1.44368 21
15 109.104 8.4e-08 21
15 110.547 1.44327 21
15 111.99 2.88605 21
16 113.456 7.6e-08 21
16 114.899 1.44234 21
17 116.34 7.7e-08 21
17 117.791 1.45106 21
17 119.234 2.89366 21
18 120.7 7.5e-08 21
18 122.142 1.44228 21
19 123.585 8.2e-08 21
19 125.036 1.45071 21
20 126.477 6.5e-08 21
20 127.92 1.4426 21
20 129.377 2.89937 21
21 130.819 9.9e-08 21
21 132.261 1.44154 21
22 133.71 7.8e-08 21
22 135.157 1.44644 21
22 136.601 2.89016 21
23 138.058 6.6e-08 21
23 139.502 1.44418 21
24 140.954 7.1e-08 21
24 142.402 1.44767 21
24 143.846 2.89189 21
25 145.303 7.1e-08 21
25 146.746 1.44308 21.5
26 148.189 8.1e-08 21
26 149.64 1.45072 21
26 151.083 2.89362 21
27 152.526 7.8e-08 21
27 153.977 1.45106 21
27 155.419 2.89368 22
28 156.867 7.4e-08 21
28 158.318 1.45055 21
28 159.76 2.89344 21
29 162.612 1.07e-07 21
29 164.054 1.4418 21
29 165.496 2.88477 21
30 170.749 1.48e-07 21
30 172.196 1.44681 21
30 173.64 2.89022 20.5
