0 6.49754 1.54e-07 20.5
0 9.3909 2.89336 20.5
0 10.8342 4.33669 20.5
0 12.2853 5.78775 20.5
1 13.7281 9e-08 20.5
1 15.1714 1.44324 20.5
1 16.622 2.89387 20.5
1 18.0658 4.33766 20.5
1 19.5091 5.78097 20.5
2 20.9651 6.1e-08 20.5
2 22.4111 1.44604 20.5
2 23.8515 2.88638 20.5
2 25.3024 4.33731 20.5
2 26.746 5.78091 20.5
2 28.1914 7.22629 20.5
3 29.6398 6.9e-08 20.5
3 31.0834 1.44362 20.5
3 32.5272 2.88738 20.5
3 33.9826 4.34284 20.5
3 35.4246 5.78478 20.5
4 36.881 6.5e-08 20.5
4 38.3407 1.45968 20.5
4 39.7947 2.91369 20.5
4 41.2513 4.37029 20.5
4 42.6943 5.81326 20.5
4 44.1662 7.28521 20.5
4 45.6095 8.72845 20.5
5 47.0692 6.7e-08 20.5
5 48.5258 1.45661 20.5
5 49.9677 2.8985 20.5
5 51.4102 4.34101 20.5
5 52.8768 5.8076 20.5
5 54.3299 7.2607 20.5
5 55.7917 8.72252 20.5
5 57.2501 10.1809 20.5
5 58.6986 11.6294 21
6 60.1645 6.8e-08 20.5
6 61.6155 1.45105 21
6 63.0665 2.90207 21
6 64.5099 4.34541 21
6 65.9742 5.80973 21
7 67.4423 4.7e-08 21
7 68.8967 1.45441 21
7 70.3537 2.91141 21
8 71.8029 5.1e-08 21
8 73.262 1.45909 21.5
9 74.7297 7.3e-08 21.5
9 76.1828 1.45306 21.5
10 77.6448 1.11e-07 21.5
10 79.0887 1.44392 21.5
11 80.5486 6.2e-08 21.5
12 82.0141 6.8e-08 21.5
12 83.4672 1.45306 21.5
13 84.9295 9.2e-08 22
14 86.3734 7e-08 22
15 87.8334 7e-08 22
15 89.2984 1.46499 22
16 90.7383 6.7e-08 22
17 92.1897 7.7e-08 22
17 93.6382 1.44843 22
18 95.0809 7.9e-08 22
19 96.5466 4.8e-08 22
20 98.0855 1.54e-07 22
20 99.5502 1.46471 22
21 101.003 6.8e-08 22
22 102.465 5.9e-08 22
22 103.909 1.4432 22
23 105.351 8.8e-08 21
24 106.802 7.6e-08 22
24 108.25 1.44736 22
25 109.691 6.4e-08 22
25 111.156 1.46471 22
26 112.599 4e-08 22
26 114.055 1.45665 20.5
27 116.4 1.06e-07 22
27 117.838 1.43771 21
28 122.39 1.53e-07 22
28 123.839 1.44919 21
29 132.488 1.16e-07 22
29 133.931 1.443 20.5
