0 6.77223 1.46e-07 22
0 9.67082 2.89859 22
0 11.115 4.34273 22
0 12.5702 5.79801 22
0 14.0147 7.2425 22
0 15.4592 8.687 22
0 16.9117 10.1395 22
0 18.3559 11.5837 22
0 19.8022 13.03 22
0 21.2546 14.4823 22
0 22.6964 15.9242 22
0 24.1428 17.3706 22
0 25.5995 18.8273 22
0 27.0427 20.2704 22
0 28.4943 21.7221 22
0 29.9432 23.171 22
0 31.391 24.6187 22
0 32.8598 26.0875 22
0 34.304 27.5318 22
0 35.748 28.9758 22
0 37.2216 30.4494 22
0 38.6742 31.902 22
0 40.1424 33.3702 22
1 41.5964 7.1e-08 22
1 43.0401 1.44369 22
1 44.4928 2.8964 22
1 45.957 4.36059 22
1 47.4131 5.81661 22
1 48.8739 7.27742 22
1 50.3283 8.73182 22
1 51.8018 10.2054 22
1 53.2544 11.6579 22
1 54.7222 13.1257 22
1 56.1764 14.5799 22
1 57.6203 16.0238 22
1 59.0725 17.4761 22
1 60.5323 18.9359 22
1 61.9895 20.3931 22
1 63.4368 21.8403 22
1 64.8815 23.2851 22
1 66.3551 24.7586 22
1 67.8037 26.2072 22
1 69.2527 27.6563 22
1 70.7202 29.1237 22
1 72.1641 30.5677 22
1 73.6379 32.0414 22
2 75.0897 5.3e-08 22
2 76.5382 1.44848 22
2 78.0052 2.91546 22
2 79.4474 4.35772 22
2 80.8985 5.80875 22
2 82.3472 7.25751 22
2 83.7954 8.70571 22
2 85.2632 10.1735 22
2 86.7181 11.6283 22
2 88.1735 13.0838 22
2 89.634 14.5443 22
2 91.0826 15.9929 22
2 92.5498 17.4601 22
2 93.9922 18.9024 22
2 95.4451 20.3554 22
2 96.913 21.8233 22
2 98.3698 23.28 22
2 99.8183 24.7285 22
2 101.279 26.1893 22
2 102.723 27.6335 22
2 104.175 29.0853 22
2 105.619 30.5291 22
2 107.063 31.9736 22
2 108.515 33.4255 22
3 109.975 8.1e-08 22
3 111.427 1.452 22
3 112.885 2.90977 22
3 114.325 4.35004 22
3 115.793 5.81793 22
3 117.237 7.26202 22
3 118.681 8.70588 22
3 120.133 10.1583 22
3 121.578 11.6028 22
3 123.022 13.0466 22
3 124.48 14.5046 22
3 125.939 15.9643 22
3 127.389 17.4144 22
3 128.848 18.8732 22
3 130.292 20.3166 22
3 131.744 21.769 22
3 133.194 23.2188 22
3 134.638 24.6635 22
3 136.106 26.1315 22
3 137.55 27.5748 22
3 139.018 29.043 22
3 140.462 30.487 22
3 141.906 31.9306 22
3 143.366 33.3911 22
4 144.808 9.5e-08 22
4 146.251 1.44294 22
4 147.72 2.91195 22
4 149.164 4.35576 22
4 150.622 5.81336 22
4 152.066 7.25813 22
4 153.511 8.70292 22
4 154.969 10.1609 22
4 156.415 11.6071 22
4 157.858 13.0493 22
4 159.31 14.5017 22
4 160.764 15.9555 22
4 162.208 17.4 22
4 163.666 18.8578 22
4 165.12 20.3116 22
4 166.571 21.7626 22
4 168.014 23.206 22
4 169.474 24.6655 22
4 170.925 26.1164 22
4 172.379 27.5706 22
4 173.822 29.0138 22
4 175.28 30.4717 22
4 176.724 31.9156 22
4 178.19 33.3817 22
4 179.63 34.8219 22
5 181.079 6.8e-08 22
5 182.536 1.45743 22
5 183.981 2.90193 22
5 185.434 4.35549 22
5 186.886 5.80705 22
5 188.33 7.25135 22
5 189.773 8.69407 22
5 191.23 10.151 22
5 192.674 11.595 22
5 194.126 13.0473 22
5 195.57 14.4917 22
5 197.018 15.9394 22
5 198.468 17.3896 22
5 199.925 18.8461 22
5 201.366 20.2871 22
5 202.823 21.7442 22
5 204.265 23.1862 22
5 205.707 24.6286 22
5 207.175 26.0966 22
5 208.619 27.5403 22
5 210.088 29.0088 22
5 211.525 30.4464 22
5 212.985 31.9068 22
5 214.437 33.3585 22
5 215.881 34.8027 22
5 217.329 36.2505 22
6 218.779 6.2e-08 22
6 220.221 1.44133 22
6 221.688 2.90865 22
6 223.131 4.35127 22
6 224.575 5.79513 22
6 226.026 7.24651 22
6 227.469 8.68994 22
6 228.914 10.1343 22
6 230.372 11.5923 22
6 231.831 13.0518 22
6 233.276 14.4961 22
6 234.743 15.9637 22
6 236.187 17.4077 22
6 237.639 18.8597 22
6 239.088 20.3082 22
6 240.53 21.7508 22
6 241.998 23.2185 22
6 243.442 24.6623 22
6 244.89 26.1109 22
6 246.34 27.5604 22
6 247.781 29.0015 22
6 249.235 30.4552 22
6 250.684 31.9044 22
6 252.125 33.3451 22
6 253.58 34.8006 22
6 255.021 36.2418 22
6 256.475 37.6952 22
6 257.93 39.1503 22
6 259.372 40.593 22
7 260.815 9.9e-08 22
7 262.268 1.45297 22
7 263.708 2.89283 22
7 265.15 4.33434 22
7 266.604 5.78848 22
7 268.047 7.23114 22
7 269.49 8.67449 22
7 270.957 10.1417 22
7 272.4 11.5842 22
7 273.851 13.0352 22
7 275.298 14.4822 22
7 276.742 15.9261 22
7 278.21 17.3945 22
7 279.653 18.8381 22
7 281.102 20.2871 22
8 282.552 6.4e-08 22
8 283.995 1.443 22
8 285.437 2.88488 22
8 286.903 4.3509 22
8 288.346 5.79397 22
8 289.814 7.2615 22
8 291.257 8.70495 22
8 292.701 10.149 22
8 294.152 11.5995 22.5
9 295.595 6.1e-08 22.5
9 297.038 1.44366 22.5
9 298.49 2.89563 22.5
9 299.951 4.35586 22.5
9 301.39 5.79569 22.5
9 302.853 7.25874 22.5
10 304.297 7.2e-08 22.5
10 305.755 1.45715 22.5
10 307.207 2.91001 22.5
10 308.65 4.35309 22.5
11 310.101 7e-08 22.5
11 311.542 1.44072 22.5
11 312.985 2.88366 23
12 314.435 7.3e-08 23
12 315.894 1.4593 23
12 317.333 2.89763 23
13 318.794 6.1e-08 23
13 320.236 1.44269 23
13 321.703 2.90903 23
14 323.146 7.2e-08 23
14 324.6 1.45411 23
14 326.051 2.90533 23
15 327.495 7.5e-08 23
15 328.938 1.44324 23
16 330.41 9e-08 23
16 331.851 1.44172 23
16 333.318 2.90811 23
17 334.761 6.8e-08 23
17 336.204 1.44267 23
18 337.661 6e-08 23
18 339.103 1.44243 23
18 340.545 2.88436 23
19 342.011 6.2e-08 23
19 343.454 1.44321 23
20 344.905 5.9e-08 23
20 346.348 1.44299 23
20 347.792 2.88663 23
21 349.265 9.6e-08 23
21 350.707 1.44195 23
22 352.15 4.6e-08 23
22 353.605 1.45566 23
22 355.048 2.89817 23
23 356.49 5.9e-08 23
23 357.956 1.4659 23
24 359.5 1e-07 23
24 360.955 1.45521 23
24 362.399 2.89865 23
25 363.85 5.4e-08 23
25 365.293 1.4432 23
25 366.736 2.88604 23
26 368.187 7e-08 23
26 369.63 1.44331 23
26 371.073 2.88664 22.5
27 372.53 6e-08 23
27 373.974 1.44337 23
27 375.425 2.89411 22.5
28 378.17 1.7e-07 23
28 379.614 1.4441 23
28 381.057 2.88753 22.5
29 385.726 1.45e-07 23
29 387.17 1.44388 23
29 388.61 2.88369 22.5
30 397.572 1e-07 23
30 399.013 1.44034 23
30 400.455 2.88324 22
