0 6.55456 1.13e-07 20.5
0 9.44627 2.89171 20.5
0 10.8897 4.33516 20.5
0 12.3327 5.7781 20.5
1 13.7832 8.9e-08 20.5
1 15.2261 1.4429 20.5
1 16.6713 2.88812 20.5
1 18.1196 4.3364 20.5
1 19.5634 5.78017 20.5
2 21.0068 7.4e-08 20.5
2 22.4656 1.45878 20.5
2 23.9063 2.89948 20.5
2 25.3575 4.35073 20.5
2 26.8022 5.79546 20.5
3 28.2451 9.7e-08 20.5
3 29.6931 1.44807 20.5
3 31.1362 2.89117 20.5
3 32.5789 4.33387 20.5
3 34.0375 5.79247 20.5
4 35.4939 1.01e-07 21
4 36.9431 1.44915 21
4 38.4104 2.91649 21
4 39.8536 4.35971 21
4 41.305 5.81107 21
4 42.7699 7.276 21
4 44.2196 8.72565 21
5 45.6861 1.34e-07 21
5 47.1343 1.44821 21
5 48.5867 2.9006 21
6 50.0519 5.8e-08 21
6 51.5046 1.45263 21
6 52.9716 2.91966 21.5
7 54.4198 7.8e-08 21.5
8 55.8719 7.1e-08 22
9 57.3369 7.3e-08 22.5
10 58.7906 5.1e-08 23
11 60.2572 1.17e-07 23
13 61.7056 5e-08 23
14 63.1577 6.2e-08 23
16 64.6231 4.9e-08 23
17 66.0758 8e-08 23
19 67.543 7e-08 23
20 68.9864 6.5e-08 21.5
22 70.4377 5.4e-08 23
23 71.8848 6.5e-08 23
24 73.3447 5.8e-08 21
25 74.7962 3.7e-08 21
26 77.6407 1.45e-07 21
27 82.3933 1.54e-07 21
28 91.3403 1.45e-07 21
