0 6.54101 9.8e-08 21.5
0 9.43513 2.89412 21.5
0 10.8798 4.33879 21.5
0 12.3312 5.79017 21.5
0 13.7737 7.23268 21.5
0 15.2183 8.67732 21.5
1 16.6697 9.4e-08 21.5
1 18.1127 1.44306 21.5
1 19.5565 2.88684 21.5
1 21.0139 4.34423 21.5
1 22.4575 5.78783 21.5
1 23.8997 7.23 21.5
1 25.3509 8.68118 21.5
1 26.7936 10.124 21.5
2 28.2373 7.8e-08 21.5
2 29.6883 1.45108 21.5
2 31.1323 2.89504 21.5
2 32.5756 4.33831 21.5
2 34.0325 5.79523 21.5
2 35.4762 7.23891 21.5
2 36.9271 8.68982 21.5
2 38.3706 10.1333 22
3 39.8143 1.06e-07 22
3 41.2653 1.45103 22
3 42.7095 2.89521 21.5
3 44.1532 4.339 22
4 45.6096 8.1e-08 22
4 47.0529 1.44331 22
5 48.4959 7.7e-08 22.5
5 49.9473 1.45132 23
6 51.3904 8e-08 24
8 52.8342 6.6e-08 24.5
10 54.2845 6.3e-08 24.5
12 55.7271 1.98e-07 25
15 57.1707 6.1e-08 23.5
17 58.6285 8e-08 25
19 60.0717 7.5e-08 21.5
21 61.523 1.26e-07 25
22 62.966 6.8e-08 25
23 64.4092 6.8e-08 21.5
24 66.7607 1.78e-07 22
25 71.4057 1.62e-07 22
26 80.3501 1.73e-07 21.5
