        type trial_config ert_flop   unroll  buffers        nsize       trials       microsecs        bytes        flops         GB/s         GF/s
        long    coalesced       26        8        2          128     16777216    11903113.695   4294967296   6979321856        0.361        0.586
        long    coalesced       26        8        2          256     16777216    13093168.502   8589934592  13958643712        0.656        1.066
        long    coalesced       26        8        2          512     16777216    13093209.689  17179869184  27917287424        1.312        2.132
        long    coalesced       26        8        2         1024      8388608     7274190.959  17179869184  27917287424        2.362        3.838
        long    coalesced       26        8        2         2048      4194304     4091967.543  17179869184  27917287424        4.198        6.822
        long    coalesced       26        8        2         4096      2097152     2338474.360  17179869184  27917287424        7.347       11.938
        long    coalesced       26        8        2         8192      1048576     1364279.123  17179869184  27917287424       12.593       20.463
        long    coalesced       26        8        2        16384       524288     1023244.723  17179869184  27917287424       16.790       27.283
        long    coalesced       26        8        2        32768       262144      797151.213  17179869184  27917287424       21.552       35.021
        long    coalesced       26        8        2        65536       131072      694934.950  17179869184  27917287424       24.722       40.173
        long    coalesced       26        8        2       131072        65536      647526.947  17179869184  27917287424       26.532       43.114
        long    coalesced       26        8        2       262144        32768      621436.909  17179869184  27917287424       27.645       44.924
        long    coalesced       26        8        2       524288        16384      607693.292  17179869184  27917287424       28.271       45.940
        long    coalesced       26        8        2      1048576         8192      601866.379  17179869184  27917287424       28.544       46.385
        long    coalesced       26        8        2      2097152         4096      598693.846  17179869184  27917287424       28.696       46.630
        long    coalesced       26        8        2      4194304         2048      597117.729  17179869184  27917287424       28.771       46.753
        long    coalesced       26        8        2      8388608         1024      596283.610  17179869184  27917287424       28.812       46.819
        long    coalesced       26        8        2     16777216          512      595905.075  17179869184  27917287424       28.830       46.849
        long    coalesced       26        8        2     33554432          256      595815.434  17179869184  27917287424       28.834       46.856
        long    coalesced       26        8        2     67108864          128      595616.855  17179869184  27917287424       28.844       46.871
        long    coalesced       26        8        2    134217728           64      595585.847  17179869184  27917287424       28.845       46.874
        long    coalesced       26        8        2    268435456           32      595574.963  17179869184  27917287424       28.846       46.875
        long    coalesced       26        8        2    536870912           16      595483.844  17179869184  27917287424       28.850       46.882
        long    coalesced       26        8        2   1073741824            8      595506.312  17179869184  27917287424       28.849       46.880
        long    coalesced       26        8        2   2147483648            4      595506.187  17179869184  27917287424       28.849       46.880
        long    coalesced       26        8        2   4294967296            2      595519.353  17179869184  27917287424       28.849       46.879
        long    coalesced       26        8        2   8588886016            1      595399.482  17177772032  27913879552       28.851       46.883
