0 6.7184 7.3e-08 25.5
0 9.60344 2.88504 25.5
0 11.058 4.33965 25.5
0 12.5004 5.78202 25.5
0 13.9397 7.22129 25.5
0 15.3897 8.67133 25.5
0 16.8325 10.1141 25.5
0 18.2785 11.5601 25.5
0 19.7327 13.0143 25.5
0 21.1717 14.4533 25.5
0 22.6149 15.8965 25.5
1 24.072 6.9e-08 25.5
1 25.5083 1.43634 25.5
1 26.9513 2.87934 25.5
1 28.4062 4.33422 25.5
1 29.8451 5.77313 25.5
1 31.2845 7.21256 25.5
1 32.7418 8.66977 25.5
1 34.178 10.106 25.5
1 35.6203 11.5483 25.5
1 37.0772 13.0052 25.5
1 38.5135 14.4416 25.5
1 39.9559 15.8839 25.5
2 41.4127 6.5e-08 25.5
2 42.8481 1.43539 25.5
2 44.315 2.90224 25.5
2 45.7671 4.35439 25.5
2 47.2135 5.80073 25.5
2 48.6844 7.27162 25.5
3 50.1364 6.6e-08 25.5
3 51.5843 1.44789 25.5
3 53.0505 2.9141 25.5
4 54.4932 6.9e-08 26
4 55.9303 1.43712 26
5 57.3873 7.3e-08 26.5
6 58.8415 6.8e-08 27.5
7 60.2984 1.36e-07 28
9 61.7579 8.3e-08 28.5
11 63.2014 5.4e-08 29
13 64.6672 7.5e-08 29
16 66.1146 8e-08 26
18 67.5623 7.5e-08 26
20 69.0292 6.3e-08 29
21 70.4725 6.9e-08 27
22 71.9231 7e-08 25.5
23 74.467 1.49e-07 25.5
24 79.2103 1.52e-07 25.5
25 88.2623 1.6e-07 25.5
