        type trial_config ert_flop   unroll  buffers        nsize       trials       microsecs        bytes        flops         GB/s         GF/s
      double    coalesced        1        1        2           16     16777216     6891384.732    536870912     33554432        0.078        0.005
      double    coalesced        1        1        2           32     16777216     7274145.137   1073741824     67108864        0.148        0.009
      double    coalesced        1        1        2           64     16777216     7274121.089   2147483648    134217728        0.295        0.018
      double    coalesced        1        1        2          128     16777216     8183307.077   4294967296    268435456        0.525        0.033
      double    coalesced        1        1        2          256     16777216    10071754.777   8589934592    536870912        0.853        0.053
      double    coalesced        1        1        2          512     16777216    11902905.938  17179869184   1073741824        1.443        0.090
      double    coalesced        1        1        2         1024      8388608     7274194.512  17179869184   1073741824        2.362        0.148
      double    coalesced        1        1        2         2048      4194304     4676470.331  17179869184   1073741824        3.674        0.230
      double    coalesced        1        1        2         4096      2097152     3273614.902  17179869184   1073741824        5.248        0.328
      double    coalesced        1        1        2         8192      1048576     2728122.773  17179869184   1073741824        6.297        0.394
      double    coalesced        1        1        2        16384       524288     2363410.494  17179869184   1073741824        7.269        0.454
      double    coalesced        1        1        2        32768       262144     2197281.338  17179869184   1073741824        7.819        0.489
      double    coalesced        1        1        2        65536       131072     2125619.281  17179869184   1073741824        8.082        0.505
      double    coalesced        1        1        2       131072        65536     2087076.292  17179869184   1073741824        8.232        0.514
      double    coalesced        1        1        2       262144        32768     2067357.502  17179869184   1073741824        8.310        0.519
      double    coalesced        1        1        2       524288        16384     2057082.103  17179869184   1073741824        8.352        0.522
      double    coalesced        1        1        2      1048576         8192     2051728.894  17179869184   1073741824        8.373        0.523
      double    coalesced        1        1        2      2097152         4096     2048924.809  17179869184   1073741824        8.385        0.524
      double    coalesced        1        1        2      4194304         2048     2047612.832  17179869184   1073741824        8.390        0.524
      double    coalesced        1        1        2      8388608         1024     2046929.391  17179869184   1073741824        8.393        0.525
      double    coalesced        1        1        2     16777216          512     2046574.569  17179869184   1073741824        8.394        0.525
      double    coalesced        1        1        2     33554432          256     2046363.338  17179869184   1073741824        8.395        0.525
      double    coalesced        1        1        2     67108864          128     2046321.353  17179869184   1073741824        8.395        0.525
      double    coalesced        1        1        2    134217728           64     2046237.820  17179869184   1073741824        8.396        0.525
      double    coalesced        1        1        2    268435456           32     2046236.399  17179869184   1073741824        8.396        0.525
      double    coalesced        1        1        2    536870912           16     2046224.489  17179869184   1073741824        8.396        0.525
      double    coalesced        1        1        2   1073741824            8     2046181.556  17179869184   1073741824        8.396        0.525
      double    coalesced        1        1        2   2147483648            4     2046231.353  17179869184   1073741824        8.396        0.525
      double    coalesced        1        1        2   4294967296            2     2046195.414  17179869184   1073741824        8.396        0.525
      double    coalesced        1        1        2   8588886016            1     2045989.676  17177772032   1073610752        8.396        0.525
