        type trial_config ert_flop   unroll  buffers        nsize       trials       microsecs        bytes        flops         GB/s         GF/s
      double    coalesced        4        8        1           64     16777216     8201752.983   2147483648    536870912        0.262        0.065
      double    coalesced        4        8        1          128     16777216     8728598.228   4294967296   1073741824        0.492        0.123
      double    coalesced        4        8        1          256     16777216     8728627.778   8589934592   2147483648        0.984        0.246
      double    coalesced        4        8        1          512      8388608     4790686.009   8589934592   2147483648        1.793        0.448
      double    coalesced        4        8        1         1024      4194304     2727774.173   8589934592   2147483648        3.149        0.787
      double    coalesced        4        8        1         2048      2097152     1487932.241   8589934592   2147483648        5.773        1.443
      double    coalesced        4        8        1         4096      1048576      909346.598   8589934592   2147483648        9.446        2.362
      double    coalesced        4        8        1         8192       524288      584624.866   8589934592   2147483648       14.693        3.673
      double    coalesced        4        8        1        16384       262144      454734.380   8589934592   2147483648       18.890        4.723
      double    coalesced        4        8        1        32768       131072      378970.704   8589934592   2147483648       22.666        5.667
      double    coalesced        4        8        1        65536        65536      363123.791   8589934592   2147483648       23.656        5.914
      double    coalesced        4        8        1       131072        32768      349767.025   8589934592   2147483648       24.559        6.140
      double    coalesced        4        8        1       262144        16384      346404.293   8589934592   2147483648       24.797        6.199
      double    coalesced        4        8        1       524288         8192      343273.237   8589934592   2147483648       25.024        6.256
      double    coalesced        4        8        1      1048576         4096      342327.421   8589934592   2147483648       25.093        6.273
      double    coalesced        4        8        1      2097152         2048      341549.765   8589934592   2147483648       25.150        6.287
      double    coalesced        4        8        1      4194304         1024      341305.834   8589934592   2147483648       25.168        6.292
      double    coalesced        4        8        1      8388608          512      341161.378   8589934592   2147483648       25.179        6.295
      double    coalesced        4        8        1     16777216          256      341133.855   8589934592   2147483648       25.181        6.295
      double    coalesced        4        8        1     33554432          128      341125.274   8589934592   2147483648       25.181        6.295
      double    coalesced        4        8        1     67108864           64      341129.636   8589934592   2147483648       25.181        6.295
      double    coalesced        4        8        1    134217728           32      341100.716   8589934592   2147483648       25.183        6.296
      double    coalesced        4        8        1    268435456           16      341110.128   8589934592   2147483648       25.182        6.296
      double    coalesced        4        8        1    536870912            8      341141.152   8589934592   2147483648       25.180        6.295
      double    coalesced        4        8        1   1073741824            4      341117.569   8589934592   2147483648       25.182        6.295
      double    coalesced        4        8        1   2147483648            2      341094.374   8589934592   2147483648       25.183        6.296
      double    coalesced        4        8        1   4293918720            1      341024.444   8587837440   2146959360       25.182        6.296
