        type trial_config ert_flop   unroll  buffers        nsize       trials       microsecs        bytes        flops         GB/s         GF/s
        long    coalesced       64        2        2           32     16777216    17076321.089   1073741824   4294967296        0.063        0.252
        long    coalesced       64        2        2           64     16777216    17392987.716   2147483648   8589934592        0.123        0.494
        long    coalesced       64        2        2          128     16777216    17749115.511   4294967296  17179869184        0.242        0.968
        long    coalesced       64        2        2          256     16777216    18704317.576   8589934592  34359738368        0.459        1.837
        long    coalesced       64        2        2          512     16777216    20225368.921  17179869184  68719476736        0.849        3.398
        long    coalesced       64        2        2         1024      8388608    11012077.449  17179869184  68719476736        1.560        6.240
        long    coalesced       64        2        2         2048      4194304     6546784.113  17179869184  68719476736        2.624       10.497
        long    coalesced       64        2        2         4096      2097152     3751994.255  17179869184  68719476736        4.579       18.315
        long    coalesced       64        2        2         8192      1048576     2455330.663  17179869184  68719476736        6.997       27.988
        long    coalesced       64        2        2        16384       524288     1812817.719  17179869184  68719476736        9.477       37.908
        long    coalesced       64        2        2        32768       262144     1452162.885  17179869184  68719476736       11.831       47.322
        long    coalesced       64        2        2        65536       131072     1278978.714  17179869184  68719476736       13.432       53.730
        long    coalesced       64        2        2       131072        65536     1201328.901  17179869184  68719476736       14.301       57.203
        long    coalesced       64        2        2       262144        32768     1158206.138  17179869184  68719476736       14.833       59.333
        long    coalesced       64        2        2       524288        16384     1139807.124  17179869184  68719476736       15.073       60.290
        long    coalesced       64        2        2      1048576         8192     1128642.640  17179869184  68719476736       15.222       60.887
        long    coalesced       64        2        2      2097152         4096     1122981.852  17179869184  68719476736       15.298       61.194
        long    coalesced       64        2        2      4194304         2048     1120323.228  17179869184  68719476736       15.335       61.339
        long    coalesced       64        2        2      8388608         1024     1119183.879  17179869184  68719476736       15.350       61.401
        long    coalesced       64        2        2     16777216          512     1118540.974  17179869184  68719476736       15.359       61.437
        long    coalesced       64        2        2     33554432          256     1118188.780  17179869184  68719476736       15.364       61.456
        long    coalesced       64        2        2     67108864          128     1118021.607  17179869184  68719476736       15.366       61.465
        long    coalesced       64        2        2    134217728           64     1117919.470  17179869184  68719476736       15.368       61.471
        long    coalesced       64        2        2    268435456           32     1117895.240  17179869184  68719476736       15.368       61.472
        long    coalesced       64        2        2    536870912           16     1117973.367  17179869184  68719476736       15.367       61.468
        long    coalesced       64        2        2   1073741824            8     1117971.869  17179869184  68719476736       15.367       61.468
        long    coalesced       64        2        2   2147483648            4     1117854.044  17179869184  68719476736       15.369       61.474
        long    coalesced       64        2        2   4294967296            2     1117834.173  17179869184  68719476736       15.369       61.476
        long    coalesced       64        2        2   8588886016            1     1117739.265  17177772032  68711088128       15.368       61.473
