        type trial_config ert_flop   unroll  buffers        nsize       trials       microsecs        bytes        flops         GB/s         GF/s
       float    coalesced       32        2        2           16     16777216    10071776.146    536870912   2147483648        0.053        0.213
       float    coalesced       32        2        2           32     16777216    10071766.938   1073741824   4294967296        0.107        0.426
       float    coalesced       32        2        2           64     16777216    10911049.318   2147483648   8589934592        0.197        0.787
       float    coalesced       32        2        2          128     16777216    10911102.682   4294967296  17179869184        0.394        1.575
       float    coalesced       32        2        2          256     16777216    13093163.199   8589934592  34359738368        0.656        2.624
       float    coalesced       32        2        2          512     16777216    14547950.734  17179869184  68719476736        1.181        4.724
       float    coalesced       32        2        2         1024      8388608     8286799.447  17179869184  68719476736        2.073        8.293
       float    coalesced       32        2        2         2048      4194304     5036111.893  17179869184  68719476736        3.411       13.645
       float    coalesced       32        2        2         4096      2097152     3491780.140  17179869184  68719476736        4.920       19.680
       float    coalesced       32        2        2         8192      1048576     2728079.770  17179869184  68719476736        6.297       25.190
       float    coalesced       32        2        2        16384       524288     2273293.257  17179869184  68719476736        7.557       30.229
       float    coalesced       32        2        2        32768       262144     2046173.590  17179869184  68719476736        8.396       33.584
       float    coalesced       32        2        2        65536       131072     1977233.019  17179869184  68719476736        8.689       34.755
       float    coalesced       32        2        2       131072        65536     1922697.091  17179869184  68719476736        8.935       35.741
       float    coalesced       32        2        2       262144        32768     1897429.076  17179869184  68719476736        9.054       36.217
       float    coalesced       32        2        2       524288        16384     1884103.339  17179869184  68719476736        9.118       36.473
       float    coalesced       32        2        2      1048576         8192     1877364.304  17179869184  68719476736        9.151       36.604
       float    coalesced       32        2        2      2097152         4096     1874099.991  17179869184  68719476736        9.167       36.668
       float    coalesced       32        2        2      4194304         2048     1872432.394  17179869184  68719476736        9.175       36.701
       float    coalesced       32        2        2      8388608         1024     1871632.237  17179869184  68719476736        9.179       36.716
       float    coalesced       32        2        2     16777216          512     1871223.996  17179869184  68719476736        9.181       36.724
       float    coalesced       32        2        2     33554432          256     1871046.025  17179869184  68719476736        9.182       36.728
       float    coalesced       32        2        2     67108864          128     1870947.380  17179869184  68719476736        9.182       36.730
       float    coalesced       32        2        2    134217728           64     1870837.993  17179869184  68719476736        9.183       36.732
       float    coalesced       32        2        2    268435456           32     1870859.282  17179869184  68719476736        9.183       36.732
       float    coalesced       32        2        2    536870912           16     1870837.686  17179869184  68719476736        9.183       36.732
       float    coalesced       32        2        2   1073741824            8     1870871.934  17179869184  68719476736        9.183       36.731
       float    coalesced       32        2        2   2147483648            4     1870808.280  17179869184  68719476736        9.183       36.733
       float    coalesced       32        2        2   4294967296            2     1870842.840  17179869184  68719476736        9.183       36.732
       float    coalesced       32        2        2   8588886016            1     1870542.037  17177772032  68711088128        9.183       36.733
