        type trial_config ert_flop   unroll  buffers        nsize       trials       microsecs        bytes        flops         GB/s         GF/s
       float    coalesced        1        8        2           64     16777216     6083198.802   2147483648    268435456        0.353        0.044
       float    coalesced        1        8        2          128     16777216     6234999.086   4294967296    536870912        0.689        0.086
       float    coalesced        1        8        2          256     16777216     6546728.131   8589934592   1073741824        1.312        0.164
       float    coalesced        1        8        2          512     16777216     7274178.269  17179869184   2147483648        2.362        0.295
       float    coalesced        1        8        2         1024      8388608     4598324.888  17179869184   2147483648        3.736        0.467
       float    coalesced        1        8        2         2048      4194304     2518306.153  17179869184   2147483648        6.822        0.853
       float    coalesced        1        8        2         4096      2097152     1488282.252  17179869184   2147483648       11.543        1.443
       float    coalesced        1        8        2         8192      1048576     1023241.160  17179869184   2147483648       16.790        2.099
       float    coalesced        1        8        2        16384       524288      809435.743  17179869184   2147483648       21.225        2.653
       float    coalesced        1        8        2        32768       262144      737374.181  17179869184   2147483648       23.299        2.912
       float    coalesced        1        8        2        65536       131072      801706.734  17179869184   2147483648       21.429        2.679
       float    coalesced        1        8        2       131072        65536      823720.765  17179869184   2147483648       20.856        2.607
       float    coalesced        1        8        2       262144        32768      837535.406  17179869184   2147483648       20.512        2.564
       float    coalesced        1        8        2       524288        16384      844992.197  17179869184   2147483648       20.331        2.541
       float    coalesced        1        8        2      1048576         8192      849065.082  17179869184   2147483648       20.234        2.529
       float    coalesced        1        8        2      2097152         4096      851454.199  17179869184   2147483648       20.177        2.522
       float    coalesced        1        8        2      4194304         2048      853103.107  17179869184   2147483648       20.138        2.517
       float    coalesced        1        8        2      8388608         1024      854009.265  17179869184   2147483648       20.117        2.515
       float    coalesced        1        8        2     16777216          512      855398.309  17179869184   2147483648       20.084        2.511
       float    coalesced        1        8        2     33554432          256      855891.782  17179869184   2147483648       20.072        2.509
       float    coalesced        1        8        2     67108864          128      856239.898  17179869184   2147483648       20.064        2.508
       float    coalesced        1        8        2    134217728           64      856327.813  17179869184   2147483648       20.062        2.508
       float    coalesced        1        8        2    268435456           32      856461.760  17179869184   2147483648       20.059        2.507
       float    coalesced        1        8        2    536870912           16      856419.271  17179869184   2147483648       20.060        2.508
       float    coalesced        1        8        2   1073741824            8      856535.129  17179869184   2147483648       20.057        2.507
       float    coalesced        1        8        2   2147483648            4      856571.117  17179869184   2147483648       20.057        2.507
       float    coalesced        1        8        2   4294967296            2      856634.033  17179869184   2147483648       20.055        2.507
       float    coalesced        1        8        2   8588886016            1      856420.534  17177772032   2147221504       20.058        2.507
