        type trial_config ert_flop   unroll  buffers        nsize       trials       microsecs        bytes        flops         GB/s         GF/s
       float    coalesced        1        8        1           32     16777216     6235028.093   1073741824    134217728        0.172        0.022
       float    coalesced        1        8        1           64     16777216     6234980.157   2147483648    268435456        0.344        0.043
       float    coalesced        1        8        1          128     16777216     6546729.206   4294967296    536870912        0.656        0.082
       float    coalesced        1        8        1          256     16777216     7274060.917   8589934592   1073741824        1.181        0.148
       float    coalesced        1        8        1          512      8388608     4364577.966   8589934592   1073741824        1.968        0.246
       float    coalesced        1        8        1         1024      4194304     2518196.013   8589934592   1073741824        3.411        0.426
       float    coalesced        1        8        1         2048      2097152     1488119.537   8589934592   1073741824        5.772        0.722
       float    coalesced        1        8        1         4096      1048576      958595.474   8589934592   1073741824        8.961        1.120
       float    coalesced        1        8        1         8192       524288      722332.218   8589934592   1073741824       11.892        1.486
       float    coalesced        1        8        1        16384       262144      601988.261   8589934592   1073741824       14.269        1.784
       float    coalesced        1        8        1        32768       131072      533966.012   8589934592   1073741824       16.087        2.011
       float    coalesced        1        8        1        65536        65536      508931.902   8589934592   1073741824       16.878        2.110
       float    coalesced        1        8        1       131072        32768      488456.916   8589934592   1073741824       17.586        2.198
       float    coalesced        1        8        1       262144        16384      477852.340   8589934592   1073741824       17.976        2.247
       float    coalesced        1        8        1       524288         8192      473150.405   8589934592   1073741824       18.155        2.269
       float    coalesced        1        8        1      1048576         4096      470581.236   8589934592   1073741824       18.254        2.282
       float    coalesced        1        8        1      2097152         2048      469370.592   8589934592   1073741824       18.301        2.288
       float    coalesced        1        8        1      4194304         1024      468814.841   8589934592   1073741824       18.323        2.290
       float    coalesced        1        8        1      8388608          512      468571.789   8589934592   1073741824       18.332        2.292
       float    coalesced        1        8        1     16777216          256      468374.908   8589934592   1073741824       18.340        2.292
       float    coalesced        1        8        1     33554432          128      468338.179   8589934592   1073741824       18.341        2.293
       float    coalesced        1        8        1     67108864           64      468245.993   8589934592   1073741824       18.345        2.293
       float    coalesced        1        8        1    134217728           32      468332.413   8589934592   1073741824       18.342        2.293
       float    coalesced        1        8        1    268435456           16      468269.681   8589934592   1073741824       18.344        2.293
       float    coalesced        1        8        1    536870912            8      468271.165   8589934592   1073741824       18.344        2.293
       float    coalesced        1        8        1   1073741824            4      468297.425   8589934592   1073741824       18.343        2.293
       float    coalesced        1        8        1   2147483648            2      468261.531   8589934592   1073741824       18.344        2.293
       float    coalesced        1        8        1   4293918720            1      468151.011   8587837440   1073479680       18.344        2.293
