        type trial_config ert_flop   unroll  buffers        nsize       trials       microsecs        bytes        flops         GB/s         GF/s
         int    coalesced        1       64        1          256     16777216     6234996.173   8589934592   1073741824        1.378        0.172
         int    coalesced        1       64        1          512      8388608     3445808.884   8589934592   1073741824        2.493        0.312
         int    coalesced        1       64        1         1024      4194304     1852624.678   8589934592   1073741824        4.637        0.580
         int    coalesced        1       64        1         2048      2097152     1091325.414   8589934592   1073741824        7.871        0.984
         int    coalesced        1       64        1         4096      1048576      663818.208   8589934592   1073741824       12.940        1.618
         int    coalesced        1       64        1         8192       524288      442778.359   8589934592   1073741824       19.400        2.425
         int    coalesced        1       64        1        16384       262144      330570.401   8589934592   1073741824       25.985        3.248
         int    coalesced        1       64        1        32768       131072      279277.376   8589934592   1073741824       30.758        3.845
         int    coalesced        1       64        1        65536        65536      293183.494   8589934592   1073741824       29.299        3.662
         int    coalesced        1       64        1       131072        32768      282610.831   8589934592   1073741824       30.395        3.799
         int    coalesced        1       64        1       262144        16384      276084.142   8589934592   1073741824       31.113        3.889
         int    coalesced        1       64        1       524288         8192      274615.462   8589934592   1073741824       31.280        3.910
         int    coalesced        1       64        1      1048576         4096      273928.618   8589934592   1073741824       31.358        3.920
         int    coalesced        1       64        1      2097152         2048      273856.804   8589934592   1073741824       31.367        3.921
         int    coalesced        1       64        1      4194304         1024      273731.819   8589934592   1073741824       31.381        3.923
         int    coalesced        1       64        1      8388608          512      273618.248   8589934592   1073741824       31.394        3.924
         int    coalesced        1       64        1     16777216          256      273588.686   8589934592   1073741824       31.397        3.925
         int    coalesced        1       64        1     33554432          128      273592.332   8589934592   1073741824       31.397        3.925
         int    coalesced        1       64        1     67108864           64      273540.623   8589934592   1073741824       31.403        3.925
         int    coalesced        1       64        1    134217728           32      273544.999   8589934592   1073741824       31.402        3.925
         int    coalesced        1       64        1    268435456           16      273530.236   8589934592   1073741824       31.404        3.925
         int    coalesced        1       64        1    536870912            8      273509.353   8589934592   1073741824       31.406        3.926
         int    coalesced        1       64        1   1073741824            4      273497.515   8589934592   1073741824       31.408        3.926
         int    coalesced        1       64        1   2147483648            2      273555.870   8589934592   1073741824       31.401        3.925
         int    coalesced        1       64        1   4293918720            1      273388.996   8587837440   1073479680       31.413        3.927
