0 3.19068 8.2e-08 21.5
0 6.07984 2.88916 21.5
0 7.53406 4.34337 21.5
0 8.98085 5.79017 21.5
0 10.4326 7.24193 21.5
0 11.8746 8.68392 21.5
0 13.3153 10.1246 21.5
0 14.7668 11.5761 21.5
0 16.209 13.0183 21.5
0 17.655 14.4643 21.5
0 19.1098 15.9191 21.5
0 20.5674 17.3767 21.5
0 22.0112 18.8205 21.5
0 23.498 20.3073 21.5
0 24.9374 21.7467 21.5
1 26.3949 1.02e-07 21.5
1 27.8378 1.44296 21.5
1 29.2806 2.88569 21.5
1 30.7374 4.34249 21.5
1 32.1852 5.79029 21.5
1 33.658 7.26311 21.5
1 35.1052 8.71029 21.5
1 36.549 10.1541 21.5
1 38.0217 11.6268 21.5
1 39.4699 13.075 21.5
1 40.9137 14.5188 21.5
1 42.3867 15.9918 21.5
1 43.8347 17.4398 21.5
1 45.2925 18.8976 21.5
1 46.7518 20.3569 21.5
1 48.1939 21.799 21.5
2 49.6438 7e-08 21.5
2 51.0866 1.44282 21.5
2 52.5593 2.91547 21.5
2 54.0073 4.36353 21.5
2 55.4714 5.82759 21.5
2 56.9349 7.2911 21.5
2 58.3737 8.72993 21.5
2 59.8458 10.202 21.5
2 61.2947 11.6509 21.5
2 62.7382 13.0944 21.5
2 64.2095 14.5657 21.5
2 65.665 16.0212 21.5
2 67.1026 17.4588 21.5
2 68.5592 18.9154 21.5
2 70.0014 20.3576 21.5
2 71.4628 21.819 21.5
2 72.9053 23.2615 21.5
3 74.365 8.7e-08 21.5
3 75.8162 1.45121 21.5
3 77.2581 2.89309 21.5
3 78.7009 4.33593 21.5
3 80.152 5.78699 21.5
3 81.5948 7.22979 21.5
3 83.0377 8.67267 21.5
3 84.5046 10.1396 21.5
3 85.9458 11.5808 21.5
3 87.3948 13.0297 21.5
3 88.8422 14.4772 21.5
3 90.2845 15.9195 21.5
3 91.755 17.3899 21.5
3 93.198 18.833 21.5
3 94.6467 20.2817 21.5
3 96.0967 21.7317 21.5
4 97.5404 1.15e-07 21.5
4 98.982 1.4416 21.5
4 100.438 2.89781 21.5
4 101.881 4.34092 21.5
4 103.332 5.79195 21.5
4 104.775 7.23457 21.5
4 106.218 8.6776 21.5
4 107.669 10.1284 21.5
4 109.111 11.5709 21.5
4 110.554 13.014 21.5
4 112.02 14.48 21.5
4 113.462 15.9214 21.5
4 114.904 17.3636 21.5
4 116.354 18.8135 21.5
4 117.796 20.2556 21.5
4 119.244 21.7041 21.5
4 120.695 23.1549 21.5
4 122.137 24.5962 21.5
5 123.602 8.6e-08 21.5
5 125.045 1.44256 21.5
5 126.489 2.88618 21.5
5 127.939 4.33689 21.5
5 129.382 5.78003 21.5
5 130.826 7.2232 21.5
5 132.282 8.67994 21.5
5 133.725 10.1225 21.5
5 135.169 11.5661 21.5
5 136.62 13.0177 21.5
5 138.063 14.4609 21.5
5 139.506 15.9037 21.5
5 140.957 17.3544 21.5
5 142.4 18.7972 21.5
5 143.842 20.24 21.5
5 145.31 21.7074 21.5
5 146.753 23.1508 21.5
5 148.204 24.6015 21.5
5 149.647 26.0442 21.5
6 151.09 7.9e-08 21.5
6 152.547 1.45715 21.5
6 153.99 2.90029 21.5
6 155.433 4.3436 21.5
6 156.884 5.79422 21.5
6 158.327 7.23755 21.5
6 159.771 8.68118 21.5
6 161.222 10.1322 21.5
6 162.681 11.591 21.5
6 164.112 13.0222 21.5
6 165.567 14.4777 21.5
7 167.02 8.5e-08 21.5
7 168.47 1.45031 21.5
7 169.914 2.89344 21.5
7 171.357 4.3366 21.5
7 172.814 5.79423 21.5
8 174.258 7.9e-08 21.5
8 175.702 1.44386 21.5
8 177.153 2.8946 21.5
8 178.601 4.34241 21.5
9 180.043 9.5e-08 21.5
9 181.494 1.45136 21.5
10 182.943 5.6e-08 22
10 184.379 1.43621 22
11 185.845 6.9e-08 22
11 187.288 1.44311 22
12 188.739 3.5e-08 22
13 190.182 1.06e-07 22
14 191.625 8.3e-08 22
14 193.082 1.45723 22
15 194.527 7e-08 22
16 195.969 6.2e-08 22
17 197.42 5.2e-08 22
17 198.863 1.44297 22
18 200.307 6.5e-08 22
19 201.758 5.7e-08 22
20 203.201 5.5e-08 22
21 204.668 5.7e-08 22
21 206.111 1.443 22
22 207.555 9e-08 22
23 209.006 5.3e-08 22
24 210.45 7.4e-08 22
24 211.894 1.44411 22
25 213.351 6.7e-08 21.5
26 214.793 3.2e-08 22
26 216.236 1.44247 23
27 217.687 5.7e-08 22
27 219.131 1.44373 22
28 221.673 1.68e-07 22
28 223.123 1.45014 22
29 228.068 1e-07 22
29 229.517 1.44897 21.5
