0 3.34645 7.1e-08 20.5
0 6.23058 2.88414 20.5
0 7.68247 4.33602 20.5
1 9.12607 8.3e-08 20.5
1 10.5702 1.4441 20.5
1 12.028 2.90192 20.5
1 13.4707 4.34467 20.5
1 14.9215 5.7954 20.5
2 16.3673 6.3e-08 20.5
2 17.8271 1.45984 20.5
2 19.2929 2.92565 20.5
2 20.7486 4.38138 20.5
3 22.2006 7e-08 20.5
3 23.6492 1.44858 20.5
3 25.1086 2.90805 20.5
3 26.5702 4.36958 20.5
3 28.03 5.82941 21
4 29.4814 6.8e-08 21
4 30.9248 1.44344 21
5 32.3734 6.7e-08 21
5 33.8389 1.46547 21
6 35.2816 5.6e-08 21.5
7 36.7348 5.9e-08 22.5
10 38.2016 5.3e-08 23
13 39.6438 6.4e-08 23
16 41.0999 5.1e-08 23
19 42.5598 6.8e-08 23
22 44.1035 1.19e-07 21
24 45.9433 1.52e-07 20.5
25 47.5823 1.54e-07 21
26 50.5255 1.78e-07 21
27 55.6674 1.53e-07 20.5
