0 3.23787 8.2e-08 24
0 6.11431 2.87644 24
0 7.57023 4.33235 24
0 9.01285 5.77498 24
0 10.4469 7.20906 24.5
0 11.9029 8.66504 24
0 13.3392 10.1013 24
0 14.7802 11.5423 24
0 16.236 12.9981 24
0 17.6803 14.4424 24
0 19.1156 15.8777 24
0 20.5707 17.3328 24
0 22.0176 18.7797 24
0 23.4679 20.23 24
0 24.9147 21.6769 24
0 26.3516 23.1137 24
0 27.8017 24.5638 24
0 29.2436 26.0058 24
0 30.6844 27.4465 24
0 32.1348 28.897 24
0 33.5763 30.3384 24
0 35.0178 31.7799 24
0 36.4734 33.2355 24
0 37.9118 34.674 24
0 39.3541 36.1163 24
0 40.8042 37.5663 24
0 42.2471 39.0092 24
0 43.6901 40.4523 24
0 45.1393 41.9015 24
0 46.581 43.3431 24
0 48.0221 44.7843 24
0 49.472 46.2341 24
0 50.915 47.6772 24
0 52.3559 49.118 24
0 53.8054 50.5675 24
0 55.2484 52.0105 24
0 56.6904 53.4526 24
0 58.1401 54.9023 24
0 59.5831 56.3453 24
0 61.0255 57.7876 24
0 62.4744 59.2366 24
0 63.9175 60.6796 24
0 65.3602 62.1223 24
0 66.8112 63.5733 24
0 68.2524 65.0145 24
0 69.6948 66.4569 24
0 71.1455 67.9076 24
0 72.5861 69.3482 24
0 74.0285 70.7906 24
0 75.4795 72.2416 24
0 76.9222 73.6843 24
0 78.3635 75.1256 24
0 79.8134 76.5755 24
0 81.2537 78.0158 24
0 82.694 79.4561 24
0 84.1438 80.9059 24
0 85.585 82.3471 24
0 87.0271 83.7892 24
0 88.4768 85.239 24
0 89.9184 86.6805 24
0 91.3607 88.1228 24
0 92.811 89.5731 24
0 94.253 91.0151 24
0 95.7001 92.4622 24
0 97.1469 93.909 24
0 98.589 95.3511 24
0 100.031 96.7935 24
0 101.482 98.2446 24
0 102.925 99.6868 24
0 104.368 101.13 24
0 105.817 102.58 24
0 107.26 104.022 24
0 108.702 105.464 24
0 110.151 106.913 24
0 111.598 108.36 24
0 113.035 109.797 24
0 114.485 111.247 24
0 115.928 112.69 24
0 117.371 114.133 24
0 118.821 115.583 24
0 120.262 117.025 24
0 121.705 118.467 24
0 123.154 119.916 24
0 124.595 121.357 24
0 126.038 122.801 24
0 127.496 124.258 24
0 128.931 125.694 24
0 130.373 127.135 24
0 131.83 128.592 24
0 133.272 130.034 24
0 134.707 131.47 24
0 136.164 132.926 24
0 137.607 134.369 24
0 139.041 135.803 24
0 140.496 137.259 24
0 141.94 138.702 24
0 143.376 140.138 24
0 144.831 141.593 24
0 146.273 143.035 24
0 147.709 144.471 24
0 149.164 145.926 24
0 150.607 147.369 24
0 152.049 148.811 24
0 153.499 150.262 24
0 154.942 151.705 24
0 156.385 153.147 24
0 157.835 154.598 24
0 159.278 156.04 24
0 160.721 157.483 24
0 162.171 158.934 24
0 163.612 160.375 24
0 165.056 161.818 24
0 166.506 163.268 24
0 167.948 164.711 24
0 169.391 166.153 24
0 170.841 167.603 24
0 172.284 169.046 24
0 173.727 170.489 24
0 175.177 171.94 24
0 176.621 173.383 24
0 178.064 174.826 24
0 179.515 176.278 24
0 180.958 177.72 24
0 182.4 179.162 24
0 183.851 180.614 24
0 185.294 182.056 24
0 186.736 183.499 24
0 188.186 184.948 24
0 189.628 186.391 24
0 191.071 187.833 24
0 192.52 189.282 24
0 193.964 190.726 24
0 195.406 192.168 24
0 196.855 193.617 24
0 198.298 195.06 24
0 199.74 196.502 24
0 201.191 197.953 24
0 202.632 199.394 24
0 204.075 200.837 24
0 205.532 202.294 24
0 206.975 203.737 24
0 208.412 205.174 24
0 209.869 206.631 24
0 211.313 208.075 24
0 212.765 209.527 24
0 214.208 210.97 24
0 215.65 212.412 24
0 217.101 213.863 24
0 218.544 215.306 24
0 219.988 216.75 24
0 221.438 218.2 24
0 222.881 219.643 24
0 224.325 221.087 24
0 225.776 222.538 24
0 227.218 223.98 24
0 228.659 225.421 24
0 230.111 226.873 24
0 231.554 228.316 24
0 232.996 229.758 24
0 234.447 231.209 24
0 235.889 232.651 24
0 237.332 234.094 24
0 238.782 235.545 24
0 240.226 236.988 24
0 241.668 238.431 24
0 243.118 239.88 24
0 244.561 241.323 24
0 246.004 242.766 24
0 247.461 244.223 24
0 248.898 245.66 24
0 250.34 247.102 24
0 251.797 248.559 24
0 253.233 249.995 24
0 254.673 251.435 24
0 256.129 252.891 24
0 257.565 254.328 24
0 259.008 255.77 24
0 260.465 257.227 24
0 261.9 258.662 24
0 263.341 260.103 24
0 264.791 261.553 24
0 266.232 262.994 24
0 267.673 264.436 24
1 269.124 9e-08 24
1 270.565 1.44072 24
1 272.007 2.88296 24
1 273.457 4.33269 24
1 274.899 5.77421 24
1 276.345 7.22103 24
1 277.798 8.6734 24
1 279.233 10.1082 24
1 280.674 11.55 24
1 282.131 13.007 24
1 283.571 14.4467 24
1 285.009 15.8848 24
1 286.466 17.3418 24
1 287.908 18.7835 24
1 289.343 20.2189 24
1 290.804 21.6797 24
1 292.242 23.1176 24
1 293.678 24.5532 24
1 295.134 26.0099 24
1 296.577 27.4523 24
1 298.016 28.8921 24
1 299.468 30.3433 24
1 300.911 31.7862 24
1 302.347 33.2223 24
1 303.802 34.678 24
1 305.246 36.1219 24
1 306.689 37.5649 24
1 308.139 39.0151 24
1 309.582 40.4581 24
1 311.026 41.9018 24
1 312.478 43.3534 24
1 313.921 44.7964 24
1 315.363 46.2383 24
1 316.813 47.6887 24
1 318.256 49.1315 24
1 319.698 50.574 24
1 321.149 52.0242 24
1 322.592 53.4674 24
1 324.035 54.9103 24
1 325.485 56.3609 24
1 326.927 57.8026 24
1 328.37 59.2456 24
1 329.821 60.6966 24
1 331.264 62.1395 24
1 332.706 63.5818 24
1 334.157 65.0325 24
1 335.6 66.4754 24
1 337.043 67.9183 24
1 338.493 69.3684 24
1 339.936 70.8119 24
1 341.378 72.2541 24
1 342.827 73.7023 24
1 344.269 75.1442 24
1 345.711 76.5862 24
1 347.161 78.0371 24
1 348.604 79.4792 24
1 350.047 80.9228 24
1 351.508 82.3841 24
1 352.94 83.8153 24
1 354.382 85.2573 24
1 355.838 86.714 24
1 357.28 88.1559 24
1 358.715 89.5911 24
1 360.172 91.0476 24
1 361.615 92.4911 24
1 363.057 93.933 24
1 364.508 95.3836 24
1 365.951 96.8264 24
1 367.402 98.2779 24
1 368.845 99.7211 24
1 370.287 101.163 24
1 371.737 102.613 24
1 373.18 104.056 24
1 374.623 105.499 24
1 376.073 106.948 24
1 377.515 108.391 24
1 378.957 109.833 24
1 380.406 111.282 24
1 381.848 112.724 24
1 383.292 114.167 24
1 384.742 115.618 24
1 386.183 117.059 24
1 387.626 118.501 24
1 389.077 119.952 24
1 390.518 121.394 24
1 391.96 122.836 24
1 393.41 124.286 24
1 394.852 125.728 24
1 396.294 127.169 24
1 397.744 128.62 24
1 399.188 130.063 24
1 400.63 131.506 24
1 402.081 132.956 24
1 403.523 134.398 24
1 404.965 135.841 24
1 406.415 137.291 24
1 407.857 138.733 24
1 409.3 140.176 24
1 410.758 141.634 24
1 412.194 143.07 24
1 413.636 144.511 24
1 415.093 145.968 24
1 416.535 147.41 24
1 417.97 148.846 24
1 419.427 150.303 24
1 420.87 151.746 24
1 422.313 153.188 24
1 423.763 154.639 24
1 425.206 156.081 24
1 426.65 157.525 24
1 428.101 158.976 24
1 429.542 160.418 24
1 430.985 161.861 24
1 432.435 163.311 24
1 433.876 164.752 24
1 435.318 166.194 24
1 436.768 167.644 24
1 438.209 169.085 24
1 439.651 170.527 24
1 441.102 171.978 24
1 442.542 173.418 24
1 443.985 174.861 24
1 445.436 176.311 24
1 446.879 177.754 24
1 448.32 179.196 24
1 449.771 180.647 24
1 451.214 182.09 24
1 452.657 183.533 24
1 454.108 184.983 24
1 455.55 186.425 24
1 456.992 187.868 24
1 458.443 189.319 24
1 459.885 190.761 24
1 461.327 192.203 24
1 462.779 193.654 24
1 464.221 195.097 24
1 465.663 196.539 24
1 467.114 197.99 24
1 468.558 199.433 24
1 470 200.876 24
1 471.45 202.326 24
1 472.892 203.768 24
1 474.335 205.211 24
1 475.792 206.667 24
1 477.228 208.104 24
1 478.67 209.546 24
1 480.127 211.003 24
1 481.57 212.446 24
1 483.006 213.882 24
1 484.462 215.338 24
1 485.905 216.781 24
1 487.357 218.232 24
1 488.8 219.675 24
1 490.242 221.117 24
1 491.693 222.569 24
1 493.137 224.012 24
1 494.579 225.455 24
1 496.03 226.906 24
1 497.472 228.348 24
1 498.915 229.791 24
1 500.367 231.242 24
1 501.81 232.686 24
1 503.251 234.127 24
1 504.702 235.578 24
1 506.146 237.021 24
1 507.589 238.465 24
1 509.04 239.915 24
1 510.482 241.357 24
1 511.925 242.8 24
1 513.382 244.258 24
1 514.825 245.701 24
1 516.262 247.137 24
1 517.717 248.593 24
1 519.16 250.036 24
1 520.604 251.479 24
1 522.054 252.929 24
1 523.5 254.376 24
1 524.938 255.814 24
1 526.388 257.264 24
1 527.829 258.705 24
1 529.272 260.147 24
1 530.723 261.598 24
1 532.165 263.04 24
1 533.606 264.482 24
2 535.057 8.2e-08 24
2 536.499 1.44261 24
2 537.941 2.88374 24
2 539.39 4.33303 24
2 540.833 5.77579 24
2 542.274 7.21728 24
2 543.724 8.6669 24
2 545.166 10.1095 24
2 546.609 11.5518 24
2 548.058 13.0014 24
2 549.501 14.4441 24
2 550.944 15.8867 24
2 552.394 17.3372 24
2 553.836 18.7787 24
2 555.279 20.2217 24
2 556.729 21.6725 24
2 558.172 23.1152 24
2 559.614 24.5573 24
2 561.065 26.0083 24
2 562.509 27.4517 24
2 563.951 28.8946 24
2 565.402 30.3453 24
2 566.845 31.7882 24
2 568.288 33.2311 24
2 569.737 34.6806 24
2 571.18 36.1228 24
2 572.623 37.5656 24
2 574.08 39.023 24
2 575.523 40.466 24
2 576.959 41.9022 24
2 578.416 43.3588 24
2 579.859 44.8017 24
2 581.301 46.2443 24
2 582.751 47.6945 24
2 584.193 49.1363 24
2 585.643 50.5864 24
2 587.085 52.0285 24
2 588.527 53.4704 24
2 589.978 54.9215 24
2 591.421 56.3643 24
2 592.864 57.8072 24
2 594.313 59.2565 24
2 595.755 60.6978 24
2 597.197 62.14 24
2 598.646 63.5893 24
2 600.088 65.0312 24
2 601.531 66.4739 24
2 602.98 67.9236 24
2 604.422 69.3656 24
2 605.865 70.8083 24
2 607.315 72.2578 24
2 608.756 73.6986 24
2 610.197 75.1403 24
2 611.647 76.5901 24
2 613.089 78.0317 24
2 614.531 79.4743 24
2 615.981 80.9243 24
2 617.423 82.3657 24
2 618.864 83.807 24
2 620.315 85.258 24
2 621.757 86.6999 24
2 623.2 88.1427 24
2 624.651 89.5942 24
2 626.095 91.0378 24
2 627.537 92.4804 24
2 628.987 93.9298 24
2 630.428 95.3711 24
2 631.87 96.8129 24
2 633.319 98.2621 24
2 634.761 99.7039 24
2 636.202 101.145 24
2 637.652 102.595 24
2 639.094 104.037 24
2 640.535 105.478 24
2 641.985 106.928 24
2 643.427 108.37 24
2 644.868 109.811 24
2 646.318 111.261 24
2 647.76 112.703 24
2 649.203 114.146 24
2 650.652 115.595 24
2 652.092 117.035 24
2 653.533 118.477 24
2 654.983 119.926 24
2 656.425 121.368 24
2 657.867 122.81 24
2 659.316 124.259 24
2 660.758 125.701 24
2 662.202 127.145 24
2 663.658 128.601 24
2 665.094 130.037 24
2 666.535 131.478 24
2 667.992 132.935 24
2 669.427 134.37 24
2 670.868 135.812 24
2 672.324 137.267 24
2 673.768 138.711 24
2 675.202 140.146 24
2 676.657 141.601 24
2 678.099 143.042 24
2 679.534 144.477 24
2 680.989 145.932 24
2 682.43 147.373 24
2 683.866 148.809 24
2 685.321 150.264 24
2 686.764 151.707 24
2 688.2 153.143 24
2 689.656 154.599 24
2 691.097 156.04 24
2 692.54 157.483 24
2 693.988 158.931 24
2 695.431 160.374 24
2 696.873 161.816 24
2 698.323 163.266 24
2 699.765 164.708 24
2 701.206 166.15 24
2 702.656 167.599 24
2 704.098 169.041 24
2 705.54 170.484 24
2 706.99 171.933 24
2 708.432 173.375 24
2 709.874 174.817 24
2 711.323 176.266 24
2 712.765 177.708 24
2 714.207 179.15 24
2 715.659 180.602 24
2 717.106 182.049 24
2 718.543 183.486 24
2 719.993 184.937 24
2 721.436 186.379 24
2 722.879 187.823 24
2 724.331 189.274 24
2 725.772 190.715 24
2 727.215 192.158 24
2 728.666 193.609 24
2 730.109 195.052 24
2 731.552 196.495 24
2 733.002 197.945 24
2 734.444 199.387 24
2 735.888 200.831 24
2 737.344 202.287 24
2 738.78 203.723 24
2 740.222 205.165 24
2 741.679 206.622 24
2 743.122 208.065 24
2 744.565 209.508 24
2 746.015 210.958 24
2 747.458 212.401 24
2 748.909 213.853 24
2 750.353 215.296 24
2 751.795 216.738 24
2 753.245 218.188 24
2 754.688 219.631 24
2 756.131 221.075 24
2 757.582 222.525 24
2 759.024 223.967 24
2 760.467 225.41 24
2 761.919 226.862 24
2 763.362 228.305 24
2 764.804 229.747 24
2 766.254 231.197 24
2 767.697 232.64 24
2 769.139 234.083 24
2 770.589 235.532 24
2 772.032 236.975 24
2 773.475 238.418 24
2 774.932 239.875 24
2 776.368 241.312 24
2 777.811 242.754 24
2 779.268 244.211 24
2 780.711 245.654 24
2 782.154 247.097 24
2 783.604 248.547 24
2 785.047 249.99 24
2 786.49 251.433 24
2 787.941 252.884 24
2 789.382 254.325 24
2 790.825 255.768 24
2 792.276 257.219 24
2 793.718 258.661 24
2 795.16 260.103 24
2 796.61 261.553 24
2 798.052 262.995 24
2 799.494 264.437 24
3 800.944 9e-08 24
3 802.386 1.44213 24
3 803.828 2.88408 24
3 805.278 4.33392 24
3 806.72 5.77632 24
3 808.161 7.21712 24
3 809.611 8.6672 24
3 811.054 10.11 24
3 812.497 11.5528 24
3 813.947 13.0033 24
3 815.389 14.4455 24
3 816.832 15.8884 24
3 818.283 17.3395 24
3 819.726 18.7819 24
3 821.167 20.2231 24
3 822.618 21.674 24
3 824.06 23.1162 24
3 825.502 24.558 24
3 826.952 26.0084 24
3 828.395 27.451 24
3 829.837 28.8935 24
3 831.287 30.3433 24
3 832.729 31.7849 24
3 834.172 33.2282 24
3 835.629 34.685 24
3 837.066 36.1219 24
3 838.508 37.5637 24
3 839.964 39.0205 24
3 841.408 40.4637 24
3 842.85 41.9062 24
3 844.301 43.3569 24
3 845.744 44.7998 24
3 847.195 46.2511 24
3 848.638 47.6943 24
3 850.08 49.1365 24
3 851.531 50.5873 24
3 852.974 52.0302 24
3 854.417 53.4734 24
3 855.869 54.9249 24
3 857.31 56.3664 24
3 858.752 57.8083 24
3 860.204 59.2599 24
3 861.646 60.7025 24
3 863.088 62.1445 24
3 864.538 63.5946 24
3 865.982 65.0379 24
3 867.425 66.481 24
3 868.874 67.9304 24
3 870.316 69.3726 24
3 871.76 70.8159 24
3 873.21 72.2662 24
3 874.652 73.708 24
3 876.095 75.1507 24
3 877.552 76.6081 24
3 878.995 78.0508 24
3 880.431 79.4874 24
3 881.887 80.9431 24
3 883.33 82.3863 24
3 884.773 83.8296 24
3 886.224 85.2804 24
3 887.666 86.7224 24
3 889.109 88.1653 24
3 890.56 89.6162 24
3 892.003 91.0594 24
3 893.445 92.5011 24
3 894.896 93.952 24
3 896.345 95.4007 24
3 897.787 96.843 24
3 899.238 98.2944 24
3 900.681 99.7372 24
3 902.124 101.18 24
3 903.579 102.635 24
3 905.016 104.072 24
3 906.46 105.516 24
3 907.909 106.965 24
3 909.351 108.407 24
3 910.793 109.849 24
3 912.25 111.307 24
3 913.693 112.749 24
3 915.129 114.186 24
3 916.586 115.642 24
3 918.029 117.085 24
3 919.48 118.536 24
3 920.923 119.979 24
3 922.365 121.421 24
3 923.816 122.872 24
3 925.26 124.316 24
3 926.703 125.76 24
3 928.154 127.211 24
3 929.596 128.653 24
3 931.039 130.095 24
3 932.49 131.546 24
3 933.934 132.99 24
3 935.376 134.432 24
3 936.826 135.883 24
3 938.269 137.325 24
3 939.713 138.769 24
3 941.17 140.226 24
3 942.606 141.662 24
3 944.048 143.105 24
3 945.505 144.561 24
3 946.948 146.005 24
3 948.392 147.448 24
3 949.842 148.898 24
3 951.285 150.341 24
3 952.728 151.784 24
3 954.18 153.236 24
3 955.622 154.679 24
3 957.065 156.121 24
3 958.516 157.572 24
3 959.959 159.015 24
3 961.402 160.458 24
3 962.853 161.909 24
3 964.3 163.356 24
3 965.739 164.795 24
3 967.19 166.246 24
3 968.633 167.689 24
3 970.077 169.133 24
3 971.526 170.582 24
3 972.969 172.026 24
3 974.412 173.468 24
3 975.87 174.926 24
3 977.313 176.369 24
3 978.749 177.805 24
3 980.205 179.261 24
3 981.649 180.705 24
3 983.1 182.156 24
3 984.543 183.599 24
3 985.985 185.041 24
3 987.436 186.492 24
3 988.879 187.935 24
3 990.321 189.377 24
3 991.77 190.826 24
3 993.213 192.269 24
3 994.656 193.712 24
3 996.104 195.16 24
3 997.546 196.602 24
3 998.989 198.045 24
3 1000.44 199.494 24
3 1001.88 200.936 24
3 1003.32 202.379 24
3 1004.77 203.83 24
3 1006.22 205.272 24
3 1007.66 206.714 24
3 1009.11 208.166 24
3 1010.55 209.609 24
3 1012 211.051 24
3 1013.45 212.502 24
3 1014.89 213.945 24
3 1016.33 215.388 24
3 1017.79 216.845 24
3 1019.23 218.282 24
3 1020.67 219.724 24
3 1022.13 221.181 24
3 1023.57 222.624 24
3 1025.01 224.066 24
3 1026.46 225.515 24
3 1027.9 226.958 24
3 1029.34 228.4 24
3 1030.79 229.85 24
3 1032.24 231.291 24
3 1033.68 232.734 24
3 1035.13 234.185 24
3 1036.57 235.627 24
3 1038.01 237.068 24
3 1039.46 238.519 24
3 1040.91 239.963 24
3 1042.35 241.405 24
3 1043.8 242.854 24
3 1045.24 244.296 24
3 1046.68 245.738 24
3 1048.13 247.187 24
3 1049.57 248.631 24
3 1051.02 250.073 24
3 1052.47 251.524 24
3 1053.91 252.966 24
3 1055.35 254.408 24
3 1056.8 255.858 24
3 1058.24 257.3 24
3 1059.69 258.742 24
3 1061.14 260.193 24
3 1062.58 261.635 24
3 1064.02 263.076 24
3 1065.47 264.526 24
3 1066.91 265.969 24
4 1068.36 8.3e-08 24
4 1069.81 1.45711 24
4 1071.25 2.89246 24
4 1072.69 4.33507 24
4 1074.15 5.7921 24
4 1075.59 7.23422 24
4 1077.03 8.67027 24
4 1078.48 10.1266 24
4 1079.93 11.5694 24
4 1081.37 13.0126 24
4 1082.82 14.4626 24
4 1084.26 15.9053 24
4 1085.71 17.3566 24
4 1087.16 18.7984 24
4 1088.6 20.2402 24
4 1090.05 21.6904 24
4 1091.49 23.1335 24
4 1092.93 24.5769 24
4 1094.38 26.0276 24
4 1095.83 27.4694 24
4 1097.27 28.9121 24
4 1098.72 30.3626 24
4 1100.16 31.8042 24
4 1101.6 33.2461 24
4 1103.05 34.6973 24
4 1104.5 36.1407 24
4 1105.94 37.5842 24
4 1107.39 39.0348 24
4 1108.83 40.4764 24
4 1110.28 41.9187 24
4 1111.73 43.375 24
4 1113.18 44.8177 24
4 1114.61 46.253 24
4 1116.07 47.7092 24
4 1117.51 49.1509 24
4 1118.94 50.5867 24
4 1120.4 52.0416 24
4 1121.84 53.4848 24
4 1123.28 54.9259 24
4 1124.73 56.3743 24
4 1126.17 57.8156 24
4 1127.61 59.2503 24
4 1129.06 60.706 24
4 1130.51 62.1487 24
4 1131.95 63.5906 24
4 1133.4 65.0396 24
4 1134.84 66.4812 24
4 1136.28 67.9225 24
4 1137.73 69.3716 24
4 1139.17 70.8134 24
4 1140.61 72.2553 24
4 1142.06 73.7051 24
4 1143.51 75.1513 24
4 1144.95 76.5894 24
4 1146.4 78.0395 24
4 1147.84 79.481 24
4 1149.28 80.924 24
4 1150.73 82.3752 24
4 1152.17 83.8175 24
4 1153.62 85.2595 24
4 1155.07 86.711 24
4 1156.51 88.1537 24
4 1157.95 89.5964 24
4 1159.4 91.0458 24
4 1160.85 92.4886 24
4 1162.29 93.9318 24
4 1163.74 95.3823 24
4 1165.19 96.8284 24
4 1166.62 98.2667 24
4 1168.08 99.718 24
4 1169.52 101.161 24
4 1170.96 102.605 24
4 1172.41 104.055 24
4 1173.85 105.497 24
4 1175.3 106.939 24
4 1176.75 108.388 24
4 1178.19 109.829 24
4 1179.63 111.271 24
4 1181.08 112.72 24
4 1182.52 114.162 24
4 1183.96 115.603 24
4 1185.41 117.053 24
4 1186.85 118.495 24
4 1188.3 119.938 24
4 1189.75 121.395 24
4 1191.19 122.831 24
4 1192.63 124.274 24
4 1194.09 125.73 24
4 1195.53 127.173 24
4 1196.97 128.609 24
4 1198.42 130.065 24
4 1199.86 131.507 24
4 1201.3 132.942 24
4 1202.75 134.398 24
4 1204.2 135.84 24
4 1205.64 137.283 24
4 1207.09 138.732 24
4 1208.53 140.174 24
4 1209.98 141.626 24
4 1211.43 143.068 24
4 1212.87 144.51 24
4 1214.32 145.961 24
4 1215.76 147.404 24
4 1217.2 148.845 24
4 1218.65 150.295 24
4 1220.1 151.738 24
4 1221.54 153.179 24
4 1222.99 154.628 24
4 1224.43 156.07 24
4 1225.87 157.512 24
4 1227.32 158.962 24
4 1228.76 160.403 24
4 1230.2 161.845 24
4 1231.65 163.294 24
4 1233.09 164.736 24
4 1234.54 166.179 24
4 1235.99 167.628 24
4 1237.43 169.07 24
4 1238.87 170.513 24
4 1240.32 171.964 24
4 1241.76 173.405 24
4 1243.2 174.846 24
4 1244.65 176.297 24
4 1246.1 177.738 24
4 1247.54 179.18 24
4 1248.99 180.63 24
4 1250.43 182.072 24
4 1251.87 183.514 24
4 1253.32 184.964 24
4 1254.76 186.406 24
4 1256.21 187.849 24
4 1257.66 189.299 24
4 1259.1 190.743 24
4 1260.54 192.185 24
4 1261.99 193.635 24
4 1263.43 195.077 24
4 1264.88 196.519 24
4 1266.33 197.976 24
4 1267.77 199.412 24
4 1269.21 200.853 24
4 1270.67 202.31 24
4 1272.11 203.753 24
4 1273.55 205.188 24
4 1275 206.644 24
4 1276.44 208.086 24
4 1277.88 209.522 24
4 1279.34 210.978 24
4 1280.78 212.421 24
4 1282.22 213.865 24
4 1283.67 215.316 24
4 1285.12 216.758 24
4 1286.56 218.2 24
4 1288.01 219.651 24
4 1289.45 221.093 24
4 1290.89 222.535 24
4 1292.34 223.986 24
4 1293.79 225.43 24
4 1295.23 226.872 24
4 1296.68 228.321 24
4 1298.12 229.762 24
4 1299.56 231.205 24
4 1301.01 232.655 24
4 1302.45 234.097 24
4 1303.9 235.539 24
4 1305.35 236.989 24
4 1306.79 238.43 24
4 1308.23 239.873 24
4 1309.68 241.324 24
4 1311.12 242.766 24
4 1312.57 244.208 24
4 1314.02 245.66 24
4 1315.46 247.103 24
4 1316.9 248.545 24
4 1318.35 249.995 24
4 1319.79 251.437 24
4 1321.24 252.878 24
4 1322.69 254.328 24
4 1324.13 255.771 24
4 1325.57 257.214 24
4 1327.03 258.671 24
4 1328.46 260.108 24
4 1329.91 261.55 24
4 1331.36 263.007 24
4 1332.81 264.45 24
4 1334.25 265.892 24
4 1335.7 267.342 24
5 1337.14 1.05e-07 24
5 1338.58 1.44139 24
5 1340.03 2.89079 24
5 1341.47 4.33262 24
5 1342.92 5.77507 24
5 1344.37 7.22451 24
5 1345.81 8.66725 24
5 1347.26 10.1175 24
5 1348.7 11.5581 24
5 1350.14 12.9994 24
5 1351.59 14.4496 24
5 1353.03 15.8912 24
5 1354.47 17.3332 24
5 1355.93 18.7841 24
5 1357.37 20.2266 24
5 1358.81 21.6673 24
5 1360.26 23.1175 24
5 1361.7 24.5596 24
5 1363.14 26.0004 24
5 1364.59 27.4498 24
5 1366.03 28.891 24
5 1367.47 30.3336 24
5 1368.93 31.7838 24
5 1370.37 33.2271 24
5 1371.81 34.6699 24
5 1373.26 36.1192 24
5 1374.7 37.562 24
5 1376.15 39.0048 24
5 1377.6 40.4551 24
5 1379.04 41.8972 24
5 1380.48 43.3409 24
5 1381.93 44.7918 24
5 1383.38 46.2347 24
5 1384.82 47.677 24
5 1386.27 49.1278 24
5 1387.71 50.5707 24
5 1389.15 52.0135 24
5 1390.61 53.4637 24
5 1392.05 54.9057 24
5 1393.49 56.3489 24
5 1394.94 57.7989 24
5 1396.38 59.2396 24
5 1397.82 60.6818 24
5 1399.27 62.1327 24
5 1400.72 63.5749 24
5 1402.16 65.0177 24
5 1403.62 66.4743 24
5 1405.06 67.9174 24
5 1406.49 69.3528 24
5 1407.95 70.8098 24
5 1409.39 72.2532 24
5 1410.84 73.6962 24
5 1412.29 75.1464 24
5 1413.73 76.5883 24
5 1415.17 78.0305 24
5 1416.62 79.4797 24
5 1418.06 80.9209 24
5 1419.51 82.3641 24
5 1420.96 83.8155 24
5 1422.4 85.2573 24
5 1423.84 86.6994 24
5 1425.29 88.1505 24
5 1426.74 89.5938 24
5 1428.18 91.0351 24
5 1429.63 92.4856 24
5 1431.07 93.9277 24
5 1432.51 95.3691 24
5 1433.96 96.8193 24
5 1435.4 98.2621 24
5 1436.85 99.7048 24
5 1438.3 101.154 24
5 1439.74 102.596 24
5 1441.18 104.038 24
5 1442.63 105.488 24
5 1444.07 106.929 24
5 1445.51 108.371 24
5 1446.96 109.822 24
5 1448.41 111.268 24
5 1449.85 112.706 24
5 1451.3 114.157 24
5 1452.74 115.6 24
5 1454.18 117.043 24
5 1455.63 118.493 24
5 1457.08 119.935 24
5 1458.52 121.378 24
5 1459.97 122.828 24
5 1461.41 124.27 24
5 1462.85 125.712 24
5 1464.31 127.169 24
5 1465.75 128.605 24
5 1467.19 130.047 24
5 1468.64 131.503 24
5 1470.09 132.945 24
5 1471.52 134.381 24
5 1472.98 135.837 24
5 1474.42 137.28 24
5 1475.87 138.732 24
5 1477.32 140.174 24
5 1478.76 141.616 24
5 1480.21 143.066 24
5 1481.65 144.508 24
5 1483.09 145.95 24
5 1484.54 147.4 24
5 1485.98 148.844 24
5 1487.43 150.286 24
5 1488.88 151.735 24
5 1490.32 153.177 24
5 1491.76 154.619 24
5 1493.21 156.069 24
5 1494.65 157.511 24
5 1496.09 158.953 24
5 1497.55 160.404 24
5 1498.99 161.846 24
5 1500.43 163.288 24
5 1501.88 164.74 24
5 1503.32 166.183 24
5 1504.77 167.626 24
5 1506.22 169.076 24
5 1507.66 170.518 24
5 1509.1 171.961 24
5 1510.56 173.418 24
5 1512 174.854 24
5 1513.44 176.297 24
5 1514.89 177.753 24
5 1516.34 179.195 24
5 1517.77 180.631 24
5 1519.23 182.088 24
5 1520.67 183.53 24
5 1522.11 184.966 24
5 1523.56 186.422 24
5 1525.01 187.864 24
5 1526.45 189.306 24
5 1527.9 190.756 24
5 1529.34 192.199 24
5 1530.78 193.642 24
5 1532.23 195.092 24
5 1533.68 196.534 24
5 1535.12 197.977 24
5 1536.57 199.427 24
5 1538.01 200.869 24
5 1539.45 202.31 24
5 1540.9 203.76 24
5 1542.34 205.203 24
5 1543.79 206.645 24
5 1545.24 208.097 24
5 1546.68 209.54 24
5 1548.12 210.984 24
5 1549.58 212.434 24
5 1551.02 213.877 24
5 1552.46 215.32 24
5 1553.91 216.771 24
5 1555.35 218.213 24
5 1556.8 219.655 24
5 1558.25 221.105 24
5 1559.69 222.548 24
5 1561.13 223.991 24
5 1562.58 225.442 24
5 1564.03 226.884 24
5 1565.47 228.328 24
5 1566.93 229.785 24
5 1568.37 231.228 24
5 1569.81 232.664 24
5 1571.26 234.121 24
5 1572.71 235.564 24
5 1574.16 237.015 24
5 1575.6 238.457 24
5 1577.04 239.9 24
5 1578.49 241.351 24
5 1579.94 242.794 24
5 1581.38 244.237 24
5 1582.83 245.687 24
5 1584.27 247.13 24
5 1585.71 248.573 24
5 1587.16 250.024 24
5 1588.61 251.465 24
5 1590.05 252.906 24
5 1591.5 254.358 24
5 1592.94 255.799 24
5 1594.38 257.242 24
5 1595.83 258.691 24
5 1597.27 260.133 24
5 1598.72 261.575 24
5 1600.17 263.025 24
5 1601.61 264.466 24
5 1603.05 265.907 24
5 1604.5 267.358 24
5 1605.94 268.801 24
5 1607.38 270.243 24
6 1608.83 9.5e-08 24
6 1610.28 1.4434 24
6 1611.72 2.88606 24
6 1613.17 4.33594 24
6 1614.61 5.77781 24
6 1616.05 7.22054 24
6 1617.51 8.67787 24
6 1618.95 10.114 24
6 1620.39 11.5561 24
6 1621.85 13.0126 24
6 1623.29 14.4557 24
6 1624.73 15.8982 24
6 1626.18 17.3481 24
6 1627.62 18.7905 24
6 1629.07 20.2338 24
6 1630.52 21.6848 24
6 1631.96 23.1268 24
6 1633.4 24.569 24
6 1634.85 26.0197 24
6 1636.3 27.4627 24
6 1637.74 28.9062 24
6 1639.19 30.356 24
6 1640.63 31.7987 24
6 1642.08 33.2419 24
6 1643.53 34.6935 24
6 1644.97 36.1373 24
6 1646.41 37.5807 24
6 1647.86 39.0297 24
6 1649.31 40.4729 24
6 1650.75 41.9162 24
6 1652.21 43.3733 24
6 1653.65 44.8158 24
6 1655.09 46.2519 24
6 1656.54 47.7091 24
6 1657.99 49.1519 24
6 1659.44 50.6032 24
6 1660.88 52.0458 24
6 1662.32 53.4876 24
6 1663.77 54.9389 24
6 1665.22 56.3828 24
6 1666.66 57.8264 24
6 1668.11 59.2769 24
6 1669.55 60.7187 24
6 1670.99 62.1611 24
6 1672.45 63.6128 24
6 1673.89 65.0554 24
6 1675.33 66.4975 24
6 1676.78 67.9476 24
6 1678.22 69.3903 24
6 1679.67 70.8335 24
6 1681.12 72.2839 24
6 1682.56 73.7268 24
6 1684 75.1698 24
6 1685.46 76.6271 24
6 1686.9 78.0699 24
6 1688.34 79.5061 24
6 1689.8 80.9624 24
6 1691.24 82.4056 24
6 1692.68 83.849 24
6 1694.13 85.2997 24
6 1695.58 86.7416 24
6 1697.02 88.1842 24
6 1698.47 89.636 24
6 1699.91 91.0794 24
6 1701.36 92.5225 24
6 1702.81 93.9723 24
6 1704.25 95.415 24
6 1705.69 96.8582 24
6 1707.14 98.3088 24
6 1708.59 99.7512 24
6 1710.03 101.193 24
6 1711.48 102.645 24
6 1712.92 104.088 24
6 1714.36 105.531 24
6 1715.82 106.981 24
6 1717.26 108.424 24
6 1718.7 109.867 24
6 1720.16 111.325 24
6 1721.6 112.768 24
6 1723.04 114.211 24
6 1724.49 115.661 24
6 1725.94 117.104 24
6 1727.39 118.555 24
6 1728.83 119.997 24
6 1730.27 121.44 24
6 1731.72 122.89 24
6 1733.17 124.333 24
6 1734.61 125.775 24
6 1736.06 127.225 24
6 1737.5 128.667 24
6 1738.94 130.11 24
6 1740.39 131.561 24
6 1741.84 133.004 24
6 1743.28 134.445 24
6 1744.73 135.895 24
7 1746.17 1.02e-07 24
7 1747.62 1.44313 24
7 1749.07 2.89378 24
7 1750.51 4.33544 24
7 1751.95 5.77873 24
7 1753.41 7.23587 24
7 1754.85 8.67897 24
7 1756.29 10.1148 24
7 1757.74 11.5703 24
7 1759.19 13.0139 24
7 1760.63 14.4574 24
7 1762.08 15.9085 24
7 1763.52 17.3507 24
7 1764.97 18.7927 24
7 1766.42 20.2436 24
7 1767.86 21.6869 24
7 1769.3 23.1294 24
7 1770.75 24.5791 24
7 1772.19 26.0216 24
7 1773.64 27.4652 24
7 1775.09 28.9173 24
7 1776.53 30.3607 24
7 1777.98 31.8039 24
7 1779.43 33.2535 24
7 1780.87 34.6968 24
7 1782.31 36.1395 24
7 1783.77 37.5969 24
7 1785.21 39.0403 24
7 1786.65 40.4774 24
7 1788.11 41.9333 24
7 1789.55 43.3766 24
7 1791 44.8281 24
7 1792.44 46.2706 24
7 1793.88 47.7121 24
7 1795.34 49.1633 24
7 1796.78 50.6067 24
7 1798.22 52.0494 24
7 1799.67 53.4988 24
7 1801.11 54.9415 24
7 1802.56 56.3846 24
7 1804.01 57.8359 24
7 1805.45 59.2785 24
7 1806.89 60.7203 24
7 1808.34 62.1716 24
7 1809.79 63.6149 24
7 1811.23 65.0578 24
7 1812.68 66.5087 24
7 1814.12 67.9511 24
8 1815.57 1.02e-07 24
8 1817.02 1.45723 24
8 1818.47 2.90033 24
8 1819.91 4.34293 24
8 1821.36 5.79273 24
8 1822.8 7.2354 24
8 1824.25 8.67869 24
8 1825.7 10.1298 24
8 1827.14 11.5724 24
8 1828.58 13.015 24
8 1830.03 14.4658 24
8 1831.48 15.9091 24
8 1832.92 17.3524 24
8 1834.37 18.8033 24
8 1835.81 20.245 24
8 1837.25 21.6876 24
8 1838.71 23.1424 24
8 1840.15 24.5807 24
8 1841.59 26.0231 24
8 1843.04 27.474 24
8 1844.48 28.9179 24
8 1845.93 30.3655 24
8 1847.39 31.8185 24
8 1848.82 33.2553 24
8 1850.26 34.6977 24
9 1851.72 1.21e-07 24
9 1853.17 1.44344 24
9 1854.62 2.89474 24
9 1856.06 4.3378 24
9 1857.5 5.77965 24
9 1858.95 7.23102 24
9 1860.4 8.67423 24
9 1861.84 10.1174 24
9 1863.29 11.568 24
9 1864.73 13.0097 24
9 1866.17 14.4521 24
9 1867.63 15.9036 24
9 1869.07 17.3466 24
10 1870.51 7.3e-08 24
10 1871.96 1.44978 24
10 1873.4 2.89214 24
10 1874.85 4.3347 24
10 1876.29 5.78386 24
10 1877.74 7.2254 24
10 1879.18 8.66828 24
10 1880.64 10.1247 24.5
11 1882.07 6.3e-08 24.5
11 1883.51 1.44222 24.5
11 1884.97 2.89832 24.5
11 1886.41 4.34176 24.5
11 1887.86 5.78479 24.5
12 1889.31 9.1e-08 24.5
12 1890.75 1.44064 24.5
12 1892.19 2.88371 24.5
13 1893.64 8.4e-08 24.5
13 1895.08 1.44218 24.5
14 1896.52 7.4e-08 24.5
14 1897.97 1.44985 24.5
15 1899.42 6.2e-08 24.5
15 1900.86 1.44044 24.5
16 1902.31 6.2e-08 24.5
17 1903.75 7.1e-08 24.5
17 1905.19 1.4429 25
18 1906.64 7e-08 24.5
18 1908.09 1.44251 24.5
19 1909.53 6.6e-08 24.5
20 1910.98 7.9e-08 25
20 1912.42 1.44345 25
21 1913.87 5.6e-08 24.5
22 1915.32 5e-08 24.5
22 1916.76 1.442 24.5
23 1918.2 4.8e-08 25
23 1919.66 1.45709 25
24 1921.1 6.1e-08 25
25 1922.74 1.19e-07 24.5
25 1924.18 1.44877 24.5
26 1925.73 1.83e-07 25
26 1927.18 1.45529 24.5
27 1929.12 1.16e-07 25
27 1930.57 1.45008 24.5
28 1933.92 1.63e-07 25
28 1935.37 1.44929 24.5
29 1940.91 1.64e-07 25
29 1942.35 1.43901 24.5
