        type trial_config ert_flop   unroll  buffers        nsize       trials       microsecs        bytes        flops         GB/s         GF/s
      double    coalesced       64        1        1            8     16777216    52857294.358    268435456   1073741824        0.005        0.020
      double    coalesced       64        1        1           16     16777216    53078753.510    536870912   2147483648        0.010        0.040
      double    coalesced       64        1        1           32     16777216    53561262.404   1073741824   4294967296        0.020        0.080
      double    coalesced       64        1        1           64     16777216    54185436.341   2147483648   8589934592        0.040        0.159
      double    coalesced       64        1        1          128     16777216    56111746.928   4294967296  17179869184        0.077        0.306
      double    coalesced       64        1        1          256     16777216    57280786.973   8589934592  34359738368        0.150        0.600
      double    coalesced       64        1        1          512      8388608    30214114.998   8589934592  34359738368        0.284        1.137
      double    coalesced       64        1        1         1024      4194304    16366020.057   8589934592  34359738368        0.525        2.099
      double    coalesced       64        1        1         2048      2097152     8974985.663   8589934592  34359738368        0.957        3.828
      double    coalesced       64        1        1         4096      1048576     5455450.983   8589934592  34359738368        1.575        6.298
      double    coalesced       64        1        1         8192       524288     3682453.264   8589934592  34359738368        2.333        9.331
      double    coalesced       64        1        1        16384       262144     2799528.676   8589934592  34359738368        3.068       12.273
      double    coalesced       64        1        1        32768       131072     2352702.729   8589934592  34359738368        3.651       14.604
      double    coalesced       64        1        1        65536        65536     2132525.819   8589934592  34359738368        4.028       16.112
      double    coalesced       64        1        1       131072        32768     2031221.621   8589934592  34359738368        4.229       16.916
      double    coalesced       64        1        1       262144        16384     1977983.265   8589934592  34359738368        4.343       17.371
      double    coalesced       64        1        1       524288         8192     1950920.901   8589934592  34359738368        4.403       17.612
      double    coalesced       64        1        1      1048576         4096     1938688.219   8589934592  34359738368        4.431       17.723
      double    coalesced       64        1        1      2097152         2048     1932118.427   8589934592  34359738368        4.446       17.783
      double    coalesced       64        1        1      4194304         1024     1928813.593   8589934592  34359738368        4.453       17.814
      double    coalesced       64        1        1      8388608          512     1927171.958   8589934592  34359738368        4.457       17.829
      double    coalesced       64        1        1     16777216          256     1926318.294   8589934592  34359738368        4.459       17.837
      double    coalesced       64        1        1     33554432          128     1925984.976   8589934592  34359738368        4.460       17.840
      double    coalesced       64        1        1     67108864           64     1925773.108   8589934592  34359738368        4.461       17.842
      double    coalesced       64        1        1    134217728           32     1925642.210   8589934592  34359738368        4.461       17.843
      double    coalesced       64        1        1    268435456           16     1925611.376   8589934592  34359738368        4.461       17.844
      double    coalesced       64        1        1    536870912            8     1925556.533   8589934592  34359738368        4.461       17.844
      double    coalesced       64        1        1   1073741824            4     1925554.936   8589934592  34359738368        4.461       17.844
      double    coalesced       64        1        1   2147483648            2     1925534.271   8589934592  34359738368        4.461       17.844
      double    coalesced       64        1        1   4293918720            1     1925034.611   8587837440  34351349760        4.461       17.845
