        type trial_config ert_flop   unroll  buffers        nsize       trials       microsecs        bytes        flops         GB/s         GF/s
      double    coalesced        4        8        2          128     16777216     9352410.023   4294967296   1073741824        0.459        0.115
      double    coalesced        4        8        2          256     16777216     9352368.991   8589934592   2147483648        0.918        0.230
      double    coalesced        4        8        2          512     16777216    10071796.972  17179869184   4294967296        1.706        0.426
      double    coalesced        4        8        2         1024      8388608     5455751.354  17179869184   4294967296        3.149        0.787
      double    coalesced        4        8        2         2048      4194304     3119031.622  17179869184   4294967296        5.508        1.377
      double    coalesced        4        8        2         4096      2097152     1702154.207  17179869184   4294967296       10.093        2.523
      double    coalesced        4        8        2         8192      1048576     1111082.913  17179869184   4294967296       15.462        3.866
      double    coalesced        4        8        2        16384       524288      818710.879  17179869184   4294967296       20.984        5.246
      double    coalesced        4        8        2        32768       262144      662437.714  17179869184   4294967296       25.934        6.484
      double    coalesced        4        8        2        65536       131072      598228.645  17179869184   4294967296       28.718        7.179
      double    coalesced        4        8        2       131072        65536      577657.268  17179869184   4294967296       29.741        7.435
      double    coalesced        4        8        2       262144        32768      568598.787  17179869184   4294967296       30.214        7.554
      double    coalesced        4        8        2       524288        16384      564316.885  17179869184   4294967296       30.444        7.611
      double    coalesced        4        8        2      1048576         8192      561828.634  17179869184   4294967296       30.578        7.645
      double    coalesced        4        8        2      2097152         4096      560550.192  17179869184   4294967296       30.648        7.662
      double    coalesced        4        8        2      4194304         2048      559792.163  17179869184   4294967296       30.690        7.672
      double    coalesced        4        8        2      8388608         1024      559825.626  17179869184   4294967296       30.688        7.672
      double    coalesced        4        8        2     16777216          512      559604.390  17179869184   4294967296       30.700        7.675
      double    coalesced        4        8        2     33554432          256      559529.205  17179869184   4294967296       30.704        7.676
      double    coalesced        4        8        2     67108864          128      559489.061  17179869184   4294967296       30.706        7.677
      double    coalesced        4        8        2    134217728           64      559461.692  17179869184   4294967296       30.708        7.677
      double    coalesced        4        8        2    268435456           32      559439.535  17179869184   4294967296       30.709        7.677
      double    coalesced        4        8        2    536870912           16      559441.202  17179869184   4294967296       30.709        7.677
      double    coalesced        4        8        2   1073741824            8      559438.668  17179869184   4294967296       30.709        7.677
      double    coalesced        4        8        2   2147483648            4      559414.245  17179869184   4294967296       30.710        7.678
      double    coalesced        4        8        2   4294967296            2      559424.209  17179869184   4294967296       30.710        7.677
      double    coalesced        4        8        2   8588886016            1      559442.332  17177772032   4294443008       30.705        7.676
