        type trial_config ert_flop   unroll  buffers        nsize       trials       microsecs        bytes        flops         GB/s         GF/s
        long    coalesced      128        2        1           16     16777216    24549212.339    536870912   4294967296        0.022        0.175
        long    coalesced      128        2        1           32     16777216    24549129.252   1073741824   8589934592        0.044        0.350
        long    coalesced      128        2        1           64     16777216    26185764.906   2147483648  17179869184        0.082        0.656
        long    coalesced      128        2        1          128     16777216    26185756.456   4294967296  34359738368        0.164        1.312
        long    coalesced      128        2        1          256     16777216    27088692.587   8589934592  68719476736        0.317        2.537
        long    coalesced      128        2        1          512      8388608    14547824.404   8589934592  68719476736        0.590        4.724
        long    coalesced      128        2        1         1024      4194304     8183328.077   8589934592  68719476736        1.050        8.397
        long    coalesced      128        2        1         2048      2097152     4463784.543   8589934592  68719476736        1.924       15.395
        long    coalesced      128        2        1         4096      1048576     2728050.400   8589934592  68719476736        3.149       25.190
        long    coalesced      128        2        1         8192       524288     1888730.824   8589934592  68719476736        4.548       36.384
        long    coalesced      128        2        1        16384       262144     1416638.850   8589934592  68719476736        6.064       48.509
        long    coalesced      128        2        1        32768       131072     1193693.602   8589934592  68719476736        7.196       57.569
        long    coalesced      128        2        1        65536        65536     1079996.665   8589934592  68719476736        7.954       63.629
        long    coalesced      128        2        1       131072        32768     1023220.224   8589934592  68719476736        8.395       67.160
        long    coalesced      128        2        1       262144        16384      991240.469   8589934592  68719476736        8.666       69.327
        long    coalesced      128        2        1       524288         8192      977516.561   8589934592  68719476736        8.788       70.300
        long    coalesced      128        2        1      1048576         4096      969916.261   8589934592  68719476736        8.856       70.851
        long    coalesced      128        2        1      2097152         2048      966663.727   8589934592  68719476736        8.886       71.089
        long    coalesced      128        2        1      4194304         1024      964778.052   8589934592  68719476736        8.904       71.228
        long    coalesced      128        2        1      8388608          512      963936.660   8589934592  68719476736        8.911       71.290
        long    coalesced      128        2        1     16777216          256      963470.605   8589934592  68719476736        8.916       71.325
        long    coalesced      128        2        1     33554432          128      963289.425   8589934592  68719476736        8.917       71.338
        long    coalesced      128        2        1     67108864           64      963223.068   8589934592  68719476736        8.918       71.343
        long    coalesced      128        2        1    134217728           32      963098.303   8589934592  68719476736        8.919       71.353
        long    coalesced      128        2        1    268435456           16      963098.542   8589934592  68719476736        8.919       71.352
        long    coalesced      128        2        1    536870912            8      963097.665   8589934592  68719476736        8.919       71.353
        long    coalesced      128        2        1   1073741824            4      963006.403   8589934592  68719476736        8.920       71.359
        long    coalesced      128        2        1   2147483648            2      963012.626   8589934592  68719476736        8.920       71.359
        long    coalesced      128        2        1   4293918720            1      962809.370   8587837440  68702699520        8.920       71.356
