        type trial_config ert_flop   unroll  buffers        nsize       trials       microsecs        bytes        flops         GB/s         GF/s
       float    coalesced        2       32        1          128     16777216     5951411.580   4294967296   1073741824        0.722        0.180
       float    coalesced        2       32        1          256     16777216     6234732.997   8589934592   2147483648        1.378        0.344
       float    coalesced        2       32        1          512      8388608     3445571.924   8589934592   2147483648        2.493        0.623
       float    coalesced        2       32        1         1024      4194304     1925564.821   8589934592   2147483648        4.461        1.115
       float    coalesced        2       32        1         2048      2097152     1091192.350   8589934592   2147483648        7.872        1.968
       float    coalesced        2       32        1         4096      1048576      663889.255   8589934592   2147483648       12.939        3.235
       float    coalesced        2       32        1         8192       524288      430764.313   8589934592   2147483648       19.941        4.985
       float    coalesced        2       32        1        16384       262144      321683.426   8589934592   2147483648       26.703        6.676
       float    coalesced        2       32        1        32768       131072      285992.548   8589934592   2147483648       30.036        7.509
       float    coalesced        2       32        1        65536        65536      287384.329   8589934592   2147483648       29.890        7.473
       float    coalesced        2       32        1       131072        32768      288938.811   8589934592   2147483648       29.729        7.432
       float    coalesced        2       32        1       262144        16384      289899.285   8589934592   2147483648       29.631        7.408
       float    coalesced        2       32        1       524288         8192      287810.315   8589934592   2147483648       29.846        7.461
       float    coalesced        2       32        1      1048576         4096      287726.288   8589934592   2147483648       29.855        7.464
       float    coalesced        2       32        1      2097152         2048      286797.155   8589934592   2147483648       29.951        7.488
       float    coalesced        2       32        1      4194304         1024      286115.744   8589934592   2147483648       30.023        7.506
       float    coalesced        2       32        1      8388608          512      286015.428   8589934592   2147483648       30.033        7.508
       float    coalesced        2       32        1     16777216          256      285993.084   8589934592   2147483648       30.035        7.509
       float    coalesced        2       32        1     33554432          128      285944.967   8589934592   2147483648       30.041        7.510
       float    coalesced        2       32        1     67108864           64      285958.084   8589934592   2147483648       30.039        7.510
       float    coalesced        2       32        1    134217728           32      285909.454   8589934592   2147483648       30.044        7.511
       float    coalesced        2       32        1    268435456           16      285898.468   8589934592   2147483648       30.045        7.511
       float    coalesced        2       32        1    536870912            8      285947.155   8589934592   2147483648       30.040        7.510
       float    coalesced        2       32        1   1073741824            4      285883.166   8589934592   2147483648       30.047        7.512
       float    coalesced        2       32        1   2147483648            2      285893.949   8589934592   2147483648       30.046        7.511
       float    coalesced        2       32        1   4293918720            1      285818.766   8587837440   2146959360       30.046        7.512
