0 3.42077 1.01e-07 20.5
0 6.31294 2.89217 20.5
0 7.75573 4.33497 20.5
0 9.21301 5.79224 20.5
0 10.6564 7.23565 20.5
0 12.1002 8.67947 20.5
0 13.5527 10.1319 20.5
0 14.9958 11.575 20.5
0 16.4388 13.018 20.5
0 17.9043 14.4835 20.5
1 19.3447 9.8e-08 20.5
1 20.8058 1.4611 20.5
1 22.2574 2.91277 20.5
1 23.7007 4.35599 20.5
1 25.1514 5.80676 20.5
1 26.5932 7.24855 20.5
1 28.0358 8.69113 20.5
1 29.4867 10.1421 20.5
1 30.9399 11.5953 20.5
1 32.3915 13.0468 20.5
2 33.8358 8.2e-08 20.5
2 35.2792 1.44342 20.5
2 36.741 2.90521 20.5
2 38.1853 4.34952 20.5
2 39.635 5.79922 20.5
2 41.0872 7.25135 20.5
2 42.5319 8.69612 20.5
2 43.9868 10.151 20.5
2 45.4392 11.6034 20.5
2 46.8836 13.0478 20.5
2 48.3449 14.5091 20.5
3 49.7789 1.18e-07 20.5
3 51.2216 1.44267 20.5
3 52.6782 2.89928 20.5
3 54.121 4.34207 20.5
3 55.5641 5.78517 20.5
3 57.0188 7.23989 20.5
3 58.4676 8.68867 20.5
3 59.9077 10.1288 20.5
3 61.3704 11.5915 20.5
3 62.814 13.0351 20.5
3 64.2666 14.4877 20.5
4 65.7114 8.6e-08 20.5
4 67.1547 1.44329 20.5
4 68.6114 2.89998 20.5
4 70.0543 4.34289 20.5
4 71.4971 5.78571 20.5
4 72.9466 7.23516 20.5
4 74.3897 8.6783 20.5
4 75.8327 10.1213 20.5
4 77.2831 11.5717 20.5
4 78.7321 13.0207 20.5
4 80.1759 14.4645 20.5
4 81.6285 15.9171 20.5
5 83.0732 9.9e-08 20.5
5 84.537 1.46378 20.5
5 85.9815 2.90828 20.5
5 87.4258 4.35259 20.5
5 88.8782 5.80498 20.5
5 90.3215 7.24825 20.5
5 91.7644 8.69118 20.5
5 93.2156 10.1424 20.5
5 94.6584 11.5852 20.5
5 96.1075 13.0343 20.5
5 97.5589 14.4857 20.5
5 99.0084 15.9352 20.5
5 100.459 17.3862 20.5
5 101.903 18.8296 20.5
6 103.352 8e-08 20.5
6 104.803 1.4516 20.5
6 106.247 2.89544 20.5
6 107.692 4.34004 20.5
6 109.144 5.79239 20.5
6 110.589 7.23695 20.5
6 112.051 8.69931 20.5
6 113.495 10.1438 20.5
6 114.94 11.5882 20.5
6 116.391 13.0396 20.5
6 117.834 14.4822 20.5
6 119.277 15.9255 20.5
6 120.734 17.3819 20.5
6 122.187 18.8352 20.5
6 123.629 20.2774 20.5
7 125.08 1.11e-07 20.5
7 126.534 1.45349 20.5
7 127.985 2.90524 20.5
7 129.43 4.34956 20.5
7 130.873 5.79285 20.5
7 132.324 7.24383 20.5
7 133.766 8.68578 20.5
7 135.209 10.1286 20.5
7 136.666 11.5856 20.5
7 138.109 13.0284 20.5
7 139.552 14.4715 20.5
7 141.002 15.9218 20.5
7 142.444 17.3642 20.5
7 143.887 18.8071 20.5
7 145.338 20.258 20.5
7 146.787 21.7069 20.5
7 148.244 23.1638 20.5
7 149.687 24.6071 20.5
8 151.13 9.2e-08 20.5
8 152.581 1.4509 20.5
8 154.024 2.89424 20.5
8 155.473 4.34322 20.5
8 156.925 5.79481 20.5
8 158.369 7.23854 20.5
8 159.813 8.68319 20.5
8 161.266 10.1356 20.5
8 162.71 11.5802 20.5
8 164.154 13.0236 20.5
8 165.61 14.4802 20.5
8 167.053 15.9232 21
9 168.504 8.6e-08 21
9 169.945 1.44152 21
9 171.388 2.88447 21
9 172.839 4.33517 21
9 174.281 5.77688 21
9 175.73 7.22556 21
9 177.181 8.67719 20.5
10 178.625 9.6e-08 20.5
10 180.068 1.44365 20.5
10 181.52 2.89544 20.5
10 182.964 4.33928 20.5
10 184.408 5.78277 20.5
10 185.865 7.23974 20.5
11 187.307 8.4e-08 20.5
11 188.759 1.45153 20.5
11 190.202 2.89451 20.5
11 191.645 4.33758 20.5
11 193.096 5.78852 20.5
11 194.537 7.23028 20.5
12 195.98 9.2e-08 20.5
12 197.436 1.4557 20.5
12 198.878 2.89742 20.5
12 200.32 4.33991 20.5
12 201.77 5.79011 20.5
13 203.214 8.1e-08 20.5
13 204.657 1.443 20.5
13 206.108 2.89425 21
13 207.55 4.33571 20.5
13 208.999 5.78481 20.5
14 210.45 1.05e-07 20.5
14 211.891 1.44178 20.5
14 213.348 2.89797 21
14 214.792 4.34232 21
14 216.236 5.78632 21
15 217.693 9.6e-08 21
15 219.136 1.443 20.5
15 220.579 2.8856 21
15 222.031 4.33719 21
16 223.473 8.6e-08 21
16 224.916 1.44307 21
16 226.369 2.89649 21
16 227.808 4.33568 20.5
16 229.25 5.77779 20.5
17 230.712 9.5e-08 21
17 232.155 1.44323 21
17 233.607 2.895 20.5
17 235.051 4.33935 20.5
18 236.495 8.3e-08 20.5
18 237.953 1.45714 21
18 239.395 2.90004 21
18 240.839 4.34307 21
18 242.288 5.79248 21
19 243.73 9.7e-08 20.5
19 245.173 1.44287 21
19 246.624 2.89418 21
19 248.067 4.33681 21
20 249.514 8.9e-08 21
20 250.965 1.45079 21
20 252.412 2.89782 20.5
20 253.864 4.34953 20.5
20 255.308 5.79374 21
21 256.752 8.6e-08 21
21 258.209 1.45691 20.5
21 259.652 2.89986 20.5
21 261.095 4.34291 20.5
22 262.544 8.8e-08 21
22 263.986 1.44207 21
22 265.429 2.88491 21
22 266.88 4.33621 21
22 268.323 5.77885 20.5
23 269.77 9.7e-08 21
23 271.22 1.44925 21
23 272.661 2.89071 21
23 274.117 4.347 20.5
23 275.562 5.79131 21
24 277.006 7.5e-08 20.5
24 278.463 1.45749 21
24 279.907 2.9014 21
24 281.35 4.34446 21
25 282.8 7.6e-08 20.5
25 284.243 1.44233 21
25 285.684 2.88416 20.5
25 287.136 4.33536 21
25 288.579 5.77854 21
26 290.022 8e-08 21
26 291.479 1.45706 21
26 292.92 2.89834 21
26 294.371 4.34937 21
27 295.913 1.11e-07 21
27 297.364 1.45088 21
27 298.813 2.89993 21
27 300.255 4.34186 21
27 301.712 5.79899 21
28 303.155 7.7e-08 21
28 304.607 1.45202 21
28 306.05 2.89498 21
28 307.494 4.33904 21
28 308.946 5.79115 21
29 310.789 1.12e-07 21
29 312.227 1.43804 21
29 313.67 2.88042 21
29 315.12 4.33112 21
29 316.562 5.77287 21
30 319.706 1.48e-07 21
30 321.148 1.44139 21
30 322.599 2.89273 21
30 324.043 4.33669 21
30 325.487 5.78098 21
31 330.948 1.54e-07 21
31 332.404 1.45574 21
31 333.848 2.89983 21
31 335.291 4.34291 21
31 336.741 5.79359 21
