0 3.27902 7.4e-08 21
0 6.17726 2.89824 21
0 7.62014 4.34113 21
0 9.0772 5.79818 21
0 10.52 7.24101 21
1 11.963 9.6e-08 21
1 13.4113 1.44829 21
1 14.8535 2.89052 21
1 16.3038 4.34082 21
1 17.7688 5.80584 21
1 19.2086 7.24566 21
2 20.6612 7.5e-08 21
2 22.1111 1.44995 21
2 23.5588 2.89764 21
2 25.0148 4.35367 21
2 26.4593 5.79808 21
2 27.9031 7.24189 21
3 29.3545 8.5e-08 21
3 30.8081 1.45357 21
3 32.2609 2.90637 21
3 33.7102 4.35572 21
3 35.1547 5.80017 21
3 36.613 7.25856 21
4 38.0576 7e-08 21
4 39.5063 1.44868 21
4 40.9588 2.90122 21
4 42.4142 4.35659 21
4 43.8573 5.79969 21
4 45.3093 7.25172 21
4 46.7586 8.70095 21
5 48.209 7.4e-08 21
5 49.6524 1.44336 21
5 51.0959 2.88694 21
5 52.5516 4.34258 21
6 53.9943 6.7e-08 21
6 55.4408 1.44645 21
6 56.8922 2.89787 21
7 58.3356 1.14e-07 21
7 59.779 1.44336 21.5
8 61.2423 9.4e-08 21.5
9 62.685 6.4e-08 22
11 64.1349 5.8e-08 22
12 65.5768 5.5e-08 22
14 67.0204 4.5e-08 22
16 68.4703 6.5e-08 22
17 69.9228 7.1e-08 22
19 71.3669 6.1e-08 22
21 72.8193 5.1e-08 22
22 74.2633 7.1e-08 22
24 75.8063 1.46e-07 21
25 77.2464 7.1e-08 21
26 79.2984 1.55e-07 21
27 82.4501 1.45e-07 21
28 87.8953 1.44e-07 21
