        type trial_config ert_flop   unroll  buffers        nsize       trials       microsecs        bytes        flops         GB/s         GF/s
       float    coalesced        4       64        2          512     16777216     7702053.045  17179869184   8589934592        2.231        1.115
       float    coalesced        4       64        2         1024      8388608     4364643.888  17179869184   8589934592        3.936        1.968
       float    coalesced        4       64        2         2048      4194304     2518245.099  17179869184   8589934592        6.822        3.411
       float    coalesced        4       64        2         4096      2097152     1474503.772  17179869184   8589934592       11.651        5.826
       float    coalesced        4       64        2         8192      1048576      938236.620  17179869184   8589934592       18.311        9.155
       float    coalesced        4       64        2        16384       524288      718746.857  17179869184   8589934592       23.903       11.951
       float    coalesced        4       64        2        32768       262144      608692.483  17179869184   8589934592       28.224       14.112
       float    coalesced        4       64        2        65536       131072      577077.791  17179869184   8589934592       29.770       14.885
       float    coalesced        4       64        2       131072        65536      567803.733  17179869184   8589934592       30.257       15.128
       float    coalesced        4       64        2       262144        32768      562250.574  17179869184   8589934592       30.556       15.278
       float    coalesced        4       64        2       524288        16384      560004.890  17179869184   8589934592       30.678       15.339
       float    coalesced        4       64        2      1048576         8192      558477.784  17179869184   8589934592       30.762       15.381
       float    coalesced        4       64        2      2097152         4096      557524.474  17179869184   8589934592       30.815       15.407
       float    coalesced        4       64        2      4194304         2048      556856.914  17179869184   8589934592       30.851       15.426
       float    coalesced        4       64        2      8388608         1024      556539.419  17179869184   8589934592       30.869       15.435
       float    coalesced        4       64        2     16777216          512      556352.976  17179869184   8589934592       30.879       15.440
       float    coalesced        4       64        2     33554432          256      556246.171  17179869184   8589934592       30.885       15.443
       float    coalesced        4       64        2     67108864          128      556163.198  17179869184   8589934592       30.890       15.445
       float    coalesced        4       64        2    134217728           64      555987.624  17179869184   8589934592       30.900       15.450
       float    coalesced        4       64        2    268435456           32      556028.202  17179869184   8589934592       30.897       15.449
       float    coalesced        4       64        2    536870912           16      556126.820  17179869184   8589934592       30.892       15.446
       float    coalesced        4       64        2   1073741824            8      556177.271  17179869184   8589934592       30.889       15.445
       float    coalesced        4       64        2   2147483648            4      556547.365  17179869184   8589934592       30.869       15.434
       float    coalesced        4       64        2   4294967296            2      556948.942  17179869184   8589934592       30.846       15.423
       float    coalesced        4       64        2   8588886016            1      556886.915  17177772032   8588886016       30.846       15.423
