        type trial_config ert_flop   unroll  buffers        nsize       trials       microsecs        bytes        flops         GB/s         GF/s
 signed_char    coalesced        1        1        1            1     16777216     5455507.396     33554432     16777216        0.006        0.003
 signed_char    coalesced        1        1        1            2     16777216     5604450.228     67108864     33554432        0.012        0.006
 signed_char    coalesced        1        1        1            4     16777216     5951372.846    134217728     67108864        0.023        0.011
 signed_char    coalesced        1        1        1            8     16777216     6546490.091    268435456    134217728        0.041        0.021
 signed_char    coalesced        1        1        1           16     16777216     7701826.825    536870912    268435456        0.070        0.035
 signed_char    coalesced        1        1        1           32     16777216    10071544.960   1073741824    536870912        0.107        0.053
 signed_char    coalesced        1        1        1           64     16777216    14547690.970   2147483648   1073741824        0.148        0.074
 signed_char    coalesced        1        1        1          128     16777216    17853966.534   4294967296   2147483648        0.241        0.120
 signed_char    coalesced        1        1        1          256     16777216    24533971.193   8589934592   4294967296        0.350        0.175
 signed_char    coalesced        1        1        1          512      8388608    19038060.524   8589934592   4294967296        0.451        0.226
 signed_char    coalesced        1        1        1         1024      4194304    16366110.662   8589934592   4294967296        0.525        0.262
 signed_char    coalesced        1        1        1         2048      2097152    14968295.441   8589934592   4294967296        0.574        0.287
 signed_char    coalesced        1        1        1         4096      1048576    14319404.921   8589934592   4294967296        0.600        0.300
 signed_char    coalesced        1        1        1         8192       524288    13898027.188   8589934592   4294967296        0.618        0.309
 signed_char    coalesced        1        1        1        16384       262144    13648952.231   8589934592   4294967296        0.629        0.315
 signed_char    coalesced        1        1        1        32768       131072    13638908.758   8589934592   4294967296        0.630        0.315
 signed_char    coalesced        1        1        1        65536        65536    13633114.053   8589934592   4294967296        0.630        0.315
 signed_char    coalesced        1        1        1       131072        32768    13624047.970   8589934592   4294967296        0.630        0.315
 signed_char    coalesced        1        1        1       262144        16384    13618487.614   8589934592   4294967296        0.631        0.315
 signed_char    coalesced        1        1        1       524288         8192    13615982.862   8589934592   4294967296        0.631        0.315
 signed_char    coalesced        1        1        1      1048576         4096    13614671.772   8589934592   4294967296        0.631        0.315
 signed_char    coalesced        1        1        1      2097152         2048    13614001.157   8589934592   4294967296        0.631        0.315
 signed_char    coalesced        1        1        1      4194304         1024    13614004.551   8589934592   4294967296        0.631        0.315
 signed_char    coalesced        1        1        1      8388608          512    13613726.838   8589934592   4294967296        0.631        0.315
 signed_char    coalesced        1        1        1     16777216          256    13613638.445   8589934592   4294967296        0.631        0.315
 signed_char    coalesced        1        1        1     33554432          128    13613527.470   8589934592   4294967296        0.631        0.315
 signed_char    coalesced        1        1        1     67108864           64    13613501.759   8589934592   4294967296        0.631        0.315
 signed_char    coalesced        1        1        1    134217728           32    13613618.476   8589934592   4294967296        0.631        0.315
 signed_char    coalesced        1        1        1    268435456           16    13613540.163   8589934592   4294967296        0.631        0.315
 signed_char    coalesced        1        1        1    536870912            8    13613617.085   8589934592   4294967296        0.631        0.315
 signed_char    coalesced        1        1        1   1073741824            4    13613701.597   8589934592   4294967296        0.631        0.315
 signed_char    coalesced        1        1        1   2147483648            2    13613329.935   8589934592   4294967296        0.631        0.315
 signed_char    coalesced        1        1        1   4293918720            1    13610172.201   8587837440   4293918720        0.631        0.315
