0 6.55118 1.56e-07 21
0 9.44238 2.8912 21
0 10.8876 4.33639 21
0 12.3415 5.79035 21
0 13.7835 7.23228 21
0 15.235 8.68384 21
1 16.6778 9e-08 21
1 18.1238 1.44597 21
1 19.575 2.8972 21
1 21.0157 4.33789 21
1 22.4622 5.78438 21
1 23.9165 7.23868 21
1 25.3601 8.68225 21
2 26.8058 8.6e-08 21
2 28.257 1.45126 21
2 29.6983 2.89251 21
2 31.1416 4.33579 21
2 32.6126 5.80685 21
2 34.0567 7.25091 21
2 35.5139 8.70813 21
3 36.973 1.05e-07 21
3 38.4164 1.44341 21
3 39.8736 2.90065 21
3 41.3224 4.34942 21
3 42.7899 5.81694 21
3 44.2381 7.26511 21
3 45.6962 8.72323 21
4 47.1566 1.14e-07 21
4 48.6047 1.44808 21
4 50.0489 2.89227 21
4 51.507 4.35044 21
4 52.951 5.79438 21
4 54.4082 7.2516 21
4 55.8557 8.69913 21
4 57.3159 10.1593 21.5
5 58.7678 1.04e-07 21.5
5 60.2118 1.44392 21.5
5 61.6609 2.89308 21.5
5 63.1297 4.36185 21.5
5 64.5791 5.81127 21.5
6 66.0466 9.2e-08 21.5
6 67.4903 1.44372 21.5
6 68.9439 2.89733 22
7 70.4114 8.7e-08 22.5
8 71.865 1.36e-07 22.5
9 73.3322 7e-08 23
10 74.776 9.4e-08 23.5
11 76.2344 1.18e-07 23.5
12 77.7063 6.9e-08 23.5
14 79.1558 8.2e-08 23.5
16 80.6047 6.1e-08 24
17 82.0466 6.7e-08 24
19 83.4901 7.7e-08 24
20 84.9625 8.2e-08 24
22 86.4103 6.2e-08 24
23 87.8785 8.1e-08 24
24 89.3276 8.4e-08 21.5
25 90.8696 1.57e-07 21.5
26 93.7113 1.45e-07 21.5
27 98.4645 1.45e-07 21.5
28 107.311 1.49e-07 21.5
