0 6.68254 1.25e-07 25.5
0 9.5756 2.89306 25.5
0 11.0184 4.33584 25.5
0 12.4689 5.78639 25.5
0 13.9079 7.22532 25.5
0 15.351 8.66851 25.5
0 16.8077 10.1252 25.5
0 18.2502 11.5676 25.5
0 19.6863 13.0037 25.5
0 21.1453 14.4628 25.5
0 22.5861 15.9035 25.5
0 24.029 17.3465 25.5
0 25.4809 18.7984 25.5
0 26.9208 20.2383 25.5
0 28.3713 21.6888 25.5
0 29.8142 23.1316 25.5
0 31.2591 24.5766 25.5
0 32.7166 26.034 25.5
0 34.1754 27.4929 25.5
0 35.6114 28.9289 25.5
0 37.0775 30.395 25.5
0 38.5307 31.8481 25.5
0 39.9736 33.2911 25.5
0 41.4391 34.7566 25.5
0 42.8925 36.2099 25.5
0 44.344 37.6615 25.5
0 45.8031 39.1206 25.5
0 47.2561 40.5735 25.5
0 48.7121 42.0295 25.5
0 50.1596 43.477 25.5
0 51.602 44.9195 25.5
0 53.0731 46.3906 25.5
0 54.5256 47.843 25.5
0 55.9918 49.3093 25.5
0 57.4442 50.7617 25.5
0 58.8861 52.2036 25.5
0 60.3364 53.6539 25.5
0 61.7944 55.1118 25.5
0 63.2377 56.5551 25.5
0 64.7048 58.0223 25.5
0 66.1478 59.4653 25.5
0 67.6089 60.9264 25.5
1 69.067 8e-08 25.5
1 70.5201 1.4532 25.5
1 71.9762 2.90926 25.5
1 73.4199 4.35295 25.5
1 74.8635 5.79653 25.5
1 76.3366 7.26964 25.5
1 77.7851 8.7181 25.5
1 79.2517 10.1847 25.5
1 80.7052 11.6383 25.5
1 82.1537 13.0868 25.5
1 83.6199 14.553 25.5
1 85.0733 16.0063 25.5
1 86.5246 17.4577 25.5
1 87.9674 18.9005 25.5
1 89.4098 20.3428 25.5
1 90.8824 21.8155 25.5
1 92.3352 23.2682 25.5
1 93.792 24.7251 25.5
1 95.2582 26.1912 25.5
1 96.6984 27.6314 25.5
1 98.1483 29.0813 25.5
1 99.6014 30.5344 25.5
1 101.045 31.9776 25.5
1 102.511 33.4445 25.5
1 103.954 34.8866 25.5
1 105.41 36.3427 25.5
1 106.857 37.7903 25.5
1 108.305 39.2381 25.5
1 109.748 40.6808 25.5
1 111.198 42.1315 25.5
1 112.64 43.573 25.5
1 114.083 45.0162 25.5
1 115.555 46.4885 25.5
1 116.998 47.9308 25.5
1 118.464 49.397 25.5
1 119.897 50.8298 25.5
1 121.356 52.2892 25.5
1 122.807 53.7401 25.5
1 124.26 55.1929 25.5
1 125.703 56.6363 25.5
1 127.155 58.0881 25.5
1 128.598 59.5314 25.5
1 130.042 60.9751 25.5
2 131.499 7.2e-08 25.5
2 132.935 1.43583 25.5
2 134.393 2.89413 25.5
2 135.833 4.33466 25.5
2 137.286 5.78762 25.5
2 138.736 7.23714 25.5
2 140.179 8.67985 25.5
2 141.627 10.1282 25.5
2 143.076 11.5776 25.5
2 144.519 13.0199 25.5
2 145.966 14.467 25.5
2 147.422 15.9233 25.5
2 148.882 17.3828 25.5
2 150.323 18.8239 25.5
2 151.779 20.2803 25.5
2 153.222 21.7233 25.5
2 154.665 23.1662 25.5
2 156.122 24.6233 25.5
2 157.575 26.0764 25.5
2 159.025 27.5262 25.5
2 160.468 28.969 25.5
2 161.911 30.4121 25.5
2 163.378 31.8794 25.5
2 164.815 33.3159 25.5
2 166.273 34.774 25.5
2 167.724 36.2249 25.5
2 169.166 37.6673 25.5
2 170.619 39.1201 25.5
2 172.069 40.5701 25.5
2 173.527 42.0287 25.5
2 174.979 43.4798 25.5
2 176.421 44.9223 25.5
2 177.862 46.3637 25.5
2 179.313 47.8142 25.5
2 180.756 49.2569 25.5
2 182.204 50.7049 25.5
2 183.654 52.1553 25.5
2 185.11 53.6111 25.5
2 186.544 55.0453 25.5
2 188.01 56.5111 25.5
2 189.451 57.9526 25.5
2 190.892 59.3937 25.5
2 192.343 60.844 25.5
2 193.785 62.2865 25.5
2 195.237 63.7381 25.5
3 196.687 1e-07 25.5
3 198.146 1.45901 25.5
3 199.589 2.90132 25.5
3 201.037 4.35009 25.5
3 202.489 5.80221 25.5
3 203.94 7.25263 25.5
3 205.381 8.69358 25.5
3 206.822 10.135 25.5
3 208.274 11.5864 25.5
3 209.716 13.0292 25.5
3 211.159 14.4713 25.5
3 212.608 15.921 25.5
3 214.051 17.3639 25.5
3 215.515 18.828 25.5
3 216.965 20.2777 25.5
3 218.407 21.72 25.5
3 219.859 23.172 25.5
3 221.309 24.6212 25.5
3 222.764 26.0763 25.5
3 224.197 27.5096 25.5
3 225.663 28.9756 25.5
3 227.104 30.4169 25.5
3 228.554 31.8666 25.5
3 230.006 33.319 25.5
3 231.447 34.7599 25.5
3 232.897 36.2098 25.5
3 234.355 37.6676 25.5
3 235.79 39.1031 25.5
3 237.259 40.5716 25.5
3 238.698 42.0111 25.5
3 240.151 43.4635 25.5
3 241.6 44.9123 25.5
3 243.042 46.3546 25.5
3 244.483 47.7961 25.5
3 245.932 49.2448 25.5
3 247.396 50.7083 25.5
3 248.845 52.1576 25.5
3 250.292 53.6052 25.5
3 251.734 55.0469 25.5
3 253.184 56.4971 25.5
3 254.632 57.9446 25.5
3 256.074 59.387 25.5
3 257.543 60.8559 25.5
3 258.982 62.2943 25.5
3 260.423 63.7359 25.5
3 261.874 65.1864 25.5
4 263.318 1.39e-07 25.5
4 264.757 1.4388 25.5
4 266.217 2.89896 25.5
4 267.659 4.34107 25.5
4 269.102 5.78363 25.5
4 270.567 7.24856 25.5
4 272.01 8.69169 25.5
4 273.475 10.1571 25.5
4 274.914 11.5958 25.5
4 276.361 13.0432 25.5
4 277.818 14.5001 25.5
4 279.254 15.9359 25.5
4 280.717 17.3991 25.5
4 282.166 18.8483 25.5
4 283.608 20.2901 25.5
4 285.056 21.7382 25.5
4 286.506 23.1882 25.5
4 287.949 24.6313 25.5
4 289.398 26.0798 25.5
4 290.855 27.5367 25.5
4 292.298 28.9799 25.5
4 293.749 30.4312 25.5
4 295.191 31.8733 25.5
4 296.633 33.3153 25.5
4 298.095 34.7766 25.5
4 299.537 36.2186 25.5
4 300.984 37.6661 25.5
4 302.44 39.1222 25.5
4 303.883 40.5645 25.5
4 305.335 42.0171 25.5
4 306.785 43.4672 25.5
4 308.241 44.9224 25.5
4 309.681 46.3631 25.5
4 311.131 47.8126 25.5
4 312.572 49.2543 25.5
4 314.032 50.7138 25.5
5 315.471 1.02e-07 25.5
5 316.924 1.45279 25.5
5 318.374 2.90287 25.5
5 319.816 4.34456 25.5
5 321.264 5.79271 25.5
5 322.714 7.24262 25.5
5 324.157 8.68528 25.5
5 325.616 10.1447 25.5
5 327.067 11.5959 25.5
5 328.509 13.0375 25.5
5 329.95 14.4785 25.5
5 331.401 15.9294 25.5
5 332.844 17.3722 25.5
5 334.287 18.8151 25.5
5 335.752 20.2808 25.5
5 337.189 21.7171 25.5
5 338.631 23.1599 25.5
5 340.101 24.6297 26
6 341.54 7.3e-08 26
6 342.995 1.4544 26
6 344.437 2.89636 26
6 345.878 4.3376 26
6 347.328 5.78783 26
6 348.771 7.23028 26
6 350.218 8.67759 26
6 351.674 10.1336 26
6 353.126 11.5856 26
6 354.568 13.0271 26
7 356.019 1.08e-07 26
7 357.467 1.44822 26
7 358.909 2.88991 26
7 360.372 4.35306 26
7 361.806 5.78776 26.5
8 363.249 7.1e-08 26.5
8 364.706 1.45672 26.5
8 366.164 2.91496 26.5
9 367.614 7.4e-08 27.5
9 369.062 1.44783 27.5
10 370.505 6.7e-08 28
10 371.962 1.45739 28.5
11 373.416 6.4e-08 29
12 374.859 7e-08 29.5
13 376.308 5.5e-08 29.5
14 377.756 1.71e-07 29.5
15 379.198 6.5e-08 29.5
16 380.65 1.14e-07 29.5
17 382.09 6.7e-08 29.5
18 383.533 8e-08 29.5
19 384.983 6.5e-08 29.5
20 386.441 1.43e-07 29.5
21 387.892 6.7e-08 29.5
22 389.34 1.13e-07 29.5
23 390.782 6.7e-08 29.5
24 392.234 8.2e-08 26
25 394.378 1.46e-07 29.5
26 398.121 1.54e-07 29.5
27 404.574 1.44e-07 26
