        type trial_config ert_flop   unroll  buffers        nsize       trials       microsecs        bytes        flops         GB/s         GF/s
      double    coalesced        9       16        2          256     16777216    18704347.177   8589934592   4831838208        0.459        0.258
      double    coalesced        9       16        2          512     16777216    18704334.519  17179869184   9663676416        0.918        0.517
      double    coalesced        9       16        2         1024      8388608    10071772.123  17179869184   9663676416        1.706        0.959
      double    coalesced        9       16        2         2048      4194304     5455695.450  17179869184   9663676416        3.149        1.771
      double    coalesced        9       16        2         4096      2097152     2976036.971  17179869184   9663676416        5.773        3.247
      double    coalesced        9       16        2         8192      1048576     1818785.001  17179869184   9663676416        9.446        5.313
      double    coalesced        9       16        2        16384       524288     1248358.902  17179869184   9663676416       13.762        7.741
      double    coalesced        9       16        2        32768       262144      969408.713  17179869184   9663676416       17.722        9.969
      double    coalesced        9       16        2        65536       131072      818647.728  17179869184   9663676416       20.986       11.804
      double    coalesced        9       16        2       131072        65536      752498.005  17179869184   9663676416       22.830       12.842
      double    coalesced        9       16        2       262144        32768      714242.976  17179869184   9663676416       24.053       13.530
      double    coalesced        9       16        2       524288        16384      695608.570  17179869184   9663676416       24.698       13.892
      double    coalesced        9       16        2      1048576         8192      686538.886  17179869184   9663676416       25.024       14.076
      double    coalesced        9       16        2      2097152         4096      682305.749  17179869184   9663676416       25.179       14.163
      double    coalesced        9       16        2      4194304         2048      679715.914  17179869184   9663676416       25.275       14.217
      double    coalesced        9       16        2      8388608         1024      678597.786  17179869184   9663676416       25.317       14.241
      double    coalesced        9       16        2     16777216          512      678060.198  17179869184   9663676416       25.337       14.252
      double    coalesced        9       16        2     33554432          256      677777.979  17179869184   9663676416       25.347       14.258
      double    coalesced        9       16        2     67108864          128      677649.946  17179869184   9663676416       25.352       14.261
      double    coalesced        9       16        2    134217728           64      677623.015  17179869184   9663676416       25.353       14.261
      double    coalesced        9       16        2    268435456           32      677524.283  17179869184   9663676416       25.357       14.263
      double    coalesced        9       16        2    536870912           16      677581.660  17179869184   9663676416       25.355       14.262
      double    coalesced        9       16        2   1073741824            8      677543.584  17179869184   9663676416       25.356       14.263
      double    coalesced        9       16        2   2147483648            4      677539.951  17179869184   9663676416       25.356       14.263
      double    coalesced        9       16        2   4294967296            2      677562.351  17179869184   9663676416       25.355       14.262
      double    coalesced        9       16        2   8588886016            1      677429.661  17177772032   9662496768       25.357       14.263
