0 3.39671 8e-08 21
0 6.29384 2.89713 21
0 7.73605 4.33933 21
0 9.17579 5.77908 21
0 10.6278 7.23113 21
1 12.0743 1.55e-07 21
1 13.5171 1.44276 21
1 14.9649 2.89055 21
1 16.4081 4.33376 21
1 17.8509 5.77662 21
2 19.3013 6.7e-08 21
2 20.7425 1.44124 21
2 22.2039 2.90262 21
2 23.6724 4.37113 20.5
2 25.119 5.81775 20.5
2 26.5691 7.26787 21
3 28.0117 6.9e-08 21
3 29.476 1.4643 20.5
3 30.9318 2.92017 21
3 32.3798 4.36816 20.5
3 33.8218 5.81014 21
3 35.2716 7.25997 21
4 36.7144 6.6e-08 21
4 38.1572 1.44274 21
4 39.6077 2.89327 21
4 41.0705 4.35611 21
4 42.5254 5.81099 21
4 43.9722 7.2578 21
4 45.4198 8.70538 21
5 46.8765 6.6e-08 21
5 48.3189 1.44246 21
5 49.7762 2.89969 21
5 51.2315 4.35502 21
5 52.695 5.81855 21
5 54.151 7.27455 21
6 55.5931 6.4e-08 21
6 57.0361 1.44297 21
6 58.5082 2.91509 21
6 59.9506 4.3575 21
7 61.4034 1.13e-07 21
7 62.8556 1.45214 21
7 64.2955 2.89206 21
8 65.742 6.3e-08 21
8 67.2078 1.46577 21.5
9 68.6524 6.5e-08 21.5
10 70.101 5.1e-08 21.5
10 71.5592 1.45812 21.5
11 73.0018 5.8e-08 21.5
12 74.4687 1.75e-07 21.5
13 75.9108 6e-08 21.5
13 77.353 1.44218 21.5
14 78.803 6.1e-08 21.5
15 80.2461 6.4e-08 21.5
16 81.694 5.1e-08 21.5
17 83.1443 5.7e-08 21.5
17 84.6039 1.45956 21.5
18 86.0551 5.8e-08 21.5
19 87.4986 5.3e-08 21.5
20 88.9411 6.7e-08 21.5
21 90.3913 6.5e-08 21.5
21 91.8322 1.44092 21.5
22 93.2793 6.8e-08 21.5
23 94.7289 6.4e-08 21
24 96.1876 6.1e-08 21.5
24 97.6301 1.44256 21.5
25 99.0809 5.9e-08 21
26 100.924 1.56e-07 21.5
26 102.36 1.43682 20.5
27 104.403 1.36e-07 21.5
28 109.447 1.55e-07 21.5
