0 3.39298 1.12e-07 22
0 6.29199 2.89901 22
0 7.73512 4.34214 22
0 9.19176 5.79878 22
0 10.6354 7.24243 22
0 12.0771 8.68415 22
0 13.5292 10.1362 22
0 14.9692 11.5763 22
0 16.4287 13.0357 22
0 17.8894 14.4964 22
0 19.3425 15.9496 22
0 20.8106 17.4176 22
0 22.2543 18.8614 22
0 23.7032 20.3102 22
0 25.171 21.778 22
0 26.6146 23.2216 22
0 28.0831 24.6901 22
0 29.5374 26.1445 22
0 30.9818 27.5889 22
0 32.4552 29.0623 22
0 33.9073 30.5143 22
0 35.3581 31.9652 22
0 36.8225 33.4295 22
0 38.2709 34.8779 22
0 39.7226 36.3296 22
0 41.165 37.772 22
0 42.6085 39.2155 22
0 44.0748 40.6819 22
0 45.518 42.125 22
0 46.9906 43.5976 22
0 48.4428 45.0499 22
0 49.8849 46.4919 22
0 51.3538 47.9609 22
0 52.7943 49.4013 22
0 54.25 50.857 22
0 55.6936 52.3006 22
0 57.1591 53.7661 22
0 58.6096 55.2166 22
0 60.0633 56.6703 22
0 61.5066 58.1136 22
0 62.9636 59.5706 22
1 64.407 9.1e-08 22
1 65.857 1.44996 22
1 67.2988 2.89178 22
1 68.7591 4.35209 22
1 70.2094 5.80236 22
1 71.6625 7.25545 22
1 73.1056 8.69855 22
1 74.5781 10.1711 22
1 76.0222 11.6152 22
1 77.4738 13.0668 22
1 78.9337 14.5266 22
1 80.3776 15.9706 22
1 81.8295 17.4225 22
1 83.2735 18.8665 22
1 84.7171 20.31 22
1 86.1897 21.7827 22
1 87.6332 23.2261 22
1 89.0852 24.6782 22
1 90.5444 26.1374 22
1 91.9881 27.5811 22
1 93.4393 29.0322 22
1 94.8827 30.4757 22
1 96.3267 31.9197 22
1 97.7775 33.3705 22
1 99.2205 34.8135 22
1 100.665 36.2576 22
1 102.14 37.7334 22
1 103.582 39.1753 22
1 105.04 40.6334 22
1 106.494 42.0871 22
1 107.938 43.5307 22
1 109.39 44.9827 22
1 110.833 46.4264 22
1 112.277 47.8699 22
1 113.734 49.3272 22
1 115.177 50.7705 22
1 116.628 52.2205 22
1 118.081 53.6742 22
1 119.524 55.117 22
1 120.981 56.5743 22
1 122.423 58.0162 22
1 123.867 59.4599 22
1 125.322 60.9151 22
2 126.766 7.8e-08 22
2 128.21 1.44416 22
2 129.669 2.90234 22
2 131.113 4.34648 22
2 132.565 5.79876 22
2 134.008 7.24207 22
2 135.452 8.68566 22
2 136.902 10.1358 22
2 138.344 11.578 22
2 139.788 13.0214 22
2 141.245 14.4789 22
2 142.688 15.9221 22
2 144.13 17.364 22
2 145.582 18.8153 22
2 147.034 20.2673 22
2 148.476 21.7102 22
2 149.933 23.1671 22
2 151.377 24.6102 22
2 152.827 26.061 22
2 154.276 27.5096 22
2 155.72 28.9534 22
2 157.178 30.4116 22
2 158.638 31.8715 22.5
2 160.081 33.3145 22
2 161.532 34.7657 22
2 162.975 36.2083 22
2 164.424 37.6581 22
2 165.885 39.1183 22
2 167.328 40.5619 22
2 168.78 42.0135 22
2 170.224 43.4573 22
2 171.666 44.8998 22
2 173.123 46.3568 22
2 174.567 47.8006 22
2 176.009 49.2431 22
2 177.47 50.7041 22
2 178.915 52.1482 22
2 180.358 53.5915 22.5
2 181.815 55.0486 22.5
2 183.258 56.4919 22.5
2 184.714 57.9476 22
2 186.157 59.3908 22
3 187.602 8.3e-08 22
3 189.06 1.45806 22
3 190.504 2.90267 22.5
3 191.949 4.34679 22
3 193.401 5.79883 22
3 194.845 7.24277 22
3 196.288 8.68627 22
3 197.738 10.1366 22.5
3 199.181 11.5795 22.5
3 200.624 13.022 22
3 202.081 14.479 22
3 203.539 15.9377 22
3 204.998 17.3958 22.5
3 206.441 18.8393 22.5
3 207.885 20.2837 22.5
3 209.338 21.7358 22
3 210.782 23.1798 22
3 212.226 24.6239 22
3 213.698 26.0964 22.5
3 215.141 27.5392 22.5
3 216.591 28.9895 22
3 218.038 30.4367 22
3 219.483 31.8813 22
3 220.941 33.3397 22.5
3 222.386 34.7842 22.5
3 223.83 36.2279 22
3 225.281 37.6789 22.5
3 226.723 39.1217 22
3 228.166 40.5646 22.5
3 229.639 42.037 22.5
3 231.08 43.4779 22.5
3 232.53 44.9282 22
3 233.974 46.3724 22
3 235.418 47.8163 22
3 236.885 49.2832 22
3 238.328 50.7261 22.5
3 239.771 52.1691 22
3 241.223 53.6208 22
3 242.666 55.064 22
3 244.108 56.5066 22
3 245.56 57.9584 22.5
3 247.004 59.4019 22.5
3 248.447 60.8451 22.5
4 249.905 8.6e-08 22.5
4 251.348 1.44339 22.5
4 252.8 2.89526 22.5
4 254.243 4.33839 22.5
4 255.686 5.78142 22.5
4 257.137 7.2321 22.5
4 258.601 8.69616 22.5
4 260.042 10.1379 22.5
4 261.493 11.5888 22.5
4 262.942 13.0371 22.5
4 264.384 14.4795 22
4 265.833 15.9286 22
4 267.276 17.3714 22
4 268.719 18.8147 22.5
4 270.193 20.2879 22.5
4 271.636 21.7317 22.5
4 273.094 23.1897 22.5
4 274.553 24.6486 22
4 275.996 26.0917 22.5
4 277.448 27.5432 22
4 278.891 28.9863 22.5
4 280.334 30.4297 22
4 281.792 31.8878 22
4 283.236 33.3315 22
4 284.688 34.7834 22
4 286.131 36.2264 22.5
4 287.575 37.6699 22.5
4 289.046 39.1416 22.5
4 290.488 40.5832 22
4 291.93 42.0255 22.5
4 293.385 43.4805 22.5
4 294.827 44.9219 22.5
4 296.269 46.3644 22.5
4 297.72 47.8153 22
4 299.163 49.2582 22
4 300.607 50.7021 22
4 302.062 52.1579 22.5
4 303.506 53.6017 22.5
4 304.958 55.053 22.5
4 306.401 56.4967 22
4 307.855 57.9507 22
4 309.312 59.4077 22.5
4 310.755 60.8504 22.5
4 312.213 62.3085 22.5
4 313.663 63.7587 22
5 315.107 8.9e-08 22
5 316.549 1.44192 22.5
5 318.006 2.89909 22.5
5 319.449 4.34214 22.5
5 320.9 5.79327 22.5
5 322.343 7.23612 22.5
5 323.786 8.67857 22.5
5 325.237 10.1298 22.5
5 326.68 11.5732 22.5
5 328.124 13.0167 22.5
5 329.582 14.4752 22.5
5 331.025 15.9179 22.5
5 332.469 17.3616 22.5
5 333.919 18.8123 22.5
5 335.362 20.2555 22.5
5 336.807 21.6996 22.5
5 338.258 23.1511 22.5
5 339.702 24.5953 22.5
5 341.156 26.0495 22.5
5 342.606 27.4994 22.5
5 344.049 28.9421 22.5
5 345.499 30.3923 22.5
5 346.941 31.8344 22.5
5 348.394 33.2873 22.5
5 349.851 34.7442 22.5
5 351.294 36.1868 22.5
5 352.747 37.6398 22.5
5 354.196 39.0892 22.5
5 355.639 40.5317 22.5
5 357.081 41.974 22.5
5 358.532 43.4247 22.5
5 359.975 44.8678 22.5
5 361.417 46.3104 22.5
5 362.874 47.7673 22.5
5 364.317 49.2102 22.5
5 365.768 50.6608 22.5
5 367.22 52.1132 22.5
5 368.662 53.5551 22.5
5 370.112 55.0052 22.5
5 371.576 56.4687 22.5
5 373.017 57.9102 22.5
5 374.467 59.3603 22.5
5 375.91 60.8027 22.5
5 377.353 62.2459 22.5
5 378.804 63.6967 22.5
6 380.247 9.2e-08 22.5
6 381.69 1.4431 22.5
6 383.147 2.90013 22.5
6 384.59 4.34375 22.5
6 386.041 5.79439 22.5
6 387.482 7.23583 22.5
6 388.924 8.6777 22.5
6 390.375 10.1283 22.5
6 391.817 11.5708 22.5
6 393.27 13.0238 22.5
6 394.727 14.4805 22.5
6 396.17 15.9235 22.5
6 397.614 17.367 22.5
6 399.064 18.8176 22.5
6 400.517 20.2704 22.5
6 401.959 21.712 22.5
6 403.409 23.1621 22.5
6 404.872 24.6257 22.5
6 406.322 26.0751 22.5
6 407.764 27.5174 22.5
6 409.207 28.9602 22.5
6 410.658 30.4112 22.5
6 412.118 31.8712 22.5
6 413.561 33.3146 22.5
6 415.013 34.7662 22.5
6 416.455 36.2089 22.5
6 417.898 37.6518 22.5
6 419.349 39.1027 22.5
6 420.792 40.5452 22.5
6 422.233 41.9865 22.5
6 423.684 43.437 22.5
6 425.126 44.8795 22.5
6 426.58 46.3332 22.5
6 428.029 47.7827 22.5
6 429.471 49.2249 22.5
6 430.922 50.6752 22.5
6 432.365 52.118 22.5
6 433.807 53.5609 22.5
6 435.258 55.0116 22.5
6 436.701 56.4543 22.5
6 438.159 57.9122 22.5
6 439.608 59.3613 22.5
6 441.05 60.8037 22.5
6 442.504 62.2571 22.5
6 443.955 63.7084 22.5
6 445.398 65.1516 22.5
6 446.841 66.5943 22.5
7 448.297 9.3e-08 22.5
7 449.741 1.44324 22.5
7 451.192 2.89447 22.5
7 452.635 4.3377 22.5
7 454.078 5.78048 22.5
7 455.528 7.23051 22.5
7 456.97 8.6723 22.5
7 458.412 10.1141 22.5
7 459.863 11.5655 22.5
7 461.307 13.0091 22.5
7 462.75 14.4528 22.5
7 464.222 15.9247 22.5
7 465.664 17.3664 22.5
7 467.106 18.8085 22.5
7 468.557 20.2593 22.5
7 470 21.703 22.5
7 471.469 23.1718 22.5
7 472.912 24.6148 22.5
7 474.355 26.0577 22.5
7 475.828 27.5306 22.5
7 477.269 28.972 22.5
7 478.712 30.4141 22.5
7 480.163 31.8657 22.5
7 481.606 33.3089 22.5
7 483.055 34.7577 22.5
8 484.505 8.3e-08 22.5
8 485.948 1.44265 22.5
8 487.39 2.88464 22.5
8 488.846 4.34141 22.5
8 490.289 5.78439 22.5
8 491.741 7.23619 22.5
8 493.185 8.68054 22.5
8 494.629 10.1244 22.5
8 496.081 11.5761 22.5
8 497.524 13.0196 22.5
8 498.968 14.4633 22.5
8 500.426 15.9209 22.5
8 501.885 17.3805 22.5
9 503.328 9.5e-08 22.5
9 504.777 1.44963 22.5
9 506.221 2.89321 22.5
9 507.664 4.33599 22
9 509.12 5.79283 22
9 510.564 7.23621 22
9 512.015 8.68756 22
9 513.459 10.1309 22.5
10 514.901 8.7e-08 22.5
10 516.353 1.45129 22.5
10 517.795 2.89338 22.5
10 519.254 4.35248 22.5
10 520.702 5.8012 22.5
10 522.145 7.24382 22.5
11 523.598 8.5e-08 22.5
11 525.049 1.45111 22.5
11 526.492 2.89431 22.5
11 527.935 4.33708 22.5
12 529.393 4.9e-08 22.5
12 530.836 1.44337 22.5
12 532.287 2.89469 22.5
13 533.729 7.8e-08 22.5
13 535.181 1.45147 22.5
14 536.63 8.5e-08 22.5
14 538.072 1.44234 22.5
14 539.514 2.88415 22.5
15 540.97 5.3e-08 22.5
15 542.421 1.45157 22.5
15 543.862 2.89203 22.5
16 545.312 7.4e-08 22.5
16 546.755 1.44253 22.5
17 548.197 7.4e-08 22.5
17 549.647 1.44984 22.5
18 551.088 7.4e-08 22.5
18 552.529 1.44166 22.5
18 553.98 2.89199 22.5
19 555.422 7.5e-08 22.5
19 556.876 1.45384 22.5
20 558.325 4.1e-08 22.5
20 559.767 1.44188 22.5
20 561.218 2.89318 22.5
21 562.661 7.5e-08 22.5
21 564.104 1.44277 22.5
22 565.554 8e-08 22.5
22 566.996 1.44188 22.5
22 568.446 2.89252 22.5
23 569.902 7.4e-08 22.5
23 571.344 1.4426 22.5
24 572.787 8.1e-08 22.5
24 574.237 1.45015 22.5
24 575.69 2.90309 22.5
25 577.132 9e-08 22.5
25 578.582 1.44965 23.5
26 580.024 7.1e-08 22.5
26 581.466 1.44189 22.5
26 582.922 2.89783 22.5
27 584.365 7.5e-08 22.5
27 585.816 1.45083 22.5
27 587.26 2.89421 22.5
28 588.704 7.7e-08 22.5
28 590.155 1.45166 22.5
28 591.599 2.89564 22.5
29 594.444 1.14e-07 22.5
29 595.9 1.45615 22.5
29 597.342 2.8986 22.5
30 602.486 1.05e-07 22.5
30 603.924 1.43838 22.5
30 605.367 2.88163 22.5
