0 6.4519 8.6e-08 20.5
0 9.33906 2.88715 20.5
0 10.7855 4.33355 20.5
0 12.2282 5.77628 20.5
1 13.6736 8.7e-08 20.5
1 15.1306 1.45702 20.5
1 16.572 2.89844 20.5
1 18.0208 4.34721 20.5
1 19.4667 5.79313 20.5
2 20.9072 7.4e-08 20.5
2 22.3598 1.45262 20.5
2 23.7985 2.89135 20.5
2 25.2433 4.33612 20.5
2 26.6996 5.79236 21
3 28.1427 9.2e-08 21
3 29.5855 1.4428 21
3 31.0355 2.89274 21
3 32.4771 4.33442 21
3 33.9192 5.77649 21
3 35.4052 7.26244 21
4 36.848 1.14e-07 21
4 38.3101 1.46207 21
4 39.7518 2.90382 21
5 41.2195 1.66e-07 21
5 42.6819 1.46234 22
6 44.132 9.7e-08 22.5
7 45.5992 1.11e-07 23
8 47.0532 1.21e-07 23.5
10 48.4967 9.2e-08 23.5
12 49.9594 6.8e-08 23.5
14 51.4005 7.5e-08 23.5
16 52.8517 1.15e-07 23.5
18 54.299 8.1e-08 23.5
20 55.7473 8.2e-08 23.5
21 57.2092 4.9e-08 23.5
23 58.9524 1.08e-07 20.5
24 60.7027 1.08e-07 21
25 63.6456 1.23e-07 21
26 68.3886 1.1e-07 21
27 77.2315 1.37e-07 21
