        type trial_config ert_flop   unroll  buffers        nsize       trials       microsecs        bytes        flops         GB/s         GF/s
        long    coalesced       27        4        2           64     16777216    12903431.977   2147483648   3623878656        0.166        0.281
        long    coalesced       27        4        2          128     16777216    13097708.120   4294967296   7247757312        0.328        0.553
        long    coalesced       27        4        2          256     16777216    13093208.970   8589934592  14495514624        0.656        1.107
        long    coalesced       27        4        2          512     16777216    14547948.516  17179869184  28991029248        1.181        1.993
        long    coalesced       27        4        2         1024      8388608     8034817.860  17179869184  28991029248        2.138        3.608
        long    coalesced       27        4        2         2048      4194304     4454466.380  17179869184  28991029248        3.857        6.508
        long    coalesced       27        4        2         4096      2097152     2518237.844  17179869184  28991029248        6.822       11.512
        long    coalesced       27        4        2         8192      1048576     1584382.089  17179869184  28991029248       10.843       18.298
        long    coalesced       27        4        2        16384       524288     1149455.685  17179869184  28991029248       14.946       25.222
        long    coalesced       27        4        2        32768       262144      909683.672  17179869184  28991029248       18.886       31.869
        long    coalesced       27        4        2        65536       131072      775110.969  17179869184  28991029248       22.164       37.402
        long    coalesced       27        4        2       131072        65536      710361.148  17179869184  28991029248       24.185       40.812
        long    coalesced       27        4        2       262144        32768      678434.585  17179869184  28991029248       25.323       42.732
        long    coalesced       27        4        2       524288        16384      660640.239  17179869184  28991029248       26.005       43.883
        long    coalesced       27        4        2      1048576         8192      652355.481  17179869184  28991029248       26.335       44.441
        long    coalesced       27        4        2      2097152         4096      648188.825  17179869184  28991029248       26.504       44.726
        long    coalesced       27        4        2      4194304         2048      646080.076  17179869184  28991029248       26.591       44.872
        long    coalesced       27        4        2      8388608         1024      645030.864  17179869184  28991029248       26.634       44.945
        long    coalesced       27        4        2     16777216          512      644572.951  17179869184  28991029248       26.653       44.977
        long    coalesced       27        4        2     33554432          256      644339.322  17179869184  28991029248       26.663       44.993
        long    coalesced       27        4        2     67108864          128      644207.085  17179869184  28991029248       26.668       45.003
        long    coalesced       27        4        2    134217728           64      644140.496  17179869184  28991029248       26.671       45.007
        long    coalesced       27        4        2    268435456           32      644084.018  17179869184  28991029248       26.673       45.011
        long    coalesced       27        4        2    536870912           16      644037.724  17179869184  28991029248       26.675       45.014
        long    coalesced       27        4        2   1073741824            8      644047.563  17179869184  28991029248       26.675       45.014
        long    coalesced       27        4        2   2147483648            4      644126.384  17179869184  28991029248       26.672       45.008
        long    coalesced       27        4        2   4294967296            2      644046.842  17179869184  28991029248       26.675       45.014
        long    coalesced       27        4        2   8588886016            1      643957.511  17177772032  28987490304       26.675       45.015
