0 6.71373 8.6e-08 20.5
0 9.60892 2.89519 20.5
0 11.0516 4.33786 20.5
0 12.5025 5.78879 20.5
0 13.9449 7.23119 20.5
1 15.3896 1.28e-07 20.5
1 16.846 1.45642 20.5
1 18.2882 2.89859 20.5
1 19.7298 4.34019 20.5
1 21.1821 5.79253 20.5
1 22.6252 7.23566 20.5
2 24.0687 7.1e-08 20.5
2 25.5187 1.44997 20.5
2 26.9622 2.89351 20.5
2 28.4052 4.33646 20.5
2 29.8715 5.80282 20.5
2 31.3265 7.25778 20.5
3 32.7838 7e-08 20.5
3 34.2355 1.45169 20.5
3 35.6847 2.90083 20.5
3 37.1452 4.36133 20.5
3 38.5934 5.80954 20.5
3 40.0495 7.26567 20.5
3 41.4971 8.71322 20.5
4 42.9515 6.9e-08 20.5
4 44.4071 1.45558 20.5
4 45.8504 2.89883 20.5
4 47.2991 4.34755 20.5
4 48.7637 5.81213 20.5
4 50.212 7.2605 20.5
4 51.6635 8.71199 20.5
4 53.1122 10.1607 20.5
5 54.5712 9.5e-08 20.5
5 56.0277 1.45648 20.5
5 57.4711 2.89988 20.5
5 58.9149 4.34369 20.5
5 60.3719 5.80066 20.5
5 61.8257 7.25448 20.5
5 63.2827 8.71145 20.5
5 64.7362 10.165 20.5
5 66.1798 11.6086 20.5
6 67.6317 8.1e-08 20.5
6 69.0753 1.44357 20.5
6 70.5243 2.89263 20.5
6 71.9902 4.3585 20.5
6 73.4382 5.80649 20.5
6 74.8953 7.26363 20.5
6 76.3591 8.72742 20.5
6 77.8082 10.1764 20.5
6 79.2701 11.6384 20.5
6 80.7178 13.0861 20.5
6 82.1689 14.5371 20.5
7 83.6116 7.9e-08 20.5
7 85.0545 1.44283 20.5
7 86.522 2.91035 20.5
7 87.9754 4.36375 20.5
7 89.4192 5.80759 20.5
7 90.8822 7.27053 20.5
7 92.3264 8.71471 20.5
7 93.7832 10.1715 20.5
7 95.2302 11.6185 20.5
7 96.6743 13.0627 20.5
7 98.143 14.5314 20.5
7 99.5947 15.9831 20.5
7 101.041 17.4298 20.5
8 102.499 7.6e-08 20.5
8 103.942 1.44336 20.5
8 105.393 2.89489 20.5
8 106.842 4.34318 20.5
8 108.285 5.78672 20.5
8 109.743 7.24436 20.5
8 111.187 8.68797 20.5
8 112.636 10.1375 20.5
8 114.088 11.5898 20.5
8 115.538 13.0393 21
9 116.981 7.6e-08 21
9 118.437 1.4559 21
9 119.88 2.89921 21
9 121.336 4.35568 21
9 122.78 5.79923 21
9 124.239 7.25864 21
9 125.691 8.71081 21
10 127.14 7.2e-08 21
10 128.583 1.4434 21
10 130.046 2.90606 21
10 131.49 4.35001 21
10 132.941 5.80112 21
10 134.383 7.24306 21
11 135.832 8e-08 21
11 137.29 1.45817 21
11 138.744 2.91258 21
11 140.188 4.35666 21
11 141.647 5.81531 21
12 143.083 8.1e-08 21
12 144.543 1.4607 21
12 145.986 2.90345 21
12 147.432 4.34906 21
12 148.882 5.79889 21
13 150.346 7.4e-08 21
13 151.788 1.44179 21
13 153.239 2.89239 21
13 154.682 4.33573 21
13 156.124 5.77755 21
14 157.575 6.7e-08 21
14 159.018 1.44305 21
14 160.48 2.90503 21
14 161.924 4.34908 21
14 163.368 5.79306 21
15 164.82 6.5e-08 21
15 166.264 1.44359 21
15 167.722 2.90194 21
15 169.174 4.35362 21
15 170.617 5.79686 21
16 172.06 7.8e-08 21
16 173.51 1.44988 21
16 174.964 2.90397 21
16 176.416 4.35575 21
16 177.865 5.80491 21
17 179.308 7.6e-08 21
17 180.758 1.44991 21
17 182.2 2.89194 21
17 183.665 4.35638 21
17 185.116 5.80831 21
18 186.572 9.8e-08 21
18 188.006 1.43433 21
18 189.466 2.89391 21
18 190.907 4.33519 21
18 192.356 5.7842 21
19 193.804 8.5e-08 21
19 195.248 1.44398 21
19 196.705 2.90115 21
19 198.149 4.3452 21
19 199.594 5.7895 21
20 201.046 7.2e-08 21
20 202.494 1.44847 21
20 203.938 2.89265 21
20 205.396 4.35071 21
20 206.846 5.7998 21
21 208.297 6.9e-08 21
21 209.746 1.44876 21
21 211.189 2.89188 21
21 212.646 4.34913 21
21 214.089 5.79258 21
22 215.543 8.6e-08 21
22 216.994 1.45131 21
22 218.454 2.91076 21
22 219.905 4.36209 21
22 221.348 5.80559 21
23 222.791 1.19e-07 21
23 224.242 1.45152 21
23 225.686 2.89523 21
23 227.129 4.33872 21
23 228.585 5.79478 21
24 230.029 7.7e-08 21
24 231.481 1.45195 21
24 232.932 2.90334 21
24 234.392 4.36268 21
24 235.843 5.81397 21
25 237.294 7.1e-08 21
25 238.735 1.44165 21
25 240.198 2.90455 21
25 241.64 4.34619 21
25 243.082 5.78854 21
26 244.534 8.4e-08 21
26 245.975 1.44168 21
26 247.419 2.88571 21
26 248.87 4.33671 21
26 250.313 5.77916 21
27 251.756 9.4e-08 21
27 253.212 1.4559 21
27 254.666 2.90942 21
27 256.117 4.36053 21
27 257.559 5.80282 22
28 259.302 1.6e-07 21
28 260.749 1.44627 21
28 262.191 2.88813 21
28 263.652 4.35003 21
28 265.097 5.79426 21
29 268.442 1.54e-07 21
29 269.881 1.43976 21
29 271.324 2.88202 21
29 272.774 4.33274 21
29 274.218 5.77626 21
30 279.57 1.66e-07 21
30 281.009 1.43909 21
30 282.452 2.88158 21
30 283.908 4.33783 21
30 285.352 5.78122 21
31 295.401 1.54e-07 21
31 296.843 1.44154 21
31 298.293 2.89156 21
31 299.735 4.33331 21
31 301.185 5.78392 21
