0 6.46703 9.7e-08 23
0 9.36435 2.89732 23
0 10.8063 4.33928 23
0 12.2578 5.79077 23
0 13.7028 7.2358 23
0 15.1457 8.67869 23
0 16.6051 10.1381 23
0 18.0498 11.5828 23
0 19.4925 13.0255 23
0 20.9445 14.4775 23
0 22.3892 15.9222 23
0 23.8319 17.3648 23
0 25.2829 18.8159 23
0 26.7266 20.2596 23
0 28.1692 21.7021 23
0 29.621 23.154 23
0 31.0653 24.5983 23
0 32.5095 26.0424 23
0 33.9712 27.5041 23
0 35.4109 28.9439 23
0 36.8539 30.3869 23
0 38.3044 31.8374 23
0 39.7479 33.2809 23
0 41.1994 34.7324 23
1 42.643 9.7e-08 23
1 44.0869 1.44384 23
1 45.5397 2.89667 23
1 46.9841 4.34103 23
1 48.4285 5.78544 23
1 49.8861 7.24306 23
1 51.3229 8.67988 23
1 52.7656 10.1226 23
1 54.2227 11.5796 23
1 55.6667 13.0237 23
1 57.1107 14.4676 23
1 58.563 15.92 23
1 60.0065 17.3634 23
1 61.4496 18.8066 23
1 62.9001 20.2571 23
1 64.3431 21.7001 23
1 65.7874 23.1444 23
1 67.2395 24.5965 23
1 68.6837 26.0406 23
1 70.1279 27.4848 23
1 71.586 28.9429 23
1 73.0292 30.3861 23
1 74.4658 31.8228 23
1 75.9225 33.2795 23
1 77.3654 34.7223 23
2 78.8166 7.9e-08 23
2 80.2598 1.44314 23
2 81.7029 2.8863 23
2 83.1537 4.33704 23
2 84.5971 5.78045 23
2 86.0412 7.2246 23
2 87.4935 8.67688 23
2 88.9375 10.1209 23
2 90.3856 11.569 23
2 91.8326 13.016 23
2 93.2752 14.4585 23
2 94.7181 15.9015 23
2 96.176 17.3593 23
2 97.6203 18.8036 23
2 99.065 20.2483 23
2 100.521 21.7049 23
2 101.962 23.1451 23
2 103.406 24.5894 23
2 104.862 26.0459 23
2 106.302 27.4851 23
2 107.748 28.9318 23
2 109.195 30.3784 23
2 110.643 31.8266 23
2 112.083 33.2665 23
2 113.542 34.725 23
2 114.986 36.1696 23
3 116.438 6.4e-08 23
3 117.883 1.44427 23
3 119.327 2.88858 23
3 120.778 4.33975 23
3 122.225 5.78655 23
3 123.664 7.22579 23
3 125.116 8.67774 23
3 126.56 10.1221 23
3 128.005 11.5669 23
3 129.464 13.0256 23
3 130.908 14.47 23
3 132.352 15.914 23
3 133.804 17.3658 23
3 135.247 18.8091 23
3 136.694 20.256 23
3 138.141 21.7031 23
3 139.585 23.1468 23
3 141.029 24.5909 23
3 142.481 26.0432 23
3 143.926 27.4875 23
3 145.37 28.9316 23
3 146.828 30.3899 23
3 148.272 31.8337 23
3 149.715 33.2767 23
3 151.166 34.7275 23
4 152.609 8.1e-08 23
4 154.061 1.45172 23
4 155.509 2.89964 23
4 156.948 4.33926 23
4 158.4 5.79082 23
4 159.843 7.23402 23
4 161.285 8.67646 23
4 162.737 10.1279 23
4 164.181 11.5716 23
4 165.625 13.0161 23
4 167.083 14.4741 23
4 168.527 15.918 23
4 169.971 17.3617 23
4 171.422 18.8132 23
4 172.865 20.2561 23
4 174.307 21.6978 23
4 175.758 23.149 23
4 177.202 24.5933 23
4 178.646 26.0373 23
4 180.099 27.4899 23
4 181.543 28.9337 23
4 182.986 30.3768 23
4 184.436 31.8274 23
4 185.879 33.2703 23
4 187.327 34.7184 23
4 188.781 36.1718 23
4 190.225 37.6161 23
5 191.678 9.2e-08 23
5 193.122 1.44426 23.5
5 194.566 2.88835 23.5
5 196.017 4.33944 23
5 197.459 5.78185 23
5 198.903 7.22527 23
5 200.355 8.67716 23.5
5 201.799 10.1209 23.5
5 203.243 11.5654 23.5
5 204.701 13.0237 23
5 206.146 14.468 23
5 207.59 15.9126 23
5 209.042 17.3643 23
5 210.486 18.8083 23.5
5 211.929 20.2509 23
5 213.379 21.7016 23
5 214.823 23.1452 23
5 216.267 24.5896 23
5 217.719 26.0416 23.5
5 219.163 27.4856 23.5
5 220.608 28.9299 23.5
5 222.065 30.3876 23
5 223.508 31.8308 23
5 224.949 33.2717 23.5
5 226.402 34.7243 23.5
5 227.846 36.1681 23.5
5 229.297 37.6196 23
5 230.741 39.0637 23.5
6 232.185 7.5e-08 23.5
6 233.637 1.45161 23.5
6 235.079 2.89368 23.5
6 236.521 4.33611 23.5
6 237.973 5.78747 23.5
6 239.416 7.23117 23.5
6 240.86 8.67504 23.5
6 242.318 10.1323 23.5
6 243.754 11.569 23.5
6 245.196 13.0112 23.5
6 246.653 14.4683 23.5
6 248.097 15.9122 23.5
6 249.541 17.3562 23.5
6 250.993 18.8078 23.5
6 252.437 20.2513 23.5
7 253.879 7.3e-08 23.5
7 255.329 1.44998 23.5
7 256.772 2.89299 23.5
7 258.215 4.33587 23.5
7 259.666 5.78664 23.5
7 261.108 7.22898 23.5
7 262.55 8.67067 23.5
7 264.001 10.1219 23.5
8 265.444 9.7e-08 23.5
8 266.888 1.44383 23.5
8 268.346 2.9016 23.5
8 269.789 4.34501 23.5
8 271.226 5.78185 24
9 272.683 7.5e-08 24
9 274.127 1.44346 24
9 275.579 2.8953 24
10 277.023 7.5e-08 24
10 278.467 1.44363 24.5
11 279.919 7.1e-08 24.5
11 281.368 1.44858 24.5
12 282.809 7.5e-08 24.5
12 284.266 1.4573 24.5
13 285.71 5.9e-08 24.5
14 287.147 8.1e-08 24.5
15 288.602 6.5e-08 24.5
15 290.046 1.44352 24.5
16 291.489 8.2e-08 24.5
17 292.941 6.9e-08 24.5
17 294.385 1.44418 24.5
18 295.829 6.4e-08 24.5
19 297.28 8.3e-08 24.5
19 298.722 1.44261 24.5
20 300.167 7e-08 24.5
21 301.618 6.5e-08 24.5
22 303.163 1.67e-07 24.5
22 304.602 1.43926 24.5
23 306.045 6e-08 24.5
24 307.597 1.63e-07 24.5
24 309.031 1.43427 24.5
25 310.488 7.5e-08 24.5
25 311.937 1.44885 23.5
26 313.38 8.7e-08 24.5
26 314.832 1.45107 23.5
27 317.276 1.57e-07 24.5
27 318.732 1.4557 23.5
28 323.378 1.63e-07 24.5
28 324.827 1.4488 23.5
29 334.075 1.16e-07 24.5
29 335.517 1.44202 23.5
