0 6.36943 7.1e-08 21
0 9.2608 2.89137 21
0 10.7037 4.33429 21
0 12.1636 5.79414 21
0 13.6064 7.237 21
0 15.0552 8.68581 21
0 16.5013 10.1319 21
0 17.9448 11.5754 21
0 19.3966 13.0271 21
0 20.8366 14.4672 21
0 22.2815 15.9121 21
0 23.7381 17.3686 21
0 25.1816 18.8121 21
0 26.6252 20.2557 21
0 28.0747 21.7053 21
0 29.5177 23.1483 21
0 30.9614 24.5919 21
0 32.4115 26.0421 21
1 33.8553 8.6e-08 21
1 35.298 1.44264 21
1 36.7534 2.89805 21
1 38.2139 4.35859 21
1 39.6713 5.81596 21
1 41.1303 7.27496 21
1 42.5785 8.72316 21
1 44.0477 10.1924 21
1 45.506 11.6507 21
1 46.9728 13.1175 21
1 48.4215 14.5661 21
1 49.8653 16.01 21
1 51.3228 17.4675 21
1 52.7819 18.9266 21
1 54.2493 20.394 21
1 55.6975 21.8422 21
1 57.1441 23.2888 21
1 58.5958 24.7405 21
2 60.0399 9.4e-08 21
2 61.4843 1.44434 21
2 62.9518 2.91187 21
2 64.4005 4.36061 21
2 65.8622 5.82227 21
2 67.3211 7.28118 21
2 68.7628 8.72286 21
2 70.2239 10.184 21
2 71.6706 11.6307 21
2 73.1211 13.0812 21
2 74.569 14.5291 21
2 76.0152 15.9753 21
2 77.4775 17.4376 21
2 78.9256 18.8856 21
2 80.3664 20.3265 21
2 81.8259 21.786 21
2 83.2848 23.2449 21
2 84.7408 24.7008 21
3 86.1818 1.13e-07 21
3 87.624 1.4422 21
3 89.0749 2.89317 21
3 90.5184 4.33668 21
3 91.9618 5.78004 21
3 93.4331 7.25138 21
3 94.8888 8.70702 21
3 96.3274 10.1456 21
3 97.7891 11.6073 21
3 99.235 13.0532 21
3 100.695 14.5135 21
3 102.138 15.9558 21
3 103.596 17.414 21
3 105.047 18.8649 21
3 106.494 20.3123 21
3 107.935 21.7531 21
3 109.396 23.2141 21
3 110.837 24.6554 21
4 112.273 1.11e-07 21
4 113.729 1.4557 21
4 115.171 2.89739 21
4 116.621 4.3478 21
4 118.065 5.79143 21
4 119.513 7.23956 21
4 120.962 8.68861 21
4 122.421 10.1481 21
4 123.873 11.5994 21
4 125.321 13.0479 21
4 126.77 14.4971 21
4 128.212 15.9391 21
4 129.686 17.4123 21
4 131.126 18.853 21
4 132.592 20.3189 21
4 134.035 21.7618 21
4 135.478 23.2049 21
4 136.935 24.6618 21
4 138.379 26.106 21
4 139.83 27.5565 21
4 141.285 29.0114 21
5 142.728 9.1e-08 21
5 144.178 1.44997 21
5 145.624 2.89556 21
5 147.064 4.3353 21
5 148.515 5.78627 21
5 149.979 7.25049 21
5 151.421 8.69267 21
5 152.872 10.1438 21
5 154.319 11.5908 21
5 155.76 13.0313 21
5 157.209 14.4805 21
5 158.663 15.9346 21
5 160.099 17.3705 21
5 161.56 18.8318 21
5 163.004 20.2751 21
5 164.453 21.7249 21
5 165.904 23.176 21
5 167.347 24.6186 21
5 168.804 26.0753 21
5 170.258 27.5291 21
5 171.701 28.9727 21
6 173.152 1.01e-07 21
6 174.607 1.45499 21
6 176.049 2.89727 21
6 177.504 4.35139 21
6 178.948 5.79564 21
6 180.4 7.24775 21
6 181.844 8.69195 21
6 183.287 10.1354 21
6 184.745 11.5931 21
6 186.189 13.0369 21
6 187.633 14.4806 21
6 189.085 15.9329 21
6 190.534 17.3818 21
6 191.978 18.8258 21
6 193.441 20.2886 21
6 194.884 21.732 21
6 196.341 23.1887 21
6 197.784 24.6319 21
6 199.25 26.0977 21
6 200.701 27.5487 21
6 202.144 28.9914 21
6 203.587 30.4349 21
6 205.039 31.8866 21
7 206.481 9.1e-08 21
7 207.942 1.46103 21
7 209.387 2.9052 21
7 210.836 4.35446 21
7 212.287 5.80563 21
7 213.731 7.24934 21
7 215.173 8.69164 21
7 216.63 10.1487 21
7 218.073 11.5911 21
7 219.516 13.0343 21
7 220.978 14.4962 21
7 222.421 15.9401 21
7 223.866 17.3845 21
7 225.333 18.8517 21
7 226.778 20.2961 21
7 228.237 21.7557 21
7 229.672 23.1902 21
7 231.125 24.644 21
7 232.577 26.0953 21
7 234.019 27.5379 21
7 235.46 28.9791 21
7 236.915 30.4341 21
7 238.358 31.8763 21
7 239.799 33.3173 21
7 241.259 34.778 21
7 242.695 36.2132 21.5
8 244.155 8e-08 21.5
8 245.596 1.44156 21.5
8 247.038 2.88321 21.5
8 248.488 4.33371 21.5
8 249.931 5.77619 21.5
8 251.374 7.21959 21.5
8 252.825 8.66985 21.5
8 254.288 10.1332 21.5
8 255.73 11.5751 21.5
8 257.181 13.0261 21.5
8 258.623 14.4681 21.5
8 260.066 15.9113 21.5
8 261.529 17.374 21.5
8 262.972 18.8169 21.5
8 264.407 20.2525 21.5
9 265.867 7.6e-08 21.5
9 267.309 1.44154 21.5
9 268.76 2.89305 21.5
9 270.2 4.33266 21.5
9 271.642 5.77425 21.5
9 273.108 7.24051 21.5
9 274.55 8.68254 21.5
9 275.992 10.1249 21.5
9 277.452 11.5844 21.5
9 278.893 13.0253 21.5
10 280.335 1.01e-07 21.5
10 281.791 1.45614 21.5
10 283.232 2.89722 21.5
10 284.674 4.3389 21.5
10 286.13 5.7953 21.5
10 287.573 7.23809 21.5
10 289.024 8.6892 21.5
10 290.473 10.1382 21.5
11 291.914 8e-08 21.5
11 293.38 1.46604 21.5
11 294.823 2.90835 21.5
11 296.274 4.3597 21.5
11 297.723 5.80878 21.5
11 299.172 7.25738 21.5
12 300.614 8.7e-08 21.5
12 302.073 1.45896 21.5
12 303.514 2.90005 21.5
12 304.97 4.3557 21.5
12 306.41 5.79648 21.5
12 307.853 7.23862 21.5
13 309.319 8.2e-08 21.5
13 310.761 1.44241 21.5
13 312.212 2.89291 21.5
13 313.658 4.33936 21.5
13 315.106 5.78686 21.5
14 316.547 7.1e-08 21.5
14 317.999 1.45176 21.5
14 319.439 2.89182 21.5
14 320.881 4.33458 21.5
14 322.354 5.80662 21.5
15 323.795 9.4e-08 21.5
15 325.246 1.45021 21.5
15 326.688 2.89281 21.5
15 328.136 4.34039 21.5
15 329.591 5.79531 21.5
16 331.033 9.5e-08 21.5
16 332.481 1.44798 21.5
16 333.93 2.89759 22
16 335.374 4.3412 21.5
16 336.814 5.78183 21.5
17 338.286 7.7e-08 21.5
17 339.727 1.44077 21.5
17 341.177 2.89067 21.5
17 342.625 4.33878 21.5
17 344.066 5.77997 21.5
18 345.524 7.5e-08 21.5
18 346.959 1.4352 21.5
18 348.413 2.88889 21.5
18 349.863 4.33912 22
18 351.307 5.78284 22
19 352.747 1.01e-07 22
19 354.197 1.45043 21.5
19 355.644 2.89719 21.5
19 357.085 4.33782 21.5
19 358.535 5.78773 22
20 359.994 7.9e-08 22
20 361.445 1.45134 21.5
20 362.888 2.89412 21.5
20 364.335 4.34187 21.5
20 365.786 5.79224 22
21 367.239 1.15e-07 22
21 368.674 1.43518 21.5
21 370.13 2.89044 21.5
21 371.571 4.33189 21.5
21 373.029 5.78979 21.5
22 374.479 7.1e-08 22
22 375.937 1.45805 22
22 377.387 2.90824 21.5
22 378.835 4.35625 21.5
22 380.277 5.79811 21.5
23 381.732 1e-07 22
23 383.173 1.44086 22
23 384.616 2.88347 22
23 386.072 4.34024 22
23 387.515 5.78287 21.5
23 388.972 7.23932 22
24 390.418 1.1e-07 22
24 391.859 1.44119 22
24 393.3 2.88214 22
24 394.75 4.33207 21.5
24 396.204 5.78619 21.5
25 397.64 1.46e-07 21.5
25 399.095 1.45482 22
25 400.538 2.89743 22
25 401.999 4.35862 21.5
25 403.442 5.80128 21.5
26 404.884 6.6e-08 21.5
26 406.35 1.46588 22
26 407.792 2.90714 22
26 409.239 4.35436 22
26 410.688 5.8035 21.5
27 412.135 1.2e-07 21.5
27 413.576 1.44132 22
27 415.029 2.89358 22
27 416.468 4.33301 22
27 417.911 5.7762 21.5
28 420.069 1.28e-07 22
28 421.509 1.44021 22
28 422.959 2.8904 21.5
28 424.401 4.33285 21.5
28 425.844 5.77577 21.5
28 427.301 7.2323 23
29 429.444 1.56e-07 21.5
29 430.885 1.44121 22
29 432.338 2.89388 22
29 433.778 4.33431 22
29 435.22 5.77629 22
30 440.588 1.54e-07 22
30 442.029 1.44076 22
30 443.478 2.88932 22
30 444.921 4.3324 21.5
30 446.363 5.77505 22
31 455.82 1.09e-07 22
31 457.264 1.44355 21.5
31 458.714 2.89368 21.5
31 460.157 4.33672 21.5
31 461.599 5.77887 22
