0 3.35643 1.46e-07 21
0 6.25753 2.90111 21
0 7.70062 4.34419 21
0 9.14267 5.78624 21
0 10.5924 7.23602 21
0 12.0359 8.67947 21
0 13.4778 10.1214 21
1 14.9306 8.3e-08 21
1 16.3737 1.44311 21
1 17.821 2.89039 21
1 19.2717 4.34111 21
1 20.7185 5.78786 21
1 22.1705 7.23989 21
1 23.6257 8.69514 21
1 25.0699 10.1393 21
2 26.5219 8.8e-08 21
2 27.9721 1.45016 21
2 29.4165 2.89459 21
2 30.8803 4.35837 21
2 32.3234 5.80142 21
2 33.7728 7.25083 21
2 35.2145 8.69258 21
2 36.6576 10.1357 21
3 38.1086 1.15e-07 21
3 39.5517 1.4431 21
3 41.0047 2.89614 21
3 42.4574 4.34875 21
3 43.9066 5.79798 21
3 45.3509 7.24234 21
3 46.8092 8.70062 21
3 48.2583 10.1497 21
4 49.7108 7.1e-08 21
4 51.1551 1.44426 21
4 52.5988 2.88803 21
4 54.0637 4.35293 21
4 55.5063 5.79549 21
4 56.9559 7.24506 21
4 58.4142 8.70335 21
4 59.8586 10.1478 21
4 61.311 11.6002 21.5
5 62.7545 7.9e-08 21.5
5 64.1977 1.44312 21.5
5 65.6579 2.9034 21.5
5 67.1025 4.34792 21.5
5 68.5461 5.79161 21.5
6 70.0001 9.5e-08 21.5
6 71.442 1.44189 21.5
6 72.8849 2.88484 21.5
7 74.3464 7.3e-08 21.5
7 75.7899 1.44347 21.5
8 77.2418 7.2e-08 21.5
9 78.6856 5.6e-08 22
10 80.1297 7e-08 22.5
11 81.5806 5e-08 22.5
12 83.024 6.8e-08 22.5
14 84.4783 7.2e-08 22.5
16 85.9304 6.6e-08 22.5
17 87.3739 5.2e-08 22.5
19 88.8171 6.8e-08 22.5
20 90.2681 5.1e-08 22.5
22 91.7109 6.9e-08 22.5
23 93.1606 5.1e-08 22.5
24 94.6115 7.3e-08 22.5
25 96.0547 5.6e-08 21.5
26 97.5043 8.1e-08 21.5
27 100.747 1.62e-07 21.5
28 106.195 1.06e-07 21.5
