0 3.36519 7.1e-08 22.5
0 6.25888 2.89369 22.5
0 7.70543 4.34024 22.5
0 9.16038 5.7952 22.5
0 10.6069 7.24171 22.5
0 12.0586 8.69346 22.5
0 13.5019 10.1367 22.5
0 14.9451 11.5799 22.5
0 16.3949 13.0297 22.5
0 17.8697 14.5045 22.5
0 19.3161 15.9509 22.5
0 20.7823 17.4171 22.5
0 22.2252 18.86 22.5
0 23.6762 20.3111 22.5
0 25.1197 21.7545 22.5
1 26.5611 8.9e-08 22.5
1 28.028 1.46696 22.5
1 29.4715 2.91045 22.5
1 30.9146 4.35355 22.5
1 32.3809 5.81983 22.5
1 33.8349 7.27384 22.5
1 35.307 8.74589 22.5
1 36.7611 10.2 22.5
1 38.2051 11.6441 22.5
1 39.6783 13.1172 22.5
1 41.126 14.5649 22.5
1 42.5835 16.0224 22.5
1 44.0425 17.4814 22.5
1 45.4843 18.9232 22.5
1 46.9356 20.3745 22.5
2 48.3787 9e-08 22.5
2 49.8418 1.46313 22.5
2 51.2965 2.9178 22.5
2 52.7529 4.37422 22.5
2 54.2196 5.84095 22.5
2 55.6596 7.28099 22.5
2 57.1194 8.74071 22.5
2 58.5611 10.1824 22.5
2 60.015 11.6363 22.5
2 61.4662 13.0875 22.5
2 62.9098 14.5311 22.5
2 64.3531 15.9745 22.5
2 65.8204 17.4417 22.5
2 67.2636 18.885 22.5
2 68.7071 20.3284 22.5
3 70.1573 6.8e-08 22.5
3 71.6006 1.44332 22.5
3 73.0488 2.89153 22.5
3 74.5002 4.34289 22.5
3 75.9426 5.78524 22.5
3 77.3941 7.23677 22.5
3 78.8363 8.67896 22.5
3 80.2799 10.1226 22.5
3 81.7511 11.5938 22.5
3 83.1953 13.038 22.5
3 84.6397 14.4824 22.5
3 86.1083 15.951 22.5
3 87.5527 17.3954 22.5
3 89.3572 19.1999 22.5
3 90.8014 20.6441 22.5
4 92.2596 7e-08 22.5
4 93.7031 1.44355 22.5
4 95.1595 2.89993 23
4 96.6031 4.34351 23
4 98.047 5.78739 23
4 99.5048 7.24518 22.5
4 100.947 8.6877 22.5
4 102.392 10.1323 23
5 103.843 6.4e-08 23
5 105.287 1.44367 23
5 106.73 2.88702 23
5 108.182 4.33861 23
6 109.624 7.6e-08 23
6 111.068 1.44374 23
6 112.525 2.90105 23
7 113.967 5.3e-08 23.5
8 115.431 1.18e-07 24.5
10 116.871 6.4e-08 25
13 118.314 4.8e-08 25
16 119.771 2.48e-07 25.5
19 121.213 6.4e-08 23
22 122.656 5.9e-08 23
24 124.107 5.7e-08 23
25 125.751 1.9e-07 23
26 128.594 1.6e-07 23
27 133.654 1.56e-07 23
