        type trial_config ert_flop   unroll  buffers        nsize       trials       microsecs        bytes        flops         GB/s         GF/s
      double    coalesced        1        1        1            8     16777216     6667603.080    268435456     16777216        0.040        0.003
      double    coalesced        1        1        1           16     16777216     6891253.290    536870912     33554432        0.078        0.005
      double    coalesced        1        1        1           32     16777216     7274124.688   1073741824     67108864        0.148        0.009
      double    coalesced        1        1        1           64     16777216     7795824.060   2147483648    134217728        0.275        0.017
      double    coalesced        1        1        1          128     16777216     9352303.863   4294967296    268435456        0.459        0.029
      double    coalesced        1        1        1          256     16777216    10910946.087   8589934592    536870912        0.787        0.049
      double    coalesced        1        1        1          512      8388608     7274091.008   8589934592    536870912        1.181        0.074
      double    coalesced        1        1        1         1024      4194304     4515126.929   8589934592    536870912        1.902        0.119
      double    coalesced        1        1        1         2048      2097152     3273584.192   8589934592    536870912        2.624        0.164
      double    coalesced        1        1        1         4096      1048576     2584452.233   8589934592    536870912        3.324        0.208
      double    coalesced        1        1        1         8192       524288     2232058.189   8589934592    536870912        3.848        0.241
      double    coalesced        1        1        1        16384       262144     2046054.967   8589934592    536870912        4.198        0.262
      double    coalesced        1        1        1        32768       131072     1982153.427   8589934592    536870912        4.334        0.271
      double    coalesced        1        1        1        65536        65536     1932388.335   8589934592    536870912        4.445        0.278
      double    coalesced        1        1        1       131072        32768     1909643.361   8589934592    536870912        4.498        0.281
      double    coalesced        1        1        1       262144        16384     1902224.860   8589934592    536870912        4.516        0.282
      double    coalesced        1        1        1       524288         8192     1894252.864   8589934592    536870912        4.535        0.283
      double    coalesced        1        1        1      1048576         4096     1891569.609   8589934592    536870912        4.541        0.284
      double    coalesced        1        1        1      2097152         2048     1889930.778   8589934592    536870912        4.545        0.284
      double    coalesced        1        1        1      4194304         1024     1889442.583   8589934592    536870912        4.546        0.284
      double    coalesced        1        1        1      8388608          512     1889051.459   8589934592    536870912        4.547        0.284
      double    coalesced        1        1        1     16777216          256     1888918.524   8589934592    536870912        4.548        0.284
      double    coalesced        1        1        1     33554432          128     1888850.049   8589934592    536870912        4.548        0.284
      double    coalesced        1        1        1     67108864           64     1888788.846   8589934592    536870912        4.548        0.284
      double    coalesced        1        1        1    134217728           32     1888772.488   8589934592    536870912        4.548        0.284
      double    coalesced        1        1        1    268435456           16     1888755.121   8589934592    536870912        4.548        0.284
      double    coalesced        1        1        1    536870912            8     1888707.794   8589934592    536870912        4.548        0.284
      double    coalesced        1        1        1   1073741824            4     1888700.286   8589934592    536870912        4.548        0.284
      double    coalesced        1        1        1   2147483648            2     1888721.083   8589934592    536870912        4.548        0.284
      double    coalesced        1        1        1   4293918720            1     1888243.196   8587837440    536739840        4.548        0.284
