        type trial_config ert_flop   unroll  buffers        nsize       trials       microsecs        bytes        flops         GB/s         GF/s
       float    coalesced        1      512        2         4096      2097152     2338625.598  17179869184   2147483648        7.346        0.918
       float    coalesced        1      512        2         8192      1048576     1679044.818  17179869184   2147483648       10.232        1.279
       float    coalesced        1      512        2        16384       524288     1364436.157  17179869184   2147483648       12.591        1.574
       float    coalesced        1      512        2        32768       262144     1227979.933  17179869184   2147483648       13.990        1.749
       float    coalesced        1      512        2        65536       131072     1067998.008  17179869184   2147483648       16.086        2.011
       float    coalesced        1      512        2       131072        65536      970979.294  17179869184   2147483648       17.693        2.212
       float    coalesced        1      512        2       262144        32768      921036.993  17179869184   2147483648       18.653        2.332
       float    coalesced        1      512        2       524288        16384      895595.508  17179869184   2147483648       19.183        2.398
       float    coalesced        1      512        2      1048576         8192      882855.679  17179869184   2147483648       19.459        2.432
       float    coalesced        1      512        2      2097152         4096      876432.890  17179869184   2147483648       19.602        2.450
       float    coalesced        1      512        2      4194304         2048      873419.165  17179869184   2147483648       19.670        2.459
       float    coalesced        1      512        2      8388608         1024      871825.634  17179869184   2147483648       19.706        2.463
       float    coalesced        1      512        2     16777216          512      871117.247  17179869184   2147483648       19.722        2.465
       float    coalesced        1      512        2     33554432          256      870727.656  17179869184   2147483648       19.730        2.466
       float    coalesced        1      512        2     67108864          128      870518.609  17179869184   2147483648       19.735        2.467
       float    coalesced        1      512        2    134217728           64      870447.493  17179869184   2147483648       19.737        2.467
       float    coalesced        1      512        2    268435456           32      870365.370  17179869184   2147483648       19.739        2.467
       float    coalesced        1      512        2    536870912           16      870321.301  17179869184   2147483648       19.740        2.467
       float    coalesced        1      512        2   1073741824            8      870333.656  17179869184   2147483648       19.739        2.467
       float    coalesced        1      512        2   2147483648            4      870435.622  17179869184   2147483648       19.737        2.467
       float    coalesced        1      512        2   4294967296            2      870353.746  17179869184   2147483648       19.739        2.467
       float    coalesced        1      512        2   8588886016            1      870203.268  17177772032   2147221504       19.740        2.467
