        type trial_config ert_flop   unroll  buffers        nsize       trials       microsecs        bytes        flops         GB/s         GF/s
       float    coalesced        4        1        1            4     16777216     5951406.662    134217728     67108864        0.023        0.011
       float    coalesced        4        1        1            8     16777216     6234793.070    268435456    134217728        0.043        0.022
       float    coalesced        4        1        1           16     16777216     6546490.519    536870912    268435456        0.082        0.041
       float    coalesced        4        1        1           32     16777216     7077272.423   1073741824    536870912        0.152        0.076
       float    coalesced        4        1        1           64     16777216     8183089.023   2147483648   1073741824        0.262        0.131
       float    coalesced        4        1        1          128     16777216    10071453.670   4294967296   2147483648        0.426        0.213
       float    coalesced        4        1        1          256     16777216    12670538.029   8589934592   4294967296        0.678        0.339
       float    coalesced        4        1        1          512      8388608     8183106.078   8589934592   4294967296        1.050        0.525
       float    coalesced        4        1        1         1024      4194304     5723865.096   8589934592   4294967296        1.501        0.750
       float    coalesced        4        1        1         2048      2097152     4581253.498   8589934592   4294967296        1.875        0.938
       float    coalesced        4        1        1         4096      1048576     4091634.711   8589934592   4294967296        2.099        1.050
       float    coalesced        4        1        1         8192       524288     3690544.071   8589934592   4294967296        2.328        1.164
       float    coalesced        4        1        1        16384       262144     3580197.966   8589934592   4294967296        2.399        1.200
       float    coalesced        4        1        1        32768       131072     3477902.850   8589934592   4294967296        2.470        1.235
       float    coalesced        4        1        1        65536        65536     3375569.967   8589934592   4294967296        2.545        1.272
       float    coalesced        4        1        1       131072        32768     3324493.331   8589934592   4294967296        2.584        1.292
       float    coalesced        4        1        1       262144        16384     3298860.001   8589934592   4294967296        2.604        1.302
       float    coalesced        4        1        1       524288         8192     3286078.295   8589934592   4294967296        2.614        1.307
       float    coalesced        4        1        1      1048576         4096     3279710.314   8589934592   4294967296        2.619        1.310
       float    coalesced        4        1        1      2097152         2048     3276490.048   8589934592   4294967296        2.622        1.311
       float    coalesced        4        1        1      4194304         1024     3274882.993   8589934592   4294967296        2.623        1.311
       float    coalesced        4        1        1      8388608          512     3274081.907   8589934592   4294967296        2.624        1.312
       float    coalesced        4        1        1     16777216          256     3273712.784   8589934592   4294967296        2.624        1.312
       float    coalesced        4        1        1     33554432          128     3273498.207   8589934592   4294967296        2.624        1.312
       float    coalesced        4        1        1     67108864           64     3273429.805   8589934592   4294967296        2.624        1.312
       float    coalesced        4        1        1    134217728           32     3273344.733   8589934592   4294967296        2.624        1.312
       float    coalesced        4        1        1    268435456           16     3273382.622   8589934592   4294967296        2.624        1.312
       float    coalesced        4        1        1    536870912            8     3273352.935   8589934592   4294967296        2.624        1.312
       float    coalesced        4        1        1   1073741824            4     3273331.856   8589934592   4294967296        2.624        1.312
       float    coalesced        4        1        1   2147483648            2     3273329.067   8589934592   4294967296        2.624        1.312
       float    coalesced        4        1        1   4293918720            1     3272531.181   8587837440   4293918720        2.624        1.312
