0 3.45397 1e-07 23.5
0 6.34391 2.88994 23.5
0 7.78719 4.33322 23.5
0 9.24167 5.7877 23.5
0 10.681 7.22698 23.5
0 12.1235 8.66948 23.5
0 13.5741 10.1201 23.5
0 15.0201 11.5661 23.5
0 16.4598 13.0058 23.5
0 17.9108 14.4568 23.5
0 19.3541 15.9002 23.5
0 20.798 17.3441 23.5
0 22.264 18.81 23.5
0 23.7294 20.2754 23.5
0 25.1886 21.7347 23.5
0 26.6319 23.178 23.5
0 28.0853 24.6314 23
0 29.5574 26.1034 23.5
0 31.0002 27.5462 23.5
0 32.4437 28.9897 23.5
0 33.9097 30.4558 23
0 35.3575 31.9036 23
0 36.8 33.3461 23
0 38.2721 34.8181 23.5
0 39.7303 36.2763 23
0 41.1816 37.7276 23
0 42.6351 39.1811 23
0 44.0929 40.639 23
0 45.544 42.09 23
0 47.0017 43.5477 23
0 48.4491 44.9952 23
0 49.8984 46.4444 23
0 51.3621 47.9081 23
0 52.8236 49.3696 23
0 54.267 50.813 23
0 55.7094 52.2555 23
0 57.1778 53.7238 23
0 58.6296 55.1757 23
0 60.0627 56.6087 23
0 61.5336 58.0796 23
0 62.9765 59.5225 23
0 64.4199 60.9659 23
0 65.8715 62.4176 23
0 67.3152 63.8613 23
0 68.7594 65.3054 23
0 70.233 66.779 23
0 71.677 68.223 23
0 73.1393 69.6853 23
0 74.5828 71.1289 23
0 76.027 72.573 23
0 77.4774 74.0234 23
0 78.9431 75.4891 23
0 80.3867 76.9327 23
0 81.839 78.385 23
0 83.2925 79.8386 23
0 84.7354 81.2814 23
0 86.1865 82.7325 23
0 87.6303 84.1764 23
0 89.0738 85.6199 23
0 90.5459 87.0919 23
0 91.9886 88.5346 23
0 93.4396 89.9856 23
0 94.8834 91.4294 23
0 96.3328 92.8788 23
0 97.7839 94.3299 23
0 99.2281 95.7741 23
0 100.672 97.2185 23
0 102.131 98.6766 23
1 103.567 1.48e-07 23
1 105.01 1.44259 23
1 106.467 2.89973 23
1 107.911 4.34357 23
1 109.354 5.78681 23
1 110.805 7.23777 23
1 112.249 8.6811 23
1 113.709 10.1419 23
1 115.159 11.5915 23
1 116.603 13.0354 23
1 118.052 14.4843 23
1 119.509 15.9415 23
1 120.953 17.3851 23
1 122.415 18.8473 23
1 123.858 20.2902 23
1 125.3 21.7324 23
1 126.751 23.184 23
1 128.195 24.6273 23
1 129.643 26.0756 23
1 131.1 27.5329 23
1 132.544 28.9762 23
1 133.987 30.4191 23
1 135.437 31.8697 23
1 136.88 33.3125 23
1 138.323 34.756 23
1 139.775 36.2075 23
1 141.228 37.6605 23
1 142.671 39.1032 23
1 144.122 40.5544 23
1 145.566 41.9983 23
1 147.01 43.4424 23
1 148.482 44.915 23
1 149.925 46.3581 23
1 151.377 47.8093 23
1 152.82 49.2527 23
1 154.262 50.6949 23
1 155.713 52.1454 23
1 157.155 53.5881 23
1 158.599 55.0315 23
1 160.056 56.4887 23
1 161.499 57.9319 23
1 162.957 59.3894 23
1 164.407 60.8397 23
1 165.849 62.282 23
1 167.297 63.7294 23
1 168.746 65.1788 23
1 170.189 66.6218 23
1 171.632 68.0649 23
1 173.089 69.5217 23
1 174.532 70.9643 23
1 175.968 72.4005 23
1 177.424 73.8567 23
1 178.882 75.3147 23
1 180.332 76.7647 23
1 181.775 78.2078 23
1 183.218 79.651 23
1 184.676 81.1084 23
1 186.134 82.5663 23
1 187.577 84.0097 23
1 189.028 85.461 23
1 190.472 86.9043 23
1 191.915 88.3479 23
1 193.366 89.7985 23
1 194.808 91.2408 23
1 196.251 92.6833 23
1 197.708 94.1404 23
1 199.151 95.5839 23
1 200.613 97.0452 23
1 202.055 98.4875 23
2 203.496 8.5e-08 23
2 204.947 1.45082 23
2 206.391 2.89409 23
2 207.855 4.3588 23
2 209.306 5.80931 23
2 210.749 7.25223 23
2 212.192 8.69544 23
2 213.643 10.1461 23
2 215.085 11.5882 23
2 216.526 13.0295 23
2 217.977 14.481 23
2 219.42 15.9235 23
2 220.863 17.3669 23
2 222.32 18.8232 23
2 223.756 20.2594 23
2 225.197 21.7006 23
2 226.669 23.1722 23
2 228.111 24.6146 23
2 229.562 26.0654 23
2 231.005 27.5083 23
2 232.447 28.9509 23
2 233.914 30.4172 23
2 235.355 31.8582 23
2 236.797 33.3009 23
2 238.258 34.762 23
2 239.7 36.2036 23
2 241.141 37.6448 23
2 242.591 39.0947 23
2 244.034 40.5375 23
2 245.482 41.9853 23
2 246.938 43.4418 23
2 248.381 44.8842 23
2 249.831 46.3345 23
2 251.273 47.7763 23
2 252.714 49.2178 23
2 254.165 50.6681 23
2 255.608 52.111 23
2 257.06 53.564 23
2 258.51 55.0137 23
2 259.951 56.4545 23
2 261.393 57.8962 23
2 262.849 59.3526 23
2 264.307 60.8106 23
2 265.75 62.2535 23
2 267.201 63.7047 23
2 268.644 65.1474 23
2 270.087 66.5902 23
2 271.543 68.0466 23
2 272.979 69.4826 23
2 274.421 70.9241 23
2 275.893 72.3962 23
2 277.334 73.8373 23
2 278.784 75.2878 23
2 280.227 76.7307 23
2 281.67 78.1737 23
2 283.142 79.6452 23
2 284.585 81.088 23
2 286.026 82.5298 23
2 287.476 83.9793 23
2 288.917 85.4206 23
2 290.36 86.8636 23
2 291.811 88.3145 23
2 293.253 89.7566 23
2 294.701 91.2047 23
2 296.157 92.6605 23
2 297.6 94.1033 23
2 299.05 95.5539 23
2 300.493 96.9961 23
2 301.945 98.4483 23
2 303.395 99.898 23
3 304.837 9e-08 23
3 306.28 1.44277 23
3 307.737 2.89968 23
3 309.179 4.34189 23
3 310.614 5.77734 23
3 312.069 7.23233 23
3 313.512 8.67526 23
3 314.955 10.1184 23
3 316.406 11.5691 23
3 317.849 13.0117 23
3 319.29 14.4534 23
3 320.749 15.9127 23
3 322.192 17.3557 23
3 323.635 18.7985 23
3 325.092 20.2548 23
3 326.533 21.6962 23
3 327.969 23.132 23
3 329.424 24.5875 23
3 330.867 26.0303 23
3 332.328 27.4916 23
3 333.771 28.934 23
3 335.212 30.3756 23
3 336.662 31.8256 23
3 338.105 33.2681 23
3 339.569 34.732 23
3 341.019 36.1818 23
3 342.461 37.6242 23
3 343.904 39.067 23
3 345.354 40.517 23
3 346.795 41.9585 23
3 348.237 43.4 23
3 349.687 44.8502 23
3 351.13 46.2936 23
3 352.573 47.7366 23
3 354.045 49.2086 23
3 355.488 50.651 23
3 356.939 52.1022 23
3 358.382 53.5452 23
3 359.825 54.9879 23
3 361.295 56.4586 23
3 362.738 57.9013 23
3 364.18 59.3433 23
3 365.629 60.7926 23
3 367.072 62.2348 23
3 368.514 63.6771 23
3 369.965 65.1283 23
3 371.408 66.5713 23
3 372.851 68.0145 23
3 374.307 69.4706 23
3 375.764 70.9273 23
3 377.215 72.3782 23
3 378.657 73.8205 23
3 380.099 75.2622 23
3 381.549 76.7119 23
3 382.991 78.1545 23
3 384.434 79.5975 23
3 385.891 81.0543 23
3 387.349 82.5121 23
3 388.791 83.9545 23
3 390.242 85.4055 23
3 391.685 86.8485 23
3 393.128 88.2916 23
3 394.595 89.7585 23
3 396.037 91.2003 23
3 397.487 92.65 23
3 398.929 94.0921 23
3 400.371 95.5342 23
3 401.822 96.9851 23
3 403.264 98.4269 23
3 404.705 99.8685 23
4 406.155 8.6e-08 23
4 407.597 1.44254 23
4 409.041 2.88632 23
4 410.498 4.3432 23
4 411.942 5.78721 23
4 413.4 7.24505 23
4 414.851 8.69581 23
4 416.294 10.1388 23
4 417.737 11.5819 23
4 419.193 13.0384 23
4 420.646 14.4912 23
4 422.096 15.9409 23
4 423.537 17.3821 23
4 424.99 18.8352 23
4 426.446 20.2916 23
4 427.889 21.7339 23
4 429.324 23.1694 23
4 430.779 24.6242 23
4 432.232 26.0774 23
4 433.675 27.5201 23
4 435.126 28.9709 23
4 436.568 30.4128 23
4 438.009 31.8542 23
4 439.459 33.3037 23
4 440.901 34.746 23
4 442.343 36.1884 23
4 443.815 37.6599 23
4 445.257 39.1021 23
4 446.708 40.5531 23
4 448.15 41.995 23
4 449.591 43.4361 23
4 451.061 44.9064 23
4 452.502 46.3474 23
4 453.944 47.7894 23
4 455.395 49.2406 23
4 456.838 50.6833 23
4 458.28 52.1256 23
4 459.73 53.575 23
4 461.172 55.0167 23
4 462.619 56.4642 23
4 464.069 57.9142 23
4 465.511 59.3559 23
4 466.954 60.799 23
4 468.412 62.2567 23
4 469.865 63.7102 23
4 471.317 65.1618 23
4 472.76 66.6055 23
4 474.204 68.049 23
4 475.66 69.5055 23
4 477.096 70.9416 23
4 478.538 72.3835 23
4 479.995 73.8401 23
4 481.454 75.2989 23
4 482.896 76.7414 23
4 484.347 78.1922 23
4 485.79 79.6354 23
4 487.234 81.0791 23
4 488.707 82.5521 23
4 490.149 83.9945 23
4 491.6 85.4449 23
4 493.043 86.8887 23
4 494.487 88.3324 23
4 495.944 89.7893 23
4 497.388 91.2328 23
4 498.832 92.6767 23
4 500.293 94.1385 23
4 501.737 95.5819 23
4 503.18 97.0253 23
4 504.638 98.4828 23
4 506.081 99.9258 23
4 507.541 101.386 23
5 508.982 8.3e-08 23
5 510.425 1.44323 23
5 511.877 2.89462 23
5 513.321 4.3385 23
5 514.764 5.78166 23
5 516.221 7.23897 23
5 517.665 8.68254 23
5 519.108 10.1263 23
5 520.561 11.5783 23
5 522.005 13.0224 23
5 523.448 14.4661 23
5 524.9 15.9178 23
5 526.365 17.3827 23
5 527.816 18.8337 23
5 529.259 20.2769 23
5 530.703 21.7203 23
5 532.155 23.1723 23
5 533.614 24.632 23
5 535.058 26.0758 23
5 536.51 27.5278 23
5 537.964 28.9822 23
5 539.409 30.4264 23
5 540.866 31.8842 23
5 542.31 33.3281 23
5 543.762 34.7801 23
5 545.211 36.229 23
5 546.653 37.6713 23
5 548.105 39.1226 23
5 549.548 40.5659 23
5 550.992 42.0096 23
5 552.449 43.4671 23
5 553.893 44.9104 23
5 555.336 46.354 23
5 556.798 47.8163 23
5 558.242 49.26 23
5 559.686 50.7043 23
5 561.144 52.162 23
5 562.588 53.6058 23
5 564.045 55.063 23
5 565.486 56.5042 23
5 566.93 57.9476 23
5 568.381 59.3986 23
5 569.824 60.8417 23
5 571.268 62.2855 23
5 572.725 63.7427 23
5 574.169 65.1866 23
5 575.628 66.6457 23
5 577.078 68.0958 23
6 578.521 1.09e-07 23
6 579.964 1.44347 23
6 581.421 2.90034 23
6 582.88 4.35897 23
6 584.33 5.80934 23
6 585.773 7.25207 23
6 587.217 8.69584 23
6 588.674 10.1534 23
6 590.117 11.5966 23
6 591.56 13.0397 23
6 593.012 14.4914 23
6 594.456 15.9351 23
6 595.899 17.3785 23
6 597.351 18.8301 23
6 598.794 20.2736 23
6 600.238 21.7172 23
6 601.71 23.1892 23
6 603.154 24.6333 23
6 604.606 26.0849 23
6 606.049 27.5284 23
6 607.493 28.9723 23
6 608.961 30.4406 23
6 610.405 31.8844 23
6 611.849 33.3279 23
6 613.301 34.7801 23
6 614.745 36.224 23
7 616.188 9.9e-08 23
7 617.645 1.45693 23
7 619.087 2.89946 23
7 620.552 4.36415 23
7 621.995 5.80678 23
7 623.436 7.24853 23
7 624.887 8.6986 23
7 626.329 10.1409 23
7 627.788 11.6002 23
7 629.239 13.0515 23
7 630.683 14.4948 23
7 632.125 15.9373 23
7 633.576 17.3879 23
8 635.017 7.3e-08 23
8 636.459 1.44155 23
8 637.91 2.89257 23
8 639.353 4.33606 23
8 640.797 5.77963 23
8 642.269 7.25209 23
8 643.711 8.69394 23
9 645.162 1.45e-07 23
9 646.621 1.45883 23
9 648.064 2.902 23
9 649.515 4.35294 23
9 650.958 5.79596 23.5
10 652.4 9.2e-08 23.5
10 653.85 1.44966 23.5
10 655.292 2.89163 23.5
11 656.735 6.2e-08 23.5
11 658.186 1.4513 23.5
12 659.629 6.3e-08 24
13 661.084 1.28e-07 24
13 662.533 1.44912 24
14 663.976 5.9e-08 24
15 665.428 7.9e-08 24
16 666.872 7.6e-08 24
16 668.321 1.44943 24
17 669.779 7.1e-08 24
18 671.221 7.1e-08 24
19 672.658 6.2e-08 24
19 674.114 1.45631 24
20 675.557 7.2e-08 24
21 677 6.1e-08 24
22 678.452 1.11e-07 24
22 679.906 1.45368 24
23 681.349 6.9e-08 24
24 682.807 5e-08 24
25 684.451 5.4e-08 24
25 685.895 1.44361 24.5
26 687.346 8.4e-08 24
26 688.79 1.44415 23.5
27 690.534 1.39e-07 24
28 695.475 1.54e-07 24
