0 6.16716 8.1e-08 20.5
0 9.04106 2.87391 20.5
0 10.4971 4.32999 20.5
1 11.939 7.8e-08 20.5
1 13.3814 1.44247 20.5
1 14.8351 2.89613 20.5
1 16.2748 4.33579 20.5
1 17.7171 5.77817 20.5
2 19.1682 9.7e-08 20.5
2 20.6099 1.44168 20.5
2 22.0516 2.88332 20.5
2 23.5027 4.33448 20.5
3 24.9452 8e-08 20.5
3 26.3879 1.44265 20.5
3 27.8443 2.89906 20.5
3 29.2883 4.34306 20.5
3 30.7399 5.79465 20.5
4 32.1836 1.22e-07 20.5
4 33.6268 1.4432 20.5
4 35.0768 2.89314 20.5
4 36.5201 4.33651 20.5
4 37.9632 5.77953 20.5
5 39.4208 6.5e-08 20.5
5 40.8646 1.4438 20.5
5 42.3079 2.88716 20.5
5 43.7595 4.33872 20.5
5 45.2082 5.78738 20.5
5 46.6514 7.23065 20.5
5 48.1089 8.68814 20.5
5 49.5522 10.1315 20.5
6 51.004 8.2e-08 20.5
6 52.4525 1.44849 20.5
6 53.8954 2.89139 20.5
6 55.3458 4.34182 20.5
6 56.789 5.78502 20.5
6 58.2324 7.22843 20.5
6 59.6956 8.6916 20.5
6 61.1389 10.135 20.5
6 62.5818 11.5779 20.5
6 64.0314 13.0275 20.5
7 65.473 1.03e-07 20.5
7 66.9155 1.44251 20.5
7 68.3783 2.90527 20.5
7 69.8219 4.34884 20.5
7 71.2737 5.80067 20.5
7 72.717 7.24402 20.5
7 74.1656 8.69254 20.5
7 75.6155 10.1425 20.5
7 77.0584 11.5854 20.5
7 78.5022 13.0292 20.5
7 79.9592 14.4862 20.5
7 81.4118 15.9388 20.5
7 82.8546 17.3816 20.5
8 84.3062 7.4e-08 20.5
8 85.7488 1.44256 20.5
8 87.1924 2.88617 20.5
8 88.6491 4.34292 20.5
8 90.101 5.79477 20.5
8 91.5457 7.23955 20.5
8 92.9883 8.68214 20.5
8 94.4312 10.125 20.5
8 95.8812 11.575 20.5
8 97.3411 13.0349 20.5
8 98.7838 14.4776 20.5
8 100.234 15.928 20.5
8 101.677 17.3711 20.5
8 103.121 18.8145 20.5
8 104.572 20.2657 20.5
8 106.016 21.7094 20.5
8 107.459 23.1526 20.5
8 108.926 24.6201 20.5
9 110.369 7.8e-08 20.5
9 111.819 1.45005 20.5
9 113.262 2.89312 20.5
9 114.705 4.33579 20.5
9 116.162 5.79325 20.5
9 117.605 7.23648 20.5
9 119.049 8.67996 20.5
9 120.499 10.1305 20.5
9 121.942 11.5733 20.5
9 123.384 13.0154 20.5
9 124.844 14.4751 20.5
9 126.279 15.91 20.5
9 127.722 17.3527 20.5
9 129.178 18.8094 20.5
10 130.622 8.5e-08 20.5
10 132.073 1.4512 20.5
10 133.516 2.89445 20.5
10 134.958 4.33649 20.5
10 136.409 5.78688 20.5
10 137.851 7.22931 20.5
10 139.294 8.67265 20.5
10 140.752 10.1307 20.5
10 142.199 11.5774 20.5
10 143.643 13.0214 20.5
10 145.1 14.4778 21
11 146.539 9.6e-08 21
11 147.983 1.4435 20.5
11 149.439 2.90029 20.5
11 150.887 4.34829 20.5
11 152.334 5.79523 20.5
11 153.777 7.23832 21
11 155.221 8.6823 20.5
11 156.671 10.1316 20.5
11 158.113 11.5741 20.5
11 159.567 13.0282 20.5
11 161.017 14.4781 21
12 162.459 6.4e-08 21
12 163.9 1.44118 21
12 165.351 2.89182 20.5
12 166.794 4.33478 20.5
12 168.236 5.77728 21
12 169.692 7.23349 21
12 171.13 8.67086 21
12 172.572 10.1135 20.5
12 174.03 11.571 20.5
12 175.472 13.0133 21
13 176.923 7.8e-08 21
13 178.372 1.44924 21
13 179.816 2.8938 21
13 181.275 4.35243 21
13 182.72 5.79733 20.5
13 184.164 7.24148 21
13 185.615 8.69265 21
13 187.058 10.135 21
13 188.501 11.5782 21
13 189.953 13.03 21
14 191.396 8.5e-08 21
14 192.844 1.44799 21
14 194.3 2.90436 21
14 195.745 4.34922 21
14 197.198 5.80198 21
14 198.641 7.24507 21
14 200.084 8.68846 21
14 201.542 10.1457 21
14 202.985 11.5891 21
14 204.428 13.0324 21
15 205.88 8.6e-08 21
15 207.326 1.44609 21
15 208.769 2.88872 21
15 210.228 4.34742 21
15 211.677 5.79706 21
15 213.13 7.24937 21
15 214.574 8.69399 21
15 216.019 10.1388 21
15 217.477 11.5964 21
15 218.92 13.0397 21
16 220.363 1.02e-07 21
16 221.815 1.45115 21
16 223.257 2.89354 21
16 224.7 4.33671 21
16 226.152 5.78833 21
16 227.595 7.23138 21
16 229.043 8.6796 21
16 230.494 10.1308 21
16 231.938 11.5743 21
16 233.389 13.026 21
17 234.834 7.4e-08 21
17 236.279 1.44465 21
17 237.737 2.90323 21
17 239.182 4.34807 21
17 240.626 5.79159 21
17 242.077 7.24279 21
17 243.519 8.68497 21
17 244.962 10.128 21
17 246.413 11.5792 21
17 247.856 13.0222 21
18 249.305 7.7e-08 21
18 250.755 1.44979 21
18 252.199 2.89313 21
18 253.649 4.34366 21
18 255.093 5.78775 21
18 256.538 7.23226 21
18 257.996 8.69038 21
18 259.44 10.1345 21
18 260.89 11.584 21
19 262.342 7.1e-08 21
19 263.787 1.44472 21
19 265.232 2.88953 21
19 266.689 4.34665 21
19 268.132 5.78996 21
19 269.583 7.24106 21
19 271.025 8.68306 21
19 272.469 10.1264 21
19 273.92 11.5776 21
19 275.364 13.0217 21
20 276.805 7.3e-08 21
20 278.262 1.45704 21
20 279.709 2.90408 21
20 281.153 4.34807 21
20 282.606 5.80041 21
20 284.049 7.24368 21
20 285.492 8.68706 21
20 286.949 10.1439 21
20 288.392 11.5869 21
20 289.843 13.0379 21
21 291.285 7e-08 21
21 292.727 1.44199 21
21 294.178 2.89296 21
21 295.621 4.33627 21
21 297.075 5.78987 21
21 298.527 7.24209 21
21 299.971 8.68651 21
21 301.415 10.1298 21
21 302.866 11.5812 21
21 304.309 13.0242 21
22 305.758 9.2e-08 21
22 307.209 1.45095 21
22 308.651 2.89261 21
22 310.102 4.34351 21
22 311.543 5.78512 21
22 312.986 7.22809 21
22 314.437 8.67886 21
22 315.879 10.1205 21
22 317.321 11.5632 21
22 318.778 13.0198 21
23 320.219 8.9e-08 21
23 321.661 1.44139 21
23 323.111 2.89192 21
23 324.553 4.33355 21
23 325.995 5.77615 21
23 327.446 7.22713 21
23 328.889 8.66984 21
23 330.35 10.1307 21
23 331.794 11.5749 21
24 333.239 8e-08 21
24 334.69 1.45152 21
24 336.133 2.89479 21
24 337.576 4.33778 21
24 339.033 5.79468 21
24 340.476 7.23757 21
24 341.918 8.67968 21
24 343.373 10.134 21
24 344.814 11.5759 21
24 346.259 13.0204 21
25 347.717 9.4e-08 21
25 349.165 1.44816 21
25 350.612 2.89505 21
25 352.055 4.33814 21
25 353.498 5.78133 21
25 354.954 7.23664 21
25 356.391 8.67401 21
25 357.834 10.117 21
25 359.29 11.5728 21
25 360.738 13.0208 21
26 362.182 8.5e-08 21
26 363.633 1.4515 21
26 365.077 2.89486 21
26 366.52 4.33869 21
26 367.977 5.79573 21
26 369.421 7.2389 21
26 370.87 8.68859 21
26 372.313 10.1316 21
26 373.756 11.5748 21
26 375.207 13.0258 21
27 376.649 9.2e-08 21
27 378.092 1.44295 21
27 379.548 2.89878 21
27 380.991 4.34183 21
27 382.433 5.78369 21
27 383.884 7.23452 21
27 385.326 8.67663 21
27 386.769 10.1197 21
27 388.219 11.5697 21
27 389.662 13.013 21
28 391.105 8.7e-08 21
28 392.561 1.45629 21
28 394.003 2.89761 21
28 395.454 4.34919 21
28 396.897 5.79228 21
28 398.339 7.23421 21
28 399.79 8.6851 21
28 401.233 10.1283 21
28 402.676 11.5714 21
28 404.134 13.0289 20.5
29 406.077 1.79e-07 21
29 407.529 1.45123 21
29 408.972 2.89435 21
29 410.415 4.33722 21
29 411.871 5.79408 21
29 413.313 7.23535 21
29 414.755 8.67736 21
29 416.206 10.1281 21
29 417.647 11.57 21
29 419.09 13.0128 20.5
30 422.243 1.48e-07 21
30 423.69 1.44722 21
30 425.132 2.88911 21
30 426.573 4.33069 21
30 428.03 5.7878 21
30 429.476 7.2334 21
30 430.915 8.67265 21
30 432.369 10.1261 21
30 433.808 11.5653 21
30 435.252 13.0097 20.5
31 440.905 1.54e-07 21
31 442.353 1.44802 21
31 443.795 2.88935 21
31 445.238 4.33292 21
31 446.695 5.79005 21
31 448.138 7.23314 21
31 449.58 8.67439 21
31 451.03 10.1247 21
31 452.473 11.5678 21
31 453.916 13.0109 21
32 463.473 1.55e-07 21
32 464.924 1.4502 21
32 466.368 2.89433 21
32 467.811 4.33774 21
32 469.268 5.79461 21
32 470.711 7.23765 21
32 472.162 8.68871 21
32 473.604 10.1304 21
32 475.047 11.5738 21
32 476.498 13.025 21
