        type trial_config ert_flop   unroll  buffers        nsize       trials       microsecs        bytes        flops         GB/s         GF/s
        long    coalesced        1       16        1          128     16777216     6235018.200   4294967296    268435456        0.689        0.043
        long    coalesced        1       16        1          256     16777216     6546691.187   8589934592    536870912        1.312        0.082
        long    coalesced        1       16        1          512      8388608     3637203.548   8589934592    536870912        2.362        0.148
        long    coalesced        1       16        1         1024      4194304     1996270.556   8589934592    536870912        4.303        0.269
        long    coalesced        1       16        1         2048      2097152     1169317.821   8589934592    536870912        7.346        0.459
        long    coalesced        1       16        1         4096      1048576      682301.979   8589934592    536870912       12.590        0.787
        long    coalesced        1       16        1         8192       524288      454909.356   8589934592    536870912       18.883        1.180
        long    coalesced        1       16        1        16384       262144      344295.183   8589934592    536870912       24.949        1.559
        long    coalesced        1       16        1        32768       131072      297289.254   8589934592    536870912       28.894        1.806
        long    coalesced        1       16        1        65536        65536      304703.072   8589934592    536870912       28.191        1.762
        long    coalesced        1       16        1       131072        32768      298465.531   8589934592    536870912       28.780        1.799
        long    coalesced        1       16        1       262144        16384      295828.928   8589934592    536870912       29.037        1.815
        long    coalesced        1       16        1       524288         8192      293377.512   8589934592    536870912       29.279        1.830
        long    coalesced        1       16        1      1048576         4096      292259.525   8589934592    536870912       29.391        1.837
        long    coalesced        1       16        1      2097152         2048      291854.719   8589934592    536870912       29.432        1.840
        long    coalesced        1       16        1      4194304         1024      291626.142   8589934592    536870912       29.455        1.841
        long    coalesced        1       16        1      8388608          512      291555.880   8589934592    536870912       29.462        1.841
        long    coalesced        1       16        1     16777216          256      291443.512   8589934592    536870912       29.474        1.842
        long    coalesced        1       16        1     33554432          128      291451.231   8589934592    536870912       29.473        1.842
        long    coalesced        1       16        1     67108864           64      291442.606   8589934592    536870912       29.474        1.842
        long    coalesced        1       16        1    134217728           32      291420.819   8589934592    536870912       29.476        1.842
        long    coalesced        1       16        1    268435456           16      291413.993   8589934592    536870912       29.477        1.842
        long    coalesced        1       16        1    536870912            8      291399.740   8589934592    536870912       29.478        1.842
        long    coalesced        1       16        1   1073741824            4      291397.612   8589934592    536870912       29.478        1.842
        long    coalesced        1       16        1   2147483648            2      291417.929   8589934592    536870912       29.476        1.842
        long    coalesced        1       16        1   4293918720            1      291372.866   8587837440    536739840       29.474        1.842
