        type trial_config ert_flop   unroll  buffers        nsize       trials       microsecs        bytes        flops         GB/s         GF/s
         int    coalesced        1        8        2           64     16777216     6150634.424   2147483648    268435456        0.349        0.044
         int    coalesced        1        8        2          128     16777216     6235034.736   4294967296    536870912        0.689        0.086
         int    coalesced        1        8        2          256     16777216     6546779.165   8589934592   1073741824        1.312        0.164
         int    coalesced        1        8        2          512     16777216     7274173.245  17179869184   2147483648        2.362        0.295
         int    coalesced        1        8        2         1024      8388608     4676415.346  17179869184   2147483648        3.674        0.459
         int    coalesced        1        8        2         2048      4194304     2541360.359  17179869184   2147483648        6.760        0.845
         int    coalesced        1        8        2         4096      2097152     1488219.726  17179869184   2147483648       11.544        1.443
         int    coalesced        1        8        2         8192      1048576     1023250.707  17179869184   2147483648       16.790        2.099
         int    coalesced        1        8        2        16384       524288      818676.003  17179869184   2147483648       20.985        2.623
         int    coalesced        1        8        2        32768       262144      744109.404  17179869184   2147483648       23.088        2.886
         int    coalesced        1        8        2        65536       131072      778438.844  17179869184   2147483648       22.070        2.759
         int    coalesced        1        8        2       131072        65536      815240.602  17179869184   2147483648       21.073        2.634
         int    coalesced        1        8        2       262144        32768      831782.867  17179869184   2147483648       20.654        2.582
         int    coalesced        1        8        2       524288        16384      840075.370  17179869184   2147483648       20.450        2.556
         int    coalesced        1        8        2      1048576         8192      844330.058  17179869184   2147483648       20.347        2.543
         int    coalesced        1        8        2      2097152         4096      846530.104  17179869184   2147483648       20.294        2.537
         int    coalesced        1        8        2      4194304         2048      847565.974  17179869184   2147483648       20.270        2.534
         int    coalesced        1        8        2      8388608         1024      848070.907  17179869184   2147483648       20.258        2.532
         int    coalesced        1        8        2     16777216          512      848344.494  17179869184   2147483648       20.251        2.531
         int    coalesced        1        8        2     33554432          256      848460.116  17179869184   2147483648       20.248        2.531
         int    coalesced        1        8        2     67108864          128      848598.753  17179869184   2147483648       20.245        2.531
         int    coalesced        1        8        2    134217728           64      848603.086  17179869184   2147483648       20.245        2.531
         int    coalesced        1        8        2    268435456           32      848675.089  17179869184   2147483648       20.243        2.530
         int    coalesced        1        8        2    536870912           16      848663.152  17179869184   2147483648       20.243        2.530
         int    coalesced        1        8        2   1073741824            8      848606.554  17179869184   2147483648       20.245        2.531
         int    coalesced        1        8        2   2147483648            4      848724.026  17179869184   2147483648       20.242        2.530
         int    coalesced        1        8        2   4294967296            2      848582.863  17179869184   2147483648       20.245        2.531
         int    coalesced        1        8        2   8588886016            1      848549.237  17177772032   2147221504       20.244        2.530
