0 6.39972 7.9e-08 24
0 9.29586 2.89614 24
0 10.7343 4.33458 24
0 12.175 5.77525 24
0 13.6248 7.2251 24
0 15.066 8.66631 24
0 16.5105 10.1108 24
0 17.9579 11.5582 24
0 19.4033 13.0036 24
0 20.8448 14.4451 24
0 22.2946 15.8949 24
0 23.734 17.3343 24
0 25.1791 18.7794 24
0 26.6281 20.2284 24
0 28.0707 21.671 24
0 29.5106 23.1109 24
0 30.9694 24.5697 24
0 32.406 26.0062 24
0 33.8463 27.4466 24
0 35.3009 28.9011 24
0 36.743 30.3433 24
0 38.2216 31.8219 24
0 39.6747 33.275 24
0 41.1434 34.7437 24
0 42.6077 36.2079 24
0 44.0553 37.6556 24
0 45.5216 39.1219 24
0 46.9637 40.564 24
0 48.4203 42.0206 24
0 49.8749 43.4752 24
0 51.3169 44.9172 24
0 52.7592 46.3595 24
0 54.2078 47.808 24
0 55.6712 49.2714 24
0 57.1253 50.7256 24
0 58.5717 52.1719 24
0 60.0186 53.6189 24
0 61.4751 55.0754 24
0 62.932 56.5322 24
0 64.3835 57.9838 24
0 65.8485 59.4488 24
0 67.3006 60.9009 24
0 68.7505 62.3508 24
0 70.2018 63.802 24
0 71.6601 65.2604 24
0 73.1196 66.7199 24
0 74.566 68.1663 24
0 76.0074 69.6077 24
0 77.4572 71.0575 24
1 78.8992 1.55e-07 24
1 80.3408 1.4416 24
1 81.8063 2.9071 24
1 83.2583 4.3591 24
1 84.7125 5.81331 24
1 86.1758 7.27654 24
1 87.6281 8.72884 24
1 89.0826 10.1834 24
1 90.5409 11.6417 24
1 91.9828 13.0836 24
1 93.4319 14.5326 24
1 94.8736 15.9744 24
1 96.3289 17.4296 24
1 97.7849 18.8857 24
1 99.242 20.3428 24
1 100.692 21.793 24
1 102.144 23.245 24
1 103.586 24.6865 24
1 105.049 26.1497 24
1 106.493 27.5937 24
1 107.933 29.0335 24
1 109.399 30.4994 24
1 110.837 31.9378 24
1 112.303 33.4039 24
1 113.745 34.8458 24
1 115.197 36.2977 24
1 116.658 37.7589 24
1 118.098 39.1989 24
1 119.54 40.6405 24
1 120.988 42.0886 24
1 122.45 43.5509 24
1 123.9 45.0005 24
1 125.346 46.447 24
1 126.787 47.8882 24
1 128.237 49.338 24
1 129.684 50.7846 24
1 131.125 52.2258 24
1 132.591 53.6917 24
1 134.032 55.1324 24
1 135.473 56.5738 24
1 136.923 58.0239 24
1 138.374 59.4748 24
1 139.815 60.9158 24
1 141.286 62.3868 24
1 142.728 63.8284 24
1 144.178 65.2787 24
1 145.63 66.7311 24
1 147.071 68.172 24
1 148.52 69.6211 24
1 149.978 71.079 24
2 151.419 1.14e-07 24
2 152.868 1.44904 24
2 154.309 2.89008 24
2 155.752 4.33249 24
2 157.201 5.78178 24
2 158.642 7.22273 24
2 160.1 8.68077 24
2 161.549 10.1293 24
2 163.006 11.5868 24
2 164.448 13.0285 24
2 165.897 14.4775 24
2 167.348 15.9286 24
2 168.798 17.3782 24
2 170.239 18.8196 24
2 171.685 20.2655 24
2 173.133 21.7137 24
2 174.574 23.1549 24
2 176.016 24.5964 24
2 177.487 26.0681 24
2 178.929 27.5102 24
2 180.385 28.9655 24
2 181.83 30.4109 24
2 183.287 31.8681 24
2 184.737 33.3178 24
2 186.179 34.7599 24
2 187.621 36.2016 24
2 189.069 37.6498 24
2 190.52 39.1011 24
2 191.963 40.5433 24
2 193.428 42.009 24
2 194.87 43.4504 24
2 196.311 44.8921 24
2 197.761 46.342 24
2 199.213 47.7941 24
2 200.655 49.2353 24
2 202.103 50.6839 24
2 203.546 52.1262 24
2 204.987 53.5681 24
2 206.458 55.0385 24
2 207.899 56.4801 24
2 209.353 57.9339 24
2 210.795 59.3754 24
2 212.236 60.8162 24
2 213.701 62.2819 24
2 215.143 63.724 24
2 216.585 65.1656 24
2 218.044 66.625 24
2 219.485 68.066 24
2 220.927 69.508 24
2 222.377 70.9576 24
2 223.828 72.4084 24
3 225.269 1.83e-07 24
3 226.741 1.47115 24
3 228.182 2.91263 24
3 229.637 4.3677 24
3 231.079 5.80928 24
3 232.521 7.25107 24
3 233.986 8.71625 24
3 235.427 10.1571 24
3 236.869 11.5995 24
3 238.319 13.0495 24
3 239.761 14.4917 24
3 241.202 15.9329 24
3 242.668 17.3984 24
3 244.103 18.8337 24
3 245.55 20.2807 24
3 247.006 21.7361 24
3 248.447 23.1778 24
3 249.907 24.6378 24
3 251.348 26.0789 24
3 252.79 27.5209 24
3 254.246 28.9761 24
3 255.687 30.4175 24
3 257.129 31.8597 24
3 258.585 33.3156 24
3 260.036 34.7668 24
3 261.477 36.2077 24
3 262.941 37.6717 24
3 264.38 39.1102 24
3 265.821 40.5516 24
3 267.269 41.9999 24
3 268.711 43.4414 24
3 270.153 44.8837 24
3 271.608 46.339 24
3 273.06 47.791 24
3 274.509 49.2392 24
3 275.956 50.6865 24
3 277.397 52.1273 24
3 278.846 53.5769 24
3 280.293 55.0231 24
3 281.735 56.4653 24
3 283.19 57.9209 24
3 284.642 59.3721 24
3 286.082 60.8129 24
3 287.532 62.263 24
3 288.974 63.7045 24
3 290.414 65.1447 24
3 291.874 66.6046 24
3 293.316 68.0465 24
3 294.763 69.4933 24
3 296.218 70.9487 24
4 297.659 1.22e-07 24
4 299.118 1.45872 24
4 300.56 2.90053 24
4 302.015 4.35514 24
4 303.469 5.80944 24
4 304.904 7.24464 24
4 306.346 8.68622 24
4 307.803 10.1435 24
4 309.243 11.5832 24
4 310.684 13.0244 24
4 312.147 14.4878 24
4 313.588 15.9281 24
4 315.029 17.3696 24
4 316.484 18.8249 24
4 317.926 20.2664 24
4 319.368 21.7082 24
4 320.832 23.1725 24
4 322.273 24.6133 24
4 323.735 26.0752 24
4 325.174 27.5146 24
4 326.615 28.9553 24
4 328.085 30.4255 24
4 329.526 31.8662 24
4 330.977 33.3174 24
4 332.426 34.7663 24
4 333.866 36.2066 24
4 335.312 37.6525 24
4 336.761 39.1019 24
4 338.203 40.5439 24
4 339.644 41.9843 24
4 341.092 43.4325 24
4 342.555 44.8956 24
4 344.004 46.3445 24
4 345.45 47.791 24
4 346.892 49.2325 24
4 348.356 50.6961 24
4 349.788 52.1285 24
4 351.245 53.586 24
4 352.695 55.0357 24
4 354.136 56.4761 24
4 355.577 57.9173 24
4 357.027 59.3674 24
4 358.478 60.8189 24
4 359.919 62.2596 24
4 361.385 63.7255 24
4 362.827 65.1676 24
4 364.269 66.6092 24
4 365.728 68.0682 24
4 367.169 69.5093 24
4 368.631 70.9717 24
4 370.065 72.4058 24
4 371.508 73.8481 24
5 372.963 9.7e-08 24
5 374.398 1.43495 24
5 375.839 2.87578 24
5 377.294 4.33109 24
5 378.752 5.78817 24
5 380.194 7.23021 24
5 381.648 8.68451 24
5 383.09 10.1265 24
5 384.532 11.5687 24
5 385.997 13.0339 24
5 387.438 14.4747 24
5 388.893 15.9297 24
5 390.334 17.3706 24
5 391.786 18.8224 24
5 393.241 20.2779 24
5 394.676 21.7127 24
5 396.117 23.1535 24
5 397.583 24.6197 24
5 399.024 26.0604 24
5 400.465 27.5015 24
5 401.92 28.9569 24
5 403.361 30.3975 24
5 404.802 31.8388 24
5 406.252 33.2888 24
5 407.693 34.7301 24
5 409.139 36.1752 24
5 410.587 37.6233 24
5 412.05 39.0862 24
5 413.498 40.5345 24
5 414.939 41.9759 24
5 416.391 43.4273 24
5 417.839 44.876 24
5 419.28 46.3165 24
5 420.721 47.7579 24
5 422.17 49.2064 24
5 423.611 50.6472 24
5 425.074 52.1107 24
5 426.523 53.5598 24
5 427.97 55.0067 24
5 429.41 56.447 24
5 430.86 57.8968 24
5 432.307 59.3434 24
5 433.748 60.7846 24
5 435.216 62.2529 24
5 436.655 63.6915 24
5 438.104 65.1405 24
5 439.546 66.5825 24
5 441.004 68.0408 24
5 442.457 69.4939 24
5 443.908 70.9447 24
5 445.349 72.3861 24
5 446.809 73.8459 24
5 448.251 75.2874 24
6 449.704 1.02e-07 24
6 451.158 1.45323 24
6 452.599 2.89498 24
6 454.041 4.33675 24
6 455.492 5.78798 24
6 456.932 7.22748 24
6 458.392 8.68771 24
6 459.833 10.1284 24
6 461.274 11.5695 24
6 462.74 13.0355 24
6 464.182 14.4775 24
6 465.617 15.9121 24
6 467.071 17.3669 24
6 468.523 18.8185 24
6 469.963 20.2589 24
6 471.431 21.7266 24
6 472.869 23.1648 24
6 474.322 24.6173 24
6 475.771 26.0662 24
6 477.222 27.5179 24
6 478.671 28.9664 24
6 480.124 30.4195 24
6 481.564 31.8592 24
6 483.019 33.315 24
6 484.454 34.75 24
6 485.914 36.2096 24
6 487.362 37.6578 24
6 488.815 39.1103 24.5
7 490.256 9.7e-08 24.5
7 491.721 1.4649 24
7 493.164 2.90739 24
7 494.605 4.34883 24
7 496.065 5.80855 24.5
7 497.507 7.25106 24.5
7 498.958 8.70151 24
7 500.4 10.1433 24
7 501.841 11.5845 24
7 503.29 13.0341 24.5
7 504.733 14.4763 24.5
7 506.19 15.9339 24
7 507.64 17.3832 24
7 509.091 18.8351 24
8 510.533 7.7e-08 24.5
8 511.982 1.44897 24.5
8 513.423 2.89016 24.5
8 514.87 4.33646 24.5
8 516.319 5.78587 24.5
8 517.761 7.22768 24.5
8 519.203 8.66958 24.5
8 520.672 10.139 24.5
9 522.113 8.1e-08 24.5
9 523.567 1.45475 24.5
9 525.008 2.89556 24.5
9 526.45 4.33746 24.5
9 527.905 5.79241 25
10 529.347 6.4e-08 25
10 530.788 1.44074 25
10 532.254 2.90624 25
11 533.695 7.4e-08 25
11 535.138 1.44281 25
11 536.588 2.89298 25
12 538.03 1.04e-07 25.5
13 539.487 7.9e-08 25.5
13 540.936 1.44969 25.5
14 542.379 3.1e-08 25.5
14 543.827 1.44786 25.5
15 545.282 7.2e-08 25.5
16 546.725 3.5e-08 25.5
16 548.186 1.46101 25.5
17 549.629 7.2e-08 25.5
18 551.076 1.02e-07 25.5
18 552.533 1.45721 25.5
19 553.976 7.1e-08 25.5
20 555.412 7.9e-08 25.5
20 556.867 1.45525 25.5
21 558.31 6.9e-08 25.5
22 559.763 5.9e-08 25.5
22 561.213 1.44993 25.5
23 562.669 1.27e-07 25.5
24 564.108 7.5e-08 25.5
24 565.574 1.46673 25.5
25 567.016 8.7e-08 25.5
25 568.466 1.44917 25.5
26 569.907 6.5e-08 25.5
26 571.35 1.44259 24.5
27 573.7 1.54e-07 25.5
27 575.138 1.43809 24.5
28 579.987 1.46e-07 25.5
28 581.428 1.44088 24.5
29 590.69 1.45e-07 25.5
29 592.13 1.44006 24.5
