0 3.26112 9.3e-08 22
0 6.14919 2.88807 22
0 7.60305 4.34193 22
0 9.04601 5.78489 22
0 10.489 7.2279 22
0 11.9372 8.67604 22
0 13.3816 10.1205 22
0 14.8246 11.5635 22
0 16.2794 13.0183 22
0 17.7374 14.4763 22
0 19.1822 15.9211 22
0 20.6552 17.3941 22
1 22.1159 1.13e-07 22
1 23.5685 1.45268 22
1 25.0132 2.89739 22
1 26.4563 4.3404 22
1 27.9078 5.79191 22
1 29.372 7.25613 22
1 30.8409 8.72504 22
1 32.3009 10.185 22
1 33.7433 11.6274 22
1 35.1937 13.0778 22
1 36.658 14.5422 22
1 38.1267 16.0108 22
2 39.5713 9.3e-08 22
2 41.0145 1.44319 22
2 42.4708 2.89957 22
2 43.9317 4.3604 22
2 45.3942 5.82289 22
2 46.855 7.28369 22
2 48.299 8.72773 22
2 49.7604 10.1892 22
2 51.2193 11.648 22
2 52.6716 13.1003 22
2 54.1149 14.5436 22
2 55.5685 15.9972 22
3 57.0357 9.3e-08 22
3 58.4785 1.44276 22
3 59.9215 2.88585 22
3 61.3731 4.33741 22
3 62.8375 5.8018 22
3 64.306 7.27027 22
3 65.7503 8.71457 22
3 67.21 10.1743 22
3 68.6684 11.6327 22
3 70.1232 13.0875 22
3 71.5753 14.5396 22
3 73.0187 15.983 22
3 74.4624 17.4267 22
4 75.919 8.2e-08 22
4 77.3628 1.44376 22
4 78.8063 2.88731 22
4 80.2573 4.33828 22
4 81.7041 5.78512 22
4 83.1482 7.22923 22
4 84.6062 8.68718 22
5 86.0604 7.7e-08 22
5 87.5121 1.45173 22
5 88.9558 2.8955 22
5 90.3998 4.33942 22
6 91.8572 6.2e-08 22
6 93.3009 1.44366 22.5
7 94.7545 9.2e-08 22.5
8 96.2054 6.5e-08 23
9 97.6644 8.3e-08 23.5
11 99.1146 6.1e-08 23.5
13 100.558 5.8e-08 24
16 102.002 1.5e-07 24
18 103.453 7.6e-08 24
21 104.896 7.2e-08 23.5
23 106.339 4.1e-08 24
24 107.795 7.1e-08 22
25 109.239 7.5e-08 22.5
26 111.983 1.01e-07 22.5
27 117.126 1.54e-07 22
