        type trial_config ert_flop   unroll  buffers        nsize       trials       microsecs        bytes        flops         GB/s         GF/s
       float    coalesced        1        4        2           32     16777216     6235069.741   1073741824    134217728        0.172        0.022
       float    coalesced        1        4        2           64     16777216     6546778.483   2147483648    268435456        0.328        0.041
       float    coalesced        1        4        2          128     16777216     6891359.984   4294967296    536870912        0.623        0.078
       float    coalesced        1        4        2          256     16777216     7292161.855   8589934592   1073741824        1.178        0.147
       float    coalesced        1        4        2          512     16777216     9352395.852  17179869184   2147483648        1.837        0.230
       float    coalesced        1        4        2         1024      8388608     5455737.798  17179869184   2147483648        3.149        0.394
       float    coalesced        1        4        2         2048      4194304     3273627.610  17179869184   2147483648        5.248        0.656
       float    coalesced        1        4        2         4096      2097152     2046179.926  17179869184   2147483648        8.396        1.050
       float    coalesced        1        4        2         8192      1048576     1563081.027  17179869184   2147483648       10.991        1.374
       float    coalesced        1        4        2        16384       524288     1259868.154  17179869184   2147483648       13.636        1.705
       float    coalesced        1        4        2        32768       262144     1098040.018  17179869184   2147483648       15.646        1.956
       float    coalesced        1        4        2        65536       131072     1023324.788  17179869184   2147483648       16.788        2.099
       float    coalesced        1        4        2       131072        65536      988266.755  17179869184   2147483648       17.384        2.173
       float    coalesced        1        4        2       262144        32768      967737.831  17179869184   2147483648       17.753        2.219
       float    coalesced        1        4        2       524288        16384      958844.885  17179869184   2147483648       17.917        2.240
       float    coalesced        1        4        2      1048576         8192      953401.215  17179869184   2147483648       18.020        2.252
       float    coalesced        1        4        2      2097152         4096      950879.479  17179869184   2147483648       18.067        2.258
       float    coalesced        1        4        2      4194304         2048      949696.713  17179869184   2147483648       18.090        2.261
       float    coalesced        1        4        2      8388608         1024      949033.269  17179869184   2147483648       18.102        2.263
       float    coalesced        1        4        2     16777216          512      948803.712  17179869184   2147483648       18.107        2.263
       float    coalesced        1        4        2     33554432          256      948646.402  17179869184   2147483648       18.110        2.264
       float    coalesced        1        4        2     67108864          128      948540.169  17179869184   2147483648       18.112        2.264
       float    coalesced        1        4        2    134217728           64      948487.321  17179869184   2147483648       18.113        2.264
       float    coalesced        1        4        2    268435456           32      948416.951  17179869184   2147483648       18.114        2.264
       float    coalesced        1        4        2    536870912           16      948447.663  17179869184   2147483648       18.114        2.264
       float    coalesced        1        4        2   1073741824            8      948434.555  17179869184   2147483648       18.114        2.264
       float    coalesced        1        4        2   2147483648            4      948463.612  17179869184   2147483648       18.113        2.264
       float    coalesced        1        4        2   4294967296            2      948476.771  17179869184   2147483648       18.113        2.264
       float    coalesced        1        4        2   8588886016            1      948356.860  17177772032   2147221504       18.113        2.264
