0 3.23277 7.9e-08 23.5
0 6.12777 2.895 23.5
0 7.57153 4.33876 23.5
0 9.01946 5.78669 23.5
0 10.4629 7.2301 23.5
0 11.909 8.67624 23.5
0 13.3635 10.1308 23.5
0 14.8076 11.5748 23.5
0 16.2531 13.0203 23.5
0 17.7038 14.4711 23.5
0 19.1579 15.9251 23.5
0 20.6295 17.3967 23.5
0 22.0752 18.8424 23.5
0 23.5344 20.3016 23.5
0 24.9944 21.7616 23.5
0 26.4383 23.2055 23.5
0 27.8874 24.6547 23.5
0 29.3536 26.1209 23.5
0 30.7963 27.5635 23.5
0 32.2588 29.026 23.5
0 33.7025 30.4698 23.5
0 35.1463 31.9135 23.5
0 36.6039 33.3711 23.5
0 38.0477 34.8149 23.5
0 39.5069 36.2742 23.5
0 40.9729 37.7402 23.5
0 42.4159 39.1831 23.5
0 43.8778 40.6451 23.5
0 45.3379 42.1051 23.5
0 46.7816 43.5488 23.5
0 48.2436 45.0109 23.5
0 49.7037 46.4709 23.5
0 51.1562 47.9235 23.5
0 52.6095 49.3767 23.5
0 54.0698 50.837 23.5
0 55.5217 52.289 23.5
0 56.9761 53.7433 23.5
0 58.4313 55.1985 23.5
0 59.8821 56.6493 23.5
0 61.3245 58.0917 23.5
0 62.776 59.5432 23.5
0 64.2301 60.9973 23.5
0 65.6739 62.4412 23.5
0 67.1422 63.9094 23.5
0 68.5863 65.3535 23.5
1 70.0302 8.3e-08 23.5
1 71.4824 1.4522 23.5
1 72.9268 2.89666 23.5
1 74.371 4.34084 23.5
1 75.8286 5.7984 23.5
1 77.2879 7.25766 23.5
1 78.7392 8.70897 23.5
1 80.1819 10.1517 23.5
1 81.6404 11.6102 23.5
1 83.091 13.0608 23.5
1 84.5349 14.5047 23.5
1 85.9836 15.9534 23.5
1 87.4417 17.4115 23.5
1 88.8959 18.8657 23.5
1 90.3482 20.318 23.5
1 91.7924 21.7622 23.5
1 93.2368 23.2066 23.5
1 94.7104 24.6802 23.5
1 96.1534 26.1232 23.5
1 97.611 27.5809 23.5
1 99.0645 29.0344 23.5
1 100.509 30.4787 23.5
1 101.96 31.9301 23.5
1 103.404 33.3742 23.5
1 104.849 34.8185 23.5
1 106.3 36.2697 23.5
1 107.744 37.7139 23.5
1 109.209 39.1787 23.5
1 110.66 40.6298 23.5
1 112.103 42.0724 23.5
1 113.545 43.5144 23.5
1 114.995 44.9651 23.5
1 116.454 46.4242 23.5
1 117.906 47.8762 23.5
1 119.351 49.3204 23.5
1 120.795 50.7646 23.5
1 122.246 52.216 23.5
1 123.69 53.6601 23.5
1 125.135 55.1043 23.5
1 126.592 56.5619 23.5
1 128.036 58.0054 23.5
1 129.479 59.4492 23.5
1 130.941 60.911 23.5
1 132.385 62.3551 23.5
1 133.829 63.7985 23.5
2 135.296 9.8e-08 23.5
2 136.74 1.44344 23.5
2 138.192 2.89554 23.5
2 139.636 4.33933 23.5
2 141.079 5.78298 23.5
2 142.537 7.24047 23.5
2 143.98 8.68364 23.5
2 145.424 10.1275 23.5
2 146.876 11.5793 23.5
2 148.32 13.0235 23.5
2 149.764 14.4672 23.5
2 151.216 15.9191 23.5
2 152.659 17.363 23.5
2 154.104 18.8073 23.5
2 155.562 20.2653 23.5
2 157.02 21.7236 23.5
2 158.47 23.1738 23.5
2 159.913 24.6169 23.5
2 161.357 26.0602 23.5
2 162.814 27.5176 23.5
2 164.267 28.9709 23.5
2 165.711 30.4141 23.5
2 167.163 31.8662 23.5
2 168.628 33.3314 23.5
2 170.078 34.7816 23.5
2 171.521 36.2249 23.5
2 172.965 37.6689 23.5
2 174.416 39.1199 23.5
2 175.876 40.5795 23.5
2 177.319 42.0229 23.5
2 178.771 43.4745 23.5
2 180.215 44.9186 23.5
2 181.659 46.3625 23.5
2 183.111 47.8147 23.5
2 184.555 49.2587 23.5
2 185.999 50.7024 23.5
2 187.472 52.1757 23.5
2 188.915 53.6184 23.5
2 190.365 55.0688 23.5
2 191.808 56.512 23.5
2 193.252 57.9551 23.5
2 194.719 59.4224 23.5
2 196.162 60.866 23.5
2 197.606 62.3093 23.5
2 199.057 63.7608 23.5
3 200.501 8.1e-08 23.5
3 201.944 1.44378 23.5
3 203.402 2.9013 23.5
3 204.845 4.34443 23.5
3 206.288 5.78758 23.5
3 207.739 7.23828 23.5
3 209.181 8.68028 23.5
3 210.631 10.1308 23.5
3 212.074 11.5737 23.5
3 213.527 13.0268 23.5
3 214.985 14.4847 23.5
3 216.429 15.9283 23.5
3 217.873 17.372 23.5
3 219.325 18.8241 23.5
3 220.774 20.2733 23.5
3 222.216 21.7155 23.5
3 223.667 23.1666 23.5
3 225.11 24.6098 23.5
3 226.554 26.0534 23.5
3 228.027 27.5261 23.5
3 229.468 28.9677 23.5
3 230.919 30.4186 23.5
3 232.379 31.8781 23.5
3 233.822 33.3212 23.5
3 235.274 34.773 23.5
3 236.718 36.2169 23.5
3 238.161 37.6607 23.5
3 239.613 39.1127 23.5
3 241.057 40.5568 23.5
3 242.502 42.0011 23.5
3 243.96 43.4589 23.5
3 245.404 44.9032 23.5
3 246.865 46.3647 23.5
3 248.309 47.8086 23.5
3 249.753 49.2526 23.5
3 251.221 50.7208 23.5
3 252.666 52.1649 23.5
3 254.109 53.6087 23.5
3 255.561 55.0604 23.5
3 257.005 56.5044 23.5
3 258.449 57.9486 23.5
3 259.907 59.4065 23.5
3 261.351 60.8505 23.5
3 262.802 62.3017 23.5
3 264.246 63.7456 23.5
3 265.7 65.1996 23.5
4 267.158 6.7e-08 23.5
4 268.601 1.44342 23.5
4 270.045 2.887 23.5
4 271.496 4.33868 23.5
4 272.946 5.78786 23.5
4 274.388 7.23043 23.5
4 275.839 8.68145 23.5
4 277.283 10.125 23.5
4 278.726 11.5685 23.5
4 280.183 13.0257 23.5
4 281.627 14.4692 23.5
4 283.079 15.9212 23.5
4 284.523 17.3652 23.5
4 285.967 18.8091 23.5
4 287.418 20.2607 23.5
4 288.862 21.7044 23.5
4 290.306 23.1484 23.5
4 291.779 24.6211 23.5
4 293.222 26.0644 23.5
4 294.665 27.5071 23.5
4 296.116 28.9586 23.5
4 297.56 30.4021 23.5
4 299.015 31.857 23.5
4 300.465 33.3068 23.5
4 301.907 34.7492 23.5
4 303.358 36.2006 23.5
4 304.802 37.6446 23.5
4 306.256 39.098 23.5
4 307.713 40.5554 23.5
4 309.157 41.9989 23.5
4 310.611 43.4529 23.5
4 312.063 44.9049 23.5
4 313.506 46.3484 23.5
4 314.95 47.792 23.5
4 316.407 49.2493 23.5
4 317.85 50.6919 23.5
4 319.292 52.1344 23.5
4 320.741 53.5837 23.5
4 322.184 55.0267 23.5
4 323.635 56.4777 23.5
4 325.084 57.9265 23.5
4 326.527 59.3689 23.5
4 327.976 60.8186 23.5
4 329.42 62.262 23.5
4 330.864 63.706 23.5
4 332.32 65.1627 23.5
4 333.764 66.6061 23.5
5 335.208 8.5e-08 23.5
5 336.66 1.45187 23.5
5 338.103 2.89547 23.5
5 339.548 4.33956 23.5
5 340.999 5.79118 23.5
5 342.443 7.23502 23.5
5 343.898 8.68988 23.5
5 345.348 10.1398 23.5
5 346.791 11.5831 23.5
5 348.242 13.0344 23.5
5 349.686 14.4779 23.5
5 351.134 15.9263 23.5
5 352.584 17.3757 23.5
5 354.026 18.8181 23.5
5 355.469 20.2614 23.5
5 356.927 21.7188 23.5
5 358.385 23.177 23.5
5 359.826 24.6184 23.5
5 361.277 26.0692 23.5
5 362.736 27.5278 23.5
5 364.187 28.9792 23.5
5 365.631 30.4228 23.5
5 367.074 31.8662 23.5
5 368.526 33.318 23.5
5 369.969 34.7611 23.5
5 371.413 36.205 23.5
5 372.887 37.6788 23.5
5 374.328 39.12 23.5
5 375.771 40.5626 23.5
5 377.238 42.0299 23.5
5 378.682 43.474 23.5
5 380.134 44.9256 23.5
5 381.578 46.3696 23.5
5 383.021 47.8133 23.5
5 384.473 49.2647 23.5
5 385.916 50.7084 23.5
5 387.36 52.1519 23.5
5 388.833 53.6253 23.5
5 390.275 55.0674 23.5
5 391.718 56.5095 23.5
5 393.168 57.9605 23.5
5 394.612 59.4035 23.5
5 396.08 60.8715 23.5
5 397.524 62.3156 23.5
5 398.967 63.7588 23.5
5 400.419 65.2105 23.5
5 401.862 66.6541 23.5
5 403.306 68.0979 23.5
6 404.763 7.6e-08 23.5
6 406.207 1.44386 23.5
6 407.651 2.88739 23.5
6 409.102 4.33893 23.5
6 410.546 5.78289 23.5
6 411.99 7.22653 23.5
6 413.442 8.67851 23.5
6 414.907 10.1434 23.5
6 416.356 11.5927 23.5
6 417.799 13.0353 23.5
6 419.242 14.479 23.5
6 420.693 15.9298 23.5
6 422.153 17.3898 23.5
6 423.597 18.8341 23.5
6 425.049 20.2858 23.5
6 426.493 21.7294 23.5
6 427.937 23.1735 23.5
6 429.41 24.6463 23.5
6 430.852 26.089 23.5
6 432.302 27.5386 23.5
6 433.75 28.9865 23.5
6 435.192 30.4286 23.5
6 436.642 31.8788 23.5
6 438.085 33.3213 23.5
6 439.527 34.7642 23.5
7 440.985 7.2e-08 23.5
7 442.429 1.44378 23.5
7 443.873 2.88794 23.5
7 445.324 4.33957 23.5
7 446.768 5.78282 23.5
7 448.212 7.22672 23.5
7 449.663 8.67818 23.5
7 451.107 10.1224 23.5
7 452.551 11.5659 23.5
7 454.008 13.0232 23.5
7 455.467 14.482 23.5
7 456.916 15.9315 23.5
7 458.359 17.3737 23.5
8 459.801 7e-08 23.5
8 461.258 1.45723 23.5
8 462.712 2.91059 23.5
8 464.155 4.35348 23.5
8 465.606 5.80496 23.5
8 467.05 7.24845 23.5
8 468.493 8.69203 23.5
8 469.95 10.1491 23.5
9 471.394 6.6e-08 23.5
9 472.845 1.45143 23.5
9 474.299 2.90528 23.5
9 475.743 4.34849 23.5
10 477.199 6e-08 23.5
10 478.643 1.44364 23.5
10 480.085 2.8861 23.5
11 481.546 7.1e-08 23.5
11 482.989 1.44245 24
12 484.433 6.9e-08 24
12 485.883 1.45037 24
13 487.326 6.1e-08 24
13 488.77 1.44344 24
14 490.227 7e-08 24
15 491.67 6.2e-08 24
16 493.123 3.6e-08 24
16 494.566 1.44314 24
17 496.014 9.4e-08 24
18 497.465 7.1e-08 24
18 498.907 1.44203 24
19 500.35 6.8e-08 24
20 501.805 6.5e-08 24
21 503.249 1.14e-07 24
21 504.692 1.44316 24
22 506.143 8.1e-08 23.5
23 507.597 6.8e-08 24
23 509.041 1.44397 24
24 510.503 1.16e-07 23.5
25 511.943 9e-08 24
25 513.395 1.45159 24
26 514.844 9.1e-08 24
26 516.286 1.44277 23.5
27 517.736 7.1e-08 24
27 519.178 1.44255 24
28 522.022 1.46e-07 24
28 523.477 1.45507 24
29 528.723 1.48e-07 24
29 530.165 1.4426 23.5
