0 5.29226 1.01e-07 20.5
0 8.1756 2.88334 20.5
0 9.62787 4.33561 20.5
0 11.0709 5.77868 20.5
1 12.5138 7.5e-08 20.5
1 13.9694 1.45558 20.5
1 15.4126 2.89873 20.5
1 16.8536 4.33979 20.5
2 18.305 9.7e-08 20.5
2 19.7463 1.44121 20.5
2 21.1882 2.88316 20.5
2 22.639 4.33398 20.5
3 24.0812 7.7e-08 20.5
3 25.523 1.44183 20.5
3 26.9817 2.90056 20.5
3 28.4213 4.34015 20.5
3 29.8726 5.79146 20.5
4 31.3147 9e-08 20.5
4 32.759 1.44424 20.5
4 34.2122 2.8975 20.5
4 35.652 4.33726 20.5
4 37.1032 5.7885 20.5
4 38.5502 7.23548 20.5
5 39.9935 7.6e-08 20.5
5 41.4356 1.44203 20.5
5 42.8866 2.89301 20.5
5 44.3338 4.3403 20.5
5 45.7757 5.78215 20.5
5 47.2247 7.2312 20.5
5 48.6659 8.6724 21
6 50.1086 7.7e-08 21
6 51.5703 1.46177 21
6 53.0148 2.90627 21
6 54.4672 4.35862 21
7 55.9115 6.9e-08 21
7 57.3545 1.44303 21
7 58.8166 2.90511 21.5
8 60.2606 6.6e-08 21.5
8 61.7044 1.44384 21.5
9 63.156 7.7e-08 21.5
9 64.5991 1.4431 21.5
10 66.0617 6.1e-08 21.5
11 67.5058 6.8e-08 21.5
11 68.9502 1.44438 21.5
12 70.4022 7.4e-08 21.5
13 71.8464 5.6e-08 21.5
13 73.3003 1.45395 22
14 74.7523 6.7e-08 22
15 76.1961 7.6e-08 22
16 77.6402 5.9e-08 22
16 79.0912 1.45104 21.5
17 80.5453 1.39e-07 22
18 81.9969 7.5e-08 22
19 83.441 7.3e-08 22
19 84.8853 1.44435 22
20 86.3372 7.1e-08 22
21 87.7914 8.2e-08 21.5
22 89.2351 7.1e-08 21.5
22 90.6874 1.45231 22
23 92.131 8.7e-08 22
24 93.5746 6.6e-08 22
24 95.0288 1.45416 22
25 96.4692 6.6e-08 21
26 98.7128 1.54e-07 22
26 100.159 1.44617 20.5
27 102.608 1.12e-07 22
27 104.049 1.44081 21
28 108.602 1.46e-07 22
28 110.05 1.4485 21
29 119.098 1.55e-07 22
29 120.538 1.43954 20.5
