        type trial_config ert_flop   unroll  buffers        nsize       trials       microsecs        bytes        flops         GB/s         GF/s
       float    coalesced      377        8        1           32     16777216    53189502.399   1073741824  50600083456        0.020        0.951
       float    coalesced      377        8        1           64     16777216    53341046.382   2147483648 101200166912        0.040        1.897
       float    coalesced      377        8        1          128     16777216    53714064.437   4294967296 202400333824        0.080        3.768
       float    coalesced      377        8        1          256     16777216    54553346.121   8589934592 404800667648        0.157        7.420
       float    coalesced      377        8        1          512      8388608    28056210.763   8589934592 404800667648        0.306       14.428
       float    coalesced      377        8        1         1024      4194304    14156445.763   8589934592 404800667648        0.607       28.595
       float    coalesced      377        8        1         2048      2097152     7274094.101   8589934592 404800667648        1.181       55.650
       float    coalesced      377        8        1         4096      1048576     3897009.177   8589934592 404800667648        2.204      103.875
       float    coalesced      377        8        1         8192       524288     2153766.000   8589934592 404800667648        3.988      187.950
       float    coalesced      377        8        1        16384       262144     1302161.536   8589934592 404800667648        6.597      310.868
       float    coalesced      377        8        1        32768       131072      874909.184   8589934592 404800667648        9.818      462.677
       float    coalesced      377        8        1        65536        65536      654962.686   8589934592 404800667648       13.115      618.051
       float    coalesced      377        8        1       131072        32768      548268.442   8589934592 404800667648       15.667      738.326
       float    coalesced      377        8        1       262144        16384      498586.936   8589934592 404800667648       17.229      811.896
       float    coalesced      377        8        1       524288         8192      469090.760   8589934592 404800667648       18.312      862.947
       float    coalesced      377        8        1      1048576         4096      456223.039   8589934592 404800667648       18.828      887.287
       float    coalesced      377        8        1      2097152         2048      449293.721   8589934592 404800667648       19.119      900.971
       float    coalesced      377        8        1      4194304         1024      446135.396   8589934592 404800667648       19.254      907.349
       float    coalesced      377        8        1      8388608          512      444420.773   8589934592 404800667648       19.328      910.850
       float    coalesced      377        8        1     16777216          256      443589.110   8589934592 404800667648       19.365      912.558
       float    coalesced      377        8        1     33554432          128      443187.761   8589934592 404800667648       19.382      913.384
       float    coalesced      377        8        1     67108864           64      442987.023   8589934592 404800667648       19.391      913.798
       float    coalesced      377        8        1    134217728           32      442835.762   8589934592 404800667648       19.398      914.110
       float    coalesced      377        8        1    268435456           16      442812.797   8589934592 404800667648       19.399      914.158
       float    coalesced      377        8        1    536870912            8      442764.911   8589934592 404800667648       19.401      914.256
       float    coalesced      377        8        1   1073741824            4      442767.267   8589934592 404800667648       19.401      914.252
       float    coalesced      377        8        1   2147483648            2      442772.303   8589934592 404800667648       19.400      914.241
       float    coalesced      377        8        1   4293918720            1      442625.006   8587837440 404701839360       19.402      914.322
