0 6.59853 8.4e-08 21.5
0 9.49145 2.89293 21.5
0 10.9345 4.33595 21.5
0 12.3758 5.77729 21.5
0 13.827 7.22846 21.5
0 15.269 8.67052 21.5
0 16.7096 10.1111 21.5
0 18.1613 11.5628 21.5
1 19.6027 8.9e-08 21.5
1 21.0458 1.4431 21.5
1 22.5047 2.9019 21.5
1 23.9468 4.34405 21.5
1 25.3899 5.78711 21.5
1 26.8411 7.23837 21.5
1 28.2843 8.68154 21.5
1 29.7278 10.1251 21.5
2 31.1791 6.9e-08 21.5
2 32.6229 1.44379 21.5
2 34.0656 2.88649 21.5
2 35.5227 4.34353 21.5
2 36.9662 5.78708 21.5
2 38.4169 7.23774 21.5
2 39.8601 8.68101 21.5
2 41.3035 10.1244 21.5
2 42.7552 11.5761 21.5
3 44.1981 1.32e-07 21.5
3 45.6413 1.44318 21.5
3 47.0979 2.89979 21.5
3 48.5414 4.34328 21.5
3 49.9843 5.7862 21.5
3 51.436 7.23784 21.5
3 52.8791 8.68101 21.5
3 54.3223 10.1242 21.5
3 55.7737 11.5756 21.5
3 57.2167 13.0186 22
4 58.6595 1.74e-07 22
4 60.1168 1.45728 22
4 61.56 2.90047 22
4 63.0108 4.35132 22
4 64.4534 5.79393 22
5 65.8965 8.3e-08 22
5 67.3472 1.45066 22
5 68.7908 2.89433 22.5
6 70.2343 7.4e-08 22.5
6 71.6909 1.45663 23
7 73.1336 7.3e-08 23.5
8 74.5766 1.06e-07 24.5
10 76.028 6.5e-08 24.5
12 77.4705 1.36e-07 25
15 78.9132 7.3e-08 25
17 80.3638 6.8e-08 25
19 81.8071 1.92e-07 25
21 83.2506 8.1e-08 25
23 85.0114 1.77e-07 23
24 86.6621 1.07e-07 22
25 89.3096 1.65e-07 22
26 94.0539 1.69e-07 22
27 103.201 1.6e-07 22
