0 3.3689 1e-07 20.5
0 6.25997 2.89107 20.5
0 7.70391 4.33501 20.5
1 9.15441 7.4e-08 20.5
1 10.5951 1.44068 20.5
1 12.0391 2.8847 20.5
1 13.489 4.33454 20.5
2 14.9327 6.8e-08 20.5
2 16.3792 1.44644 20.5
2 17.8339 2.90114 20.5
2 19.2709 4.33819 20.5
2 20.7267 5.79398 21
3 22.1699 6.6e-08 21
3 23.6139 1.44397 21
4 25.0714 6.1e-08 21
4 26.514 1.44264 21
6 27.9566 6.5e-08 23
9 29.407 5.5e-08 23.5
13 30.8488 6.8e-08 23.5
17 32.2915 6.3e-08 23.5
21 33.7425 5.2e-08 21
23 35.2852 1.06e-07 20.5
24 36.8263 1.44e-07 21
25 39.4776 1e-07 21
26 44.4239 1.53e-07 20.5
