0 3.27944 9e-08 22.5
0 6.16868 2.88924 22.5
0 7.61374 4.3343 22.5
0 9.06444 5.785 22.5
0 10.5091 7.2297 22.5
0 11.9519 8.67241 22.5
0 13.4088 10.1294 22.5
0 14.8535 11.5741 22.5
0 16.2967 13.0172 22.5
0 17.7457 14.4662 22.5
0 19.1866 15.9072 22.5
0 20.638 17.3586 22.5
0 22.081 18.8015 22.5
0 23.5247 20.2452 22.5
0 24.9763 21.6968 22.5
0 26.4196 23.1401 22.5
0 27.863 24.5835 22.5
0 29.313 26.0336 22.5
0 30.755 27.4756 22.5
0 32.1985 28.9191 22.5
0 33.6556 30.3762 22.5
0 35.0991 31.8197 22.5
0 36.5429 33.2634 22.5
0 37.9947 34.7152 22.5
0 39.4383 36.1589 22.5
0 40.8824 37.6029 22.5
1 42.3346 6.5e-08 22.5
1 43.7786 1.44395 22.5
1 45.2224 2.88779 22.5
1 46.6804 4.34574 22.5
1 48.1234 5.78879 22.5
1 49.5667 7.2321 22.5
1 51.0167 8.68212 22.5
1 52.4594 10.1247 22.5
1 53.9104 11.5758 22.5
1 55.354 13.0194 22.5
1 56.7978 14.4632 22.5
1 58.2498 15.9152 22.5
1 59.6939 17.3593 22.5
1 61.142 18.8074 22.5
1 62.5953 20.2607 22.5
1 64.0437 21.7091 22.5
1 65.4819 23.1472 22.5
1 66.9322 24.5976 22.5
1 68.3745 26.0399 22.5
1 69.8182 27.4836 22.5
1 71.2705 28.9358 22.5
1 72.7146 30.38 22.5
1 74.1586 31.824 22.5
1 75.6103 33.2757 22.5
1 77.0542 34.7196 22.5
1 78.4978 36.1632 22.5
1 79.9545 37.6198 22.5
2 81.3913 1.16e-07 22.5
2 82.8336 1.44223 22.5
2 84.2899 2.89853 22.5
2 85.7333 4.34199 22.5
2 87.1854 5.79403 22.5
2 88.6294 7.2381 22.5
2 90.0734 8.68203 22.5
2 91.5253 10.134 22.5
2 92.9739 11.5825 22.5
2 94.413 13.0216 22.5
2 95.8707 14.4794 22.5
2 97.314 15.9226 22.5
2 98.7608 17.3695 22.5
2 100.206 18.8148 22.5
2 101.649 20.2581 22.5
2 103.093 21.7017 22.5
2 104.545 23.1539 22.5
2 105.989 24.5975 22.5
2 107.433 26.0418 22.5
2 108.885 27.4941 22.5
2 110.33 28.9384 22.5
2 111.774 30.3823 22.5
2 113.232 31.8403 22.5
2 114.676 33.2843 22.5
2 116.128 34.7365 22.5
2 117.572 36.1805 22.5
3 119.016 8.4e-08 22.5
3 120.468 1.45251 22.5
3 121.912 2.89681 22.5
3 123.356 4.34073 22.5
3 124.814 5.79863 22.5
3 126.258 7.24238 22.5
3 127.702 8.68647 22.5
3 129.153 10.1376 22.5
3 130.597 11.5809 22.5
3 132.039 13.023 22.5
3 133.489 14.4731 22.5
3 134.932 15.9163 22.5
3 136.376 17.3603 22.5
3 137.827 18.8118 22
3 139.271 20.2553 22.5
3 140.715 21.6992 22.5
3 142.173 23.1569 22.5
3 143.616 24.6007 22.5
3 145.06 26.0441 22.5
3 146.51 27.4948 22.5
3 147.953 28.9373 22.5
3 149.404 30.388 22.5
3 150.847 31.8311 22.5
3 152.29 33.2748 22.5
3 153.742 34.7266 22.5
3 155.186 36.1703 22.5
3 156.63 37.6141 22.5
4 158.088 9.6e-08 22.5
4 159.532 1.44434 22.5
4 160.977 2.88887 22.5
4 162.429 4.34112 22.5
4 163.873 5.78502 22.5
4 165.317 7.22892 22.5
4 166.769 8.68104 22.5
4 168.214 10.1258 22.5
4 169.657 11.5689 22.5
4 171.115 13.027 22.5
4 172.558 14.4704 22.5
4 174.001 15.9131 22.5
4 175.456 17.368 22.5
4 176.894 18.8066 22.5
4 178.346 20.2586 22.5
4 179.79 21.7025 22.5
4 181.234 23.1462 22.5
4 182.69 24.6025 22.5
4 184.131 26.0429 22.5
4 185.575 27.4872 22.5
4 187.033 28.9451 22.5
4 188.477 30.3891 22.5
4 189.921 31.8332 22.5
4 191.373 33.2854 22.5
4 192.818 34.7299 22.5
4 194.262 36.1742 22.5
4 195.714 37.6266 22.5
4 197.158 39.0702 22.5
4 198.601 40.5135 22.5
5 200.059 7.9e-08 22.5
5 201.503 1.44386 22.5
5 202.955 2.89578 22.5
5 204.397 4.33845 22.5
5 205.839 5.78058 22.5
5 207.29 7.23089 22.5
5 208.733 8.67417 22.5
5 210.176 10.1175 22.5
5 211.629 11.5697 22.5
5 213.072 13.0127 22.5
5 214.515 14.4565 22.5
5 215.973 15.9144 22.5
5 217.417 17.3585 22.5
5 218.861 18.8025 22.5
5 220.313 20.2546 22.5
5 221.757 21.6983 22.5
5 223.201 23.1419 22.5
5 224.652 24.5936 22.5
5 226.096 26.0369 22.5
5 227.538 27.4788 22.5
5 228.989 28.9297 22.5
5 230.431 30.3726 22.5
5 231.875 31.8166 22.5
5 233.334 33.2748 22.5
5 234.777 34.7183 22.5
5 236.229 36.1703 22.5
5 237.673 37.6142 22.5
5 239.117 39.0579 22.5
5 240.568 40.5094 22.5
5 242.011 41.9525 22.5
6 243.455 7.3e-08 22.5
6 244.906 1.45117 22.5
6 246.348 2.89279 22.5
6 247.791 4.33563 22.5
6 249.247 5.7922 22.5
6 250.691 7.23552 22.5
6 252.134 8.67886 22.5
6 253.586 10.131 22.5
6 255.03 11.5747 22.5
6 256.474 13.0184 22.5
6 257.926 14.4708 22.5
6 259.37 15.9151 22.5
6 260.814 17.3592 22.5
6 262.273 18.8174 22.5
6 263.717 20.2614 22.5
6 265.169 21.7139 22.5
7 266.613 7.7e-08 22.5
7 268.057 1.4439 22.5
7 269.509 2.89574 22.5
7 270.953 4.33956 22.5
7 272.396 5.78288 22.5
7 273.846 7.2331 22.5
7 275.289 8.67522 22.5
7 276.731 10.1182 22.5
7 278.188 11.5745 22.5
8 279.632 6.8e-08 22.5
8 281.075 1.44364 22.5
8 282.528 2.89578 22.5
8 283.972 4.33997 22.5
8 285.416 5.78415 22.5
9 286.868 8.2e-08 22.5
9 288.312 1.4442 22.5
9 289.756 2.88845 22.5
10 291.215 8.8e-08 22.5
10 292.659 1.44486 22.5
11 294.112 6e-08 22.5
11 295.556 1.44409 22.5
12 297.001 6.4e-08 22.5
13 298.453 4.7e-08 23
13 299.897 1.44401 23
14 301.341 7e-08 23
15 302.799 9.3e-08 23
15 304.243 1.44428 23
16 305.688 8.2e-08 23
17 307.14 6e-08 23
18 308.584 6.4e-08 23
18 310.028 1.44431 23
19 311.481 6.8e-08 23
20 312.925 5.8e-08 23
21 314.37 6.5e-08 23
21 315.828 1.45792 23
22 317.272 7e-08 23
23 318.728 1.2e-07 23
23 320.167 1.43963 23
24 321.612 6.7e-08 22.5
25 323.064 8.1e-08 23
25 324.508 1.4442 23
26 325.952 8.4e-08 23
27 328.511 1.37e-07 23
27 329.955 1.44405 22.5
28 332.9 1.64e-07 23
28 334.344 1.44365 22.5
29 339.491 1.63e-07 23
29 340.934 1.44272 22.5
