        type trial_config ert_flop   unroll  buffers        nsize       trials       microsecs        bytes        flops         GB/s         GF/s
       float    coalesced        8        1        1            4     16777216     6897964.056    134217728    134217728        0.019        0.019
       float    coalesced        8        1        1            8     16777216     7273833.788    268435456    268435456        0.037        0.037
       float    coalesced        8        1        1           16     16777216     7701743.768    536870912    536870912        0.070        0.070
       float    coalesced        8        1        1           32     16777216     8183090.019   1073741824   1073741824        0.131        0.131
       float    coalesced        8        1        1           64     16777216     9406730.383   2147483648   2147483648        0.228        0.228
       float    coalesced        8        1        1          128     16777216    11222481.326   4294967296   4294967296        0.383        0.383
       float    coalesced        8        1        1          256     16777216    14547639.594   8589934592   8589934592        0.590        0.590
       float    coalesced        8        1        1          512      8388608     8985299.592   8589934592   8589934592        0.956        0.956
       float    coalesced        8        1        1         1024      4194304     6339118.408   8589934592   8589934592        1.355        1.355
       float    coalesced        8        1        1         2048      2097152     5114525.732   8589934592   8589934592        1.680        1.680
       float    coalesced        8        1        1         4096      1048576     4243171.482   8589934592   8589934592        2.024        2.024
       float    coalesced        8        1        1         8192       524288     4091633.565   8589934592   8589934592        2.099        2.099
       float    coalesced        8        1        1        16384       262144     3831052.678   8589934592   8589934592        2.242        2.242
       float    coalesced        8        1        1        32768       131072     3829806.580   8589934592   8589934592        2.243        2.243
       float    coalesced        8        1        1        65536        65536     3720300.588   8589934592   8589934592        2.309        2.309
       float    coalesced        8        1        1       131072        32768     3721601.996   8589934592   8589934592        2.308        2.308
       float    coalesced        8        1        1       262144        16384     3709646.332   8589934592   8589934592        2.316        2.316
       float    coalesced        8        1        1       524288         8192     3708213.117   8589934592   8589934592        2.316        2.316
       float    coalesced        8        1        1      1048576         4096     3705865.416   8589934592   8589934592        2.318        2.318
       float    coalesced        8        1        1      2097152         2048     3704096.131   8589934592   8589934592        2.319        2.319
       float    coalesced        8        1        1      4194304         1024     3703449.048   8589934592   8589934592        2.319        2.319
       float    coalesced        8        1        1      8388608          512     3703167.139   8589934592   8589934592        2.320        2.320
       float    coalesced        8        1        1     16777216          256     3702930.106   8589934592   8589934592        2.320        2.320
       float    coalesced        8        1        1     33554432          128     3702925.846   8589934592   8589934592        2.320        2.320
       float    coalesced        8        1        1     67108864           64     3702869.896   8589934592   8589934592        2.320        2.320
       float    coalesced        8        1        1    134217728           32     3702857.910   8589934592   8589934592        2.320        2.320
       float    coalesced        8        1        1    268435456           16     3702886.927   8589934592   8589934592        2.320        2.320
       float    coalesced        8        1        1    536870912            8     3702775.296   8589934592   8589934592        2.320        2.320
       float    coalesced        8        1        1   1073741824            4     3702887.155   8589934592   8589934592        2.320        2.320
       float    coalesced        8        1        1   2147483648            2     3702794.486   8589934592   8589934592        2.320        2.320
       float    coalesced        8        1        1   4293918720            1     3701854.906   8587837440   8587837440        2.320        2.320
