        type trial_config ert_flop   unroll  buffers        nsize       trials       microsecs        bytes        flops         GB/s         GF/s
         int    coalesced        2        8        2           64     16777216     6235116.541   2147483648    536870912        0.344        0.086
         int    coalesced        2        8        2          128     16777216     6546815.813   4294967296   1073741824        0.656        0.164
         int    coalesced        2        8        2          256     16777216     6891348.115   8589934592   2147483648        1.246        0.312
         int    coalesced        2        8        2          512     16777216     7702065.143  17179869184   4294967296        2.231        0.558
         int    coalesced        2        8        2         1024      8388608     4676436.543  17179869184   4294967296        3.674        0.918
         int    coalesced        2        8        2         2048      4194304     2728099.334  17179869184   4294967296        6.297        1.574
         int    coalesced        2        8        2         4096      2097152     1585692.868  17179869184   4294967296       10.834        2.709
         int    coalesced        2        8        2         8192      1048576     1055719.255  17179869184   4294967296       16.273        4.068
         int    coalesced        2        8        2        16384       524288      826359.133  17179869184   4294967296       20.790        5.197
         int    coalesced        2        8        2        32768       262144      747058.007  17179869184   4294967296       22.997        5.749
         int    coalesced        2        8        2        65536       131072      767596.883  17179869184   4294967296       22.381        5.595
         int    coalesced        2        8        2       131072        65536      799483.086  17179869184   4294967296       21.489        5.372
         int    coalesced        2        8        2       262144        32768      817433.947  17179869184   4294967296       21.017        5.254
         int    coalesced        2        8        2       524288        16384      826599.530  17179869184   4294967296       20.784        5.196
         int    coalesced        2        8        2      1048576         8192      830895.281  17179869184   4294967296       20.676        5.169
         int    coalesced        2        8        2      2097152         4096      833149.367  17179869184   4294967296       20.620        5.155
         int    coalesced        2        8        2      4194304         2048      834380.314  17179869184   4294967296       20.590        5.147
         int    coalesced        2        8        2      8388608         1024      834875.501  17179869184   4294967296       20.578        5.144
         int    coalesced        2        8        2     16777216          512      835151.195  17179869184   4294967296       20.571        5.143
         int    coalesced        2        8        2     33554432          256      835327.638  17179869184   4294967296       20.567        5.142
         int    coalesced        2        8        2     67108864          128      835401.142  17179869184   4294967296       20.565        5.141
         int    coalesced        2        8        2    134217728           64      835392.353  17179869184   4294967296       20.565        5.141
         int    coalesced        2        8        2    268435456           32      835316.233  17179869184   4294967296       20.567        5.142
         int    coalesced        2        8        2    536870912           16      835484.656  17179869184   4294967296       20.563        5.141
         int    coalesced        2        8        2   1073741824            8      835350.657  17179869184   4294967296       20.566        5.142
         int    coalesced        2        8        2   2147483648            4      835464.066  17179869184   4294967296       20.563        5.141
         int    coalesced        2        8        2   4294967296            2      835492.314  17179869184   4294967296       20.563        5.141
         int    coalesced        2        8        2   8588886016            1      835234.749  17177772032   4294443008       20.566        5.142
