0 7.0102 1.06e-07 20.5
0 9.90809 2.89788 20.5
0 11.3497 4.3395 20.5
0 12.806 5.79577 20.5
1 14.2493 1.65e-07 20.5
1 15.69 1.44079 20.5
1 17.1429 2.89364 20.5
1 18.5846 4.33538 20.5
1 20.0284 5.77915 20.5
2 21.4784 1.15e-07 20.5
2 22.9204 1.44205 20.5
2 24.3623 2.88391 20.5
2 25.8211 4.34271 20.5
2 27.263 5.7846 20.5
3 28.7141 9.8e-08 20.5
3 30.1759 1.46173 20.5
3 31.6215 2.90738 20.5
3 33.094 4.37985 20.5
3 34.5326 5.81841 20.5
3 35.975 7.26083 20.5
4 37.4373 9.5e-08 20.5
4 38.8862 1.44887 20.5
4 40.337 2.8997 20.5
4 41.7795 4.34216 20.5
4 43.2388 5.80148 20.5
4 44.6952 7.25791 20.5
5 46.1444 1.31e-07 20.5
5 47.6057 1.46129 20.5
5 49.0485 2.90417 20.5
5 50.5027 4.35833 20.5
5 51.9704 5.82604 20.5
5 53.4189 7.27453 20.5
5 54.8629 8.71857 20.5
5 56.3357 10.1913 20.5
5 57.7794 11.635 20.5
6 59.2352 1.25e-07 20.5
6 60.6886 1.45341 20.5
6 62.132 2.89685 20.5
6 63.5838 4.34858 20.5
6 65.0327 5.7975 20.5
6 66.4739 7.23872 20.5
6 67.9347 8.69947 20.5
6 69.3838 10.1486 20.5
6 70.8437 11.6085 20.5
6 72.3037 13.0685 20.5
7 73.7522 1.24e-07 20.5
7 75.2039 1.45168 20.5
7 76.6479 2.89567 20.5
7 78.0919 4.33964 20.5
7 79.5651 5.81287 20.5
7 81.0136 7.26136 20.5
7 82.4765 8.72423 20.5
7 83.9244 10.1721 20.5
7 85.3735 11.6212 20.5
7 86.8403 13.088 20.5
7 88.2888 14.5365 20.5
7 89.7406 15.9884 20.5
8 91.1847 1.09e-07 20.5
8 92.6282 1.4435 20.5
8 94.1004 2.91571 20.5
8 95.5561 4.37138 20.5
8 97.0042 5.81949 20.5
8 98.458 7.27331 20.5
8 99.8976 8.71288 20.5
8 101.347 10.1627 20.5
8 102.795 11.6102 21
9 104.249 9.3e-08 21
9 105.709 1.45941 21
9 107.151 2.90201 21
9 108.596 4.34653 21
9 110.048 5.79915 21
9 111.493 7.24336 21
9 112.936 8.68728 21
10 114.404 9.3e-08 21
10 115.847 1.44364 21
10 117.313 2.90895 21
10 118.754 4.34987 21
10 120.203 5.79966 21
10 121.654 7.24978 21
11 123.096 1.16e-07 21
11 124.538 1.44204 21
11 125.99 2.89363 21
11 127.432 4.33539 21
11 128.875 5.77885 21
12 130.343 1.1e-07 21
12 131.787 1.44333 21
12 133.254 2.91058 21
12 134.697 4.35362 21
12 136.14 5.79689 21
13 137.595 1.32e-07 21
13 139.039 1.44384 21
13 140.483 2.88766 21
13 141.941 4.34567 21
13 143.385 5.78998 21
14 144.837 9.3e-08 21
14 146.285 1.4483 21
14 147.729 2.89252 21
14 149.197 4.36088 21
14 150.642 5.80504 21
14 152.095 7.25819 21
15 153.549 1.05e-07 21
15 154.998 1.44883 21
15 156.45 2.90063 21
15 157.893 4.34412 21
15 159.337 5.78782 21
16 160.787 9.8e-08 21
16 162.245 1.45853 21
16 163.689 2.90232 21
16 165.144 4.35755 21
16 166.587 5.80017 21
17 168.04 1.18e-07 21
17 169.493 1.45291 21
17 170.941 2.90133 21
17 172.393 4.35276 21
17 173.839 5.79865 21
18 175.281 8.6e-08 21
18 176.749 1.468 21
18 178.193 2.91198 21
18 179.637 4.35602 21
18 181.103 5.82261 21
19 182.547 1.38e-07 21
19 184.008 1.46077 21
19 185.448 2.90116 21
19 186.892 4.34498 21
19 188.355 5.80823 21
20 189.798 9.9e-08 21
20 191.242 1.44374 21
20 192.693 2.89516 21
20 194.136 4.33768 21
20 195.578 5.77988 21
21 197.03 9.8e-08 21
21 198.488 1.45881 21
21 199.94 2.90985 21
21 201.382 4.35203 21
21 202.83 5.80012 21
22 204.279 1.47e-07 21
22 205.728 1.44841 21
22 207.165 2.88552 21
22 208.621 4.34201 21
22 210.064 5.78477 21
23 211.508 1.18e-07 21
23 212.959 1.45175 21
23 214.408 2.9005 21
23 215.852 4.34447 21
23 217.32 5.81259 21
24 218.764 1.09e-07 21
24 220.221 1.45691 21
24 221.662 2.89809 21
24 223.106 4.34148 21
24 224.567 5.80311 21
25 226.01 1.26e-07 21
25 227.454 1.44361 21
25 228.904 2.89382 21
25 230.346 4.336 21
25 231.787 5.7775 21
26 233.237 1.2e-07 21
26 234.679 1.44166 21
26 236.133 2.89617 21
26 237.583 4.34568 21
26 239.034 5.79666 21
27 240.682 1.08e-07 21
27 242.141 1.45882 21
27 243.585 2.90279 21
27 245.037 4.35481 21
27 246.481 5.79884 21
28 248.926 1.06e-07 21
28 250.366 1.43968 21
28 251.808 2.882 21
28 253.263 4.33669 21
28 254.701 5.77556 21
28 256.143 7.21744 22
29 258.295 1.05e-07 21
29 259.732 1.4371 21
29 261.174 2.87947 21
29 262.631 4.33652 21
29 264.078 5.78296 21
29 265.526 7.23127 21
30 269.873 1.08e-07 21
30 271.31 1.43745 21
30 272.752 2.87988 21
30 274.209 4.33599 21
30 275.651 5.77849 21
30 277.094 7.22181 21
31 285.852 1.44e-07 21
31 287.288 1.43679 21
31 288.73 2.87872 21
31 290.187 4.33554 21
31 291.63 5.77825 21
