        type trial_config ert_flop   unroll  buffers        nsize       trials       microsecs        bytes        flops         GB/s         GF/s
       float    coalesced      503        6        1           24     16777216    96473060.832    805306368  50633637888        0.008        0.525
       float    coalesced      503        6        1           48     16777216    98195710.200   1610612736 101267275776        0.016        1.031
       float    coalesced      503        6        1           96     16777216    98195689.814   3221225472 202534551552        0.033        2.063
       float    coalesced      503        6        1          192     16777216    98260326.707   6442450944 405069103104        0.066        4.122
       float    coalesced      503        6        1          384     11184810    66336832.779   8589934080 540092105280        0.129        8.142
       float    coalesced      503        6        1          768      5592405    34206558.206   8589934080 540092105280        0.251       15.789
       float    coalesced      503        6        1         1536      2796202    17664923.824   8589932544 540092008704        0.486       30.574
       float    coalesced      503        6        1         3072      1398101     9279957.556   8589932544 540092008704        0.926       58.200
       float    coalesced      503        6        1         6144       699050     5168494.872   8589926400 540091622400        1.662      104.497
       float    coalesced      503        6        1        12288       349525     3117665.537   8589926400 540091622400        2.755      173.236
       float    coalesced      503        6        1        24576       174762     2075059.205   8589901824 540090077184        4.140      260.277
       float    coalesced      503        6        1        49152        87381     1564678.295   8589901824 540090077184        5.490      345.176
       float    coalesced      503        6        1        98304        43690     1308196.528   8589803520 540083896320        6.566      412.846
       float    coalesced      503        6        1       196608        21845     1180849.592   8589803520 540083896320        7.274      457.369
       float    coalesced      503        6        1       393216        10922     1116439.581   8589410304 540059172864        7.694      483.733
       float    coalesced      503        6        1       786432         5461     1085021.680   8589410304 540059172864        7.916      497.740
       float    coalesced      503        6        1      1572864         2730     1069312.148   8587837440 539960279040        8.031      504.960
       float    coalesced      503        6        1      3145728         1365     1061418.601   8587837440 539960279040        8.091      508.716
       float    coalesced      503        6        1      6291456          682     1056710.352   8581545984 539564703744        8.121      510.608
       float    coalesced      503        6        1     12582912          341     1054709.450   8581545984 539564703744        8.136      511.577
       float    coalesced      503        6        1     25165824          170     1050598.085   8556380160 537982402560        8.144      512.073
       float    coalesced      503        6        1     50331648           85     1050112.727   8556380160 537982402560        8.148      512.309
       float    coalesced      503        6        1    100663296           42     1037625.651   8455716864 531653197824        8.149      512.375
       float    coalesced      503        6        1    201326592           21     1037410.684   8455716864 531653197824        8.151      512.481
       float    coalesced      503        6        1    402653184           10      987979.287   8053063680 506336378880        8.151      512.497
       float    coalesced      503        6        1    805306368            5      987935.754   8053063680 506336378880        8.151      512.520
       float    coalesced      503        6        1   1610612736            2      790380.312   6442450944 405069103104        8.151      512.499
       float    coalesced      503        6        1   3221225472            1      790351.524   6442450944 405069103104        8.151      512.518
