        type trial_config ert_flop   unroll  buffers        nsize       trials       microsecs        bytes        flops         GB/s         GF/s
         int    coalesced        2       16        1           64     16777216     5455452.637   2147483648    536870912        0.394        0.098
         int    coalesced        2       16        1          128     16777216     5692604.923   4294967296   1073741824        0.754        0.189
         int    coalesced        2       16        1          256     16777216     6089883.351   8589934592   2147483648        1.411        0.353
         int    coalesced        2       16        1          512      8388608     3357294.866   8589934592   2147483648        2.559        0.640
         int    coalesced        2       16        1         1024      4194304     1925546.797   8589934592   2147483648        4.461        1.115
         int    coalesced        2       16        1         2048      2097152     1091185.395   8589934592   2147483648        7.872        1.968
         int    coalesced        2       16        1         4096      1048576      682044.838   8589934592   2147483648       12.594        3.149
         int    coalesced        2       16        1         8192       524288      467590.688   8589934592   2147483648       18.371        4.593
         int    coalesced        2       16        1        16384       262144      384011.555   8589934592   2147483648       22.369        5.592
         int    coalesced        2       16        1        32768       131072      359124.480   8589934592   2147483648       23.919        5.980
         int    coalesced        2       16        1        65536        65536      352863.321   8589934592   2147483648       24.344        6.086
         int    coalesced        2       16        1       131072        32768      346925.320   8589934592   2147483648       24.760        6.190
         int    coalesced        2       16        1       262144        16384      344348.850   8589934592   2147483648       24.945        6.236
         int    coalesced        2       16        1       524288         8192      342778.491   8589934592   2147483648       25.060        6.265
         int    coalesced        2       16        1      1048576         4096      342062.293   8589934592   2147483648       25.112        6.278
         int    coalesced        2       16        1      2097152         2048      341557.073   8589934592   2147483648       25.149        6.287
         int    coalesced        2       16        1      4194304         1024      341362.624   8589934592   2147483648       25.164        6.291
         int    coalesced        2       16        1      8388608          512      341241.478   8589934592   2147483648       25.173        6.293
         int    coalesced        2       16        1     16777216          256      341157.283   8589934592   2147483648       25.179        6.295
         int    coalesced        2       16        1     33554432          128      341137.819   8589934592   2147483648       25.180        6.295
         int    coalesced        2       16        1     67108864           64      341103.241   8589934592   2147483648       25.183        6.296
         int    coalesced        2       16        1    134217728           32      341077.668   8589934592   2147483648       25.185        6.296
         int    coalesced        2       16        1    268435456           16      341111.168   8589934592   2147483648       25.182        6.296
         int    coalesced        2       16        1    536870912            8      341124.181   8589934592   2147483648       25.181        6.295
         int    coalesced        2       16        1   1073741824            4      341142.441   8589934592   2147483648       25.180        6.295
         int    coalesced        2       16        1   2147483648            2      341120.444   8589934592   2147483648       25.182        6.295
         int    coalesced        2       16        1   4293918720            1      341013.804   8587837440   2146959360       25.183        6.296
