0 6.57988 8.6e-08 27
0 9.46473 2.88485 27
0 10.9189 4.33901 27
0 12.363 5.78313 27
0 13.8072 7.22734 27
0 15.2567 8.67683 27
0 16.6992 10.1194 27
0 18.1461 11.5663 27
0 19.5981 13.0182 27
0 21.0389 14.4591 27
0 22.4826 15.9027 27
0 23.9374 17.3575 27
0 25.3815 18.8016 27
0 26.8248 20.245 27
0 28.2751 21.6952 27
0 29.7342 23.1543 27
0 31.1883 24.6084 27
0 32.6498 26.07 27
0 34.0991 27.5193 27
0 35.5722 28.9923 27
0 37.0149 30.435 27
0 38.469 31.8892 27
0 39.9249 33.3451 27
0 41.3691 34.7892 27
0 42.8122 36.2324 27
0 44.2851 37.7052 27
0 45.7388 39.1589 27
0 47.1961 40.6163 27
0 48.6399 42.06 27
0 50.1051 43.5252 27
0 51.5676 44.9877 27
0 53.0215 46.4416 27
0 54.476 47.8962 27
0 55.9277 49.3478 27
0 57.3869 50.807 27
0 58.8544 52.2745 27
0 60.2987 53.7189 27
0 61.7363 55.1564 27
0 63.2033 56.6234 27
0 64.6471 58.0672 27
0 66.1007 59.5208 27
0 67.5684 60.9885 27
0 69.0226 62.4428 27
0 70.4792 63.8993 27
0 71.9236 65.3437 27
0 73.377 66.7971 27
0 74.8505 68.2706 27
0 76.299 69.7191 27
0 77.747 71.1671 27
0 79.198 72.6182 27
0 80.6629 74.083 27
0 82.12 75.5401 27
0 83.5692 76.9893 27
0 85.0181 78.4382 27
0 86.4761 79.8963 27
0 87.9352 81.3553 27
0 89.3889 82.809 27
0 90.8405 84.2606 27
1 92.3006 1.27e-07 27
1 93.7629 1.46234 27
1 95.2063 2.90569 27
1 96.6506 4.34996 27
1 98.1023 5.80172 27
1 99.5505 7.24988 27
1 100.995 8.69407 27
1 102.463 10.1621 27
1 103.907 11.6063 27
1 105.351 13.0502 27
1 106.813 14.5123 27
1 108.257 15.9561 27
1 109.706 17.4058 27
1 111.158 18.8578 27
1 112.624 20.3235 27
1 114.077 21.776 27
1 115.531 23.2303 27
1 116.975 24.6739 27
1 118.443 26.1419 27
1 119.887 27.5864 27
1 121.331 29.0307 27
1 122.783 30.4821 27
1 124.242 31.9415 27
1 125.685 33.3848 27
1 127.153 34.852 27
1 128.587 36.2863 27
1 130.031 37.7308 27
1 131.49 39.1891 27
1 132.927 40.6261 27
1 134.382 42.0812 27
1 135.833 43.5327 27
1 137.277 44.9768 27
1 138.73 46.4294 27
1 140.174 47.8735 27
1 141.632 49.3319 27
1 143.084 50.7836 27
1 144.528 52.2279 27
1 145.989 53.6885 27
1 147.441 55.1408 27
1 148.898 56.5979 27
1 150.339 58.0384 27
1 151.796 59.4959 27
1 153.241 60.9403 27
1 154.685 62.3849 27
1 156.144 63.843 27
1 157.602 65.3018 27
1 159.054 66.7532 27
1 160.502 68.2018 27
1 161.946 69.6454 27
1 163.398 71.0977 27
1 164.859 72.5583 27
1 166.303 74.0019 27
1 167.764 75.463 27
1 169.208 76.9078 27
1 170.653 78.3522 27
1 172.104 79.803 27
1 173.558 81.2575 27
1 175.002 82.7018 27
2 176.475 1.54e-07 27
2 177.918 1.44238 27
2 179.369 2.8935 27
2 180.818 4.34301 27
2 182.262 5.78646 27
2 183.714 7.23888 27
2 185.163 8.68824 27
2 186.608 10.1327 27
2 188.061 11.586 27
2 189.503 13.0278 27
2 190.947 14.4721 27
2 192.405 15.9299 27
2 193.843 17.3677 27
2 195.286 18.8111 27
2 196.745 20.2694 27
2 198.204 21.7288 27
2 199.647 23.1721 27
2 201.098 24.6229 27
2 202.546 26.0707 27
2 203.989 27.5135 27
2 205.44 28.9653 27
2 206.89 30.4148 27
2 208.334 31.8589 27
2 209.808 33.3323 27
2 211.251 34.7761 27
2 212.709 36.2339 27
2 214.153 37.678 27
2 215.597 39.1222 27
2 217.065 40.5895 27
2 218.509 42.0335 27
2 219.953 43.4777 27
2 221.415 44.9395 27
2 222.857 46.3823 27
2 224.302 47.8265 27
2 225.754 49.2791 27
2 227.198 50.7233 27
2 228.641 52.1662 27
2 230.094 53.6184 27
2 231.538 55.0627 27
2 232.981 56.5054 27
2 234.431 57.9563 27
2 235.876 59.4012 27
2 237.326 60.8504 27
2 238.784 62.309 27
2 240.242 63.767 27
2 241.69 65.2153 27
2 243.134 66.6591 27
2 244.578 68.1031 27
2 246.047 69.5716 27
2 247.484 71.0093 27
2 248.944 72.4692 27
2 250.396 73.9212 27
2 251.85 75.3747 27
2 253.294 76.8184 27
2 254.759 78.284 27
2 256.195 79.7196 27
2 257.639 81.1637 27
2 259.09 82.6148 27
2 260.549 84.0743 27
3 262.001 9.9e-08 27
3 263.455 1.4539 27
3 264.898 2.89731 27
3 266.367 4.36594 27
3 267.811 5.81009 27
3 269.262 7.2608 27
3 270.711 8.7097 27
3 272.154 10.153 27
3 273.598 11.5974 27
3 275.05 13.0495 27
3 276.494 14.4931 27
3 277.937 15.9364 27
3 279.399 17.3984 27
3 280.843 18.8426 27
3 282.286 20.2852 27
3 283.738 21.7369 27
3 285.182 23.1809 27
3 286.625 24.624 27
3 288.076 26.0752 27
3 289.536 27.5352 27
3 290.979 28.9786 27
3 292.446 30.4448 27
3 293.889 31.8882 27
3 295.341 33.3404 27
3 296.79 34.7893 27
3 298.234 36.2333 27
3 299.692 37.6912 27
3 301.146 39.1448 27
3 302.588 40.5877 27
3 304.04 42.0396 27
3 305.483 43.4826 27
3 306.925 44.9247 27
3 308.377 46.376 27
3 309.83 47.8293 27
3 311.274 49.2727 27
3 312.747 50.746 27
3 314.19 52.1896 27
3 315.643 53.6418 27
3 317.096 55.0949 27
3 318.538 56.5376 27
3 319.995 57.9947 27
3 321.439 59.438 27
3 322.883 60.8823 27
3 324.334 62.3333 27
3 325.794 63.7932 27
3 327.237 65.2364 27
3 328.699 66.6977 27
3 330.142 68.1413 27
3 331.592 69.5908 27
3 333.043 71.0419 27
3 334.487 72.4864 27
3 335.931 73.9306 27
3 337.382 75.3812 27
3 338.826 76.8255 27
3 340.271 78.2697 27
3 341.722 79.7212 27
3 343.186 81.1856 27
3 344.638 82.6368 27
3 346.081 84.0806 27
3 347.531 85.5302 27
3 348.983 86.9819 27
4 350.427 1.13e-07 27
4 351.875 1.44812 27
4 353.333 2.90554 27
4 354.769 4.34238 27
4 356.229 5.80159 27
4 357.68 7.25347 27
4 359.124 8.69695 27
4 360.567 10.14 27
4 362.019 11.5922 27
4 363.462 13.0353 27
4 364.921 14.4942 27
4 366.372 15.9448 27
4 367.816 17.3892 27
4 369.261 18.834 27
4 370.729 20.3019 27
4 372.172 21.7455 27
4 373.63 23.2033 27
4 375.074 24.6471 27
4 376.519 26.0915 27
4 377.976 27.5491 27
4 379.42 28.9933 27
4 380.879 30.4524 27
4 382.327 31.8995 27
4 383.78 33.3533 27
4 385.224 34.7969 27
4 386.675 36.2485 27
4 388.13 37.7029 27
4 389.573 39.1464 27
4 391.025 40.5985 27
4 392.47 42.043 27
4 393.914 43.4873 27
4 395.386 44.9593 27
4 396.83 46.403 27
4 398.286 47.8594 27
4 399.729 49.3023 27
4 401.173 50.7462 27
4 402.631 52.2039 27
4 404.075 53.6476 27
4 405.533 55.1059 27
4 406.982 56.555 27
4 408.426 57.9994 27
4 409.87 59.4434 27
4 411.322 60.8947 27
4 412.766 62.3388 27
4 414.211 63.7835 27
4 415.673 65.246 27
4 417.116 66.6887 27
4 418.565 68.1379 27
4 420.017 69.5897 27
4 421.474 71.0471 27
4 422.909 72.4817 27
4 424.367 73.94 27
4 425.811 75.3836 27
4 427.248 76.8208 27
4 428.721 78.2942 27
4 430.165 79.7379 27
4 431.633 81.2062 27
4 433.077 82.6504 27
4 434.531 84.1035 27
4 435.983 85.5558 27
5 437.427 9.3e-08 27
5 438.87 1.44304 27
5 440.322 2.89515 27
5 441.766 4.33948 27
5 443.211 5.78375 27
5 444.661 7.23444 27
5 446.105 8.67784 27
5 447.554 10.1269 27
5 449.006 11.5788 27
5 450.466 13.0391 27
5 451.91 14.4828 27
5 453.361 15.9338 27
5 454.815 17.388 27
5 456.266 18.8395 27
5 457.715 20.2877 27
5 459.157 21.7304 27
5 460.631 23.2038 27
5 462.074 24.6467 27
5 463.518 26.091 27
5 464.97 27.5426 27
5 466.423 28.996 27
5 467.867 30.4401 27
5 469.32 31.8925 27
5 470.768 33.3408 27
5 472.212 34.7848 27
5 473.663 36.2361 27
5 475.107 37.6796 27
5 476.551 39.1238 27
5 478.023 40.5956 27
5 479.466 42.0386 27
5 480.921 43.4936 27
5 482.363 44.9357 27
6 483.806 8.5e-08 27
6 485.263 1.45655 27
6 486.706 2.89987 27
6 488.149 4.34277 27
6 489.616 5.81003 27
6 491.061 7.25439 27
6 492.498 8.69227 27
6 493.954 10.1473 27
6 495.397 11.5906 27
6 496.834 13.0279 27
6 498.29 14.4841 27
6 499.75 15.9442 27
6 501.194 17.3877 27
6 502.651 18.8447 27
6 504.095 20.2885 27
6 505.544 21.7381 27
7 507.002 1.15e-07 27
7 508.445 1.44326 27
7 509.907 2.90453 27
7 511.35 4.348 27
7 512.795 5.79331 27
7 514.244 7.24157 27
7 515.687 8.68487 27
7 517.14 10.1381 27
7 518.591 11.5888 27.5
8 520.035 1.11e-07 27.5
8 521.495 1.46018 27.5
8 522.946 2.91136 27.5
8 524.389 4.35479 27.5
9 525.844 7.2e-08 27.5
9 527.294 1.45058 27.5
9 528.75 2.90657 27.5
10 530.191 9.2e-08 28
10 531.642 1.45158 28.5
11 533.086 9.1e-08 28.5
11 534.547 1.46088 28.5
12 535.993 7.1e-08 29
13 537.447 6.8e-08 29
14 538.898 6.6e-08 29
16 540.341 7.3e-08 29
17 541.796 5.3e-08 29
18 543.246 7.5e-08 29
19 544.69 6.8e-08 29
20 546.138 3.3e-08 29
21 547.597 4e-08 29
22 549.043 7.6e-08 29
23 550.477 5.9e-08 29
24 551.935 6.9e-08 28
25 553.679 1.73e-07 29
26 556.831 1.54e-07 29
27 562.177 1.44e-07 29
28 571.723 1.19e-07 29
