0 6.61964 2.25e-07 21.5
0 9.49899 2.87935 21.5
0 10.9559 4.33623 21.5
0 12.3992 5.77952 21.5
0 13.8503 7.23068 21.5
0 15.2922 8.6726 21.5
1 16.7384 1.55e-07 21.5
1 18.1856 1.4472 21.5
1 19.6275 2.88913 21.5
1 21.0703 4.33193 21.5
1 22.5273 5.78891 21.5
1 23.9726 7.23418 21.5
2 25.4146 7.3e-08 21.5
2 26.8655 1.45086 21.5
2 28.3048 2.89016 21.5
2 29.7464 4.33182 22
2 31.1976 5.78303 21.5
2 32.6404 7.2258 22
2 34.0895 8.67493 21.5
3 35.5506 7e-08 22
3 36.9986 1.44802 22
3 38.4662 2.91565 22
3 39.9099 4.35935 22
4 41.3587 7e-08 22
4 42.8247 1.46601 22
5 44.2764 6.7e-08 23
6 45.7434 5.9e-08 24
7 47.1862 5.3e-08 25
9 48.6391 8.6e-08 25.5
12 50.106 5.7e-08 25.5
14 51.5589 4.9e-08 25.5
17 53.0258 6.1e-08 25.5
19 54.4692 5.9e-08 22
21 55.9117 6.8e-08 25.5
23 58.2779 1.49e-07 22
24 60.8226 1.48e-07 22
25 65.4685 2.29e-07 22
26 74.3239 1.49e-07 22
