0 6.39947 1.09e-07 20.5
0 9.28768 2.88821 20.5
0 10.7374 4.33789 20.5
0 12.1826 5.78316 20.5
0 13.6258 7.22632 20.5
0 15.0772 8.67774 20.5
0 16.5183 10.1188 20.5
0 17.9639 11.5645 20.5
0 19.4199 13.0205 20.5
0 20.8631 14.4636 20.5
0 22.312 15.9125 20.5
1 23.7561 1.76e-07 20.5
1 25.1988 1.44272 20.5
1 26.6501 2.89397 20.5
1 28.1085 4.35236 20.5
1 29.5619 5.80583 20.5
1 31.0245 7.26839 20.5
1 32.4884 8.7323 20.5
1 33.9388 10.1827 20.5
1 35.3912 11.6351 20.5
1 36.8403 13.0842 20.5
1 38.2959 14.5398 20.5
2 39.7561 2.1e-07 20.5
2 41.2132 1.45706 20.5
2 42.6605 2.90435 20.5
2 44.1041 4.34796 20.5
2 45.5618 5.80571 20.5
2 47.0162 7.26002 20.5
2 48.4655 8.70939 20.5
2 49.9281 10.172 20.5
2 51.3769 11.6207 20.5
2 52.8319 13.0757 20.5
2 54.2919 14.5358 20.5
3 55.7406 1.01e-07 20.5
3 57.1976 1.457 20.5
3 58.641 2.90035 20.5
3 60.084 4.34336 20.5
3 61.5521 5.81148 20.5
3 63.0012 7.26057 20.5
3 64.4617 8.72102 20.5
3 65.9108 10.1701 20.5
3 67.3637 11.6231 20.5
3 68.8313 13.0906 20.5
3 70.2798 14.5392 20.5
3 71.7323 15.9916 20.5
4 73.1765 7.5e-08 20.5
4 74.6206 1.44405 20.5
4 76.0886 2.91209 20.5
4 77.5374 4.36086 20.5
4 78.9792 5.8027 20.5
4 80.4292 7.25266 20.5
4 81.8821 8.70562 20.5
4 83.3426 10.1661 20.5
4 84.7891 11.6125 20.5
4 86.2378 13.0613 20.5
4 87.6998 14.5233 20.5
4 89.1436 15.9671 20.5
4 90.5878 17.4113 20.5
5 92.0421 8.1e-08 20.5
5 93.4989 1.45675 20.5
5 94.9382 2.89607 20.5
5 96.3998 4.35765 20.5
5 97.8419 5.7998 20.5
5 99.3029 7.26072 20.5
5 100.747 8.70521 20.5
5 102.196 10.1542 20.5
5 103.647 11.6045 20.5
5 105.094 13.0516 20.5
5 106.538 14.4956 20.5
5 108.005 15.9628 20.5
5 109.449 17.4064 20.5
5 110.905 18.8632 20.5
5 112.347 20.3053 21
6 113.8 9e-08 21
6 115.252 1.45183 20.5
6 116.696 2.89557 20.5
6 118.14 4.33929 20.5
6 119.591 5.79064 20.5
6 121.034 7.23408 21
6 122.477 8.67701 20.5
6 123.934 10.1336 20.5
6 125.387 11.5869 20.5
6 126.838 13.0379 21
6 128.292 14.4919 21
6 129.735 15.9349 20.5
6 131.186 17.3861 20.5
6 132.635 18.8346 20.5
6 134.079 20.2785 20.5
6 135.55 21.7497 21
6 136.993 23.193 21
7 138.45 1.62e-07 21
7 139.893 1.44262 21
7 141.337 2.88637 21
7 142.798 4.34805 21
7 144.242 5.79207 21
7 145.686 7.23621 21
7 147.138 8.68829 21
7 148.582 10.1322 21
7 150.026 11.5761 21
7 151.484 13.034 21
7 152.928 14.4781 21
7 154.38 15.9301 21
7 155.83 17.3793 21
7 157.274 18.8234 21
7 158.732 20.2814 21
7 160.186 21.7358 21
7 161.63 23.1798 21
7 163.091 24.6406 21
7 164.526 26.0754 21
8 165.989 9.3e-08 21
8 167.433 1.44401 21
8 168.879 2.89018 21
8 170.329 4.3399 21
8 171.773 5.78393 21
8 173.233 7.24424 21
8 174.685 8.69634 21
8 176.128 10.1396 21
8 177.578 11.589 21
8 179.035 13.0466 21
8 180.479 14.4904 21
8 181.936 15.9477 21
9 183.378 1.32e-07 21
9 184.826 1.44792 21
9 186.276 2.89759 21
9 187.717 4.3392 21
9 189.159 5.78089 21
9 190.615 7.23669 21
9 192.074 8.69619 21
9 193.514 10.1363 21
10 194.98 1.07e-07 21
10 196.424 1.44332 21
10 197.876 2.8953 21
10 199.324 4.34377 21
10 200.769 5.78833 21
10 202.232 7.25188 21
10 203.675 8.69505 21
11 205.117 1.07e-07 21
11 206.568 1.45073 21.5
11 208.024 2.90687 21.5
11 209.463 4.34604 21
11 210.93 5.81255 21
11 212.372 7.25517 21
12 213.824 1.06e-07 21.5
12 215.278 1.45429 21.5
12 216.714 2.89016 21.5
12 218.176 4.35249 21.5
12 219.619 5.79535 21.5
13 221.063 5.94e-07 21.5
13 222.515 1.45204 21.5
13 223.959 2.89591 21.5
13 225.403 4.33993 21.5
13 226.87 5.80708 21.5
14 228.313 1.14e-07 21.5
14 229.772 1.45854 21.5
14 231.208 2.89442 21.5
14 232.651 4.33761 21.5
14 234.114 5.80056 21.5
14 235.558 7.24433 21.5
15 237.001 1.13e-07 21.5
15 238.454 1.45223 21.5
15 239.897 2.89605 21.5
15 241.352 4.35043 21.5
15 242.803 5.8016 21.5
16 244.255 1.6e-07 21.5
16 245.705 1.45061 21.5
16 247.148 2.89323 21.5
16 248.592 4.33696 21.5
16 250.048 5.79341 21.5
17 251.497 1.17e-07 21.5
17 252.941 1.44389 21.5
17 254.393 2.89623 21.5
17 255.837 4.3404 21.5
17 257.281 5.78458 21.5
18 258.754 1.55e-07 21.5
18 260.197 1.44222 21.5
18 261.662 2.90734 21.5
18 263.105 4.35096 21.5
18 264.549 5.79426 21.5
19 266.006 2.09e-07 21.5
19 267.448 1.44242 21.5
19 268.89 2.88423 21.5
19 270.34 4.33442 21.5
19 271.782 5.77636 21.5
20 273.225 1.27e-07 21.5
20 274.683 1.45784 21.5
20 276.14 2.9157 21.5
20 277.588 4.3632 21.5
20 279.048 5.82342 21.5
21 280.491 1.14e-07 21.5
21 281.943 1.45157 21.5
21 283.392 2.90079 21.5
21 284.836 4.34487 21.5
21 286.299 5.80785 21.5
22 287.741 1.02e-07 21.5
22 289.192 1.45131 21.5
22 290.635 2.89423 21.5
22 292.084 4.34298 21.5
22 293.542 5.80069 21.5
23 294.996 1.1e-07 21.5
23 296.44 1.44382 21.5
23 297.892 2.89586 21.5
23 299.341 4.34457 21.5
23 300.789 5.79299 21.5
24 302.245 1.97e-07 21.5
24 303.689 1.444 21.5
24 305.141 2.896 21.5
24 306.584 4.3394 21.5
24 308.044 5.7993 21.5
25 309.496 1.16e-07 21.5
25 310.945 1.4492 21.5
25 312.388 2.89192 21.5
25 313.838 4.3421 21.5
25 315.291 5.79483 21.5
25 316.743 7.24644 21.5
26 318.192 1.05e-07 21.5
26 319.634 1.44225 21.5
26 321.086 2.89406 21.5
26 322.529 4.33724 21.5
26 323.972 5.78019 21.5
27 325.428 1.34e-07 21.5
27 326.872 1.44376 21.5
27 328.316 2.88712 21.5
27 329.766 4.33807 21.5
27 331.215 5.7867 21
28 333.36 1.67e-07 21.5
28 334.801 1.44137 21.5
28 336.25 2.89072 21.5
28 337.701 4.34144 21.5
28 339.144 5.784 21.5
28 340.586 7.22632 22.5
29 342.737 1.6e-07 21.5
29 344.18 1.44336 21.5
29 345.622 2.88505 21.5
29 347.073 4.33585 21.5
29 348.516 5.77876 21.5
29 349.959 7.22191 21
30 354.013 1.07e-07 21.5
30 355.464 1.45142 21.5
30 356.908 2.8948 21.5
30 358.35 4.33694 21.5
30 359.8 5.78726 21.5
30 361.242 7.22896 21
31 369.689 1.54e-07 21.5
31 371.133 1.44321 21.5
31 372.586 2.89643 21.5
31 374.027 4.33719 21.5
31 375.473 5.78341 21.5
31 376.927 7.23772 21
