0 6.69919 8.1e-08 20.5
0 9.59172 2.89252 20.5
0 11.0339 4.33475 20.5
0 12.4878 5.78861 20.5
1 13.9283 7.8e-08 20.5
1 15.3708 1.44247 20.5
1 16.8293 2.90099 20.5
1 18.2679 4.33965 20.5
1 19.7204 5.79212 20.5
2 21.1601 6e-08 20.5
2 22.6032 1.44305 20.5
2 24.0535 2.89338 20.5
2 25.4962 4.33603 20.5
2 26.939 5.77889 20.5
3 28.3945 8.4e-08 20.5
3 29.8392 1.44468 20.5
3 31.281 2.88647 20.5
3 32.7327 4.33816 20.5
3 34.1727 5.77813 20.5
4 35.6152 6.2e-08 20.5
4 37.0818 1.46667 20.5
4 38.5349 2.9197 20.5
4 40.0019 4.38675 20.5
4 41.4448 5.8296 20.5
4 42.8978 7.28263 20.5
4 44.3645 8.74934 20.5
5 45.8174 9.3e-08 20.5
5 47.2737 1.45626 20.5
5 48.7151 2.89764 20.5
5 50.1716 4.35413 20.5
5 51.6269 5.80947 20.5
5 53.086 7.2686 20.5
5 54.5422 8.72473 20.5
6 55.9843 7.1e-08 21
6 57.4324 1.44817 21
6 58.9002 2.91598 21
6 60.3439 4.35965 21
6 61.7977 5.81348 21
7 63.2549 6.1e-08 21
7 64.708 1.4531 21
7 66.1751 2.92021 21.5
8 67.6285 6e-08 21.5
8 69.0721 1.44363 21.5
9 70.5229 6.4e-08 21.5
9 71.987 1.46413 21.5
10 73.4442 6.8e-08 22
11 74.9026 6.5e-08 22
11 76.3498 1.44718 22
12 77.8013 6.1e-08 22
13 79.2663 7.3e-08 22
14 80.7214 5.8e-08 22
14 82.181 1.45961 22
15 83.6351 6.8e-08 22
16 85.0871 6.5e-08 22
17 86.5505 7.8e-08 22
18 88.0081 6.7e-08 22
18 89.4644 1.45627 22
19 90.9111 7.9e-08 22
20 92.3604 7.2e-08 21
21 93.8022 6.1e-08 22
21 95.2449 1.44269 22
22 96.6959 6.6e-08 22
23 98.1543 9.3e-08 22
24 99.6186 6.6e-08 22
24 101.074 1.45538 22
25 102.516 6.8e-08 22
26 104.968 1.44e-07 22
26 106.414 1.44584 21
27 108.965 1.45e-07 22
27 110.407 1.44169 21
28 114.951 1.48e-07 22
28 116.395 1.44365 21
29 125.252 1.45e-07 22
29 126.706 1.45374 21
