        type trial_config ert_flop   unroll  buffers        nsize       trials       microsecs        bytes        flops         GB/s         GF/s
 signed_char    coalesced        8        8        1            8     16777216     5951425.787    268435456   1073741824        0.045        0.180
 signed_char    coalesced        8        8        1           16     16777216     6234764.576    536870912   2147483648        0.086        0.344
 signed_char    coalesced        8        8        1           32     16777216     6546523.345   1073741824   4294967296        0.164        0.656
 signed_char    coalesced        8        8        1           64     16777216     7273909.349   2147483648   8589934592        0.295        1.181
 signed_char    coalesced        8        8        1          128     16777216     8183090.076   4294967296  17179869184        0.525        2.099
 signed_char    coalesced        8        8        1          256     16777216    10071472.471   8589934592  34359738368        0.853        3.412
 signed_char    coalesced        8        8        1          512      8388608     6389554.812   8589934592  34359738368        1.344        5.377
 signed_char    coalesced        8        8        1         1024      4194304     4091661.354   8589934592  34359738368        2.099        8.398
 signed_char    coalesced        8        8        1         2048      2097152     2805759.276   8589934592  34359738368        3.062       12.246
 signed_char    coalesced        8        8        1         4096      1048576     2273184.701   8589934592  34359738368        3.779       15.115
 signed_char    coalesced        8        8        1         8192       524288     2045897.693   8589934592  34359738368        4.199       16.794
 signed_char    coalesced        8        8        1        16384       262144     1818570.827   8589934592  34359738368        4.723       18.894
 signed_char    coalesced        8        8        1        32768       131072     1743142.093   8589934592  34359738368        4.928       19.711
 signed_char    coalesced        8        8        1        65536        65536     1706008.749   8589934592  34359738368        5.035       20.140
 signed_char    coalesced        8        8        1       131072        32768     1687233.703   8589934592  34359738368        5.091       20.365
 signed_char    coalesced        8        8        1       262144        16384     1675382.211   8589934592  34359738368        5.127       20.509
 signed_char    coalesced        8        8        1       524288         8192     1667229.922   8589934592  34359738368        5.152       20.609
 signed_char    coalesced        8        8        1      1048576         4096     1662863.554   8589934592  34359738368        5.166       20.663
 signed_char    coalesced        8        8        1      2097152         2048     1660549.577   8589934592  34359738368        5.173       20.692
 signed_char    coalesced        8        8        1      4194304         1024     1659419.960   8589934592  34359738368        5.176       20.706
 signed_char    coalesced        8        8        1      8388608          512     1658465.873   8589934592  34359738368        5.179       20.718
 signed_char    coalesced        8        8        1     16777216          256     1658128.356   8589934592  34359738368        5.181       20.722
 signed_char    coalesced        8        8        1     33554432          128     1658360.331   8589934592  34359738368        5.180       20.719
 signed_char    coalesced        8        8        1     67108864           64     1657937.298   8589934592  34359738368        5.181       20.724
 signed_char    coalesced        8        8        1    134217728           32     1657981.759   8589934592  34359738368        5.181       20.724
 signed_char    coalesced        8        8        1    268435456           16     1657811.038   8589934592  34359738368        5.181       20.726
 signed_char    coalesced        8        8        1    536870912            8     1657938.637   8589934592  34359738368        5.181       20.724
 signed_char    coalesced        8        8        1   1073741824            4     1657932.431   8589934592  34359738368        5.181       20.724
 signed_char    coalesced        8        8        1   2147483648            2     1657998.873   8589934592  34359738368        5.181       20.724
 signed_char    coalesced        8        8        1   4293918720            1     1657303.645   8587837440  34351349760        5.182       20.727
