0 6.44076 9.6e-08 20.5
0 9.32967 2.88891 20.5
0 10.7856 4.34484 20.5
0 12.2278 5.78703 20.5
0 13.6699 7.22919 20.5
1 15.119 9.1e-08 20.5
1 16.5619 1.44283 20.5
1 18.0043 2.88529 20.5
1 19.4555 4.33645 20.5
1 20.8992 5.78023 20.5
2 22.3414 6.5e-08 20.5
2 23.7981 1.45671 20.5
2 25.2571 2.91573 20.5
2 26.7359 4.39445 20.5
2 28.1827 5.84124 20.5
3 29.6241 7.3e-08 20.5
3 31.0942 1.47013 20.5
3 32.5584 2.93437 20.5
3 34.015 4.39092 20.5
3 35.4563 5.83228 20.5
3 36.9089 7.28481 20.5
4 38.3762 1.18e-07 20.5
4 39.8247 1.44852 20.5
4 41.2763 2.90013 20.5
4 42.7198 4.34358 20.5
4 44.185 5.80881 20.5
4 45.6408 7.26457 20.5
4 47.1006 8.72437 20.5
5 48.5573 1.4e-07 20.5
5 49.9992 1.44193 20.5
5 51.4478 2.89048 20.5
5 52.9206 4.36333 20.5
5 54.3698 5.81245 20.5
5 55.8128 7.25547 20.5
5 57.2841 8.72681 20.5
5 58.732 10.1747 21
6 60.1821 6.5e-08 21
6 61.624 1.44186 21
6 63.078 2.89591 21
6 64.5306 4.34851 21
6 65.9753 5.79322 21
7 67.4195 4e-08 21
7 68.8869 1.46737 21
7 70.3402 2.92068 21.5
8 71.8025 6.4e-08 21.5
8 73.2467 1.44426 21.5
9 74.7059 7.7e-08 21.5
9 76.1724 1.46643 21.5
10 77.6259 8e-08 21.5
10 79.0881 1.46223 21.5
11 80.5322 6.8e-08 21.5
12 81.992 7.7e-08 21.5
12 83.4587 1.46677 21.5
13 84.9122 5.3e-08 22
14 86.3704 9.4e-08 22
14 87.8069 1.43652 22
15 89.25 4.7e-08 22
16 90.7213 5.7e-08 22
17 92.1795 6.5e-08 22
17 93.6383 1.45879 22
18 95.0875 1.16e-07 22
19 96.5318 4.8e-08 22
19 97.9895 1.45773 22
20 99.4484 8.7e-08 22
21 100.89 7.5e-08 22
21 102.356 1.46597 22
22 103.8 1.13e-07 22
23 105.251 8.1e-08 22
24 106.995 1.07e-07 22
24 108.451 1.45618 22
25 109.894 1.25e-07 22
25 111.336 1.44236 20.5
26 112.797 6.8e-08 22
26 114.235 1.43791 20.5
27 116.879 1.31e-07 22
27 118.321 1.44258 21
28 122.962 1.44e-07 22
28 124.412 1.45058 21
29 133.061 1.02e-07 22
29 134.505 1.44345 20.5
