        type trial_config ert_flop   unroll  buffers        nsize       trials       microsecs        bytes        flops         GB/s         GF/s
       float    coalesced       32        1        2            8     16777216    10911084.468    268435456   1073741824        0.025        0.098
       float    coalesced       32        1        2           16     16777216    10911028.519    536870912   2147483648        0.049        0.197
       float    coalesced       32        1        2           32     16777216    11902916.839   1073741824   4294967296        0.090        0.361
       float    coalesced       32        1        2           64     16777216    11902904.861   2147483648   8589934592        0.180        0.722
       float    coalesced       32        1        2          128     16777216    13093184.070   4294967296  17179869184        0.328        1.312
       float    coalesced       32        1        2          256     16777216    15107435.851   8589934592  34359738368        0.569        2.274
       float    coalesced       32        1        2          512     16777216    18704294.458  17179869184  68719476736        0.918        3.674
       float    coalesced       32        1        2         1024      8388608    10911076.594  17179869184  68719476736        1.575        6.298
       float    coalesced       32        1        2         2048      4194304     7553915.562  17179869184  68719476736        2.274        9.097
       float    coalesced       32        1        2         4096      2097152     5730296.072  17179869184  68719476736        2.998       11.992
       float    coalesced       32        1        2         8192      1048576     4827088.242  17179869184  68719476736        3.559       14.236
       float    coalesced       32        1        2        16384       524288     4382989.211  17179869184  68719476736        3.920       15.679
       float    coalesced       32        1        2        32768       262144     4091941.734  17179869184  68719476736        4.198       16.794
       float    coalesced       32        1        2        65536       131072     4080426.574  17179869184  68719476736        4.210       16.841
       float    coalesced       32        1        2       131072        65536     4020080.785  17179869184  68719476736        4.274       17.094
       float    coalesced       32        1        2       262144        32768     3991502.875  17179869184  68719476736        4.304       17.216
       float    coalesced       32        1        2       524288        16384     3977310.883  17179869184  68719476736        4.319       17.278
       float    coalesced       32        1        2      1048576         8192     3970314.890  17179869184  68719476736        4.327       17.308
       float    coalesced       32        1        2      2097152         4096     3966869.706  17179869184  68719476736        4.331       17.323
       float    coalesced       32        1        2      4194304         2048     3965254.478  17179869184  68719476736        4.333       17.330
       float    coalesced       32        1        2      8388608         1024     3964374.506  17179869184  68719476736        4.334       17.334
       float    coalesced       32        1        2     16777216          512     3963983.323  17179869184  68719476736        4.334       17.336
       float    coalesced       32        1        2     33554432          256     3963695.100  17179869184  68719476736        4.334       17.337
       float    coalesced       32        1        2     67108864          128     3963632.312  17179869184  68719476736        4.334       17.338
       float    coalesced       32        1        2    134217728           64     3963657.815  17179869184  68719476736        4.334       17.337
       float    coalesced       32        1        2    268435456           32     3963589.386  17179869184  68719476736        4.334       17.338
       float    coalesced       32        1        2    536870912           16     3963521.561  17179869184  68719476736        4.334       17.338
       float    coalesced       32        1        2   1073741824            8     3963512.349  17179869184  68719476736        4.335       17.338
       float    coalesced       32        1        2   2147483648            4     3963531.522  17179869184  68719476736        4.334       17.338
       float    coalesced       32        1        2   4294967296            2     3963603.869  17179869184  68719476736        4.334       17.338
       float    coalesced       32        1        2   8588886016            1     3963078.338  17177772032  68711088128        4.334       17.338
