        type trial_config ert_flop   unroll  buffers        nsize       trials       microsecs        bytes        flops         GB/s         GF/s
 signed_char    coalesced      128        8        2           16     16777216    18704024.485    536870912  34359738368        0.029        1.837
 signed_char    coalesced      128        8        2           32     16777216    18719390.510   1073741824  68719476736        0.057        3.671
 signed_char    coalesced      128        8        2           64     16777216    19254158.006   2147483648 137438953472        0.112        7.138
 signed_char    coalesced      128        8        2          128     16777216    20142798.757   4294967296 274877906944        0.213       13.646
 signed_char    coalesced      128        8        2          256     16777216    21821346.703   8589934592 549755813888        0.394       25.193
 signed_char    coalesced      128        8        2          512     16777216    23805081.412  17179869184 1099511627776        0.722       46.188
 signed_char    coalesced      128        8        2         1024      8388608    13638424.358  17179869184 1099511627776        1.260       80.619
 signed_char    coalesced      128        8        2         2048      4194304     7856793.193  17179869184 1099511627776        2.187      139.944
 signed_char    coalesced      128        8        2         4096      2097152     5035792.966  17179869184 1099511627776        3.412      218.339
 signed_char    coalesced      128        8        2         8192      1048576     3637008.261  17179869184 1099511627776        4.724      302.312
 signed_char    coalesced      128        8        2        16384       524288     2895058.413  17179869184 1099511627776        5.934      379.789
 signed_char    coalesced      128        8        2        32768       262144     2549765.488  17179869184 1099511627776        6.738      431.221
 signed_char    coalesced      128        8        2        65536       131072     2373192.238  17179869184 1099511627776        7.239      463.305
 signed_char    coalesced      128        8        2       131072        65536     2283768.845  17179869184 1099511627776        7.523      481.446
 signed_char    coalesced      128        8        2       262144        32768     2237354.426  17179869184 1099511627776        7.679      491.434
 signed_char    coalesced      128        8        2       524288        16384     2214585.181  17179869184 1099511627776        7.758      496.486
 signed_char    coalesced      128        8        2      1048576         8192     2203288.939  17179869184 1099511627776        7.797      499.032
 signed_char    coalesced      128        8        2      2097152         4096     2197690.789  17179869184 1099511627776        7.817      500.303
 signed_char    coalesced      128        8        2      4194304         2048     2194718.429  17179869184 1099511627776        7.828      500.981
 signed_char    coalesced      128        8        2      8388608         1024     2193383.149  17179869184 1099511627776        7.833      501.286
 signed_char    coalesced      128        8        2     16777216          512     2192649.271  17179869184 1099511627776        7.835      501.453
 signed_char    coalesced      128        8        2     33554432          256     2192330.637  17179869184 1099511627776        7.836      501.526
 signed_char    coalesced      128        8        2     67108864          128     2192143.792  17179869184 1099511627776        7.837      501.569
 signed_char    coalesced      128        8        2    134217728           64     2192068.050  17179869184 1099511627776        7.837      501.586
 signed_char    coalesced      128        8        2    268435456           32     2192051.068  17179869184 1099511627776        7.837      501.590
 signed_char    coalesced      128        8        2    536870912           16     2192030.001  17179869184 1099511627776        7.837      501.595
 signed_char    coalesced      128        8        2   1073741824            8     2191888.602  17179869184 1099511627776        7.838      501.628
 signed_char    coalesced      128        8        2   2147483648            4     2192088.091  17179869184 1099511627776        7.837      501.582
 signed_char    coalesced      128        8        2   4294967296            2     2192020.893  17179869184 1099511627776        7.837      501.597
 signed_char    coalesced      128        8        2   8588886016            1     2191554.278  17177772032 1099377410048        7.838      501.643
