0 3.39729 1.54e-07 20.5
0 6.30184 2.90455 20.5
0 7.75023 4.35293 20.5
0 9.19435 5.79706 20.5
0 10.6373 7.24004 20.5
0 12.0866 8.68936 20.5
1 13.5283 7.1e-08 20.5
1 14.9713 1.44301 20.5
1 16.4261 2.89784 20.5
1 17.8739 4.34558 20.5
1 19.3174 5.78907 20.5
1 20.774 7.24572 20.5
1 22.2228 8.69451 20.5
1 23.6732 10.1449 20.5
2 25.1141 7.8e-08 20.5
2 26.5557 1.4416 20.5
2 28.0054 2.89138 20.5
2 29.4483 4.33427 20.5
2 30.8988 5.7847 20.5
2 32.3542 7.24018 20.5
2 33.803 8.68899 20.5
3 35.2465 7.4e-08 20.5
3 36.6982 1.45168 20.5
3 38.1424 2.89588 20.5
3 39.5974 4.35084 20.5
3 41.049 5.80251 20.5
3 42.4981 7.25155 20.5
3 43.9489 8.70234 20.5
3 45.3905 10.1439 20.5
4 46.8331 8.7e-08 20.5
4 48.295 1.46189 20.5
4 49.7391 2.906 20.5
4 51.1826 4.34952 20.5
4 52.6337 5.80064 20.5
4 54.0765 7.24335 20.5
4 55.5255 8.69242 20.5
4 56.9812 10.1481 20.5
4 58.4299 11.5968 20.5
5 59.8776 5.9e-08 20.5
5 61.3221 1.44451 20.5
5 62.7631 2.8855 20.5
5 64.2202 4.34254 20.5
5 65.6674 5.78983 20.5
5 67.1122 7.23454 20.5
5 68.5649 8.68733 20.5
5 70.0082 10.1305 20.5
5 71.458 11.5804 20.5
5 72.9087 13.0311 20.5
6 74.3516 6.9e-08 20.5
6 75.8011 1.44946 20.5
6 77.2426 2.89093 20.5
6 78.6854 4.33377 20.5
6 80.1362 5.78462 20.5
6 81.5779 7.22628 20.5
6 83.0207 8.66903 20.5
6 84.4825 10.1309 20.5
6 85.9271 11.5755 20.5
6 87.3701 13.0185 20.5
6 88.8212 14.4696 20.5
7 90.264 7.9e-08 21
7 91.7131 1.44909 21
7 93.1641 2.90002 21
7 94.6079 4.34382 21
7 96.0599 5.79587 21
7 97.5041 7.24006 21
7 98.9484 8.68432 21
8 100.407 7.9e-08 21
8 101.85 1.44283 21
8 103.293 2.88586 21
8 104.744 4.33675 21
8 106.186 5.77878 21
9 107.629 6e-08 21
9 109.08 1.45126 21
9 110.523 2.89418 21
10 111.972 7.1e-08 21
10 113.424 1.45187 21
10 114.869 2.89633 21
11 116.321 5.8e-08 21
11 117.765 1.4438 21
11 119.208 2.88722 21
12 120.665 6.7e-08 21
12 122.108 1.44271 21
13 123.554 6.7e-08 21
13 125.007 1.45233 21
13 126.451 2.89677 21
14 127.895 7.6e-08 21
14 129.352 1.45647 21
15 130.794 1.04e-07 21
15 132.245 1.45089 21
16 133.687 6.8e-08 21
16 135.13 1.44305 21
16 136.579 2.89229 21
17 138.022 8e-08 21
17 139.465 1.44305 21
18 140.922 5.2e-08 21
18 142.364 1.44153 21
19 143.805 5.8e-08 21
19 145.256 1.45065 21
19 146.698 2.8924 21
20 148.14 6e-08 21
20 149.591 1.45106 21
21 151.033 7.3e-08 21
21 152.482 1.44894 21
22 153.933 7.5e-08 21
22 155.374 1.44183 21
23 156.824 6.7e-08 21
23 158.267 1.44247 21
23 159.71 2.88612 21
24 161.16 6.2e-08 21
24 162.614 1.45383 21
25 164.058 6.1e-08 21
25 165.51 1.45178 21
26 167.054 1.16e-07 21
26 168.498 1.44468 21
26 169.941 2.88763 21
27 171.392 7.8e-08 21
27 172.834 1.44175 21
28 175.378 1.49e-07 21
28 176.818 1.43951 21
28 178.269 2.89076 21
29 181.013 1.54e-07 21
29 182.454 1.4406 21
29 183.906 2.89259 21
30 188.853 1.56e-07 21
30 190.307 1.45436 21
30 191.751 2.89825 21
