0 6.58488 7.7e-08 20.5
0 9.48045 2.89557 20.5
0 10.9234 4.33848 20.5
0 12.3673 5.7824 20.5
1 13.8187 8.6e-08 20.5
1 15.26 1.44124 20.5
1 16.7038 2.8851 20.5
1 18.161 4.3423 20.5
1 19.6023 5.78362 20.5
2 21.0462 7.5e-08 20.5
2 22.4985 1.45238 20.5
2 23.9427 2.89656 20.5
2 25.3887 4.34253 20.5
2 26.8498 5.80369 20.5
3 28.2979 8.7e-08 20.5
3 29.7457 1.44775 20.5
3 31.1995 2.90162 20.5
3 32.6429 4.345 20.5
3 34.1065 5.80858 20.5
4 35.5552 9.9e-08 20.5
4 36.9985 1.44332 20.5
4 38.4502 2.89499 20.5
4 39.8937 4.33851 20.5
4 41.3376 5.78239 20.5
4 42.8056 7.25044 20.5
4 44.2471 8.69195 20.5
5 45.6982 1.04e-07 20.5
5 47.1416 1.44341 20.5
5 48.5858 2.88758 20.5
5 50.0523 4.3541 20.5
5 51.4955 5.79725 20.5
5 52.939 7.24082 20.5
5 54.3904 8.69222 20.5
5 55.8494 10.1512 20.5
6 57.3067 8.3e-08 20.5
6 58.7511 1.4444 20.5
6 60.1954 2.88869 20.5
6 61.6533 4.34654 20.5
6 63.097 5.79029 20.5
6 64.5505 7.24378 20.5
6 66.0128 8.70609 20.5
6 67.4564 10.1496 20.5
6 68.908 11.6012 20.5
6 70.3623 13.0556 20.5
6 71.8118 14.5051 20.5
7 73.2691 6.8e-08 20.5
7 74.7116 1.44255 20.5
7 76.1549 2.8858 20.5
7 77.6051 4.33599 20.5
7 79.0543 5.78523 20.5
7 80.4987 7.22961 20.5
7 81.9564 8.68732 20.5
7 83.4005 10.1314 20.5
7 84.8654 11.5963 20.5
7 86.312 13.043 20.5
7 87.7506 14.4815 20.5
7 89.2084 15.9393 20.5
7 90.6508 17.3818 20.5
8 92.0946 1.08e-07 20.5
8 93.5444 1.44985 20.5
8 94.9868 2.89226 20.5
8 96.4349 4.34033 20.5
8 97.8849 5.79029 20.5
8 99.3262 7.2316 20.5
8 100.769 8.67395 20.5
8 102.225 10.1304 20.5
8 103.667 11.5721 20.5
8 105.123 13.0281 20.5
8 106.566 14.4716 20.5
8 108.015 15.9204 20.5
8 109.472 17.3778 20.5
8 110.916 18.8213 20.5
8 112.358 20.2633 20.5
8 113.809 21.7145 20.5
8 115.251 23.1565 20.5
8 116.694 24.5998 20.5
8 118.146 26.0512 20.5
9 119.588 1.01e-07 20.5
9 121.03 1.44209 20.5
9 122.497 2.90834 20.5
9 123.94 4.3513 20.5
9 125.391 5.80264 20.5
9 126.833 7.24484 20.5
9 128.276 8.68794 20.5
9 129.733 10.145 20.5
9 131.177 11.5883 20.5
9 132.618 13.0296 20.5
9 134.068 14.4801 20.5
9 135.517 15.9283 20.5
9 136.96 17.3719 20.5
9 138.418 18.8295 20.5
10 139.867 1.08e-07 20.5
10 141.317 1.44973 20.5
10 142.758 2.89149 20.5
10 144.202 4.33472 20.5
10 145.651 5.78451 20.5
10 147.095 7.22792 20.5
10 148.538 8.67096 20.5
10 149.994 10.1271 20.5
10 151.436 11.5688 20.5
10 152.878 13.0115 20.5
10 154.329 14.4617 20.5
10 155.772 15.905 20.5
11 157.227 1.19e-07 20.5
11 158.682 1.455 20.5
11 160.129 2.90189 20.5
11 161.579 4.35219 20.5
11 163.022 5.79527 20.5
11 164.466 7.23906 20.5
11 165.923 8.69594 20.5
11 167.366 10.1391 20.5
11 168.809 11.5821 20.5
11 170.26 13.0333 20.5
11 171.703 14.476 20.5
12 173.146 8.2e-08 20.5
12 174.608 1.46267 20.5
12 176.051 2.90562 20.5
12 177.502 4.35694 20.5
12 178.946 5.80085 20.5
12 180.39 7.24395 20.5
12 181.841 8.69549 20.5
12 183.284 10.1389 20.5
12 184.728 11.5824 20.5
12 186.185 13.0396 20.5
12 187.627 14.4817 20.5
13 189.069 8.1e-08 20.5
13 190.519 1.45004 20.5
13 191.967 2.89809 20.5
13 193.411 4.34142 20.5
13 194.868 5.79901 20.5
13 196.311 7.24225 20.5
13 197.768 8.69866 20.5
13 199.207 10.1374 20.5
13 200.65 11.5805 20.5
13 202.101 13.0317 20.5
14 203.545 7.8e-08 20.5
14 204.985 1.44053 20.5
14 206.441 2.89642 20.5
14 207.895 4.34984 20.5
14 209.338 5.79298 20.5
14 210.789 7.24391 20.5
14 212.23 8.68563 20.5
14 213.674 10.1288 20.5
14 215.13 11.5853 20.5
14 216.572 13.0274 20.5
15 218.023 7.9e-08 20.5
15 219.466 1.44286 20.5
15 220.909 2.88624 20.5
15 222.36 4.3371 20.5
15 223.803 5.78015 20.5
15 225.26 7.23729 20.5
15 226.711 8.6882 20.5
15 228.154 10.1313 20.5
15 229.597 11.5743 20.5
15 231.048 13.0254 20.5
16 232.49 9.8e-08 20.5
16 233.933 1.4432 20.5
16 235.389 2.89889 20.5
16 236.832 4.3419 20.5
16 238.281 5.79145 20.5
16 239.724 7.23408 20.5
16 241.166 8.67631 20.5
16 242.617 10.1272 20.5
16 244.076 11.5864 20.5
16 245.519 13.0288 20.5
17 246.969 6.3e-08 20.5
17 248.411 1.44188 20.5
17 249.854 2.88469 20.5
17 251.305 4.33575 20.5
17 252.748 5.77847 20.5
17 254.196 7.22604 20.5
17 255.646 8.67679 20.5
17 257.088 10.1183 20.5
17 258.537 11.5678 20.5
17 259.979 13.0091 20.5
18 261.421 6.7e-08 20.5
18 262.887 1.46589 20.5
18 264.33 2.90835 20.5
18 265.773 4.35155 20.5
18 267.224 5.80238 20.5
18 268.667 7.24609 20.5
18 270.11 8.68906 20.5
18 271.56 10.1386 20.5
18 273.003 11.5816 20.5
18 274.445 13.024 20.5
19 275.901 7.4e-08 20.5
19 277.345 1.44344 20.5
19 278.794 2.89235 20.5
19 280.236 4.33448 20.5
19 281.684 5.78252 20.5
19 283.141 7.24002 20.5
19 284.585 8.68335 20.5
19 286.028 10.1269 20.5
19 287.48 11.5784 20.5
19 288.923 13.0213 20.5
20 290.366 6.8e-08 20.5
20 291.817 1.45091 20.5
20 293.258 2.89267 20.5
20 294.701 4.33564 20.5
20 296.158 5.79238 20.5
20 297.601 7.23532 20.5
20 299.052 8.68623 20.5
20 300.493 10.1278 20.5
20 301.937 11.5711 20.5
20 303.386 13.0208 20.5
21 304.828 8.9e-08 20.5
21 306.271 1.4427 20.5
21 307.727 2.89894 20.5
21 309.169 4.34087 20.5
21 310.612 5.78385 20.5
21 312.063 7.23484 20.5
21 313.505 8.67665 20.5
21 314.959 10.1313 20.5
21 316.414 11.5862 20.5
21 317.862 13.0342 20.5
22 319.314 7.1e-08 20.5
22 320.762 1.44826 20.5
22 322.201 2.88743 20.5
22 323.658 4.34443 20.5
22 325.101 5.78704 20.5
22 326.546 7.23185 20.5
22 327.994 8.68034 20.5
22 329.436 10.122 20.5
22 330.879 11.5646 20.5
22 332.33 13.0157 20.5
23 333.772 7.1e-08 20.5
23 335.233 1.4609 20.5
23 336.676 2.90428 20.5
23 338.12 4.34804 20.5
23 339.571 5.7995 20.5
23 341.015 7.24281 20.5
23 342.458 8.68622 20.5
23 343.915 10.1431 20.5
23 345.358 11.5859 20.5
23 346.809 13.0374 20.5
24 348.26 7.5e-08 20.5
24 349.703 1.44297 20.5
24 351.152 2.89208 20.5
24 352.603 4.34297 20.5
24 354.045 5.78463 20.5
24 355.496 7.23561 20.5
24 356.937 8.67722 20.5
24 358.381 10.1203 20.5
24 359.83 11.5698 20.5
24 361.273 13.0128 20.5
25 362.728 1.01e-07 20.5
25 364.179 1.45127 20.5
25 365.628 2.8998 20.5
25 367.071 4.34361 20.5
25 368.529 5.80124 21
25 369.973 7.24484 20.5
25 371.425 8.69668 20.5
25 372.868 10.1402 20.5
25 374.311 11.5835 20.5
25 375.763 13.0347 20.5
26 377.206 7.9e-08 20.5
26 378.649 1.44312 20.5
26 380.116 2.91034 20.5
26 381.559 4.35342 20.5
26 383.002 5.79651 20.5
26 384.452 7.24609 20.5
26 385.895 8.68899 20.5
26 387.343 10.1368 20.5
26 388.793 11.5876 20.5
26 390.235 13.0292 20.5
27 391.686 8.6e-08 20.5
27 393.127 1.44159 21
27 394.571 2.88473 21
27 396.02 4.33422 20.5
27 397.463 5.77737 20.5
27 398.906 7.22024 20.5
27 400.363 8.67718 20.5
27 401.807 10.1209 21
27 403.252 11.5663 20.5
27 404.703 13.0168 20.5
28 406.146 1.02e-07 20.5
28 407.59 1.44378 20.5
28 409.048 2.90151 21
28 410.496 4.34983 21
28 411.948 5.80163 20.5
28 413.392 7.24539 20.5
28 414.835 8.68879 20.5
28 416.292 10.1456 20.5
28 417.735 11.5884 21
28 419.178 13.0316 21
29 421.333 1.44e-07 21
29 422.765 1.43259 20.5
29 424.214 2.88109 20.5
29 425.665 4.33203 20.5
29 427.107 5.77387 20.5
29 428.567 7.23443 20.5
29 430.007 8.6745 21
29 431.452 10.119 20.5
29 432.908 11.5756 20.5
29 434.351 13.0184 20.5
30 437.896 1.46e-07 20.5
30 439.335 1.43926 20.5
30 440.779 2.88319 20.5
30 442.237 4.34074 21
30 443.68 5.78462 21
30 445.125 7.229 21
30 446.576 8.68008 20.5
30 448.019 10.1234 20.5
30 449.462 11.5665 20.5
30 450.914 13.0178 20.5
31 456.56 1.53e-07 20.5
31 457.999 1.43888 20.5
31 459.44 2.88055 20.5
31 460.89 4.33025 20.5
31 462.332 5.7721 21
31 463.775 7.21519 20.5
31 465.232 8.67245 20.5
31 466.675 10.1153 20.5
31 468.118 11.5583 20.5
31 469.567 13.0078 21
32 479.716 1.55e-07 20.5
32 481.165 1.44859 20.5
32 482.607 2.89151 20.5
32 484.049 4.33323 20.5
32 485.5 5.78412 20.5
32 486.942 7.22608 20.5
32 488.385 8.66899 20.5
32 489.836 10.1201 20.5
32 491.278 11.5616 20.5
32 492.721 13.0047 20.5
