        type trial_config ert_flop   unroll  buffers        nsize       trials       microsecs        bytes        flops         GB/s         GF/s
       float    coalesced        2      128        2         1024      8388608     5043397.388  17179869184   4294967296        3.406        0.852
       float    coalesced        2      128        2         2048      4194304     2976059.248  17179869184   4294967296        5.773        1.443
       float    coalesced        2      128        2         4096      2097152     1715268.481  17179869184   4294967296       10.016        2.504
       float    coalesced        2      128        2         8192      1048576     1169394.592  17179869184   4294967296       14.691        3.673
       float    coalesced        2      128        2        16384       524288      909599.111  17179869184   4294967296       18.887        4.722
       float    coalesced        2      128        2        32768       262144      767582.312  17179869184   4294967296       22.382        5.595
       float    coalesced        2      128        2        65536       131072      696406.871  17179869184   4294967296       24.669        6.167
       float    coalesced        2      128        2       131072        65536      665110.620  17179869184   4294967296       25.830        6.458
       float    coalesced        2      128        2       262144        32768      645784.011  17179869184   4294967296       26.603        6.651
       float    coalesced        2      128        2       524288        16384      639643.489  17179869184   4294967296       26.859        6.715
       float    coalesced        2      128        2      1048576         8192      633136.351  17179869184   4294967296       27.135        6.784
       float    coalesced        2      128        2      2097152         4096      630763.615  17179869184   4294967296       27.237        6.809
       float    coalesced        2      128        2      4194304         2048      629702.087  17179869184   4294967296       27.283        6.821
       float    coalesced        2      128        2      8388608         1024      629138.065  17179869184   4294967296       27.307        6.827
       float    coalesced        2      128        2     16777216          512      628899.831  17179869184   4294967296       27.317        6.829
       float    coalesced        2      128        2     33554432          256      628723.111  17179869184   4294967296       27.325        6.831
       float    coalesced        2      128        2     67108864          128      628713.110  17179869184   4294967296       27.325        6.831
       float    coalesced        2      128        2    134217728           64      628652.032  17179869184   4294967296       27.328        6.832
       float    coalesced        2      128        2    268435456           32      628629.051  17179869184   4294967296       27.329        6.832
       float    coalesced        2      128        2    536870912           16      628645.951  17179869184   4294967296       27.328        6.832
       float    coalesced        2      128        2   1073741824            8      628632.826  17179869184   4294967296       27.329        6.832
       float    coalesced        2      128        2   2147483648            4      628622.525  17179869184   4294967296       27.329        6.832
       float    coalesced        2      128        2   4294967296            2      628677.742  17179869184   4294967296       27.327        6.832
       float    coalesced        2      128        2   8588886016            1      628564.048  17177772032   4294443008       27.329        6.832
