        type trial_config ert_flop   unroll  buffers        nsize       trials       microsecs        bytes        flops         GB/s         GF/s
        long    coalesced        2        8        2          128     16777216     6235085.007   4294967296    536870912        0.689        0.086
        long    coalesced        2        8        2          256     16777216     6546777.285   8589934592   1073741824        1.312        0.164
        long    coalesced        2        8        2          512     16777216     6891327.534  17179869184   2147483648        2.493        0.312
        long    coalesced        2        8        2         1024      8388608     4091945.300  17179869184   2147483648        4.198        0.525
        long    coalesced        2        8        2         2048      4194304     2518255.894  17179869184   2147483648        6.822        0.853
        long    coalesced        2        8        2         4096      2097152     1364253.080  17179869184   2147483648       12.593        1.574
        long    coalesced        2        8        2         8192      1048576      909590.756  17179869184   2147483648       18.887        2.361
        long    coalesced        2        8        2        16384       524288      696665.067  17179869184   2147483648       24.660        3.083
        long    coalesced        2        8        2        32768       262144      598049.038  17179869184   2147483648       28.727        3.591
        long    coalesced        2        8        2        65536       131072      581352.344  17179869184   2147483648       29.552        3.694
        long    coalesced        2        8        2       131072        65536      574239.221  17179869184   2147483648       29.918        3.740
        long    coalesced        2        8        2       262144        32768      569437.788  17179869184   2147483648       30.170        3.771
        long    coalesced        2        8        2       524288        16384      566788.560  17179869184   2147483648       30.311        3.789
        long    coalesced        2        8        2      1048576         8192      565433.466  17179869184   2147483648       30.384        3.798
        long    coalesced        2        8        2      2097152         4096      564654.392  17179869184   2147483648       30.425        3.803
        long    coalesced        2        8        2      4194304         2048      564244.585  17179869184   2147483648       30.448        3.806
        long    coalesced        2        8        2      8388608         1024      564036.298  17179869184   2147483648       30.459        3.807
        long    coalesced        2        8        2     16777216          512      563981.384  17179869184   2147483648       30.462        3.808
        long    coalesced        2        8        2     33554432          256      563957.940  17179869184   2147483648       30.463        3.808
        long    coalesced        2        8        2     67108864          128      564004.938  17179869184   2147483648       30.460        3.808
        long    coalesced        2        8        2    134217728           64      563894.725  17179869184   2147483648       30.466        3.808
        long    coalesced        2        8        2    268435456           32      563938.973  17179869184   2147483648       30.464        3.808
        long    coalesced        2        8        2    536870912           16      563887.425  17179869184   2147483648       30.467        3.808
        long    coalesced        2        8        2   1073741824            8      563913.625  17179869184   2147483648       30.465        3.808
        long    coalesced        2        8        2   2147483648            4      563901.562  17179869184   2147483648       30.466        3.808
        long    coalesced        2        8        2   4294967296            2      563892.084  17179869184   2147483648       30.467        3.808
        long    coalesced        2        8        2   8588886016            1      563832.620  17177772032   2147221504       30.466        3.808
