0 3.37265 9.8e-08 20.5
0 6.26662 2.89397 20.5
0 7.70944 4.33678 20.5
0 9.15204 5.77939 20.5
1 10.602 7.6e-08 20.5
1 12.044 1.442 20.5
1 13.4926 2.89056 20.5
1 14.9417 4.3397 20.5
2 16.3851 6.8e-08 20.5
2 17.8367 1.4516 20.5
2 19.2808 2.89568 20.5
2 20.7363 4.35118 20.5
2 22.1884 5.80333 20.5
3 23.6328 6.6e-08 20.5
3 25.0769 1.44411 20.5
3 26.5275 2.89472 20.5
3 27.9702 4.33736 20.5
3 29.4188 5.78599 20.5
4 30.8693 6.2e-08 20.5
4 32.3171 1.44782 20.5
4 33.7691 2.89983 20.5
4 35.2242 4.35486 20.5
4 36.6685 5.79919 20.5
4 38.1249 7.25564 20.5
5 39.5667 7.1e-08 20.5
5 41.0094 1.44273 21
5 42.4703 2.90362 21
6 43.9142 6e-08 21
6 45.3666 1.45245 21
7 46.8151 1.26e-07 21
7 48.2586 1.44358 21
8 49.716 6.5e-08 21.5
9 51.1658 5.9e-08 21.5
11 52.609 6.5e-08 21.5
12 54.0612 4.7e-08 22
14 55.505 5.7e-08 22
16 56.9489 7.9e-08 22
17 58.407 6.8e-08 22
19 59.8504 6e-08 22
21 61.3023 8.3e-08 22
22 62.7456 7e-08 22
24 64.2893 1.45e-07 20.5
25 65.7303 1.19e-07 21
26 67.6747 2.02e-07 21
27 70.7172 1.56e-07 21
28 76.1638 2.46e-07 20.5
