        type trial_config ert_flop   unroll  buffers        nsize       trials       microsecs        bytes        flops         GB/s         GF/s
 signed_char    coalesced        1        1        2            2     16777216     5692654.542     67108864     33554432        0.012        0.006
 signed_char    coalesced        1        1        2            4     16777216     5951386.241    134217728     67108864        0.023        0.011
 signed_char    coalesced        1        1        2            8     16777216     6234752.316    268435456    134217728        0.043        0.022
 signed_char    coalesced        1        1        2           16     16777216     6891024.732    536870912    268435456        0.078        0.039
 signed_char    coalesced        1        1        2           32     16777216     8082720.882   1073741824    536870912        0.133        0.066
 signed_char    coalesced        1        1        2           64     16777216    10910742.173   2147483648   1073741824        0.197        0.098
 signed_char    coalesced        1        1        2          128     16777216    14547631.602   4294967296   2147483648        0.295        0.148
 signed_char    coalesced        1        1        2          256     16777216    18704050.192   8589934592   4294967296        0.459        0.230
 signed_char    coalesced        1        1        2          512     16777216    26185626.528  17179869184   8589934592        0.656        0.328
 signed_char    coalesced        1        1        2         1024      8388608    19892935.488  17179869184   8589934592        0.864        0.432
 signed_char    coalesced        1        1        2         2048      4194304    16753497.065  17179869184   8589934592        1.025        0.513
 signed_char    coalesced        1        1        2         4096      2097152    15578055.881  17179869184   8589934592        1.103        0.551
 signed_char    coalesced        1        1        2         8192      1048576    14848644.484  17179869184   8589934592        1.157        0.578
 signed_char    coalesced        1        1        2        16384       524288    14512597.372  17179869184   8589934592        1.184        0.592
 signed_char    coalesced        1        1        2        32768       262144    14321211.578  17179869184   8589934592        1.200        0.600
 signed_char    coalesced        1        1        2        65536       131072    14261622.699  17179869184   8589934592        1.205        0.602
 signed_char    coalesced        1        1        2       131072        65536    14213900.745  17179869184   8589934592        1.209        0.604
 signed_char    coalesced        1        1        2       262144        32768    14192762.866  17179869184   8589934592        1.210        0.605
 signed_char    coalesced        1        1        2       524288        16384    14182284.104  17179869184   8589934592        1.211        0.606
 signed_char    coalesced        1        1        2      1048576         8192    14176792.202  17179869184   8589934592        1.212        0.606
 signed_char    coalesced        1        1        2      2097152         4096    14174331.021  17179869184   8589934592        1.212        0.606
 signed_char    coalesced        1        1        2      4194304         2048    14172823.486  17179869184   8589934592        1.212        0.606
 signed_char    coalesced        1        1        2      8388608         1024    14172040.326  17179869184   8589934592        1.212        0.606
 signed_char    coalesced        1        1        2     16777216          512    14172003.494  17179869184   8589934592        1.212        0.606
 signed_char    coalesced        1        1        2     33554432          256    14171765.413  17179869184   8589934592        1.212        0.606
 signed_char    coalesced        1        1        2     67108864          128    14171698.681  17179869184   8589934592        1.212        0.606
 signed_char    coalesced        1        1        2    134217728           64    14171627.417  17179869184   8589934592        1.212        0.606
 signed_char    coalesced        1        1        2    268435456           32    14171615.410  17179869184   8589934592        1.212        0.606
 signed_char    coalesced        1        1        2    536870912           16    14171672.572  17179869184   8589934592        1.212        0.606
 signed_char    coalesced        1        1        2   1073741824            8    14171440.484  17179869184   8589934592        1.212        0.606
 signed_char    coalesced        1        1        2   2147483648            4    14171641.620  17179869184   8589934592        1.212        0.606
 signed_char    coalesced        1        1        2   4294967296            2    14171637.885  17179869184   8589934592        1.212        0.606
 signed_char    coalesced        1        1        2   8588886016            1    14169823.195  17177772032   8588886016        1.212        0.606
