0 6.69326 1.19e-07 25.5
0 9.57902 2.88577 25.5
0 11.0305 4.33726 25.5
0 12.4693 5.77609 25.5
0 13.9126 7.21932 25.5
0 15.3641 8.67085 25.5
0 16.8094 10.1161 25.5
0 18.2488 11.5555 26
1 19.7029 7.9e-08 26
1 21.1434 1.44043 26
1 22.588 2.88503 26
1 24.036 4.33307 26
2 25.4794 6.9e-08 26
2 26.9219 1.44247 26
2 28.3738 2.89437 26.5
3 29.8169 5.1e-08 27.5
4 31.2683 1e-07 28
6 32.7347 4.6e-08 29
8 34.1883 4.7e-08 29.5
10 35.6311 5.1e-08 29.5
13 37.0964 6.9e-08 29.5
15 38.5501 5.4e-08 29.5
18 40.0118 6.8e-08 29.5
20 41.9591 1.44e-07 26
21 43.5005 1e-07 26
22 46.2432 1.54e-07 26
23 50.9875 1.49e-07 26
24 60.0333 1.62e-07 26
