        type trial_config ert_flop   unroll  buffers        nsize       trials       microsecs        bytes        flops         GB/s         GF/s
       float    coalesced        8       64        2          512     16777216     8728943.844  17179869184  17179869184        1.968        1.968
       float    coalesced        8       64        2         1024      8388608     4763947.624  17179869184  17179869184        3.606        3.606
       float    coalesced        8       64        2         2048      4194304     2728089.819  17179869184  17179869184        6.297        6.297
       float    coalesced        8       64        2         4096      2097152     1493367.849  17179869184  17179869184       11.504       11.504
       float    coalesced        8       64        2         8192      1048576     1023198.307  17179869184  17179869184       16.790       16.790
       float    coalesced        8       64        2        16384       524288      747863.289  17179869184  17179869184       22.972       22.972
       float    coalesced        8       64        2        32768       262144      621163.552  17179869184  17179869184       27.658       27.658
       float    coalesced        8       64        2        65536       131072      585142.202  17179869184  17179869184       29.360       29.360
       float    coalesced        8       64        2       131072        65536      569209.017  17179869184  17179869184       30.182       30.182
       float    coalesced        8       64        2       262144        32768      563372.434  17179869184  17179869184       30.495       30.495
       float    coalesced        8       64        2       524288        16384      560251.277  17179869184  17179869184       30.665       30.665
       float    coalesced        8       64        2      1048576         8192      558478.394  17179869184  17179869184       30.762       30.762
       float    coalesced        8       64        2      2097152         4096      557562.451  17179869184  17179869184       30.812       30.812
       float    coalesced        8       64        2      4194304         2048      557016.419  17179869184  17179869184       30.843       30.843
       float    coalesced        8       64        2      8388608         1024      556662.904  17179869184  17179869184       30.862       30.862
       float    coalesced        8       64        2     16777216          512      556539.127  17179869184  17179869184       30.869       30.869
       float    coalesced        8       64        2     33554432          256      556395.992  17179869184  17179869184       30.877       30.877
       float    coalesced        8       64        2     67108864          128      556341.871  17179869184  17179869184       30.880       30.880
       float    coalesced        8       64        2    134217728           64      556326.990  17179869184  17179869184       30.881       30.881
       float    coalesced        8       64        2    268435456           32      556184.547  17179869184  17179869184       30.889       30.889
       float    coalesced        8       64        2    536870912           16      556130.711  17179869184  17179869184       30.892       30.892
       float    coalesced        8       64        2   1073741824            8      556199.947  17179869184  17179869184       30.888       30.888
       float    coalesced        8       64        2   2147483648            4      556081.786  17179869184  17179869184       30.895       30.895
       float    coalesced        8       64        2   4294967296            2      556163.484  17179869184  17179869184       30.890       30.890
       float    coalesced        8       64        2   8588886016            1      556171.384  17177772032  17177772032       30.886       30.886
