0 6.74923 8.5e-08 26.5
0 9.64396 2.89473 26.5
0 11.0861 4.33684 26.5
0 12.5274 5.77821 26.5
0 13.9793 7.23008 26.5
0 15.4244 8.67514 26.5
0 16.8651 10.1159 26.5
0 18.3169 11.5677 26.5
0 19.7623 13.0131 26.5
0 21.2052 14.4559 26.5
0 22.6574 15.9082 26.5
0 24.0983 17.349 26.5
0 25.544 18.7948 26.5
1 26.9923 6.5e-08 26.5
1 28.4362 1.44395 26.5
1 29.8799 2.88764 26.5
1 31.3314 4.33908 26.5
1 32.7763 5.78407 26.5
1 34.218 7.22573 26.5
1 35.6693 8.67702 26.5
1 37.1183 10.126 26.5
1 38.5679 11.5756 26.5
1 40.0355 13.0432 26.5
1 41.4847 14.4924 26.5
1 42.9578 15.9655 26.5
1 44.4106 17.4183 26.5
2 45.8601 7.4e-08 26.5
2 47.3277 1.4676 26.5
2 48.7719 2.91186 26.5
2 50.2245 4.36438 26.5
2 51.6787 5.81861 26.5
2 53.1269 7.26685 26.5
2 54.5941 8.73406 26.5
2 56.038 10.1779 26.5
2 57.4979 11.6378 26.5
2 58.9651 13.105 26.5
2 60.4194 14.5593 26.5
2 61.876 16.0159 26.5
2 63.3203 17.4602 26.5
2 64.7735 18.9134 26.5
3 66.2409 1.04e-07 27
3 67.6903 1.44941 27
3 69.1379 2.89703 27
3 70.5886 4.34777 27
3 72.0331 5.79218 27
3 73.4819 7.24104 27
3 74.9496 8.70872 27
3 76.3993 10.1584 27
4 77.8667 8e-08 27
4 79.3105 1.44379 27
4 80.7545 2.88778 27
4 82.2054 4.33872 27.5
5 83.6591 7.6e-08 27.5
5 85.1077 1.44863 28
6 86.576 6.5e-08 28.5
7 88.0193 7.6e-08 30
9 89.4717 6.5e-08 30.5
12 91.0259 1.46e-07 30.5
14 92.486 1.13e-07 30.5
17 93.9338 5.9e-08 30.5
19 95.3767 6e-08 30.5
21 96.8284 6.9e-08 30.5
23 99.173 9.8e-08 27
24 101.816 1.54e-07 27
25 106.56 1.23e-07 27
26 115.716 1.48e-07 27
