        type trial_config ert_flop   unroll  buffers        nsize       trials       microsecs        bytes        flops         GB/s         GF/s
 signed_char    coalesced        1       64        2          128     16777216     5951428.215   4294967296   2147483648        0.722        0.361
 signed_char    coalesced        1       64        2          256     16777216     6234813.515   8589934592   4294967296        1.378        0.689
 signed_char    coalesced        1       64        2          512     16777216     6708046.814  17179869184   8589934592        2.561        1.281
 signed_char    coalesced        1       64        2         1024      8388608     3850943.526  17179869184   8589934592        4.461        2.231
 signed_char    coalesced        1       64        2         2048      4194304     2338143.574  17179869184   8589934592        7.348        3.674
 signed_char    coalesced        1       64        2         4096      2097152     1309419.645  17179869184   8589934592       13.120        6.560
 signed_char    coalesced        1       64        2         8192      1048576      887521.497  17179869184   8589934592       19.357        9.679
 signed_char    coalesced        1       64        2        16384       524288      673411.843  17179869184   8589934592       25.512       12.756
 signed_char    coalesced        1       64        2        32768       262144      575091.852  17179869184   8589934592       29.873       14.937
 signed_char    coalesced        1       64        2        65536       131072      573586.271  17179869184   8589934592       29.952       14.976
 signed_char    coalesced        1       64        2       131072        65536      570314.179  17179869184   8589934592       30.124       15.062
 signed_char    coalesced        1       64        2       262144        32768      568072.706  17179869184   8589934592       30.242       15.121
 signed_char    coalesced        1       64        2       524288        16384      565682.363  17179869184   8589934592       30.370       15.185
 signed_char    coalesced        1       64        2      1048576         8192      564422.346  17179869184   8589934592       30.438       15.219
 signed_char    coalesced        1       64        2      2097152         4096      563713.562  17179869184   8589934592       30.476       15.238
 signed_char    coalesced        1       64        2      4194304         2048      563355.248  17179869184   8589934592       30.496       15.248
 signed_char    coalesced        1       64        2      8388608         1024      563128.697  17179869184   8589934592       30.508       15.254
 signed_char    coalesced        1       64        2     16777216          512      563109.963  17179869184   8589934592       30.509       15.254
 signed_char    coalesced        1       64        2     33554432          256      563005.739  17179869184   8589934592       30.515       15.257
 signed_char    coalesced        1       64        2     67108864          128      562999.927  17179869184   8589934592       30.515       15.257
 signed_char    coalesced        1       64        2    134217728           64      562969.270  17179869184   8589934592       30.517       15.258
 signed_char    coalesced        1       64        2    268435456           32      562994.786  17179869184   8589934592       30.515       15.258
 signed_char    coalesced        1       64        2    536870912           16      562995.620  17179869184   8589934592       30.515       15.258
 signed_char    coalesced        1       64        2   1073741824            8      562962.932  17179869184   8589934592       30.517       15.258
 signed_char    coalesced        1       64        2   2147483648            4      562987.261  17179869184   8589934592       30.516       15.258
 signed_char    coalesced        1       64        2   4294967296            2      562940.477  17179869184   8589934592       30.518       15.259
 signed_char    coalesced        1       64        2   8588886016            1      562920.111  17177772032   8588886016       30.515       15.258
