0 6.439 8e-08 24.5
0 9.32622 2.88722 24.5
0 10.7749 4.33588 24.5
0 12.217 5.77797 24.5
0 13.6592 7.22017 24.5
0 15.1061 8.66709 24.5
0 16.551 10.112 24.5
0 17.992 11.553 24.5
0 19.4398 13.0008 24.5
0 20.8822 14.4432 24.5
0 22.3265 15.8875 24.5
1 23.7741 9.8e-08 24.5
1 25.2158 1.44166 24.5
1 26.6607 2.88656 24.5
1 28.1108 4.33666 24.5
1 29.5553 5.78113 24.5
1 31.0026 7.22845 24.5
1 32.4687 8.69453 24.5
1 33.9214 10.1472 24.5
1 35.3637 11.5895 24.5
1 36.8235 13.0494 24.5
1 38.2869 14.5128 24.5
2 39.7474 9.6e-08 24.5
2 41.1902 1.44279 24.5
2 42.6322 2.88484 24.5
2 44.0827 4.33534 24.5
2 45.5303 5.78289 24.5
2 46.9892 7.24186 24.5
2 48.4494 8.702 25
3 49.8969 5.8e-08 25
3 51.3388 1.44188 25
3 52.7893 2.89237 25.5
4 54.2413 6.9e-08 25.5
4 55.6953 1.45398 26
5 57.156 5.7e-08 26.5
6 58.6042 7.3e-08 27
8 60.0544 7.2e-08 27.5
10 61.4971 7.7e-08 27.5
12 62.9426 6.1e-08 28
14 64.4079 5.8e-08 26.5
16 65.8507 3.6e-08 28
18 67.2935 7.8e-08 28
20 68.8582 2e-07 28
21 70.2989 6.4e-08 25
22 71.749 4.4e-08 25
23 74.293 1.46e-07 25
24 79.0284 1.19e-07 25
25 87.9716 1e-07 25
