0 3.37165 1.54e-07 21.5
0 6.26618 2.89453 21.5
0 7.70943 4.33777 21.5
0 9.16089 5.78923 21.5
0 10.6047 7.23303 21.5
0 12.0483 8.67662 21.5
0 13.5056 10.1339 21.5
1 14.948 7.4e-08 21.5
1 16.3982 1.4502 21.5
1 17.85 2.902 21.5
1 19.2898 4.34179 21.5
1 20.7336 5.78552 21.5
1 22.191 7.24291 21.5
1 23.634 8.68598 21.5
2 25.0856 5.6e-08 21.5
2 26.5339 1.44832 21.5
2 27.9758 2.8902 21.5
2 29.4352 4.34968 21.5
2 30.878 5.79242 21.5
2 32.3216 7.23604 21.5
2 33.778 8.69247 21.5
2 35.2202 10.1346 21.5
3 36.6635 6.6e-08 21.5
3 38.1137 1.45018 21.5
3 39.5674 2.90389 21.5
3 41.0195 4.35593 22
4 42.4627 7e-08 22
4 43.911 1.44829 22
5 45.3609 1.18e-07 22
6 46.8034 4.6e-08 23
7 48.2541 6e-08 24.5
10 49.7027 5.1e-08 25
14 51.1454 5.7e-08 25
19 52.5959 4.5e-08 25
22 54.1441 1.62e-07 25
24 56.5943 1.48e-07 22
25 59.2353 1e-07 22
26 64.2764 1.57e-07 21.5
