        type trial_config ert_flop   unroll  buffers        nsize       trials       microsecs        bytes        flops         GB/s         GF/s
 signed_char    coalesced        4       16        2           32     16777216     6234811.173   1073741824   2147483648        0.172        0.344
 signed_char    coalesced        4       16        2           64     16777216     6234781.608   2147483648   4294967296        0.344        0.689
 signed_char    coalesced        4       16        2          128     16777216     6546518.592   4294967296   8589934592        0.656        1.312
 signed_char    coalesced        4       16        2          256     16777216     7273905.092   8589934592  17179869184        1.181        2.362
 signed_char    coalesced        4       16        2          512     16777216     8728652.866  17179869184  34359738368        1.968        3.936
 signed_char    coalesced        4       16        2         1024      8388608     5035807.102  17179869184  34359738368        3.412        6.823
 signed_char    coalesced        4       16        2         2048      4194304     3273338.952  17179869184  34359738368        5.248       10.497
 signed_char    coalesced        4       16        2         4096      2097152     2045884.187  17179869184  34359738368        8.397       16.795
 signed_char    coalesced        4       16        2         8192      1048576     1487963.662  17179869184  34359738368       11.546       23.092
 signed_char    coalesced        4       16        2        16384       524288     1202569.673  17179869184  34359738368       14.286       28.572
 signed_char    coalesced        4       16        2        32768       262144     1023040.945  17179869184  34359738368       16.793       33.586
 signed_char    coalesced        4       16        2        65536       131072      976882.706  17179869184  34359738368       17.586       35.173
 signed_char    coalesced        4       16        2       131072        65536      938050.617  17179869184  34359738368       18.314       36.629
 signed_char    coalesced        4       16        2       262144        32768      920721.429  17179869184  34359738368       18.659       37.318
 signed_char    coalesced        4       16        2       524288        16384      910479.935  17179869184  34359738368       18.869       37.738
 signed_char    coalesced        4       16        2      1048576         8192      905963.000  17179869184  34359738368       18.963       37.926
 signed_char    coalesced        4       16        2      2097152         4096      903694.477  17179869184  34359738368       19.011       38.021
 signed_char    coalesced        4       16        2      4194304         2048      902547.289  17179869184  34359738368       19.035       38.070
 signed_char    coalesced        4       16        2      8388608         1024      901964.040  17179869184  34359738368       19.047       38.094
 signed_char    coalesced        4       16        2     16777216          512      901693.169  17179869184  34359738368       19.053       38.106
 signed_char    coalesced        4       16        2     33554432          256      901538.100  17179869184  34359738368       19.056       38.112
 signed_char    coalesced        4       16        2     67108864          128      901476.393  17179869184  34359738368       19.057       38.115
 signed_char    coalesced        4       16        2    134217728           64      901422.632  17179869184  34359738368       19.059       38.117
 signed_char    coalesced        4       16        2    268435456           32      901402.573  17179869184  34359738368       19.059       38.118
 signed_char    coalesced        4       16        2    536870912           16      901385.531  17179869184  34359738368       19.059       38.119
 signed_char    coalesced        4       16        2   1073741824            8      901387.374  17179869184  34359738368       19.059       38.119
 signed_char    coalesced        4       16        2   2147483648            4      901400.954  17179869184  34359738368       19.059       38.118
 signed_char    coalesced        4       16        2   4294967296            2      901436.642  17179869184  34359738368       19.058       38.117
 signed_char    coalesced        4       16        2   8588886016            1      901260.530  17177772032  34355544064       19.060       38.119
