        type trial_config ert_flop   unroll  buffers        nsize       trials       microsecs        bytes        flops         GB/s         GF/s
       float    coalesced        9      128        2         1024      8388608     5951723.048  17179869184  19327352832        2.887        3.247
       float    coalesced        9      128        2         2048      4194304     3273595.444  17179869184  19327352832        5.248        5.904
       float    coalesced        9      128        2         4096      2097152     1818870.241  17179869184  19327352832        9.445       10.626
       float    coalesced        9      128        2         8192      1048576     1233372.631  17179869184  19327352832       13.929       15.670
       float    coalesced        9      128        2        16384       524288      910791.712  17179869184  19327352832       18.863       21.220
       float    coalesced        9      128        2        32768       262144      767540.619  17179869184  19327352832       22.383       25.181
       float    coalesced        9      128        2        65536       131072      682322.596  17179869184  19327352832       25.179       28.326
       float    coalesced        9      128        2       131072        65536      642461.234  17179869184  19327352832       26.741       30.083
       float    coalesced        9      128        2       262144        32768      621424.285  17179869184  19327352832       27.646       31.102
       float    coalesced        9      128        2       524288        16384      611249.867  17179869184  19327352832       28.106       31.619
       float    coalesced        9      128        2      1048576         8192      606388.468  17179869184  19327352832       28.331       31.873
       float    coalesced        9      128        2      2097152         4096      603548.533  17179869184  19327352832       28.465       32.023
       float    coalesced        9      128        2      4194304         2048      602319.796  17179869184  19327352832       28.523       32.088
       float    coalesced        9      128        2      8388608         1024      601586.267  17179869184  19327352832       28.558       32.127
       float    coalesced        9      128        2     16777216          512      601293.114  17179869184  19327352832       28.572       32.143
       float    coalesced        9      128        2     33554432          256      601129.480  17179869184  19327352832       28.579       32.152
       float    coalesced        9      128        2     67108864          128      601036.863  17179869184  19327352832       28.584       32.157
       float    coalesced        9      128        2    134217728           64      601001.186  17179869184  19327352832       28.585       32.159
       float    coalesced        9      128        2    268435456           32      600982.269  17179869184  19327352832       28.586       32.160
       float    coalesced        9      128        2    536870912           16      600923.612  17179869184  19327352832       28.589       32.163
       float    coalesced        9      128        2   1073741824            8      600902.996  17179869184  19327352832       28.590       32.164
       float    coalesced        9      128        2   2147483648            4      600907.202  17179869184  19327352832       28.590       32.164
       float    coalesced        9      128        2   4294967296            2      600961.395  17179869184  19327352832       28.587       32.161
       float    coalesced        9      128        2   8588886016            1      600842.367  17177772032  19324993536       28.589       32.163
