        type trial_config ert_flop   unroll  buffers        nsize       trials       microsecs        bytes        flops         GB/s         GF/s
        long    coalesced       32        2        2           32     16777216    11902911.741   1073741824   2147483648        0.090        0.180
        long    coalesced       32        2        2           64     16777216    11902881.671   2147483648   4294967296        0.180        0.361
        long    coalesced       32        2        2          128     16777216    13093137.842   4294967296   8589934592        0.328        0.656
        long    coalesced       32        2        2          256     16777216    13093127.578   8589934592  17179869184        0.656        1.312
        long    coalesced       32        2        2          512     16777216    14597071.951  17179869184  34359738368        1.177        2.354
        long    coalesced       32        2        2         1024      8388608     8417969.031  17179869184  34359738368        2.041        4.082
        long    coalesced       32        2        2         2048      4194304     5036111.277  17179869184  34359738368        3.411        6.823
        long    coalesced       32        2        2         4096      2097152     3107243.905  17179869184  34359738368        5.529       11.058
        long    coalesced       32        2        2         8192      1048576     2121896.940  17179869184  34359738368        8.096       16.193
        long    coalesced       32        2        2        16384       524288     1614765.204  17179869184  34359738368       10.639       21.278
        long    coalesced       32        2        2        32768       262144     1364264.774  17179869184  34359738368       12.593       25.186
        long    coalesced       32        2        2        65536       131072     1227790.183  17179869184  34359738368       13.993       27.985
        long    coalesced       32        2        2       131072        65536     1156103.876  17179869184  34359738368       14.860       29.720
        long    coalesced       32        2        2       262144        32768     1124359.446  17179869184  34359738368       15.280       30.559
        long    coalesced       32        2        2       524288        16384     1108502.647  17179869184  34359738368       15.498       30.997
        long    coalesced       32        2        2      1048576         8192     1099833.773  17179869184  34359738368       15.620       31.241
        long    coalesced       32        2        2      2097152         4096     1095460.248  17179869184  34359738368       15.683       31.366
        long    coalesced       32        2        2      4194304         2048     1093522.803  17179869184  34359738368       15.711       31.421
        long    coalesced       32        2        2      8388608         1024     1092525.619  17179869184  34359738368       15.725       31.450
        long    coalesced       32        2        2     16777216          512     1091978.027  17179869184  34359738368       15.733       31.466
        long    coalesced       32        2        2     33554432          256     1091791.419  17179869184  34359738368       15.735       31.471
        long    coalesced       32        2        2     67108864          128     1091586.978  17179869184  34359738368       15.738       31.477
        long    coalesced       32        2        2    134217728           64     1091575.642  17179869184  34359738368       15.739       31.477
        long    coalesced       32        2        2    268435456           32     1091484.208  17179869184  34359738368       15.740       31.480
        long    coalesced       32        2        2    536870912           16     1091482.343  17179869184  34359738368       15.740       31.480
        long    coalesced       32        2        2   1073741824            8     1091557.145  17179869184  34359738368       15.739       31.478
        long    coalesced       32        2        2   2147483648            4     1091523.971  17179869184  34359738368       15.739       31.479
        long    coalesced       32        2        2   4294967296            2     1091495.550  17179869184  34359738368       15.740       31.480
        long    coalesced       32        2        2   8588886016            1     1091349.887  17177772032  34355544064       15.740       31.480
