        type trial_config ert_flop   unroll  buffers        nsize       trials       microsecs        bytes        flops         GB/s         GF/s
      double    coalesced        4       32        2          512     16777216    11902924.218  17179869184   4294967296        1.443        0.361
      double    coalesced        4       32        2         1024      8388608     6546786.690  17179869184   4294967296        2.624        0.656
      double    coalesced        4       32        2         2048      4194304     3445867.080  17179869184   4294967296        4.986        1.246
      double    coalesced        4       32        2         4096      2097152     1978158.268  17179869184   4294967296        8.685        2.171
      double    coalesced        4       32        2         8192      1048576     1282546.944  17179869184   4294967296       13.395        3.349
      double    coalesced        4       32        2        16384       524288      943781.279  17179869184   4294967296       18.203        4.551
      double    coalesced        4       32        2        32768       262144      767543.037  17179869184   4294967296       22.383        5.596
      double    coalesced        4       32        2        65536       131072      686194.749  17179869184   4294967296       25.036        6.259
      double    coalesced        4       32        2       131072        65536      647452.211  17179869184   4294967296       26.535        6.634
      double    coalesced        4       32        2       262144        32768      625507.174  17179869184   4294967296       27.466        6.866
      double    coalesced        4       32        2       524288        16384      614106.878  17179869184   4294967296       27.975        6.994
      double    coalesced        4       32        2      1048576         8192      608677.573  17179869184   4294967296       28.225        7.056
      double    coalesced        4       32        2      2097152         4096      606409.473  17179869184   4294967296       28.330        7.083
      double    coalesced        4       32        2      4194304         2048      604755.923  17179869184   4294967296       28.408        7.102
      double    coalesced        4       32        2      8388608         1024      604094.108  17179869184   4294967296       28.439        7.110
      double    coalesced        4       32        2     16777216          512      603772.369  17179869184   4294967296       28.454        7.114
      double    coalesced        4       32        2     33554432          256      603592.509  17179869184   4294967296       28.463        7.116
      double    coalesced        4       32        2     67108864          128      603483.097  17179869184   4294967296       28.468        7.117
      double    coalesced        4       32        2    134217728           64      603450.132  17179869184   4294967296       28.469        7.117
      double    coalesced        4       32        2    268435456           32      603418.495  17179869184   4294967296       28.471        7.118
      double    coalesced        4       32        2    536870912           16      603459.346  17179869184   4294967296       28.469        7.117
      double    coalesced        4       32        2   1073741824            8      603433.394  17179869184   4294967296       28.470        7.118
      double    coalesced        4       32        2   2147483648            4      603419.772  17179869184   4294967296       28.471        7.118
      double    coalesced        4       32        2   4294967296            2      603418.239  17179869184   4294967296       28.471        7.118
      double    coalesced        4       32        2   8588886016            1      603370.508  17177772032   4294443008       28.470        7.117
