        type trial_config ert_flop   unroll  buffers        nsize       trials       microsecs        bytes        flops         GB/s         GF/s
       float    coalesced        5      256        1         1024      4194304     2503075.908   8589934592   5368709120        3.432        2.145
       float    coalesced        5      256        1         2048      2097152     1364109.880   8589934592   5368709120        6.297        3.936
       float    coalesced        5      256        1         4096      1048576      818614.118   8589934592   5368709120       10.493        6.558
       float    coalesced        5      256        1         8192       524288      573298.576   8589934592   5368709120       14.983        9.365
       float    coalesced        5      256        1        16384       262144      424682.898   8589934592   5368709120       20.227       12.642
       float    coalesced        5      256        1        32768       131072      352204.083   8589934592   5368709120       24.389       15.243
       float    coalesced        5      256        1        65536        65536      319902.911   8589934592   5368709120       26.852       16.782
       float    coalesced        5      256        1       131072        32768      298630.855   8589934592   5368709120       28.764       17.978
       float    coalesced        5      256        1       262144        16384      292044.715   8589934592   5368709120       29.413       18.383
       float    coalesced        5      256        1       524288         8192      288128.543   8589934592   5368709120       29.813       18.633
       float    coalesced        5      256        1      1048576         4096      287087.081   8589934592   5368709120       29.921       18.701
       float    coalesced        5      256        1      2097152         2048      286224.666   8589934592   5368709120       30.011       18.757
       float    coalesced        5      256        1      4194304         1024      285765.146   8589934592   5368709120       30.059       18.787
       float    coalesced        5      256        1      8388608          512      285600.375   8589934592   5368709120       30.077       18.798
       float    coalesced        5      256        1     16777216          256      285478.416   8589934592   5368709120       30.090       18.806
       float    coalesced        5      256        1     33554432          128      285450.896   8589934592   5368709120       30.093       18.808
       float    coalesced        5      256        1     67108864           64      285417.358   8589934592   5368709120       30.096       18.810
       float    coalesced        5      256        1    134217728           32      285415.425   8589934592   5368709120       30.096       18.810
       float    coalesced        5      256        1    268435456           16      285367.010   8589934592   5368709120       30.101       18.813
       float    coalesced        5      256        1    536870912            8      285412.238   8589934592   5368709120       30.097       18.810
       float    coalesced        5      256        1   1073741824            4      285376.594   8589934592   5368709120       30.100       18.813
       float    coalesced        5      256        1   2147483648            2      285379.141   8589934592   5368709120       30.100       18.813
       float    coalesced        5      256        1   4293918720            1      285304.778   8587837440   5367398400       30.101       18.813
