0 6.45681 9.4e-08 22.5
0 9.35376 2.89695 22.5
0 10.8074 4.35056 22.5
0 12.2517 5.79486 22.5
0 13.6958 7.23897 22.5
0 15.1482 8.69137 22.5
0 16.5913 10.1345 22.5
0 18.0333 11.5765 22.5
0 19.4837 13.0269 22.5
1 20.9282 9.3e-08 22.5
1 22.3706 1.4424 22.5
1 23.8288 2.90058 22.5
1 25.2737 4.34553 22.5
1 26.7169 5.78869 22.5
1 28.169 7.24084 22.5
1 29.6132 8.68506 22.5
1 31.0575 10.1293 22.5
1 32.5138 11.5856 22.5
2 33.9541 1.43e-07 22.5
2 35.3972 1.44312 22.5
2 36.8478 2.89376 22.5
2 38.2942 4.34011 22.5
2 39.7334 5.77932 22.5
2 41.1905 7.23644 22.5
2 42.634 8.67996 22.5
2 44.0855 10.1314 22.5
2 45.5291 11.5751 22.5
3 46.9736 1.16e-07 22.5
3 48.4261 1.45251 22.5
3 49.8697 2.89616 22.5
3 51.3128 4.33919 22.5
3 52.7632 5.78964 23
4 54.2063 7.4e-08 23
4 55.65 1.44363 23
5 57.1082 7.9e-08 23.5
5 58.5526 1.44437 24
6 59.9964 9e-08 24.5
7 61.4487 6.8e-08 25
9 62.893 7e-08 25.5
11 64.3376 7.5e-08 26
13 65.7898 6.6e-08 26
16 67.234 6.6e-08 26
18 68.6782 7.6e-08 24.5
20 70.1357 7.5e-08 23
22 71.78 1.86e-07 23
23 73.4238 1.72e-07 22.5
24 76.076 1.71e-07 23
25 80.6217 1.79e-07 23
26 89.5727 1.71e-07 22.5
