        type trial_config ert_flop   unroll  buffers        nsize       trials       microsecs        bytes        flops         GB/s         GF/s
        long    coalesced        7       16        2          256     16777216    10071779.188   8589934592   3758096384        0.853        0.373
        long    coalesced        7       16        2          512     16777216    10071719.400  17179869184   7516192768        1.706        0.746
        long    coalesced        7       16        2         1024      8388608     5692896.329  17179869184   7516192768        3.018        1.320
        long    coalesced        7       16        2         2048      4194304     3273584.072  17179869184   7516192768        5.248        2.296
        long    coalesced        7       16        2         4096      2097152     1818922.171  17179869184   7516192768        9.445        4.132
        long    coalesced        7       16        2         8192      1048576     1270186.904  17179869184   7516192768       13.525        5.917
        long    coalesced        7       16        2        16384       524288      951938.970  17179869184   7516192768       18.047        7.896
        long    coalesced        7       16        2        32768       262144      793268.450  17179869184   7516192768       21.657        9.475
        long    coalesced        7       16        2        65536       131072      716432.749  17179869184   7516192768       23.980       10.491
        long    coalesced        7       16        2       131072        65536      682284.409  17179869184   7516192768       25.180       11.016
        long    coalesced        7       16        2       262144        32768      659951.379  17179869184   7516192768       26.032       11.389
        long    coalesced        7       16        2       524288        16384      649836.156  17179869184   7516192768       26.437       11.566
        long    coalesced        7       16        2      1048576         8192      644819.132  17179869184   7516192768       26.643       11.656
        long    coalesced        7       16        2      2097152         4096      642414.647  17179869184   7516192768       26.743       11.700
        long    coalesced        7       16        2      4194304         2048      641162.557  17179869184   7516192768       26.795       11.723
        long    coalesced        7       16        2      8388608         1024      640579.564  17179869184   7516192768       26.819       11.733
        long    coalesced        7       16        2     16777216          512      640259.697  17179869184   7516192768       26.833       11.739
        long    coalesced        7       16        2     33554432          256      640118.304  17179869184   7516192768       26.839       11.742
        long    coalesced        7       16        2     67108864          128      640031.114  17179869184   7516192768       26.842       11.743
        long    coalesced        7       16        2    134217728           64      639987.228  17179869184   7516192768       26.844       11.744
        long    coalesced        7       16        2    268435456           32      639974.325  17179869184   7516192768       26.845       11.745
        long    coalesced        7       16        2    536870912           16      639969.778  17179869184   7516192768       26.845       11.745
        long    coalesced        7       16        2   1073741824            8      639952.687  17179869184   7516192768       26.846       11.745
        long    coalesced        7       16        2   2147483648            4      639997.669  17179869184   7516192768       26.844       11.744
        long    coalesced        7       16        2   4294967296            2      639977.012  17179869184   7516192768       26.845       11.744
        long    coalesced        7       16        2   8588886016            1      639876.620  17177772032   7515275264       26.845       11.745
