0 6.61351 8.5e-08 21
0 9.51038 2.89687 21
0 10.9526 4.33906 21
0 12.3975 5.78401 21
0 13.8484 7.23489 21.5
0 15.2921 8.67859 21.5
1 16.7372 6.3e-08 21.5
1 18.1951 1.4579 21.5
1 19.6381 2.90086 21.5
1 21.0811 4.34386 21.5
1 22.5342 5.79699 21.5
1 23.9756 7.23842 21.5
2 25.4196 7.4e-08 21.5
2 26.8723 1.45266 21.5
2 28.3148 2.89515 21.5
3 29.7594 7e-08 22
3 31.2163 1.45682 22
4 32.6605 8e-08 22.5
5 34.1162 1.09e-07 23.5
6 35.5558 6.2e-08 24
8 37.0005 6.8e-08 24.5
10 38.4523 6e-08 24.5
13 39.8948 6.2e-08 24.5
15 41.3385 6e-08 24.5
18 42.9 1.63e-07 24.5
20 44.4372 1.63e-07 24.5
21 45.8778 6.1e-08 22.5
22 47.3298 4.9e-08 21.5
23 49.6747 1.18e-07 21.5
24 54.2207 1.09e-07 21.5
25 63.0689 1.77e-07 21.5
