        type trial_config ert_flop   unroll  buffers        nsize       trials       microsecs        bytes        flops         GB/s         GF/s
         int    coalesced        2       64        2          512     16777216     7274187.496  17179869184   4294967296        2.362        0.590
         int    coalesced        2       64        2         1024      8388608     4210247.088  17179869184   4294967296        4.080        1.020
         int    coalesced        2       64        2         2048      4194304     2382339.029  17179869184   4294967296        7.211        1.803
         int    coalesced        2       64        2         4096      2097152     1364247.010  17179869184   4294967296       12.593        3.148
         int    coalesced        2       64        2         8192      1048576      957454.378  17179869184   4294967296       17.943        4.486
         int    coalesced        2       64        2        16384       524288      725399.492  17179869184   4294967296       23.683        5.921
         int    coalesced        2       64        2        32768       262144      626876.818  17179869184   4294967296       27.405        6.851
         int    coalesced        2       64        2        65536       131072      587908.235  17179869184   4294967296       29.222        7.306
         int    coalesced        2       64        2       131072        65536      571140.873  17179869184   4294967296       30.080        7.520
         int    coalesced        2       64        2       262144        32768      563926.674  17179869184   4294967296       30.465        7.616
         int    coalesced        2       64        2       524288        16384      561012.565  17179869184   4294967296       30.623        7.656
         int    coalesced        2       64        2      1048576         8192      559376.564  17179869184   4294967296       30.713        7.678
         int    coalesced        2       64        2      2097152         4096      558444.616  17179869184   4294967296       30.764        7.691
         int    coalesced        2       64        2      4194304         2048      557991.084  17179869184   4294967296       30.789        7.697
         int    coalesced        2       64        2      8388608         1024      557685.860  17179869184   4294967296       30.806        7.701
         int    coalesced        2       64        2     16777216          512      557529.999  17179869184   4294967296       30.814        7.704
         int    coalesced        2       64        2     33554432          256      557426.581  17179869184   4294967296       30.820        7.705
         int    coalesced        2       64        2     67108864          128      557390.608  17179869184   4294967296       30.822        7.705
         int    coalesced        2       64        2    134217728           64      557324.660  17179869184   4294967296       30.826        7.706
         int    coalesced        2       64        2    268435456           32      557343.938  17179869184   4294967296       30.825        7.706
         int    coalesced        2       64        2    536870912           16      557317.695  17179869184   4294967296       30.826        7.706
         int    coalesced        2       64        2   1073741824            8      557401.048  17179869184   4294967296       30.821        7.705
         int    coalesced        2       64        2   2147483648            4      557253.151  17179869184   4294967296       30.830        7.707
         int    coalesced        2       64        2   4294967296            2      557405.904  17179869184   4294967296       30.821        7.705
         int    coalesced        2       64        2   8588886016            1      557365.397  17177772032   4294443008       30.820        7.705
