        type trial_config ert_flop   unroll  buffers        nsize       trials       microsecs        bytes        flops         GB/s         GF/s
         int    coalesced        2        1        2            8     16777216     5951698.395    268435456     67108864        0.045        0.011
         int    coalesced        2        1        2           16     16777216     6235043.597    536870912    134217728        0.086        0.022
         int    coalesced        2        1        2           32     16777216     6546774.734   1073741824    268435456        0.164        0.041
         int    coalesced        2        1        2           64     16777216     7274145.719   2147483648    536870912        0.295        0.074
         int    coalesced        2        1        2          128     16777216     8351323.352   4294967296   1073741824        0.514        0.129
         int    coalesced        2        1        2          256     16777216    10171372.247   8589934592   2147483648        0.845        0.211
         int    coalesced        2        1        2          512     16777216    13093090.239  17179869184   4294967296        1.312        0.328
         int    coalesced        2        1        2         1024      8388608     8183406.119  17179869184   4294967296        2.099        0.525
         int    coalesced        2        1        2         2048      4194304     6180314.147  17179869184   4294967296        2.780        0.695
         int    coalesced        2        1        2         4096      2097152     5013838.539  17179869184   4294967296        3.426        0.857
         int    coalesced        2        1        2         8192      1048576     4441294.612  17179869184   4294967296        3.868        0.967
         int    coalesced        2        1        2        16384       524288     4091922.533  17179869184   4294967296        4.198        1.050
         int    coalesced        2        1        2        32768       262144     4021317.342  17179869184   4294967296        4.272        1.068
         int    coalesced        2        1        2        65536       131072     3943791.162  17179869184   4294967296        4.356        1.089
         int    coalesced        2        1        2       131072        65536     3905352.557  17179869184   4294967296        4.399        1.100
         int    coalesced        2        1        2       262144        32768     3885473.398  17179869184   4294967296        4.422        1.105
         int    coalesced        2        1        2       524288        16384     3875549.654  17179869184   4294967296        4.433        1.108
         int    coalesced        2        1        2      1048576         8192     3870321.884  17179869184   4294967296        4.439        1.110
         int    coalesced        2        1        2      2097152         4096     3867990.726  17179869184   4294967296        4.442        1.110
         int    coalesced        2        1        2      4194304         2048     3866750.867  17179869184   4294967296        4.443        1.111
         int    coalesced        2        1        2      8388608         1024     3866060.248  17179869184   4294967296        4.444        1.111
         int    coalesced        2        1        2     16777216          512     3865763.802  17179869184   4294967296        4.444        1.111
         int    coalesced        2        1        2     33554432          256     3865639.039  17179869184   4294967296        4.444        1.111
         int    coalesced        2        1        2     67108864          128     3865415.684  17179869184   4294967296        4.445        1.111
         int    coalesced        2        1        2    134217728           64     3865588.810  17179869184   4294967296        4.444        1.111
         int    coalesced        2        1        2    268435456           32     3865383.163  17179869184   4294967296        4.445        1.111
         int    coalesced        2        1        2    536870912           16     3865389.549  17179869184   4294967296        4.445        1.111
         int    coalesced        2        1        2   1073741824            8     3865350.545  17179869184   4294967296        4.445        1.111
         int    coalesced        2        1        2   2147483648            4     3865508.933  17179869184   4294967296        4.444        1.111
         int    coalesced        2        1        2   4294967296            2     3865482.824  17179869184   4294967296        4.444        1.111
         int    coalesced        2        1        2   8588886016            1     3865022.210  17177772032   4294443008        4.444        1.111
