0 3.27276 1.5e-07 21
0 6.16274 2.88998 21
0 7.61445 4.3417 21
0 9.0577 5.78494 21
0 10.5016 7.22887 21
0 11.9586 8.68581 21
0 13.4044 10.1317 21
0 14.8504 11.5776 21
0 16.3134 13.0407 21
0 17.751 14.4783 21
0 19.1935 15.9207 21
0 20.6603 17.3875 21
0 22.1047 18.832 21
0 23.5565 20.2837 21
0 25.0108 21.738 21
0 26.453 23.1802 21
0 27.9024 24.6296 21
0 29.3496 26.0768 21
0 30.7936 27.5208 21
0 32.2453 28.9725 21
0 33.6937 30.4209 21
0 35.1362 31.8634 21
0 36.5934 33.3206 21
0 38.0422 34.7694 21
0 39.4949 36.2221 21
0 40.9392 37.6664 21
0 42.3883 39.1155 21
0 43.8447 40.5719 21
0 45.2872 42.0144 21
0 46.7358 43.463 21
1 48.1886 1e-07 21
1 49.6332 1.44455 21
1 51.0765 2.88785 21
1 52.5335 4.34484 21
1 53.9819 5.79327 21
1 55.4354 7.24677 21
1 56.8829 8.6943 21
1 58.324 10.1354 21
1 59.7695 11.5808 21
1 61.2115 13.0229 21
1 62.6656 14.477 21
1 64.1148 15.9262 21
1 65.5582 17.3696 21
1 67.0006 18.812 21
1 68.4512 20.2626 21
1 69.8954 21.7068 21
1 71.3388 23.1501 21
1 72.7907 24.6021 21
1 74.2442 26.0555 21
1 75.6968 27.5082 21
1 77.1416 28.953 21
1 78.586 30.3974 21
1 80.0388 31.8501 21
1 81.4835 33.2948 21
1 82.9277 34.739 21
1 84.3843 36.1957 21
1 85.8329 37.6443 21
1 87.2762 39.0875 21
1 88.7276 40.539 21
1 90.1717 41.9831 21
2 91.6149 2e-07 21
2 93.0714 1.45654 21
2 94.5153 2.90042 21
2 95.9678 4.35298 21
2 97.4126 5.79771 21
2 98.8572 7.24235 21
2 100.31 8.695 21
2 101.754 10.1392 21
2 103.203 11.588 21
2 104.656 13.0415 21
2 106.099 14.4843 21
2 107.543 15.9277 21
2 108.993 17.3786 21
2 110.442 18.8273 21
2 111.886 20.2708 21
2 113.344 21.7287 21
2 114.787 23.1717 21
2 116.238 24.6235 21
2 117.683 26.0678 21
2 119.126 27.5114 21
2 120.578 28.9635 21
2 122.027 30.4123 21
2 123.47 31.8553 21
2 124.928 33.313 21
2 126.37 34.7555 21
2 127.813 36.1979 21
2 129.263 37.6477 21
2 130.706 39.0916 21
2 132.151 40.536 21
2 133.602 41.9867 21
3 135.045 1.11e-07 21
3 136.487 1.44184 21
3 137.944 2.8991 21
3 139.388 4.34315 21
3 140.84 5.79478 21
3 142.284 7.23905 21
3 143.726 8.68163 21
3 145.178 10.1332 21
3 146.621 11.5762 21
3 148.064 13.0196 21
3 149.521 14.4763 21
3 150.97 15.925 21
3 152.413 17.368 21
3 153.865 18.8201 21
3 155.309 20.2645 21
3 156.754 21.7089 21
3 158.212 23.1674 21
3 159.657 24.6117 21
3 161.108 26.0633 21
3 162.551 27.5066 21
3 163.995 28.9503 21
3 165.457 30.4126 21
3 166.902 31.857 21
3 168.345 33.3006 21
3 169.798 34.753 21
3 171.242 36.1974 21
3 172.686 37.641 21
3 174.138 39.0929 21
3 175.581 40.5362 21
3 177.029 41.9846 21
3 178.481 43.4362 21
4 179.923 9.1e-08 21
4 181.374 1.4503 21
4 182.817 2.89399 21
4 184.261 4.3379 21
4 185.713 5.7897 21
4 187.156 7.23226 21
4 188.599 8.67604 21
4 190.057 10.1337 21
4 191.499 11.5757 21
4 192.95 13.027 21
4 194.4 14.4763 21
4 195.844 15.9208 21
4 197.288 17.3651 21
4 198.747 18.8232 21
4 200.19 20.2666 21
4 201.641 21.7179 21
4 203.083 23.1599 21
4 204.527 24.6035 21
4 205.978 26.055 21
4 207.421 27.4974 21
4 208.87 28.9469 21
4 210.322 30.3984 21
4 211.764 31.8402 21
4 213.206 33.2827 21
4 214.657 34.7342 21
4 216.1 36.1767 21
4 217.543 37.6201 21
4 218.995 39.0718 21
4 220.437 40.5139 21
4 221.887 41.9634 21
4 223.338 43.4147 21
5 224.78 8e-08 21
5 226.231 1.45126 21
5 227.674 2.89361 21
5 229.117 4.33739 21
5 230.569 5.78898 21
5 232.011 7.23133 21
5 233.466 8.68605 21
5 234.919 10.1387 21
5 236.363 11.583 21
5 237.806 13.0264 21
5 239.258 14.478 21
5 240.702 15.9218 21
5 242.151 17.3714 21
5 243.603 18.8228 21
5 245.045 20.265 21
5 246.496 21.7164 21
5 247.944 23.1636 21
5 249.388 24.6084 21
5 250.847 26.0668 21
5 252.291 27.5108 21
5 253.735 28.9545 21
5 255.186 30.4064 21
5 256.629 31.8488 21
5 258.072 33.2921 21
5 259.524 34.7437 21
5 260.967 36.1871 21
5 262.415 37.6353 21
5 263.867 39.0866 21
5 265.309 40.5289 21
5 266.76 41.9804 21
5 268.203 43.4228 21
5 269.647 44.8666 21
5 271.098 46.3182 21
5 272.541 47.7606 21
6 273.984 9e-08 21
6 275.441 1.45634 21
6 276.884 2.89973 21
6 278.327 4.34311 21
6 279.777 5.79308 21
6 281.22 7.23539 21
6 282.663 8.6787 21
6 284.115 10.1303 21
6 285.558 11.5735 21
6 287.006 13.0218 21
6 288.457 14.473 21
6 289.9 15.9153 21
6 291.351 17.3669 21
6 292.793 18.8092 21
6 294.237 20.2529 21
6 295.689 21.7046 21
6 297.131 23.1472 21
6 298.575 24.5908 21
6 300.031 26.047 21
6 301.473 27.4892 21
6 302.917 28.9328 21
6 304.369 30.3842 21
6 305.811 31.8267 21
6 307.254 33.2701 21
6 308.706 34.7218 21
6 310.149 36.1651 21
6 311.598 37.6136 21
6 313.049 39.065 21
6 314.492 40.5074 21
6 315.943 41.9587 21
6 317.385 43.4011 21
6 318.829 44.8448 21
6 320.281 46.2963 21
6 321.723 47.7386 21
6 323.166 49.1821 21
6 324.624 50.6395 21
7 326.067 7.6e-08 21
7 327.51 1.44213 21
7 328.96 2.89223 21
7 330.402 4.33477 21
7 331.846 5.77825 21
7 333.296 7.22854 21
7 334.75 8.68297 21
7 336.202 10.1351 21
7 337.647 11.5795 21
7 339.091 13.0241 21
7 340.543 14.4756 21
7 341.987 15.9194 21
7 343.43 17.3628 21
7 344.893 18.8255 21
7 346.338 20.2703 21
7 347.782 21.7148 21
7 349.235 23.1673 21
7 350.679 24.6113 21
7 352.128 26.0609 21
7 353.58 27.5124 21
7 355.022 28.9545 21
7 356.473 30.4058 21
7 357.915 31.848 21
7 359.358 33.2901 21
7 360.809 34.7414 21
7 362.252 36.1848 21
7 363.695 37.628 21
7 365.151 39.084 21
7 366.6 40.5323 21
7 368.044 41.9771 21
7 369.497 43.4296 21
7 370.941 44.8737 21
7 372.39 46.3231 21
7 373.842 47.7743 21
7 375.285 49.2178 21
7 376.737 50.6697 21
7 378.181 52.114 21
7 379.626 53.5582 21
7 381.084 55.0166 21
8 382.528 7.7e-08 21
8 383.972 1.44343 21
8 385.423 2.89455 21
8 386.866 4.3379 21
8 388.309 5.78111 21
8 389.761 7.23242 21
8 391.203 8.67452 21
8 392.652 10.1235 21
8 394.103 11.5745 21
8 395.55 13.0214 21
8 397.002 14.474 21
8 398.447 15.9189 21
8 399.891 17.3626 21
8 401.348 18.8201 21
8 402.791 20.2632 21
8 404.234 21.7053 21
8 405.685 23.1566 21
8 407.127 24.599 21
8 408.571 26.0423 21
8 410.033 27.5046 21
8 411.478 28.9493 21
8 412.93 30.4018 21
8 414.373 31.845 21
8 415.817 33.2888 21
8 417.268 34.7402 21
8 418.712 36.1837 21
8 420.154 37.6256 21
8 421.611 39.083 21
8 423.054 40.5261 21
8 424.497 41.9685 21
8 425.948 43.4197 21
8 427.39 44.862 21
8 428.835 46.3065 21
8 430.285 47.7569 21
8 431.727 49.1989 21
8 433.177 50.6485 21
8 434.628 52.0997 21
8 436.07 53.5418 21
8 437.521 54.9932 21
8 438.964 56.4355 21
8 440.408 57.8793 21
8 441.859 59.3308 21
8 443.301 60.7731 21
9 444.745 9.2e-08 21
9 446.201 1.45624 21
9 447.645 2.89968 21
9 449.087 4.3419 21
9 450.538 5.79325 21
9 451.98 7.23558 21
9 453.424 8.6789 21
9 454.876 10.1307 21
9 456.319 11.574 21
9 457.78 13.0355 21
9 459.225 14.4801 21
9 460.67 15.9246 21
9 462.12 17.3752 21
9 463.565 18.8197 21
9 465.008 20.263 21
9 466.466 21.7207 21
9 467.919 23.1741 21
9 469.362 24.6174 21
9 470.814 26.0691 21
9 472.256 27.5112 21
9 473.706 28.9606 21
9 475.157 30.4121 21
9 476.599 31.8543 21
9 478.05 33.3055 21
9 479.492 34.7475 21
9 480.936 36.1911 21
10 482.386 9.2e-08 21
10 483.829 1.44352 21
10 485.271 2.88544 21
10 486.729 4.34288 21
10 488.17 5.78473 21
10 489.614 7.22827 21
10 491.064 8.67815 21
10 492.507 10.1214 21
10 493.951 11.5654 21
10 495.401 13.0154 21
10 496.855 14.4691 21
10 498.307 15.9215 21
10 499.752 17.3662 21
10 501.196 18.8105 21
10 502.647 20.2618 21
10 504.091 21.7057 21
10 505.535 23.1491 21
11 506.993 9.3e-08 21
11 508.436 1.44321 21
11 509.878 2.88527 21
11 511.328 4.33542 21
11 512.77 5.77714 21
11 514.222 7.22924 21
11 515.669 8.67629 21
11 517.117 10.1249 21
11 518.56 11.5677 21
11 520.01 13.0176 21
11 521.452 14.4598 21
11 522.904 15.911 21
11 524.346 17.3533 21
11 525.789 18.7968 21
12 527.239 8.1e-08 21
12 528.683 1.44341 21
12 530.126 2.88665 21
12 531.582 4.34251 21
12 533.023 5.78433 21
12 534.466 7.22717 21
12 535.918 8.67892 21
12 537.36 10.1212 21
12 538.804 11.5644 21
12 540.255 13.0162 21
12 541.697 14.4582 21
13 543.14 7.1e-08 21
13 544.597 1.45669 21
13 546.039 2.89846 21
13 547.49 4.34989 21
13 548.934 5.79408 21
13 550.387 7.2464 21
13 551.841 8.70057 21
13 553.285 10.145 21
13 554.729 11.5887 21
13 556.181 13.0403 21
14 557.624 5.8e-08 21
14 559.066 1.44188 21
14 560.517 2.89277 21
14 561.959 4.33527 21
14 563.403 5.77862 21
14 564.86 7.23563 21
14 566.303 8.6792 21
14 567.753 10.129 21
14 569.197 11.5724 21
14 570.64 13.0159 21
15 572.091 7.3e-08 21
15 573.533 1.44205 21
15 574.975 2.88372 21
15 576.432 4.34101 21
15 577.876 5.78428 21
15 579.317 7.22557 21
15 580.769 8.67714 21
15 582.211 10.1194 21
15 583.654 11.5626 21
16 585.105 8.3e-08 21
16 586.547 1.44208 21
16 587.991 2.88557 21
16 589.447 4.34164 21
16 590.895 5.79005 21
16 592.348 7.24234 21
16 593.792 8.68645 21
16 595.236 10.1303 21
16 596.692 11.5871 21
17 598.136 8.5e-08 21
17 599.58 1.44342 21
17 601.031 2.89458 21
17 602.473 4.33674 21
17 603.917 5.78031 21
17 605.368 7.23168 21
17 606.81 8.67372 21
17 608.26 10.1232 21
17 609.711 11.5745 21
18 611.153 6.5e-08 21
18 612.609 1.45629 21
18 614.053 2.89985 21
18 615.497 4.34368 21
18 616.955 5.80176 21
18 618.399 7.24596 21
18 619.842 8.68947 21
18 621.294 10.1407 21
18 622.736 11.5831 21
19 624.179 5.9e-08 21
19 625.629 1.4501 21
19 627.073 2.89342 21
19 628.516 4.33656 21
19 629.972 5.79308 21
19 631.421 7.2415 21
19 632.873 8.69382 21
19 634.317 10.1379 21
19 635.761 11.5822 21
20 637.219 7.2e-08 21
20 638.662 1.44317 21
20 640.105 2.88647 21
20 641.555 4.33614 21
20 642.998 5.7797 21
20 644.442 7.22285 21
20 645.893 8.67434 21
20 647.336 10.1174 21
20 648.785 11.5659 21
21 650.235 9.6e-08 21
21 651.687 1.45202 21
21 653.135 2.9006 21
21 654.579 4.34392 21
21 656.023 5.78805 21
21 657.481 7.24629 21
21 658.924 8.68958 21
21 660.367 10.1325 21
21 661.818 11.5831 21
22 663.261 6.1e-08 21
22 664.705 1.44371 21
22 666.155 2.8937 21
22 667.598 4.33722 21
22 669.042 5.78081 21
22 670.503 7.24187 21
22 671.947 8.68577 21
22 673.399 10.138 21
22 674.843 11.5816 21
23 676.287 1.02e-07 21
23 677.744 1.45718 21
23 679.187 2.90059 21
23 680.631 4.34411 21
23 682.081 5.7941 21
23 683.524 7.23766 21
23 684.968 8.68108 21
23 686.419 10.1327 21
23 687.861 11.5748 21
23 689.305 13.0184 21
24 690.761 7.2e-08 21
24 692.21 1.44838 21
24 693.662 2.90066 21
24 695.106 4.34467 21
24 696.55 5.78895 21
24 698.008 7.24656 21
24 699.451 8.68995 21
24 700.895 10.1334 21
24 702.345 11.5835 21
25 703.788 7.5e-08 21
25 705.231 1.44319 21
25 706.683 2.89459 21
25 708.125 4.33654 21
25 709.574 5.78585 21
25 711.025 7.23707 21
25 712.467 8.67908 21
25 713.923 10.1353 21
25 715.368 11.5794 21
26 716.811 9.5e-08 21
26 718.269 1.4579 21
26 719.712 2.90098 21
26 721.155 4.34366 21
26 722.605 5.794 21
26 724.049 7.23758 21
26 725.492 8.68081 21
26 726.944 10.1322 21
26 728.387 11.5754 21
27 729.835 6.5e-08 21
27 731.286 1.45114 21
27 732.728 2.89316 21
27 734.179 4.34446 21
27 735.621 5.78638 21
27 737.065 7.22983 21
27 738.516 8.68106 21
27 739.958 10.1231 21
27 741.4 11.565 21
28 742.856 1.08e-07 21
28 744.299 1.44239 21
28 745.742 2.88544 21
28 747.193 4.33682 21
28 748.637 5.78048 21
28 750.08 7.22375 21
28 751.53 8.67373 21
28 752.973 10.1172 21
28 754.423 11.5665 21
29 756.074 1.48e-07 21
29 757.517 1.44289 21
29 758.959 2.8848 21
29 760.411 4.33628 21
29 761.854 5.77955 21
29 763.302 7.22766 21
29 764.753 8.67884 21
29 766.195 10.121 21
29 767.645 11.5708 21
29 769.088 13.0135 22.5
30 770.531 6.1e-08 21
30 771.982 1.45132 21
30 773.426 2.89496 21
30 774.868 4.33679 21
30 776.325 5.79411 21
30 777.767 7.23616 21
30 779.211 8.67959 21
30 780.662 10.1309 21
30 782.104 11.5731 21
31 785.849 1.57e-07 21
31 787.29 1.44056 21
31 788.733 2.88392 21
31 790.184 4.33519 21
31 791.628 5.7785 21
31 793.071 7.22188 21
31 794.521 8.67188 21
31 795.963 10.1142 21
31 797.407 11.5575 21
31 798.864 13.0151 21
32 803.81 1.53e-07 21
32 805.26 1.44955 21
32 806.703 2.8928 21
32 808.147 4.33616 21
32 809.602 5.79205 21
32 811.046 7.23522 21
32 812.497 8.68632 21
32 813.939 10.1284 21
32 815.382 11.5717 21
