0 3.40938 9.7e-08 29
0 6.30148 2.8921 29
0 7.74177 4.33239 29
0 9.19387 5.78449 29
0 10.6408 7.23143 29
0 12.0822 8.67278 29
0 13.5372 10.1278 29
0 14.9815 11.5721 29
0 16.423 13.0136 29
0 17.8747 14.4654 29
0 19.3226 15.9132 29
0 20.7787 17.3693 29
0 22.2469 18.8375 29
0 23.7066 20.2972 29
0 25.1602 21.7508 29
0 26.6124 23.203 29
0 28.0563 24.6469 29
0 29.5002 26.0908 29
0 30.9566 27.5472 29
0 32.4004 28.991 29
0 33.8539 30.4445 29
0 35.3225 31.9131 29
0 36.7597 33.3503 29
0 38.2087 34.7993 29
0 39.6767 36.2673 29
0 41.1203 37.711 29
0 42.5826 39.1732 29
0 44.0319 40.6225 29
0 45.4764 42.067 29
0 46.9388 43.5294 29
0 48.399 44.9896 29
0 49.8369 46.4275 29
0 51.3102 47.9008 29
0 52.7643 49.3549 29
0 54.2081 50.7988 29
0 55.6595 52.2502 29
0 57.1131 53.7037 29
0 58.5562 55.1469 29
0 60.0123 56.6029 29
0 61.4554 58.046 29
0 62.8992 59.4898 29
0 64.3511 60.9417 29
0 65.8046 62.3952 29
0 67.248 63.8387 29
0 68.7053 65.2959 29
0 70.1495 66.7401 29
0 71.5925 68.1831 29
0 73.0533 69.6439 29
0 74.4973 71.0879 29
0 75.9407 72.5313 29
0 77.3971 73.9878 29
0 78.8411 75.4318 29
0 80.2846 76.8753 29
0 81.7362 78.3269 29
0 83.1796 79.7702 29
0 84.6327 81.2233 29
0 86.0838 82.6744 29
0 87.5264 84.1171 29
0 88.969 85.5597 29
0 90.4246 87.0152 29
0 91.8676 88.4583 29
0 93.3103 89.901 29
0 94.7619 91.3525 29
0 96.2042 92.7948 29
0 97.6476 94.2382 29
0 99.1143 95.705 29
0 100.558 97.1483 29
0 102.001 98.5916 29
0 103.452 100.042 29
0 104.904 101.495 29
0 106.348 102.938 29
0 107.799 104.39 29
0 109.243 105.834 29
0 110.686 107.277 29
0 112.138 108.728 29
0 113.581 110.171 29
0 115.018 111.608 29
0 116.474 113.065 29
0 117.911 114.502 29
0 119.359 115.95 29
0 120.81 117.401 29
0 122.253 118.843 29
0 123.695 120.286 29
0 125.146 121.736 29
0 126.588 123.179 29
0 128.031 124.622 29
0 129.482 126.072 29
0 130.924 127.515 29
0 132.367 128.957 29
0 133.832 130.422 29
0 135.274 131.865 29
0 136.716 133.306 29
0 138.176 134.767 29
0 139.618 136.209 29
0 141.061 137.651 29
0 142.511 139.101 29
0 143.953 140.544 29
0 145.395 141.986 29
0 146.832 143.422 29
0 148.282 144.873 29
0 149.724 146.315 29
0 151.166 147.757 29
0 152.627 149.218 29
0 154.07 150.66 29
0 155.512 152.103 29
0 156.963 153.553 29
0 158.405 154.996 29
0 159.857 156.448 29
0 161.307 157.898 29
0 162.75 159.34 29
0 164.192 160.783 29
0 165.642 162.233 29
0 167.085 163.676 29
0 168.527 165.118 29
0 169.978 166.568 29
0 171.434 168.025 29
0 172.877 169.468 29
0 174.327 170.918 29
0 175.77 172.361 29
0 177.212 173.803 29
0 178.672 175.263 29
0 180.114 176.705 29
0 181.557 178.147 29
0 183.007 179.597 29
0 184.45 181.04 29
0 185.886 182.477 29
0 187.336 183.926 29
0 188.778 185.369 29
0 190.23 186.821 29
0 191.681 188.271 29
0 193.123 189.713 29
0 194.565 191.155 29
0 196.014 192.605 29
0 197.461 194.052 29
0 198.903 195.494 29
0 200.353 196.944 29
0 201.795 198.386 29
0 203.237 199.828 29
0 204.679 201.27 29
0 206.129 202.72 29
0 207.566 204.156 29
0 209.013 205.604 29
0 210.464 207.054 29
1 211.906 1.02e-07 29
1 213.349 1.44265 29
1 214.798 2.8924 29
1 216.246 4.3401 29
1 217.689 5.7826 29
1 219.139 7.2327 29
1 220.581 8.67524 29
1 222.024 10.1184 29
1 223.475 11.5686 29
1 224.917 13.0109 29
1 226.359 14.4533 29
1 227.809 15.9035 29
1 229.253 17.3468 29
1 230.689 18.7826 29
1 232.146 20.2396 29
1 233.582 21.6758 29
1 235.024 23.1184 29
1 236.475 24.5693 29
1 237.923 26.0171 29
1 239.366 27.4597 29
1 240.816 28.9102 29
1 242.259 30.3528 29
1 243.701 31.7948 29
1 245.151 33.2449 29
1 246.594 34.6884 29
1 248.036 36.1302 29
1 249.498 37.5917 29
1 250.94 39.0339 29
1 252.382 40.4759 29
1 253.832 41.926 29
1 255.274 43.3683 29
1 256.727 44.8215 29
1 258.178 46.2715 29
1 259.62 47.7145 29
1 261.063 49.157 29
1 262.499 50.5929 29
1 263.955 52.0488 29
1 265.392 53.4856 29
1 266.835 54.9287 29
1 268.285 56.3788 29
1 269.728 57.8219 29
1 271.174 59.2681 29
1 272.624 60.7177 29
1 274.066 62.1595 29
1 275.514 63.6076 29
1 276.965 65.0587 29
1 278.407 66.5008 29
1 279.849 67.9426 29
1 281.298 69.3924 29
1 282.741 70.8347 29
1 284.183 72.2772 29
1 285.634 73.7277 29
1 287.076 75.1703 29
1 288.513 76.6069 29
1 289.964 78.0577 29
1 291.405 79.4994 29
1 292.848 80.942 29
1 294.314 82.4083 29
1 295.751 83.8447 29
1 297.193 85.287 29
1 298.643 86.7369 29
1 300.086 88.18 29
1 301.528 89.6219 29
1 302.978 91.0718 29
1 304.42 92.5142 29
1 305.863 93.9566 29
1 307.313 95.4071 29
1 308.771 96.8651 29
1 310.213 98.307 29
1 311.663 99.7569 29
1 313.105 101.199 29
1 314.548 102.642 29
1 316.008 104.102 29
1 317.451 105.545 29
1 318.895 106.989 29
1 320.346 108.44 29
1 321.789 109.883 29
1 323.23 111.324 29
1 324.673 112.767 29
1 326.123 114.217 29
1 327.559 115.653 29
1 329.002 117.096 29
1 330.475 118.569 29
1 331.919 120.013 29
1 333.371 121.465 29
1 334.813 122.907 29
1 336.256 124.35 29
1 337.716 125.81 29
1 339.159 127.253 29
1 340.601 128.695 29
1 342.051 130.145 29
1 343.493 131.587 29
1 344.935 133.029 29
1 346.372 134.466 29
1 347.823 135.917 29
1 349.286 137.38 29
1 350.737 138.831 29
1 352.18 140.274 29
1 353.623 141.717 29
1 355.059 143.153 29
1 356.526 144.62 29
1 357.968 146.062 29
1 359.418 147.512 29
1 360.861 148.955 29
1 362.304 150.398 29
1 363.74 151.834 29
1 365.191 153.285 29
1 366.633 154.727 29
1 368.075 156.169 29
1 369.526 157.62 29
1 370.969 159.063 29
1 372.411 160.505 29
1 373.862 161.956 29
1 375.304 163.398 29
1 376.746 164.84 29
1 378.197 166.291 29
1 379.638 167.732 29
1 381.081 169.175 29
1 382.531 170.625 29
1 383.967 172.061 29
1 385.427 173.521 29
1 386.876 174.97 29
1 388.319 176.413 29
1 389.77 177.864 29
1 391.221 179.315 29
1 392.663 180.757 29
1 394.106 182.2 29
1 395.556 183.65 29
1 396.992 185.086 29
1 398.435 186.529 29
1 399.885 187.979 29
1 401.349 189.443 29
1 402.792 190.886 29
1 404.242 192.336 29
1 405.684 193.778 29
1 407.121 195.215 29
1 408.587 196.681 29
1 410.03 198.124 29
1 411.466 199.56 29
1 412.923 201.017 29
1 414.359 202.453 29
1 415.801 203.895 29
1 417.251 205.345 29
2 418.694 9.1e-08 29
2 420.136 1.44168 29
2 421.587 2.89237 29
2 423.034 4.33959 29
2 424.477 5.78279 29
2 425.927 7.2329 29
2 427.37 8.67575 29
2 428.812 10.1177 29
2 430.255 11.5604 29
2 431.705 13.0108 29
2 433.147 14.4532 29
2 434.584 15.8898 29
2 436.034 17.3401 29
2 437.477 18.7825 29
2 438.919 20.2248 29
2 440.369 21.675 29
2 441.817 23.1224 29
2 443.259 24.5652 29
2 444.71 26.0158 29
2 446.152 27.458 29
2 447.595 28.9008 29
2 449.05 30.3559 29
2 450.493 31.7984 29
2 451.935 33.2409 29
2 453.386 34.6914 29
2 454.828 36.1339 29
2 456.286 37.5918 29
2 457.738 39.0434 29
2 459.18 40.486 29
2 460.629 41.9343 29
2 462.08 43.3854 29
2 463.522 44.8276 29
2 464.964 46.2703 29
2 466.415 47.7207 29
2 467.857 49.1631 29
2 469.3 50.6057 29
2 470.751 52.0567 29
2 472.193 53.4992 29
2 473.629 54.9349 29
2 475.101 56.4065 29
2 476.543 57.8489 29
2 477.985 59.2908 29
2 479.446 60.7515 29
2 480.888 62.1938 29
2 482.33 63.6362 29
2 483.781 65.0868 29
2 485.224 66.5293 29
2 486.667 67.9723 29
2 488.116 69.422 29
2 489.559 70.8646 29
2 490.995 72.3009 29
2 492.447 73.7525 29
2 493.91 75.2156 29
2 495.352 76.6582 29
2 496.803 78.1083 29
2 498.26 79.5656 29
2 499.702 81.0082 29
2 501.153 82.4584 29
2 502.596 83.9015 29
2 504.037 85.3432 29
2 505.488 86.7933 29
2 506.93 88.2356 29
2 508.383 89.6883 29
2 509.832 91.1382 29
2 511.275 92.5809 29
2 512.728 94.034 29
2 514.179 95.4847 29
2 515.622 96.9278 29
2 517.064 98.3698 29
2 518.514 99.8196 29
2 519.956 101.262 29
2 521.393 102.699 29
2 522.849 104.155 29
2 524.307 105.613 29
2 525.749 107.055 29
2 527.2 108.506 29
2 528.643 109.949 29
2 530.086 111.392 29
2 531.548 112.854 29
2 532.991 114.297 29
2 534.433 115.739 29
2 535.883 117.189 29
2 537.326 118.632 29
2 538.769 120.075 29
2 540.22 121.525 29
2 541.663 122.969 29
2 543.12 124.426 29
2 544.57 125.876 29
2 546.013 127.318 29
2 547.456 128.762 29
2 548.907 130.212 29
2 550.359 131.665 29
2 551.802 133.107 29
2 553.252 134.558 29
2 554.695 136 29
2 556.137 137.443 29
2 557.587 138.893 29
2 559.023 140.329 29
2 560.466 141.771 29
2 561.915 143.221 29
2 563.358 144.664 29
2 564.81 146.116 29
2 566.261 147.566 29
2 567.703 149.008 29
2 569.15 150.456 29
2 570.6 151.906 29
2 572.042 153.348 29
2 573.485 154.791 29
2 574.936 156.241 29
2 576.378 157.683 29
2 577.82 159.126 29
2 579.27 160.576 29
2 580.712 162.018 29
2 582.155 163.461 29
2 583.621 164.927 29
2 585.063 166.369 29
2 586.505 167.811 29
2 587.955 169.261 29
2 589.397 170.703 29
2 590.849 172.155 29
2 592.3 173.605 29
2 593.742 175.048 29
2 595.184 176.49 29
2 596.634 177.94 29
2 598.076 179.381 29
2 599.518 180.824 29
2 600.955 182.261 29
2 602.427 183.732 29
2 603.869 185.175 29
2 605.318 186.624 29
2 606.761 188.067 29
2 608.203 189.509 29
2 609.663 190.969 29
2 611.106 192.412 29
2 612.547 193.853 29
2 613.989 195.295 29
2 615.438 196.744 29
2 616.874 198.18 29
2 618.316 199.622 29
2 619.766 201.072 29
2 621.218 202.524 29
2 622.661 203.967 29
2 624.111 205.416 29
3 625.553 1.07e-07 29
3 626.995 1.44252 29
3 628.445 2.89247 29
3 629.888 4.33464 29
3 631.33 5.77748 29
3 632.78 7.22752 29
3 634.223 8.67017 29
3 635.665 10.1122 29
3 637.115 11.5622 29
3 638.559 13.0064 29
3 639.999 14.4464 29
3 641.449 15.8961 29
3 642.885 17.3321 29
3 644.327 18.7743 29
3 645.793 20.2403 29
3 647.229 21.6759 29
3 648.671 23.1182 29
3 650.137 24.5843 29
3 651.579 26.0259 29
3 653.015 27.4616 29
3 654.486 28.9335 29
3 655.929 30.3759 29
3 657.371 31.8176 29
3 658.82 33.2673 29
3 660.262 34.7093 29
3 661.714 36.1613 29
3 663.165 37.6117 29
3 664.607 39.0537 29
3 666.049 40.4965 29
3 667.499 41.9461 29
3 668.935 43.3823 29
3 670.377 44.8245 29
3 671.828 46.2747 29
3 673.27 47.7175 29
3 674.712 49.1594 29
3 676.168 50.6153 29
3 677.611 52.058 29
3 679.054 53.5006 29
3 680.504 54.9509 29
3 681.945 56.3925 29
3 683.388 57.8352 29
3 684.838 59.285 29
3 686.281 60.7278 29
3 687.738 62.1855 29
3 689.189 63.6361 29
3 690.632 65.0789 29
3 692.074 66.5209 29
3 693.525 67.9721 29
3 694.972 69.419 29
3 696.414 70.8611 29
3 697.864 72.3106 29
3 699.306 73.7534 29
3 700.748 75.1953 29
3 702.199 76.6461 29
3 703.642 78.0886 29
3 705.084 79.531 29
3 706.55 80.9969 29
3 707.992 82.4391 29
3 709.434 83.8814 29
3 710.884 85.331 29
3 712.326 86.7731 29
3 713.779 88.2258 29
3 715.229 89.6763 29
3 716.672 91.1187 29
3 718.113 92.5606 29
3 719.564 94.0114 29
3 721.007 95.4538 29
3 722.45 96.8966 29
3 723.886 98.3334 29
3 725.358 99.8053 29
3 726.801 101.248 29
3 728.251 102.698 29
3 729.693 104.14 29
3 731.135 105.582 29
3 732.596 107.043 29
3 734.038 108.485 29
3 735.48 109.927 29
3 736.93 111.377 29
3 738.372 112.819 29
3 739.815 114.262 29
3 741.251 115.698 29
3 742.708 117.156 29
3 744.144 118.592 29
3 745.587 120.034 29
3 747.058 121.505 29
3 748.5 122.947 29
3 749.951 124.399 29
3 751.404 125.851 29
3 752.846 127.293 29
3 754.296 128.743 29
3 755.738 130.185 29
3 757.181 131.628 29
3 758.623 133.07 29
3 760.073 134.52 29
3 761.526 135.974 29
3 762.976 137.423 29
3 764.418 138.865 29
3 765.871 140.318 29
3 767.322 141.769 29
3 768.764 143.211 29
3 770.206 144.653 29
3 771.657 146.104 29
3 773.099 147.546 29
3 774.541 148.988 29
3 775.977 150.425 29
3 777.449 151.897 29
3 778.892 153.339 29
3 780.341 154.788 29
3 781.784 156.231 29
3 783.226 157.673 29
3 784.686 159.133 29
3 786.129 160.576 29
3 787.57 162.018 29
3 789.021 163.468 29
3 790.463 164.91 29
3 791.906 166.353 29
3 793.342 167.789 29
3 794.798 169.245 29
3 796.255 170.703 29
3 797.706 172.153 29
3 799.148 173.596 29
3 800.591 175.038 29
3 802.042 176.489 29
3 803.494 177.941 29
3 804.936 179.383 29
3 806.387 180.834 29
3 807.83 182.277 29
3 809.272 183.719 29
3 810.723 185.17 29
3 812.165 186.612 29
3 813.608 188.055 29
3 815.044 189.491 29
3 816.501 190.948 29
3 817.959 192.406 29
3 819.409 193.856 29
3 820.852 195.299 29
3 822.304 196.751 29
3 823.755 198.202 29
3 825.197 199.644 29
3 826.64 201.087 29
3 828.09 202.537 29
3 829.532 203.979 29
3 830.975 205.422 29
3 832.418 206.865 29
4 833.868 9.5e-08 29
4 835.311 1.44306 29
4 836.748 2.8794 29
4 838.204 4.33611 29
4 839.641 5.77265 29
4 841.084 7.21555 29
4 842.534 8.66568 29
4 843.982 10.1139 29
4 845.425 11.5567 29
4 846.875 13.0067 29
4 848.318 14.4496 29
4 849.76 15.8916 29
4 851.216 17.3476 29
4 852.659 18.7904 29
4 854.1 20.2322 29
4 855.551 21.6829 29
4 856.994 23.1254 29
4 858.447 24.5788 29
4 859.897 26.0288 29
4 861.34 27.4719 29
4 862.787 28.9188 29
4 864.237 30.3689 29
4 865.68 31.8114 29
4 867.122 33.2538 29
4 868.572 34.7038 29
4 870.015 36.1465 29
4 871.457 37.5891 29
4 872.907 39.0388 29
4 874.36 40.4919 29
4 875.803 41.9344 29
4 877.253 43.3845 29
4 878.695 44.8271 29
4 880.137 46.2693 29
4 881.588 47.7199 29
4 883.03 49.1619 29
4 884.473 50.6045 29
4 885.923 52.0545 29
4 887.365 53.4971 29
4 888.802 54.9337 29
4 890.258 56.3902 29
4 891.716 57.8477 29
4 893.158 59.2897 29
4 894.609 60.7406 29
4 896.061 62.1925 29
4 897.504 63.6357 29
4 898.955 65.0864 29
4 900.398 66.5294 29
4 901.841 67.9726 29
4 903.291 69.4229 29
4 904.733 70.8648 29
4 906.176 72.3077 29
4 907.641 73.7729 29
4 909.084 75.2156 29
4 910.527 76.6588 29
4 911.977 78.1092 29
4 913.421 79.5527 29
4 914.873 81.0051 29
4 916.324 82.4561 29
4 917.767 83.8984 29
4 919.209 85.341 29
4 920.659 86.7912 29
4 922.102 88.2342 29
4 923.545 89.6766 29
4 924.996 91.1275 29
4 926.438 92.5698 29
4 927.88 94.0121 29
4 929.341 95.4724 29
4 930.783 96.9148 29
4 932.226 98.3578 29
4 933.681 99.8127 29
4 935.123 101.255 29
4 936.565 102.697 29
4 938.016 104.147 29
4 939.458 105.589 29
4 940.9 107.032 29
4 942.351 108.482 29
4 943.793 109.925 29
4 945.229 111.361 29
4 946.685 112.817 29
4 948.142 114.274 29
4 949.584 115.716 29
4 951.035 117.167 29
4 952.487 118.619 29
4 953.93 120.062 29
4 955.38 121.511 29
4 956.822 122.954 29
4 958.264 124.395 29
4 959.714 125.846 29
4 961.156 127.288 29
4 962.592 128.723 29
4 964.048 130.179 29
4 965.485 131.616 29
4 966.927 133.059 29
4 968.377 134.509 29
4 969.835 135.967 29
4 971.268 137.4 29
4 972.719 138.851 29
4 974.161 140.292 29
4 975.604 141.736 29
4 977.055 143.187 29
4 978.498 144.63 29
4 979.94 146.072 29
4 981.401 147.533 29
4 982.844 148.976 29
4 984.287 150.419 29
4 985.755 151.887 29
4 987.197 153.329 29
4 988.634 154.765 29
4 990.084 156.216 29
4 991.526 157.658 29
4 992.968 159.1 29
4 994.418 160.55 29
4 995.862 161.993 29
4 997.304 163.436 29
4 998.755 164.887 29
4 1000.21 166.34 29
4 1001.65 167.782 29
4 1003.1 169.232 29
4 1004.55 170.68 29
4 1005.99 172.123 29
4 1007.44 173.574 29
4 1008.89 175.017 29
4 1010.33 176.46 29
4 1011.78 177.91 29
4 1013.22 179.352 29
4 1014.66 180.795 29
4 1016.11 182.245 29
4 1017.56 183.687 29
4 1019.01 185.145 29
4 1020.46 186.595 29
4 1021.91 188.038 29
4 1023.35 189.485 29
4 1024.8 190.936 29
4 1026.25 192.378 29
4 1027.69 193.82 29
4 1029.14 195.271 29
4 1030.58 196.714 29
4 1032.02 198.156 29
4 1033.48 199.607 29
4 1034.92 201.05 29
4 1036.36 202.492 29
4 1037.82 203.953 29
4 1039.26 205.395 29
4 1040.71 206.838 29
4 1042.16 208.287 29
5 1043.6 6.2e-08 29
5 1045.05 1.45254 29
5 1046.5 2.90259 29
5 1047.94 4.34596 29
5 1049.39 5.78794 29
5 1050.84 7.23878 29
5 1052.28 8.68077 29
5 1053.72 10.1236 29
5 1055.16 11.5601 29
5 1056.61 13.0168 29
5 1058.05 14.4537 29
5 1059.49 15.8969 29
5 1060.95 17.3477 29
5 1062.39 18.7905 29
5 1063.83 20.2342 29
5 1065.28 21.6842 29
5 1066.72 23.127 29
5 1068.17 24.569 29
5 1069.62 26.0191 29
5 1071.06 27.4669 29
5 1072.51 28.909 29
5 1073.96 30.3598 29
5 1075.4 31.8022 29
5 1076.84 33.2444 29
5 1078.3 34.7057 29
5 1079.75 36.1477 29
5 1081.19 37.5904 29
5 1082.64 39.0459 29
5 1084.09 40.4883 29
5 1085.53 41.9307 29
5 1086.98 43.3806 29
5 1088.42 44.8236 29
5 1089.86 46.265 29
5 1091.31 47.7151 29
5 1092.75 49.1569 29
5 1094.2 50.6 29
5 1095.65 52.0492 29
5 1097.1 53.5064 29
5 1098.55 54.9489 29
5 1100 56.3993 29
5 1101.45 57.8517 29
5 1102.89 59.2948 29
5 1104.34 60.7449 29
5 1105.79 62.1879 29
5 1107.23 63.63 29
5 1108.68 65.0806 29
5 1110.12 66.523 29
5 1111.56 67.9651 29
5 1113.01 69.4155 29
5 1114.46 70.8581 29
5 1115.91 72.3148 29
5 1117.36 73.7645 29
5 1118.8 75.207 29
5 1120.26 76.6592 29
5 1121.71 78.1097 29
5 1123.15 79.5517 29
5 1124.59 80.9945 29
5 1126.04 82.445 29
5 1127.49 83.8877 29
5 1128.93 85.3291 29
5 1130.38 86.7803 29
5 1131.82 88.222 29
5 1133.26 89.6651 29
5 1134.71 91.115 29
5 1136.15 92.5511 29
5 1137.61 94.0075 29
5 1139.05 95.4538 29
5 1140.49 96.8902 29
5 1141.93 98.332 29
5 1143.38 99.7822 29
5 1144.82 101.225 29
5 1146.26 102.666 29
5 1147.71 104.117 29
5 1149.17 105.569 29
5 1150.61 107.012 29
5 1152.06 108.462 29
5 1153.51 109.909 29
5 1154.95 111.352 29
5 1156.4 112.802 29
5 1157.84 114.245 29
5 1159.28 115.686 29
5 1160.73 117.137 29
5 1162.18 118.579 29
5 1163.62 120.022 29
5 1165.07 121.473 29
5 1166.51 122.916 29
5 1167.97 124.374 29
5 1169.42 125.824 29
5 1170.86 127.266 29
5 1172.31 128.713 29
5 1173.76 130.163 29
5 1175.2 131.605 29
5 1176.65 133.047 29
5 1178.1 134.498 29
5 1179.54 135.941 29
5 1180.98 137.384 29
5 1182.45 138.851 29
5 1183.89 140.292 29
5 1185.33 141.734 29
5 1186.79 143.189 29
5 1188.23 144.632 29
5 1189.67 146.075 29
5 1191.12 147.524 29
5 1192.56 148.966 29
5 1194.01 150.409 29
5 1195.46 151.859 29
5 1196.9 153.302 29
5 1198.36 154.76 29
5 1199.81 156.21 29
5 1201.25 157.652 29
5 1202.7 159.099 29
5 1204.15 160.549 29
5 1205.59 161.992 29
5 1207.03 163.435 29
5 1208.48 164.886 29
5 1209.93 166.329 29
5 1211.37 167.771 29
5 1212.82 169.221 29
5 1214.26 170.664 29
5 1215.7 172.106 29
5 1217.17 173.571 29
5 1218.61 175.013 29
5 1220.05 176.456 29
5 1221.51 177.911 29
5 1222.95 179.353 29
5 1224.39 180.796 29
5 1225.84 182.245 29
5 1227.29 183.687 29
5 1228.73 185.13 29
5 1230.16 186.566 29
5 1231.62 188.022 29
5 1233.06 189.458 29
5 1234.5 190.902 29
5 1235.97 192.373 29
5 1237.41 193.815 29
5 1238.86 195.266 29
5 1240.31 196.709 29
5 1241.75 198.152 29
5 1243.21 199.613 29
5 1244.65 201.056 29
5 1246.1 202.498 29
5 1247.55 203.949 29
5 1248.99 205.391 29
5 1250.43 206.834 29
5 1251.87 208.27 29
5 1253.32 209.726 29
6 1254.76 1.08e-07 29
6 1256.2 1.44324 29
6 1257.65 2.89396 29
6 1259.1 4.33637 29
6 1260.54 5.77874 29
6 1262.01 7.25056 29
6 1263.45 8.69323 29
6 1264.89 10.1293 29
6 1266.35 11.585 29
6 1267.78 13.0209 29
6 1269.23 14.4688 29
6 1270.69 15.9252 29
6 1272.12 17.3611 29
6 1273.56 18.8036 29
6 1275.01 20.2544 29
6 1276.48 21.7181 29
6 1277.93 23.1688 29
6 1279.37 24.6109 29
6 1280.82 26.0636 29
6 1282.27 27.5142 29
6 1283.72 28.9575 29
6 1285.16 30.3993 29
6 1286.61 31.8501 29
6 1288.05 33.2924 29
6 1289.5 34.7352 29
6 1290.93 36.1712 29
6 1292.39 37.6276 29
6 1293.82 39.064 29
6 1295.27 40.512 29
6 1296.73 41.9678 29
6 1298.16 43.4041 29
6 1299.61 44.8522 29
6 1301.07 46.3086 29
6 1302.51 47.746 29
6 1303.95 49.1889 29
6 1305.4 50.6393 29
6 1306.84 52.0819 29
6 1308.29 53.5249 29
6 1309.74 54.9755 29
6 1311.18 56.418 29
6 1312.62 57.8605 29
6 1314.09 59.3273 29
6 1315.52 60.7633 29
6 1316.97 62.2064 29
6 1318.43 63.6724 29
6 1319.88 65.1152 29
6 1321.31 66.5515 29
6 1322.77 68.0083 29
6 1324.21 69.4452 29
6 1325.65 70.8884 29
6 1327.1 72.3388 29
6 1328.54 73.7813 29
6 1329.98 75.2246 29
6 1331.44 76.6759 29
6 1332.88 78.1204 29
6 1334.32 79.5623 29
6 1335.79 81.0289 29
6 1337.22 82.4612 29
6 1338.66 83.9037 29
6 1340.11 85.3547 29
6 1341.56 86.7967 29
6 1343 88.2394 29
6 1344.45 89.6892 29
6 1345.89 91.1322 29
6 1347.35 92.5893 29
6 1348.8 94.0387 29
6 1350.24 95.4816 29
6 1351.69 96.9296 29
6 1353.14 98.3795 29
6 1354.58 99.8224 29
6 1356.02 101.264 29
6 1357.47 102.714 29
6 1358.92 104.157 29
6 1360.36 105.599 29
7 1361.81 1.25e-07 29
7 1363.25 1.44313 29
7 1364.7 2.8861 29
7 1366.15 4.33687 29
7 1367.59 5.77899 29
7 1369.03 7.22221 29
7 1370.48 8.67232 29
7 1371.92 10.1149 29
7 1373.38 11.572 29
7 1374.83 13.0225 29
7 1376.28 14.4656 29
7 1377.73 15.9236 29
7 1379.18 17.3742 29
7 1380.63 18.8181 29
7 1382.07 20.26 29
7 1383.52 21.7111 29
7 1384.97 23.1637 29
7 1386.42 24.606 29
7 1387.87 26.0557 29
7 1389.32 27.5145 29
7 1390.76 28.9506 29
7 1392.22 30.4071 29
7 1393.65 31.8438 29
7 1395.1 33.2862 29
7 1396.55 34.736 29
7 1397.99 36.1792 29
7 1399.43 37.6218 29
7 1400.9 39.0888 29
7 1402.34 40.525 29
7 1403.78 41.9677 29
7 1405.23 43.4177 29
7 1406.67 44.8602 29
7 1408.11 46.3023 29
7 1409.56 47.7533 29
7 1411.01 49.1959 29
7 1412.45 50.6384 29
7 1413.9 52.0885 29
7 1415.34 53.531 28.5
8 1416.78 1.23e-07 28.5
8 1418.23 1.45112 29
8 1419.68 2.89447 28.5
8 1421.12 4.33731 28.5
8 1422.57 5.78884 28.5
8 1424.01 7.23158 28.5
8 1425.46 8.67508 28.5
8 1426.91 10.1252 28.5
8 1428.35 11.5688 28.5
8 1429.81 13.027 28.5
8 1431.26 14.4777 28.5
8 1432.7 15.9209 28.5
8 1434.16 17.3739 28.5
8 1435.61 18.825 28.5
8 1437.05 20.268 28.5
8 1438.49 21.7111 28.5
8 1439.95 23.1622 28.5
8 1441.39 24.6055 28.5
8 1442.83 26.0485 28.5
9 1444.28 1.16e-07 28.5
9 1445.73 1.4528 28.5
9 1447.18 2.89448 28.5
9 1448.63 4.34436 28.5
9 1450.07 5.78611 29
9 1451.51 7.228 28.5
9 1452.96 8.67779 28.5
9 1454.4 10.1202 28.5
9 1455.84 11.5623 28.5
9 1457.29 13.0127 29
9 1458.74 14.4547 29
10 1460.17 8.4e-08 29
10 1461.63 1.45587 29
10 1463.07 2.89237 29
10 1464.51 4.33453 29
10 1465.96 5.78399 29
11 1467.42 9.4e-08 29
11 1468.86 1.44257 29
11 1470.31 2.89248 29
11 1471.76 4.33505 29
12 1473.19 7.2e-08 29
12 1474.66 1.46557 29.5
13 1476.1 8.9e-08 29.5
13 1477.54 1.44229 29.5
14 1478.99 6.5e-08 29.5
14 1480.43 1.43647 29.5
15 1481.87 6.4e-08 29.5
16 1483.32 9.3e-08 29.5
17 1484.76 1.13e-07 29.5
17 1486.22 1.45196 29.5
18 1487.67 9.5e-08 29.5
19 1489.11 8.3e-08 29.5
20 1490.55 1.28e-07 29.5
21 1492 1.87e-07 29.5
21 1493.46 1.45841 29.5
22 1494.89 1.12e-07 29.5
23 1496.35 1.1e-07 29
24 1497.79 1.05e-07 29.5
24 1499.23 1.44168 29.5
25 1500.68 1.31e-07 29
26 1502.12 1.12e-07 29.5
26 1503.56 1.44205 29
27 1505.21 1.08e-07 29.5
27 1506.66 1.44671 29.5
28 1509.4 1.22e-07 29.5
28 1510.84 1.43798 29
29 1515.99 1.79e-07 29.5
29 1517.43 1.44176 29
