0 6.66317 7.8e-08 20.5
0 9.5601 2.89693 20.5
0 10.9975 4.33438 20.5
0 12.4497 5.78651 20.5
0 13.8922 7.22903 20.5
0 15.3373 8.67418 20.5
0 16.7858 10.1226 20.5
1 18.2285 8.4e-08 20.5
1 19.6742 1.44572 20.5
1 21.1252 2.8967 20.5
1 22.568 4.33951 20.5
1 24.0077 5.7792 20.5
1 25.4575 7.22905 20.5
1 26.8996 8.67117 20.5
1 28.3426 10.1141 20.5
2 29.813 7.4e-08 20.5
2 31.2593 1.44637 20.5
2 32.7366 2.92366 20.5
2 34.1791 4.36608 20.5
2 35.6243 5.81131 20.5
2 37.0897 7.27667 20.5
2 38.5318 8.71887 20.5
2 39.9823 10.1693 20.5
3 41.4297 8.8e-08 20.5
3 42.8706 1.4409 20.5
3 44.3366 2.90689 20.5
3 45.7906 4.36089 20.5
3 47.2379 5.80817 20.5
3 48.7025 7.27278 20.5
3 50.1613 8.7316 20.5
3 51.6277 10.198 20.5
4 53.0787 7.1e-08 20.5
4 54.526 1.44734 20.5
4 55.9751 2.89636 20.5
4 57.417 4.33834 20.5
4 58.8702 5.79148 20.5
4 60.3306 7.25191 20.5
4 61.7769 8.69823 20.5
4 63.2428 10.1641 20.5
4 64.6843 11.6056 20.5
5 66.1358 1.36e-07 20.5
5 67.6031 1.46734 20.5
5 69.0565 2.92071 20.5
5 70.5085 4.37267 20.5
5 71.952 5.81617 20.5
5 73.4161 7.28034 20.5
5 74.8708 8.73503 20.5
5 76.319 10.1832 20.5
5 77.7857 11.6499 20.5
5 79.2343 13.0986 20.5
6 80.6755 7.7e-08 20.5
6 82.1412 1.46568 20.5
6 83.5939 2.91844 20.5
6 85.0416 4.36613 20.5
6 86.4906 5.81511 20.5
6 87.9325 7.25701 20.5
6 89.3754 8.69994 20.5
6 90.8473 10.1718 20.5
6 92.2887 11.6132 20.5
6 93.7544 13.0789 20.5
6 95.2105 14.535 20.5
6 96.6507 15.9752 20.5
6 98.1188 17.4433 21
7 99.5626 8.4e-08 21
7 101.014 1.45117 21
7 102.457 2.89407 21
7 103.905 4.34245 21
7 105.354 5.79139 21
7 106.812 7.2491 21
7 108.254 8.69122 21
7 109.71 10.1474 21
8 111.163 8.1e-08 21
8 112.61 1.44773 21
8 114.061 2.89877 21
8 115.503 4.34026 21
8 116.969 5.80644 21
9 118.406 6.7e-08 21
9 119.864 1.45763 21
9 121.316 2.90973 21
9 122.759 4.35311 21
10 124.207 6.5e-08 21
10 125.665 1.45795 21
10 127.109 2.90237 21.5
11 128.566 6.2e-08 21.5
11 130.008 1.44144 21.5
11 131.45 2.88381 21.5
12 132.9 6.7e-08 21.5
12 134.365 1.46477 21.5
12 135.809 2.90878 21.5
13 137.275 6.7e-08 21.5
13 138.708 1.43301 21.5
13 140.174 2.89918 21.5
14 141.617 6.7e-08 21.5
14 143.06 1.44336 21.5
14 144.526 2.90905 21.5
15 145.969 5.7e-08 21.5
15 147.414 1.44484 21.5
16 148.864 6.4e-08 21.5
16 150.305 1.44164 21.5
16 151.753 2.88931 21.5
17 153.21 6.9e-08 21.5
17 154.664 1.45393 21.5
17 156.115 2.90549 21.5
18 157.572 8.3e-08 21.5
18 159.006 1.43363 21.5
18 160.472 2.89957 21.5
19 161.914 9e-08 21.5
19 163.357 1.44317 21.5
20 164.808 8e-08 21.5
20 166.251 1.44345 21.5
20 167.724 2.91614 21.5
21 169.167 7.2e-08 21.5
21 170.627 1.45981 21.5
21 172.078 2.91104 21.5
22 173.522 6.8e-08 21.5
22 174.971 1.44875 21.5
22 176.421 2.89926 21.5
23 177.863 5.6e-08 21.5
23 179.329 1.46598 21.5
24 180.872 1.53e-07 21.5
24 182.322 1.45066 21.5
24 183.766 2.89427 21.5
25 185.21 7.9e-08 21.5
25 186.682 1.47254 21.5
25 188.126 2.91606 21
26 189.578 6.8e-08 21.5
26 191.037 1.45961 21.5
26 192.481 2.90315 21
27 194.548 1.44e-07 21.5
27 195.996 1.44838 21.5
27 197.454 2.90673 21
28 200.505 1.49e-07 21.5
28 201.947 1.44174 21.5
28 203.39 2.88524 21
29 208.451 1.01e-07 21.5
29 209.893 1.44217 21.5
29 211.336 2.88548 21
30 221.193 1.46e-07 21.5
30 222.642 1.44923 21.5
30 224.087 2.89424 21
