0 6.69711 8.3e-08 28
0 9.59049 2.89338 28
0 11.03 4.33293 28
0 12.4757 5.77855 28
0 13.9235 7.22635 27.5
0 15.3692 8.67214 28
0 16.8116 10.1145 27.5
0 18.2618 11.5647 27.5
0 19.7018 13.0047 28
0 21.1386 14.4415 28
0 22.5958 15.8987 27.5
0 24.0416 17.3445 27.5
0 25.4755 18.7784 27.5
0 26.935 20.2379 28
0 28.3728 21.6757 28
0 29.8325 23.1354 28
0 31.2886 24.5915 27.5
0 32.7362 26.0391 27.5
0 34.2013 27.5042 27.5
0 35.6566 28.9595 28
0 37.1098 30.4127 27.5
0 38.5659 31.8688 27.5
0 40.0097 33.3126 27.5
0 41.4699 34.7728 27.5
0 42.9315 36.2344 27.5
0 44.3758 37.6787 27.5
0 45.8283 39.1312 27.5
0 47.2795 40.5824 27.5
0 48.7386 42.0415 27.5
0 50.1999 43.5028 27.5
0 51.6495 44.9524 27.5
0 53.1007 46.4036 27.5
0 54.5486 47.8515 27.5
0 56.0139 49.3167 27.5
0 57.4676 50.7704 27.5
0 58.9229 52.2258 28
0 60.37 53.6729 27.5
0 61.8133 55.1162 27.5
0 63.2857 56.5885 27.5
0 64.7388 58.0417 27.5
0 66.1959 59.4988 27.5
0 67.656 60.9589 27.5
0 69.0999 62.4028 27.5
0 70.5661 63.869 27.5
0 72.0142 65.3171 27.5
0 73.4569 66.7598 27.5
0 74.9244 68.2273 28
0 76.3617 69.6646 27.5
0 77.8345 71.1374 27.5
0 79.2828 72.5857 27.5
0 80.7313 74.0342 27.5
0 82.1985 75.5014 27.5
0 83.6416 76.9445 27.5
0 85.101 78.4039 27.5
0 86.5739 79.8768 27.5
0 88.0271 81.33 27.5
0 89.4833 82.7862 27.5
0 90.927 84.2299 27.5
0 92.3706 85.6735 27.5
0 93.843 87.1459 27.5
0 95.2859 88.5888 27.5
0 96.7403 90.0431 27.5
0 98.1917 91.4946 27.5
0 99.6403 92.9432 27.5
0 101.083 94.3862 27.5
0 102.551 95.8538 27.5
0 103.995 97.2975 27.5
0 105.432 98.7345 27.5
0 106.888 100.191 27.5
0 108.348 101.65 27.5
0 109.8 103.103 27.5
0 111.244 104.547 27.5
0 112.693 105.996 27.5
1 114.151 8.9e-08 27.5
1 115.604 1.4533 27.5
1 117.048 2.89717 27.5
1 118.5 4.34948 27.5
1 119.943 5.79206 27.5
1 121.386 7.23494 27.5
1 122.848 8.69733 27.5
1 124.291 10.1402 27.5
1 125.74 11.5889 27.5
1 127.191 13.0399 27.5
1 128.635 14.484 27.5
1 130.079 15.9279 27.5
1 131.529 17.3787 27.5
1 132.973 18.8225 27.5
1 134.418 20.2669 27.5
1 135.869 21.7183 27.5
1 137.334 23.183 27.5
1 138.784 24.6337 27.5
1 140.233 26.0827 27.5
1 141.677 27.5262 27.5
1 143.129 28.9785 27.5
1 144.578 30.4273 27.5
1 146.022 31.8715 27.5
1 147.486 33.3354 27.5
1 148.928 34.7777 27.5
1 150.365 36.2148 27.5
1 151.823 37.6728 27.5
1 153.267 39.1166 27.5
1 154.726 40.5751 27.5
1 156.177 42.0263 27.5
1 157.634 43.4837 27.5
1 159.074 44.9234 27.5
1 160.542 46.3914 27.5
1 161.985 47.8345 27.5
1 163.437 49.2863 27.5
1 164.89 50.7396 27.5
1 166.333 52.1825 27.5
1 167.786 53.6352 27.5
1 169.23 55.079 27.5
1 170.683 56.5326 27.5
1 172.141 57.9902 27.5
1 173.584 59.4339 27.5
1 175.038 60.8872 27.5
1 176.489 62.3383 27.5
1 177.946 63.795 27.5
1 179.385 65.2346 27.5
1 180.842 66.6914 27.5
1 182.286 68.135 27.5
1 183.73 69.579 27.5
1 185.18 71.0291 27.5
1 186.624 72.4735 27.5
1 188.073 73.9228 27.5
1 189.531 75.38 27.5
1 190.985 76.8341 27.5
1 192.436 78.285 27.5
1 193.88 79.7292 27.5
1 195.329 81.1786 27.5
1 196.781 82.6306 27.5
1 198.226 84.0751 27.5
1 199.674 85.5232 27.5
1 201.132 86.9811 27.5
1 202.569 88.4186 27.5
1 204.012 89.8617 27.5
1 205.47 91.3193 27.5
1 206.929 92.7781 27.5
1 208.373 94.222 27.5
1 209.824 95.6729 27.5
1 211.272 97.1218 27.5
1 212.716 98.5654 27.5
1 214.168 100.017 27.5
1 215.617 101.466 27.5
1 217.061 102.91 27.5
1 218.512 104.362 27.5
1 219.955 105.804 27.5
1 221.399 107.248 27.5
2 222.857 1.03e-07 27.5
2 224.293 1.43685 27.5
2 225.737 2.88028 27.5
2 227.21 4.35323 27.5
2 228.654 5.7972 27.5
2 230.12 7.26347 27.5
2 231.559 8.70217 27.5
2 233.018 10.1616 27.5
2 234.469 11.613 27.5
2 235.912 13.0557 27.5
2 237.366 14.5099 27.5
2 238.818 15.9614 27.5
2 240.261 17.4043 27.5
2 241.71 18.853 27.5
2 243.161 20.3047 27.5
2 244.619 21.7629 27.5
2 246.054 23.1975 27.5
2 247.522 24.6653 27.5
2 248.965 26.1089 27.5
2 250.416 27.5598 27.5
2 251.871 29.014 27.5
2 253.314 30.4575 27.5
2 254.766 31.9091 27.5
2 256.21 33.3532 27.5
2 257.653 34.7966 27.5
2 259.125 36.2689 27.5
2 260.569 37.7123 27.5
2 262.022 39.166 27.5
2 263.475 40.6181 27.5
2 264.931 42.0749 27.5
2 266.372 43.5153 27.5
2 267.84 44.9837 27.5
2 269.283 46.4267 27.5
2 270.734 47.8778 27.5
2 272.178 49.3219 27.5
2 273.622 50.766 27.5
2 275.084 52.2273 27.5
2 276.527 53.6709 27.5
2 277.987 55.1309 27.5
2 279.439 56.5827 27.5
2 280.883 58.0262 27.5
2 282.337 59.4803 27.5
2 283.787 60.9309 27.5
2 285.231 62.3745 27.5
2 286.675 63.8187 27.5
2 288.127 65.2701 27.5
2 289.57 66.713 27.5
2 291.018 68.1616 27.5
2 292.47 69.6131 27.5
2 293.93 71.0732 27.5
2 295.373 72.5166 27.5
2 296.824 73.9678 27.5
2 298.278 75.4218 27.5
2 299.73 76.8736 27.5
2 301.173 78.3164 27.5
2 302.621 79.7649 27.5
2 304.073 81.2163 27.5
2 305.517 82.6602 27.5
2 306.961 84.1041 27.5
2 308.433 85.5763 27.5
2 309.876 87.0196 27.5
2 311.334 88.4779 27.5
2 312.782 89.9253 27.5
2 314.229 91.3724 27.5
2 315.672 92.8154 27.5
2 317.123 94.2669 27.5
2 318.584 95.727 27.5
2 320.026 97.17 27.5
2 321.477 98.6208 27.5
2 322.921 100.065 27.5
2 324.365 101.508 27.5
2 325.831 102.975 27.5
2 327.274 104.418 27.5
2 328.742 105.886 27.5
3 330.186 1.02e-07 27.5
3 331.623 1.43696 27.5
3 333.091 2.90415 27.5
3 334.534 4.34783 27.5
3 335.99 5.80407 27.5
3 337.44 7.25325 27.5
3 338.884 8.6972 27.5
3 340.327 10.1407 27.5
3 341.781 11.5948 27.5
3 343.223 13.0367 27.5
3 344.667 14.4805 27.5
3 346.139 15.9523 27.5
3 347.582 17.3953 27.5
3 349.039 18.8527 27.5
3 350.482 20.296 27.5
3 351.939 21.753 27.5
3 353.387 23.2011 27.5
3 354.847 24.6604 27.5
3 356.291 26.1043 27.5
3 357.741 27.5547 27.5
3 359.2 29.0135 27.5
3 360.643 30.4564 27.5
3 362.095 31.9086 27.5
3 363.544 33.3578 27.5
3 364.988 34.8016 27.5
3 366.452 36.2659 27.5
3 367.893 37.707 27.5
3 369.355 39.1686 27.5
3 370.799 40.6125 27.5
3 372.243 42.0567 27.5
3 373.695 43.5086 27.5
3 375.138 44.9515 27.5
3 376.592 46.4058 27.5
3 378.044 47.8575 27.5
3 379.503 49.3167 27.5
3 380.947 50.7605 27.5
3 382.399 52.2128 27.5
3 383.852 53.6653 27.5
3 385.295 55.109 27.5
3 386.76 56.5741 27.5
3 388.196 58.0095 27.5
3 389.639 59.4525 27.5
3 391.09 60.9033 27.5
3 392.534 62.3478 27.5
3 393.977 63.7908 27.5
3 395.45 65.2631 27.5
3 396.892 66.7055 27.5
3 398.344 68.1572 27.5
3 399.798 69.6114 27.5
3 401.241 71.0544 27.5
3 402.706 72.5196 27.5
3 404.141 73.9551 27.5
3 405.585 75.3987 27.5
3 407.043 76.8563 27.5
3 408.479 78.2931 27.5
3 409.944 79.7578 27.5
3 411.396 81.2098 27.5
3 412.855 82.6685 27.5
3 414.294 84.1076 27.5
3 415.761 85.5749 27.5
3 417.205 87.019 27.5
3 418.649 88.4629 27.5
3 420.1 89.9137 27.5
3 421.544 91.3574 27.5
3 422.996 92.8097 27.5
3 424.439 94.2527 27.5
3 425.898 95.7118 27.5
3 427.35 97.1632 27.5
3 428.808 98.6217 27.5
3 430.242 100.055 27.5
3 431.709 101.523 27.5
3 433.153 102.967 27.5
3 434.596 104.409 27.5
3 436.058 105.872 27.5
3 437.502 107.316 27.5
4 438.946 9e-08 27.5
4 440.397 1.45182 27.5
4 441.841 2.89582 27.5
4 443.284 4.33865 27.5
4 444.736 5.78994 27.5
4 446.18 7.23417 27.5
4 447.623 8.67701 27.5
4 449.074 10.1284 27.5
4 450.518 11.5726 27.5
4 451.967 13.0217 27.5
4 453.425 14.4793 27.5
4 454.88 15.934 27.5
4 456.331 17.3857 27.5
4 457.784 18.8388 27.5
4 459.229 20.283 27.5
4 460.68 21.7342 27.5
4 462.139 23.1935 27.5
4 463.583 24.6377 27.5
4 465.049 26.1032 27.5
4 466.488 27.5428 27.5
4 467.937 28.9912 27.5
4 469.388 30.4427 27.5
4 470.832 31.8868 27.5
4 472.275 33.3295 27.5
4 473.747 34.8015 27.5
4 475.19 36.2444 27.5
4 476.652 37.7062 27.5
4 478.095 39.1499 27.5
4 479.538 40.5926 27.5
4 481.006 42.0606 27.5
4 482.45 43.5045 27.5
4 483.904 44.9579 27.5
4 485.355 46.4092 27.5
4 486.799 47.8531 27.5
4 488.242 49.2967 27.5
4 489.694 50.7482 27.5
4 491.138 52.1919 27.5
4 492.591 53.6453 27.5
4 494.042 55.0961 27.5
4 495.499 56.5535 27.5
4 496.934 57.9885 27.5
4 498.402 59.4564 27.5
4 499.844 60.8987 27.5
4 501.296 62.3504 27.5
4 502.739 63.7937 27.5
4 504.181 65.2358 27.5
4 505.643 66.6975 27.5
4 507.086 68.1408 27.5
4 508.535 69.5892 27.5
4 509.985 71.0396 27.5
4 511.429 72.4832 27.5
4 512.889 73.9434 27.5
4 514.34 75.3942 27.5
4 515.795 76.8492 27.5
4 517.236 78.2904 27.5
4 518.687 79.7414 27.5
4 520.13 81.1846 27.5
4 521.574 82.628 27.5
4 523.035 84.0892 27.5
4 524.478 85.5324 27.5
4 525.937 86.9912 27.5
4 527.384 88.4384 27.5
4 528.838 89.8922 27.5
4 530.289 91.3438 27.5
4 531.732 92.7865 27.5
4 533.181 94.2352 27.5
4 534.632 95.6866 27.5
4 536.077 97.1309 27.5
4 537.52 98.5748 27.5
4 538.971 100.026 27.5
4 540.436 101.49 27.5
4 541.879 102.934 27.5
4 543.341 104.396 27.5
4 544.785 105.839 27.5
4 546.228 107.282 27.5
4 547.696 108.751 27.5
5 549.14 9.1e-08 27.5
5 550.601 1.46142 27.5
5 552.045 2.90536 27.5
5 553.489 4.34939 27.5
5 554.94 5.80003 27.5
5 556.383 7.24334 27.5
5 557.827 8.68686 27.5
5 559.278 10.1377 27.5
5 560.719 11.5796 27.5
5 562.168 13.0286 27.5
5 563.62 14.4804 27.5
5 565.069 15.9294 27.5
5 566.513 17.3731 27.5
5 567.97 18.8304 27.5
5 569.424 20.284 27.5
5 570.867 21.727 27.5
5 572.329 23.1888 27.5
5 573.772 24.6316 27.5
5 575.22 26.0796 27.5
5 576.67 27.5303 27.5
5 578.114 28.9744 27.5
5 579.563 30.4234 28
5 581.021 31.881 27.5
5 582.464 33.3241 27.5
5 583.925 34.7848 27.5
5 585.368 36.228 27.5
5 586.811 37.6715 27.5
5 588.262 39.1223 27.5
5 589.706 40.566 27.5
5 591.16 42.0202 27.5
5 592.61 43.4706 27.5
5 594.054 44.9136 27.5
5 595.513 46.3735 27.5
5 596.964 47.8241 27.5
5 598.407 49.2671 27.5
5 599.861 50.7209 27.5
5 601.311 52.1714 27.5
5 602.76 53.6196 27.5
5 604.203 55.0628 27.5
5 605.654 56.5143 27.5
5 607.098 57.9583 27.5
5 608.541 59.4013 27.5
5 609.992 60.8517 27.5
5 611.451 62.3113 27.5
5 612.888 63.7476 27.5
5 614.344 65.2045 27.5
5 615.797 66.6574 27.5
5 617.248 68.1078 27.5
5 618.691 69.5508 27.5
5 620.139 70.999 27.5
5 621.591 72.451 28
5 623.035 73.8948 27.5
5 624.478 75.3381 27.5
5 625.929 76.7886 27.5
5 627.394 78.2537 27.5
5 628.837 79.6969 27.5
5 630.289 81.149 27.5
5 631.742 82.6025 27.5
5 633.185 84.0452 27.5
5 634.651 85.5109 27.5
5 636.085 86.9454 27.5
5 637.529 88.3894 27.5
5 638.98 89.8402 27.5
5 640.423 91.2832 27.5
5 641.867 92.7272 27.5
5 643.324 94.1843 27.5
5 644.782 95.6421 27.5
5 646.233 97.0927 27.5
5 647.681 98.5407 27.5
5 649.124 99.9839 27.5
5 650.575 101.435 27.5
5 652.024 102.884 27.5
5 653.467 104.327 27.5
5 654.918 105.779 27.5
5 656.377 107.237 27.5
5 657.82 108.68 27.5
5 659.272 110.132 27.5
5 660.713 111.573 28
6 662.156 1e-07 27.5
6 663.608 1.45174 28
6 665.051 2.89436 27.5
6 666.509 4.35276 28
6 667.96 5.80364 28
6 669.42 7.26315 28
6 670.863 8.70619 28
6 672.314 10.1573 27.5
6 673.767 11.6103 27.5
6 675.217 13.0609 27.5
6 676.67 14.5136 28
6 678.111 15.9549 28
6 679.583 17.4268 28
6 681.025 18.8687 27.5
6 682.479 20.3224 28
6 683.93 21.7736 28
6 685.385 23.2286 28
6 686.825 24.6686 27.5
6 688.291 26.1342 27.5
6 689.734 27.5774 27.5
6 691.186 29.0292 28
6 692.629 30.4726 28
6 694.071 31.9151 28
6 695.533 33.3769 28
6 696.975 34.8187 27.5
6 698.423 36.2662 27.5
6 699.873 37.7166 28
6 701.316 39.1599 28
6 702.765 40.6082 28
6 704.222 42.066 27.5
6 705.672 43.5157 28
6 707.113 44.9567 27.5
6 708.564 46.4077 28
6 710.007 47.851 28
6 711.468 49.3114 28
6 712.918 50.7616 27.5
6 714.366 52.2097 27.5
6 715.81 53.6536 28
6 717.261 55.1047 28
7 718.72 1.12e-07 28
7 720.171 1.45108 28
7 721.615 2.89444 28
7 723.067 4.3468 28
7 724.518 5.79815 28
7 725.961 7.24044 28
7 727.403 8.68246 28
7 728.854 10.1339 28
7 730.296 11.5761 28
7 731.754 13.0335 28
7 733.209 14.4885 28
7 734.661 15.9408 28
7 736.103 17.3828 28
7 737.554 18.8342 28
7 739.008 20.2879 28
7 740.451 21.731 28
7 741.902 23.182 28
7 743.349 24.6292 28
7 744.792 26.0719 28
7 746.259 27.5394 28
7 747.702 28.9823 28
8 749.164 9.8e-08 28
8 750.607 1.4427 28
8 752.05 2.88544 28
8 753.505 4.34098 28
8 754.949 5.78431 28
8 756.391 7.22638 28
8 757.858 8.694 28
8 759.294 10.1294 28
8 760.737 11.5724 28
8 762.194 13.0293 28
8 763.63 14.4652 28
9 765.072 8.6e-08 28
9 766.523 1.45146 28
9 767.966 2.89454 28
9 769.431 4.35905 28
9 770.882 5.81052 28
9 772.327 7.25477 28.5
10 773.769 8.1e-08 28.5
10 775.224 1.45559 28.5
10 776.665 2.89688 28.5
10 778.108 4.33946 28.5
11 779.563 8.6e-08 28.5
11 781.005 1.44192 29
12 782.448 7.2e-08 29
12 783.9 1.45153 29
13 785.343 7.1e-08 29
14 786.791 5e-08 29
14 788.242 1.4505 29.5
15 789.684 5.5e-08 29
16 791.127 6.5e-08 29.5
16 792.577 1.44999 29.5
17 794.02 6.2e-08 29.5
18 795.463 5.2e-08 29.5
19 796.914 6.1e-08 29.5
19 798.373 1.45908 29.5
20 799.816 7.6e-08 29.5
21 801.266 5.8e-08 28.5
22 802.709 6.7e-08 29.5
22 804.17 1.46072 29.5
23 805.608 7.8e-08 29.5
24 807.061 5.5e-08 29.5
24 808.512 1.45099 29.5
25 809.955 7.1e-08 28.5
26 812.102 1.45e-07 29.5
26 813.55 1.44839 28
27 816.087 1.89e-07 29.5
27 817.53 1.44303 28.5
28 822.073 1.54e-07 29.5
28 823.517 1.44403 28.5
29 832.573 1.54e-07 29.5
29 834.009 1.43619 28
