0 6.65453 7.2e-08 26.5
0 9.5493 2.89477 26.5
0 10.9897 4.3352 26.5
0 12.4429 5.78837 26.5
0 13.8829 7.22834 26.5
0 15.3289 8.67438 26.5
0 16.7791 10.1246 26.5
0 18.2186 11.564 26.5
0 19.6645 13.01 26.5
0 21.1128 14.4582 26.5
0 22.5544 15.8998 26.5
0 23.9973 17.3428 26.5
0 25.4469 18.7924 26.5
0 26.8889 20.2344 26.5
0 28.3319 21.6774 26.5
0 29.783 23.1285 26.5
0 31.2256 24.5711 26.5
0 32.6714 26.0168 26.5
0 34.1383 27.4837 26.5
0 35.581 28.9264 26.5
0 37.0335 30.379 26.5
0 38.5005 31.846 26.5
0 39.9533 33.2988 26.5
0 41.4092 34.7546 26.5
0 42.856 36.2015 26.5
0 44.3086 37.6541 26.5
0 45.7754 39.1208 26.5
0 47.2288 40.5743 26.5
0 48.6717 42.0172 26.5
0 50.1439 43.4893 26.5
0 51.5963 44.9418 26.5
0 53.0529 46.3984 26.5
0 54.5126 47.8581 26.5
0 55.971 49.3164 26.5
0 57.4273 50.7727 26.5
0 58.8864 52.2319 26.5
0 60.3378 53.6833 26.5
0 61.7801 55.1256 26.5
0 63.2381 56.5836 26.5
0 64.705 58.0504 26.5
0 66.1584 59.5039 26.5
0 67.6111 60.9566 26.5
0 69.0827 62.4282 26.5
0 70.5353 63.8808 26.5
0 71.9921 65.3376 26.5
0 73.4512 66.7966 26.5
0 74.9113 68.2568 26.5
0 76.3756 69.7211 26.5
0 77.8252 71.1707 26.5
0 79.2873 72.6327 26.5
0 80.7399 74.0854 26.5
0 82.1987 75.5442 26.5
0 83.6601 77.0055 26.5
0 85.114 78.4594 26.5
0 86.556 79.9015 26.5
0 88.029 81.3745 26.5
0 89.4726 82.8181 26.5
0 90.9287 84.2742 26.5
0 92.3856 85.731 26.5
0 93.8202 87.1656 26.5
0 95.2881 88.6336 26.5
0 96.7311 90.0766 26.5
0 98.1742 91.5197 26.5
0 99.6361 92.9815 26.5
0 101.079 94.4248 26.5
0 102.535 95.8806 26.5
0 103.989 97.334 26.5
0 105.432 98.777 26.5
0 106.867 100.213 26.5
0 108.335 101.681 26.5
0 109.777 103.123 26.5
0 111.238 104.583 26.5
0 112.681 106.027 26.5
0 114.129 107.475 26.5
0 115.586 108.931 26.5
0 117.035 110.381 26.5
0 118.476 111.821 26.5
0 119.936 113.281 26.5
1 121.378 1.03e-07 26.5
1 122.82 1.44174 26.5
1 124.271 2.89202 26.5
1 125.713 4.3348 26.5
1 127.165 5.78693 26.5
1 128.616 7.23732 26.5
1 130.064 8.68563 26.5
1 131.507 10.1282 26.5
1 132.957 11.5784 26.5
1 134.415 13.0362 26.5
1 135.866 14.4872 26.5
1 137.319 15.9404 26.5
1 138.761 17.3824 26.5
1 140.221 18.8428 26.5
1 141.663 20.2843 26.5
1 143.106 21.7273 26.5
1 144.572 23.1934 26.5
1 146.015 24.6364 26.5
1 147.458 26.0794 26.5
1 148.919 27.5402 26.5
1 150.361 28.9827 26.5
1 151.804 30.4258 26.5
1 153.254 31.8754 26.5
1 154.706 33.328 26.5
1 156.149 34.7708 26.5
1 157.614 36.2353 26.5
1 159.047 37.6688 26.5
1 160.501 39.1221 26.5
1 161.951 40.5726 26.5
1 163.404 42.0254 26.5
1 164.855 43.4761 26.5
1 166.313 44.9344 26.5
1 167.75 46.3714 26.5
1 169.217 47.8382 26.5
1 170.658 49.2799 26.5
1 172.101 50.7227 26.5
1 173.561 52.1824 26.5
1 175.004 53.6252 26.5
1 176.447 55.0681 26.5
1 177.902 56.5234 26.5
1 179.344 57.966 26.5
1 180.787 59.4087 26.5
1 182.238 60.8594 26.5
1 183.697 62.319 26.5
1 185.14 63.7618 26.5
1 186.591 65.2121 26.5
1 188.044 66.6657 26.5
1 189.494 68.1154 26.5
1 190.936 69.5577 26.5
1 192.385 71.0061 26.5
1 193.835 72.4564 26.5
1 195.288 73.9093 26.5
1 196.73 75.3513 26.5
1 198.197 76.8184 26.5
1 199.64 78.2614 26.5
1 201.083 79.7044 26.5
1 202.539 81.1608 26.5
1 203.981 82.6029 26.5
1 205.424 84.0458 26.5
1 206.879 85.5009 26.5
1 208.322 86.9436 26.5
1 209.764 88.3857 26.5
1 211.215 89.8366 26.5
1 212.663 91.2847 26.5
1 214.106 92.7277 26.5
1 215.556 94.1778 26.5
1 216.998 95.6199 26.5
1 218.441 97.0626 26.5
1 219.91 98.531 26.5
1 221.35 99.9719 26.5
1 222.812 101.433 26.5
1 224.254 102.876 26.5
1 225.697 104.319 26.5
1 227.164 105.785 26.5
1 228.607 107.228 26.5
1 230.043 108.664 26.5
1 231.51 110.131 26.5
1 232.953 111.574 26.5
1 234.407 113.028 26.5
1 235.857 114.478 26.5
2 237.3 8.5e-08 26.5
2 238.742 1.44215 26.5
2 240.209 2.90892 26.5
2 241.653 4.35239 26.5
2 243.096 5.79544 26.5
2 244.556 7.2561 26.5
2 246 8.69937 26.5
2 247.451 10.1508 26.5
2 248.893 11.5927 26.5
2 250.353 13.0525 26.5
2 251.808 14.5073 26.5
2 253.261 15.9607 26.5
2 254.702 17.4021 26.5
2 256.158 18.8577 26.5
2 257.6 20.2998 26.5
2 259.054 21.7543 26.5
2 260.503 23.2032 26.5
2 261.967 24.667 26.5
2 263.417 26.117 26.5
2 264.86 27.5596 26.5
2 266.313 29.0123 26.5
2 267.763 30.4626 26.5
2 269.206 31.9055 26.5
2 270.665 33.3647 26.5
2 272.115 34.8152 26.5
2 273.569 36.2687 26.5
2 275.011 37.7111 26.5
2 276.471 39.171 26.5
2 277.914 40.6142 26.5
2 279.357 42.057 26.5
2 280.824 43.5237 26.5
2 282.267 44.9666 26.5
2 283.709 46.409 26.5
2 285.17 47.8694 26.5
2 286.612 49.3121 26.5
2 288.063 50.7631 26.5
2 289.505 52.2045 26.5
2 290.958 53.6576 26.5
2 292.409 55.1085 26.5
2 293.851 56.5508 26.5
2 295.31 58.0099 26.5
2 296.761 59.4607 26.5
2 298.216 60.9163 26.5
2 299.656 62.3562 26.5
2 301.112 63.8123 26.5
2 302.556 65.2557 26.5
2 303.998 66.6975 26.5
2 305.47 68.1695 26.5
2 306.912 69.6117 26.5
2 308.363 71.0631 26.5
2 309.816 72.5161 26.5
2 311.258 73.9576 26.5
2 312.709 75.4084 26.5
2 314.151 76.8506 26.5
2 315.598 78.2978 26.5
2 317.048 79.7482 26.5
2 318.491 81.1911 26.5
2 319.95 82.6498 26.5
2 321.4 84.1 26.5
2 322.857 85.5569 26.5
2 324.295 86.9946 26.5
2 325.75 88.4497 26.5
2 327.192 89.892 26.5
2 328.635 91.3352 26.5
2 330.091 92.7911 26.5
2 331.534 94.234 26.5
2 332.976 95.6762 26.5
2 334.448 97.1477 26.5
2 335.89 98.5897 26.5
2 337.341 100.041 26.5
2 338.783 101.483 26.5
2 340.236 102.936 26.5
2 341.687 104.387 26.5
2 343.142 105.842 26.5
2 344.579 107.279 26.5
2 346.052 108.752 26.5
2 347.495 110.195 26.5
2 348.938 111.638 26.5
2 350.393 113.093 26.5
3 351.835 9.1e-08 26.5
3 353.279 1.44324 26.5
3 354.746 2.91061 26.5
3 356.182 4.34692 26.5
3 357.636 5.80065 26.5
3 359.082 7.24616 26.5
3 360.518 8.68259 26.5
3 361.961 10.1252 26.5
3 363.433 11.5972 26.5
3 364.876 13.0402 26.5
3 366.332 14.4969 26.5
3 367.775 15.9398 26.5
3 369.235 17.3996 26.5
3 370.686 18.8501 26.5
3 372.139 20.3037 26.5
3 373.582 21.7464 26.5
3 375.042 23.2069 26.5
3 376.485 24.6499 26.5
3 377.929 26.0936 26.5
3 379.395 27.5601 26.5
3 380.837 29.0019 26.5
3 382.289 30.4533 26.5
3 383.731 31.8954 26.5
3 385.173 33.3378 26.5
3 386.634 34.7989 26.5
3 388.077 36.2417 26.5
3 389.519 37.6838 26.5
3 390.99 39.1551 26.5
3 392.433 40.5978 26.5
3 393.876 42.0407 26.5
3 395.336 43.5009 26.5
3 396.779 44.9433 26.5
3 398.222 46.3862 26.5
3 399.677 47.8414 26.5
3 401.118 49.283 26.5
3 402.573 50.7372 26.5
3 404.029 52.1931 26.5
3 405.486 53.6506 26.5
3 406.937 55.1015 26.5
3 408.379 56.5433 26.5
3 409.822 57.9864 26.5
3 411.277 59.4419 26.5
3 412.72 60.8848 26.5
3 414.162 62.3267 26.5
3 415.629 63.7934 26.5
3 417.072 65.2366 26.5
3 418.508 66.6725 26.5
3 419.98 68.1441 26.5
3 421.422 69.587 26.5
3 422.88 71.0442 26.5
3 424.325 72.4898 26.5
3 425.784 73.9485 26.5
3 427.227 75.3914 26.5
3 428.677 76.8418 26.5
3 430.13 78.2948 26.5
3 431.581 79.7456 26.5
3 433.04 81.2049 26.5
3 434.476 82.6408 26.5
3 435.943 84.108 26.5
3 437.386 85.5502 26.5
3 438.829 86.9934 26.5
3 440.29 88.4548 26.5
3 441.732 89.8965 26.5
3 443.175 91.3394 26.5
3 444.631 92.7953 26.5
3 446.074 94.2387 26.5
3 447.535 95.6992 26.5
3 448.979 97.1441 26.5
3 450.433 98.5974 26.5
3 451.882 100.047 26.5
3 453.324 101.488 26.5
3 454.776 102.941 26.5
3 456.226 104.391 26.5
3 457.669 105.834 26.5
3 459.117 107.282 26.5
3 460.574 108.739 26.5
3 462.031 110.196 26.5
3 463.472 111.637 26.5
3 464.928 113.093 26.5
3 466.37 114.535 26.5
3 467.813 115.978 26.5
4 469.269 9.1e-08 26.5
4 470.712 1.44279 26.5
4 472.154 2.88481 26.5
4 473.619 4.35046 26.5
4 475.062 5.79321 26.5
4 476.499 7.22993 26.5
4 477.955 8.68638 26.5
4 479.408 10.1395 26.5
4 480.859 11.5903 26.5
4 482.301 13.0325 26.5
4 483.749 14.4805 26.5
4 485.2 15.931 26.5
4 486.648 17.3789 26.5
4 488.091 18.8221 26.5
4 489.558 20.2895 26.5
4 491 21.731 26.5
4 492.443 23.1742 26.5
4 493.905 24.6359 26.5
4 495.346 26.0776 26.5
4 496.804 27.5348 26.5
4 498.257 28.9878 26.5
4 499.709 30.4404 26.5
4 501.16 31.8913 26.5
4 502.603 33.334 26.5
4 504.056 34.7869 26.5
4 505.506 36.2373 26.5
4 506.949 37.6804 26.5
4 508.402 39.133 26.5
4 509.858 40.5888 26.5
4 511.315 42.0466 26.5
4 512.754 43.4852 26.5
4 514.209 44.9399 26.5
4 515.651 46.3825 26.5
4 517.094 47.8252 26.5
4 518.546 49.2768 26.5
4 519.988 50.7197 26.5
4 521.436 52.1668 26.5
4 522.885 53.6165 26.5
4 524.345 55.0759 26.5
4 525.787 56.5183 26.5
4 527.237 57.9685 26.5
4 528.69 59.4212 26.5
4 530.14 60.8714 26.5
4 531.594 62.3249 26.5
4 533.035 63.7667 26.5
4 534.507 65.238 26.5
4 535.949 66.6799 26.5
4 537.401 68.1321 26.5
4 538.852 69.5832 26.5
4 540.294 71.0257 26.5
4 541.741 72.4724 26.5
4 543.191 73.9223 26.5
4 544.65 75.3813 26.5
4 546.102 76.8328 26.5
4 547.559 78.2903 26.5
4 549.002 79.733 26.5
4 550.452 81.1837 26.5
4 551.912 82.6432 26.5
4 553.354 84.0857 26.5
4 554.818 85.5492 26.5
4 556.259 86.9898 26.5
4 557.707 88.4386 26.5
4 559.158 89.8897 26.5
4 560.602 91.3331 26.5
4 562.044 92.775 26.5
4 563.494 94.2257 26.5
4 564.937 95.6686 26.5
4 566.379 97.1107 26.5
4 567.83 98.5611 26.5
4 569.273 100.004 26.5
4 570.717 101.448 26.5
4 572.166 102.897 26.5
4 573.624 104.356 26.5
4 575.075 105.807 26.5
4 576.532 107.264 26.5
4 577.975 108.706 26.5
4 579.426 110.157 26.5
4 580.885 111.616 26.5
4 582.32 113.052 26.5
4 583.777 114.508 26.5
4 585.22 115.951 26.5
5 586.663 8.4e-08 26.5
5 588.124 1.46114 26.5
5 589.567 2.90387 26.5
5 591.01 4.34722 26.5
5 592.461 5.79822 26.5
5 593.904 7.2412 26.5
5 595.362 8.69937 26.5
5 596.814 10.1514 26.5
5 598.266 11.6036 26.5
5 599.717 13.0542 26.5
5 601.16 14.4973 26.5
5 602.613 15.9498 26.5
5 604.063 17.4003 26.5
5 605.506 18.8435 26.5
5 606.949 20.286 26.5
5 608.399 21.736 26.5
5 609.863 23.2003 26.5
5 611.306 24.643 26.5
5 612.762 26.0993 26.5
5 614.205 27.5419 26.5
5 615.648 28.9848 26.5
5 617.103 30.4398 26.5
5 618.546 31.8834 26.5
5 619.989 33.3261 26.5
5 621.456 34.793 26.5
5 622.899 36.2363 26.5
5 624.359 37.6963 26.5
5 625.798 39.1352 26.5
5 627.251 40.5878 26.5
5 628.701 42.0378 26.5
5 630.144 43.4809 26.5
5 631.586 44.9235 26.5
5 633.037 46.3742 26.5
5 634.496 47.8336 26.5
5 635.94 49.2771 26.5
5 637.405 50.742 26.5
5 638.847 52.1842 26.5
5 640.291 53.6277 26.5
5 641.747 55.084 26.5
5 643.19 56.5269 26.5
5 644.647 57.984 26.5
5 646.096 59.433 26.5
5 647.55 60.8867 26.5
5 649 62.3369 26.5
5 650.443 63.7805 26.5
5 651.897 65.2337 26.5
5 653.346 66.6834 26.5
5 654.789 68.126 26.5
5 656.248 69.5852 26.5
5 657.698 71.0348 26.5
5 659.154 72.4911 26.5
5 660.594 73.9312 26.5
5 662.05 75.3871 26.5
5 663.493 76.83 26.5
5 664.935 78.2717 26.5
5 666.407 79.7445 26.5
5 667.85 81.1867 26.5
5 669.301 82.6381 26.5
5 670.753 84.0902 26.5
5 672.196 85.5329 26.5
5 673.66 86.997 26.5
5 675.099 88.4365 26.5
5 676.558 89.8948 26.5
5 678.008 91.3456 26.5
5 679.451 92.7882 26.5
5 680.91 94.2472 26.5
5 682.361 95.6977 26.5
5 683.804 97.1413 26.5
5 685.252 98.589 26.5
5 686.718 100.056 26.5
5 688.161 101.498 26.5
5 689.611 102.948 26.5
5 691.065 104.402 26.5
5 692.507 105.845 26.5
5 693.958 107.295 26.5
5 695.423 108.76 26.5
5 696.865 110.203 26.5
5 698.316 111.654 26.5
5 699.759 113.096 26.5
5 701.211 114.548 26.5
5 702.662 115.999 26.5
5 704.103 117.441 26.5
5 705.551 118.888 26.5
6 707.002 7.5e-08 26.5
6 708.445 1.44268 26.5
6 709.887 2.88479 26.5
6 711.337 4.33504 26.5
6 712.796 5.79415 26.5
6 714.232 7.2299 26.5
6 715.688 8.68619 26.5
6 717.141 10.1392 26.5
6 718.592 11.5896 26.5
6 720.034 13.0325 26.5
6 721.487 14.4853 26.5
6 722.938 15.9356 26.5
6 724.396 17.3943 26.5
6 725.833 18.8307 26.5
6 727.304 20.302 26.5
6 728.746 21.7436 26.5
6 730.188 23.1865 26.5
6 731.643 24.6409 26.5
6 733.086 26.0837 26.5
6 734.541 27.5389 26.5
6 735.995 28.9932 26.5
6 737.447 30.4452 26.5
6 738.897 31.8953 26.5
6 740.34 33.3383 26.5
6 741.793 34.7911 26.5
6 743.244 36.242 26.5
6 744.687 37.6852 26.5
6 746.13 39.1281 26.5
6 747.596 40.5939 26.5
6 749.039 42.0368 26.5
6 750.475 43.4734 26.5
6 751.942 44.9399 26.5
6 753.385 46.3829 26.5
6 754.844 47.842 26.5
6 756.293 49.2906 26.5
6 757.751 50.7494 26.5
6 759.194 52.1918 26.5
6 760.644 53.6421 26.5
6 762.097 55.0951 26.5
6 763.548 56.5461 26.5
6 764.99 57.9883 26.5
6 766.438 59.4363 26.5
7 767.889 1.04e-07 26.5
7 769.332 1.44324 26.5
7 770.775 2.88604 26.5
7 772.247 4.35811 26.5
7 773.69 5.80039 26.5
7 775.147 7.25741 26.5
7 776.594 8.70445 26.5
7 778.04 10.1512 26.5
7 779.483 11.5934 26.5
7 780.949 13.0599 26.5
7 782.392 14.5031 26.5
7 783.857 15.9681 26.5
7 785.299 17.4101 26.5
7 786.747 18.8579 26.5
7 788.198 20.3086 26.5
7 789.641 21.7522 26.5
7 791.085 23.1954 26.5
7 792.535 24.6456 26.5
7 793.994 26.1044 26.5
7 795.437 27.5477 26.5
7 796.903 29.014 26.5
7 798.346 30.4568 26.5
7 799.789 31.8996 27
8 801.256 1.09e-07 27
8 802.699 1.44302 27
8 804.136 2.87984 27
8 805.603 4.3471 27
8 807.046 5.79063 27
8 808.509 7.25319 27
8 809.95 8.69417 27
8 811.394 10.1378 27
8 812.845 11.5889 27
8 814.302 13.0466 27
8 815.735 14.4788 27
8 817.201 15.9455 27
9 818.645 5.9e-08 27
9 820.088 1.44302 27
9 821.544 2.8988 27
9 822.987 4.34181 27
9 824.43 5.78494 27
9 825.881 7.2362 27
10 827.325 5.2e-08 27
10 828.77 1.44494 27
10 830.219 2.89403 27
10 831.663 4.33784 27
11 833.105 5.7e-08 27.5
11 834.556 1.45072 27.5
11 836 2.89439 27.5
12 837.443 5.6e-08 27.5
12 838.91 1.4668 27.5
13 840.354 4.4e-08 28
13 841.815 1.46151 28
14 843.258 4.9e-08 28
14 844.7 1.44245 28
15 846.152 6.2e-08 28
15 847.595 1.4436 28
16 849.043 4.9e-08 28
17 850.494 5.6e-08 28
17 851.936 1.44199 28
18 853.395 6.2e-08 28
19 854.846 5.2e-08 28
19 856.303 1.45685 28
20 857.743 7.7e-08 28
21 859.193 5.1e-08 28
21 860.635 1.44224 28
22 862.079 5.4e-08 28
23 863.529 6.8e-08 28
23 864.977 1.44815 28
24 866.42 5.3e-08 28
24 867.872 1.45174 28
25 869.332 5.3e-08 28
26 871.675 1.47e-07 28
26 873.122 1.44681 27
27 875.782 1.19e-07 28
27 877.244 1.46141 27
28 882.089 1.48e-07 28
28 883.53 1.44119 27
29 892.988 1.45e-07 28
29 894.423 1.43436 27
