0 6.84968 9.1e-08 21.5
0 9.75289 2.90321 21.5
0 11.1939 4.34421 21.5
0 12.6472 5.79751 21.5
0 14.0911 7.24146 21.5
0 15.5323 8.68265 21.5
0 16.9834 10.1338 21.5
0 18.4284 11.5788 21.5
0 19.8718 13.0221 21.5
0 21.3295 14.4798 21.5
0 22.7722 15.9225 21.5
0 24.2234 17.3737 21.5
0 25.6663 18.8166 21.5
0 27.1146 20.265 21.5
0 28.5887 21.739 21.5
0 30.0341 23.1844 21.5
0 31.4825 24.6328 21.5
0 32.9503 26.1006 21.5
0 34.399 27.5493 21.5
0 35.8502 29.0005 21.5
0 37.2945 30.4448 21.5
0 38.7591 31.9094 21.5
0 40.2141 33.3644 21.5
0 41.6631 34.8134 21.5
0 43.1248 36.2751 21.5
0 44.5691 37.7194 21.5
0 46.0175 39.1678 21.5
0 47.4839 40.6343 21.5
0 48.9328 42.0831 21.5
0 50.379 43.5293 21.5
0 51.8307 44.981 21.5
0 53.2961 46.4464 21.5
0 54.7517 47.902 21.5
0 56.1952 49.3455 21.5
0 57.6393 50.7897 21.5
0 59.0972 52.2475 21.5
1 60.54 9.9e-08 21.5
1 61.9993 1.45932 21.5
1 63.4663 2.92628 21.5
1 64.9143 4.37435 21.5
1 66.3686 5.82863 21.5
1 67.8337 7.29368 21.5
1 69.2862 8.74621 21.5
1 70.7423 10.2023 21.5
1 72.1951 11.6551 21.5
1 73.6463 13.1063 21.5
1 75.0953 14.5553 21.5
1 76.542 16.002 21.5
1 78.0046 17.4646 21.5
1 79.4477 18.9077 21.5
1 80.8909 20.3509 21.5
1 82.3424 21.8024 21.5
1 83.8024 23.2624 21.5
1 85.2679 24.7279 21.5
1 86.7161 26.1761 21.5
1 88.1586 27.6186 21.5
1 89.608 29.068 21.5
1 91.0706 30.5307 21.5
1 92.5236 31.9837 21.5
1 93.9728 33.4328 21.5
1 95.4262 34.8862 21.5
1 96.8852 36.3452 21.5
1 98.3266 37.7866 21.5
1 99.7748 39.2348 21.5
1 101.226 40.6857 21.5
1 102.684 42.144 21.5
1 104.126 43.5862 21.5
1 105.584 45.0437 21.5
1 107.028 46.4877 21.5
1 108.472 47.9324 21.5
1 109.931 49.3906 21.5
1 111.375 50.8351 21.5
1 112.826 52.2865 21.5
2 114.27 8.3e-08 21.5
2 115.713 1.44357 21.5
2 117.186 2.91614 21.5
2 118.627 4.35771 21.5
2 120.07 5.80023 21.5
2 121.521 7.25125 21.5
2 122.969 8.69898 21.5
2 124.41 10.1402 21.5
2 125.871 11.601 21.5
2 127.315 13.0451 21.5
2 128.766 14.4963 21.5
2 130.22 15.9503 21.5
2 131.664 17.394 21.5
2 133.134 18.864 21.5
2 134.572 20.3021 21.5
2 136.018 21.7483 21.5
2 137.467 23.1973 21.5
2 138.908 24.6387 21.5
2 140.355 26.0855 21.5
2 141.805 27.5352 21.5
2 143.247 28.9768 21.5
2 144.689 30.4191 21.5
2 146.162 31.8918 21.5
2 147.604 33.3339 21.5
2 149.067 34.7975 21.5
2 150.5 36.2298 21.5
2 151.952 37.682 21.5
2 153.403 39.1331 21.5
2 154.844 40.5743 21.5
2 156.291 42.021 21.5
2 157.742 43.4721 21.5
2 159.184 44.914 21.5
2 160.624 46.3546 21.5
2 162.074 47.8047 21.5
2 163.517 49.2468 21.5
2 164.971 50.7008 21.5
2 166.42 52.1502 21.5
3 167.869 1.03e-07 21.5
3 169.319 1.45063 21.5
3 170.762 2.8932 21.5
3 172.204 4.33521 21.5
3 173.653 5.78446 21.5
3 175.095 7.22655 21.5
3 176.537 8.6684 21.5
3 177.993 10.1247 21.5
3 179.436 11.5675 21.5
3 180.878 13.0099 21.5
3 182.34 14.471 21.5
3 183.781 15.913 21.5
3 185.223 17.3542 21.5
3 186.673 18.8042 21.5
3 188.115 20.2464 21.5
3 189.557 21.6888 21.5
3 191.019 23.1508 21.5
3 192.46 24.5915 21.5
3 193.91 26.0418 21.5
3 195.358 27.4899 21.5
3 196.8 28.9317 21.5
3 198.25 30.3816 21.5
3 199.709 31.84 21.5
3 201.151 33.2827 21.5
3 202.611 34.7427 21.5
3 204.048 36.1796 21.5
3 205.496 37.6275 21.5
3 206.946 39.0773 21.5
3 208.387 40.519 21.5
3 209.829 41.9605 21.5
3 211.286 43.4176 21.5
3 212.729 44.8606 21.5
3 214.181 46.312 21.5
3 215.624 47.7558 21.5
3 217.073 49.2042 21.5
3 218.53 50.6618 21.5
3 219.975 52.1069 21.5
3 221.407 53.5383 21.5
4 222.868 9.2e-08 21.5
4 224.309 1.44074 21.5
4 225.751 2.88265 21.5
4 227.201 4.33323 21.5
4 228.644 5.77599 21.5
4 230.087 7.21908 21.5
4 231.538 8.67031 21.5
4 232.982 10.114 21.5
4 234.436 11.5679 21.5
4 235.885 13.0172 21.5
4 237.338 14.4699 21.5
4 238.79 15.9218 21.5
4 240.245 17.3765 21.5
4 241.688 18.8199 21.5
4 243.14 20.2716 21.5
4 244.587 21.7193 21.5
4 246.031 23.1629 21.5
4 247.503 24.6347 21.5
4 248.945 26.0766 21.5
4 250.4 27.5322 21.5
4 251.843 28.975 21.5
4 253.284 30.4158 21.5
4 254.744 31.8764 21.5
4 256.186 33.3182 21.5
4 257.628 34.7601 21.5
4 259.076 36.2081 21.5
4 260.518 37.6503 21.5
4 261.961 39.0932 21.5
4 263.428 40.56 21.5
4 264.868 42.0001 21.5
4 266.321 43.4531 21.5
4 267.77 44.902 21.5
4 269.211 46.3434 21.5
4 270.667 47.7991 21.5
4 272.108 49.24 21.5
4 273.55 50.6817 21.5
4 275.005 52.1371 21.5
4 276.446 53.578 21.5
4 277.888 55.0195 21.5
5 279.344 6.9e-08 21.5
5 280.787 1.44263 21.5
5 282.23 2.88564 21.5
5 283.681 4.33723 21.5
5 285.13 5.78599 21.5
5 286.571 7.22759 21.5
5 288.037 8.6935 21.5
5 289.481 10.1367 21.5
5 290.932 11.5882 21.5
5 292.381 13.0368 21.5
5 293.823 14.4792 21.5
5 295.273 15.9289 21.5
5 296.725 17.381 21.5
5 298.167 18.8232 21.5
5 299.627 20.2831 21.5
5 301.069 21.7252 21.5
5 302.512 23.1683 21.5
5 303.964 24.6196 21.5
5 305.406 26.0621 21.5
5 306.869 27.5253 21.5
5 308.312 28.9679 21.5
5 309.759 30.4151 21.5
5 311.211 31.8675 21.5
5 312.655 33.3115 21.5
5 314.099 34.7548 21.5
5 315.572 36.2279 21.5
5 317.014 37.6704 21.5
5 318.456 39.1117 21.5
5 319.905 40.5611 21.5
5 321.349 42.0049 21.5
5 322.793 43.4487 21.5
5 324.255 44.9108 21.5
5 325.697 46.3536 21.5
5 327.147 47.8031 21.5
5 328.589 49.2448 21.5
5 330.032 50.6878 21.5
5 331.504 52.1597 21.5
5 332.946 53.6017 21.5
5 334.398 55.0541 21.5
5 335.849 56.5053 21.5
6 337.291 8.1e-08 21.5
6 338.734 1.44252 21.5
6 340.191 2.89977 21.5
6 341.64 4.34834 21.5
6 343.089 5.79741 21.5
6 344.531 7.23923 21.5
6 345.973 8.68163 21.5
6 347.424 10.1325 21.5
6 348.867 11.5755 21.5
6 350.31 13.0189 21.5
6 351.782 14.4907 21.5
6 353.224 15.9323 21.5
6 354.667 17.3752 21.5
6 356.133 18.842 21.5
6 357.576 20.2845 21.5
6 359.036 21.745 21.5
6 360.475 23.184 21.5
6 361.923 24.6318 21.5
6 363.373 26.0813 21.5
6 364.814 27.5225 21.5
6 366.256 28.9643 21.5
6 367.712 30.4204 21.5
6 369.165 31.8733 21.5
6 370.607 33.3161 21.5
6 372.057 34.7659 21.5
6 373.498 36.207 21.5
6 374.94 37.6487 21.5
6 376.389 39.0979 21.5
6 377.832 40.5408 21.5
6 379.275 41.9837 21.5
6 380.747 43.456 21.5
6 382.189 44.8973 21.5
6 383.655 46.3636 21.5
6 385.098 47.8065 21.5
6 386.541 49.2494 21.5
6 387.997 50.7056 21.5
6 389.439 52.1477 21.5
6 390.887 53.5952 21.5
6 392.336 55.045 21.5
6 393.777 56.4859 21.5
6 395.219 57.9274 21.5
6 396.69 59.399 21.5
6 398.131 60.8394 22
7 399.597 7.2e-08 22
7 401.041 1.44376 21.5
7 402.484 2.8874 22
7 403.942 4.34509 22
7 405.386 5.78853 22
7 406.837 7.2401 22
7 408.292 8.6948 21.5
7 409.735 10.1384 21.5
7 411.186 11.5893 21.5
7 412.633 13.0357 22
7 414.074 14.4767 22
7 415.525 15.9284 21.5
7 416.99 17.3929 21.5
7 418.434 18.8366 21.5
7 419.886 20.2888 22
7 421.346 21.7491 22
7 422.798 23.2014 22
7 424.243 24.6458 21.5
7 425.692 26.0947 22
7 427.142 27.5448 22
7 428.595 28.9983 22
7 430.038 30.4407 22
7 431.498 31.901 21.5
7 432.94 33.3429 21.5
7 434.382 34.7853 21.5
7 435.834 36.2374 22
7 437.288 37.6913 22
7 438.74 39.1429 22
7 440.184 40.5871 21.5
7 441.634 42.0365 21.5
7 443.085 43.4877 22
7 444.529 44.9316 22
7 445.971 46.3742 22
7 447.429 47.832 21.5
7 448.883 49.286 21.5
7 450.326 50.7285 22
7 451.778 52.1805 22
7 453.237 53.64 22
7 454.689 55.0915 21.5
7 456.132 56.5345 21.5
7 457.576 57.9788 21.5
7 459.028 59.4306 22
7 460.48 60.8834 22
7 461.923 62.3263 22
7 463.374 63.7769 22
7 464.817 65.2195 22
8 466.258 9.3e-08 22
8 467.709 1.45034 22
8 469.152 2.89335 22
8 470.601 4.34213 22
8 472.051 5.79277 22
8 473.493 7.23445 22
8 474.958 8.69953 22
8 476.401 10.1425 22
8 477.85 11.5914 22
8 479.299 13.0408 22
8 480.741 14.4822 22
8 482.183 15.9246 22
8 483.654 17.3959 22
8 485.095 18.837 22
8 486.542 20.2839 22
8 487.991 21.733 22
8 489.433 23.1741 22
8 490.875 24.6166 22
8 492.332 26.0733 22
8 493.782 27.5237 22
8 495.229 28.9708 22
8 496.671 30.4127 22
8 498.114 31.8552 22
8 499.585 33.3261 22
8 501.026 34.7671 22
8 502.478 36.22 22
9 503.93 7.6e-08 22
9 505.374 1.4436 22
9 506.817 2.88695 22
9 508.274 4.3435 22
9 509.717 5.78645 22
9 511.172 7.24162 22
9 512.615 8.68447 22
9 514.058 10.1274 22
9 515.508 11.5781 22
9 516.951 13.0208 22
9 518.393 14.4624 22
9 519.842 15.912 22
9 521.306 17.3758 22
9 522.749 18.8191 22
9 524.198 20.2681 22
10 525.64 6.5e-08 22
10 527.092 1.45174 22
10 528.537 2.89712 22
10 529.99 4.34968 22
10 531.432 5.79181 22
10 532.883 7.24324 22
10 534.323 8.68322 22
10 535.775 10.1349 22
10 537.228 11.5879 22
10 538.672 13.0318 22
10 540.129 14.4886 22
11 541.587 7.9e-08 22
11 543.03 1.44261 22
11 544.48 2.89308 22
11 545.935 4.34775 22
11 547.377 5.78952 22
11 548.832 7.24471 22
11 550.275 8.68751 22
11 551.727 10.1399 22
12 553.171 1e-07 22
12 554.62 1.44873 22
12 556.077 2.90603 22
12 557.531 4.35926 22
12 558.974 5.80221 22
12 560.425 7.25373 22
12 561.874 8.70258 22
13 563.316 1.06e-07 22.5
13 564.777 1.46109 22.5
13 566.218 2.90292 22.5
13 567.669 4.35377 22.5
13 569.112 5.79622 22
13 570.555 7.23959 22
13 572.022 8.70639 22.5
14 573.454 7.4e-08 22.5
14 574.912 1.45817 22.5
14 576.364 2.90956 22.5
14 577.806 4.35217 22.5
14 579.256 5.80144 22.5
14 580.706 7.25202 22.5
15 582.155 2.93e-07 22.5
15 583.591 1.43611 22.5
15 585.049 2.89343 22.5
15 586.492 4.33631 22.5
15 587.948 5.79311 22.5
15 589.39 7.23464 22.5
16 590.838 6.6e-08 22.5
16 592.296 1.45813 22.5
16 593.74 2.90192 22.5
16 595.189 4.35097 22.5
16 596.639 5.8012 22.5
17 598.087 1.03e-07 22.5
17 599.528 1.44107 22.5
17 600.977 2.8903 22.5
17 602.42 4.33307 22.5
17 603.868 5.78109 22.5
17 605.323 7.23655 22.5
18 606.776 9e-08 22.5
18 608.229 1.45234 22.5
18 609.672 2.89607 22.5
18 611.127 4.35056 22.5
18 612.576 5.80019 22.5
18 614.026 7.24963 22.5
19 615.466 1.19e-07 22.5
19 616.917 1.4511 22.5
19 618.36 2.89381 22.5
19 619.82 4.35418 22.5
19 621.271 5.80494 22.5
19 622.725 7.2592 22.5
20 624.177 9.5e-08 22.5
20 625.621 1.44403 22.5
20 627.069 2.89258 22.5
20 628.526 4.34939 22.5
20 629.976 5.79913 22.5
21 631.417 7.3e-08 22.5
21 632.867 1.44916 22.5
21 634.31 2.89217 22.5
21 635.767 4.35007 22.5
21 637.219 5.80173 22.5
21 638.673 7.25564 22.5
22 640.125 7e-08 22.5
22 641.568 1.44323 22.5
22 643.012 2.88645 22.5
22 644.462 4.33659 22.5
22 645.903 5.77792 22.5
22 647.356 7.23108 22.5
23 648.806 1.24e-07 22.5
23 650.248 1.44211 22.5
23 651.69 2.8845 22.5
23 653.141 4.33572 22.5
23 654.585 5.77934 22.5
23 656.034 7.22817 22.5
24 657.483 7.9e-08 22.5
24 658.926 1.44312 22.5
24 660.37 2.88675 22.5
24 661.827 4.34393 22.5
24 663.278 5.79492 22.5
25 664.727 7.7e-08 22.5
25 666.169 1.44291 22.5
25 667.612 2.8858 22.5
25 669.079 4.35275 22.5
25 670.511 5.78424 22.5
25 671.97 7.24301 22
26 673.42 1.03e-07 22.5
26 674.864 1.44335 22.5
26 676.312 2.89108 22.5
26 677.762 4.34136 22.5
26 679.204 5.78386 22.5
26 680.647 7.22652 22
27 682.104 8e-08 22.5
27 683.547 1.44309 22.5
27 684.998 2.89389 22.5
27 686.439 4.33547 22.5
27 687.881 5.77699 22.5
27 689.332 7.22775 22.5
28 691.474 1.54e-07 22.5
28 692.915 1.4408 22.5
28 694.371 2.89679 22.5
28 695.813 4.33865 22.5
28 697.256 5.7816 22.5
28 698.717 7.24308 22.5
29 701.762 1.46e-07 22.5
29 703.203 1.4408 22.5
29 704.66 2.89763 22.5
29 706.108 4.34561 22.5
29 707.558 5.79607 22.5
29 709.002 7.23965 22
30 714.148 1.54e-07 22.5
30 715.597 1.449 22.5
30 717.041 2.89237 22.5
30 718.492 4.34378 22.5
30 719.936 5.78725 22.5
30 721.378 7.22975 22
31 731.035 1.46e-07 22.5
31 732.477 1.44206 22.5
31 733.92 2.88515 22.5
31 735.38 4.34482 22.5
31 736.82 5.78505 22.5
31 738.263 7.2279 22
