        type trial_config ert_flop   unroll  buffers        nsize       trials       microsecs        bytes        flops         GB/s         GF/s
       float    coalesced       16        4        2           32     16777216     8183377.003   1073741824   2147483648        0.131        0.262
       float    coalesced       16        4        2           64     16777216     8183365.965   2147483648   4294967296        0.262        0.525
       float    coalesced       16        4        2          128     16777216     8568169.915   4294967296   8589934592        0.501        1.003
       float    coalesced       16        4        2          256     16777216     9352371.656   8589934592  17179869184        0.918        1.837
       float    coalesced       16        4        2          512     16777216    10911056.140  17179869184  34359738368        1.575        3.149
       float    coalesced       16        4        2         1024      8388608     5951686.942  17179869184  34359738368        2.887        5.773
       float    coalesced       16        4        2         2048      4194304     3686825.671  17179869184  34359738368        4.660        9.320
       float    coalesced       16        4        2         4096      2097152     2338419.329  17179869184  34359738368        7.347       14.694
       float    coalesced       16        4        2         8192      1048576     1637024.300  17179869184  34359738368       10.495       20.989
       float    coalesced       16        4        2        16384       524288     1309829.467  17179869184  34359738368       13.116       26.232
       float    coalesced       16        4        2        32768       262144     1106305.942  17179869184  34359738368       15.529       31.058
       float    coalesced       16        4        2        65536       131072     1023299.364  17179869184  34359738368       16.789       33.577
       float    coalesced       16        4        2       131072        65536      977002.094  17179869184  34359738368       17.584       35.169
       float    coalesced       16        4        2       262144        32768      953634.636  17179869184  34359738368       18.015       36.030
       float    coalesced       16        4        2       524288        16384      942159.118  17179869184  34359738368       18.235       36.469
       float    coalesced       16        4        2      1048576         8192      936840.251  17179869184  34359738368       18.338       36.676
       float    coalesced       16        4        2      2097152         4096      933859.477  17179869184  34359738368       18.397       36.793
       float    coalesced       16        4        2      4194304         2048      932491.419  17179869184  34359738368       18.424       36.847
       float    coalesced       16        4        2      8388608         1024      931745.703  17179869184  34359738368       18.438       36.877
       float    coalesced       16        4        2     16777216          512      931427.106  17179869184  34359738368       18.445       36.889
       float    coalesced       16        4        2     33554432          256      931258.709  17179869184  34359738368       18.448       36.896
       float    coalesced       16        4        2     67108864          128      931181.738  17179869184  34359738368       18.450       36.899
       float    coalesced       16        4        2    134217728           64      931130.561  17179869184  34359738368       18.451       36.901
       float    coalesced       16        4        2    268435456           32      931115.252  17179869184  34359738368       18.451       36.902
       float    coalesced       16        4        2    536870912           16      931086.962  17179869184  34359738368       18.451       36.903
       float    coalesced       16        4        2   1073741824            8      931110.253  17179869184  34359738368       18.451       36.902
       float    coalesced       16        4        2   2147483648            4      931074.277  17179869184  34359738368       18.452       36.903
       float    coalesced       16        4        2   4294967296            2      931082.217  17179869184  34359738368       18.452       36.903
       float    coalesced       16        4        2   8588886016            1      930973.485  17177772032  34355544064       18.451       36.903
