0 3.36051 6.8e-08 20.5
0 6.25844 2.89793 20.5
0 7.70152 4.34101 20.5
1 9.15062 6.9e-08 20.5
1 10.6004 1.44977 20.5
1 12.0447 2.89408 20.5
1 13.4943 4.3437 20.5
2 14.936 6.5e-08 20.5
2 16.3801 1.44406 20.5
2 17.8295 2.89348 20.5
2 19.2773 4.34124 20.5
3 20.7146 5.8e-08 20.5
3 22.1722 1.45758 20.5
3 23.6122 2.8976 20.5
3 25.0556 4.34096 20.5
3 26.5105 5.79582 21
4 27.9541 7.1e-08 21
4 29.3978 1.44379 21
5 30.8559 6.1e-08 21
5 32.3005 1.4446 21
6 33.7525 6.6e-08 21.5
7 35.1944 5.5e-08 22.5
10 36.6381 6.3e-08 22.5
13 38.0893 5.1e-08 22.5
16 39.5327 5.8e-08 23
19 40.9766 5.3e-08 20.5
22 42.432 1.01e-07 20.5
24 43.9752 1.52e-07 20.5
25 45.6267 1.62e-07 21
26 48.3714 1.02e-07 21
27 53.5146 1.44e-07 20.5
