        type trial_config ert_flop   unroll  buffers        nsize       trials       microsecs        bytes        flops         GB/s         GF/s
 signed_char    coalesced        4       64        2          128     16777216     6801681.008   4294967296   8589934592        0.631        1.263
 signed_char    coalesced        4       64        2          256     16777216     6891074.623   8589934592  17179869184        1.247        2.493
 signed_char    coalesced        4       64        2          512     16777216     7273876.816  17179869184  34359738368        2.362        4.724
 signed_char    coalesced        4       64        2         1024      8388608     4364452.658  17179869184  34359738368        3.936        7.873
 signed_char    coalesced        4       64        2         2048      4194304     2518031.944  17179869184  34359738368        6.823       13.645
 signed_char    coalesced        4       64        2         4096      2097152     1425122.955  17179869184  34359738368       12.055       24.110
 signed_char    coalesced        4       64        2         8192      1048576      909347.528  17179869184  34359738368       18.893       37.785
 signed_char    coalesced        4       64        2        16384       524288      699184.757  17179869184  34359738368       24.571       49.143
 signed_char    coalesced        4       64        2        32768       262144      599011.835  17179869184  34359738368       28.680       57.361
 signed_char    coalesced        4       64        2        65536       131072      586399.416  17179869184  34359738368       29.297       58.594
 signed_char    coalesced        4       64        2       131072        65536      574073.413  17179869184  34359738368       29.926       59.853
 signed_char    coalesced        4       64        2       262144        32768      568428.128  17179869184  34359738368       30.223       60.447
 signed_char    coalesced        4       64        2       524288        16384      565964.480  17179869184  34359738368       30.355       60.710
 signed_char    coalesced        4       64        2      1048576         8192      564450.114  17179869184  34359738368       30.436       60.873
 signed_char    coalesced        4       64        2      2097152         4096      563696.606  17179869184  34359738368       30.477       60.954
 signed_char    coalesced        4       64        2      4194304         2048      563319.073  17179869184  34359738368       30.498       60.995
 signed_char    coalesced        4       64        2      8388608         1024      563098.604  17179869184  34359738368       30.510       61.019
 signed_char    coalesced        4       64        2     16777216          512      563005.139  17179869184  34359738368       30.515       61.029
 signed_char    coalesced        4       64        2     33554432          256      562947.766  17179869184  34359738368       30.518       61.035
 signed_char    coalesced        4       64        2     67108864          128      562967.123  17179869184  34359738368       30.517       61.033
 signed_char    coalesced        4       64        2    134217728           64      562933.202  17179869184  34359738368       30.518       61.037
 signed_char    coalesced        4       64        2    268435456           32      562921.079  17179869184  34359738368       30.519       61.038
 signed_char    coalesced        4       64        2    536870912           16      562920.817  17179869184  34359738368       30.519       61.038
 signed_char    coalesced        4       64        2   1073741824            8      562879.984  17179869184  34359738368       30.521       61.043
 signed_char    coalesced        4       64        2   2147483648            4      562930.331  17179869184  34359738368       30.519       61.037
 signed_char    coalesced        4       64        2   4294967296            2      562935.690  17179869184  34359738368       30.518       61.037
 signed_char    coalesced        4       64        2   8588886016            1      562869.640  17177772032  34355544064       30.518       61.036
