0 3.31173 6.2e-08 20.5
0 6.20751 2.89579 20.5
0 7.65171 4.33999 20.5
0 9.09237 5.78065 20.5
0 10.5442 7.23248 20.5
1 11.9874 6.9e-08 20.5
1 13.4333 1.44591 20.5
1 14.8864 2.89894 20.5
1 16.3296 4.3422 20.5
1 17.7834 5.79595 20.5
1 19.2225 7.2351 20.5
2 20.6658 9.7e-08 20.5
2 22.1494 1.48363 20.5
2 23.6056 2.93984 20.5
2 25.0675 4.40167 20.5
2 26.5108 5.84499 20.5
2 27.9765 7.31074 20.5
3 29.4322 8e-08 20.5
3 30.876 1.44383 20.5
3 32.3203 2.88807 20.5
3 33.7927 4.36051 20.5
3 35.2523 5.82011 20.5
3 36.7144 7.28217 20.5
3 38.1742 8.74198 21
4 39.6257 7.5e-08 21
4 41.0689 1.44319 21
4 42.5223 2.89657 21
4 43.9898 4.36402 21
5 45.4333 5.8e-08 21
5 46.8814 1.44811 21
5 48.3494 2.91607 21
6 49.7931 1.31e-07 21
6 51.2662 1.4731 21
7 52.7217 9.6e-08 21.5
8 54.1637 7.6e-08 21.5
10 55.6126 9.5e-08 22
11 57.0766 5.7e-08 22
12 58.5284 6.5e-08 22
14 59.9886 9.2e-08 22
15 61.4322 6.2e-08 22
17 62.8833 6.1e-08 22
18 64.3268 5.3e-08 21.5
20 65.7699 6.2e-08 22
21 67.2213 6.4e-08 22
23 68.8644 1.54e-07 21
24 70.3031 7.4e-08 21
25 72.2536 1.04e-07 21
26 75.1971 1.56e-07 21
27 79.942 1.45e-07 20.5
