0 6.58528 8.6e-08 21.5
0 9.47333 2.88805 21.5
0 10.9244 4.33913 21.5
0 12.3696 5.78427 21.5
0 13.8133 7.22799 21.5
0 15.2639 8.67857 21.5
0 16.7085 10.1232 21.5
0 18.151 11.5657 21.5
0 19.6085 13.0233 21.5
0 21.0537 14.4684 21.5
0 22.4974 15.9121 21.5
0 23.9476 17.3624 21.5
0 25.3917 18.8064 21.5
1 26.8349 8.1e-08 21.5
1 28.2868 1.45191 21.5
1 29.7304 2.89548 22
1 31.1743 4.33944 21.5
1 32.6316 5.79672 21.5
1 34.074 7.2391 21.5
1 35.5163 8.68145 21.5
1 36.966 10.1311 21.5
1 38.4079 11.573 21.5
1 39.8594 13.0245 21.5
1 41.3032 14.4683 21.5
1 42.7465 15.9116 21.5
1 44.1984 17.3635 21.5
1 45.6417 18.8068 21.5
2 47.0852 8.5e-08 21.5
2 48.5427 1.45756 21.5
2 49.9866 2.90145 21.5
2 51.4306 4.34548 21.5
2 52.8826 5.79745 22
2 54.3265 7.24139 21.5
2 55.7704 8.6852 21.5
2 57.2225 10.1374 21.5
2 58.6664 11.5812 21.5
2 60.1106 13.0254 21.5
2 61.5688 14.4837 21.5
2 63.0129 15.9278 21.5
2 64.4646 17.3794 21.5
2 65.9082 18.8231 21.5
2 67.352 20.2669 21.5
3 68.8033 3.7e-08 21.5
3 70.2468 1.44348 21.5
3 71.6901 2.88679 22
3 73.1473 4.344 21.5
3 74.5903 5.78701 21.5
3 76.0335 7.23016 21.5
3 77.4847 8.68137 21.5
3 78.9278 10.1245 22
3 80.3709 11.5676 21.5
3 81.822 13.0186 21.5
3 83.2653 14.462 21.5
3 84.7084 15.905 22
3 86.1582 17.3548 21.5
3 87.5992 18.7959 22
3 89.0419 20.2386 21.5
4 90.5021 1.67e-07 21.5
4 91.9405 1.4384 21.5
4 93.3916 2.8895 21.5
4 94.8346 4.33248 21.5
4 96.2776 5.77546 21.5
4 97.7289 7.22676 21.5
4 99.1721 8.67 21.5
4 100.616 10.1136 22
4 102.072 11.5703 21.5
4 103.516 13.0134 21.5
4 104.959 14.4566 21.5
4 106.414 15.9121 21.5
4 107.853 17.3507 21.5
4 109.295 18.7932 21.5
4 110.746 20.2439 21.5
4 112.188 21.686 22
5 113.629 7.8e-08 22
5 115.079 1.44947 21.5
5 116.521 2.89167 21.5
5 117.965 4.33543 21.5
5 119.421 5.79164 22
5 120.864 7.23478 22
5 122.315 8.68548 22
5 123.758 10.1288 22
5 125.202 11.5721 21.5
5 126.657 13.0275 22
5 128.096 14.4665 22
5 129.539 15.9096 22
5 130.996 17.3666 21.5
5 132.439 18.8095 21.5
5 133.882 20.2523 22
5 135.332 21.703 22
5 136.776 23.1466 22
6 138.219 9e-08 22
6 139.67 1.45064 22
6 141.112 2.89305 22
6 142.555 4.33569 22
6 144.011 5.79229 22
6 145.454 7.23466 22
6 146.905 8.68548 22
6 148.347 10.1277 22
6 149.789 11.5693 22
6 151.237 13.0181 22
7 152.679 1.51e-07 22
7 154.122 1.44261 22
7 155.573 2.89339 22
7 157.016 4.33666 22
7 158.458 5.77894 22
8 159.915 8e-08 22
8 161.358 1.44331 22
8 162.802 2.88686 22
8 164.253 4.33784 22.5
9 165.696 8.8e-08 22.5
9 167.14 1.44349 22.5
10 168.591 7.7e-08 22.5
10 170.033 1.44272 22.5
11 171.477 6.8e-08 23
11 172.933 1.45619 23
12 174.376 8.2e-08 23
12 175.827 1.45051 23
13 177.27 6.8e-08 23
14 178.713 8.2e-08 23
14 180.164 1.45062 23
15 181.607 7.2e-08 23
16 183.05 8.1e-08 23
17 184.507 8.1e-08 23
17 185.953 1.4466 23
18 187.392 7.9e-08 23
19 188.843 7.1e-08 23
19 190.286 1.44294 23
20 191.729 6.9e-08 23
21 193.18 6.5e-08 23
21 194.623 1.44311 23
22 196.067 7.3e-08 23
23 197.524 7.1e-08 23
23 198.967 1.44289 23
24 200.418 7.4e-08 22
25 201.961 1.26e-07 23
25 203.409 1.44825 22.5
26 205.151 1.69e-07 23
26 206.601 1.44954 22
27 209.143 1.11e-07 23
27 210.584 1.44072 22
28 215.337 1.71e-07 23
28 216.778 1.44167 22
29 225.935 1.66e-07 23
29 227.378 1.44332 22
