0 6.65632 9e-08 20.5
0 9.54347 2.88715 20.5
0 11.0006 4.34427 20.5
0 12.4436 5.78724 20.5
1 13.8946 7.3e-08 20.5
1 15.3366 1.44207 20.5
1 16.7788 2.88418 20.5
1 18.2318 4.33723 20.5
1 19.6744 5.77987 21
2 21.1181 6.7e-08 21
2 22.5753 1.45718 21
2 24.0183 2.90018 21
2 25.4577 4.33964 21
2 26.9089 5.79081 21
3 28.3508 7.5e-08 21
3 29.7959 1.44507 21
3 31.2647 2.9139 21.5
4 32.7079 6.6e-08 21.5
5 34.1599 6.5e-08 22
6 35.6188 1.04e-07 23.5
8 37.0679 5.6e-08 24
10 38.5176 6.7e-08 24
13 39.9642 6e-08 24.5
15 41.4127 6.5e-08 24.5
18 42.8791 6.2e-08 21
20 44.3272 5.6e-08 21
22 45.9846 1.56e-07 21
23 47.6286 1.54e-07 21
24 50.3732 1.54e-07 21
25 55.2081 1.23e-07 21
26 64.3564 1.47e-07 21
