        type trial_config ert_flop   unroll  buffers        nsize       trials       microsecs        bytes        flops         GB/s         GF/s
         int    coalesced       32        2        2           16     16777216    10071799.726    536870912   2147483648        0.053        0.213
         int    coalesced       32        2        2           32     16777216    10071795.401   1073741824   4294967296        0.107        0.426
         int    coalesced       32        2        2           64     16777216    10071749.536   2147483648   8589934592        0.213        0.853
         int    coalesced       32        2        2          128     16777216    10911064.394   4294967296  17179869184        0.394        1.575
         int    coalesced       32        2        2          256     16777216    11902901.692   8589934592  34359738368        0.722        2.887
         int    coalesced       32        2        2          512     16777216    13782218.948  17179869184  68719476736        1.247        4.986
         int    coalesced       32        2        2         1024      8388608     8313187.027  17179869184  68719476736        2.067        8.266
         int    coalesced       32        2        2         2048      4194304     5119346.002  17179869184  68719476736        3.356       13.423
         int    coalesced       32        2        2         4096      2097152     3610427.394  17179869184  68719476736        4.758       19.034
         int    coalesced       32        2        2         8192      1048576     2728079.234  17179869184  68719476736        6.297       25.190
         int    coalesced       32        2        2        16384       524288     2338655.369  17179869184  68719476736        7.346       29.384
         int    coalesced       32        2        2        32768       262144     2130196.224  17179869184  68719476736        8.065       32.260
         int    coalesced       32        2        2        65536       131072     2046138.225  17179869184  68719476736        8.396       33.585
         int    coalesced       32        2        2       131072        65536     1995794.399  17179869184  68719476736        8.608       34.432
         int    coalesced       32        2        2       262144        32768     1969020.820  17179869184  68719476736        8.725       34.900
         int    coalesced       32        2        2       524288        16384     1956220.694  17179869184  68719476736        8.782       35.129
         int    coalesced       32        2        2      1048576         8192     1949632.438  17179869184  68719476736        8.812       35.247
         int    coalesced       32        2        2      2097152         4096     1946303.923  17179869184  68719476736        8.827       35.308
         int    coalesced       32        2        2      4194304         2048     1944734.806  17179869184  68719476736        8.834       35.336
         int    coalesced       32        2        2      8388608         1024     1943918.945  17179869184  68719476736        8.838       35.351
         int    coalesced       32        2        2     16777216          512     1943491.503  17179869184  68719476736        8.840       35.359
         int    coalesced       32        2        2     33554432          256     1943414.223  17179869184  68719476736        8.840       35.360
         int    coalesced       32        2        2     67108864          128     1943236.314  17179869184  68719476736        8.841       35.363
         int    coalesced       32        2        2    134217728           64     1943127.848  17179869184  68719476736        8.841       35.365
         int    coalesced       32        2        2    268435456           32     1943158.474  17179869184  68719476736        8.841       35.365
         int    coalesced       32        2        2    536870912           16     1943073.223  17179869184  68719476736        8.842       35.366
         int    coalesced       32        2        2   1073741824            8     1943209.215  17179869184  68719476736        8.841       35.364
         int    coalesced       32        2        2   2147483648            4     1943195.324  17179869184  68719476736        8.841       35.364
         int    coalesced       32        2        2   4294967296            2     1943087.912  17179869184  68719476736        8.842       35.366
         int    coalesced       32        2        2   8588886016            1     1942924.221  17177772032  68711088128        8.841       35.365
