        type trial_config ert_flop   unroll  buffers        nsize       trials       microsecs        bytes        flops         GB/s         GF/s
       float    coalesced        1        7        2           56     16777216     8183460.514   1879048192    234881024        0.230        0.029
       float    coalesced        1        7        2          112     16777216     8686701.911   3758096384    469762048        0.433        0.054
       float    coalesced        1        7        2          224     16777216     9352456.254   7516192768    939524096        0.804        0.100
       float    coalesced        1        7        2          448     16777216    10911092.049  15032385536   1879048192        1.378        0.172
       float    coalesced        1        7        2          896      9586980     6801949.620  17179868160   2147483520        2.526        0.316
       float    coalesced        1        7        2         1792      4793490     4184256.220  17179868160   2147483520        4.106        0.513
       float    coalesced        1        7        2         3584      2396745     2550938.692  17179868160   2147483520        6.735        0.842
       float    coalesced        1        7        2         7168      1198372     1776049.876  17179860992   2147482624        9.673        1.209
       float    coalesced        1        7        2        14336       599186     1336517.637  17179860992   2147482624       12.854        1.607
       float    coalesced        1        7        2        28672       299593     1169499.583  17179860992   2147482624       14.690        1.836
       float    coalesced        1        7        2        57344       149796     1048019.432  17179803648   2147475456       16.393        2.049
       float    coalesced        1        7        2       114688        74898      996406.983  17179803648   2147475456       17.242        2.155
       float    coalesced        1        7        2       229376        37449      973228.543  17179803648   2147475456       17.652        2.207
       float    coalesced        1        7        2       458752        18724      959350.233  17179344896   2147418112       17.907        2.238
       float    coalesced        1        7        2       917504         9362      953004.007  17179344896   2147418112       18.027        2.253
       float    coalesced        1        7        2      1835008         4681      950287.896  17179344896   2147418112       18.078        2.260
       float    coalesced        1        7        2      3670016         2340      948231.494  17175674880   2146959360       18.113        2.264
       float    coalesced        1        7        2      7340032         1170      947426.000  17175674880   2146959360       18.129        2.266
       float    coalesced        1        7        2     14680064          585      947072.646  17175674880   2146959360       18.136        2.267
       float    coalesced        1        7        2     29360128          292      945202.651  17146314752   2143289344       18.140        2.268
       float    coalesced        1        7        2     58720256          146      945116.046  17146314752   2143289344       18.142        2.268
       float    coalesced        1        7        2    117440512           73      945082.026  17146314752   2143289344       18.143        2.268
       float    coalesced        1        7        2    234881024           36      932071.293  16911433728   2113929216       18.144        2.268
       float    coalesced        1        7        2    469762048           18      932038.912  16911433728   2113929216       18.145        2.268
       float    coalesced        1        7        2    939524096            9      932046.192  16911433728   2113929216       18.144        2.268
       float    coalesced        1        7        2   1879048192            4      828565.349  15032385536   1879048192       18.143        2.268
       float    coalesced        1        7        2   3758096384            2      828501.157  15032385536   1879048192       18.144        2.268
       float    coalesced        1        7        2   7516192768            1      828549.078  15032385536   1879048192       18.143        2.268
