0 3.28214 7.6e-08 30.5
0 6.16683 2.88469 30.5
0 7.62184 4.3397 30.5
0 9.06432 5.78218 30.5
0 10.5036 7.22149 30.5
0 11.9405 8.65836 30.5
0 13.3969 10.1147 30.5
0 14.8338 11.5516 30.5
0 16.2763 12.9942 30.5
0 17.7305 14.4483 30.5
0 19.1737 15.8916 30.5
0 20.6135 17.3313 30.5
0 22.0645 18.7824 30.5
0 23.5179 20.2358 30.5
0 24.9657 21.6835 30.5
0 26.4327 23.1506 30.5
0 27.8696 24.5874 30.5
0 29.3124 26.0303 30.5
0 30.7642 27.4821 30.5
0 32.217 28.9348 30.5
0 33.665 30.3828 30.5
0 35.1163 31.8341 30.5
0 36.5804 33.2983 30.5
0 38.0413 34.7592 30.5
0 39.4839 36.2018 30.5
0 40.9366 37.6544 30.5
0 42.3924 39.1102 30.5
0 43.8352 40.5531 30.5
0 45.2877 42.0056 30.5
0 46.7545 43.4724 30.5
0 48.1915 44.9094 30.5
0 49.6549 46.3728 30.5
0 51.1159 47.8337 30.5
0 52.557 49.2749 30.5
0 54.015 50.7328 30.5
0 55.4803 52.1982 30.5
0 56.9124 53.6302 30.5
0 58.3592 55.077 30.5
0 59.8144 56.5322 30.5
0 61.2569 57.9747 30.5
0 62.7158 59.4337 30.5
0 64.1639 60.8818 30.5
0 65.6112 62.329 30.5
0 67.0541 63.772 30.5
0 68.5049 65.2227 30.5
0 69.947 66.6649 30.5
0 71.3894 68.1072 30.5
0 72.8403 69.5582 30.5
0 74.2826 71.0004 30.5
0 75.7359 72.4537 30.5
0 77.1866 73.9045 30.5
0 78.6295 75.3473 30.5
0 80.0724 76.7903 30.5
0 81.5225 78.2404 30.5
0 82.9594 79.6773 30.5
0 84.4236 81.1414 30.5
0 85.8742 82.5921 30.5
0 87.333 84.0509 30.5
0 88.7758 85.4937 30.5
0 90.2264 86.9443 30.5
0 91.6692 88.3871 30.5
0 93.1271 89.8449 30.5
0 94.5776 91.2954 30.5
0 96.0365 92.7544 30.5
0 97.4778 94.1957 30.5
0 98.9292 95.647 30.5
0 100.372 97.0903 30.5
0 101.815 98.5332 30.5
0 103.267 99.9846 30.5
0 104.709 101.427 30.5
0 106.152 102.87 30.5
0 107.618 104.336 30.5
0 109.06 105.778 30.5
0 110.504 107.222 30.5
0 111.955 108.673 30.5
0 113.398 110.115 30.5
0 114.841 111.559 30.5
0 116.292 113.01 30.5
0 117.728 114.446 30.5
0 119.171 115.889 30.5
0 120.622 117.34 30.5
0 122.065 118.783 30.5
0 123.507 120.225 30.5
0 124.958 121.675 30.5
0 126.401 123.119 30.5
0 127.845 124.562 30.5
0 129.311 126.029 30.5
0 130.754 127.472 30.5
0 132.197 128.915 30.5
0 133.648 130.366 30.5
0 135.09 131.808 30.5
0 136.544 133.262 30.5
0 137.995 134.713 30.5
0 139.437 136.155 30.5
0 140.874 137.592 30.5
0 142.318 139.036 30.5
0 143.769 140.487 30.5
0 145.212 141.93 30.5
0 146.655 143.373 30.5
0 148.106 144.824 30.5
0 149.55 146.267 30.5
0 151.008 147.726 30.5
0 152.459 149.177 30.5
0 153.903 150.621 30.5
0 155.351 152.069 30.5
0 156.803 153.521 30.5
0 158.246 154.964 30.5
0 159.69 156.408 30.5
0 161.142 157.86 30.5
0 162.586 159.304 30.5
0 164.029 160.747 30.5
0 165.497 162.215 30.5
0 166.939 163.657 30.5
0 168.383 165.1 30.5
0 169.839 166.557 30.5
0 171.282 168 30.5
0 172.725 169.443 30.5
0 174.177 170.895 30.5
0 175.62 172.338 30.5
0 177.057 173.775 30.5
0 178.514 175.232 30.5
0 179.951 176.669 30.5
0 181.411 178.129 30.5
0 182.863 179.58 30.5
0 184.3 181.018 30.5
0 185.744 182.462 30.5
0 187.195 183.913 30.5
0 188.645 185.362 30.5
0 190.088 186.806 30.5
0 191.539 188.257 30.5
0 192.984 189.702 30.5
0 194.427 191.145 30.5
0 195.879 192.597 30.5
0 197.322 194.04 30.5
0 198.766 195.484 30.5
0 200.218 196.936 30.5
0 201.661 198.379 30.5
0 203.115 199.833 30.5
0 204.566 201.284 30.5
0 206.01 202.728 30.5
0 207.454 204.172 30.5
0 208.898 205.615 30.5
0 210.349 207.067 30.5
0 211.786 208.504 30.5
0 213.23 209.948 30.5
0 214.703 211.42 30.5
0 216.146 212.864 30.5
0 217.584 214.301 30.5
0 219.041 215.759 30.5
0 220.478 217.196 30.5
0 221.922 218.64 30.5
0 223.374 220.091 30.5
0 224.817 221.535 30.5
0 226.26 222.978 30.5
0 227.711 224.429 30.5
0 229.155 225.873 30.5
0 230.598 227.315 30.5
0 232.049 228.767 30.5
0 233.508 230.226 30.5
0 234.951 231.669 30.5
0 236.403 233.121 30.5
0 237.847 234.565 30.5
0 239.29 236.008 30.5
0 240.752 237.47 30.5
0 242.196 238.914 30.5
0 243.639 240.357 30.5
0 245.091 241.809 30.5
0 246.534 243.252 30.5
0 247.972 244.689 30.5
0 249.43 246.148 30.5
0 250.867 247.585 30.5
0 252.327 249.045 30.5
0 253.778 250.496 30.5
0 255.216 251.933 30.5
0 256.659 253.377 31
0 258.11 254.828 30.5
0 259.558 256.276 30.5
0 261.002 257.72 30.5
0 262.454 259.172 30.5
0 263.897 260.614 30.5
0 265.34 262.058 30.5
0 266.791 263.509 30.5
0 268.234 264.952 30.5
0 269.678 266.395 30.5
0 271.126 267.844 30.5
0 272.577 269.295 30.5
0 274.015 270.733 30.5
0 275.458 272.176 30.5
0 276.91 273.628 30.5
0 278.359 275.076 30.5
0 279.802 276.52 30.5
0 281.253 277.971 30.5
0 282.696 279.414 30.5
0 284.14 280.858 30.5
0 285.591 282.309 30.5
0 287.034 283.752 30.5
0 288.478 285.195 30.5
0 289.944 286.662 31
0 291.387 288.105 30.5
0 292.829 289.547 30.5
0 294.28 290.998 30.5
0 295.724 292.442 30.5
0 297.177 293.895 30.5
0 298.629 295.347 31
0 300.072 296.79 30.5
0 301.509 298.227 30.5
0 302.96 299.678 30.5
0 304.404 301.121 30.5
0 305.846 302.564 30.5
0 307.297 304.015 30.5
0 308.74 305.458 30.5
0 310.184 306.902 30.5
0 311.645 308.363 30.5
0 313.088 309.806 30.5
0 314.531 311.249 30.5
0 315.983 312.701 30.5
0 317.426 314.144 30.5
0 318.88 315.598 30.5
0 320.331 317.049 30.5
0 321.774 318.492 30.5
0 323.217 319.935 30.5
0 324.654 321.372 30.5
0 326.106 322.823 30.5
0 327.549 324.267 30.5
0 328.992 325.71 30.5
0 330.454 327.172 30.5
0 331.896 328.613 30.5
0 333.338 330.055 30.5
0 334.788 331.506 30.5
0 336.231 332.949 30.5
0 337.683 334.401 30.5
0 339.135 335.853 30.5
0 340.577 337.295 30.5
0 342.021 338.739 30.5
0 343.471 340.189 30.5
0 344.915 341.632 30.5
0 346.351 343.069 30.5
0 347.802 344.52 30.5
0 349.255 345.973 30.5
0 350.698 347.416 30.5
0 352.149 348.867 30.5
0 353.592 350.31 30.5
0 355.036 351.753 30.5
0 356.492 353.21 30.5
0 357.935 354.652 30.5
0 359.378 356.096 30.5
0 360.83 357.548 30.5
0 362.273 358.991 30.5
0 363.717 360.434 30.5
0 365.154 361.871 30.5
0 366.605 363.322 30.5
0 368.069 364.787 30.5
0 369.512 366.23 30.5
0 370.962 367.68 30.5
0 372.399 369.117 30.5
0 373.842 370.56 30.5
0 375.315 372.033 30.5
0 376.758 373.476 30.5
0 378.196 374.914 30.5
0 379.654 376.372 30.5
0 381.091 377.809 30.5
0 382.534 379.252 30.5
0 383.986 380.704 30.5
0 385.428 382.146 30.5
0 386.881 383.599 30.5
0 388.332 385.05 30.5
0 389.775 386.492 30.5
0 391.217 387.935 30.5
0 392.668 389.386 30.5
0 394.126 390.844 30.5
0 395.568 392.286 30.5
0 397.019 393.737 30.5
0 398.462 395.18 30.5
0 399.905 396.623 30.5
0 401.355 398.073 30.5
0 402.792 399.51 30.5
0 404.235 400.953 30.5
0 405.686 402.404 30.5
0 407.128 403.846 30.5
0 408.581 405.299 30.5
0 410.032 406.75 30.5
0 411.475 408.193 30.5
0 412.923 409.641 30.5
0 414.373 411.091 30.5
0 415.816 412.534 30.5
0 417.259 413.977 30.5
0 418.711 415.428 30.5
0 420.153 416.871 30.5
1 421.59 1.05e-07 30.5
1 423.033 1.44255 30.5
1 424.484 2.8936 30.5
1 425.927 4.33692 30.5
1 427.369 5.77909 30.5
1 428.82 7.22982 30.5
1 430.263 8.67289 30.5
1 431.706 10.1157 30.5
1 433.156 11.5663 30.5
1 434.615 13.0248 30.5
1 436.058 14.4679 30.5
1 437.509 15.9192 30.5
1 438.952 17.3618 30.5
1 440.395 18.8049 30.5
1 441.855 20.2653 30.5
1 443.298 21.708 30.5
1 444.741 23.1508 30.5
1 446.207 24.6167 30.5
1 447.65 26.0598 30.5
1 449.093 27.5026 30.5
1 450.544 28.9537 30.5
1 451.986 30.3962 30.5
1 453.44 31.8494 30.5
1 454.891 33.3005 30.5
1 456.334 34.7443 30.5
1 457.772 36.1817 30.5
1 459.223 37.6332 30.5
1 460.666 39.0759 30.5
1 462.109 40.519 30.5
1 463.56 41.9698 30.5
1 465.013 43.4231 30.5
1 466.456 44.8657 30.5
1 467.907 46.3164 30.5
1 469.349 47.7591 30.5
1 470.792 49.2014 30.5
1 472.252 50.6621 30.5
1 473.695 52.1048 30.5
1 475.138 53.5479 30.5
1 476.58 54.99 30.5
1 478.031 56.4406 30.5
1 479.468 57.878 30.5
1 480.912 59.3219 30.5
1 482.363 60.7727 30.5
1 483.806 62.216 30.5
1 485.249 63.6589 30.5
1 486.705 65.1151 30.5
1 488.148 66.5578 30.5
1 489.591 68.001 30.5
1 491.043 69.4524 30.5
1 492.485 70.8949 30.5
1 493.928 72.3378 30.5
1 495.379 73.7888 30.5
1 496.817 75.2264 30.5
1 498.281 76.6906 30.5
1 499.733 78.1423 30.5
1 501.176 79.5853 30.5
1 502.613 81.0227 30.5
1 504.07 82.4798 30.5
1 505.523 83.9329 30.5
1 506.96 85.37 30.5
1 508.417 86.8271 30.5
1 509.855 88.2645 30.5
1 511.299 89.7084 30.5
1 512.75 91.1598 30.5
1 514.193 92.603 30.5
1 515.636 94.0462 30.5
1 517.098 95.5073 30.5
1 518.541 96.9507 30.5
1 519.984 98.3941 30.5
1 521.435 99.8452 30.5
1 522.879 101.289 30.5
1 524.332 102.742 30.5
1 525.784 104.194 30.5
1 527.228 105.638 30.5
1 528.671 107.08 30.5
1 530.114 108.524 30.5
1 531.565 109.975 30.5
1 533.003 111.412 30.5
1 534.446 112.856 30.5
1 535.919 114.329 30.5
1 537.362 115.772 30.5
1 538.799 117.209 30.5
1 540.257 118.666 30.5
1 541.694 120.103 30.5
1 543.142 121.552 30.5
1 544.593 123.003 30.5
1 546.036 124.446 30.5
1 547.479 125.889 30.5
1 548.931 127.341 30.5
1 550.375 128.785 30.5
1 551.819 130.229 30.5
1 553.27 131.68 30.5
1 554.714 133.123 30.5
1 556.158 134.567 30.5
1 557.623 136.033 30.5
1 559.067 137.477 30.5
1 560.511 138.92 30.5
1 561.972 140.382 30.5
1 563.415 141.825 30.5
1 564.858 143.268 30.5
1 566.31 144.719 30.5
1 567.753 146.163 30.5
1 569.197 147.607 30.5
1 570.648 149.058 30.5
1 572.085 150.495 30.5
1 573.55 151.959 30.5
1 575.001 153.411 30.5
1 576.444 154.854 30.5
1 577.881 156.291 30.5
1 579.338 157.748 30.5
1 580.792 159.201 30.5
1 582.235 160.645 30.5
1 583.686 162.096 30.5
1 585.123 163.533 30.5
1 586.567 164.977 30.5
1 588.019 166.429 30.5
1 589.462 167.872 30.5
1 590.906 169.315 30.5
1 592.357 170.767 30.5
1 593.801 172.211 30.5
1 595.26 173.67 30.5
1 596.711 175.121 30.5
1 598.155 176.565 30.5
1 599.604 178.013 30.5
1 601.055 179.465 30.5
1 602.499 180.908 30.5
1 603.942 182.351 30.5
1 605.393 183.803 30.5
1 606.836 185.246 30.5
1 608.28 186.69 30.5
1 609.717 188.127 30.5
1 611.168 189.577 30.5
1 612.611 191.021 30.5
1 614.054 192.464 30.5
1 615.506 193.916 30.5
1 616.949 195.359 30.5
1 618.393 196.803 30.5
1 619.844 198.254 30.5
1 621.298 199.708 30.5
1 622.741 201.151 30.5
1 624.192 202.602 30.5
1 625.635 204.045 30.5
1 627.079 205.488 30.5
1 628.53 206.939 30.5
1 629.973 208.382 30.5
1 631.411 209.82 30.5
1 632.883 211.293 30.5
1 634.326 212.736 30.5
1 635.77 214.18 30.5
1 637.221 215.631 30.5
1 638.658 217.068 30.5
1 640.118 218.528 30.5
1 641.568 219.978 30.5
1 643.006 221.415 30.5
1 644.45 222.859 30.5
1 645.901 224.311 30.5
1 647.345 225.754 30.5
1 648.788 227.198 30.5
1 650.239 228.649 30.5
1 651.683 230.093 30.5
1 653.126 231.536 30.5
1 654.584 232.994 30.5
1 656.027 234.437 30.5
1 657.47 235.88 30.5
1 658.907 237.317 30.5
1 660.365 238.775 30.5
1 661.803 240.213 30.5
1 663.246 241.656 30.5
1 664.697 243.107 30.5
1 666.151 244.56 30.5
1 667.594 246.003 30.5
1 669.045 247.454 30.5
1 670.493 248.903 30.5
1 671.936 250.346 30.5
1 673.388 251.798 30.5
1 674.832 253.241 30.5
1 676.275 254.685 30.5
1 677.725 256.135 30.5
1 679.168 257.578 30.5
1 680.605 259.015 30.5
1 682.056 260.466 30.5
1 683.5 261.909 30.5
1 684.953 263.363 30.5
1 686.404 264.814 30.5
1 687.847 266.257 30.5
1 689.29 267.7 30.5
1 690.741 269.151 30.5
1 692.189 270.599 30.5
1 693.633 272.043 30.5
1 695.084 273.494 30.5
1 696.527 274.937 30.5
1 697.971 276.381 30.5
1 699.408 277.818 30.5
1 700.86 279.27 30.5
1 702.303 280.713 30.5
1 703.746 282.156 30.5
1 705.197 283.607 30.5
1 706.64 285.05 30.5
1 708.084 286.494 30.5
1 709.535 287.945 30.5
1 710.989 289.398 30.5
1 712.432 290.842 30.5
1 713.884 292.293 30.5
1 715.327 293.736 30.5
1 716.77 295.18 30.5
1 718.221 296.631 30.5
1 719.659 298.068 30.5
1 721.102 299.512 31
1 722.575 300.984 31
1 724.018 302.427 30.5
1 725.454 303.864 30.5
1 726.905 305.315 30.5
1 728.348 306.758 30.5
1 729.796 308.206 30.5
1 731.248 309.658 30.5
1 732.691 311.101 30.5
1 734.135 312.545 30.5
1 735.587 313.996 30.5
1 737.03 315.44 30.5
1 738.473 316.883 30.5
1 739.91 318.32 30.5
1 741.382 319.792 30.5
1 742.826 321.236 30.5
1 744.269 322.679 30.5
1 745.72 324.13 30.5
1 747.157 325.567 30.5
1 748.606 327.016 30.5
1 750.057 328.467 30.5
1 751.5 329.91 30.5
1 752.943 331.353 30.5
1 754.394 332.804 30.5
1 755.838 334.248 30.5
1 757.281 335.691 30.5
1 758.732 337.142 30.5
1 760.176 338.585 30.5
1 761.613 340.023 30.5
1 763.085 341.495 30.5
1 764.528 342.938 30.5
1 765.971 344.381 30.5
1 767.433 345.843 30.5
1 768.876 347.286 30.5
1 770.319 348.729 30.5
1 771.77 350.18 30.5
1 773.213 351.623 31
1 774.65 353.06 30.5
1 776.101 354.511 30.5
1 777.544 355.954 30.5
1 778.986 357.396 30.5
1 780.437 358.847 30.5
1 781.891 360.301 31
1 783.334 361.744 31
1 784.785 363.195 30.5
1 786.228 364.638 30.5
1 787.672 366.081 30.5
1 789.133 367.543 31
1 790.576 368.986 30.5
1 792.019 370.429 30.5
1 793.456 371.866 30.5
1 794.907 373.317 30.5
1 796.35 374.76 30.5
1 797.793 376.203 30.5
1 799.244 377.654 30.5
1 800.697 379.106 30.5
1 802.14 380.55 30.5
1 803.591 382.001 30.5
1 805.034 383.444 30.5
1 806.476 384.886 30.5
1 807.937 386.347 30.5
1 809.38 387.79 30.5
1 810.824 389.233 30.5
1 812.274 390.684 30.5
1 813.717 392.127 30.5
1 815.154 393.564 30.5
1 816.605 395.015 30.5
1 818.048 396.458 30.5
1 819.501 397.911 30.5
1 820.952 399.362 31
1 822.395 400.805 30.5
1 823.837 402.247 30.5
1 825.288 403.698 30.5
1 826.742 405.151 30.5
1 828.184 406.594 30.5
1 829.636 408.046 30.5
1 831.079 409.488 30.5
1 832.522 410.932 30.5
1 833.959 412.369 30.5
1 835.416 413.826 30.5
1 836.854 415.264 30.5
1 838.296 416.706 30.5
1 839.748 418.157 30.5
2 841.19 8.2e-08 30.5
2 842.634 1.44335 30.5
2 844.085 2.89469 30.5
2 845.538 4.3479 30.5
2 846.982 5.79126 30.5
2 848.433 7.24234 30.5
2 849.876 8.68551 30.5
2 851.313 10.1227 30.5
2 852.77 11.5796 30.5
2 854.207 13.0169 30.5
2 855.65 14.46 30.5
2 857.101 15.9106 30.5
2 858.544 17.3539 30.5
2 859.987 18.7963 30.5
2 861.437 20.2467 30.5
2 862.878 21.6878 30.5
2 864.315 23.1245 30.5
2 865.758 24.5677 30.5
2 867.23 26.0398 30.5
2 868.673 27.4828 30.5
2 870.11 28.9197 30.5
2 871.577 30.3868 30.5
2 873.021 31.8302 30.5
2 874.458 33.2672 30.5
2 875.909 34.7182 30.5
2 877.352 36.1611 30.5
2 878.794 37.6034 30.5
2 880.244 39.0536 30.5
2 881.686 40.4957 30.5
2 883.139 41.9487 30.5
2 884.59 43.3992 30.5
2 886.032 44.8412 30.5
2 887.475 46.2843 30.5
2 888.925 47.7343 30.5
2 890.362 49.1717 30.5
2 891.805 50.6145 30.5
2 893.256 52.0656 30.5
2 894.698 53.5075 30.5
2 896.141 54.9501 30.5
2 897.602 56.412 30.5
2 899.045 57.8549 30.5
2 900.488 59.2971 30.5
2 901.938 60.748 30.5
2 903.381 62.1908 30.5
2 904.834 63.644 30.5
2 906.285 65.0944 30.5
2 907.727 66.5371 30.5
2 909.171 67.9806 30.5
2 910.608 69.4177 30.5
2 912.059 70.8685 30.5
2 913.502 72.3116 30.5
2 914.945 73.7549 30.5
2 916.407 75.2163 30.5
2 917.85 76.6593 30.5
2 919.292 78.1019 30.5
2 920.744 79.5531 30.5
2 922.187 80.9966 30.5
2 923.64 82.4498 30.5
2 925.091 83.9009 30.5
2 926.534 85.3436 30.5
2 927.976 86.7861 30.5
2 929.427 88.2363 30.5
2 930.863 89.673 30.5
2 932.306 91.1153 30.5
2 933.757 92.5664 30.5
2 935.2 94.0098 30.5
2 936.643 95.4524 30.5
2 938.104 96.9132 30.5
2 939.547 98.3563 30.5
2 940.99 99.7997 30.5
2 942.441 101.251 30.5
2 943.884 102.693 30.5
2 945.327 104.136 30.5
2 946.763 105.573 30.5
2 948.214 107.023 30.5
2 949.667 108.476 30.5
2 951.11 109.919 30.5
2 952.56 111.37 30.5
2 954.004 112.813 30.5
2 955.447 114.256 30.5
2 956.902 115.712 30.5
2 958.345 117.155 30.5
2 959.788 118.598 30.5
2 961.239 120.048 30.5
2 962.681 121.491 30.5
2 964.118 122.928 30.5
2 965.575 124.384 30.5
2 967.012 125.822 30.5
2 968.465 127.275 30.5
2 969.923 128.732 30.5
2 971.359 130.169 30.5
2 972.802 131.612 30.5
2 974.253 133.062 30.5
2 975.701 134.51 30.5
2 977.144 135.953 30.5
2 978.595 137.405 30.5
2 980.039 138.848 30.5
2 981.482 140.291 30.5
2 982.925 141.734 30.5
2 984.375 143.185 30.5
2 985.812 144.622 30.5
2 987.255 146.065 30.5
2 988.705 147.515 30.5
2 990.148 148.957 30.5
2 991.59 150.4 30.5
2 993.041 151.85 30.5
2 994.494 153.303 30.5
2 995.936 154.745 30.5
2 997.386 156.196 30.5
2 998.829 157.639 30.5
2 1000.27 159.075 30.5
2 1001.72 160.526 30.5
2 1003.16 161.969 30.5
2 1004.6 163.412 30.5
2 1006.05 164.862 30.5
2 1007.5 166.305 30.5
2 1008.95 167.759 30.5
2 1010.4 169.21 30.5
2 1011.84 170.652 30.5
2 1013.3 172.105 30.5
2 1014.75 173.557 30.5
2 1016.19 174.999 30.5
2 1017.63 176.442 30.5
2 1019.08 177.886 30.5
2 1020.53 179.337 30.5
2 1021.96 180.774 30.5
2 1023.41 182.218 30.5
2 1024.88 183.689 30.5
2 1026.32 185.133 30.5
2 1027.76 186.569 30.5
2 1029.21 188.02 30.5
2 1030.65 189.462 30.5
2 1032.1 190.91 30.5
2 1033.55 192.361 30.5
2 1034.99 193.804 30.5
2 1036.44 195.246 30.5
2 1037.89 196.697 30.5
2 1039.33 198.139 30.5
2 1040.77 199.576 30.5
2 1042.22 201.033 30.5
2 1043.66 202.469 30.5
2 1045.1 203.912 30.5
2 1046.56 205.373 30.5
2 1048.01 206.816 30.5
2 1049.45 208.259 30.5
2 1050.9 209.71 30.5
2 1052.34 211.153 30.5
2 1053.8 212.606 30.5
2 1055.25 214.057 30.5
2 1056.69 215.5 30.5
2 1058.13 216.943 30.5
2 1059.58 218.387 30.5
2 1061.03 219.837 30.5
2 1062.46 221.273 30.5
2 1063.91 222.717 30.5
2 1065.38 224.189 30.5
2 1066.82 225.632 30.5
2 1068.26 227.07 30.5
2 1069.71 228.521 30.5
2 1071.15 229.964 30.5
2 1072.6 231.411 30.5
2 1074.05 232.862 30.5
2 1075.49 234.304 30.5
2 1076.94 235.747 30.5
2 1078.39 237.198 30.5
2 1079.83 238.64 30.5
2 1081.27 240.083 30.5
2 1082.72 241.533 30.5
2 1084.18 242.991 30.5
2 1085.62 244.434 30.5
2 1087.07 245.884 30.5
2 1088.51 247.322 30.5
2 1089.96 248.765 30.5
2 1091.42 250.232 30.5
2 1092.86 251.669 30.5
2 1094.3 253.112 30.5
2 1095.75 254.563 30.5
2 1097.2 256.005 30.5
2 1098.64 257.449 30.5
2 1100.09 258.9 30.5
2 1101.53 260.343 30.5
2 1102.99 261.801 30.5
2 1104.44 263.252 30.5
2 1105.89 264.695 30.5
2 1107.33 266.138 30.5
2 1108.78 267.589 30.5
2 1110.23 269.043 30.5
2 1111.68 270.485 30.5
2 1113.13 271.936 30.5
2 1114.57 273.379 30.5
2 1116.01 274.822 30.5
2 1117.45 276.259 30.5
2 1118.9 277.71 30.5
2 1120.34 279.153 30.5
2 1121.79 280.596 30.5
2 1123.24 282.047 30.5
2 1124.69 283.501 30.5
2 1126.13 284.944 30.5
2 1127.59 286.395 30.5
2 1129.04 287.848 30.5
2 1130.48 289.291 30.5
2 1131.93 290.742 30.5
2 1133.38 292.185 30.5
2 1134.82 293.627 30.5
2 1136.27 295.079 30.5
2 1137.71 296.522 30.5
2 1139.15 297.959 30.5
2 1140.6 299.41 30.5
2 1142.04 300.853 30.5
2 1143.5 302.306 30.5
2 1144.95 303.757 30.5
2 1146.39 305.2 30.5
2 1147.84 306.648 30.5
2 1149.29 308.099 30.5
2 1150.73 309.541 30.5
2 1152.17 310.984 30.5
2 1153.63 312.435 30.5
2 1155.07 313.879 30.5
2 1156.51 315.321 30.5
2 1157.95 316.757 30.5
2 1159.4 318.208 30.5
2 1160.84 319.651 30.5
2 1162.28 321.094 30.5
2 1163.74 322.545 30.5
2 1165.18 323.987 30.5
2 1166.63 325.441 30.5
2 1168.08 326.892 30.5
2 1169.52 328.334 30.5
2 1170.97 329.777 30.5
2 1172.42 331.228 30.5
2 1173.86 332.671 30.5
2 1175.3 334.108 30.5
2 1176.75 335.558 30.5
2 1178.19 337.001 30.5
2 1179.63 338.444 30.5
2 1181.09 339.895 30.5
2 1182.53 341.338 30.5
2 1183.99 342.796 30.5
2 1185.44 344.248 30.5
2 1186.88 345.691 30.5
2 1188.32 347.134 30.5
2 1189.78 348.585 30.5
2 1191.22 350.027 30.5
2 1192.66 351.47 30.5
2 1194.1 352.907 30.5
2 1195.57 354.379 31
2 1197.01 355.822 30.5
2 1198.46 357.273 30.5
2 1199.92 358.727 30.5
2 1201.36 360.17 30.5
2 1202.81 361.621 30.5
2 1204.25 363.063 30.5
2 1205.69 364.501 30.5
2 1207.13 365.943 30.5
2 1208.58 367.394 30.5
2 1210.03 368.837 30.5
2 1211.47 370.28 30.5
2 1212.92 371.731 30.5
2 1214.37 373.184 30.5
2 1215.82 374.627 30.5
2 1217.27 376.077 30.5
2 1218.72 377.53 30.5
2 1220.16 378.973 30.5
2 1221.61 380.424 30.5
2 1223.06 381.867 30.5
2 1224.49 383.303 30.5
2 1225.95 384.76 30.5
2 1227.39 386.198 30.5
2 1228.83 387.641 30.5
2 1230.28 389.092 30.5
2 1231.73 390.535 30.5
2 1233.18 391.989 30.5
2 1234.63 393.44 30.5
2 1236.07 394.884 30.5
2 1237.53 396.337 30.5
2 1238.98 397.788 30.5
2 1240.42 399.231 30.5
2 1241.86 400.674 30.5
2 1243.31 402.124 30.5
2 1244.76 403.566 30.5
2 1246.19 405.003 30.5
2 1247.64 406.446 30.5
2 1249.09 407.898 30.5
2 1250.53 409.34 30.5
2 1251.98 410.788 30.5
2 1253.43 412.239 30.5
2 1254.87 413.681 30.5
2 1256.32 415.134 30.5
2 1257.78 416.585 30.5
3 1259.22 9.5e-08 30.5
3 1260.66 1.44294 30.5
3 1262.11 2.89315 30.5
3 1263.55 4.33686 30.5
3 1264.99 5.77377 30.5
3 1266.44 7.22483 30.5
3 1267.88 8.66741 30.5
3 1269.33 10.1099 30.5
3 1270.78 11.5604 30.5
3 1272.22 13.0036 30.5
3 1273.68 14.4635 30.5
3 1275.13 15.9136 30.5
3 1276.57 17.3568 30.5
3 1278.03 18.8105 30.5
3 1279.48 20.2617 30.5
3 1280.92 21.7044 30.5
3 1282.38 23.1618 30.5
3 1283.83 24.6128 30.5
3 1285.27 26.0559 30.5
3 1286.73 27.5087 30.5
3 1288.18 28.9598 30.5
3 1289.62 30.4027 30.5
3 1291.06 31.8457 30.5
3 1292.51 33.2964 30.5
3 1293.96 34.7392 30.5
3 1295.4 36.1815 30.5
3 1296.84 37.6184 30.5
3 1298.29 39.069 30.5
3 1299.73 40.512 30.5
3 1301.18 41.9597 30.5
3 1302.63 43.4104 30.5
3 1304.07 44.8529 30.5
3 1305.51 46.2957 30.5
3 1306.96 47.7468 30.5
3 1308.41 49.1897 30.5
3 1309.84 50.6267 30.5
3 1311.3 52.0779 30.5
3 1312.74 53.5214 30.5
3 1314.18 54.965 30.5
3 1315.63 56.4159 30.5
3 1317.08 57.859 30.5
3 1318.52 59.3023 30.5
3 1319.98 60.7642 30.5
3 1321.42 62.2071 30.5
3 1322.87 63.6503 30.5
3 1324.32 65.1014 30.5
3 1325.76 66.5451 30.5
3 1327.22 67.9986 30.5
3 1328.67 69.4497 30.5
3 1330.11 70.8928 30.5
3 1331.55 72.3363 30.5
3 1332.99 73.7735 30.5
3 1334.44 75.2249 30.5
3 1335.89 76.6684 30.5
3 1337.33 78.1115 30.5
3 1338.78 79.5631 30.5
3 1340.22 81.0066 30.5
3 1341.68 82.4599 30.5
3 1343.13 83.9107 30.5
3 1344.57 85.3537 30.5
3 1346.01 86.7968 30.5
3 1347.46 88.2474 30.5
3 1348.92 89.7005 30.5
3 1350.36 91.1432 30.5
3 1351.81 92.5936 30.5
3 1353.25 94.036 30.5
3 1354.69 95.4726 30.5
3 1356.14 96.9231 30.5
3 1357.58 98.3651 30.5
3 1359.02 99.8066 30.5
3 1360.48 101.267 30.5
3 1361.93 102.71 30.5
3 1363.37 104.153 30.5
3 1364.82 105.604 30.5
3 1366.26 107.047 30.5
3 1367.72 108.5 30.5
3 1369.17 109.951 30.5
3 1370.61 111.394 30.5
3 1372.05 112.837 30.5
3 1373.49 114.274 30.5
3 1374.94 115.725 30.5
3 1376.39 117.169 30.5
3 1377.83 118.611 30.5
3 1379.29 120.072 30.5
3 1380.73 121.515 30.5
3 1382.18 122.958 30.5
3 1383.63 124.408 30.5
3 1385.07 125.852 30.5
3 1386.52 127.305 30.5
3 1387.97 128.757 30.5
3 1389.42 130.2 30.5
3 1390.86 131.643 30.5
3 1392.31 133.094 30.5
3 1393.77 134.549 30.5
3 1395.21 135.992 30.5
3 1396.66 137.443 30.5
3 1398.11 138.896 30.5
3 1399.56 140.34 30.5
3 1401.01 141.791 30.5
3 1402.45 143.228 30.5
3 1403.89 144.672 30.5
3 1405.34 146.123 30.5
3 1406.78 147.566 30.5
3 1408.23 149.009 30.5
3 1409.69 150.472 30.5
3 1411.13 151.914 30.5
3 1412.57 153.357 30.5
3 1414.03 154.809 30.5
3 1415.47 156.253 30.5
3 1416.92 157.706 30.5
3 1418.37 159.158 30.5
3 1419.82 160.601 30.5
3 1421.26 162.045 30.5
3 1422.71 163.488 30.5
3 1424.16 164.939 30.5
3 1425.59 166.377 30.5
3 1427.04 167.821 30.5
3 1428.51 169.293 30.5
3 1429.95 170.737 30.5
3 1431.39 172.175 30.5
3 1432.85 173.632 30.5
3 1434.29 175.07 30.5
3 1435.73 176.513 30.5
3 1437.18 177.964 30.5
3 1438.62 179.407 30.5
3 1440.07 180.851 30.5
3 1441.52 182.302 30.5
3 1442.96 183.745 30.5
3 1444.41 185.188 30.5
3 1445.86 186.639 30.5
3 1447.29 188.077 30.5
3 1448.74 189.52 30.5
3 1450.21 190.993 30.5
3 1451.65 192.437 30.5
3 1453.09 193.874 30.5
3 1454.56 195.342 30.5
3 1456 196.784 30.5
3 1457.44 198.221 30.5
3 1458.89 199.672 30.5
3 1460.33 201.115 30.5
3 1461.78 202.559 30.5
3 1463.23 204.01 30.5
3 1464.67 205.453 30.5
3 1466.11 206.896 30.5
3 1467.56 208.348 30.5
3 1469.02 209.806 30.5
3 1470.47 211.25 30.5
3 1471.92 212.702 30.5
3 1473.37 214.15 30.5
3 1474.81 215.593 30.5
3 1476.26 217.044 30.5
3 1477.7 218.487 30.5
3 1479.15 219.931 30.5
3 1480.59 221.368 30.5
3 1482.04 222.826 30.5
3 1483.48 224.263 30.5
3 1484.92 225.706 30.5
3 1486.38 227.158 30.5
3 1487.83 228.612 30.5
3 1489.27 230.055 30.5
3 1490.72 231.506 30.5
3 1492.17 232.954 30.5
3 1493.62 234.398 30.5
3 1495.07 235.849 30.5
3 1496.51 237.293 30.5
3 1497.95 238.736 30.5
3 1499.4 240.187 30.5
3 1500.85 241.631 30.5
3 1502.29 243.069 30.5
3 1503.74 244.526 30.5
3 1505.18 245.963 30.5
3 1506.63 247.417 30.5
3 1508.09 248.874 30.5
3 1509.53 250.312 30.5
3 1510.97 251.756 30.5
3 1512.42 253.207 30.5
3 1513.87 254.65 30.5
3 1515.31 256.094 30.5
3 1516.76 257.546 30.5
3 1518.21 258.988 30.5
3 1519.65 260.432 30.5
3 1521.09 261.869 30.5
3 1522.54 263.326 30.5
3 1523.98 264.763 30.5
3 1525.42 266.206 30.5
3 1526.88 267.658 30.5
3 1528.32 269.101 30.5
3 1529.76 270.544 30.5
3 1531.21 271.995 30.5
3 1532.67 273.448 30.5
3 1534.11 274.892 30.5
3 1535.56 276.343 30.5
3 1537 277.786 30.5
3 1538.45 279.229 30.5
3 1539.9 280.681 30.5
3 1541.34 282.118 30.5
3 1542.78 283.562 30.5
3 1544.23 285.013 30.5
3 1545.67 286.456 30.5
3 1547.13 287.909 30.5
3 1548.58 289.36 30.5
3 1550.02 290.804 30.5
3 1551.46 292.247 30.5
3 1552.92 293.699 30.5
3 1554.37 295.152 30.5
3 1555.81 296.596 30.5
3 1557.26 298.047 30.5
3 1558.71 299.491 30.5
3 1560.15 300.934 30.5
3 1561.59 302.377 30.5
3 1563.05 303.828 30.5
3 1564.48 305.265 30.5
3 1565.93 306.714 30.5
3 1567.38 308.165 30.5
3 1568.83 309.608 30.5
3 1570.27 311.051 30.5
3 1571.72 312.503 30.5
3 1573.17 313.951 30.5
3 1574.61 315.394 30.5
3 1576.06 316.845 30.5
3 1577.51 318.289 30.5
3 1578.95 319.732 30.5
3 1580.4 321.183 30.5
3 1581.84 322.626 30.5
3 1583.28 324.063 30.5
3 1584.75 325.536 30.5
3 1586.2 326.979 30.5
3 1587.64 328.422 30.5
3 1589.09 329.873 30.5
3 1590.53 331.31 30.5
3 1591.98 332.759 30.5
3 1593.43 334.211 30.5
3 1594.87 335.655 30.5
3 1596.32 337.098 30.5
3 1597.77 338.549 30.5
3 1599.21 339.992 30.5
3 1600.65 341.436 30.5
3 1602.11 342.888 30.5
3 1603.55 344.331 30.5
3 1604.99 345.775 30.5
3 1606.44 347.223 30.5
3 1607.89 348.674 30.5
3 1609.33 350.111 30.5
3 1610.77 351.554 30.5
3 1612.22 353.006 30.5
3 1613.67 354.449 30.5
3 1615.11 355.892 30.5
3 1616.56 357.343 30.5
3 1618 358.786 30.5
3 1619.45 360.229 30.5
3 1620.9 361.68 30.5
3 1622.34 363.124 30.5
3 1623.78 364.562 30.5
3 1625.25 366.034 30.5
3 1626.69 367.477 30.5
3 1628.14 368.92 30.5
3 1629.6 370.381 30.5
3 1631.04 371.825 30.5
3 1632.49 373.268 30.5
3 1633.94 374.72 30.5
3 1635.38 376.163 30.5
3 1636.82 377.601 30.5
3 1638.27 379.052 30.5
3 1639.71 380.494 30.5
3 1641.16 381.948 30.5
3 1642.62 383.399 30.5
3 1644.06 384.842 30.5
3 1645.5 386.284 30.5
3 1646.95 387.735 30.5
3 1648.4 389.184 30.5
3 1649.85 390.628 30.5
3 1651.3 392.079 30.5
3 1652.74 393.522 30.5
3 1654.18 394.965 30.5
3 1655.62 396.403 30.5
3 1657.07 397.854 30.5
3 1658.51 399.297 30.5
3 1659.96 400.74 30.5
3 1661.41 402.19 30.5
3 1662.86 403.643 30.5
3 1664.3 405.087 31
3 1665.75 406.538 30.5
3 1667.2 407.981 30.5
3 1668.64 409.424 30.5
3 1670.1 410.886 31
3 1671.54 412.328 31
3 1672.99 413.771 30.5
3 1674.44 415.222 30.5
3 1675.88 416.665 30.5
3 1677.32 418.103 30.5
4 1678.78 7.8e-08 30.5
4 1680.21 1.43717 30.5
4 1681.66 2.88115 30.5
4 1683.11 4.33257 30.5
4 1684.55 5.77594 30.5
4 1686 7.21941 30.5
4 1687.45 8.67048 31
4 1688.9 10.124 30.5
4 1690.34 11.5662 31
4 1691.79 13.0173 30.5
4 1693.24 14.4603 30.5
4 1694.68 15.9022 30.5
4 1696.13 17.3494 30.5
4 1697.58 18.7998 30.5
4 1699.01 20.2363 30.5
4 1700.46 21.6794 30.5
4 1701.91 23.1304 30.5
4 1703.35 24.5733 30.5
4 1704.79 26.0161 30.5
4 1706.24 27.4665 30.5
4 1707.7 28.9184 30.5
4 1709.14 30.3614 30.5
4 1710.59 31.8125 30.5
4 1712.03 33.2552 30.5
4 1713.47 34.6921 30.5
4 1714.92 36.1433 30.5
4 1716.36 37.5854 30.5
4 1717.81 39.0283 30.5
4 1719.27 40.4896 30.5
4 1720.71 41.9323 30.5
4 1722.15 43.3743 30.5
4 1723.6 44.8244 30.5
4 1725.04 46.2673 31
4 1726.5 47.7195 30.5
4 1727.95 49.1705 30.5
4 1729.39 50.6141 30.5
4 1730.83 52.0568 30.5
4 1732.27 53.4936 30.5
4 1733.72 54.9445 30.5
4 1735.16 56.3877 30.5
4 1736.61 57.8306 30.5
4 1738.07 59.2914 30.5
4 1739.51 60.7347 30.5
4 1740.95 62.177 30.5
4 1742.4 63.6277 30.5
4 1743.85 65.0699 30.5
4 1745.3 66.5231 30.5
4 1746.75 67.9739 30.5
4 1748.19 69.4171 30.5
4 1749.64 70.8601 30.5
4 1751.09 72.3115 30.5
4 1752.53 73.7546 30.5
4 1753.97 75.1914 30.5
4 1755.43 76.649 30.5
4 1756.86 78.0858 30.5
4 1758.31 79.5286 30.5
4 1759.77 80.9895 30.5
4 1761.21 82.4319 30.5
4 1762.65 83.8751 30.5
4 1764.11 85.3309 31
4 1765.55 86.7734 30.5
4 1766.99 88.2157 30.5
4 1768.44 89.6659 30.5
4 1769.89 91.1088 30.5
4 1771.33 92.5512 30.5
4 1772.76 93.9877 30.5
4 1774.22 95.4383 30.5
4 1775.66 96.8815 30.5
4 1777.1 98.3244 30.5
4 1778.56 99.7855 30.5
4 1780.01 101.229 30.5
4 1781.45 102.672 30.5
4 1782.9 104.122 30.5
4 1784.34 105.564 30.5
4 1785.79 107.017 30.5
4 1787.24 108.467 30.5
4 1788.69 109.91 30.5
4 1790.12 111.346 30.5
4 1791.58 112.803 30.5
4 1793.02 114.241 30.5
4 1794.46 115.684 30.5
4 1795.91 117.134 30.5
4 1797.35 118.577 30.5
4 1798.8 120.019 30.5
4 1800.25 121.477 30.5
4 1801.7 122.918 30.5
4 1803.14 124.361 30.5
4 1804.57 125.798 30.5
4 1806.03 127.249 30.5
4 1807.47 128.692 30.5
4 1808.91 130.135 30.5
4 1810.36 131.586 30.5
4 1811.82 133.04 30.5
4 1813.26 134.483 30.5
4 1814.71 135.934 30.5
4 1816.16 137.382 30.5
4 1817.6 138.825 30.5
4 1819.05 140.275 30.5
4 1820.5 141.718 30.5
4 1821.94 143.161 30.5
4 1823.39 144.611 30.5
4 1824.83 146.049 30.5
4 1826.27 147.491 30.5
4 1827.72 148.942 30.5
4 1829.16 150.385 30.5
4 1830.62 151.838 30.5
4 1832.07 153.289 30.5
4 1833.51 154.732 30.5
4 1834.95 156.176 30.5
4 1836.4 157.627 30.5
4 1837.86 159.081 30.5
4 1839.3 160.524 30.5
4 1840.75 161.975 30.5
4 1842.2 163.418 30.5
4 1843.64 164.861 30.5
4 1845.07 166.298 30.5
4 1846.53 167.749 30.5
4 1847.97 169.193 30.5
4 1849.42 170.641 30.5
4 1850.87 172.092 30.5
4 1852.31 173.535 31
4 1853.76 174.978 30.5
4 1855.21 176.429 30.5
4 1856.66 177.882 30.5
4 1858.1 179.325 30.5
4 1859.55 180.777 30.5
4 1861 182.22 30.5
4 1862.44 183.663 30.5
4 1863.89 185.114 30.5
4 1865.33 186.551 30.5
4 1866.77 187.995 30.5
4 1868.24 189.467 30.5
4 1869.69 190.91 30.5
4 1871.13 192.348 30.5
4 1872.58 193.799 30.5
4 1874.02 195.241 30.5
4 1875.47 196.689 30.5
4 1876.92 198.14 30.5
4 1878.36 199.583 30.5
4 1879.8 201.027 30.5
4 1881.26 202.478 30.5
4 1882.7 203.921 30.5
4 1884.14 205.364 30.5
4 1885.58 206.801 30.5
4 1887.05 208.273 30.5
4 1888.49 209.716 30.5
4 1889.93 211.154 30.5
4 1891.39 212.611 30.5
4 1892.83 214.048 30.5
4 1894.27 215.491 30.5
4 1895.72 216.942 30.5
4 1897.16 218.385 30.5
4 1898.61 219.828 30.5
4 1900.06 221.279 30.5
4 1901.5 222.722 30.5
4 1902.94 224.165 30.5
4 1904.39 225.616 30.5
4 1905.85 227.074 30.5
4 1907.29 228.517 30.5
4 1908.75 229.968 30.5
4 1910.19 231.411 30.5
4 1911.63 232.849 30.5
4 1913.09 234.316 30.5
4 1914.54 235.759 30.5
4 1915.97 237.197 30.5
4 1917.42 238.647 30.5
4 1918.87 240.091 30.5
4 1920.31 241.535 30.5
4 1921.76 242.986 30.5
4 1923.21 244.429 30.5
4 1924.65 245.872 30.5
4 1926.1 247.323 30.5
4 1927.56 248.782 30.5
4 1929 250.225 30.5
4 1930.45 251.677 30.5
4 1931.9 253.125 30.5
4 1933.35 254.568 30.5
4 1934.8 256.019 30.5
4 1936.24 257.463 30.5
4 1937.68 258.906 30.5
4 1939.12 260.343 30.5
4 1940.58 261.8 30.5
4 1942.01 263.238 31
4 1943.46 264.681 30.5
4 1944.91 266.132 30.5
4 1946.36 267.586 30.5
4 1947.81 269.028 30.5
4 1949.26 270.48 30.5
4 1950.7 271.922 30.5
4 1952.14 273.366 30.5
4 1953.6 274.822 30.5
4 1955.04 276.265 30.5
4 1956.49 277.708 30.5
4 1957.94 279.159 30.5
4 1959.38 280.603 30.5
4 1960.82 282.04 30.5
4 1962.27 283.497 30.5
4 1963.71 284.935 30.5
4 1965.15 286.378 30.5
4 1966.61 287.829 30.5
4 1968.05 289.277 30.5
4 1969.5 290.719 30.5
4 1970.95 292.17 30.5
4 1972.39 293.613 30.5
4 1973.83 295.056 30.5
4 1975.27 296.493 30.5
4 1976.73 297.95 31
4 1978.16 299.387 30.5
4 1979.61 300.83 30.5
4 1981.06 302.28 30.5
4 1982.5 303.723 30.5
4 1983.94 305.166 30.5
4 1985.39 306.616 30.5
4 1986.85 308.069 30.5
4 1988.29 309.512 30.5
4 1989.74 310.963 30.5
4 1991.18 312.405 30.5
4 1992.62 313.842 30.5
4 1994.08 315.299 30.5
4 1995.51 316.736 30.5
4 1996.96 318.179 30.5
4 1998.42 319.646 30.5
4 1999.86 321.083 30.5
4 2001.3 322.526 30.5
4 2002.75 323.976 30.5
4 2004.2 325.419 30.5
4 2005.65 326.873 30.5
4 2007.1 328.323 30.5
4 2008.54 329.765 30.5
4 2009.98 331.207 30.5
4 2011.43 332.65 30.5
4 2012.88 334.1 30.5
4 2014.31 335.537 31
4 2015.76 336.98 30.5
4 2017.23 338.451 30.5
4 2018.67 339.894 30.5
4 2020.11 341.33 30.5
4 2021.56 342.781 30.5
4 2023 344.224 30.5
4 2024.45 345.672 30.5
4 2025.9 347.123 30.5
4 2027.34 348.565 30.5
4 2028.79 350.008 30.5
4 2030.24 351.459 30.5
4 2031.68 352.902 30.5
4 2033.12 354.345 30.5
4 2034.57 355.796 30.5
4 2036.03 357.255 30.5
4 2037.47 358.697 30.5
4 2038.93 360.149 30.5
4 2040.37 361.591 30.5
4 2041.81 363.029 30.5
4 2043.27 364.496 30.5
4 2044.72 365.939 30.5
4 2046.15 367.377 30.5
4 2047.61 368.834 30.5
4 2049.05 370.271 30.5
4 2050.49 371.714 30.5
4 2051.94 373.166 30.5
4 2053.39 374.609 30.5
4 2054.84 376.062 30.5
4 2056.29 377.514 30.5
4 2057.73 378.957 30.5
4 2059.18 380.4 30.5
4 2060.63 381.851 30.5
4 2062.08 383.305 30.5
4 2063.53 384.748 30.5
4 2064.98 386.199 30.5
4 2066.42 387.641 30.5
4 2067.86 389.084 30.5
4 2069.3 390.521 30.5
4 2070.75 391.977 30.5
4 2072.19 393.415 30.5
4 2073.64 394.858 30.5
4 2075.09 396.309 30.5
4 2076.53 397.751 30.5
4 2077.97 399.195 30.5
4 2079.42 400.645 30.5
4 2080.88 402.098 30.5
4 2082.32 403.542 30.5
4 2083.77 404.993 30.5
4 2085.21 406.437 30.5
4 2086.66 407.88 30.5
4 2088.11 409.331 30.5
4 2089.55 410.768 30.5
4 2090.99 412.211 30.5
4 2092.44 413.662 30.5
4 2093.88 415.105 30.5
4 2095.34 416.558 30.5
4 2096.79 418.009 30.5
5 2098.23 1.07e-07 30.5
5 2099.68 1.44876 30.5
5 2101.13 2.89986 30.5
5 2102.57 4.34293 30.5
5 2104.01 5.78622 30.5
5 2105.47 7.23751 30.5
5 2106.91 8.68046 30.5
5 2108.35 10.1233 30.5
5 2109.79 11.5594 30.5
5 2111.24 13.0107 30.5
5 2112.68 14.454 30.5
5 2114.13 15.8973 30.5
5 2115.58 17.3476 30.5
5 2117.02 18.7899 30.5
5 2118.46 20.2328 30.5
5 2119.91 21.684 30.5
5 2121.37 23.1419 30.5
5 2122.81 24.5853 30.5
5 2124.27 26.0367 30.5
5 2125.72 27.4909 30.5
5 2127.16 28.9338 30.5
5 2128.61 30.3849 30.5
5 2130.06 31.828 30.5
5 2131.5 33.2712 30.5
5 2132.96 34.7323 30.5
5 2134.4 36.1755 30.5
5 2135.85 37.6185 30.5
5 2137.31 39.0789 30.5
5 2138.75 40.5226 30.5
5 2140.19 41.9658 30.5
5 2141.65 43.4167 30.5
5 2143.09 44.8598 30.5
5 2144.53 46.3031 30.5
5 2145.98 47.7547 30.5
5 2147.42 49.1922 30.5
5 2148.86 50.6353 30.5
5 2150.32 52.0866 30.5
5 2151.78 53.5469 30.5
5 2153.21 54.9844 30.5
5 2154.66 56.4356 30.5
5 2156.12 57.8947 30.5
5 2157.56 59.3316 30.5
5 2159.01 60.7824 30.5
5 2160.45 62.2251 30.5
5 2161.9 63.6686 30.5
5 2163.35 65.1198 30.5
5 2164.79 66.5631 30.5
5 2166.24 68.0068 30.5
5 2167.69 69.4586 30.5
5 2169.13 70.9023 30.5
5 2170.57 72.345 30.5
5 2172.01 73.782 30.5
5 2173.48 75.2474 30.5
5 2174.91 76.6806 30.5
5 2176.35 78.1233 30.5
5 2177.8 79.575 30.5
5 2179.25 81.0185 30.5
5 2180.69 82.4616 30.5
5 2182.14 83.9121 30.5
5 2183.58 85.3549 30.5
5 2185.04 86.8134 30.5
5 2186.49 88.2649 30.5
5 2187.94 89.7088 30.5
5 2189.39 91.162 30.5
5 2190.84 92.6131 30.5
5 2192.28 94.0559 30.5
5 2193.73 95.4988 30.5
5 2195.18 96.9503 30.5
5 2196.62 98.3937 30.5
5 2198.06 99.8299 30.5
5 2199.51 101.281 31
5 2200.95 102.724 30.5
5 2202.4 104.168 30.5
5 2203.86 105.634 30.5
5 2205.3 107.072 30.5
5 2206.74 108.514 30.5
5 2208.2 109.969 31
5 2209.64 111.411 30.5
5 2211.08 112.853 30.5
5 2212.53 114.304 30.5
5 2213.98 115.747 30.5
5 2215.42 117.19 30.5
5 2216.86 118.628 30.5
5 2218.31 120.079 30.5
5 2219.77 121.543 30.5
5 2221.22 122.987 30.5
5 2222.67 124.437 30.5
5 2224.1 125.875 30.5
5 2225.55 127.318 30.5
5 2227.01 128.786 30.5
5 2228.45 130.223 30.5
5 2229.89 131.666 30.5
5 2231.35 133.117 30.5
5 2232.79 134.56 30.5
5 2234.23 136.002 30.5
5 2235.68 137.453 30.5
5 2237.12 138.896 30.5
5 2238.57 140.339 30.5
5 2240.02 141.789 30.5
5 2241.48 143.248 30.5
5 2242.92 144.691 31
5 2244.37 146.142 30.5
5 2245.81 147.585 31
5 2247.25 149.022 30.5
5 2248.72 150.489 30.5
5 2250.16 151.932 30.5
5 2251.6 153.369 30.5
5 2253.05 154.826 30.5
5 2254.49 156.264 30.5
5 2255.94 157.707 30.5
5 2257.39 159.158 30.5
5 2258.83 160.601 30.5
5 2260.28 162.053 30.5
5 2261.73 163.503 31
5 2263.17 164.946 31
5 2264.62 166.389 30.5
5 2266.07 167.84 31
5 2267.52 169.294 30.5
5 2268.96 170.736 30.5
5 2270.42 172.187 30.5
5 2271.86 173.63 30.5
5 2273.3 175.073 30.5
5 2274.74 176.51 31
5 2276.19 177.961 30.5
5 2277.63 179.404 30.5
5 2279.08 180.852 30.5
5 2280.53 182.303 30.5
5 2281.97 183.746 31
5 2283.42 185.189 30.5
5 2284.87 186.64 30.5
5 2286.32 188.094 30.5
5 2287.77 189.537 30.5
5 2289.22 190.988 30.5
5 2290.66 192.431 30.5
5 2292.1 193.875 30.5
5 2293.55 195.326 30.5
5 2295 196.768 30.5
5 2296.43 198.205 30.5
5 2297.88 199.656 31
5 2299.33 201.099 30.5
5 2300.78 202.547 30.5
5 2302.23 203.998 30.5
5 2303.67 205.44 30.5
5 2305.11 206.883 30.5
5 2306.56 208.335 30.5
5 2308.01 209.778 30.5
5 2309.45 211.221 30.5
5 2310.89 212.658 30.5
5 2312.36 214.131 30.5
5 2313.8 215.574 30.5
5 2315.25 217.017 30.5
5 2316.7 218.468 30.5
5 2318.13 219.905 30.5
5 2319.58 221.354 31
5 2321.04 222.811 30.5
5 2322.48 224.249 30.5
5 2323.92 225.691 30.5
5 2325.37 227.143 30.5
5 2326.81 228.586 30.5
5 2328.26 230.029 30.5
5 2329.71 231.481 30.5
5 2331.15 232.924 30.5
5 2332.59 234.366 30.5
5 2334.06 235.832 30.5
5 2335.5 237.275 30.5
5 2336.95 238.718 30.5
5 2338.41 240.179 30.5
5 2339.85 241.622 30.5
5 2341.29 243.065 30.5
5 2342.74 244.516 30.5
5 2344.19 245.96 30.5
5 2345.63 247.398 31
5 2347.08 248.849 30.5
5 2348.52 250.293 30.5
5 2349.96 251.735 30.5
5 2351.41 253.186 30.5
5 2352.87 254.64 30.5
5 2354.31 256.082 30.5
5 2355.76 257.533 30.5
5 2357.21 258.982 30.5
5 2358.65 260.424 30.5
5 2360.1 261.875 30.5
5 2361.55 263.318 30.5
5 2362.99 264.762 30.5
5 2364.43 266.199 30.5
5 2365.88 267.65 30.5
5 2367.32 269.093 30.5
5 2368.76 270.535 30.5
5 2370.21 271.985 30.5
5 2371.67 273.438 30.5
5 2373.11 274.881 30.5
5 2374.56 276.332 30.5
5 2376.01 277.781 30.5
5 2377.45 279.224 30.5
5 2378.9 280.675 30.5
5 2380.35 282.117 30.5
5 2381.79 283.56 30.5
5 2383.24 285.01 30.5
5 2384.68 286.448 30.5
5 2386.12 287.891 30.5
5 2387.59 289.363 30.5
5 2389.03 290.805 30.5
5 2390.47 292.243 30.5
5 2391.92 293.693 30.5
5 2393.36 295.136 30.5
5 2394.81 296.584 30.5
5 2396.26 298.034 30.5
5 2397.7 299.476 31
5 2399.15 300.92 30.5
5 2400.6 302.37 31
5 2402.04 303.813 30.5
5 2403.48 305.255 30.5
5 2404.92 306.692 30.5
5 2406.37 308.143 30.5
5 2407.81 309.585 30.5
5 2409.26 311.033 30.5
5 2410.71 312.483 30.5
5 2412.15 313.925 30.5
5 2413.6 315.368 30.5
5 2415.05 316.82 30.5
5 2416.5 318.273 30.5
5 2417.94 319.716 30.5
5 2419.4 321.167 30.5
5 2420.84 322.61 30.5
5 2422.28 324.047 30.5
5 2423.73 325.504 30.5
5 2425.17 326.941 30.5
5 2426.61 328.384 30.5
5 2428.08 329.851 30.5
5 2429.52 331.288 30.5
5 2430.96 332.732 30.5
5 2432.41 334.183 30.5
5 2433.86 335.627 30.5
5 2435.31 337.08 30.5
5 2436.76 338.53 30.5
5 2438.2 339.973 30.5
5 2439.64 341.416 30.5
5 2441.09 342.866 30.5
5 2442.54 344.31 30.5
5 2443.98 345.752 30.5
5 2445.42 347.188 30.5
5 2446.89 348.66 30.5
5 2448.33 350.103 30.5
5 2449.77 351.539 30.5
5 2451.22 352.989 30.5
5 2452.66 354.432 30.5
5 2454.1 355.874 30.5
5 2455.55 357.324 30.5
5 2456.99 358.766 30.5
5 2458.44 360.209 30.5
5 2459.89 361.659 30.5
5 2461.33 363.102 30.5
5 2462.77 364.538 30.5
5 2464.22 365.988 30.5
5 2465.66 367.43 30.5
5 2467.1 368.872 30.5
5 2468.57 370.338 30.5
5 2470.01 371.781 30.5
5 2471.45 373.223 30.5
5 2472.91 374.679 30.5
5 2474.35 376.121 30.5
5 2475.79 377.564 30.5
5 2477.24 379.014 30.5
5 2478.68 380.456 30.5
5 2480.12 381.893 30.5
5 2481.56 383.335 30.5
5 2483.01 384.785 30.5
5 2484.46 386.228 30.5
5 2485.9 387.67 30.5
5 2487.36 389.131 30.5
5 2488.8 390.574 30.5
5 2490.24 392.016 30.5
5 2491.7 393.472 30.5
5 2493.14 394.915 30.5
5 2494.59 396.357 30.5
5 2496.04 397.807 30.5
5 2497.48 399.25 30.5
5 2498.92 400.687 30.5
5 2500.37 402.137 30.5
5 2501.81 403.58 30.5
5 2503.26 405.032 30.5
5 2504.71 406.482 30.5
5 2506.15 407.925 30.5
5 2507.6 409.367 30.5
5 2509.05 410.818 30.5
5 2510.5 412.271 30.5
5 2511.94 413.714 30.5
5 2513.39 415.165 30.5
5 2514.84 416.607 31
5 2516.27 418.044 30.5
5 2517.71 419.486 30.5
5 2519.16 420.936 30.5
6 2520.61 9.5e-08 30.5
6 2522.05 1.44273 30.5
6 2523.5 2.89359 30.5
6 2524.94 4.33642 30.5
6 2526.39 5.77912 30.5
6 2527.84 7.22955 30.5
6 2529.27 8.66665 30.5
6 2530.72 10.1091 30.5
6 2532.19 11.5804 30.5
6 2533.63 13.0224 30.5
6 2535.07 14.4592 30.5
6 2536.52 15.9103 30.5
6 2537.96 17.353 30.5
6 2539.4 18.7957 30.5
6 2540.85 20.2465 30.5
6 2542.3 21.6888 30.5
6 2543.75 23.1468 30.5
6 2545.21 24.5978 30.5
6 2546.65 26.0399 30.5
6 2548.09 27.4829 30.5
6 2549.54 28.9331 30.5
6 2550.99 30.386 30.5
6 2552.44 31.8292 30.5
6 2553.89 33.2801 30.5
6 2555.33 34.723 30.5
6 2556.77 36.1656 30.5
6 2558.21 37.6024 30.5
6 2559.66 39.0528 30.5
6 2561.1 40.4961 30.5
6 2562.55 41.9376 30.5
6 2564 43.3877 30.5
6 2565.45 44.8401 30.5
6 2566.89 46.2822 30.5
6 2568.34 47.7327 30.5
6 2569.79 49.1857 30.5
6 2571.24 50.6284 31
6 2572.69 52.0779 30.5
6 2574.13 53.5205 30.5
6 2575.57 54.9576 30.5
6 2577.02 56.4142 30.5
6 2578.46 57.851 30.5
6 2579.9 59.294 30.5
6 2581.35 60.7448 30.5
6 2582.8 62.1879 30.5
6 2584.24 63.6311 30.5
6 2585.69 65.0826 30.5
6 2587.15 66.5404 30.5
6 2588.59 67.9788 30.5
6 2590.04 69.4296 30.5
6 2591.48 70.8723 30.5
6 2592.92 72.3145 30.5
6 2594.36 73.7513 30.5
6 2595.81 75.2018 30.5
6 2597.25 76.6452 31
6 2598.7 78.0934 30.5
6 2600.15 79.5435 30.5
6 2601.59 80.9865 30.5
6 2603.05 82.4391 30.5
6 2604.5 83.8897 30.5
6 2605.94 85.3324 30.5
6 2607.38 86.775 30.5
6 2608.83 88.2253 30.5
6 2610.28 89.6683 30.5
6 2611.72 91.1115 30.5
6 2613.17 92.5621 30.5
6 2614.61 93.9994 30.5
6 2616.05 95.4421 30.5
6 2617.52 96.9132 30.5
6 2618.96 98.3563 30.5
6 2620.4 99.7937 30.5
6 2621.87 101.26 31
6 2623.31 102.703 30.5
6 2624.75 104.14 30.5
6 2626.2 105.59 30.5
6 2627.64 107.033 30.5
6 2629.08 108.476 30.5
6 2630.54 109.928 30.5
6 2631.98 111.371 30.5
6 2633.42 112.814 30.5
6 2634.86 114.256 30.5
6 2636.33 115.722 30.5
6 2637.77 117.165 30.5
6 2639.22 118.616 30.5
6 2640.68 120.068 30.5
6 2642.12 121.51 31
6 2643.56 122.953 30.5
6 2645.01 124.403 30.5
6 2646.45 125.841 30.5
6 2647.89 127.284 30.5
6 2649.34 128.735 30.5
6 2650.78 130.177 30.5
6 2652.23 131.619 30.5
6 2653.68 133.069 30.5
6 2655.13 134.523 30.5
6 2656.57 135.965 31
6 2658.02 137.415 30.5
6 2659.48 138.873 31
6 2660.92 140.315 30.5
6 2662.37 141.766 30.5
6 2663.82 143.208 30.5
6 2665.26 144.652 30.5
6 2666.71 146.103 30.5
6 2668.15 147.546 30.5
6 2669.59 148.983 30.5
6 2671.04 150.433 30.5
6 2672.48 151.876 30.5
6 2673.94 153.329 30.5
6 2675.39 154.78 30.5
6 2676.83 156.223 30.5
6 2678.27 157.666 30.5
6 2679.72 159.117 30.5
6 2681.18 160.571 30.5
6 2682.62 162.013 30.5
6 2684.07 163.464 30.5
6 2685.52 164.908 30.5
6 2686.96 166.351 30.5
6 2688.4 167.794 30.5
6 2689.85 169.245 30.5
6 2691.29 170.682 30.5
6 2692.73 172.125 30.5
6 2694.18 173.576 30.5
6 2695.63 175.019 30.5
6 2697.07 176.462 30.5
6 2698.52 177.914 30.5
6 2699.97 179.367 30.5
6 2701.42 180.81 30.5
6 2702.87 182.262 30.5
6 2704.31 183.706 31
6 2705.76 185.149 30.5
6 2707.21 186.6 30.5
6 2708.65 188.038 30.5
6 2710.09 189.482 30.5
6 2711.54 190.932 30.5
6 2712.98 192.376 30.5
6 2714.44 193.833 30.5
6 2715.89 195.28 30.5
6 2717.33 196.722 30.5
6 2718.77 198.165 30.5
6 2720.22 199.616 30.5
6 2721.67 201.058 31
6 2723.11 202.502 30.5
6 2724.55 203.939 30.5
6 2726.02 205.412 30.5
6 2727.46 206.855 30.5
6 2728.91 208.306 30.5
6 2730.37 209.759 30.5
6 2731.81 211.202 30.5
6 2733.26 212.653 30.5
6 2734.7 214.096 30.5
6 2736.15 215.539 30.5
6 2737.58 216.975 30.5
6 2739.03 218.425 31
6 2740.48 219.868 31
6 2741.92 221.31 30.5
6 2743.37 222.761 30.5
6 2744.82 224.215 30.5
6 2746.27 225.658 30.5
6 2747.72 227.109 30.5
6 2749.16 228.552 31
6 2750.6 229.995 30.5
6 2752.06 231.457 30.5
6 2753.51 232.899 30.5
6 2754.95 234.342 30.5
6 2756.4 235.793 31
6 2757.84 237.23 31
6 2759.28 238.672 31
6 2760.73 240.123 30.5
6 2762.17 241.566 30.5
6 2763.63 243.019 30.5
6 2765.08 244.469 31
6 2766.52 245.912 31
6 2767.96 247.354 31
6 2769.41 248.805 30.5
6 2770.86 250.257 30.5
6 2772.31 251.7 30.5
6 2773.76 253.15 30.5
6 2775.2 254.593 31
6 2776.64 256.036 31
6 2778.08 257.473 31
6 2779.53 258.924 30.5
6 2780.97 260.367 30.5
6 2782.42 261.815 30.5
6 2783.87 263.266 31
6 2785.32 264.709 30.5
6 2786.76 266.152 31
6 2788.21 267.601 30.5
6 2789.66 269.054 30.5
6 2791.1 270.497 30.5
6 2792.56 271.948 30.5
6 2794 273.39 30.5
6 2795.44 274.833 30.5
6 2796.89 276.283 30.5
6 2798.33 277.719 30.5
6 2799.77 279.162 30.5
6 2801.22 280.613 31
6 2802.66 282.056 31
6 2804.12 283.509 31
6 2805.57 284.96 30.5
6 2807.01 286.402 30.5
6 2808.45 287.845 30.5
6 2809.9 289.296 30.5
6 2811.35 290.738 30.5
6 2812.78 292.175 30.5
6 2814.23 293.618 30.5
6 2815.7 295.089 30.5
6 2817.14 296.532 30.5
6 2818.58 297.968 30.5
6 2820.03 299.419 31
6 2821.47 300.862 31
6 2822.92 302.309 31
6 2824.37 303.76 30.5
6 2825.81 305.202 30.5
6 2827.25 306.644 30.5
6 2828.7 308.095 30.5
6 2830.14 309.537 30.5
6 2831.58 310.973 30.5
6 2833.03 312.424 31
6 2834.5 313.888 30.5
6 2835.94 315.331 30.5
6 2837.39 316.782 30.5
6 2838.83 318.219 31
6 2840.27 319.661 30.5
6 2841.74 321.128 30.5
6 2843.17 322.565 30.5
6 2844.61 324.007 30.5
6 2846.07 325.458 30.5
6 2847.51 326.9 31
6 2848.95 328.343 30.5
6 2850.4 329.793 30.5
6 2851.84 331.235 30.5
6 2853.3 332.693 30.5
6 2854.75 334.143 30.5
6 2856.19 335.586 30.5
6 2857.64 337.029 31
6 2859.07 338.466 30.5
6 2860.54 339.932 30.5
6 2861.98 341.375 30.5
6 2863.42 342.811 30.5
6 2864.87 344.262 31
6 2866.31 345.704 30.5
6 2867.75 347.147 30.5
6 2869.21 348.599 30.5
6 2870.65 350.041 30.5
6 2872.11 351.499 31
6 2873.56 352.95 31
6 2875 354.396 31
6 2876.44 355.835 31
6 2877.89 357.285 30.5
6 2879.34 358.737 30.5
6 2880.79 360.18 30.5
6 2882.24 361.629 30.5
6 2883.67 363.066 30.5
6 2885.12 364.509 30.5
6 2886.57 365.959 30.5
6 2888.01 367.401 30.5
6 2889.45 368.843 30.5
6 2890.91 370.304 30.5
6 2892.35 371.747 30.5
6 2893.8 373.19 31
6 2895.25 374.64 30.5
6 2896.69 376.083 30.5
6 2898.14 377.536 30.5
6 2899.59 378.986 31
6 2901.04 380.429 31
6 2902.47 381.866 30.5
6 2903.92 383.309 30.5
6 2905.37 384.76 30.5
6 2906.81 386.202 30.5
6 2908.25 387.645 30.5
6 2909.7 389.096 30.5
6 2911.15 390.539 30.5
6 2912.6 391.997 31
6 2914.06 393.447 30.5
6 2915.5 394.89 30.5
6 2916.95 396.342 30.5
6 2918.4 397.793 30.5
6 2919.84 399.236 31
6 2921.29 400.679 31
6 2922.74 402.13 30.5
6 2924.18 403.573 30.5
6 2925.62 405.009 30.5
6 2927.07 406.46 31
6 2928.53 407.919 30.5
6 2929.96 409.356 30.5
6 2931.41 410.807 30.5
6 2932.86 412.25 30.5
6 2934.3 413.692 30.5
6 2935.76 415.148 30.5
6 2937.2 416.591 31
6 2938.64 418.035 31
6 2940.09 419.486 30.5
6 2941.54 420.928 30.5
6 2942.98 422.372 30.5
6 2944.42 423.809 30.5
7 2945.87 1.02e-07 30.5
7 2947.31 1.44311 31
7 2948.75 2.88588 30.5
7 2950.2 4.3371 30.5
7 2951.65 5.7801 30.5
7 2953.09 7.22314 30.5
7 2954.54 8.67385 31
7 2955.98 10.1163 30.5
7 2957.44 11.5744 31
7 2958.89 13.0253 30.5
7 2960.34 14.4682 30.5
7 2961.79 15.9209 30.5
7 2963.24 17.3716 31
7 2964.68 18.8148 30.5
7 2966.13 20.258 31
7 2967.58 21.7079 30.5
7 2969.03 23.1662 30.5
7 2970.48 24.6093 30.5
7 2971.93 26.0607 30.5
7 2973.38 27.5136 30.5
7 2974.82 28.9569 30.5
7 2976.27 30.4076 31
7 2977.72 31.85 30.5
7 2979.15 33.287 31
7 2980.61 34.7439 31
7 2982.05 36.1811 30.5
7 2983.49 37.6237 30.5
7 2984.94 39.0745 30.5
7 2986.38 40.5173 30.5
7 2987.84 41.9703 30.5
7 2989.29 43.4213 30.5
7 2990.73 44.8641 30.5
7 2992.17 46.3073 30.5
7 2993.63 47.7581 30.5
7 2995.08 49.2108 30.5
7 2996.52 50.654 30.5
7 2997.97 52.1042 30.5
7 2999.41 53.5471 30.5
7 3000.86 54.9897 30.5
7 3002.29 56.4265 30.5
7 3003.74 57.8769 30.5
7 3005.19 59.3197 30.5
7 3006.63 60.7674 30.5
7 3008.09 62.218 30.5
7 3009.53 63.6606 30.5
7 3010.98 65.1137 30.5
7 3012.43 66.5643 30.5
7 3013.87 68.0064 30.5
7 3015.32 69.4494 30.5
7 3016.77 70.9003 30.5
7 3018.21 72.3428 31
7 3019.65 73.7796 30.5
7 3021.1 75.2305 31
7 3022.54 76.6729 30.5
7 3023.98 78.1153 30.5
7 3025.44 79.5759 30.5
7 3026.89 81.0182 31
7 3028.33 82.4605 30.5
7 3029.78 83.9159 30.5
7 3031.23 85.3588 30.5
7 3032.67 86.802 30.5
7 3034.12 88.2529 30.5
7 3035.56 89.6949 30.5
7 3037 91.1322 30.5
7 3038.44 92.5749 30.5
7 3039.89 94.0257 30.5
7 3041.34 95.4684 30.5
7 3042.78 96.9111 30.5
7 3044.23 98.3619 31
7 3045.67 99.8044 30.5
7 3047.13 101.26 30.5
7 3048.58 102.708 30.5
7 3050.02 104.151 30.5
7 3051.46 105.594 30.5
7 3052.91 107.043 31
7 3054.35 108.48 31
7 3055.79 109.922 31
7 3057.24 111.373 31
7 3058.69 112.824 30.5
7 3060.13 114.267 30.5
7 3061.59 115.718 30.5
7 3063.03 117.166 30.5
7 3064.48 118.609 30.5
7 3065.93 120.059 30.5
7 3067.37 121.502 30.5
7 3068.81 122.945 30.5
7 3070.25 124.382 31
7 3071.71 125.839 31
7 3073.14 127.276 31
7 3074.59 128.718 30.5
7 3076.04 130.168 30.5
7 3077.49 131.621 30.5
7 3078.93 133.063 30.5
7 3080.38 134.514 31
7 3081.83 135.961 31
7 3083.27 137.404 31
7 3084.72 138.855 30.5
7 3086.16 140.298 30.5
7 3087.61 141.74 30.5
7 3089.06 143.191 31
7 3090.49 144.628 31
7 3091.94 146.07 30.5
7 3093.41 147.542 30.5
7 3094.85 148.985 30.5
7 3096.29 150.422 30.5
7 3097.74 151.873 30.5
7 3099.18 153.315 31
7 3100.63 154.763 31
7 3102.08 156.214 30.5
7 3103.52 157.657 30.5
7 3104.97 159.099 30.5
7 3106.42 160.55 30.5
7 3107.86 161.993 30.5
7 3109.3 163.435 31
7 3110.74 164.872 30.5
7 3112.19 166.322 30.5
7 3113.63 167.765 30.5
7 3115.08 169.212 30.5
7 3116.53 170.663 30.5
7 3117.97 172.106 30.5
7 3119.42 173.549 30.5
7 3120.87 175 30.5
7 3122.32 176.453 30.5
7 3123.76 177.896 30.5
7 3125.21 179.346 30.5
7 3126.66 180.789 30.5
7 3128.09 182.226 30.5
7 3129.55 183.683 30.5
7 3130.99 185.12 30.5
7 3132.43 186.563 30.5
7 3133.9 188.036 30.5
7 3135.35 189.478 30.5
7 3136.78 190.915 30.5
7 3138.23 192.366 30.5
7 3139.68 193.808 30.5
7 3141.12 195.256 30.5
7 3142.57 196.708 30.5
7 3144.02 198.151 30.5
7 3145.46 199.594 31
7 3146.91 201.045 30.5
7 3148.35 202.488 30.5
7 3149.8 203.93 30.5
7 3151.23 205.367 30.5
7 3152.71 206.839 30.5
7 3154.15 208.282 30.5
7 3155.59 209.72 30.5
7 3157.04 211.176 30.5
7 3158.48 212.614 30.5
8 3159.92 9.1e-08 30.5
8 3161.37 1.4507 30.5
8 3162.82 2.89341 30.5
8 3164.26 4.33691 30.5
8 3165.71 5.78751 30.5
8 3167.15 7.23018 30.5
8 3168.6 8.67306 30.5
8 3170.05 10.1239 31
8 3171.48 11.5611 31
8 3172.93 13.0042 31
8 3174.38 14.4555 30.5
8 3175.82 15.8984 30.5
8 3177.26 17.3411 30.5
8 3178.72 18.792 31
8 3180.16 20.235 31
8 3181.62 21.6934 31
8 3183.07 23.1448 30.5
8 3184.51 24.5878 30.5
8 3185.96 26.0409 30.5
8 3187.42 27.4916 30.5
8 3188.86 28.9345 31
8 3190.3 30.378 31
8 3191.75 31.8285 31
8 3193.21 33.287 30.5
8 3194.65 34.7297 30.5
8 3196.1 36.1802 30.5
8 3197.55 37.6233 31
8 3198.99 39.0658 30.5
8 3200.45 40.5267 31
8 3201.89 41.9693 30.5
8 3203.34 43.4121 30.5
8 3204.78 44.8549 30.5
8 3206.23 46.3054 31
8 3207.67 47.7425 30.5
8 3209.11 49.1851 30.5
8 3210.56 50.6351 30.5
8 3212.01 52.0875 30.5
8 3213.45 53.5301 31
8 3214.9 54.9804 31
8 3216.35 56.4232 31
8 3217.79 57.8658 31
8 3219.25 59.3256 30.5
8 3220.69 60.7679 30.5
8 3222.13 62.211 30.5
8 3223.59 63.6626 31
8 3225.03 65.1045 31
8 3226.46 66.541 31
8 3227.92 67.9919 30.5
8 3229.36 69.4349 30.5
8 3230.81 70.8878 30.5
8 3232.26 72.3384 30.5
8 3233.71 73.7815 31
8 3235.15 75.2294 31
8 3236.6 76.6802 31
8 3238.05 78.1232 30.5
8 3239.49 79.566 30.5
8 3240.94 81.0167 30.5
8 3242.38 82.4601 31
8 3243.83 83.9027 31
8 3245.26 85.3399 31
8 3246.72 86.7966 30.5
8 3248.16 88.2333 30.5
8 3249.6 89.6756 31
8 3251.05 91.1261 31
8 3252.5 92.5737 31
8 3253.94 94.0165 30.5
8 3255.39 95.4673 30.5
8 3256.83 96.9105 30.5
8 3258.28 98.3534 30.5
8 3259.73 99.8038 31
8 3261.16 101.241 31
8 3262.61 102.683 31
8 3264.08 104.155 30.5
8 3265.52 105.598 30.5
8 3266.96 107.035 30.5
8 3268.43 108.502 30.5
9 3269.87 8.4e-08 30.5
9 3271.31 1.4441 30.5
9 3272.76 2.89564 30.5
9 3274.2 4.33406 30.5
9 3275.65 5.77784 30.5
9 3277.1 7.22916 30.5
9 3278.54 8.673 30.5
9 3279.99 10.1167 30.5
9 3281.44 11.5682 30.5
9 3282.88 13.0118 30.5
9 3284.32 14.4557 30.5
9 3285.78 15.9072 30.5
9 3287.22 17.3507 30.5
9 3288.66 18.7948 30.5
9 3290.13 20.2616 30.5
9 3291.57 21.7051 30.5
9 3293.02 23.149 30.5
9 3294.47 24.6004 30.5
9 3295.91 26.0445 30.5
9 3297.36 27.4884 30.5
9 3298.79 28.9255 30.5
9 3300.25 30.3834 30.5
9 3301.71 31.8425 30.5
9 3303.16 33.2943 30.5
9 3304.61 34.7387 30.5
9 3306.05 36.1817 30.5
9 3307.49 37.6192 30.5
9 3308.96 39.0871 30.5
9 3310.4 40.5309 30.5
9 3311.84 41.9747 30.5
9 3313.3 43.4263 30.5
9 3314.73 44.8635 30.5
9 3316.18 46.3074 30.5
9 3317.63 47.7589 30.5
9 3319.07 49.2026 30.5
9 3320.52 50.6468 30.5
9 3321.97 52.0986 30.5
9 3323.42 53.5527 30.5
9 3324.87 54.9972 30.5
10 3326.32 8.6e-08 30.5
10 3327.77 1.44935 30.5
10 3329.21 2.89273 30.5
10 3330.66 4.34467 30.5
10 3332.11 5.78825 30.5
10 3333.55 7.23229 30.5
10 3335 8.68369 30.5
10 3336.45 10.1276 30.5
10 3337.89 11.5715 30.5
10 3339.34 13.0234 30.5
10 3340.78 14.4667 30.5
10 3342.22 15.9042 30.5
10 3343.67 17.3559 30.5
10 3345.13 18.816 30.5
10 3346.57 20.2523 30.5
10 3348.03 21.7095 30.5
10 3349.48 23.1631 30.5
10 3350.93 24.6073 30.5
10 3352.38 26.0589 30.5
10 3353.84 27.5179 30.5
11 3355.28 7.5e-08 30.5
11 3356.73 1.45183 30.5
11 3358.18 2.90471 30.5
11 3359.63 4.34782 30.5
11 3361.08 5.79965 30.5
11 3362.52 7.24304 30.5
11 3363.97 8.68736 30.5
11 3365.42 10.1387 30.5
11 3366.86 11.5824 30.5
11 3368.3 13.0198 30.5
11 3369.75 14.4709 30.5
11 3371.19 15.9146 30.5
12 3372.64 9.3e-08 31
12 3374.09 1.45138 31
12 3375.53 2.89404 31
12 3376.97 4.33683 31
12 3378.43 5.78811 31
12 3379.88 7.24615 30.5
12 3381.33 8.68903 31
13 3382.78 7.7e-08 31
13 3384.22 1.44428 31
13 3385.67 2.88839 31
13 3387.12 4.34616 31
14 3388.57 7.7e-08 31
14 3390.01 1.44376 31
14 3391.46 2.89517 31
14 3392.91 4.33873 31
15 3394.35 6e-08 31
15 3395.79 1.43751 31
15 3397.24 2.88922 31
16 3398.71 5.7e-08 31
16 3400.16 1.45124 31
16 3401.6 2.89366 31
17 3403.04 5.7e-08 31
17 3404.48 1.44312 31
18 3405.95 5.9e-08 31
18 3407.39 1.44276 31
18 3408.83 2.87992 31
19 3410.28 6e-08 31
19 3411.72 1.44387 31
20 3413.16 6.9e-08 31
20 3414.62 1.45174 31
20 3416.06 2.89499 31
21 3417.5 6.1e-08 31
21 3418.95 1.45115 31
22 3420.41 7.5e-08 31
22 3421.86 1.44369 31
22 3423.31 2.89549 31
23 3424.76 6.1e-08 31
23 3426.2 1.44426 31
24 3427.65 6.4e-08 31
24 3429.1 1.44371 31
24 3430.54 2.88777 31
25 3431.99 5.5e-08 31
25 3433.44 1.44356 31
26 3434.88 6e-08 31
26 3436.33 1.45125 31
26 3437.77 2.88896 31
27 3439.21 6.2e-08 31
27 3440.66 1.45172 31
27 3442.11 2.8957 31
28 3443.55 4.9e-08 31.5
28 3445 1.45144 31
28 3446.45 2.89498 31
29 3449.39 9.6e-08 31
29 3450.83 1.44413 31.5
29 3452.28 2.88859 31
30 3457.63 1.57e-07 31
30 3459.08 1.44374 31
30 3460.52 2.88783 31
