0 3.20885 8.2e-08 30.5
0 6.10042 2.89158 30.5
0 7.54256 4.33371 30.5
0 8.98951 5.78066 30.5
0 10.4398 7.23094 30.5
0 11.8831 8.67425 30.5
0 13.3224 10.1136 30.5
0 14.7765 11.5677 30.5
0 16.2172 13.0083 30.5
0 17.6599 14.4511 30.5
0 19.1107 15.9018 30.5
0 20.5767 17.3679 30.5
0 22.0225 18.8136 30.5
0 23.4899 20.281 30.5
0 24.9334 21.7245 30.5
0 26.3945 23.1857 30.5
0 27.8537 24.6448 30.5
0 29.2973 26.0885 30.5
0 30.7637 27.5548 30.5
0 32.2116 29.0028 30.5
0 33.6548 30.4459 30.5
0 35.1265 31.9177 30.5
0 36.5793 33.3705 30.5
0 38.0306 34.8218 30.5
0 39.4837 36.2748 30.5
0 40.9427 37.7338 30.5
0 42.3932 39.1844 30.5
0 43.8518 40.6429 30.5
0 45.3002 42.0913 30.5
0 46.7508 43.542 30.5
0 48.2103 45.0014 30.5
0 49.6714 46.4626 30.5
0 51.1149 47.9061 30.5
0 52.5681 49.3592 30.5
0 54.035 50.8261 30.5
0 55.4721 52.2632 30.5
0 56.9148 53.706 30.5
0 58.3877 55.1789 30.5
0 59.8459 56.637 30.5
0 61.2842 58.0754 30.5
0 62.7359 59.5271 30.5
0 64.1784 60.9696 30.5
0 65.6271 62.4182 30.5
0 67.0783 63.8695 30.5
0 68.527 65.3181 30.5
0 69.9713 66.7625 30.5
0 71.4221 68.2132 30.5
0 72.8652 69.6564 30.5
0 74.308 71.0991 30.5
0 75.7592 72.5503 30.5
0 77.2078 73.9989 30.5
0 78.6516 75.4428 30.5
0 80.1031 76.8942 31
0 81.5466 78.3378 31
0 82.9895 79.7806 31
0 84.4617 81.2528 30.5
0 85.9052 82.6963 30.5
0 87.3674 84.1585 31
0 88.8108 85.602 31
0 90.2541 87.0453 30.5
0 91.7068 88.4979 31
0 93.1502 89.9413 30.5
0 94.6102 91.4014 31
0 96.0592 92.8503 30.5
0 97.5023 94.2935 31
0 98.9496 95.7408 31
0 100.399 97.1904 31
0 101.841 98.6321 31
0 103.283 100.074 31
0 104.734 101.525 31
0 106.176 102.967 31
0 107.617 104.408 31
0 109.082 105.873 31
0 110.523 107.314 31
0 111.966 108.757 31
0 113.415 110.206 31
0 114.858 111.649 31
0 116.31 113.101 31
0 117.76 114.552 31
0 119.203 115.994 31
0 120.645 117.436 31
0 122.081 118.872 31
0 123.537 120.329 31
0 124.974 121.765 31
0 126.415 123.206 31
0 127.886 124.677 31
0 129.327 126.118 31
0 130.762 127.553 31
0 132.213 129.004 31
0 133.654 130.445 31
0 135.101 131.892 31
0 136.55 133.341 31
0 137.992 134.783 31
0 139.434 136.225 31
0 140.884 137.675 31
0 142.325 139.116 31
0 143.76 140.551 31
0 145.21 142.001 31
0 146.673 143.464 31
0 148.115 144.906 31
0 149.564 146.355 31
0 151 147.791 31
0 152.442 149.233 31
0 153.908 150.699 31
0 155.344 152.135 31
0 156.786 153.578 31
0 158.236 155.027 31
0 159.678 156.469 31
0 161.119 157.91 31
0 162.568 159.359 31
0 164.009 160.801 31
0 165.452 162.243 31
0 166.888 163.679 31
0 168.36 165.151 31
0 169.802 166.593 31
0 171.245 168.036 31
0 172.705 169.496 31
0 174.147 170.938 31
0 175.589 172.38 31
0 177.039 173.83 31
0 178.476 175.267 31
0 179.918 176.709 31
0 181.368 178.159 31
0 182.81 179.601 31
0 184.252 181.043 31
0 185.701 182.492 31
0 187.158 183.949 31
0 188.6 185.391 31
0 190.05 186.841 31
0 191.503 188.294 31
0 192.945 189.736 31
0 194.396 191.187 31
0 195.839 192.63 31
0 197.281 194.072 31
0 198.731 195.522 31
0 200.173 196.964 31
0 201.61 198.401 31
0 203.061 199.852 31
0 204.503 201.295 31
0 205.956 202.747 31
0 207.412 204.204 31
0 208.849 205.641 31
0 210.298 207.089 31
0 211.748 208.539 31
0 213.19 209.981 31
0 214.633 211.424 31
0 216.084 212.875 31
0 217.526 214.317 31
0 218.968 215.759 31
0 220.405 217.196 31
0 221.861 218.652 31
0 223.297 220.088 31
0 224.739 221.53 31
0 226.189 222.98 31
0 227.631 224.422 31
0 229.074 225.865 31
0 230.524 227.315 31
0 231.966 228.758 31
0 233.402 230.193 31
0 234.858 231.65 31
0 236.295 233.086 31
0 237.737 234.528 31
0 239.187 235.978 31
0 240.629 237.42 31
0 242.071 238.862 31
0 243.532 240.323 31
0 244.974 241.765 31
0 246.416 243.207 31
0 247.868 244.659 31
0 249.31 246.101 31
0 250.762 247.553 31
0 252.204 248.995 31
0 253.654 250.445 31
0 255.09 251.881 31
0 256.532 253.324 31
0 257.982 254.773 31
0 259.424 256.215 31
0 260.867 257.658 31
0 262.317 259.108 31
0 263.759 260.55 31
0 265.217 262.008 31
0 266.667 263.458 31
0 268.11 264.901 31
0 269.562 266.354 31
0 271.013 267.804 31
0 272.456 269.247 31
0 273.898 270.689 31
0 275.348 272.139 31
0 276.791 273.582 31
0 278.227 275.019 31
0 279.678 276.469 31
0 281.136 277.928 31
0 282.572 279.363 31
0 284.023 280.814 31
0 285.465 282.256 31
0 286.908 283.699 31
0 288.363 285.154 31
0 289.806 286.597 31
0 291.248 288.039 31
0 292.699 289.491 31
0 294.142 290.933 31
0 295.579 292.37 31
0 297.021 293.812 31
0 298.472 295.263 31
0 299.914 296.705 31
0 301.356 298.147 31
0 302.817 299.608 31
0 304.26 301.051 31
0 305.703 302.494 31
0 307.153 303.944 31
0 308.597 305.388 31
0 310.049 306.84 31
0 311.5 308.291 31
0 312.943 309.734 31
0 314.387 311.178 31
0 315.837 312.628 31
0 317.274 314.065 31
0 318.717 315.508 31
0 320.166 316.958 31
0 321.619 318.41 31
0 323.061 319.852 31
0 324.511 321.302 31
0 325.954 322.745 31
0 327.396 324.187 31
0 328.852 325.643 31
0 330.295 327.086 31
0 331.738 328.529 31
0 333.18 329.971 31
0 334.631 331.422 31
0 336.068 332.859 31
0 337.51 334.301 31
0 338.961 335.752 31
0 340.414 337.205 31
0 341.856 338.648 31
0 343.307 340.098 31
0 344.75 341.541 31
0 346.193 342.984 31
0 347.649 344.44 31
0 349.092 345.883 31
0 350.535 347.326 31
0 351.985 348.776 31
0 353.428 350.219 31
0 354.865 351.656 31
0 356.321 353.112 31
0 357.758 354.549 31
0 359.201 355.992 31
0 360.651 357.443 31
0 362.099 358.89 31
0 363.542 360.333 31
0 364.993 361.784 31
0 366.436 363.227 31
0 367.877 364.669 31
0 369.32 366.111 31
0 370.771 367.562 31
0 372.208 368.999 31
0 373.656 370.447 31
0 375.107 371.898 31
0 376.55 373.341 31
0 377.991 374.783 31
0 379.442 376.233 31
0 380.889 377.68 31
0 382.331 379.122 31
0 383.781 380.573 31
0 385.224 382.015 31
0 386.667 383.458 31
0 388.116 384.908 31
0 389.553 386.344 31
0 390.995 387.786 31
0 392.467 389.258 31
0 393.909 390.7 31
0 395.346 392.138 31
0 396.798 393.589 31
0 398.241 395.032 31
0 399.689 396.48 31
0 401.14 397.931 31
0 402.582 399.373 31
0 404.025 400.816 31
0 405.475 402.266 31
0 406.918 403.709 31
0 408.36 405.151 31
1 409.797 8.9e-08 31
1 411.247 1.45049 31
1 412.69 2.89323 31
1 414.132 4.33564 31
1 415.583 5.78604 31
1 417.025 7.22843 31
1 418.478 8.68129 31
1 419.928 10.1317 31
1 421.37 11.5735 31
1 422.813 13.016 31
1 424.263 14.4666 31
1 425.716 15.9191 31
1 427.158 17.3613 31
1 428.609 18.8124 31
1 430.052 20.2554 31
1 431.488 21.6918 31
1 432.96 23.1634 31
1 434.403 24.6061 31
1 435.846 26.0492 31
1 437.306 27.5098 31
1 438.749 28.9527 31
1 440.192 30.3959 31
1 441.643 31.8469 31
1 443.086 33.2897 31
1 444.523 34.7267 31
1 445.974 36.1772 31
1 447.416 37.6198 31
1 448.869 39.0726 31
1 450.319 40.5229 31
1 451.762 41.9655 31
1 453.205 43.4083 31
1 454.655 44.859 31
1 456.104 46.3073 31
1 457.546 47.7495 31
1 458.997 49.2001 31
1 460.439 50.6427 31
1 461.881 52.0848 31
1 463.319 53.522 31
1 464.769 54.9724 31
1 466.212 56.4153 31
1 467.654 57.8576 31
1 469.104 59.3077 31
1 470.558 60.7611 31
1 472 62.2035 31
1 473.451 63.6546 31
1 474.898 65.102 31
1 476.342 66.5451 31
1 477.793 67.9962 31
1 479.236 69.4392 31
1 480.678 70.8818 31
1 482.129 72.3323 31
1 483.572 73.7752 31
1 485.009 75.2125 31
1 486.46 76.6631 31
1 487.902 78.105 31
1 489.354 79.5579 31
1 490.805 81.0086 31
1 492.248 82.4514 31
1 493.69 83.8935 31
1 495.141 85.3442 31
1 496.589 86.7921 31
1 498.031 88.2349 31
1 499.482 89.6855 31
1 500.925 91.1283 31
1 502.367 92.5707 31
1 503.804 94.0075 31
1 505.255 95.4584 31
1 506.698 96.9012 31
1 508.145 98.3488 31
1 509.596 99.7997 31
1 511.039 101.242 31
1 512.481 102.685 31
1 513.932 104.135 31
1 515.385 105.589 31
1 516.828 107.032 31
1 518.279 108.482 31
1 519.721 109.925 31
1 521.164 111.368 31
1 522.615 112.819 31
1 524.058 114.262 31
1 525.495 115.698 31
1 526.946 117.15 31
1 528.389 118.593 31
1 529.837 120.041 31
1 531.288 121.491 31
1 532.73 122.934 31
1 534.172 124.376 31
1 535.623 125.827 31
1 537.066 127.27 31
1 538.509 128.712 31
1 539.952 130.155 31
1 541.418 131.621 31
1 542.861 133.064 31
1 544.311 134.515 31
1 545.755 135.958 31
1 547.197 137.401 31
1 548.645 138.848 31
1 550.096 140.299 31
1 551.533 141.736 31
1 552.976 143.179 31
1 554.426 144.63 31
1 555.869 146.073 31
1 557.312 147.515 31
1 558.762 148.965 31
1 560.215 150.419 31
1 561.658 151.862 31
1 563.109 153.312 31
1 564.551 154.755 31
1 565.994 156.197 31
1 567.455 157.659 31
1 568.898 159.102 31
1 570.34 160.544 31
1 571.792 161.995 31
1 573.235 163.438 31
1 574.672 164.875 31
1 576.129 166.333 31
1 577.567 167.77 31
1 579.02 169.224 31
1 580.477 170.68 31
1 581.914 172.118 31
1 583.358 173.561 31
1 584.809 175.012 31
1 586.257 176.46 31
1 587.699 177.903 31
1 589.151 179.354 31
1 590.593 180.797 31
1 592.037 182.24 31
1 593.487 183.691 31
1 594.93 185.133 31
1 596.367 186.57 31
1 597.814 188.018 31
1 599.271 189.474 31
1 600.708 190.911 31
1 602.151 192.355 31
1 603.602 193.805 31
1 605.05 195.253 31
1 606.493 196.696 31
1 607.944 198.148 31
1 609.387 199.591 31
1 610.829 201.032 31
1 612.28 202.484 31
1 613.723 203.926 31
1 615.16 205.364 31
1 616.633 206.836 31
1 618.075 208.279 31
1 619.518 209.722 31
1 620.969 211.172 31
1 622.406 212.609 31
1 623.865 214.068 31
1 625.315 215.519 31
1 626.753 216.956 31
1 628.195 218.399 31
1 629.646 219.849 31
1 631.089 221.292 31
1 632.531 222.734 31
1 633.982 224.185 31
1 635.424 225.628 31
1 636.866 227.07 31
1 638.314 228.518 31
1 639.765 229.969 31
1 641.202 231.405 31
1 642.645 232.848 31
1 644.095 234.298 31
1 645.536 235.74 31
1 646.978 237.182 31
1 648.429 238.632 31
1 649.871 240.075 31
1 651.308 241.511 31
1 652.758 242.962 31
1 654.201 244.405 31
1 655.644 245.847 31
1 657.105 247.308 31
1 658.548 248.752 31
1 659.991 250.194 31
1 661.447 251.651 31
1 662.89 253.094 31
1 664.332 254.536 31
1 665.783 255.986 31
1 667.226 257.429 31
1 668.669 258.872 31
1 670.106 260.31 31
1 671.557 261.76 31
1 673 263.204 31
1 674.444 264.647 31
1 675.906 266.109 31
1 677.349 267.552 31
1 678.792 268.995 31
1 680.242 270.446 31
1 681.684 271.888 31
1 683.137 273.341 31
1 684.589 274.792 31
1 686.031 276.235 31
1 687.474 277.678 31
1 688.925 279.129 31
1 690.368 280.572 31
1 691.805 282.009 31
1 693.256 283.46 31
1 694.699 284.903 31
1 696.142 286.346 31
1 697.598 287.802 31
1 699.041 289.245 31
1 700.484 290.688 31
1 701.936 292.139 31
1 703.379 293.583 31
1 704.822 295.026 31
1 706.265 296.469 31
1 707.716 297.92 31
1 709.174 299.378 31
1 710.625 300.829 31
1 712.068 302.271 31
1 713.511 303.714 31
1 714.948 305.152 31
1 716.416 306.619 31
1 717.859 308.062 31
1 719.296 309.5 31
1 720.753 310.957 31
1 722.191 312.394 31
1 723.633 313.837 31
1 725.084 315.288 31
1 726.528 316.731 31
1 727.976 318.179 31
1 729.426 319.63 31
1 730.869 321.072 31
1 732.312 322.515 31
1 733.763 323.967 31
1 735.216 325.419 31
1 736.659 326.862 31
1 738.11 328.314 31
1 739.553 329.756 31
1 740.99 331.194 31
1 742.447 332.65 31
1 743.884 334.087 31
1 745.326 335.53 31
1 746.798 337.002 31
1 748.241 338.444 31
1 749.678 339.882 31
1 751.13 341.333 31
1 752.572 342.776 31
1 754.02 344.224 31
1 755.471 345.675 31
1 756.912 347.116 31
1 758.355 348.559 31
1 759.806 350.009 31
1 761.249 351.452 31
1 762.692 352.896 31
1 764.129 354.332 31
1 765.581 355.784 31
1 767.024 357.227 31
1 768.466 358.67 31
1 769.918 360.121 31
1 771.36 361.564 31
1 772.814 363.017 31
1 774.265 364.469 31
1 775.707 365.911 31
1 777.15 367.353 31
1 778.601 368.804 31
1 780.043 370.247 31
1 781.486 371.69 31
1 782.937 373.14 31
1 784.395 374.598 31
1 785.837 376.04 31
1 787.288 377.492 31
1 788.731 378.935 31
1 790.168 380.372 31
1 791.634 381.837 31
1 793.076 383.28 31
1 794.513 384.716 31
1 795.963 386.167 31
1 797.406 387.609 31
1 798.848 389.051 31
1 800.298 390.501 31
1 801.74 391.944 31
1 803.183 393.387 31
1 804.62 394.823 31
1 806.092 396.295 31
1 807.535 397.738 31
1 808.986 399.19 31
1 810.439 400.642 31
1 811.882 402.085 31
1 813.332 403.536 31
1 814.775 404.978 31
2 816.211 8e-08 31
2 817.653 1.44238 31
2 819.104 2.89328 31
2 820.547 4.33567 31
2 821.99 5.77888 31
2 823.44 7.22931 31
2 824.883 8.67172 31
2 826.325 10.114 31
2 827.775 11.564 31
2 829.217 13.0062 31
2 830.653 14.4424 31
2 832.125 15.914 31
2 833.568 17.3567 31
2 835.005 18.7936 31
2 836.472 20.2604 31
2 837.914 21.7028 31
2 839.351 23.1396 31
2 840.807 24.5962 31
2 842.245 26.0336 31
2 843.705 27.4935 31
2 845.155 28.9442 31
2 846.592 30.3813 31
2 848.052 31.8407 31
2 849.503 33.2917 31
2 850.94 34.7287 31
2 852.383 36.1718 31
2 853.833 37.6224 31
2 855.276 39.0651 31
2 856.718 40.5071 31
2 858.169 41.9578 31
2 859.612 43.4005 31
2 861.055 44.8437 31
2 862.492 46.2804 31
2 863.948 47.7371 31
2 865.401 49.1896 31
2 866.837 50.6261 31
2 868.288 52.0769 31
2 869.731 53.5195 31
2 871.173 54.962 31
2 872.623 56.4123 31
2 874.065 57.8544 31
2 875.508 59.2967 31
2 876.969 60.7577 31
2 878.41 62.1994 31
2 879.853 63.642 31
2 881.314 65.103 31
2 882.757 66.5455 31
2 884.199 67.9881 31
2 885.65 69.4389 31
2 887.092 70.8812 31
2 888.529 72.3178 31
2 889.979 73.7683 31
2 891.422 75.2109 31
2 892.864 76.6532 31
2 894.315 78.1036 31
2 895.767 79.5557 31
2 897.209 80.998 31
2 898.66 82.4492 31
2 900.109 83.8979 31
2 901.552 85.3413 31
2 903.003 86.7923 31
2 904.446 88.2348 31
2 905.888 89.677 31
2 907.324 91.1132 31
2 908.775 92.564 31
2 910.218 94.0072 31
2 911.661 95.4496 31
2 913.111 96.8999 31
2 914.565 98.3534 31
2 916.007 99.7958 31
2 917.458 101.247 31
2 918.906 102.695 31
2 920.348 104.137 31
2 921.799 105.587 31
2 923.241 107.03 31
2 924.684 108.473 31
2 926.135 109.924 31
2 927.572 111.361 31
2 929.014 112.803 31
2 930.465 114.254 31
2 931.907 115.696 31
2 933.36 117.149 31
2 934.811 118.6 31
2 936.254 120.043 31
2 937.697 121.486 31
2 939.148 122.937 31
2 940.597 124.386 31
2 942.041 125.829 31
2 943.491 127.28 31
2 944.934 128.723 31
2 946.376 130.165 31
2 947.813 131.602 31
2 949.264 133.053 31
2 950.707 134.496 31
2 952.15 135.939 31
2 953.602 137.391 31
2 955.045 138.834 31
2 956.488 140.277 31
2 957.939 141.728 31
2 959.392 143.181 31
2 960.835 144.623 31
2 962.285 146.074 31
2 963.728 147.516 31
2 965.17 148.959 31
2 966.621 150.41 31
2 968.057 151.846 31
2 969.5 153.289 31
2 970.972 154.761 31
2 972.415 156.203 31
2 973.852 157.641 31
2 975.309 159.098 31
2 976.746 160.535 31
2 978.195 161.984 31
2 979.646 163.435 31
2 981.089 164.878 31
2 982.532 166.321 31
2 983.983 167.772 31
2 985.426 169.215 31
2 986.869 170.658 31
2 988.32 172.109 31
2 989.762 173.551 31
2 991.199 174.988 31
2 992.647 176.436 31
2 994.104 177.893 31
2 995.541 179.33 31
2 996.983 180.772 31
2 998.435 182.224 31
2 999.877 183.666 31
2 1001.32 185.109 31
2 1002.77 186.56 31
2 1004.22 188.014 31
2 1005.67 189.457 31
2 1007.12 190.908 31
2 1008.56 192.351 31
2 1010 193.793 31
2 1011.47 195.254 31
2 1012.91 196.698 31
2 1014.35 198.141 31
2 1015.8 199.592 31
2 1017.25 201.036 31
2 1018.68 202.473 31
2 1020.14 203.925 31
2 1021.58 205.368 31
2 1023.03 206.821 31
2 1024.48 208.272 31
2 1025.93 209.715 31
2 1027.37 211.158 31
2 1028.82 212.609 31
2 1030.27 214.057 31
2 1031.71 215.5 31
2 1033.16 216.951 31
2 1034.61 218.395 31
2 1036.05 219.837 31
2 1037.49 221.279 31
2 1038.94 222.73 31
2 1040.38 224.167 31
2 1041.82 225.611 31
2 1043.27 227.063 31
2 1044.72 228.506 31
2 1046.16 229.948 31
2 1047.61 231.399 31
2 1049.06 232.852 31
2 1050.51 234.295 31
2 1051.96 235.746 31
2 1053.4 237.189 31
2 1054.84 238.632 31
2 1056.29 240.083 31
2 1057.73 241.52 31
2 1059.17 242.963 31
2 1060.65 244.435 31
2 1062.09 245.877 31
2 1063.53 247.315 31
2 1064.98 248.772 31
2 1066.42 250.209 31
2 1067.87 251.657 31
2 1069.32 253.107 31
2 1070.76 254.55 31
2 1072.2 255.993 31
2 1073.65 257.443 31
2 1075.1 258.886 31
2 1076.54 260.329 31
2 1077.98 261.772 31
2 1079.43 263.222 31
2 1080.87 264.659 31
2 1082.32 266.107 31
2 1083.77 267.558 31
2 1085.21 269.001 31
2 1086.65 270.444 31
2 1088.11 271.894 31
2 1089.55 273.336 31
2 1090.99 274.779 31
2 1092.44 276.23 31
2 1093.88 277.673 31
2 1095.32 279.11 31
2 1096.77 280.561 31
2 1098.21 282.003 31
2 1099.66 283.446 31
2 1101.12 284.907 31
2 1102.56 286.351 31
2 1104 287.794 31
2 1105.46 289.25 31
2 1106.9 290.693 31
2 1108.35 292.136 31
2 1109.8 293.587 31
2 1111.24 295.03 31
2 1112.68 296.472 31
2 1114.12 297.909 31
2 1115.57 299.36 31
2 1117.01 300.803 31
2 1118.46 302.246 31
2 1119.92 303.707 31
2 1121.36 305.15 31
2 1122.8 306.592 31
2 1124.25 308.043 31
2 1125.7 309.486 31
2 1127.15 310.939 31
2 1128.6 312.39 31
2 1130.04 313.833 31
2 1131.49 315.276 31
2 1132.94 316.727 31
2 1134.38 318.169 31
2 1135.82 319.606 31
2 1137.27 321.063 31
2 1138.73 322.521 31
2 1140.17 323.963 31
2 1141.62 325.414 31
2 1143.06 326.851 31
2 1144.5 328.294 31
2 1145.97 329.76 31
2 1147.41 331.197 31
2 1148.85 332.64 31
2 1150.3 334.09 31
2 1151.74 335.533 31
2 1153.19 336.975 31
2 1154.64 338.426 31
2 1156.08 339.869 31
2 1157.52 341.312 31
2 1158.96 342.749 31
2 1160.42 344.206 31
2 1161.85 345.644 31
2 1163.3 347.087 31
2 1164.76 348.554 31
2 1166.2 349.991 31
2 1167.64 351.433 31
2 1169.1 352.884 31
2 1170.54 354.327 31
2 1171.98 355.769 31
2 1173.43 357.221 31
2 1174.88 358.664 31
2 1176.32 360.107 31
2 1177.77 361.558 31
2 1179.23 363.016 31
2 1180.67 364.459 31
2 1182.12 365.909 31
2 1183.56 367.352 31
2 1185 368.789 31
2 1186.47 370.255 31
2 1187.91 371.698 31
2 1189.35 373.135 31
2 1190.8 374.592 31
2 1192.24 376.029 31
2 1193.68 377.471 31
2 1195.13 378.922 31
2 1196.58 380.365 31
2 1198.03 381.818 31
2 1199.48 383.268 31
2 1200.92 384.711 31
2 1202.37 386.154 31
2 1203.82 387.606 31
2 1205.26 389.048 31
2 1206.7 390.491 31
2 1208.14 391.927 31
2 1209.59 393.378 31
2 1211.03 394.821 31
2 1212.47 396.264 31
2 1213.93 397.715 31
2 1215.39 399.175 31
2 1216.83 400.617 31
2 1218.28 402.068 31
2 1219.73 403.516 31
3 1221.17 8.9e-08 31
3 1222.62 1.45044 31
3 1224.06 2.89341 31
3 1225.51 4.33639 31
3 1226.96 5.78753 31
3 1228.4 7.22994 31
3 1229.84 8.66682 31
3 1231.29 10.1235 31
3 1232.73 11.5605 31
3 1234.17 13.0031 31
3 1235.62 14.454 31
3 1237.07 15.8968 31
3 1238.52 17.3498 31
3 1239.97 18.8007 31
3 1241.41 20.2426 31
3 1242.86 21.6851 31
3 1244.31 23.1358 31
3 1245.76 24.5887 31
3 1247.2 26.0317 31
3 1248.65 27.4831 31
3 1250.1 28.9263 31
3 1251.54 30.3693 31
3 1252.99 31.8173 31
3 1254.44 33.268 31
3 1255.88 34.7053 31
3 1257.32 36.148 31
3 1258.77 37.5997 31
3 1260.21 39.0406 31
3 1261.65 40.484 31
3 1263.1 41.9335 31
3 1264.55 43.3761 31
3 1265.98 44.8131 31
3 1267.44 46.2698 31
3 1268.88 47.7066 31
3 1270.32 49.1493 31
3 1271.79 50.616 31
3 1273.22 52.0526 31
3 1274.66 53.4946 31
3 1276.12 54.9504 31
3 1277.56 56.3936 31
3 1279.01 57.8358 31
3 1280.46 59.2867 31
3 1281.9 60.7294 31
3 1283.34 62.172 31
3 1284.78 63.6088 31
3 1286.23 65.0597 31
3 1287.67 66.5029 31
3 1289.12 67.9457 31
3 1290.57 69.3966 31
3 1292.01 70.8394 31
3 1293.47 72.2976 31
3 1294.91 73.744 31
3 1296.36 75.1863 31
3 1297.8 76.6296 31
3 1299.25 78.081 31
3 1300.69 79.524 31
3 1302.13 80.9603 31
3 1303.58 82.4105 31
3 1305.04 83.8739 31
3 1306.49 85.3171 31
3 1307.94 86.7678 31
3 1309.39 88.2204 31
3 1310.83 89.6633 31
3 1312.28 91.1138 31
3 1313.72 92.551 31
3 1315.16 93.9927 31
3 1316.61 95.444 31
3 1318.06 96.8869 31
3 1319.5 98.3288 31
3 1320.95 99.7797 31
3 1322.39 101.223 31
3 1323.85 102.681 31
3 1325.3 104.131 31
3 1326.74 105.574 31
3 1328.2 107.027 31
3 1329.65 108.477 31
3 1331.09 109.92 31
3 1332.53 111.362 31
3 1333.97 112.799 31
3 1335.42 114.25 31
3 1336.86 115.692 31
3 1338.3 117.134 31
3 1339.77 118.596 31
3 1341.21 120.039 31
3 1342.65 121.481 31
3 1344.1 122.933 31
3 1345.55 124.375 31
3 1347 125.827 31
3 1348.45 127.278 31
3 1349.89 128.72 31
3 1351.33 130.162 31
3 1352.78 131.612 31
3 1354.23 133.055 31
3 1355.66 134.491 31
3 1357.11 135.941 31
3 1358.55 137.384 31
3 1360 138.827 31
3 1361.46 140.288 31
3 1362.9 141.731 31
3 1364.34 143.174 31
3 1365.79 144.623 31
3 1367.24 146.066 31
3 1368.69 147.518 31
3 1370.14 148.968 31
3 1371.58 150.41 31
3 1373.02 151.847 31
3 1374.46 153.29 31
3 1375.91 154.741 31
3 1377.35 156.183 31
3 1378.8 157.626 31
3 1380.26 159.087 31
3 1381.7 160.529 31
3 1383.14 161.971 31
3 1384.59 163.422 31
3 1386.03 164.864 31
3 1387.49 166.317 31
3 1388.94 167.767 31
3 1390.38 169.21 31
3 1391.82 170.653 31
3 1393.27 172.104 31
3 1394.71 173.54 31
3 1396.15 174.983 31
3 1397.6 176.433 31
3 1399.05 177.876 31
3 1400.49 179.319 31
3 1401.95 180.78 31
3 1403.39 182.223 31
3 1404.84 183.666 31
3 1406.29 185.122 31
3 1407.73 186.564 31
3 1409.18 188.007 31
3 1410.61 189.444 31
3 1412.07 190.901 31
3 1413.51 192.338 31
3 1414.95 193.781 31
3 1416.4 195.232 31
3 1417.84 196.675 31
3 1419.29 198.117 31
3 1420.75 199.579 31
3 1422.19 201.021 31
3 1423.63 202.463 31
3 1425.09 203.924 31
3 1426.54 205.367 31
3 1427.98 206.808 31
3 1429.43 208.258 31
3 1430.87 209.701 31
3 1432.31 211.137 31
3 1433.76 212.587 31
3 1435.2 214.031 31
3 1436.64 215.473 31
3 1438.09 216.924 31
3 1439.55 218.377 31
3 1440.99 219.82 31
3 1442.44 221.271 31
3 1443.89 222.719 31
3 1445.33 224.161 31
3 1446.78 225.611 31
3 1448.22 227.053 31
3 1449.67 228.495 31
3 1451.1 229.932 31
3 1452.55 231.382 31
3 1454 232.825 31
3 1455.44 234.267 31
3 1456.89 235.718 31
3 1458.34 237.171 31
3 1459.78 238.613 31
3 1461.23 240.064 31
3 1462.69 241.516 31
3 1464.13 242.958 31
3 1465.58 244.408 31
3 1467.02 245.851 31
3 1468.46 247.293 31
3 1469.91 248.744 31
3 1471.35 250.18 31
3 1472.79 251.622 31
3 1474.24 253.073 31
3 1475.69 254.516 31
3 1477.14 255.969 31
3 1478.59 257.42 31
3 1480.03 258.862 31
3 1481.48 260.314 31
3 1482.93 261.765 31
3 1484.38 263.207 31
3 1485.82 264.648 31
3 1487.26 266.09 31
3 1488.71 267.541 31
3 1490.15 268.977 31
3 1491.59 270.42 31
3 1493.05 271.88 31
3 1494.49 273.322 31
3 1495.93 274.764 31
3 1497.38 276.214 31
3 1498.83 277.655 31
3 1500.28 279.108 31
3 1501.73 280.558 31
3 1503.17 282.001 31
3 1504.61 283.443 31
3 1506.06 284.893 31
3 1507.51 286.336 31
3 1508.94 287.772 31
3 1510.39 289.223 31
3 1511.83 290.664 31
3 1513.28 292.106 31
3 1514.74 293.567 31
3 1516.18 295.009 31
3 1517.62 296.451 31
3 1519.07 297.901 31
3 1520.51 299.344 31
3 1521.97 300.795 31
3 1523.42 302.246 31
3 1524.86 303.688 31
3 1526.3 305.125 31
3 1527.74 306.568 31
3 1529.19 308.018 31
3 1530.63 309.461 31
3 1532.07 310.903 31
3 1533.53 312.364 31
3 1534.98 313.806 31
3 1536.42 315.248 31
3 1537.87 316.699 31
3 1539.31 318.142 31
3 1540.76 319.594 31
3 1542.22 321.045 31
3 1543.66 322.488 31
3 1545.1 323.93 31
3 1546.55 325.38 31
3 1547.99 326.816 31
3 1549.43 328.259 31
3 1550.88 329.71 31
3 1552.33 331.162 31
3 1553.77 332.605 31
3 1555.22 334.055 31
3 1556.67 335.497 31
3 1558.11 336.94 31
3 1559.57 338.4 31
3 1561.01 339.843 31
3 1562.46 341.285 31
3 1563.91 342.736 31
3 1565.35 344.177 31
3 1566.78 345.614 31
3 1568.23 347.056 31
3 1569.68 348.506 31
3 1571.13 349.958 31
3 1572.57 351.4 31
3 1574.02 352.85 31
3 1575.46 354.292 31
3 1576.9 355.735 31
3 1578.36 357.195 31
3 1579.81 358.636 31
3 1581.25 360.079 31
3 1582.7 361.53 31
3 1584.14 362.972 31
3 1585.58 364.407 31
3 1587.03 365.857 31
3 1588.47 367.3 31
3 1589.92 368.752 31
3 1591.37 370.201 31
3 1592.81 371.643 31
3 1594.25 373.084 31
3 1595.7 374.534 31
3 1597.16 375.986 31
3 1598.6 377.428 31
3 1600.04 378.87 31
3 1601.49 380.32 31
3 1602.93 381.756 31
3 1604.37 383.199 31
3 1605.82 384.649 31
3 1607.26 386.091 31
3 1608.71 387.543 31
3 1610.16 388.994 31
3 1611.61 390.436 31
3 1613.05 391.878 31
3 1614.5 393.328 31
3 1615.95 394.781 31
3 1617.39 396.223 31
3 1618.84 397.674 31
3 1620.29 399.116 31
3 1621.72 400.552 31
3 1623.17 402.003 31
3 1624.62 403.446 31
3 1626.06 404.887 31
4 1627.51 1.08e-07 31
4 1628.95 1.44189 31
4 1630.39 2.88435 31
4 1631.83 4.32023 31
4 1633.28 5.77612 31
4 1634.72 7.21122 31
4 1636.16 8.653 31
4 1637.62 10.1127 31
4 1639.06 11.5546 31
4 1640.5 12.9965 31
4 1641.96 14.4509 31
4 1643.4 15.892 31
4 1644.84 17.3343 31
4 1646.29 18.7848 31
4 1647.73 20.2271 31
4 1649.19 21.685 31
4 1650.64 23.1354 31
4 1652.09 24.5778 31
4 1653.54 26.0304 31
4 1654.99 27.4804 31
4 1656.43 28.9228 31
4 1657.87 30.3592 31
4 1659.32 31.8093 31
4 1660.76 33.252 31
4 1662.2 34.6945 31
4 1663.65 36.145 31
4 1665.09 37.5871 31
4 1666.54 39.0287 31
4 1668 40.489 31
4 1669.44 41.9306 31
4 1670.88 43.3726 31
4 1672.34 44.8323 31
4 1673.78 46.2746 31
4 1675.22 47.7171 31
4 1676.66 49.1533 31
4 1678.11 50.6036 31
4 1679.55 52.0465 31
4 1681 53.4895 31
4 1682.45 54.94 31
4 1683.89 56.3829 31
4 1685.33 57.8256 31
4 1686.78 59.2761 31
4 1688.23 60.7185 31
4 1689.68 62.17 31
4 1691.12 63.616 31
4 1692.56 65.0522 31
4 1694 66.4948 31
4 1695.45 67.9454 31
4 1696.9 69.3882 31
4 1698.34 70.8303 31
4 1699.79 72.2797 31
4 1701.24 73.7369 31
4 1702.69 75.178 31
4 1704.14 76.6279 31
4 1705.59 78.0848 31
4 1707.03 79.5272 31
4 1708.49 80.9777 31
4 1709.93 82.4203 31
4 1711.37 83.8629 31
4 1712.81 85.2997 31
4 1714.26 86.7504 31
4 1715.7 88.1922 31
4 1717.14 89.6341 31
4 1718.59 91.0846 31
4 1720.04 92.5371 31
4 1721.49 93.9796 31
4 1722.94 95.4296 31
4 1724.39 96.8822 31
4 1725.83 98.3242 31
4 1727.28 99.7749 31
4 1728.72 101.217 31
4 1730.17 102.66 31
4 1731.62 104.11 31
4 1733.06 105.548 31
4 1734.5 106.991 31
4 1735.97 108.462 31
4 1737.41 109.904 31
4 1738.85 111.342 31
4 1740.3 112.793 31
4 1741.74 114.236 31
4 1743.19 115.684 31
4 1744.64 117.135 31
4 1746.09 118.578 31
4 1747.53 120.02 31
4 1748.98 121.47 31
4 1750.42 122.911 31
4 1751.86 124.353 31
4 1753.3 125.79 31
4 1754.75 127.24 31
4 1756.19 128.682 31
4 1757.64 130.13 31
4 1759.09 131.581 31
4 1760.53 133.024 31
4 1761.98 134.476 31
4 1763.43 135.927 31
4 1764.88 137.37 31
4 1766.32 138.813 31
4 1767.77 140.265 31
4 1769.21 141.707 31
4 1770.65 143.145 31
4 1772.1 144.595 31
4 1773.55 146.038 31
4 1774.99 147.48 31
4 1776.45 148.941 31
4 1777.89 150.384 31
4 1779.33 151.826 31
4 1780.79 153.282 31
4 1782.23 154.724 31
4 1783.67 156.167 31
4 1785.12 157.618 31
4 1786.57 159.06 31
4 1788.01 160.502 31
4 1789.45 161.939 31
4 1790.9 163.389 31
4 1792.34 164.832 31
4 1793.78 166.273 31
4 1795.24 167.734 31
4 1796.69 169.178 31
4 1798.13 170.62 31
4 1799.58 172.072 31
4 1801.02 173.514 31
4 1802.47 174.967 31
4 1803.93 176.418 31
4 1805.37 177.861 31
4 1806.81 179.304 31
4 1808.26 180.756 31
4 1809.71 182.198 31
4 1811.14 183.635 31
4 1812.59 185.086 31
4 1814.05 186.545 31
4 1815.49 187.981 31
4 1816.94 189.432 31
4 1818.38 190.874 31
4 1819.82 192.317 31
4 1821.28 193.773 31
4 1822.72 195.215 31
4 1824.17 196.658 31
4 1825.62 198.109 31
4 1827.06 199.552 31
4 1828.5 200.995 31
4 1829.94 202.432 31
4 1831.39 203.883 31
4 1832.85 205.347 31
4 1834.3 206.79 31
4 1835.75 208.241 31
4 1837.18 209.677 31
4 1838.63 211.12 31
4 1840.08 212.576 31
4 1841.53 214.019 31
4 1842.97 215.462 31
4 1844.42 216.912 31
4 1845.86 218.355 31
4 1847.3 219.797 31
4 1848.76 221.248 31
4 1850.19 222.684 31
4 1851.63 224.127 31
4 1853.09 225.578 31
4 1854.53 227.026 31
4 1855.98 228.469 31
4 1857.43 229.92 31
4 1858.87 231.362 31
4 1860.31 232.805 31
4 1861.76 234.257 31
4 1863.21 235.699 31
4 1864.65 237.142 31
4 1866.09 238.584 31
4 1867.55 240.041 31
4 1868.99 241.478 31
4 1870.43 242.921 31
4 1871.88 244.372 31
4 1873.32 245.815 31
4 1874.76 247.257 31
4 1876.22 248.708 31
4 1877.66 250.151 31
4 1879.1 251.594 31
4 1880.55 253.045 31
4 1881.99 254.482 31
4 1883.43 255.924 31
4 1884.9 257.391 31
4 1886.33 258.827 31
4 1887.78 260.27 31
4 1889.23 261.725 31
4 1890.68 263.168 31
4 1892.12 264.61 31
4 1893.57 266.061 31
4 1895.01 267.504 31
4 1896.45 268.947 31
4 1897.89 270.384 31
4 1899.35 271.842 31
4 1900.81 273.3 31
4 1902.26 274.751 31
4 1903.7 276.194 31
4 1905.14 277.637 31
4 1906.58 279.074 31
4 1908.05 280.541 31
4 1909.49 281.978 31
4 1910.93 283.421 31
4 1912.38 284.871 31
4 1913.82 286.314 31
4 1915.26 287.757 31
4 1916.72 289.208 31
4 1918.16 290.651 31
4 1919.6 292.094 31
4 1921.05 293.544 31
4 1922.51 295.002 31
4 1923.95 296.445 31
4 1925.4 297.895 31
4 1926.85 299.338 31
4 1928.28 300.774 31
4 1929.75 302.241 31
4 1931.19 303.684 31
4 1932.63 305.12 31
4 1934.08 306.571 31
4 1935.52 308.014 31
4 1936.96 309.457 31
4 1938.42 310.908 31
4 1939.86 312.35 31
4 1941.31 313.804 31
4 1942.76 315.255 31
4 1944.2 316.697 31
4 1945.65 318.14 31
4 1947.1 319.591 31
4 1948.55 321.044 31
4 1950 322.488 31
4 1951.45 323.939 31
4 1952.89 325.381 31
4 1954.33 326.818 31
4 1955.77 328.261 31
4 1957.22 329.712 31
4 1958.66 331.155 31
4 1960.11 332.598 31
4 1961.56 334.049 31
4 1963.01 335.502 31
4 1964.45 336.944 31
4 1965.9 338.395 31
4 1967.36 339.848 31
4 1968.8 341.291 31
4 1970.25 342.741 31
4 1971.69 344.184 31
4 1973.13 345.627 31
4 1974.58 347.077 31
4 1976.02 348.514 31
4 1977.46 349.956 31
4 1978.91 351.406 31
4 1980.36 352.849 31
4 1981.81 354.302 31
4 1983.26 355.753 31
4 1984.7 357.196 31
4 1986.16 358.649 31
4 1987.61 360.1 31
4 1989.05 361.543 31
4 1990.49 362.986 31
4 1991.94 364.437 31
4 1993.39 365.88 31
4 1994.83 367.323 31
4 1996.27 368.759 31
4 1997.72 370.21 31
4 1999.16 371.653 31
4 2000.61 373.101 31
4 2002.06 374.551 31
4 2003.5 375.994 31
4 2004.95 377.447 31
4 2006.41 378.898 31
4 2007.85 380.34 31
4 2009.29 381.783 31
4 2010.74 383.234 31
4 2012.18 384.676 31
4 2013.62 386.113 31
4 2015.07 387.563 31
4 2016.51 389.006 31
4 2017.96 390.449 31
4 2019.41 391.9 31
4 2020.85 393.342 31
4 2022.29 394.784 31
4 2023.75 396.244 31
4 2025.19 397.687 31
4 2026.64 399.129 31
4 2028.07 400.566 31
4 2029.52 402.017 31
4 2030.97 403.459 31
4 2032.41 404.902 31
4 2033.86 406.353 31
5 2035.3 1.05e-07 31
5 2036.74 1.44282 31
5 2038.2 2.89363 31
5 2039.64 4.33643 31
5 2041.08 5.77303 31
5 2042.53 7.22335 31
5 2043.97 8.66647 31
5 2045.42 10.1194 31
5 2046.87 11.5697 31
5 2048.31 13.0128 31
5 2049.76 14.4554 31
5 2051.21 15.9065 31
5 2052.66 17.3539 31
5 2054.1 18.7964 31
5 2055.55 20.2469 31
5 2056.99 21.6896 31
5 2058.43 23.1319 31
5 2059.9 24.5978 31
5 2061.34 26.0403 31
5 2062.78 27.4827 31
5 2064.25 28.9438 31
5 2065.69 30.3866 31
5 2067.13 31.829 31
5 2068.57 33.2717 31
5 2070.02 34.7218 31
5 2071.46 36.1588 31
5 2072.9 37.6022 31
5 2074.35 39.0528 31
5 2075.8 40.4959 31
5 2077.24 41.9386 31
5 2078.7 43.3993 31
5 2080.14 44.8416 31
5 2081.59 46.2841 31
5 2083.04 47.7398 31
5 2084.48 49.1827 31
5 2085.93 50.6256 31
5 2087.38 52.076 31
5 2088.82 53.5187 31
5 2090.26 54.9613 31
5 2091.71 56.4119 31
5 2093.15 57.8487 31
5 2094.59 59.2918 31
5 2096.04 60.7425 31
5 2097.5 62.1958 31
5 2098.94 63.6387 31
5 2100.39 65.09 31
5 2101.84 66.5372 31
5 2103.28 67.9798 31
5 2104.73 69.4302 31
5 2106.17 70.8721 31
5 2107.62 72.3148 31
5 2109.05 73.7511 31
5 2110.51 75.2077 31
5 2111.95 76.645 31
5 2113.39 78.0875 31
5 2114.84 79.5382 31
5 2116.29 80.9911 31
5 2117.74 82.4336 31
5 2119.19 83.8842 31
5 2120.63 85.3306 31
5 2122.07 86.7725 31
5 2123.53 88.223 31
5 2124.97 89.6659 31
5 2126.41 91.1088 31
5 2127.86 92.5589 31
5 2129.3 93.9958 31
5 2130.74 95.4392 31
5 2132.19 96.8899 31
5 2133.63 98.3321 31
5 2135.09 99.7856 31
5 2136.54 101.236 31
5 2137.98 102.678 31
5 2139.42 104.119 31
5 2140.87 105.57 31
5 2142.33 107.023 31
5 2143.77 108.466 31
5 2145.22 109.916 31
5 2146.66 111.359 31
5 2148.1 112.801 31
5 2149.54 114.238 31
5 2150.99 115.688 31
5 2152.43 117.129 31
5 2153.88 118.576 31
5 2155.33 120.026 31
5 2156.77 121.468 31
5 2158.21 122.91 31
5 2159.66 124.36 31
5 2161.11 125.812 31
5 2162.56 127.253 31
5 2164.01 128.704 31
5 2165.45 130.146 31
5 2166.88 131.582 31
5 2168.34 133.033 31
5 2169.78 134.476 31
5 2171.22 135.918 31
5 2172.68 137.378 31
5 2174.12 138.82 31
5 2175.56 140.263 31
5 2177.02 141.713 31
5 2178.46 143.156 31
5 2179.91 144.608 31
5 2181.36 146.058 31
5 2182.8 147.501 31
5 2184.25 148.944 31
5 2185.68 150.381 31
5 2187.13 151.832 31
5 2188.58 153.275 31
5 2190.02 154.717 31
5 2191.48 156.178 31
5 2192.92 157.622 31
5 2194.37 159.064 31
5 2195.82 160.515 31
5 2197.26 161.956 31
5 2198.71 163.409 31
5 2200.16 164.859 31
5 2201.6 166.303 31
5 2203.05 167.745 31
5 2204.5 169.196 31
5 2205.94 170.639 31
5 2207.38 172.076 31
5 2208.83 173.527 31
5 2210.27 174.969 31
5 2211.71 176.411 31
5 2213.17 177.872 31
5 2214.62 179.315 31
5 2216.06 180.757 31
5 2217.51 182.207 31
5 2218.95 183.65 31
5 2220.4 185.093 31
5 2221.83 186.528 31
5 2223.28 187.979 31
5 2224.72 189.422 31
5 2226.17 190.865 31
5 2227.63 192.326 31
5 2229.07 193.769 31
5 2230.51 195.212 31
5 2231.97 196.668 31
5 2233.41 198.11 31
5 2234.85 199.552 31
5 2236.3 201.002 31
5 2237.75 202.444 31
5 2239.18 203.88 31
5 2240.63 205.33 31
5 2242.07 206.773 31
5 2243.53 208.226 31
5 2244.98 209.677 31
5 2246.42 211.12 31
5 2247.86 212.562 31
5 2249.31 214.013 31
5 2250.76 215.461 31
5 2252.21 216.904 31
5 2253.66 218.355 31
5 2255.1 219.798 31
5 2256.54 221.24 31
5 2257.98 222.678 31
5 2259.44 224.134 31
5 2260.87 225.571 31
5 2262.32 227.013 31
5 2263.77 228.465 31
5 2265.22 229.918 31
5 2266.66 231.361 31
5 2268.11 232.811 31
5 2269.56 234.259 31
5 2271 235.701 31
5 2272.45 237.152 31
5 2273.9 238.595 31
5 2275.34 240.038 31
5 2276.79 241.488 31
5 2278.23 242.931 31
5 2279.67 244.367 31
5 2281.12 245.817 31
5 2282.56 247.26 31
5 2284.02 248.713 31
5 2285.47 250.164 31
5 2286.91 251.607 31
5 2288.36 253.054 31
5 2289.81 254.505 31
5 2291.25 255.948 31
5 2292.69 257.392 31
5 2294.14 258.843 31
5 2295.59 260.285 31
5 2297.03 261.728 31
5 2298.47 263.165 31
5 2299.92 264.616 31
5 2301.36 266.059 31
5 2302.8 267.502 31
5 2304.26 268.953 31
5 2305.7 270.397 31
5 2307.15 271.85 31
5 2308.6 273.301 31
5 2310.05 274.744 31
5 2311.49 276.187 31
5 2312.94 277.638 31
5 2314.38 279.081 31
5 2315.82 280.518 31
5 2317.28 281.975 31
5 2318.71 283.411 31
5 2320.16 284.854 31
5 2321.62 286.315 31
5 2323.06 287.758 31
5 2324.5 289.201 31
5 2325.95 290.652 31
5 2327.4 292.094 31
5 2328.85 293.546 31
5 2330.3 294.997 31
5 2331.74 296.439 31
5 2333.18 297.882 31
5 2334.63 299.325 31
5 2336.08 300.776 31
5 2337.52 302.213 31
5 2338.96 303.656 31
5 2340.41 305.107 31
5 2341.85 306.55 31
5 2343.3 308.002 31
5 2344.75 309.453 31
5 2346.2 310.895 31
5 2347.64 312.338 31
5 2349.09 313.789 31
5 2350.53 315.231 31
5 2351.97 316.668 31
5 2353.43 318.124 31
5 2354.86 319.561 31
5 2356.3 321.003 31
5 2357.76 322.454 31
5 2359.2 323.897 31
5 2360.64 325.34 31
5 2362.1 326.802 31
5 2363.55 328.245 31
5 2364.99 329.688 31
5 2366.44 331.14 31
5 2367.89 332.583 31
5 2369.34 334.036 31
5 2370.79 335.487 31
5 2372.23 336.93 31
5 2373.67 338.372 31
5 2375.11 339.809 31
5 2376.56 341.26 31
5 2378.01 342.703 31
5 2379.45 344.146 31
5 2380.9 345.597 31
5 2382.34 347.04 31
5 2383.8 348.498 31
5 2385.25 349.949 31
5 2386.69 351.392 31
5 2388.14 352.835 31
5 2389.59 354.287 31
5 2391.04 355.74 31
5 2392.48 357.183 31
5 2393.94 358.633 31
5 2395.38 360.075 31
5 2396.81 361.512 31
5 2398.27 362.968 31
5 2399.71 364.405 31
5 2401.15 365.848 31
5 2402.61 367.309 31
5 2404.05 368.752 31
5 2405.5 370.195 31
5 2406.95 371.646 31
5 2408.39 373.089 31
5 2409.84 374.542 31
5 2411.3 375.993 31
5 2412.74 377.436 31
5 2414.18 378.879 31
5 2415.63 380.33 31
5 2417.07 381.773 31
5 2418.51 383.21 31
5 2419.95 384.653 31
5 2421.43 386.124 31
5 2422.87 387.567 31
5 2424.31 389.004 31
5 2425.76 390.455 31
5 2427.2 391.898 31
5 2428.64 393.34 31
5 2430.09 394.791 31
5 2431.54 396.233 31
5 2432.98 397.676 31
5 2434.43 399.128 31
5 2435.87 400.57 31
5 2437.31 402.007 31
5 2438.76 403.458 31
5 2440.23 404.923 31
5 2441.67 406.366 31
5 2443.12 407.817 31
5 2444.56 409.254 31
6 2446 8e-08 31
6 2447.47 1.4672 31
6 2448.91 2.90935 31
6 2450.35 4.34602 31
6 2451.8 5.79669 31
6 2453.24 7.23843 31
6 2454.68 8.68023 31
6 2456.13 10.1309 31
6 2457.57 11.5736 31
6 2459.02 13.0158 31
6 2460.45 14.4518 31
6 2461.9 15.9027 31
6 2463.34 17.345 31
6 2464.79 18.7875 31
6 2466.24 20.2386 31
6 2467.68 21.681 31
6 2469.14 23.1391 31
6 2470.59 24.5892 31
6 2472.03 26.0318 31
6 2473.48 27.4845 31
6 2474.93 28.9348 31
6 2476.38 30.3774 31
6 2477.82 31.82 31
6 2479.27 33.2701 31
6 2480.73 34.727 31
6 2482.17 36.169 31
6 2483.62 37.6193 31
6 2485.07 39.0721 31
6 2486.51 40.5148 31
6 2487.96 41.9649 31
6 2489.41 43.4074 31
6 2490.85 44.8493 31
6 2492.3 46.2999 31
6 2493.74 47.7369 31
6 2495.18 49.1788 31
6 2496.63 50.6294 31
6 2498.07 52.0721 31
6 2499.52 53.5247 31
6 2500.98 54.9754 31
6 2502.42 56.4173 31
6 2503.86 57.8602 31
6 2505.31 59.3108 31
6 2506.76 60.7633 31
6 2508.21 62.2056 31
6 2509.66 63.6561 31
6 2511.1 65.0978 31
6 2512.53 66.5347 31
6 2513.98 67.9772 31
6 2515.43 69.4279 31
6 2516.87 70.8702 31
6 2518.32 72.3223 31
6 2519.77 73.7721 31
6 2521.21 75.2147 31
6 2522.66 76.657 31
6 2524.11 78.1074 31
6 2525.56 79.5601 31
6 2527 81.0027 31
6 2528.45 82.453 31
6 2529.9 83.8956 31
6 2531.34 85.3382 31
6 2532.79 86.7886 31
6 2534.23 88.2255 31
6 2535.67 89.6682 31
6 2537.13 91.134 31
6 2538.57 92.5704 31
6 2540.01 94.0133 31
6 2541.46 95.464 31
6 2542.91 96.9067 31
6 2544.36 98.3597 31
6 2545.81 99.8101 31
6 2547.25 101.253 31
6 2548.7 102.695 31
6 2550.15 104.146 31
6 2551.59 105.588 31
6 2553.03 107.025 31
6 2554.47 108.469 31
6 2555.92 109.919 31
6 2557.36 111.362 31
6 2558.81 112.809 31
6 2560.26 114.259 31
6 2561.7 115.702 31
6 2563.16 117.155 31
6 2564.61 118.606 31
6 2566.05 120.048 31
6 2567.49 121.491 31
6 2568.94 122.941 31
6 2570.38 124.384 31
6 2571.82 125.82 31
6 2573.27 127.271 31
6 2574.71 128.713 31
6 2576.15 130.155 31
6 2577.62 131.616 31
6 2579.06 133.058 31
6 2580.5 134.5 31
6 2581.95 135.951 31
6 2583.39 137.394 31
6 2584.85 138.847 31
6 2586.3 140.298 31
6 2587.74 141.741 31
6 2589.18 143.184 31
6 2590.62 144.62 31
6 2592.08 146.077 31
6 2593.51 147.514 31
6 2594.96 148.956 31
6 2596.41 150.407 31
6 2597.85 151.849 31
6 2599.3 153.303 31
6 2600.75 154.753 31
6 2602.2 156.196 31
6 2603.64 157.639 31
6 2605.09 159.089 31
6 2606.53 160.532 31
6 2607.97 161.969 31
6 2609.43 163.425 31
6 2610.88 164.883 31
6 2612.33 166.326 31
6 2613.78 167.776 31
6 2615.21 169.213 31
6 2616.66 170.656 31
6 2618.12 172.123 31
6 2619.56 173.559 31
6 2621 175.002 31
6 2622.45 176.453 31
6 2623.9 177.896 31
6 2625.34 179.338 31
6 2626.79 180.789 31
6 2628.23 182.231 31
6 2629.69 183.689 31
6 2631.14 185.14 31
6 2632.58 186.582 31
6 2634.02 188.025 31
6 2635.47 189.468 31
6 2636.93 190.929 31
6 2638.37 192.372 31
6 2639.82 193.824 31
6 2641.27 195.265 31
6 2642.7 196.702 31
6 2644.15 198.146 31
6 2645.6 199.596 31
6 2647.04 201.04 31
6 2648.49 202.488 31
6 2649.94 203.939 31
6 2651.38 205.382 31
6 2652.83 206.825 31
6 2654.28 208.276 31
6 2655.73 209.729 31
6 2657.17 211.172 31
6 2658.62 212.623 31
6 2660.06 214.065 31
6 2661.51 215.508 31
6 2662.96 216.958 31
6 2664.4 218.395 31
6 2665.84 219.839 31
6 2667.31 221.31 31
6 2668.75 222.753 31
6 2670.19 224.19 31
6 2671.64 225.64 31
6 2673.08 227.083 31
6 2674.53 228.531 31
6 2675.98 229.981 31
6 2677.42 231.423 31
6 2678.87 232.866 31
6 2680.32 234.316 31
6 2681.76 235.759 31
6 2683.2 237.202 31
6 2684.64 238.638 31
6 2686.11 240.11 31
6 2687.55 241.553 31
6 2688.99 242.989 31
6 2690.44 244.44 31
6 2691.88 245.882 31
6 2693.32 247.325 31
6 2694.78 248.775 31
6 2696.22 250.218 31
6 2697.66 251.661 31
6 2699.11 253.112 31
6 2700.55 254.555 31
6 2701.99 255.992 31
6 2703.45 257.449 31
6 2704.89 258.886 31
6 2706.33 260.328 31
6 2707.79 261.79 31
6 2709.23 263.232 31
6 2710.68 264.675 31
6 2712.13 266.126 31
6 2713.57 267.569 31
6 2715.02 269.022 31
6 2716.47 270.473 31
6 2717.92 271.915 31
6 2719.36 273.358 31
6 2720.8 274.8 31
6 2722.25 276.251 31
6 2723.69 277.688 31
6 2725.13 279.131 31
6 2726.6 280.603 31
6 2728.05 282.045 31
6 2729.48 283.482 31
6 2730.93 284.934 31
6 2732.38 286.377 31
6 2733.82 287.824 31
6 2735.27 289.275 31
6 2736.72 290.718 31
6 2738.16 292.161 31
6 2739.61 293.612 31
6 2741.05 295.054 31
6 2742.49 296.491 31
6 2743.94 297.942 31
6 2745.41 299.406 31
6 2746.85 300.85 31
6 2748.3 302.301 31
6 2749.74 303.739 31
6 2751.18 305.182 31
6 2752.65 306.649 31
6 2754.09 308.086 31
6 2755.53 309.529 31
6 2756.98 310.98 31
6 2758.42 312.424 31
6 2759.87 313.866 31
6 2761.32 315.318 31
6 2762.76 316.761 31
6 2764.22 318.219 31
6 2765.67 319.671 31
6 2767.11 321.114 31
6 2768.56 322.557 31
6 2770.01 324.008 31
6 2771.46 325.461 31
6 2772.9 326.905 31
6 2774.36 328.356 31
6 2775.8 329.799 31
6 2777.24 331.236 31
6 2778.68 332.68 31
6 2780.13 334.131 31
6 2781.57 335.575 31
6 2783.02 337.023 31
6 2784.47 338.474 31
6 2785.92 339.918 31
6 2787.36 341.361 31
6 2788.81 342.813 31
6 2790.27 344.266 31
6 2791.71 345.709 31
6 2793.16 347.159 31
6 2794.6 348.602 31
6 2796.05 350.046 31
6 2797.5 351.496 31
6 2798.93 352.933 31
6 2800.38 354.377 31
6 2801.83 355.827 31
6 2803.27 357.271 31
6 2804.72 358.719 31
6 2806.17 360.17 31
6 2807.61 361.613 31
6 2809.06 363.056 31
6 2810.51 364.507 31
6 2811.95 365.95 31
6 2813.39 367.387 31
6 2814.83 368.831 31
6 2816.3 370.303 31
6 2817.75 371.745 31
6 2819.18 373.182 31
6 2820.63 374.634 31
6 2822.08 376.077 31
6 2823.52 377.52 31
6 2824.97 378.971 31
6 2826.41 380.414 31
6 2827.86 381.857 31
6 2829.31 383.307 31
6 2830.75 384.75 31
6 2832.19 386.188 31
6 2833.64 387.645 31
6 2835.1 389.103 31
6 2836.55 390.547 31
6 2838 391.998 31
6 2839.44 393.441 31
6 2840.88 394.878 31
6 2842.35 396.346 31
6 2843.79 397.789 31
6 2845.23 399.226 31
6 2846.68 400.677 31
6 2848.12 402.12 31
6 2849.56 403.563 31
6 2851.01 405.014 31
6 2852.46 406.458 31
6 2853.92 407.916 31
6 2855.37 409.367 31
6 2856.81 410.81 31
7 2858.25 1e-07 31
7 2859.7 1.45165 31
7 2861.16 2.90527 31
7 2862.6 4.34855 31
7 2864.05 5.79977 31
7 2865.5 7.24337 31
7 2866.94 8.68681 31
7 2868.38 10.1234 31
7 2869.83 11.5746 31
7 2871.27 13.018 31
7 2872.71 14.4611 31
7 2874.17 15.9122 31
7 2875.61 17.3555 31
7 2877.05 18.7988 31
7 2878.5 20.2503 31
7 2879.95 21.6938 31
7 2881.39 23.1373 31
7 2882.86 24.6037 31
7 2884.3 26.0471 31
7 2885.74 27.4902 31
7 2887.21 28.9519 31
7 2888.65 30.3957 31
7 2890.09 31.8389 31
7 2891.54 33.2908 31
7 2892.99 34.7345 31
7 2894.45 36.193 31
7 2895.9 37.6441 31
7 2897.34 39.0874 31
7 2898.79 40.5414 31
7 2900.25 41.9922 31
7 2901.69 43.4358 31
7 2903.13 44.8788 31
7 2904.58 46.3299 31
7 2906.03 47.7727 31
7 2907.46 49.2101 31
7 2908.91 50.6613 31
7 2910.36 52.1044 31
7 2911.8 53.5465 31
7 2913.26 55.007 31
7 2914.7 56.45 31
7 2916.15 57.8932 31
7 2917.6 59.3443 31
7 2919.04 60.7877 31
7 2920.49 62.241 31
7 2921.95 63.6919 31
7 2923.39 65.1348 31
7 2924.83 66.577 31
7 2926.27 68.014 31
7 2927.72 69.4651 31
7 2929.16 70.9084 31
7 2930.6 72.3515 31
7 2932.06 73.8021 31
7 2933.5 75.2441 31
7 2934.95 76.6975 31
7 2936.4 78.1476 31
7 2937.84 79.5912 31
7 2939.29 81.0343 31
7 2940.74 82.4855 31
7 2942.18 83.9286 31
7 2943.62 85.3656 31
7 2945.07 86.8163 31
7 2946.53 88.2811 31
7 2947.98 89.7246 31
7 2949.43 91.1749 31
7 2950.87 92.6122 31
7 2952.31 94.056 31
7 2953.78 95.5234 31
7 2955.21 96.9609 31
7 2956.66 98.4043 31
7 2958.11 99.8552 31
7 2959.55 101.298 31
7 2960.99 102.741 31
7 2962.45 104.192 31
7 2963.89 105.635 31
7 2965.35 107.094 31
7 2966.8 108.545 31
7 2968.24 109.988 31
7 2969.68 111.431 31
7 2971.14 112.882 31
7 2972.59 114.335 31
7 2974.03 115.778 31
7 2975.48 117.229 31
7 2976.92 118.672 31
7 2978.36 120.108 31
7 2979.8 121.551 31
7 2981.26 123.002 31
7 2982.7 124.445 31
7 2984.15 125.893 31
7 2985.6 127.344 31
7 2987.04 128.786 31
7 2988.48 130.229 31
7 2989.93 131.68 31
7 2991.39 133.133 31
7 2992.83 134.576 31
7 2994.28 136.027 31
7 2995.72 137.47 31
7 2997.16 138.907 31
7 2998.61 140.358 31
7 3000.05 141.801 31
7 3001.5 143.244 31
7 3002.96 144.705 31
7 3004.4 146.148 31
7 3005.84 147.59 31
7 3007.29 149.041 31
7 3008.74 150.484 31
7 3010.19 151.937 31
7 3011.64 153.389 31
7 3013.08 154.832 31
7 3014.53 156.275 31
7 3015.97 157.718 31
7 3017.42 159.169 31
7 3018.86 160.606 31
7 3020.3 162.049 31
7 3021.77 163.521 31
7 3023.22 164.964 31
7 3024.65 166.401 31
7 3026.11 167.852 31
7 3027.55 169.295 31
7 3029 170.743 31
7 3030.45 172.193 31
7 3031.89 173.636 31
7 3033.33 175.078 31
7 3034.78 176.528 31
7 3036.22 177.971 31
7 3037.67 179.414 31
7 3039.12 180.865 31
7 3040.55 182.302 31
7 3042 183.745 31
7 3043.47 185.217 31
7 3044.91 186.66 31
7 3046.35 188.096 31
7 3047.8 189.547 31
7 3049.24 190.989 31
7 3050.69 192.437 31
7 3052.14 193.888 31
7 3053.58 195.33 31
7 3055.03 196.773 31
7 3056.48 198.223 31
7 3057.92 199.666 31
7 3059.36 201.109 31
7 3060.8 202.546 31
7 3062.27 204.017 31
7 3063.71 205.46 31
8 3065.16 9e-08 31
8 3066.61 1.45087 31
8 3068.04 2.88696 31
8 3069.49 4.32957 31
8 3070.94 5.77993 31
8 3072.38 7.22233 31
8 3073.82 8.66467 31
8 3075.27 10.116 31
8 3076.72 11.5586 31
8 3078.15 12.9949 31
8 3079.61 14.452 31
8 3081.05 15.8887 31
8 3082.49 17.3314 31
8 3083.94 18.7823 31
8 3085.38 20.2251 31
8 3086.83 21.6682 31
8 3088.29 23.1291 31
8 3089.73 24.5719 31
8 3091.17 26.015 31
8 3092.62 27.4663 31
8 3094.07 28.9089 31
8 3095.51 30.3518 31
8 3096.95 31.7884 31
8 3098.4 33.2387 31
8 3099.85 34.6973 31
8 3101.29 36.134 31
8 3102.74 37.5849 31
8 3104.18 39.0278 31
8 3105.63 40.4711 31
8 3107.08 41.9266 31
8 3108.53 43.3684 31
8 3109.97 44.8117 31
8 3111.42 46.2622 31
8 3112.86 47.7046 31
8 3114.3 49.1477 31
8 3115.76 50.5986 31
8 3117.19 52.0355 31
8 3118.64 53.4785 31
8 3120.09 54.93 31
8 3121.54 56.3831 31
8 3122.98 57.8262 31
8 3124.43 59.2774 31
8 3125.88 60.7212 31
8 3127.32 62.1641 31
8 3128.78 63.6198 31
8 3130.22 65.0619 31
8 3131.66 66.5047 31
8 3133.1 67.948 31
8 3134.56 69.3986 31
8 3135.99 70.8359 31
8 3137.44 72.2795 31
8 3138.89 73.7309 31
8 3140.33 75.174 31
8 3141.77 76.6172 31
8 3143.24 78.0824 31
8 3144.68 79.5212 31
8 3146.12 80.9642 31
8 3147.57 82.4157 31
8 3149.02 83.8586 31
8 3150.46 85.3012 31
8 3151.91 86.7521 31
8 3153.35 88.1951 31
8 3154.81 89.6529 31
8 3156.26 91.1039 31
8 3157.7 92.547 31
8 3159.16 93.9997 31
8 3160.61 95.45 31
8 3162.05 96.8926 31
8 3163.49 98.3353 31
8 3164.94 99.7862 31
8 3166.38 101.222 31
8 3167.82 102.666 31
8 3169.27 104.116 31
8 3170.72 105.559 30.5
9 3172.16 8.6e-08 30.5
9 3173.61 1.4508 30.5
9 3175.05 2.89377 30.5
9 3176.5 4.33681 30.5
9 3177.93 5.77388 30.5
9 3179.39 7.2313 30.5
9 3180.85 8.68979 30.5
9 3182.3 10.1412 30.5
9 3183.74 11.5842 30.5
9 3185.19 13.0272 30.5
9 3186.62 14.4642 30.5
9 3188.07 15.9159 30.5
9 3189.52 17.359 30.5
9 3190.96 18.8017 30.5
9 3192.42 20.2624 30.5
9 3193.86 21.7057 30.5
9 3195.31 23.1481 30.5
9 3196.76 24.5984 30.5
9 3198.2 26.0406 30.5
9 3199.65 27.4936 30.5
9 3201.1 28.9439 30.5
9 3202.55 30.3864 30.5
9 3203.99 31.8292 30.5
9 3205.44 33.2804 30.5
9 3206.88 34.7236 30.5
9 3208.32 36.1605 30.5
9 3209.78 37.6176 30.5
9 3211.21 39.0542 30.5
9 3212.66 40.4976 30.5
9 3214.13 41.9697 30.5
9 3215.57 43.4125 30.5
9 3217.01 44.8494 30.5
9 3218.46 46.3002 30.5
9 3219.9 47.7427 30.5
9 3221.35 49.1913 30.5
9 3222.8 50.6423 30.5
9 3224.24 52.085 30.5
10 3225.69 8.6e-08 30.5
10 3227.14 1.45066 30.5
10 3228.58 2.89368 30.5
10 3230.02 4.33678 30.5
10 3231.46 5.77355 30.5
10 3232.91 7.22466 30.5
10 3234.35 8.6678 31
10 3235.81 10.1275 31
10 3237.26 11.5716 30.5
10 3238.7 13.0146 30.5
10 3240.14 14.4577 30.5
10 3241.6 15.9091 30.5
10 3243.04 17.3526 31
10 3244.49 18.806 30.5
10 3245.94 20.2571 30.5
10 3247.39 21.7001 30.5
10 3248.83 23.1443 30.5
10 3250.28 24.5959 30.5
10 3251.74 26.0491 30.5
10 3253.18 27.4919 31
11 3254.63 1.03e-07 31
11 3256.07 1.44229 31
11 3257.51 2.88519 31
11 3258.96 4.33522 31
11 3260.4 5.77149 31
11 3261.84 7.21339 31
11 3263.29 8.6636 31
11 3264.74 10.1064 31
11 3266.18 11.5493 31
11 3267.63 12.9993 31
11 3269.07 14.4409 31
11 3270.51 15.878 31
12 3271.95 6.9e-08 31
12 3273.42 1.46708 31
12 3274.86 2.9096 31
12 3276.3 4.34603 31
12 3277.75 5.79656 31
12 3279.19 7.2393 31
13 3280.63 9.9e-08 31
13 3282.08 1.45093 31
13 3283.53 2.89507 31
13 3284.99 4.35316 31
13 3286.44 5.80475 31
14 3287.88 9.6e-08 31
14 3289.32 1.44324 31
14 3290.77 2.894 31
15 3292.23 7e-08 31
15 3293.67 1.44355 31
15 3295.12 2.89515 31
16 3296.57 3.8e-08 31.5
16 3298.01 1.44356 31.5
16 3299.46 2.89418 31.5
17 3300.9 6.4e-08 31.5
17 3302.34 1.44255 31.5
18 3303.81 4e-08 31.5
18 3305.25 1.44237 31.5
18 3306.69 2.87874 31.5
19 3308.14 7.9e-08 31.5
19 3309.58 1.44292 31.5
20 3311.03 7.4e-08 31.5
20 3312.48 1.45023 31.5
20 3313.93 2.89316 31.5
21 3315.37 6.8e-08 31.5
21 3316.82 1.45098 31.5
22 3318.26 7.3e-08 31.5
22 3319.71 1.44375 31.5
23 3321.14 7.2e-08 31.5
23 3322.59 1.45107 31.5
23 3324.04 2.89448 31.5
24 3325.49 9.2e-08 31.5
24 3326.94 1.45023 31.5
25 3328.38 7.3e-08 31.5
25 3329.83 1.45284 31.5
25 3331.28 2.90391 31.5
26 3332.72 6.8e-08 31.5
26 3334.17 1.44344 31.5
27 3335.82 9.6e-08 31.5
27 3337.26 1.44212 31.5
27 3338.71 2.88538 31
28 3340.46 1.05e-07 31.5
28 3341.9 1.44061 31.5
28 3343.34 2.8797 31.5
29 3346.09 1.56e-07 31.5
29 3347.53 1.44742 31.5
29 3348.98 2.89057 31.5
30 3353.82 1.42e-07 31.5
30 3355.27 1.4468 31.5
30 3356.71 2.889 31
