0 3.28675 7.6e-08 22
0 6.17315 2.8864 22
0 7.62306 4.3363 22
0 9.06749 5.78074 22
0 10.5103 7.22358 22
0 11.9662 8.67946 22
0 13.4105 10.1238 22
0 14.8626 11.5758 22
0 16.306 13.0193 22
0 17.7513 14.4645 22
0 19.2097 15.9229 22
0 20.6543 17.3675 22
0 22.1086 18.8219 22
0 23.5609 20.2741 22
0 25.0048 21.718 22
0 26.4491 23.1624 22
0 27.9123 24.6256 22
0 29.3563 26.0695 22
0 30.8079 27.5212 22
0 32.2673 28.9806 22
0 33.7114 30.4246 22
0 35.1632 31.8765 22
0 36.6129 33.3261 22
0 38.0568 34.77 22
0 39.5142 36.2274 22
0 40.9637 37.677 22
0 42.4133 39.1265 22
0 43.8559 40.5692 22
0 45.3043 42.0175 22
0 46.7648 43.478 22
0 48.1958 44.9091 22
0 49.6383 46.3515 22
0 51.1041 47.8174 22
0 52.5478 49.2611 22
1 53.9909 8.7e-08 22
1 55.4412 1.4503 22
1 56.8848 2.89385 22
1 58.3378 4.3469 22
1 59.7873 5.79638 22
1 61.2285 7.2376 22
1 62.6788 8.68783 22
1 64.1268 10.1358 22
1 65.5689 11.578 22
1 67.0186 13.0277 22
1 68.4601 14.4692 22
1 69.9024 15.9114 22
1 71.3592 17.3682 22
1 72.8126 18.8217 22
1 74.255 20.2641 22
1 75.7059 21.715 22
1 77.1492 23.1583 22
1 78.5926 24.6016 22
1 80.0498 26.0588 22
1 81.5033 27.5123 22
1 82.9548 28.9639 22
1 84.3982 30.4072 22
1 85.8413 31.8503 22
1 87.2984 33.3075 22
1 88.7417 34.7508 22
1 90.1854 36.1944 22
1 91.6427 37.6518 22
1 93.0871 39.0961 22
1 94.531 40.54 22
1 95.9889 41.9979 22
1 97.4325 43.4416 22
1 98.8842 44.8933 22
1 100.328 46.3366 22
1 101.771 47.7802 22
1 103.232 49.2415 22
2 104.669 8.1e-08 22
2 106.11 1.44176 22
2 107.566 2.89794 22
2 109.01 4.34179 22
2 110.455 5.78631 22
2 111.906 7.23785 22
2 113.348 8.67979 22
2 114.793 10.1242 22
2 116.242 11.5738 22
2 117.685 13.0165 22
2 119.129 14.4602 22
2 120.587 15.9186 22
2 122.03 17.3611 22
2 123.48 18.8114 22
2 124.922 20.2538 22
2 126.365 21.6965 22
2 127.816 23.1473 22
2 129.264 24.5955 22
2 130.706 26.0374 22
2 132.161 27.4927 22
2 133.604 28.9356 22
2 135.048 30.3795 22
2 136.5 31.8312 22
2 137.944 33.275 22
2 139.386 34.7173 22
2 140.838 36.169 22
2 142.281 37.6129 22
2 143.748 39.0791 22
2 145.191 40.5222 22
2 146.635 41.9661 22
2 148.085 43.4169 22
2 149.528 44.8598 22
2 150.973 46.3042 22
2 152.43 47.7617 22
2 153.873 49.2041 22
3 155.315 7.4e-08 22
3 156.766 1.45162 22
3 158.21 2.895 22
3 159.652 4.33739 22
3 161.103 5.78843 22
3 162.547 7.23261 22
3 163.991 8.67632 22
3 165.448 10.1332 22
3 166.891 11.5762 22
3 168.343 13.0282 22
3 169.787 14.4719 22
3 171.229 15.9144 22
3 172.691 17.3763 22
3 174.135 18.82 22
3 175.578 20.2632 22
3 177.03 21.7151 22
3 178.474 23.1596 22
3 179.919 24.6041 22
3 181.37 26.0558 22
3 182.815 27.5005 22
3 184.259 28.9444 22
3 185.717 30.4019 22
3 187.16 31.8454 22
3 188.61 33.2956 22
3 190.054 34.7394 22
3 191.498 36.1832 22
3 192.954 37.6389 22
3 194.393 39.0784 22
3 195.836 40.5214 22
3 197.292 41.9778 22
3 198.736 43.4213 22
3 200.179 44.8648 22
3 201.631 46.3159 22
3 203.074 47.759 22
3 204.523 49.2085 22
3 205.973 50.6584 22
4 207.416 7.4e-08 22
4 208.865 1.4493 22
4 210.317 2.90087 22
4 211.759 4.34338 22
4 213.21 5.79457 22
4 214.654 7.23847 22
4 216.097 8.68128 22
4 217.549 10.1332 22
4 218.991 11.5752 22
4 220.435 13.0196 22
4 221.893 14.4776 22
4 223.337 15.9216 22
4 224.78 17.3644 22
4 226.232 18.8162 22
4 227.675 20.259 22
4 229.119 21.7029 22
4 230.57 23.1546 22
4 232.014 24.5978 22
4 233.464 26.0478 22
4 234.915 27.4996 22
4 236.358 28.9422 22
4 237.81 30.3938 22
4 239.252 31.8363 22
4 240.694 33.2786 22
4 242.145 34.7297 22
4 243.599 36.183 22
4 245.041 37.625 22
4 246.49 39.0742 22
4 247.933 40.5169 22
4 249.375 41.9593 22
4 250.826 43.4105 22
4 252.269 44.8534 22
4 253.712 46.2965 22
4 255.163 47.7476 22
4 256.607 49.1913 22
4 258.051 50.6352 22
4 259.508 52.0927 22
5 260.952 6.9e-08 22
5 262.404 1.45182 22
5 263.849 2.89617 22
5 265.292 4.33972 22
5 266.743 5.79076 22
5 268.187 7.2343 22
5 269.642 8.68919 22
5 271.093 10.1407 22
5 272.538 11.5854 22
5 273.982 13.0301 22
5 275.435 14.483 22
5 276.88 15.9276 22
5 278.324 17.3714 22
5 279.791 18.8389 22
5 281.235 20.2828 22
5 282.687 21.7351 22
5 284.13 23.1777 22
5 285.574 24.6212 22
5 287.031 26.0791 22
5 288.475 27.5229 22
5 289.918 28.9655 22
5 291.369 30.4171 22
5 292.812 31.8597 22
5 294.254 33.3021 22
5 295.706 34.7539 22
5 297.149 36.1967 22
5 298.612 37.6594 22
5 300.056 39.1036 22
5 301.5 40.5481 22
5 302.953 42.0007 22
5 304.397 43.4448 22
5 305.842 44.8892 22
5 307.299 46.3469 22
5 308.743 47.7902 22
5 310.187 49.2344 22
5 311.637 50.6849 22
5 313.081 52.1284 22
5 314.524 53.5717 22
6 315.976 8.4e-08 22
6 317.419 1.44389 22
6 318.862 2.8865 22
6 320.319 4.34373 22
6 321.763 5.78753 22
6 323.219 7.24372 22
6 324.66 8.68492 22
6 326.102 10.1268 22
6 327.552 11.5769 22
6 328.996 13.0206 22
6 330.439 14.4636 22
6 331.896 15.9205 22
6 333.339 17.3638 22
6 334.792 18.8169 22
6 336.244 20.2681 22
6 337.687 21.7116 22
6 339.131 23.155 22
6 340.588 24.612 22
6 342.031 26.0553 22
6 343.482 27.5067 22
6 344.926 28.9509 22
6 346.369 30.3939 22
6 347.821 31.8455 22
6 349.265 33.2894 22
6 350.709 34.7333 22
6 352.166 36.1907 22
6 353.609 37.6338 22
6 355.053 39.0771 22
6 356.509 40.5337 22
6 357.951 41.9753 22
6 359.393 43.4174 22
6 360.844 44.8685 22
6 362.288 46.3121 22
6 363.731 47.7555 22
6 365.188 49.2128 22
6 366.632 50.656 22
6 368.083 52.1073 22
6 369.526 53.5506 22
6 370.97 54.994 22
6 372.421 56.4451 22
7 373.864 6.7e-08 22
7 375.307 1.44317 22
7 376.764 2.90026 22
7 378.208 4.34374 22
7 379.651 5.78728 22
7 381.103 7.23887 22
7 382.546 8.68189 22
7 383.988 10.1245 22
7 385.439 11.5747 22
7 386.879 13.0156 22
7 388.322 14.4583 22
7 389.773 15.9091 22
7 391.217 17.3527 22
7 392.659 18.7954 22
7 394.116 20.2525 22
7 395.56 21.6959 22
7 397.011 23.1472 22
7 398.455 24.5907 22
7 399.898 26.0338 22
7 401.349 27.4849 22
7 402.792 28.9282 22
8 404.236 8.7e-08 22
8 405.692 1.45687 22
8 407.136 2.90029 22
8 408.579 4.34354 22
8 410.03 5.79459 22
8 411.474 7.23797 22
8 412.918 8.68212 22
8 414.369 10.1333 22
8 415.812 11.5763 22
8 417.255 13.0193 22
8 418.711 14.4756 22
8 420.154 15.918 22
9 421.595 6.8e-08 22
9 423.045 1.4495 22
9 424.491 2.89648 22
9 425.941 4.34567 22
9 427.382 5.78728 22
9 428.826 7.23051 22
9 430.276 8.68117 22
9 431.72 10.1252 22
10 433.164 7.2e-08 22
10 434.62 1.45631 22
10 436.063 2.89967 22
10 437.506 4.34217 22
10 438.957 5.79285 22
11 440.399 8.2e-08 22
11 441.843 1.4435 22
11 443.294 2.89515 22
11 444.737 4.33834 22
12 446.181 9e-08 22
12 447.639 1.45788 22
12 449.083 2.90221 22
13 450.536 7.7e-08 22
13 451.978 1.44222 22
13 453.421 2.885 22.5
14 454.872 9.3e-08 22.5
14 456.315 1.44365 22
14 457.759 2.88769 22
15 459.217 6.4e-08 22.5
15 460.661 1.44385 22.5
15 462.103 2.88642 22.5
16 463.555 8e-08 22
16 464.997 1.44205 22.5
17 466.44 8.3e-08 22
17 467.896 1.45654 22.5
17 469.337 2.89776 22.5
18 470.779 7.1e-08 22.5
18 472.234 1.45573 22.5
18 473.677 2.89803 22.5
19 475.127 1.22e-07 22.5
19 476.57 1.44252 22.5
20 478.012 8.1e-08 22.5
20 479.465 1.45237 22.5
20 480.906 2.89368 22.5
21 482.348 9.7e-08 22.5
21 483.797 1.44887 22.5
21 485.238 2.89014 22.5
22 486.681 6.8e-08 22.5
22 488.137 1.45599 22.5
23 489.584 5.8e-08 22.5
23 491.026 1.44143 22.5
23 492.477 2.89261 22.5
24 493.92 5.8e-08 22.5
24 495.362 1.44185 22.5
24 496.813 2.89224 22.5
25 498.255 7.1e-08 22.5
25 499.697 1.44242 22.5
26 501.454 1.54e-07 22.5
26 502.888 1.43457 22.5
26 504.344 2.89057 22.5
27 505.887 1.62e-07 22.5
27 507.326 1.43892 22.5
27 508.769 2.8818 22
28 511.027 1.47e-07 22.5
28 512.476 1.44889 22.5
28 513.917 2.89069 22.5
29 517.26 1.46e-07 22.5
29 518.702 1.44159 22.5
29 520.144 2.88384 22.5
30 525.697 1.22e-07 22.5
30 527.137 1.44007 22.5
30 528.578 2.88076 22
