        type trial_config ert_flop   unroll  buffers        nsize       trials       microsecs        bytes        flops         GB/s         GF/s
       float    coalesced        4       32        1          128     16777216     6234829.711   4294967296   2147483648        0.689        0.344
       float    coalesced        4       32        1          256     16777216     6546499.897   8589934592   4294967296        1.312        0.656
       float    coalesced        4       32        1          512      8388608     3594078.883   8589934592   4294967296        2.390        1.195
       float    coalesced        4       32        1         1024      4194304     1925555.941   8589934592   4294967296        4.461        2.231
       float    coalesced        4       32        1         2048      2097152     1128851.535   8589934592   4294967296        7.609        3.805
       float    coalesced        4       32        1         4096      1048576      682049.141   8589934592   4294967296       12.594        6.297
       float    coalesced        4       32        1         8192       524288      442423.639   8589934592   4294967296       19.416        9.708
       float    coalesced        4       32        1        16384       262144      323107.540   8589934592   4294967296       26.585       13.293
       float    coalesced        4       32        1        32768       131072      285527.555   8589934592   4294967296       30.084       15.042
       float    coalesced        4       32        1        65536        65536      288382.691   8589934592   4294967296       29.787       14.893
       float    coalesced        4       32        1       131072        32768      289068.618   8589934592   4294967296       29.716       14.858
       float    coalesced        4       32        1       262144        16384      290346.027   8589934592   4294967296       29.585       14.793
       float    coalesced        4       32        1       524288         8192      287776.973   8589934592   4294967296       29.849       14.925
       float    coalesced        4       32        1      1048576         4096      287427.921   8589934592   4294967296       29.886       14.943
       float    coalesced        4       32        1      2097152         2048      286585.983   8589934592   4294967296       29.973       14.987
       float    coalesced        4       32        1      4194304         1024      286008.095   8589934592   4294967296       30.034       15.017
       float    coalesced        4       32        1      8388608          512      285981.062   8589934592   4294967296       30.037       15.018
       float    coalesced        4       32        1     16777216          256      285960.436   8589934592   4294967296       30.039       15.019
       float    coalesced        4       32        1     33554432          128      285934.575   8589934592   4294967296       30.042       15.021
       float    coalesced        4       32        1     67108864           64      285908.299   8589934592   4294967296       30.044       15.022
       float    coalesced        4       32        1    134217728           32      285937.851   8589934592   4294967296       30.041       15.021
       float    coalesced        4       32        1    268435456           16      285914.093   8589934592   4294967296       30.044       15.022
       float    coalesced        4       32        1    536870912            8      285862.520   8589934592   4294967296       30.049       15.025
       float    coalesced        4       32        1   1073741824            4      285848.042   8589934592   4294967296       30.051       15.025
       float    coalesced        4       32        1   2147483648            2      285883.752   8589934592   4294967296       30.047       15.023
       float    coalesced        4       32        1   4293918720            1      285849.935   8587837440   4293918720       30.043       15.022
