        type trial_config ert_flop   unroll  buffers        nsize       trials       microsecs        bytes        flops         GB/s         GF/s
        long    coalesced        8        8        2          128     16777216     8183420.815   4294967296   2147483648        0.525        0.262
        long    coalesced        8        8        2          256     16777216     8490923.574   8589934592   4294967296        1.012        0.506
        long    coalesced        8        8        2          512     16777216     9352403.328  17179869184   8589934592        1.837        0.918
        long    coalesced        8        8        2         1024      8388608     5037166.538  17179869184   8589934592        3.411        1.705
        long    coalesced        8        8        2         2048      4194304     2976058.195  17179869184   8589934592        5.773        2.886
        long    coalesced        8        8        2         4096      2097152     1637073.878  17179869184   8589934592       10.494        5.247
        long    coalesced        8        8        2         8192      1048576     1091463.078  17179869184   8589934592       15.740        7.870
        long    coalesced        8        8        2        16384       524288      818733.889  17179869184   8589934592       20.983       10.492
        long    coalesced        8        8        2        32768       262144      682346.257  17179869184   8589934592       25.178       12.589
        long    coalesced        8        8        2        65536       131072      614528.117  17179869184   8589934592       27.956       13.978
        long    coalesced        8        8        2       131072        65536      584823.462  17179869184   8589934592       29.376       14.688
        long    coalesced        8        8        2       262144        32768      576099.957  17179869184   8589934592       29.821       14.910
        long    coalesced        8        8        2       524288        16384      569937.970  17179869184   8589934592       30.143       15.072
        long    coalesced        8        8        2      1048576         8192      566724.172  17179869184   8589934592       30.314       15.157
        long    coalesced        8        8        2      2097152         4096      565084.893  17179869184   8589934592       30.402       15.201
        long    coalesced        8        8        2      4194304         2048      564434.912  17179869184   8589934592       30.437       15.219
        long    coalesced        8        8        2      8388608         1024      564061.121  17179869184   8589934592       30.457       15.229
        long    coalesced        8        8        2     16777216          512      563854.432  17179869184   8589934592       30.469       15.234
        long    coalesced        8        8        2     33554432          256      563824.051  17179869184   8589934592       30.470       15.235
        long    coalesced        8        8        2     67108864          128      563742.347  17179869184   8589934592       30.475       15.237
        long    coalesced        8        8        2    134217728           64      563778.572  17179869184   8589934592       30.473       15.236
        long    coalesced        8        8        2    268435456           32      563699.803  17179869184   8589934592       30.477       15.238
        long    coalesced        8        8        2    536870912           16      563720.359  17179869184   8589934592       30.476       15.238
        long    coalesced        8        8        2   1073741824            8      563671.190  17179869184   8589934592       30.479       15.239
        long    coalesced        8        8        2   2147483648            4      563708.358  17179869184   8589934592       30.477       15.238
        long    coalesced        8        8        2   4294967296            2      563704.212  17179869184   8589934592       30.477       15.238
        long    coalesced        8        8        2   8588886016            1      563640.365  17177772032   8588886016       30.476       15.238
