        type trial_config ert_flop   unroll  buffers        nsize       trials       microsecs        bytes        flops         GB/s         GF/s
       float    coalesced       32        8        1           32     16777216     9395789.405   1073741824   4294967296        0.114        0.457
       float    coalesced       32        8        1           64     16777216     9698464.773   2147483648   8589934592        0.221        0.886
       float    coalesced       32        8        1          128     16777216    10071461.318   4294967296  17179869184        0.426        1.706
       float    coalesced       32        8        1          256     16777216    10910754.278   8589934592  34359738368        0.787        3.149
       float    coalesced       32        8        1          512      8388608     5951404.278   8589934592  34359738368        1.443        5.773
       float    coalesced       32        8        1         1024      4194304     3273359.745   8589934592  34359738368        2.624       10.497
       float    coalesced       32        8        1         2048      2097152     1818595.786   8589934592  34359738368        4.723       18.894
       float    coalesced       32        8        1         4096      1048576     1153780.911   8589934592  34359738368        7.445       29.780
       float    coalesced       32        8        1         8192       524288      818407.028   8589934592  34359738368       10.496       41.984
       float    coalesced       32        8        1        16384       262144      616532.993   8589934592  34359738368       13.933       55.731
       float    coalesced       32        8        1        32768       131072      511526.960   8589934592  34359738368       16.793       67.171
       float    coalesced       32        8        1        65536        65536      481480.041   8589934592  34359738368       17.841       71.363
       float    coalesced       32        8        1       131072        32768      454713.846   8589934592  34359738368       18.891       75.563
       float    coalesced       32        8        1       262144        16384      443364.866   8589934592  34359738368       19.374       77.498
       float    coalesced       32        8        1       524288         8192      437003.597   8589934592  34359738368       19.656       78.626
       float    coalesced       32        8        1      1048576         4096      433876.541   8589934592  34359738368       19.798       79.192
       float    coalesced       32        8        1      2097152         2048      431600.502   8589934592  34359738368       19.903       79.610
       float    coalesced       32        8        1      4194304         1024      431651.454   8589934592  34359738368       19.900       79.601
       float    coalesced       32        8        1      8388608          512      431224.022   8589934592  34359738368       19.920       79.680
       float    coalesced       32        8        1     16777216          256      431024.301   8589934592  34359738368       19.929       79.716
       float    coalesced       32        8        1     33554432          128      430923.485   8589934592  34359738368       19.934       79.735
       float    coalesced       32        8        1     67108864           64      430855.364   8589934592  34359738368       19.937       79.748
       float    coalesced       32        8        1    134217728           32      430832.548   8589934592  34359738368       19.938       79.752
       float    coalesced       32        8        1    268435456           16      430864.923   8589934592  34359738368       19.936       79.746
       float    coalesced       32        8        1    536870912            8      430880.528   8589934592  34359738368       19.936       79.743
       float    coalesced       32        8        1   1073741824            4      430792.378   8589934592  34359738368       19.940       79.759
       float    coalesced       32        8        1   2147483648            2      430836.712   8589934592  34359738368       19.938       79.751
       float    coalesced       32        8        1   4293918720            1      430743.114   8587837440  34351349760       19.937       79.749
