0 3.35923 9.6e-08 22.5
0 6.25775 2.89852 22.5
0 7.70109 4.34186 22.5
0 9.15479 5.79555 22.5
0 10.5963 7.23705 22.5
0 12.0418 8.68261 22.5
0 13.4926 10.1334 22.5
1 14.9378 7.3e-08 22.5
1 16.3803 1.44243 22.5
1 17.8387 2.90083 22.5
1 19.2816 4.3438 23
2 20.7336 7.6e-08 23
2 22.1778 1.44428 23
2 23.6223 2.88875 23
3 25.0732 8.6e-08 23.5
5 26.5162 6.2e-08 24.5
7 27.9606 7.9e-08 25.5
11 29.4184 7.2e-08 25.5
16 30.8626 7e-08 22.5
19 32.307 1.39e-07 22.5
21 33.7591 6.5e-08 22.5
22 35.2029 7.3e-08 22.5
23 37.7479 1.63e-07 23
24 42.7022 1.77e-07 22.5
