0 6.1697 7.5e-08 20.5
0 9.06283 2.89313 20.5
0 10.505 4.33529 20.5
0 11.961 5.79127 20.5
1 13.4067 7.4e-08 20.5
1 14.8494 1.44263 20.5
1 16.2969 2.89017 20.5
1 17.7427 4.33598 20.5
2 19.1813 6.2e-08 20.5
2 20.6319 1.45056 20.5
2 22.0733 2.89197 20.5
2 23.5189 4.33757 20.5
2 24.9751 5.79378 21
3 26.4156 6.2e-08 21
3 27.8665 1.45089 21
3 29.3121 2.89645 21
3 30.7551 4.33952 21
3 32.2047 5.78911 21
4 33.6571 8.1e-08 21
4 35.0997 1.44262 21
4 36.5513 2.89428 21.5
5 38.0143 1.04e-07 21.5
5 39.4723 1.45802 22
6 40.9208 7.4e-08 22.5
7 42.3645 1.27e-07 23.5
9 43.8375 6.1e-08 23.5
11 45.2846 4.9e-08 23.5
13 46.7334 6e-08 23.5
15 48.1944 5.4e-08 23.5
16 49.638 6.5e-08 23.5
18 51.1109 5.4e-08 23.5
20 52.5632 6.5e-08 23.5
21 54.0059 5.5e-08 23.5
23 55.973 1.45e-07 21
24 57.8161 1.54e-07 21
25 60.7514 1.53e-07 21
26 65.7925 1.46e-07 21
27 75.1466 1.46e-07 21
