0 6.41415 8e-08 27.5
0 9.30852 2.89437 27.5
0 10.7485 4.33439 27.5
0 12.1915 5.77738 27.5
0 13.6345 7.22034 27.5
0 15.0849 8.67073 27.5
0 16.5314 10.1172 27.5
0 17.9657 11.5516 27.5
0 19.422 13.0079 27.5
0 20.8587 14.4445 27.5
0 22.3015 15.8874 27.5
0 23.7592 17.345 27.5
0 25.1957 18.7815 27.5
0 26.642 20.2278 27.5
0 28.0923 21.6782 27.5
0 29.5318 23.1177 27.5
0 30.9764 24.5622 27.5
0 32.427 26.0128 27.5
0 33.8778 27.4637 27.5
0 35.3255 28.9114 27.5
0 36.804 30.3899 27.5
0 38.2494 31.8353 27.5
0 39.7167 33.3026 27.5
0 41.1709 34.7567 27.5
0 42.6244 36.2102 27.5
0 44.0751 37.6609 27.5
0 45.5279 39.1138 27.5
0 46.9817 40.5676 27.5
0 48.4431 42.0289 27.5
0 49.8967 43.4825 27.5
0 51.3471 44.9329 27.5
0 52.8125 46.3984 27.5
0 54.2561 47.842 27.5
0 55.7166 49.3025 27.5
0 57.1645 50.7504 27.5
0 58.6082 52.194 27.5
0 60.0751 53.661 27.5
0 61.5276 55.1135 27.5
0 62.9883 56.5742 27.5
0 64.4359 58.0217 27.5
0 65.8778 59.4637 27.5
0 67.3385 60.9243 27.5
0 68.7963 62.3821 27.5
0 70.2491 63.835 27.5
0 71.7041 65.2899 27.5
0 73.1464 66.7323 27.5
0 74.5997 68.1856 27.5
0 76.0657 69.6515 27.5
0 77.5184 71.1042 27.5
0 78.9696 72.5554 27.5
0 80.4127 73.9985 27.5
0 81.8555 75.4414 27.5
0 83.3171 76.903 27.5
0 84.7648 78.3507 27.5
0 86.2133 79.7992 27.5
0 87.6801 81.266 27.5
0 89.1228 82.7087 27.5
0 90.5811 84.1669 27.5
0 92.0468 85.6327 27.5
0 93.4988 87.0846 27.5
0 94.9461 88.532 27.5
0 96.3913 89.9772 27.5
0 97.8476 91.4334 27.5
0 99.3134 92.8993 27.5
0 100.766 94.3522 27.5
0 102.201 95.7869 27.5
0 103.668 97.2538 27.5
0 105.111 98.6972 27.5
0 106.554 100.14 27.5
0 108.004 101.59 27.5
0 109.462 103.048 27.5
0 110.906 104.492 27.5
0 112.362 105.948 27.5
0 113.805 107.391 27.5
0 115.254 108.84 27.5
0 116.719 110.305 27.5
0 118.153 111.739 27.5
0 119.597 113.182 27.5
0 121.054 114.64 27.5
0 122.512 116.098 27.5
0 123.963 117.549 27.5
0 125.406 118.992 27.5
0 126.86 120.445 27.5
0 128.311 121.897 27.5
0 129.755 123.341 27.5
0 131.204 124.79 27.5
0 132.661 126.247 27.5
0 134.098 127.684 27.5
0 135.542 129.128 27.5
0 136.992 130.578 27.5
0 138.457 132.042 27.5
0 139.899 133.485 27.5
0 141.36 134.946 27.5
0 142.803 136.389 27.5
0 144.246 137.832 27.5
0 145.702 139.288 27.5
0 147.145 140.731 27.5
0 148.601 142.187 27.5
0 150.056 143.642 27.5
0 151.493 145.079 27.5
0 152.936 146.522 27.5
0 154.41 147.996 27.5
0 155.853 149.439 27.5
1 157.31 1.23e-07 27.5
1 158.754 1.44472 27.5
1 160.198 2.88788 27.5
1 161.665 4.35536 27.5
1 163.109 5.79916 27.5
1 164.546 7.23598 27.5
1 166.013 8.70352 27.5
1 167.457 10.1475 27.5
1 168.901 11.591 27.5
1 170.353 13.0429 27.5
1 171.797 14.4871 27.5
1 173.24 15.9304 27.5
1 174.702 17.3924 27.5
1 176.146 18.8366 27.5
1 177.589 20.2797 27.5
1 179.042 21.732 27.5
1 180.486 23.1764 27.5
1 181.929 24.6197 27.5
1 183.381 26.071 27.5
1 184.838 27.528 27.5
1 186.274 28.9645 27.5
1 187.748 30.4384 27.5
1 189.192 31.8823 27.5
1 190.644 33.3341 27.5
1 192.087 34.7775 27.5
1 193.531 36.2213 27.5
1 194.988 37.6783 27.5
1 196.433 39.1229 27.5
1 197.882 40.5726 27.5
1 199.341 42.0312 27.5
1 200.785 43.4754 27.5
1 202.223 44.9128 27.5
1 203.681 46.3711 27.5
1 205.14 47.8304 27.5
1 206.583 49.2737 27.5
1 208.04 50.73 27.5
1 209.483 52.1732 27.5
1 210.927 53.6168 27.5
1 212.394 55.0847 27.5
1 213.831 56.5216 27.5
1 215.287 57.9773 27.5
1 216.731 59.4218 27.5
1 218.168 60.8588 27.5
1 219.612 62.3028 27.5
1 221.07 63.7607 27.5
1 222.529 65.2195 27.5
1 223.98 66.6703 27.5
1 225.438 68.1284 27.5
1 226.877 69.5672 27.5
1 228.344 71.0344 27.5
1 229.788 72.4785 27.5
1 231.232 73.9228 27.5
1 232.694 75.3841 27.5
1 234.138 76.8288 27.5
1 235.583 78.2728 27.5
1 237.033 79.7235 27.5
1 238.476 81.1667 27.5
1 239.93 82.6198 27.5
1 241.381 84.0713 27.5
1 242.842 85.5322 27.5
1 244.286 86.9759 27.5
1 245.737 88.4269 27.5
1 247.191 89.8808 27.5
1 248.642 91.3323 27.5
1 250.099 92.7888 27.5
1 251.539 94.2293 27.5
1 252.991 95.6813 27.5
1 254.434 97.1243 27.5
1 255.894 98.5845 27.5
1 257.345 100.036 27.5
1 258.79 101.48 27.5
1 260.248 102.938 27.5
1 261.696 104.386 27.5
1 263.145 105.835 27.5
1 264.588 107.279 27.5
1 266.041 108.731 27.5
1 267.485 110.176 27.5
1 268.928 111.619 27.5
1 270.402 113.092 27.5
1 271.846 114.536 27.5
1 273.308 115.998 27.5
1 274.751 117.441 27.5
1 276.194 118.885 27.5
1 277.651 120.342 27.5
1 279.095 121.786 27.5
1 280.551 123.242 27.5
1 282.004 124.695 27.5
1 283.442 126.132 27.5
1 284.885 127.576 27.5
1 286.344 129.034 27.5
1 287.803 130.493 27.5
1 289.248 131.938 27.5
1 290.713 133.404 27.5
1 292.153 134.843 27.5
1 293.602 136.292 27.5
1 295.06 137.75 27.5
1 296.504 139.194 27.5
1 297.966 140.656 27.5
1 299.411 142.101 27.5
1 300.855 143.545 27.5
1 302.305 144.996 27.5
1 303.749 146.439 27.5
1 305.204 147.894 27.5
2 306.655 1e-07 27.5
2 308.098 1.44379 27.5
2 309.564 2.90947 27.5
2 311.015 4.36063 27.5
2 312.458 5.80291 27.5
2 313.911 7.25671 27.5
2 315.361 8.70681 27.5
2 316.818 10.1636 27.5
2 318.259 11.6041 27.5
2 319.709 13.0547 27.5
2 321.153 14.498 27.5
2 322.596 15.9413 27.5
2 324.047 17.3924 27.5
2 325.49 18.8356 27.5
2 326.933 20.2783 27.5
2 328.384 21.7295 27.5
2 329.844 23.1897 27.5
2 331.282 24.6268 27.5
2 332.739 26.0838 27.5
2 334.192 27.5377 27.5
2 335.643 28.9884 27.5
2 337.091 30.4363 27.5
2 338.534 31.8796 27.5
2 339.995 33.3406 27.5
2 341.438 34.7833 27.5
2 342.881 36.2266 27.5
2 344.332 37.6773 27.5
2 345.775 39.1204 27.5
2 347.223 40.5685 27.5
2 348.681 42.0263 27.5
2 350.134 43.4798 27.5
2 351.578 44.9236 27.5
2 353.031 46.3759 27.5
2 354.474 47.819 27.5
2 355.917 49.2626 27.5
2 357.379 50.7246 27.5
2 358.822 52.1674 27.5
2 360.271 53.6162 27.5
2 361.722 55.0673 27.5
2 363.165 56.5106 27.5
2 364.608 57.9537 27.5
2 366.059 59.4043 27.5
2 367.517 60.862 27.5
2 368.951 62.2963 27.5
2 370.402 63.7469 27.5
2 371.844 65.1892 27.5
2 373.304 66.6497 27.5
2 374.751 68.0959 27.5
2 376.21 69.555 27.5
2 377.661 71.0061 27.5
2 379.108 72.4536 27.5
2 380.551 73.8967 27.5
2 382.015 75.3606 27.5
2 383.449 76.7942 27.5
2 384.893 78.2379 27.5
2 386.345 79.6898 27.5
2 387.787 81.1322 27.5
2 389.252 82.5972 27.5
2 390.703 84.0483 27.5
2 392.161 85.5067 27.5
2 393.606 86.9508 27.5
2 395.072 88.4177 27.5
2 396.516 89.8615 27.5
2 397.96 91.3049 27.5
2 399.421 92.7663 27.5
2 400.865 94.2102 27.5
2 402.318 95.6637 27.5
2 403.76 97.1056 27.5
2 405.203 98.5488 27.5
2 406.665 100.01 27.5
2 408.109 101.454 27.5
2 409.553 102.899 27.5
2 411.011 104.357 27.5
2 412.465 105.81 27.5
2 413.909 107.254 27.5
2 415.372 108.717 27.5
2 416.815 110.16 27.5
2 418.26 111.605 27.5
2 419.711 113.057 27.5
2 421.155 114.5 27.5
2 422.603 115.948 27.5
2 424.054 117.399 27.5
2 425.497 118.842 27.5
2 426.94 120.285 27.5
2 428.391 121.736 27.5
2 429.834 123.179 27.5
2 431.277 124.622 27.5
2 432.728 126.073 27.5
2 434.172 127.517 27.5
2 435.616 128.962 27.5
2 437.067 130.413 27.5
2 438.512 131.857 27.5
2 439.956 133.301 27.5
2 441.407 134.752 27.5
2 442.872 136.217 27.5
2 444.325 137.67 27.5
2 445.773 139.119 27.5
2 447.217 140.562 27.5
2 448.674 142.02 27.5
2 450.118 143.463 27.5
2 451.562 144.908 27.5
2 453.031 146.376 27.5
2 454.474 147.82 27.5
3 455.918 1.81e-07 27.5
3 457.369 1.45106 27.5
3 458.812 2.89413 27.5
3 460.257 4.33856 27.5
3 461.708 5.79028 27.5
3 463.151 7.23327 27.5
3 464.61 8.69206 27.5
3 466.061 10.1428 27.5
3 467.505 11.5864 27.5
3 468.947 13.0292 27.5
3 470.398 14.48 27.5
3 471.856 15.938 27.5
3 473.29 17.3716 27.5
3 474.758 18.8397 27.5
3 476.201 20.2831 27.5
3 477.653 21.7352 27.5
3 479.108 23.19 27.5
3 480.551 24.6334 27.5
3 482.002 26.0837 27.5
3 483.462 27.5441 27.5
3 484.899 28.9812 27.5
3 486.371 30.4525 27.5
3 487.811 31.8933 27.5
3 489.266 33.3474 27.5
3 490.716 34.7983 27.5
3 492.161 36.2431 27.5
3 493.606 37.6876 27.5
3 495.057 39.139 27.5
3 496.516 40.598 27.5
3 497.968 42.0498 27.5
3 499.421 43.503 27.5
3 500.865 44.9465 27.5
3 502.316 46.398 27.5
3 503.76 47.8419 27.5
3 505.208 49.2902 27.5
3 506.66 50.7424 27.5
3 508.104 52.1859 27.5
3 509.548 53.6296 27.5
3 511.006 55.0883 27.5
3 512.467 56.5492 27.5
3 513.909 57.9914 27.5
3 515.366 59.4479 27.5
3 516.81 60.8922 27.5
3 518.254 62.3357 27.5
3 519.721 63.8034 27.5
3 521.166 65.2477 27.5
3 522.609 66.6914 27.5
3 524.071 68.1534 27.5
3 525.516 69.5977 27.5
3 526.968 71.0501 27.5
3 528.412 72.4943 27.5
3 529.866 73.9479 27.5
3 531.324 75.4061 27.5
3 532.769 76.8505 27.5
3 534.222 78.3042 27.5
3 535.674 79.7557 27.5
3 537.133 81.2144 27.5
3 538.572 82.6538 27.5
3 540.04 84.1216 27.5
3 541.483 85.5646 27.5
3 542.92 87.0024 27.5
3 544.378 88.4598 27.5
3 545.821 89.9034 27.5
3 547.282 91.3642 27.5
3 548.725 92.8069 27.5
3 550.178 94.2602 27.5
3 551.629 95.7106 27.5
3 553.073 97.1548 27.5
3 554.522 98.6035 27.5
3 555.979 100.061 27.5
3 557.416 101.498 27.5
3 558.875 102.957 27.5
3 560.328 104.41 27.5
3 561.772 105.854 27.5
3 563.216 107.298 27.5
3 564.667 108.749 27.5
3 566.122 110.204 27.5
3 567.565 111.646 27.5
3 569.016 113.098 27.5
3 570.459 114.541 27.5
3 571.903 115.985 27.5
3 573.355 117.437 27.5
3 574.799 118.881 27.5
3 576.248 120.33 27.5
3 577.707 121.789 27.5
3 579.151 123.233 27.5
3 580.588 124.67 27.5
3 582.045 126.127 27.5
3 583.505 127.587 27.5
3 584.957 129.039 27.5
3 586.406 130.488 27.5
3 587.85 131.932 27.5
3 589.323 133.404 27.5
3 590.762 134.843 27.5
3 592.216 136.298 27.5
3 593.669 137.751 27.5
3 595.113 139.195 27.5
3 596.557 140.639 27.5
3 598.031 142.112 27.5
3 599.474 143.556 27.5
3 600.937 145.018 27.5
3 602.381 146.463 27.5
3 603.824 147.906 27.5
3 605.293 149.375 27.5
4 606.735 9.7e-08 27.5
4 608.189 1.45331 27.5
4 609.641 2.9054 27.5
4 611.085 4.34964 27.5
4 612.527 5.79179 27.5
4 613.981 7.24594 27.5
4 615.423 8.68772 27.5
4 616.868 10.1321 27.5
4 618.329 11.5938 27.5
4 619.773 13.0379 27.5
4 621.217 14.4815 27.5
4 622.684 15.9481 27.5
4 624.126 17.391 27.5
4 625.569 18.8339 27.5
4 627.031 20.2956 27.5
4 628.474 21.7389 27.5
4 629.938 23.2026 27.5
4 631.377 24.6418 27.5
4 632.843 26.1076 27.5
4 634.295 27.5598 27.5
4 635.739 29.0036 27.5
4 637.182 30.4465 27.5
4 638.638 31.9029 27.5
4 640.081 33.3456 27.5
4 641.529 34.794 27.5
4 642.98 36.2451 27.5
4 644.426 37.6905 27.5
4 645.867 39.1315 27.5
4 647.339 40.6035 27.5
4 648.783 42.0473 27.5
4 650.235 43.4996 27.5
4 651.689 44.9533 27.5
4 653.132 46.397 27.5
4 654.585 47.8493 27.5
4 656.034 49.2982 27.5
4 657.478 50.7424 27.5
4 658.946 52.2108 27.5
4 660.389 53.6537 27.5
4 661.833 55.0978 27.5
4 663.286 56.5503 27.5
4 664.74 58.0047 27.5
4 666.184 59.4483 27.5
4 667.657 60.9218 27.5
4 669.1 62.3646 27.5
4 670.552 63.8164 27.5
4 672.005 65.2695 27.5
4 673.448 66.7125 27.5
4 674.913 68.1781 27.5
4 676.349 69.6131 27.5
4 677.793 71.0574 27.5
4 679.244 72.5085 27.5
4 680.688 73.9526 27.5
4 682.154 75.4182 27.5
4 683.605 76.8697 27.5
4 685.065 78.3291 27.5
4 686.503 79.7676 27.5
4 687.97 81.2347 27.5
4 689.415 82.6792 27.5
4 690.859 84.1236 27.5
4 692.32 85.5849 27.5
4 693.764 87.0286 27.5
4 695.216 88.4805 27.5
4 696.659 89.9231 27.5
4 698.103 91.3672 27.5
4 699.565 92.8291 27.5
4 701.008 94.2721 27.5
4 702.473 95.7373 27.5
4 703.923 97.1876 27.5
4 705.366 98.6308 27.5
4 706.819 100.083 27.5
4 708.271 101.535 27.5
4 709.73 102.994 27.5
4 711.164 104.429 27.5
4 712.614 105.878 27.5
4 714.057 107.321 27.5
4 715.517 108.781 27.5
4 716.963 110.228 27.5
4 718.417 111.681 27.5
4 719.868 113.132 27.5
4 721.317 114.582 27.5
4 722.761 116.026 27.5
4 724.214 117.478 27.5
4 725.657 118.921 27.5
4 727.1 120.365 27.5
4 728.552 121.817 27.5
4 730.012 123.277 27.5
4 731.448 124.713 27.5
4 732.916 126.181 27.5
4 734.358 127.623 27.5
4 735.803 129.067 27.5
4 737.266 130.53 27.5
4 738.709 131.974 27.5
4 740.153 133.418 27.5
4 741.61 134.875 27.5
4 743.055 136.319 27.5
4 744.5 137.765 27.5
4 745.951 139.215 27.5
4 747.394 140.659 27.5
4 748.837 142.102 27.5
4 750.289 143.553 27.5
4 751.733 144.997 27.5
4 753.181 146.446 27.5
4 754.638 147.903 27.5
4 756.093 149.357 27.5
4 757.544 150.808 27.5
4 758.992 152.257 27.5
5 760.435 9.7e-08 27.5
5 761.887 1.45224 27.5
5 763.33 2.89528 27.5
5 764.773 4.33773 27.5
5 766.224 5.78936 27.5
5 767.667 7.23253 27.5
5 769.111 8.67596 27.5
5 770.573 10.1377 27.5
5 772.016 11.5816 27.5
5 773.461 13.0257 27.5
5 774.912 14.4769 27.5
5 776.355 15.9202 27.5
5 777.815 17.3802 27.5
5 779.266 18.8309 27.5
5 780.72 20.2848 27.5
5 782.164 21.7288 27.5
5 783.631 23.1965 27.5
5 785.069 24.6345 27.5
5 786.518 26.083 27.5
5 787.975 27.5403 27.5
5 789.428 28.9935 27.5
5 790.88 30.445 27.5
5 792.337 31.9017 27.5
5 793.776 33.3415 27.5
5 795.228 34.7936 27.5
5 796.672 36.2369 27.5
5 798.115 37.6803 27.5
5 799.568 39.1329 27.5
5 801.012 40.5768 27.5
5 802.459 42.0241 27.5
5 803.91 43.4748 27.5
5 805.369 44.9343 27.5
5 806.805 46.3703 27.5
5 808.277 47.8418 27.5
5 809.716 49.2815 27.5
5 811.16 50.725 27.5
5 812.611 52.1762 27.5
5 814.07 53.6348 27.5
5 815.511 55.0762 27.5
5 816.977 56.5426 27.5
5 818.414 57.9787 27.5
5 819.867 59.432 27.5
5 821.317 60.8824 27.5
5 822.774 62.3395 27.5
5 824.222 63.7868 27.5
5 825.666 65.2314 27.5
5 827.111 66.676 27.5
5 828.562 68.1267 27.5
5 830.015 69.5798 27.5
5 831.458 71.0236 27.5
5 832.925 72.4898 27.5
5 834.358 73.9229 27.5
5 835.817 75.3819 27.5
5 837.267 76.8323 27.5
5 838.709 78.2742 27.5
5 840.163 79.7277 27.5
5 841.613 81.1782 27.5
5 843.057 82.6217 27.5
5 844.498 84.0634 27.5
5 845.949 85.5141 27.5
5 847.402 86.9674 27.5
5 848.846 88.4108 27.5
5 850.303 89.8677 27.5
5 851.746 91.3112 27.5
5 853.203 92.7681 27.5
5 854.656 94.2206 27.5
5 856.11 95.6749 27.5
5 857.561 97.1262 27.5
5 859.004 98.5692 27.5
5 860.447 100.012 27.5
5 861.898 101.463 27.5
5 863.352 102.917 27.5
5 864.795 104.36 27.5
5 866.263 105.829 27.5
5 867.707 107.272 27.5
5 869.143 108.708 27.5
5 870.6 110.165 27.5
5 872.053 111.618 27.5
5 873.495 113.06 27.5
5 874.946 114.511 27.5
5 876.389 115.954 27.5
5 877.833 117.398 27.5
5 879.295 118.86 27.5
5 880.738 120.303 27.5
5 882.187 121.752 27.5
5 883.638 123.204 27.5
5 885.083 124.648 27.5
5 886.526 126.091 27.5
5 887.978 127.543 27.5
5 889.423 128.988 27.5
5 890.867 130.432 27.5
5 892.318 131.883 27.5
5 893.76 133.326 27.5
5 895.202 134.768 27.5
5 896.674 136.239 27.5
5 898.117 137.683 27.5
5 899.575 139.141 27.5
5 901.017 140.582 27.5
5 902.469 142.034 27.5
5 903.92 143.485 27.5
5 905.362 144.927 27.5
5 906.81 146.375 27.5
5 908.261 147.826 27.5
5 909.703 149.268 27.5
5 911.145 150.71 27.5
5 912.596 152.161 27.5
5 914.044 153.609 27.5
6 915.486 8.8e-08 27.5
6 916.954 1.46824 27.5
6 918.398 2.91196 27.5
6 919.835 4.34906 27.5
6 921.302 5.81612 27.5
6 922.744 7.25815 27.5
6 924.2 8.71404 27.5
6 925.647 10.1611 27.5
6 927.089 11.6034 27.5
6 928.531 13.0454 27.5
6 929.982 14.4961 27.5
6 931.425 15.9389 27.5
6 932.866 17.3804 27.5
6 934.328 18.8419 27.5
6 935.77 20.2844 27.5
6 937.218 21.7321 27.5
6 938.668 23.1827 27.5
6 940.111 24.6251 27.5
6 941.558 26.0727 27.5
6 943.009 27.5233 27.5
6 944.466 28.9801 27.5
6 945.9 30.4144 27.5
6 947.371 31.8856 27.5
6 948.815 33.3288 27.5
6 950.265 34.7793 27.5
6 951.718 36.2323 27.5
6 953.161 37.6754 27.5
6 954.613 39.1275 27.5
6 956.061 40.5756 27.5
6 957.504 42.0187 27.5
6 958.967 43.4817 27.5
6 960.401 44.9157 27.5
6 961.845 46.3592 27.5
6 963.296 47.8103 27.5
6 964.755 49.2688 27.5
6 966.197 50.7116 27.5
6 967.663 52.1774 27.5
6 969.106 53.6199 27.5
6 970.554 55.068 27.5
6 972.004 56.5185 27.5
6 973.46 57.9744 27.5
6 974.9 59.414 27.5
6 976.357 60.8711 27.5
6 977.794 62.3086 27.5
6 979.238 63.7526 27.5
6 980.712 65.2265 27.5
6 982.156 66.6703 27.5
6 983.623 68.1373 27.5
6 985.061 69.5756 27.5
6 986.521 71.0354 27.5
6 987.972 72.486 27.5
6 989.416 73.9299 27.5
6 990.87 75.3844 27.5
6 992.322 76.8361 27.5
7 993.764 1.07e-07 27.5
7 995.208 1.44379 27.5
7 996.659 2.89496 27.5
7 998.102 4.3377 27.5
7 999.546 5.78126 27.5
7 1001 7.23213 27.5
7 1002.45 8.68571 27.5
7 1003.89 10.1294 27.5
7 1005.36 11.5948 27.5
7 1006.79 13.0288 27.5
7 1008.25 14.4831 27.5
7 1009.7 15.934 27.5
7 1011.14 17.3778 27.5
7 1012.6 18.8387 27.5
7 1014.05 20.2823 27.5
7 1015.49 21.7261 27.5
7 1016.95 23.1875 27.5
7 1018.4 24.6306 27.5
7 1019.84 26.0747 27.5
7 1021.29 27.5255 27.5
7 1022.75 28.9846 27.5
7 1024.19 30.4291 27.5
7 1025.64 31.8794 27.5
7 1027.1 33.3324 27.5
7 1028.54 34.7764 27.5
7 1029.99 36.2275 27.5
7 1031.43 37.6704 27.5
7 1032.88 39.1147 27.5
7 1034.34 40.5754 27.5
8 1035.78 7.4e-08 27.5
8 1037.23 1.44473 27.5
8 1038.7 2.91289 27.5
8 1040.14 4.35639 27.5
8 1041.59 5.80835 27.5
8 1043.05 7.26238 27.5
8 1044.49 8.70573 27.5
8 1045.96 10.1716 27.5
8 1047.39 11.6069 27.5
8 1048.84 13.0515 27.5
8 1050.29 14.5097 27.5
8 1051.73 15.9477 27.5
8 1053.17 17.3904 27.5
8 1054.65 18.864 27.5
9 1056.09 1.1e-07 27.5
9 1057.54 1.44397 27.5
9 1058.99 2.9006 27.5
9 1060.44 4.34427 27.5
9 1061.88 5.78635 27.5
9 1063.35 7.25382 27.5
9 1064.79 8.6967 27.5
9 1066.25 10.1581 27.5
9 1067.69 11.6017 28
10 1069.14 1.71e-07 28
10 1070.59 1.45167 28
10 1072.04 2.90618 28
10 1073.49 4.35016 28
10 1074.95 5.81761 28
11 1076.4 6.5e-08 28
11 1077.84 1.44383 28
11 1079.3 2.9054 28.5
12 1080.75 6.8e-08 28.5
12 1082.19 1.44437 28.5
13 1083.65 7.5e-08 28.5
13 1085.09 1.44342 28.5
14 1086.53 6.5e-08 28.5
14 1087.98 1.45012 28.5
15 1089.43 6.2e-08 28.5
15 1090.87 1.44309 28.5
16 1092.34 7.3e-08 28.5
17 1093.79 7.3e-08 29
17 1095.25 1.46072 29
18 1096.69 1.2e-07 29
19 1098.13 4.7e-08 28.5
19 1099.59 1.45571 29
20 1101.03 5.5e-08 29
20 1102.48 1.44585 29
21 1103.93 6.1e-08 29
22 1105.38 1.13e-07 29
22 1106.82 1.44439 29
23 1108.27 1.09e-07 29
24 1109.83 1.71e-07 29
24 1111.29 1.45608 28
25 1112.73 8.7e-08 29
25 1114.17 1.43733 28
26 1115.94 1.78e-07 29
26 1117.39 1.45023 28
27 1120.13 1e-07 29
27 1121.57 1.44173 28
28 1126.62 1.03e-07 28.5
28 1128.06 1.43612 28
29 1137.42 1.06e-07 29
29 1138.88 1.45666 28
