        type trial_config ert_flop   unroll  buffers        nsize       trials       microsecs        bytes        flops         GB/s         GF/s
        long    coalesced       16        2        2           32     16777216     8190138.300   1073741824   1073741824        0.131        0.131
        long    coalesced       16        2        2           64     16777216     8587229.413   2147483648   2147483648        0.250        0.250
        long    coalesced       16        2        2          128     16777216     9352361.506   4294967296   4294967296        0.459        0.459
        long    coalesced       16        2        2          256     16777216    10071748.385   8589934592   8589934592        0.853        0.853
        long    coalesced       16        2        2          512     16777216    10911052.038  17179869184  17179869184        1.575        1.575
        long    coalesced       16        2        2         1024      8388608     6546823.131  17179869184  17179869184        2.624        2.624
        long    coalesced       16        2        2         2048      4194304     4091833.815  17179869184  17179869184        4.199        4.199
        long    coalesced       16        2        2         4096      2097152     2438785.293  17179869184  17179869184        7.044        7.044
        long    coalesced       16        2        2         8192      1048576     1753866.287  17179869184  17179869184        9.795        9.795
        long    coalesced       16        2        2        16384       524288     1364239.657  17179869184  17179869184       12.593       12.593
        long    coalesced       16        2        2        32768       262144     1169369.061  17179869184  17179869184       14.692       14.692
        long    coalesced       16        2        2        65536       131072     1023272.734  17179869184  17179869184       16.789       16.789
        long    coalesced       16        2        2       131072        65536     1023272.451  17179869184  17179869184       16.789       16.789
        long    coalesced       16        2        2       262144        32768     1000772.832  17179869184  17179869184       17.167       17.167
        long    coalesced       16        2        2       524288        16384      988176.427  17179869184  17179869184       17.385       17.385
        long    coalesced       16        2        2      1048576         8192      982002.123  17179869184  17179869184       17.495       17.495
        long    coalesced       16        2        2      2097152         4096      979061.762  17179869184  17179869184       17.547       17.547
        long    coalesced       16        2        2      4194304         2048      977483.822  17179869184  17179869184       17.576       17.576
        long    coalesced       16        2        2      8388608         1024      976807.968  17179869184  17179869184       17.588       17.588
        long    coalesced       16        2        2     16777216          512      976416.549  17179869184  17179869184       17.595       17.595
        long    coalesced       16        2        2     33554432          256      976224.175  17179869184  17179869184       17.598       17.598
        long    coalesced       16        2        2     67108864          128      976195.224  17179869184  17179869184       17.599       17.599
        long    coalesced       16        2        2    134217728           64      976083.426  17179869184  17179869184       17.601       17.601
        long    coalesced       16        2        2    268435456           32      976085.305  17179869184  17179869184       17.601       17.601
        long    coalesced       16        2        2    536870912           16      976034.393  17179869184  17179869184       17.602       17.602
        long    coalesced       16        2        2   1073741824            8      976056.676  17179869184  17179869184       17.601       17.601
        long    coalesced       16        2        2   2147483648            4      976075.645  17179869184  17179869184       17.601       17.601
        long    coalesced       16        2        2   4294967296            2      976018.028  17179869184  17179869184       17.602       17.602
        long    coalesced       16        2        2   8588886016            1      975903.338  17177772032  17177772032       17.602       17.602
