0 6.51523 1.08e-07 23.5
0 9.40583 2.8906 23.5
0 10.8488 4.33355 23.5
0 12.2935 5.77822 23.5
0 13.7447 7.22947 23.5
0 15.1871 8.67183 23.5
0 16.6317 10.1164 23.5
0 18.089 11.5738 23.5
0 19.5314 13.0162 23.5
0 20.9832 14.4679 23.5
0 22.4281 15.9129 23.5
0 23.871 17.3558 23.5
0 25.3211 18.8058 23.5
0 26.7663 20.2511 23.5
0 28.2085 21.6933 23.5
0 29.6667 23.1514 23.5
0 31.1091 24.5939 23.5
0 32.5526 26.0374 23.5
0 34.0041 27.4889 23.5
0 35.4479 28.9327 23.5
0 36.8917 30.3765 23.5
0 38.3432 31.8279 23.5
0 39.787 33.2718 23.5
0 41.2306 34.7153 23.5
0 42.6888 36.1736 23.5
1 44.1324 7.9e-08 23.5
1 45.5836 1.45119 23.5
1 47.0276 2.89518 23.5
1 48.4711 4.33872 23.5
1 49.9223 5.78991 23.5
1 51.3661 7.23372 23.5
1 52.8102 8.67781 23.5
1 54.2676 10.1353 23.5
1 55.7118 11.5794 23.5
1 57.1551 13.0227 23.5
1 58.6072 14.4748 23.5
1 60.0509 15.9186 23.5
1 61.4942 17.3619 23.5
1 62.9459 18.8136 23.5
1 64.3895 20.2571 23.5
1 65.8329 21.7005 23.5
1 67.2903 23.158 23.5
1 68.7344 24.6021 23.5
1 70.1856 26.0532 23.5
1 71.6297 27.4973 23.5
1 73.0739 28.9415 23.5
1 74.5252 30.3928 23.5
1 75.9692 31.8368 23.5
1 77.4131 33.2808 23.5
1 78.8697 34.7373 23.5
1 80.3146 36.1822 23.5
2 81.758 8.3e-08 23.5
2 83.2092 1.45113 23.5
2 84.6567 2.89862 23.5
2 86.0954 4.33736 23.5
2 87.5473 5.78931 23.5
2 88.9906 7.23257 23.5
2 90.4347 8.67668 23.5
2 91.8915 10.1335 23.5
2 93.3351 11.5771 23.5
2 94.7861 13.028 23.5
2 96.2296 14.4716 23.5
2 97.6735 15.9154 23.5
2 99.1246 17.3666 23.5
2 100.569 18.8107 23.5
2 102.012 20.2543 23.5
2 103.47 21.7123 23.5
2 104.914 23.156 23.5
2 106.358 24.6 23.5
2 107.81 26.0516 23.5
2 109.253 27.4949 23.5
2 110.697 28.939 23.5
2 112.149 30.3905 23.5
2 113.592 31.8342 23.5
2 115.036 33.2783 23.5
2 116.493 34.7354 23.5
2 117.937 36.1793 23.5
2 119.389 37.631 23.5
3 120.838 6e-08 23.5
3 122.277 1.43954 23.5
3 123.728 2.89077 23.5
3 125.172 4.33449 23.5
3 126.615 5.77777 23.5
3 128.072 7.23473 23.5
3 129.515 8.6778 23.5
3 130.959 10.1214 23.5
3 132.411 11.5733 23.5
3 133.854 13.0163 23.5
3 135.298 14.46 23.5
3 136.749 15.9115 23.5
3 138.192 17.3548 23.5
3 139.636 18.7982 23.5
3 141.093 20.2555 23.5
3 142.536 21.6986 23.5
3 143.979 23.1416 23.5
3 145.429 24.5918 23.5
3 146.872 26.0343 23.5
3 148.323 27.4854 23.5
3 149.766 28.9285 23.5
3 151.21 30.3723 23.5
3 152.661 31.8239 23.5
3 154.105 33.2671 23.5
3 155.549 34.7111 23.5
3 157.006 36.1683 23.5
3 158.45 37.6125 23.5
4 159.893 7.2e-08 23.5
4 161.345 1.45175 23.5
4 162.788 2.89527 23.5
4 164.232 4.33905 23.5
4 165.684 5.79061 23.5
4 167.127 7.23404 23.5
4 168.571 8.67775 23.5
4 170.029 10.136 23.5
4 171.473 11.5799 23.5
4 172.925 13.0318 23.5
4 174.369 14.4758 23.5
4 175.813 15.9198 23.5
4 177.265 17.3721 23.5
4 178.713 18.8202 23.5
4 180.153 20.2602 23.5
4 181.611 21.7179 23.5
4 183.055 23.1619 23.5
4 184.499 24.6057 23.5
4 185.951 26.0579 23.5
4 187.395 27.5018 23.5
4 188.839 28.9457 23.5
4 190.291 30.3975 23.5
4 191.735 31.8418 23.5
4 193.179 33.2856 23.5
4 194.636 34.7433 23.5
4 196.081 36.1875 23.5
4 197.533 37.6394 23.5
4 198.976 39.083 23.5
5 200.419 8.8e-08 23.5
5 201.871 1.45141 23.5
5 203.314 2.89481 23.5
5 204.758 4.33867 23.5
5 206.216 5.79623 23.5
5 207.66 7.24003 23.5
5 209.104 8.68421 23.5
5 210.555 10.1359 23.5
5 211.999 11.5794 23.5
5 213.443 13.0231 23.5
5 214.894 14.4745 23.5
5 216.338 15.9182 23.5
5 217.781 17.3618 23.5
5 219.239 18.8192 23.5
5 220.683 20.263 23.5
5 222.134 21.7146 23.5
5 223.582 23.1629 23.5
5 225.022 24.6023 23.5
5 226.473 26.0536 23.5
5 227.917 27.4974 23.5
5 229.361 28.9413 23.5
5 230.819 30.3993 23.5
5 232.263 31.8435 23.5
5 233.707 33.2871 23.5
5 235.158 34.7389 23.5
5 236.602 36.1825 23.5
5 238.046 37.6264 23.5
5 239.498 39.0785 23.5
5 240.942 40.5225 23.5
5 242.386 41.9665 23.5
6 243.843 9.9e-08 23.5
6 245.287 1.44368 23.5
6 246.739 2.89527 23.5
6 248.186 4.34299 23.5
6 249.626 5.78243 23.5
6 251.078 7.2342 23.5
6 252.521 8.6779 23.5
6 253.965 10.1217 23.5
6 255.423 11.5796 23.5
6 256.867 13.0235 23.5
6 258.31 14.4671 23.5
6 259.762 15.9187 23.5
6 261.206 17.3623 23.5
6 262.65 18.8061 23.5
6 264.101 20.2575 23.5
6 265.544 21.7008 23.5
7 266.988 8.9e-08 23.5
7 268.445 1.4572 23.5
7 269.888 2.90034 23.5
7 271.33 4.3426 23.5
7 272.78 5.79238 23.5
7 274.222 7.23451 23.5
7 275.673 8.68575 23.5
7 277.117 10.1293 24
7 278.56 11.5723 24
8 280.012 6.7e-08 24
8 281.456 1.44438 24
8 282.901 2.88895 24
8 284.358 4.34626 24
8 285.802 5.78998 24
9 287.245 8.3e-08 24
9 288.696 1.45101 24
9 290.139 2.8942 24.5
10 291.582 1e-07 24.5
10 293.034 1.4516 24.5
11 294.477 7.2e-08 24.5
11 295.919 1.44192 24.5
12 297.368 7.3e-08 24.5
12 298.809 1.4413 25
13 300.252 5.8e-08 25
14 301.708 6.6e-08 25
14 303.151 1.44335 25
15 304.607 8e-08 25
16 306.045 5.7e-08 25
16 307.487 1.44161 25
17 308.936 8.1e-08 25
18 310.379 8.4e-08 25
19 311.822 5.7e-08 25
19 313.272 1.45078 25
20 314.715 6.5e-08 25
21 316.158 5.1e-08 25
21 317.611 1.45374 25
22 319.048 6.8e-08 25
23 320.491 6.5e-08 25
23 321.948 1.45706 25
24 323.391 6.7e-08 24
25 324.935 1.98e-07 25
25 326.374 1.43909 24
26 328.017 1.68e-07 25
26 329.468 1.45111 24
27 332.213 1.62e-07 25
27 333.657 1.44388 24
28 338.402 1.57e-07 25
28 339.844 1.44128 24
29 349.101 1.58e-07 25
29 350.543 1.44182 24
