        type trial_config ert_flop   unroll  buffers        nsize       trials       microsecs        bytes        flops         GB/s         GF/s
        long    coalesced        3       32        2          512     16777216     8728925.918  17179869184   3221225472        1.968        0.369
        long    coalesced        3       32        2         1024      8388608     5036094.929  17179869184   3221225472        3.411        0.640
        long    coalesced        3       32        2         2048      4194304     2728016.808  17179869184   3221225472        6.298        1.181
        long    coalesced        3       32        2         4096      2097152     1636972.290  17179869184   3221225472       10.495        1.968
        long    coalesced        3       32        2         8192      1048576     1109640.027  17179869184   3221225472       15.482        2.903
        long    coalesced        3       32        2        16384       524288      818669.473  17179869184   3221225472       20.985        3.935
        long    coalesced        3       32        2        32768       262144      686977.548  17179869184   3221225472       25.008        4.689
        long    coalesced        3       32        2        65536       131072      639669.160  17179869184   3221225472       26.857        5.036
        long    coalesced        3       32        2       131072        65536      603709.314  17179869184   3221225472       28.457        5.336
        long    coalesced        3       32        2       262144        32768      586892.261  17179869184   3221225472       29.273        5.489
        long    coalesced        3       32        2       524288        16384      577514.167  17179869184   3221225472       29.748        5.578
        long    coalesced        3       32        2      1048576         8192      573838.165  17179869184   3221225472       29.939        5.613
        long    coalesced        3       32        2      2097152         4096      571093.912  17179869184   3221225472       30.082        5.640
        long    coalesced        3       32        2      4194304         2048      569898.178  17179869184   3221225472       30.146        5.652
        long    coalesced        3       32        2      8388608         1024      569256.603  17179869184   3221225472       30.179        5.659
        long    coalesced        3       32        2     16777216          512      568921.774  17179869184   3221225472       30.197        5.662
        long    coalesced        3       32        2     33554432          256      568712.685  17179869184   3221225472       30.208        5.664
        long    coalesced        3       32        2     67108864          128      568679.405  17179869184   3221225472       30.210        5.664
        long    coalesced        3       32        2    134217728           64      568601.457  17179869184   3221225472       30.214        5.665
        long    coalesced        3       32        2    268435456           32      568560.391  17179869184   3221225472       30.216        5.666
        long    coalesced        3       32        2    536870912           16      568557.427  17179869184   3221225472       30.217        5.666
        long    coalesced        3       32        2   1073741824            8      568583.059  17179869184   3221225472       30.215        5.665
        long    coalesced        3       32        2   2147483648            4      568573.581  17179869184   3221225472       30.216        5.665
        long    coalesced        3       32        2   4294967296            2      568529.976  17179869184   3221225472       30.218        5.666
        long    coalesced        3       32        2   8588886016            1      568454.324  17177772032   3220832256       30.218        5.666
