        type trial_config ert_flop   unroll  buffers        nsize       trials       microsecs        bytes        flops         GB/s         GF/s
      double    coalesced       39        4        2           64     16777216    45147804.579   2147483648   5234491392        0.048        0.116
      double    coalesced       39        4        2          128     16777216    45421731.857   4294967296  10468982784        0.095        0.230
      double    coalesced       39        4        2          256     16777216    46210001.352   8589934592  20937965568        0.186        0.453
      double    coalesced       39        4        2          512     16777216    47610356.792  17179869184  41875931136        0.361        0.880
      double    coalesced       39        4        2         1024      8388608    24549287.978  17179869184  41875931136        0.700        1.706
      double    coalesced       39        4        2         2048      4194304    12729502.821  17179869184  41875931136        1.350        3.290
      double    coalesced       39        4        2         4096      2097152     6695582.403  17179869184  41875931136        2.566        6.254
      double    coalesced       39        4        2         8192      1048576     3682841.235  17179869184  41875931136        4.665       11.371
      double    coalesced       39        4        2        16384       524288     2182557.225  17179869184  41875931136        7.871       19.187
      double    coalesced       39        4        2        32768       262144     1422952.976  17179869184  41875931136       12.073       29.429
      double    coalesced       39        4        2        65536       131072     1023269.507  17179869184  41875931136       16.789       40.924
      double    coalesced       39        4        2       131072        65536      852902.625  17179869184  41875931136       20.143       49.098
      double    coalesced       39        4        2       262144        32768      754795.129  17179869184  41875931136       22.761       55.480
      double    coalesced       39        4        2       524288        16384      703689.345  17179869184  41875931136       24.414       59.509
      double    coalesced       39        4        2      1048576         8192      679964.770  17179869184  41875931136       25.266       61.585
      double    coalesced       39        4        2      2097152         4096      667732.984  17179869184  41875931136       25.729       62.714
      double    coalesced       39        4        2      4194304         2048      661545.926  17179869184  41875931136       25.969       63.300
      double    coalesced       39        4        2      8388608         1024      658484.178  17179869184  41875931136       26.090       63.594
      double    coalesced       39        4        2     16777216          512      656938.681  17179869184  41875931136       26.151       63.744
      double    coalesced       39        4        2     33554432          256      656316.609  17179869184  41875931136       26.176       63.804
      double    coalesced       39        4        2     67108864          128      655854.087  17179869184  41875931136       26.195       63.849
      double    coalesced       39        4        2    134217728           64      655664.397  17179869184  41875931136       26.202       63.868
      double    coalesced       39        4        2    268435456           32      655544.550  17179869184  41875931136       26.207       63.880
      double    coalesced       39        4        2    536870912           16      655482.145  17179869184  41875931136       26.210       63.886
      double    coalesced       39        4        2   1073741824            8      655515.227  17179869184  41875931136       26.208       63.882
      double    coalesced       39        4        2   2147483648            4      655427.663  17179869184  41875931136       26.212       63.891
      double    coalesced       39        4        2   4294967296            2      655418.568  17179869184  41875931136       26.212       63.892
      double    coalesced       39        4        2   8588886016            1      655387.945  17177772032  41870819328       26.210       63.887
