0 6.72605 7.9e-08 20.5
0 9.61563 2.88958 20.5
0 11.0654 4.33935 20.5
0 12.5071 5.78102 20.5
0 13.9524 7.22635 20.5
1 15.408 7.8e-08 20.5
1 16.851 1.44308 20.5
1 18.2933 2.88534 20.5
1 19.7446 4.33661 20.5
1 21.1888 5.78085 20.5
1 22.6314 7.22348 20.5
2 24.0975 7.1e-08 20.5
2 25.5482 1.45074 20.5
2 26.9994 2.90189 20.5
2 28.448 4.35054 20.5
2 29.9065 5.80901 20.5
2 31.3621 7.26459 20.5
3 32.8044 7.4e-08 20.5
3 34.2457 1.44129 20.5
3 35.6952 2.89076 20.5
3 37.1385 4.33412 20.5
3 38.6053 5.80087 20.5
3 40.0531 7.24867 20.5
3 41.495 8.69064 20.5
4 42.9524 6e-08 20.5
4 44.3966 1.44422 20.5
4 45.8499 2.89744 20.5
4 47.3061 4.35367 20.5
4 48.7598 5.80736 20.5
4 50.2163 7.2639 20.5
4 51.6652 8.71275 20.5
4 53.125 10.1726 20.5
5 54.5829 1.09e-07 20.5
5 56.0288 1.44597 20.5
5 57.4725 2.88964 20.5
5 58.9284 4.34554 20.5
5 60.3803 5.79744 20.5
5 61.8345 7.25165 20.5
5 63.2835 8.70066 20.5
5 64.7365 10.1536 20.5
6 66.1976 7.1e-08 20.5
6 67.6448 1.44724 20.5
6 69.0882 2.89059 21
6 70.5504 4.3528 21
6 71.9908 5.79316 21
6 73.4404 7.24277 21
6 74.8875 8.68989 20.5
6 76.3344 10.1368 20.5
6 77.797 11.5994 21
6 79.2436 13.046 21
6 80.6916 14.494 21
7 82.1575 1.08e-07 21
7 83.6053 1.44776 21
7 85.0551 2.8976 21
7 86.4974 4.33987 21
7 87.9392 5.78174 21
7 89.3893 7.23181 21
8 90.8542 7.6e-08 21
8 92.3023 1.44814 21
8 93.7638 2.90961 21
8 95.2115 4.35727 21
8 96.6625 5.80829 21.5
9 98.105 8.1e-08 21.5
9 99.5526 1.44752 21.5
9 101.001 2.89638 21.5
10 102.458 6.3e-08 21.5
10 103.9 1.44163 21.5
10 105.357 2.89804 21.5
11 106.798 6e-08 21.5
11 108.24 1.44273 21.5
11 109.691 2.89331 21.5
12 111.133 5.3e-08 21.5
12 112.6 1.46692 21.5
12 114.043 2.9094 21.5
13 115.491 1.03e-07 21.5
13 116.94 1.44949 21.5
13 118.394 2.90322 21.5
14 119.843 7.6e-08 21.5
14 121.292 1.44928 21.5
15 122.735 7.1e-08 21.5
15 124.177 1.44167 21.5
15 125.643 2.90803 21.5
16 127.086 9.2e-08 21.5
16 128.542 1.45616 21.5
17 129.983 6.2e-08 21.5
17 131.425 1.44214 21.5
17 132.881 2.89723 21.5
18 134.322 7.8e-08 21.5
18 135.774 1.45209 21.5
19 137.224 8.1e-08 21.5
19 138.665 1.44151 21.5
19 140.106 2.88257 21.5
20 141.562 6.4e-08 21.5
20 143.005 1.44298 21.5
20 144.447 2.88528 21.5
21 145.896 8.6e-08 21.5
21 147.345 1.44912 21.5
22 148.782 9.1e-08 21.5
22 150.239 1.45762 21.5
22 151.682 2.90065 21.5
23 153.133 8.1e-08 21.5
23 154.575 1.44208 21.5
24 156.024 5.8e-08 21.5
24 157.482 1.45761 21.5
24 158.936 2.91224 21.5
25 160.379 7.9e-08 21.5
25 161.836 1.45725 21.5
25 163.277 2.8982 21.5
26 164.72 6.9e-08 21.5
26 166.177 1.45681 21.5
26 167.62 2.89966 21
27 169.071 8.6e-08 21.5
27 170.514 1.44326 21.5
27 171.957 2.88619 21
28 174.808 1e-07 21.5
28 176.248 1.43983 21.5
28 177.689 2.88077 21
29 182.743 1.68e-07 21.5
29 184.186 1.44295 21.5
29 185.629 2.88638 21
30 194.993 1.54e-07 21.5
30 196.443 1.44983 21.5
30 197.886 2.89335 21
