        type trial_config ert_flop   unroll  buffers        nsize       trials       microsecs        bytes        flops         GB/s         GF/s
 signed_char    coalesced        4        1        1            1     16777216     5818412.958     33554432     67108864        0.006        0.012
 signed_char    coalesced        4        1        1            2     16777216     5951409.246     67108864    134217728        0.011        0.023
 signed_char    coalesced        4        1        1            4     16777216     6234766.370    134217728    268435456        0.022        0.043
 signed_char    coalesced        4        1        1            8     16777216     6891061.088    268435456    536870912        0.039        0.078
 signed_char    coalesced        4        1        1           16     16777216     8183096.194    536870912   1073741824        0.066        0.131
 signed_char    coalesced        4        1        1           32     16777216    10336525.842   1073741824   2147483648        0.104        0.208
 signed_char    coalesced        4        1        1           64     16777216    14547603.365   2147483648   4294967296        0.148        0.295
 signed_char    coalesced        4        1        1          128     16777216    17853882.779   4294967296   8589934592        0.241        0.481
 signed_char    coalesced        4        1        1          256     16777216    24549005.775   8589934592  17179869184        0.350        0.700
 signed_char    coalesced        4        1        1          512      8388608    18704025.032   8589934592  17179869184        0.459        0.919
 signed_char    coalesced        4        1        1         1024      4194304    16366078.046   8589934592  17179869184        0.525        1.050
 signed_char    coalesced        4        1        1         2048      2097152    14729444.698   8589934592  17179869184        0.583        1.166
 signed_char    coalesced        4        1        1         4096      1048576    14028044.489   8589934592  17179869184        0.612        1.225
 signed_char    coalesced        4        1        1         8192       524288    13638417.000   8589934592  17179869184        0.630        1.260
 signed_char    coalesced        4        1        1        16384       262144    13543154.756   8589934592  17179869184        0.634        1.269
 signed_char    coalesced        4        1        1        32768       131072    13463732.670   8589934592  17179869184        0.638        1.276
 signed_char    coalesced        4        1        1        65536        65536    13415365.846   8589934592  17179869184        0.640        1.281
 signed_char    coalesced        4        1        1       131072        32768    13398657.952   8589934592  17179869184        0.641        1.282
 signed_char    coalesced        4        1        1       262144        16384    13392899.689   8589934592  17179869184        0.641        1.283
 signed_char    coalesced        4        1        1       524288         8192    13389122.160   8589934592  17179869184        0.642        1.283
 signed_char    coalesced        4        1        1      1048576         4096    13386914.279   8589934592  17179869184        0.642        1.283
 signed_char    coalesced        4        1        1      2097152         2048    13385811.128   8589934592  17179869184        0.642        1.283
 signed_char    coalesced        4        1        1      4194304         1024    13385341.230   8589934592  17179869184        0.642        1.283
 signed_char    coalesced        4        1        1      8388608          512    13385046.027   8589934592  17179869184        0.642        1.284
 signed_char    coalesced        4        1        1     16777216          256    13384979.072   8589934592  17179869184        0.642        1.284
 signed_char    coalesced        4        1        1     33554432          128    13384798.626   8589934592  17179869184        0.642        1.284
 signed_char    coalesced        4        1        1     67108864           64    13384803.132   8589934592  17179869184        0.642        1.284
 signed_char    coalesced        4        1        1    134217728           32    13384719.995   8589934592  17179869184        0.642        1.284
 signed_char    coalesced        4        1        1    268435456           16    13384786.108   8589934592  17179869184        0.642        1.284
 signed_char    coalesced        4        1        1    536870912            8    13384765.109   8589934592  17179869184        0.642        1.284
 signed_char    coalesced        4        1        1   1073741824            4    13384726.598   8589934592  17179869184        0.642        1.284
 signed_char    coalesced        4        1        1   2147483648            2    13384753.839   8589934592  17179869184        0.642        1.284
 signed_char    coalesced        4        1        1   4293918720            1    13381487.046   8587837440  17175674880        0.642        1.284
