        type trial_config ert_flop   unroll  buffers        nsize       trials       microsecs        bytes        flops         GB/s         GF/s
 signed_char    coalesced        1       16        2           32     16777216     5692698.188   1073741824    536870912        0.189        0.094
 signed_char    coalesced        1       16        2           64     16777216     5951365.409   2147483648   1073741824        0.361        0.180
 signed_char    coalesced        1       16        2          128     16777216     6234773.705   4294967296   2147483648        0.689        0.344
 signed_char    coalesced        1       16        2          256     16777216     6891061.232   8589934592   4294967296        1.247        0.623
 signed_char    coalesced        1       16        2          512     16777216     8183129.889  17179869184   8589934592        2.099        1.050
 signed_char    coalesced        1       16        2         1024      8388608     5035806.434  17179869184   8589934592        3.412        1.706
 signed_char    coalesced        1       16        2         2048      4194304     3273375.402  17179869184   8589934592        5.248        2.624
 signed_char    coalesced        1       16        2         4096      2097152     2045923.720  17179869184   8589934592        8.397        4.199
 signed_char    coalesced        1       16        2         8192      1048576     1487986.358  17179869184   8589934592       11.546        5.773
 signed_char    coalesced        1       16        2        16384       524288     1190894.355  17179869184   8589934592       14.426        7.213
 signed_char    coalesced        1       16        2        32768       262144     1022969.889  17179869184   8589934592       16.794        8.397
 signed_char    coalesced        1       16        2        65536       131072      981648.564  17179869184   8589934592       17.501        8.751
 signed_char    coalesced        1       16        2       131072        65536      944935.191  17179869184   8589934592       18.181        9.091
 signed_char    coalesced        1       16        2       262144        32768      927596.985  17179869184   8589934592       18.521        9.260
 signed_char    coalesced        1       16        2       524288        16384      918316.964  17179869184   8589934592       18.708        9.354
 signed_char    coalesced        1       16        2      1048576         8192      913881.202  17179869184   8589934592       18.799        9.399
 signed_char    coalesced        1       16        2      2097152         4096      911123.079  17179869184   8589934592       18.856        9.428
 signed_char    coalesced        1       16        2      4194304         2048      910566.065  17179869184   8589934592       18.867        9.434
 signed_char    coalesced        1       16        2      8388608         1024      909950.478  17179869184   8589934592       18.880        9.440
 signed_char    coalesced        1       16        2     16777216          512      909642.234  17179869184   8589934592       18.886        9.443
 signed_char    coalesced        1       16        2     33554432          256      909484.470  17179869184   8589934592       18.890        9.445
 signed_char    coalesced        1       16        2     67108864          128      909429.862  17179869184   8589934592       18.891        9.445
 signed_char    coalesced        1       16        2    134217728           64      909433.005  17179869184   8589934592       18.891        9.445
 signed_char    coalesced        1       16        2    268435456           32      909397.905  17179869184   8589934592       18.891        9.446
 signed_char    coalesced        1       16        2    536870912           16      909404.454  17179869184   8589934592       18.891        9.446
 signed_char    coalesced        1       16        2   1073741824            8      909378.559  17179869184   8589934592       18.892        9.446
 signed_char    coalesced        1       16        2   2147483648            4      909358.746  17179869184   8589934592       18.892        9.446
 signed_char    coalesced        1       16        2   4294967296            2      909384.435  17179869184   8589934592       18.892        9.446
 signed_char    coalesced        1       16        2   8588886016            1      909277.156  17177772032   8588886016       18.892        9.446
