0 6.58688 8.1e-08 22
0 9.47596 2.88908 22
0 10.9307 4.34381 22
0 12.3739 5.78703 22
0 13.8149 7.22799 22
0 15.269 8.68209 22
0 16.7104 10.1235 22
0 18.1554 11.5685 22
0 19.6118 13.0249 22
0 21.0523 14.4654 22
0 22.5055 15.9187 22
1 23.9477 1.05e-07 22
1 25.3904 1.44271 22
1 26.8404 2.8927 22
1 28.2838 4.33613 22
1 29.7279 5.78027 22
1 31.1847 7.23705 22
1 32.6439 8.69619 22
1 34.0931 10.1454 22
1 35.5605 11.6129 22
1 37.0101 13.0624 22
1 38.4833 14.5357 22
1 39.9329 15.9852 22
2 41.3775 9.4e-08 22
2 42.8408 1.46331 22
2 44.2834 2.90588 22
2 45.734 4.35648 22
2 47.1775 5.79998 22
2 48.6206 7.2431 22
2 50.0884 8.71088 22
2 51.5421 10.1646 22
2 52.9901 11.6126 22
2 54.4626 13.0851 22
2 55.9113 14.5338 22
2 57.3762 15.9987 22
3 58.8249 8.8e-08 22
3 60.2687 1.44383 22
3 61.7206 2.89571 22
3 63.1857 4.36089 22
3 64.642 5.81712 22
3 66.1024 7.27754 22
3 67.5514 8.72657 22
3 69.0121 10.1873 22
3 70.4714 11.6465 22
3 71.9237 13.0989 22
3 73.3726 14.5478 22
3 74.815 15.9902 22
3 76.2861 17.4613 22
4 77.7355 9.1e-08 22
4 79.183 1.44757 22
4 80.6446 2.90914 22
4 82.0884 4.3529 22
4 83.5395 5.80405 22
4 84.9874 7.25193 22
4 86.4341 8.6986 22
4 87.9019 10.1664 22
4 89.3503 11.6149 22
4 90.8093 13.0738 22
4 92.2708 14.5353 22
4 93.7195 15.984 22
4 95.1813 17.4458 22
4 96.6255 18.8901 22
5 98.0697 8.6e-08 22
5 99.5367 1.46703 22
5 100.989 2.91969 22
5 102.44 4.37045 22
5 103.886 5.81614 22
5 105.344 7.27462 22
5 106.799 8.72971 22
5 108.253 10.1829 22.5
6 109.696 7.5e-08 22.5
6 111.164 1.46789 22.5
6 112.608 2.91142 22.5
6 114.065 4.3685 22.5
7 115.51 8.2e-08 22.5
7 116.953 1.44347 22.5
7 118.411 2.90139 23
8 119.855 7.2e-08 23
8 121.298 1.44351 23
9 122.75 7.4e-08 23.5
10 124.199 6.1e-08 24
11 125.643 5.1e-08 24
12 127.116 6.7e-08 24
14 128.557 5.4e-08 24
15 130.025 7.8e-08 24
16 131.469 4e-08 24
17 132.914 8.2e-08 24
19 134.371 9.8e-08 24
20 135.816 8.3e-08 24
21 137.261 5.8e-08 24
22 138.72 9.8e-08 24
24 140.664 1e-07 22.5
25 142.815 1e-07 22.5
26 145.96 1.46e-07 22.5
27 150.999 1.54e-07 22.5
28 160.147 1.55e-07 22
