        type trial_config ert_flop   unroll  buffers        nsize       trials       microsecs        bytes        flops         GB/s         GF/s
         int    coalesced       30       16        2          128     16777216    11902962.381   4294967296  16106127360        0.361        1.353
         int    coalesced       30       16        2          256     16777216    13093154.112   8589934592  32212254720        0.656        2.460
         int    coalesced       30       16        2          512     16777216    13093195.112  17179869184  64424509440        1.312        4.920
         int    coalesced       30       16        2         1024      8388608     7274189.345  17179869184  64424509440        2.362        8.857
         int    coalesced       30       16        2         2048      4194304     4091892.947  17179869184  64424509440        4.199       15.744
         int    coalesced       30       16        2         4096      2097152     2277903.615  17179869184  64424509440        7.542       28.282
         int    coalesced       30       16        2         8192      1048576     1364253.994  17179869184  64424509440       12.593       47.223
         int    coalesced       30       16        2        16384       524288     1023297.153  17179869184  64424509440       16.789       62.958
         int    coalesced       30       16        2        32768       262144      810307.667  17179869184  64424509440       21.202       79.506
         int    coalesced       30       16        2        65536       131072      708525.924  17179869184  64424509440       24.247       90.928
         int    coalesced       30       16        2       131072        65536      660534.927  17179869184  64424509440       26.009       97.534
         int    coalesced       30       16        2       262144        32768      635871.584  17179869184  64424509440       27.018      101.317
         int    coalesced       30       16        2       524288        16384      621390.875  17179869184  64424509440       27.647      103.678
         int    coalesced       30       16        2      1048576         8192      615033.898  17179869184  64424509440       27.933      104.750
         int    coalesced       30       16        2      2097152         4096      611722.997  17179869184  64424509440       28.084      105.316
         int    coalesced       30       16        2      4194304         2048      610181.979  17179869184  64424509440       28.155      105.582
         int    coalesced       30       16        2      8388608         1024      609350.364  17179869184  64424509440       28.194      105.727
         int    coalesced       30       16        2     16777216          512      609004.076  17179869184  64424509440       28.210      105.787
         int    coalesced       30       16        2     33554432          256      608756.711  17179869184  64424509440       28.221      105.830
         int    coalesced       30       16        2     67108864          128      608668.773  17179869184  64424509440       28.225      105.845
         int    coalesced       30       16        2    134217728           64      608591.743  17179869184  64424509440       28.229      105.858
         int    coalesced       30       16        2    268435456           32      608597.076  17179869184  64424509440       28.229      105.857
         int    coalesced       30       16        2    536870912           16      608585.580  17179869184  64424509440       28.229      105.859
         int    coalesced       30       16        2   1073741824            8      608586.361  17179869184  64424509440       28.229      105.859
         int    coalesced       30       16        2   2147483648            4      608578.987  17179869184  64424509440       28.229      105.861
         int    coalesced       30       16        2   4294967296            2      608538.914  17179869184  64424509440       28.231      105.868
         int    coalesced       30       16        2   8588886016            1      608486.624  17177772032  64416645120       28.230      105.864
