        type trial_config ert_flop   unroll  buffers        nsize       trials       microsecs        bytes        flops         GB/s         GF/s
         int    coalesced        7       64        2          512     16777216    10071835.019  17179869184  15032385536        1.706        1.493
         int    coalesced        7       64        2         1024      8388608     5455742.341  17179869184  15032385536        3.149        2.755
         int    coalesced        7       64        2         2048      4194304     3043277.830  17179869184  15032385536        5.645        4.940
         int    coalesced        7       64        2         4096      2097152     1764366.639  17179869184  15032385536        9.737        8.520
         int    coalesced        7       64        2         8192      1048576     1169396.241  17179869184  15032385536       14.691       12.855
         int    coalesced        7       64        2        16384       524288      877236.911  17179869184  15032385536       19.584       17.136
         int    coalesced        7       64        2        32768       262144      730813.574  17179869184  15032385536       23.508       20.569
         int    coalesced        7       64        2        65536       131072      682279.670  17179869184  15032385536       25.180       22.033
         int    coalesced        7       64        2       131072        65536      631706.118  17179869184  15032385536       27.196       23.796
         int    coalesced        7       64        2       262144        32768      611328.784  17179869184  15032385536       28.103       24.590
         int    coalesced        7       64        2       524288        16384      602081.013  17179869184  15032385536       28.534       24.967
         int    coalesced        7       64        2      1048576         8192      597203.791  17179869184  15032385536       28.767       25.171
         int    coalesced        7       64        2      2097152         4096      595368.834  17179869184  15032385536       28.856       25.249
         int    coalesced        7       64        2      4194304         2048      594250.181  17179869184  15032385536       28.910       25.296
         int    coalesced        7       64        2      8388608         1024      593597.774  17179869184  15032385536       28.942       25.324
         int    coalesced        7       64        2     16777216          512      593350.416  17179869184  15032385536       28.954       25.335
         int    coalesced        7       64        2     33554432          256      593169.341  17179869184  15032385536       28.963       25.342
         int    coalesced        7       64        2     67108864          128      593095.487  17179869184  15032385536       28.966       25.346
         int    coalesced        7       64        2    134217728           64      593077.737  17179869184  15032385536       28.967       25.346
         int    coalesced        7       64        2    268435456           32      593075.255  17179869184  15032385536       28.967       25.347
         int    coalesced        7       64        2    536870912           16      593018.372  17179869184  15032385536       28.970       25.349
         int    coalesced        7       64        2   1073741824            8      593012.902  17179869184  15032385536       28.970       25.349
         int    coalesced        7       64        2   2147483648            4      593028.861  17179869184  15032385536       28.970       25.348
         int    coalesced        7       64        2   4294967296            2      593008.347  17179869184  15032385536       28.971       25.349
         int    coalesced        7       64        2   8588886016            1      592972.638  17177772032  15030550528       28.969       25.348
