0 6.73993 7.3e-08 20.5
0 9.62954 2.88961 20.5
0 11.0709 4.33096 20.5
0 12.5243 5.78433 20.5
0 13.9658 7.22591 20.5
1 15.406 6.8e-08 20.5
1 16.8554 1.44941 20.5
1 18.3012 2.89515 20.5
1 19.7437 4.33768 20.5
1 21.1961 5.79011 20.5
2 22.6409 6.5e-08 20.5
2 24.0795 1.43861 20.5
2 25.5332 2.89231 20.5
2 26.9722 4.33127 20.5
2 28.4149 5.77396 21
3 29.8684 7.1e-08 21
3 31.3071 1.43864 21
3 32.7584 2.88999 21
3 34.2077 4.33924 21
3 35.6473 5.77884 21
3 37.0965 7.22805 21
4 38.539 6.1e-08 21
4 39.987 1.44792 21
4 41.4679 2.92887 21
5 42.9245 5.6e-08 21.5
5 44.3758 1.45133 21.5
6 45.824 5.5e-08 22
7 47.2832 8e-08 23
8 48.7451 4.4e-08 23.5
10 50.2045 4.9e-08 23.5
12 51.656 5.1e-08 23.5
14 53.0996 7.3e-08 23.5
15 54.5482 5.7e-08 23.5
17 56.0161 5.5e-08 23.5
19 57.4652 5.5e-08 23.5
21 59.0087 1.54e-07 23.5
22 60.4587 5.1e-08 23.5
23 61.9259 7.4e-08 21
24 63.3684 5.8e-08 21
25 66.1247 1.47e-07 21
26 71.0731 1.54e-07 21
27 80.5187 1.45e-07 21
