0 6.52973 8.4e-08 22
0 9.41316 2.88343 22
0 10.8646 4.33487 22
0 12.3073 5.77759 22
0 13.7508 7.22106 22
0 15.2066 8.67686 22
0 16.6495 10.1198 22
0 18.1005 11.5708 22
0 19.5442 13.0145 22
0 20.9881 14.4583 22
0 22.4398 15.9101 22
0 23.8821 17.3524 22
0 25.3257 18.796 22
0 26.784 20.2543 22
0 28.227 21.6973 22
1 29.6692 6.9e-08 22
1 31.1203 1.45118 22
1 32.5631 2.89392 22
1 34.0068 4.33761 22
1 35.4577 5.7885 22
1 36.9012 7.232 22
1 38.3449 8.67574 22
1 39.8019 10.1327 22
1 41.2456 11.5765 22
1 42.697 13.0278 22
1 44.1407 14.4715 22
1 45.5841 15.9149 22
1 47.035 17.3659 22
1 48.4783 18.8092 22
1 49.9215 20.2524 22
2 51.3785 8.4e-08 22
2 52.8219 1.44338 22
2 54.2657 2.88717 22
2 55.7169 4.33841 22
2 57.1597 5.78113 22
2 58.6033 7.22479 22
2 60.0542 8.6757 22
2 61.498 10.1195 22
2 62.9406 11.5621 22
2 64.3978 13.0193 22
2 65.8412 14.4627 22
2 67.2916 15.9131 22
2 68.7389 17.3604 22
2 70.1776 18.7991 22
2 71.6294 20.2509 22
2 73.073 21.6945 22
3 74.5165 7.7e-08 22
3 75.9734 1.45689 22
3 77.4165 2.90001 22
3 78.86 4.34358 22
3 80.3111 5.79465 22
3 81.7537 7.23728 22
3 83.1974 8.68093 22
3 84.6484 10.1319 22
3 86.0916 11.5752 22
3 87.535 13.0186 22
3 88.992 14.4756 22
3 90.4356 15.9191 22
3 91.8863 17.3698 22
3 93.3298 18.8134 22
3 94.7731 20.2567 22
3 96.2241 21.7076 22
4 97.6675 8.3e-08 22
4 99.1107 1.44312 22
4 100.568 2.90026 22
4 102.011 4.3433 22
4 103.455 5.78706 22
4 104.906 7.23863 22
4 106.349 8.6815 22
4 107.792 10.1246 22
4 109.247 11.5791 22
4 110.686 13.018 22
4 112.129 14.4615 22
4 113.586 15.9184 22
4 115.03 17.3621 22
4 116.48 18.8126 22
4 117.924 20.2561 22
4 119.371 21.7037 22
4 120.818 23.1501 22
4 122.261 24.5932 22
5 123.704 1e-07 22
5 125.161 1.45692 22
5 126.603 2.89939 22
5 128.046 4.34251 22
5 129.498 5.79404 22
5 130.941 7.23712 22
5 132.384 8.68052 22
5 133.836 10.1318 22
5 135.279 11.5754 22
5 136.722 13.0184 22
5 138.179 14.4752 22
5 139.622 15.9185 22
5 141.074 17.3698 22
5 142.516 18.8127 22
5 143.96 20.2561 22
5 145.411 21.7068 22
5 146.854 23.1501 22
5 148.297 24.5937 22
6 149.754 1.06e-07 22
6 151.197 1.44317 22
6 152.64 2.88599 22
6 154.092 4.33775 22
6 155.535 5.78081 22
6 156.982 7.22781 22
6 158.428 8.67421 22
6 159.872 10.1177 22
6 161.315 11.5607 22
6 162.771 13.0172 22
6 164.215 14.4605 22
7 165.665 8.9e-08 22
7 167.107 1.44216 22
7 168.55 2.88479 22.5
7 170.001 4.33556 22
7 171.443 5.77793 22
7 172.886 7.22094 22.5
8 174.344 6.4e-08 22.5
8 175.788 1.44382 22.5
8 177.231 2.88731 22.5
9 178.683 6.2e-08 22.5
9 180.126 1.4434 22.5
9 181.569 2.88652 23
10 183.025 7.1e-08 23
10 184.465 1.43983 23
11 185.908 7.1e-08 23
11 187.364 1.4561 23
12 188.806 6.8e-08 23
13 190.257 6.3e-08 23
13 191.7 1.44339 23
14 193.143 5.9e-08 23.5
15 194.595 5.2e-08 23.5
15 196.042 1.44733 23.5
16 197.481 6.6e-08 23.5
17 198.938 6.5e-08 23.5
18 200.381 6.5e-08 23.5
18 201.824 1.44276 23.5
19 203.275 7.2e-08 23.5
20 204.718 6.5e-08 23.5
20 206.16 1.44238 23.5
21 207.611 7e-08 23.5
22 209.054 6.1e-08 23.5
22 210.498 1.44343 23.5
23 211.954 6.9e-08 22
24 213.397 7.5e-08 23.5
24 214.848 1.451 23.5
25 216.291 7.3e-08 23.5
26 218.74 1.68e-07 23.5
26 220.174 1.434 22.5
27 222.818 1.59e-07 23.5
27 224.257 1.43928 22.5
28 229.004 1.63e-07 23
28 230.445 1.44102 22.5
29 239.595 1.23e-07 23.5
29 241.045 1.45036 22.5
