0 2.71871 1.09e-07 23
0 5.59979 2.88107 23
0 7.05544 4.33673 23
0 8.49908 5.78037 23
0 9.9411 7.22239 23
0 11.3927 8.67401 23
0 12.8349 10.1161 23
0 14.277 11.5583 23
0 15.7322 13.0135 23
0 17.1721 14.4533 23
0 18.6311 15.9123 23
0 20.078 17.3593 23
0 21.53 18.8113 23
0 22.9969 20.2782 23
0 24.4402 21.7215 23
0 25.8984 23.1797 23
0 27.3634 24.6447 23
0 28.806 26.0873 23
0 30.2569 27.5382 23
0 31.7004 28.9817 23
0 33.1494 30.4306 23
0 34.5988 31.8801 23
0 36.0617 33.343 23
0 37.5127 34.794 23
1 38.9638 1.15e-07 23
1 40.4068 1.44296 23
1 41.8611 2.89729 23
1 43.321 4.35714 23
1 44.7731 5.80927 23
1 46.2406 7.27672 23
1 47.6838 8.72 23
1 49.1317 10.1679 23
1 50.5974 11.6335 23
1 52.0402 13.0763 23
1 53.5012 14.5374 23
1 54.9589 15.9951 23
1 56.391 17.4271 23
1 57.8627 18.8989 23
1 59.3089 20.3451 23
1 60.7516 21.7878 23
1 62.2017 23.2378 23
1 63.6644 24.7006 23
1 65.1153 26.1515 23
1 66.5621 27.5983 23
1 68.0055 29.0417 23
1 69.4795 30.5156 23
1 70.9201 31.9562 23
1 72.3687 33.4048 23
1 73.8184 34.8545 23
2 75.2604 8.9e-08 23
2 76.7033 1.44283 23
2 78.1601 2.89967 23
2 79.603 4.34261 23
2 81.0702 5.80974 23
2 82.5117 7.25122 23
2 83.9708 8.71035 23
2 85.4215 10.1611 23
2 86.8749 11.6144 23
2 88.3183 13.0578 23
2 89.7855 14.5251 23
2 91.2289 15.9684 23
2 92.6808 17.4203 23
2 94.1238 18.8634 23
2 95.5762 20.3158 23
2 97.0318 21.7714 23
2 98.4747 23.2143 23
2 99.9282 24.6678 23
2 101.38 26.1195 23
2 102.824 27.5635 23
2 104.267 29.0071 23
2 105.726 30.4652 23
2 107.169 31.9084 23
2 108.621 33.3602 23
2 110.075 34.8142 23
3 111.518 8.9e-08 23
3 112.976 1.45796 23
3 114.42 2.90174 23
3 115.864 4.34532 23
3 117.315 5.79683 23
3 118.759 7.24037 23
3 120.202 8.68397 23
3 121.654 10.1356 23
3 123.097 11.579 23
3 124.541 13.0228 23
3 125.998 14.4799 23
3 127.444 15.9254 23
3 128.893 17.3747 23
3 130.337 18.8185 23
3 131.79 20.272 23
3 133.241 21.7229 23
3 134.683 23.165 23
3 136.141 24.6228 23
3 137.592 26.0738 23
3 139.036 27.5173 23
3 140.479 28.9608 23
3 141.931 30.4124 23
3 143.396 31.8772 23
3 144.845 33.3269 23
3 146.288 34.7697 23
3 147.731 36.2125 23
4 149.182 6.7e-08 23.5
4 150.642 1.45949 23.5
4 152.086 2.90355 23.5
4 153.538 4.35527 23
4 154.981 5.7986 23
4 156.424 7.24208 23
4 157.876 8.69371 23
4 159.319 10.1372 23.5
4 160.763 11.5804 23.5
4 162.22 13.0377 23
4 163.663 14.481 23
4 165.115 15.9324 23.5
4 166.556 17.3742 23
4 167.998 18.816 23.5
4 169.459 20.2763 23
4 170.902 21.7197 23
4 172.345 23.1629 23
4 173.802 24.6202 23
4 175.246 26.0638 23
4 176.7 27.5173 23
4 178.151 28.9687 23
4 179.594 30.4119 23
4 181.037 31.8551 23
4 182.494 33.3122 23.5
4 183.953 34.771 23.5
4 185.404 36.2218 23.5
5 186.847 8.5e-08 23.5
5 188.306 1.45912 23.5
5 189.758 2.91094 23.5
5 191.201 4.35423 23.5
5 192.645 5.79768 23.5
5 194.096 7.24922 23.5
5 195.54 8.69285 23.5
5 196.983 10.136 23.5
5 198.44 11.5931 23.5
5 199.884 13.0371 23.5
5 201.335 14.4883 23.5
5 202.779 15.9319 23.5
5 204.222 17.3752 23.5
5 205.674 18.8268 23.5
6 207.117 8.1e-08 23.5
6 208.561 1.4441 23.5
6 210.034 2.9169 23.5
6 211.476 4.35911 23.5
6 212.92 5.80254 23.5
6 214.387 7.26964 23.5
6 215.831 8.7134 23.5
6 217.282 10.165 23
7 218.726 7.1e-08 23
7 220.169 1.44345 23
7 221.621 2.89468 23.5
7 223.064 4.33807 23.5
8 224.508 6.7e-08 23.5
8 225.965 1.45749 23.5
9 227.408 7.5e-08 23.5
9 228.867 1.45926 24
10 230.319 6.7e-08 24
11 231.762 5.4e-08 24
12 233.206 6.5e-08 24
14 234.663 8.1e-08 24.5
15 236.117 7.2e-08 24.5
17 237.568 5.5e-08 24.5
18 239.012 7.3e-08 24.5
20 240.456 6.4e-08 24.5
21 241.914 7.1e-08 24.5
23 243.558 1.71e-07 23.5
24 245.002 6.2e-08 23.5
25 246.453 7.1e-08 23.5
26 248.497 1.45e-07 23.5
27 251.841 1.45e-07 23.5
28 257.399 1.54e-07 23.5
