0 6.55072 7.5e-08 21.5
0 9.43609 2.88537 21.5
0 10.8925 4.34174 21.5
0 12.3351 5.78436 21.5
0 13.7847 7.23394 21.5
0 15.2285 8.67779 21.5
1 16.6694 9e-08 21.5
1 18.1193 1.44991 21.5
1 19.5611 2.89171 22
2 21.0022 7.6e-08 22
2 22.453 1.45079 22.5
3 23.8977 1.02e-07 23
4 25.3411 6.6e-08 23.5
6 26.7967 6.8e-08 24.5
8 28.2394 7.5e-08 24.5
10 29.6826 1.23e-07 24.5
13 31.1339 6.8e-08 24.5
15 32.5768 5.9e-08 24.5
18 34.0197 6.3e-08 24.5
20 35.9713 1.58e-07 21.5
21 37.5104 1.75e-07 21.5
22 40.1513 1.69e-07 21.5
23 44.802 1.78e-07 21.5
24 53.7466 1.62e-07 21.5
