0 6.52204 7.8e-08 22
0 9.41599 2.89394 22
0 10.8573 4.33529 22
0 12.3148 5.79271 22
0 13.7586 7.23657 22
0 15.2101 8.68804 22
0 16.6511 10.1291 22
0 18.0944 11.5724 22
0 19.5466 13.0246 22
0 20.9899 14.4679 22
0 22.4318 15.9098 22
0 23.89 17.368 22
0 25.3323 18.8103 22
0 26.7747 20.2527 22
0 28.2267 21.7046 22
1 29.6699 8.1e-08 22
1 31.1127 1.44283 22
1 32.563 2.89309 22
1 34.0069 4.33693 22
1 35.4501 5.78021 22
1 36.9071 7.23722 22
1 38.351 8.68104 22
1 39.8022 10.1323 22
1 41.2452 11.5753 22
1 42.6878 13.0179 22
1 44.1394 14.4694 22
1 45.5826 15.9126 22
1 47.0258 17.3559 22
1 48.4833 18.8134 22
1 49.9266 20.2567 22
1 51.3701 21.7001 22
2 52.8217 6.2e-08 22
2 54.2648 1.44312 22
2 55.708 2.8863 22
2 57.1599 4.33819 22
2 58.6031 5.78134 22
2 60.0461 7.2244 22
2 61.503 8.68132 22
2 62.9463 10.1246 22
2 64.3979 11.5762 22
2 65.8406 13.0189 22
2 67.2841 14.4624 22
2 68.7351 15.9134 22
2 70.1785 17.3568 22
2 71.6222 18.8005 22
2 73.0785 20.2568 22
2 74.5217 21.7 22
2 75.9647 23.143 22
3 77.416 8.9e-08 22
3 78.8591 1.44311 22
3 80.3026 2.88661 22
3 81.7543 4.33829 22
3 83.1967 5.78069 22
3 84.6402 7.22421 22
3 86.0973 8.68134 22
3 87.541 10.1251 22
3 88.9923 11.5764 22
3 90.4354 13.0194 22
3 91.8787 14.4627 22
3 93.3336 15.9176 22
3 94.7723 17.3564 22
3 96.2154 18.7994 22
3 97.6726 20.2566 22
3 99.116 21.7 22
3 100.559 23.1429 22
4 102.01 8.6e-08 22
4 103.453 1.44288 22
4 104.895 2.88497 22
4 106.346 4.3359 22
4 107.789 5.77865 22
4 109.232 7.22193 22
4 110.689 8.67861 22
4 112.131 10.1212 22
4 113.583 11.5729 22
4 115.026 13.0156 22
4 116.469 14.4588 22
4 117.92 15.9097 22
4 119.363 17.3528 22
4 120.806 18.7961 22
4 122.262 20.2522 22
4 123.705 21.6953 22
4 125.149 23.1385 22
4 126.6 24.59 22
5 128.043 7.1e-08 22
5 129.486 1.44311 22
5 130.937 2.89377 22
5 132.379 4.33658 22
5 133.823 5.77973 22
5 135.28 7.23679 22
5 136.727 8.68435 22
5 138.174 10.1315 22
5 139.618 11.575 22
5 141.061 13.018 22
5 142.512 14.4691 22
5 143.955 15.9124 22
5 145.398 17.3556 22
5 146.856 18.8127 22
5 148.299 20.2559 22
5 149.746 21.7036 22
5 151.192 23.1496 22
5 152.636 24.5931 22
5 154.079 26.0359 22
6 155.534 7.2e-08 22
6 156.973 1.43911 22
6 158.416 2.88223 22
6 159.873 4.33886 22
6 161.316 5.78173 22
6 162.767 7.23286 22
6 164.21 8.6762 22
6 165.653 10.1194 22
6 167.105 11.5709 22
6 168.552 13.018 22
6 169.991 14.4574 22
7 171.448 7.3e-08 22
7 172.891 1.44284 22
7 174.334 2.88576 22
7 175.785 4.33706 22
7 177.228 5.78008 22
7 178.671 7.22268 22.5
8 180.122 1e-07 22.5
8 181.565 1.44334 22.5
8 183.009 2.88685 22.5
8 184.466 4.34388 22.5
9 185.909 7.4e-08 22.5
9 187.36 1.4509 22.5
9 188.807 2.89802 23
10 190.247 6.8e-08 23
10 191.698 1.45092 23
11 193.14 6.8e-08 23
12 194.587 6.2e-08 23
12 196.039 1.4522 23
13 197.48 6.7e-08 23
13 198.915 1.43465 23
14 200.371 6.2e-08 23
15 201.813 7.5e-08 23
15 203.256 1.44243 23
16 204.707 6.5e-08 23
17 206.15 5.8e-08 23
18 207.592 6.8e-08 23
18 209.043 1.45079 23
19 210.486 7.2e-08 23
20 211.928 6.5e-08 23
20 213.385 1.45653 23
21 214.826 7.2e-08 23
22 216.267 6.9e-08 23
22 217.716 1.44888 23
23 219.158 1.4e-07 23
24 220.808 1.21e-07 23
24 222.254 1.4453 23.5
25 223.696 6.8e-08 23
25 225.139 1.44279 22.5
26 226.595 6.2e-08 23
26 228.039 1.44329 22.5
27 230.79 1.68e-07 23
27 232.236 1.44641 22.5
28 236.88 1.83e-07 23
28 238.319 1.43924 22.5
29 247.376 1.64e-07 23.5
29 248.819 1.44279 22
