0 6.68568 7.5e-08 25.5
0 9.56731 2.88163 25.5
0 11.0203 4.33464 25.5
0 12.4619 5.77619 25.5
0 13.9056 7.21989 25.5
0 15.3533 8.66759 25.5
0 16.7987 10.1131 25.5
0 18.239 11.5533 25.5
0 19.6892 13.0035 25.5
0 21.1323 14.4466 25.5
0 22.5782 15.8925 25.5
0 24.0261 17.3404 25.5
0 25.4722 18.7865 25.5
0 26.915 20.2293 25.5
0 28.3664 21.6807 25.5
0 29.8279 23.1423 25.5
0 31.2819 24.5962 25.5
0 32.7372 26.0515 25.5
0 34.1855 27.4998 25.5
0 35.6341 28.9484 25.5
0 37.1018 30.4161 25.5
0 38.5543 31.8686 25.5
0 40.0209 33.3352 25.5
0 41.4806 34.7949 25.5
0 42.9281 36.2424 25.5
0 44.3797 37.694 25.5
0 45.8283 39.1426 25.5
0 47.2721 40.5864 25.5
0 48.7441 42.0584 25.5
0 50.1981 43.5124 25.5
0 51.6649 44.9792 25.5
0 53.1189 46.4332 25.5
0 54.563 47.8773 25.5
0 56.0235 49.3378 25.5
0 57.4827 50.797 25.5
0 58.9443 52.2586 25.5
0 60.3924 53.7067 25.5
0 61.8359 55.1503 25.5
0 63.3083 56.6226 25.5
0 64.7605 58.0749 25.5
0 66.2096 59.5239 25.5
0 67.6768 60.9911 25.5
0 69.1207 62.435 25.5
0 70.5817 63.896 25.5
0 72.0265 65.3408 25.5
0 73.4744 66.7887 25.5
0 74.9413 68.2556 25.5
0 76.385 69.6993 25.5
0 77.8442 71.1585 25.5
0 79.3125 72.6268 25.5
0 80.7665 74.0808 25.5
0 82.222 75.5363 25.5
0 83.666 76.9803 25.5
0 85.1188 78.4331 25.5
0 86.5871 79.9014 25.5
0 88.0451 81.3594 25.5
0 89.4976 82.8119 25.5
0 90.9524 84.2667 25.5
0 92.4134 85.7277 25.5
0 93.8628 87.1771 25.5
0 95.3225 88.6368 25.5
0 96.766 90.0803 25.5
0 98.2274 91.5417 25.5
0 99.671 92.9853 25.5
0 101.12 94.4342 25.5
0 102.572 95.8858 25.5
0 104.015 97.3292 25.5
1 105.458 9.4e-08 25.5
1 106.908 1.45045 25.5
1 108.373 2.91501 25.5
1 109.824 4.36622 25.5
1 111.268 5.80966 25.5
1 112.711 7.25274 25.5
1 114.167 8.70942 25.5
1 115.611 10.1533 25.5
1 117.068 11.6096 25.5
1 118.518 13.0597 25.5
1 119.977 14.5191 25.5
1 121.42 15.9624 25.5
1 122.872 17.4143 25.5
1 124.332 18.8743 25.5
1 125.775 20.3174 25.5
1 127.226 21.7683 25.5
1 128.68 23.222 25.5
1 130.132 24.6741 25.5
1 131.589 26.1308 25.5
1 133.025 27.5665 25.5
1 134.482 29.0243 25.5
1 135.926 30.4684 25.5
1 137.37 31.9121 25.5
1 138.836 33.3781 25.5
1 140.279 34.8212 25.5
1 141.737 36.2786 25.5
1 143.189 37.731 25.5
1 144.643 39.1847 25.5
1 146.093 40.6354 25.5
1 147.536 42.0776 25.5
1 148.984 43.5256 25.5
1 150.435 44.9767 25.5
1 151.878 46.4199 25.5
1 153.321 47.8633 25.5
1 154.778 49.3201 25.5
1 156.235 50.7767 25.5
1 157.677 52.2186 25.5
1 159.132 53.6738 25.5
1 160.575 55.1166 25.5
1 162.017 56.5594 25.5
1 163.484 58.0263 25.5
1 164.927 59.4692 25.5
1 166.376 60.9185 25.5
1 167.821 62.3625 25.5
1 169.264 63.806 25.5
1 170.716 65.2578 25.5
1 172.175 66.7171 25.5
1 173.617 68.1588 25.5
1 175.084 69.626 25.5
1 176.527 71.0688 25.5
1 177.97 72.5117 25.5
1 179.421 73.9629 25.5
1 180.875 75.417 25.5
1 182.317 76.859 25.5
1 183.767 78.3095 25.5
1 185.211 79.7531 25.5
1 186.66 81.2017 25.5
1 188.117 82.6588 25.5
1 189.57 84.1121 25.5
1 191.022 85.5636 25.5
1 192.464 87.0064 25.5
1 193.911 88.4532 25.5
1 195.361 89.9033 25.5
1 196.817 91.3585 25.5
1 198.251 92.7928 25.5
1 199.708 94.2497 25.5
1 201.152 95.6939 25.5
1 202.613 97.1546 25.5
2 204.063 1e-07 25.5
2 205.523 1.46011 25.5
2 206.974 2.91193 25.5
2 208.417 4.35473 25.5
2 209.87 5.807 25.5
2 211.321 7.25856 25.5
2 212.765 8.70269 25.5
2 214.225 10.1623 25.5
2 215.675 11.6124 25.5
2 217.118 13.0555 25.5
2 218.561 14.4989 25.5
2 220.013 15.95 25.5
2 221.456 17.3933 25.5
2 222.898 18.8355 25.5
2 224.349 20.2861 25.5
2 225.791 21.729 25.5
2 227.24 23.1773 25.5
2 228.691 24.6286 25.5
2 230.135 26.0721 25.5
2 231.584 27.5211 25.5
2 233.041 28.9781 25.5
2 234.496 30.4337 25.5
2 235.945 31.8826 25.5
2 237.397 33.3349 25.5
2 238.839 34.7769 25.5
2 240.296 36.2334 25.5
2 241.748 37.6859 25.5
2 243.191 39.1286 25.5
2 244.642 40.5795 25.5
2 246.09 42.0277 25.5
2 247.533 43.4703 25.5
2 248.984 44.9216 25.5
2 250.427 46.3647 25.5
2 251.87 47.808 25.5
2 253.32 49.2571 25.5
2 254.783 50.7209 25.5
2 256.234 52.1714 25.5
2 257.682 53.6195 25.5
2 259.124 55.0613 25.5
2 260.575 56.5125 25.5
2 262.034 57.9717 25.5
2 263.477 59.4143 25.5
2 264.939 60.8765 25.5
2 266.379 62.3167 25.5
2 267.822 63.7596 25.5
2 269.273 65.2106 25.5
2 270.715 66.6523 25.5
2 272.162 68.0991 25.5
2 273.611 69.5488 25.5
2 275.054 70.9918 25.5
2 276.498 72.4354 25.5
2 277.965 73.9027 25.5
2 279.408 75.3451 25.5
2 280.871 76.8083 25.5
2 282.311 78.2486 25.5
2 283.754 79.692 25.5
2 285.211 81.1481 25.5
2 286.664 82.601 25.5
2 288.104 84.0419 25.5
2 289.56 85.4977 25.5
2 291.002 86.9398 25.5
2 292.45 88.3876 25.5
2 293.9 89.8376 25.5
2 295.356 91.2933 25.5
2 296.791 92.7281 25.5
2 298.247 94.1846 25.5
2 299.69 95.6271 25.5
2 301.141 97.078 25.5
3 302.583 8.9e-08 25.5
3 304.025 1.44204 25.5
3 305.485 2.90219 25.5
3 306.928 4.34505 25.5
3 308.388 5.80494 25.5
3 309.839 7.25611 25.5
3 311.282 8.69868 25.5
3 312.735 10.1514 25.5
3 314.186 11.6027 25.5
3 315.645 13.0619 25.5
3 317.087 14.5039 25.5
3 318.552 15.9687 25.5
3 319.994 17.4104 25.5
3 321.443 18.8602 25.5
3 322.886 20.303 25.5
3 324.345 21.7622 25.5
3 325.795 23.2118 25.5
3 327.237 24.6541 25.5
3 328.69 26.1071 25.5
3 330.142 27.5586 25.5
3 331.585 29.0016 25.5
3 333.027 30.4434 25.5
3 334.476 31.8931 25.5
3 335.941 33.3577 25.5
3 337.392 34.8083 25.5
3 338.84 36.2566 25.5
3 340.282 37.6984 25.5
3 341.733 39.1493 25.5
3 343.192 40.6085 25.5
3 344.634 42.0508 25.5
3 346.094 43.5109 25.5
3 347.537 44.9538 25.5
3 348.98 46.397 25.5
3 350.431 47.8481 25.5
3 351.884 49.3007 25.5
3 353.326 50.7424 25.5
3 354.793 52.2098 25.5
3 356.236 53.6529 25.5
3 357.688 55.1047 25.5
3 359.136 56.5527 25.5
3 360.579 57.9953 25.5
3 362.035 59.4516 25.5
3 363.486 60.9032 25.5
3 364.928 62.345 25.5
3 366.38 63.7963 25.5
3 367.822 65.239 25.5
3 369.263 66.6801 25.5
3 370.724 68.1409 25.5
3 372.168 69.5845 25.5
3 373.611 71.0279 25.5
3 375.079 72.4955 25.5
3 376.521 73.9379 25.5
3 377.971 75.3879 25.5
3 379.419 76.8357 25.5
3 380.861 78.278 25.5
3 382.325 79.7418 25.5
3 383.76 81.1768 25.5
3 385.203 82.6196 25.5
3 386.66 84.0764 25.5
3 388.103 85.5193 25.5
3 389.545 86.9617 25.5
3 391.005 88.4218 25.5
3 392.448 89.8648 25.5
3 393.89 91.3072 25.5
3 395.346 92.7631 25.5
3 396.789 94.2057 25.5
3 398.245 95.662 25.5
3 399.694 97.1105 25.5
4 401.137 6.7e-08 25.5
4 402.588 1.45098 25.5
4 404.032 2.89555 25.5
4 405.472 4.33543 25.5
4 406.933 5.79624 25.5
4 408.376 7.23931 25.5
4 409.819 8.68188 25.5
4 411.285 10.1478 25.5
4 412.727 11.5897 25.5
4 414.169 13.032 25.5
4 415.629 14.4925 25.5
4 417.071 15.934 25.5
4 418.518 17.3812 25.5
4 419.968 18.8306 25.5
4 421.431 20.2942 25.5
4 422.881 21.7444 25.5
4 424.324 23.1867 25.5
4 425.771 24.6344 25.5
4 427.222 26.0852 25.5
4 428.665 27.5282 25.5
4 430.124 28.9867 25.5
4 431.573 30.4358 25.5
4 433.025 31.8878 25.5
4 434.468 33.3307 25.5
4 435.918 34.7814 25.5
4 437.36 36.223 25.5
4 438.819 37.6818 25.5
4 440.27 39.1327 25.5
4 441.723 40.5862 25.5
4 443.173 42.036 25.5
4 444.615 43.4776 25.5
4 446.063 44.9261 25.5
4 447.513 46.3763 25.5
4 448.956 47.819 25.5
4 450.415 49.278 25.5
4 451.866 50.7294 25.5
4 453.31 52.173 25.5
4 454.752 53.6147 25.5
4 456.201 55.0646 25.5
4 457.654 56.5168 25.5
4 459.096 57.9595 25.5
4 460.546 59.4093 25.5
4 462.003 60.8664 25.5
4 463.454 62.3172 25.5
4 464.896 63.7595 25.5
4 466.349 65.2116 25.5
4 467.798 66.6615 25.5
4 469.242 68.1049 25.5
4 470.701 69.5642 25.5
4 472.152 71.0146 25.5
4 473.594 72.4569 25.5
4 475.035 73.8986 25.5
4 476.486 75.3494 25.5
4 477.929 76.7922 25.5
4 479.382 78.2447 25.5
4 480.832 79.6948 25.5
4 482.291 81.1543 25.5
4 483.742 82.6046 25.5
4 485.184 84.0471 25.5
4 486.636 85.4988 25.5
4 488.087 86.9503 25.5
4 489.531 88.3937 25.5
4 490.974 89.8367 25.5
4 492.424 91.2871 25.5
4 493.887 92.7498 25.5
4 495.329 94.192 25.5
4 496.779 95.642 25.5
4 498.227 97.0898 25.5
4 499.669 98.5319 25.5
5 501.133 8e-08 25.5
5 502.567 1.43399 25.5
5 504.01 2.87675 25.5
5 505.467 4.33373 25.5
5 506.909 5.77632 25.5
5 508.345 7.21214 25.5
5 509.801 8.66812 25.5
5 511.246 10.113 25.5
5 512.687 11.5536 25.5
5 514.136 13.0028 25.5
5 515.594 14.4607 25.5
5 517.044 15.9106 25.5
5 518.487 17.3536 25.5
5 519.946 18.8125 25.5
5 521.396 20.263 25.5
5 522.838 21.7047 25.5
5 524.28 23.147 25.5
5 525.732 24.5985 25.5
5 527.185 26.0519 25.5
5 528.627 27.4938 25.5
5 530.078 28.9444 25.5
5 531.542 30.4086 25.5
5 532.992 31.8591 25.5
5 534.435 33.3015 25.5
5 535.883 34.7498 25.5
5 537.333 36.2001 25.5
5 538.776 37.6429 25.5
5 540.235 39.1021 25.5
5 541.686 40.5525 25.5
5 543.137 42.0041 25.5
5 544.58 43.4467 25.5
5 546.03 44.8974 25.5
5 547.472 46.3389 25.5
5 548.919 47.786 25.5
5 550.369 49.2358 25.5
5 551.827 50.6939 25.5
5 553.277 52.1443 25.5
5 554.72 53.5868 25.5
5 556.172 55.0393 25.5
5 557.622 56.489 25.5
5 559.065 57.932 25.5
5 560.524 59.3906 25.5
5 561.974 60.8406 25.5
5 563.416 62.2832 25.5
5 564.858 63.7252 25.5
5 566.309 65.1757 25.5
5 567.76 66.6273 25.5
6 569.202 8.3e-08 25.5
6 570.654 1.45118 25.5
6 572.096 2.89377 25.5
6 573.538 4.33526 25.5
6 574.987 5.78503 25.5
6 576.43 7.22777 25.5
6 577.873 8.67084 25.5
6 579.323 10.1208 25.5
6 580.765 11.5624 25.5
6 582.207 13.0049 25.5
6 583.664 14.4612 25.5
6 585.1 15.8973 25.5
6 586.541 17.3389 25.5
6 587.998 18.7953 25.5
6 589.455 20.2527 25.5
6 590.906 21.7032 25.5
6 592.348 23.1456 25.5
6 593.795 24.5921 25.5
6 595.244 26.0421 25.5
6 596.686 27.4833 25.5
6 598.128 28.9255 25.5
6 599.594 30.3919 25.5
6 601.035 31.8331 25.5
6 602.494 33.2921 25.5
6 603.942 34.7396 25.5
7 605.401 1e-07 25.5
7 606.842 1.4414 25.5
7 608.302 2.90163 25.5
7 609.745 4.34388 25.5
7 611.208 5.80742 26
7 612.643 7.2419 25.5
7 614.084 8.68333 25.5
7 615.533 10.1328 25.5
7 616.977 11.5766 25.5
7 618.416 13.0158 25.5
7 619.887 14.4863 25.5
7 621.327 15.9267 25.5
7 622.769 17.3685 26
8 624.229 8.8e-08 26
8 625.67 1.44124 26
8 627.126 2.89721 26
8 628.579 4.34994 26
8 630.03 5.80149 26
8 631.48 7.25159 26
8 632.922 8.69341 26
9 634.365 1.02e-07 26
9 635.815 1.45005 26
9 637.263 2.89819 26
9 638.705 4.34029 26
10 640.172 8.1e-08 26.5
10 641.615 1.44335 26.5
10 643.058 2.88551 27
11 644.518 6.8e-08 27
11 645.96 1.44242 27
12 647.402 7.1e-08 27
12 648.858 1.45536 27.5
13 650.3 7.2e-08 27.5
14 651.742 6.2e-08 27.5
14 653.192 1.45006 27.5
15 654.634 6.9e-08 27.5
16 656.081 7.3e-08 27.5
17 657.538 7e-08 27.5
17 658.98 1.44167 27.5
18 660.438 6.8e-08 27.5
19 661.88 7.1e-08 27.5
20 663.32 6.9e-08 27.5
20 664.769 1.44866 27.5
21 666.22 7.7e-08 27.5
22 667.66 6.9e-08 27.5
23 669.111 6.4e-08 27.5
23 670.552 1.44178 27.5
24 671.993 5.8e-08 26
25 673.844 1.54e-07 27.5
25 675.292 1.44807 26
26 677.234 1.6e-07 27.5
26 678.682 1.44804 26
27 682.025 1.44e-07 27.5
28 689.883 1.44e-07 27.5
