0 6.47169 8.7e-08 21.5
0 9.36519 2.8935 21.5
0 10.8073 4.33564 21.5
0 12.25 5.77834 21.5
0 13.6994 7.22768 21.5
0 15.1436 8.67192 21.5
0 16.5871 10.1155 21.5
0 18.0369 11.5652 21.5
0 19.4782 13.0065 21.5
1 20.9195 8e-08 21.5
1 22.3759 1.4564 22
1 23.8193 2.89982 22
1 25.279 4.35952 21.5
1 26.7456 5.82614 21.5
1 28.2059 7.28643 21.5
1 29.6731 8.75361 22
1 31.1214 10.2019 22
1 32.5757 11.6562 22
2 34.0171 9.5e-08 21.5
2 35.4586 1.44145 22
2 36.9245 2.90735 22
2 38.3719 4.35475 22
2 39.8137 5.79658 22
2 41.269 7.25193 21.5
2 42.7307 8.71362 21.5
2 44.1855 10.1684 21.5
2 45.6341 11.617 22
3 47.0859 7.6e-08 22
3 48.5356 1.44967 22
3 49.9766 2.89069 22
3 51.4293 4.34335 22
3 52.8962 5.81023 22
3 54.3447 7.25872 22
3 55.7988 8.71283 22
3 57.2463 10.1603 22
3 58.7044 11.6185 22
3 60.1604 13.0745 22
4 61.6022 1.87e-07 22
4 63.0453 1.44312 22
4 64.4957 2.89351 22
4 65.9542 4.35206 22
4 67.415 5.81284 22
4 68.8575 7.25531 22
4 70.2998 8.69761 22
4 71.7712 10.169 22
4 73.2199 11.6178 22
4 74.6609 13.0587 22
4 76.1227 14.5205 22
5 77.5666 8.3e-08 22
5 79.0176 1.45106 22
5 80.4697 2.90316 22
5 81.9166 4.34997 22
5 83.3744 5.8078 22
5 84.8186 7.25203 22
6 86.2676 9.7e-08 22
6 87.7166 1.44902 22
6 89.1587 2.89111 22
7 90.6074 8e-08 22.5
7 92.069 1.4616 22.5
7 93.5189 2.91155 23
8 94.9725 4.07e-07 23.5
9 96.4159 8e-08 23.5
10 97.8765 9.6e-08 24
11 99.3276 9.5e-08 24
12 100.782 7.4e-08 24
13 102.226 7.6e-08 24
15 103.689 7.6e-08 24
16 105.131 6.8e-08 24
17 106.587 6.4e-08 24
19 108.03 5.3e-08 24
20 109.472 6.1e-08 24
21 110.923 5.4e-08 24
23 112.582 1.54e-07 22.5
24 114.226 1.62e-07 22
25 116.269 9.7e-08 22.5
26 119.32 1.53e-07 22
27 124.274 1.61e-07 22
28 133.23 1.46e-07 22
