0 6.6611 8.4e-08 21
0 9.55959 2.89849 21
0 10.999 4.33787 20.5
0 12.4531 5.79202 21
0 13.8931 7.23197 21
1 15.3393 1.37e-07 21
1 16.7905 1.45113 21
1 18.232 2.89264 21
1 19.6744 4.33503 21
1 21.1277 5.78839 21
2 22.5709 6.4e-08 21
2 24.022 1.45109 21
2 25.4654 2.89444 21
2 26.9072 4.33629 21
2 28.3591 5.78814 21
3 29.8209 5.9e-08 21
3 31.2692 1.44829 21
3 32.7354 2.91446 21
3 34.1831 4.36218 21
3 35.6492 5.82829 21
3 37.0981 7.27719 21
4 38.5508 7.3e-08 21
4 40.0184 1.46756 21
4 41.4612 2.91034 21
4 42.9169 4.3661 21.5
5 44.3606 7.2e-08 21.5
5 45.8203 1.45968 22
6 47.2771 1.01e-07 22.5
7 48.7188 5.5e-08 23.5
9 50.1616 5.9e-08 24
11 51.6274 5.2e-08 24
13 53.0795 5.8e-08 24
15 54.5412 6.5e-08 24
17 55.9848 4.8e-08 24
19 57.4442 1.3e-07 24
21 59.0098 1.57e-07 24
22 60.4743 5.6e-08 24
23 61.9163 6.1e-08 24
24 63.3588 5.7e-08 21
25 65.9106 1.45e-07 21
26 70.8633 1.47e-07 21
27 80.0218 1.45e-07 21
