        type trial_config ert_flop   unroll  buffers        nsize       trials       microsecs        bytes        flops         GB/s         GF/s
         int    coalesced        1       16        2          128     16777216     6544901.487   4294967296    536870912        0.656        0.082
         int    coalesced        1       16        2          256     16777216     6891355.227   8589934592   1073741824        1.246        0.156
         int    coalesced        1       16        2          512     16777216     7274115.795  17179869184   2147483648        2.362        0.295
         int    coalesced        1       16        2         1024      8388608     4175833.707  17179869184   2147483648        4.114        0.514
         int    coalesced        1       16        2         2048      4194304     2518261.177  17179869184   2147483648        6.822        0.853
         int    coalesced        1       16        2         4096      2097152     1384410.914  17179869184   2147483648       12.410        1.551
         int    coalesced        1       16        2         8192      1048576      909587.295  17179869184   2147483648       18.888        2.361
         int    coalesced        1       16        2        16384       524288      724896.287  17179869184   2147483648       23.700        2.962
         int    coalesced        1       16        2        32768       262144      613160.451  17179869184   2147483648       28.019        3.502
         int    coalesced        1       16        2        65536       131072      594202.387  17179869184   2147483648       28.912        3.614
         int    coalesced        1       16        2       131072        65536      574331.385  17179869184   2147483648       29.913        3.739
         int    coalesced        1       16        2       262144        32768      568924.920  17179869184   2147483648       30.197        3.775
         int    coalesced        1       16        2       524288        16384      566331.083  17179869184   2147483648       30.335        3.792
         int    coalesced        1       16        2      1048576         8192      564857.093  17179869184   2147483648       30.415        3.802
         int    coalesced        1       16        2      2097152         4096      564107.042  17179869184   2147483648       30.455        3.807
         int    coalesced        1       16        2      4194304         2048      563751.598  17179869184   2147483648       30.474        3.809
         int    coalesced        1       16        2      8388608         1024      563579.225  17179869184   2147483648       30.484        3.810
         int    coalesced        1       16        2     16777216          512      563535.826  17179869184   2147483648       30.486        3.811
         int    coalesced        1       16        2     33554432          256      563473.664  17179869184   2147483648       30.489        3.811
         int    coalesced        1       16        2     67108864          128      563382.387  17179869184   2147483648       30.494        3.812
         int    coalesced        1       16        2    134217728           64      563443.653  17179869184   2147483648       30.491        3.811
         int    coalesced        1       16        2    268435456           32      563453.869  17179869184   2147483648       30.490        3.811
         int    coalesced        1       16        2    536870912           16      563430.013  17179869184   2147483648       30.492        3.811
         int    coalesced        1       16        2   1073741824            8      563389.718  17179869184   2147483648       30.494        3.812
         int    coalesced        1       16        2   2147483648            4      563361.066  17179869184   2147483648       30.495        3.812
         int    coalesced        1       16        2   4294967296            2      565504.694  17179869184   2147483648       30.380        3.797
         int    coalesced        1       16        2   8588886016            1      563350.207  17177772032   2147221504       30.492        3.812
