0 6.45257 8.6e-08 22
0 9.33695 2.88438 22
0 10.7844 4.33181 22
0 12.2291 5.77649 22
0 13.6725 7.21994 22
0 15.1286 8.67603 22
0 16.5712 10.1187 22
0 18.011 11.5585 22
0 19.4645 13.012 22
0 20.9064 14.4539 22
0 22.3505 15.8979 22
0 23.8017 17.3492 22
0 25.243 18.7905 22
0 26.6884 20.2358 22
0 28.1431 21.6906 22
0 29.5865 23.1339 22
0 31.0612 24.6086 22
0 32.5108 26.0582 22
1 33.9618 8.6e-08 22
1 35.4139 1.45208 22
1 36.8735 2.91172 22
1 38.342 4.38015 22
1 39.8052 5.84337 22
1 41.2563 7.29448 22
1 42.7235 8.76166 22
1 44.1718 10.21 22
1 45.6227 11.6609 22
1 47.0743 13.1125 22
1 48.5335 14.5716 22
1 49.9905 16.0287 22
1 51.4336 17.4717 22
1 52.8762 18.9144 22
1 54.3476 20.3858 22
1 55.7965 21.8347 22
1 57.2637 23.3019 22
1 58.7116 24.7498 22
2 60.1554 1.54e-07 22
2 61.6077 1.45226 22
2 63.0724 2.91695 22
2 64.529 4.37355 22
2 65.9774 5.82203 22
2 67.4322 7.27681 22
2 68.8941 8.73871 22
2 70.3426 10.1872 22
2 71.7866 11.6312 22
2 73.249 13.0936 22
2 74.6905 14.5351 22
2 76.151 15.9956 22
2 77.61 17.4546 22
2 79.0636 18.9082 22
2 80.5199 20.3645 22
2 81.9627 21.8073 22
2 83.4331 23.2777 22
2 84.8811 24.7257 22
3 86.3247 1.02e-07 22
3 87.7827 1.45805 22
3 89.2343 2.90969 22
3 90.6767 4.35206 22
3 92.1287 5.80406 22
3 93.5726 7.24798 22
3 95.0274 8.70271 22
3 96.4915 10.1668 22
3 97.9427 11.618 22
3 99.4048 13.0801 22
3 100.861 14.5368 22
3 102.305 15.98 22
3 103.772 17.4477 22
3 105.216 18.8918 22
3 106.683 20.3588 22
3 108.127 21.8025 22
3 109.575 23.2506 22
3 111.026 24.701 22
4 112.468 6.3e-08 22
4 113.91 1.44212 22
4 115.361 2.89256 22
4 116.804 4.33601 22
4 118.259 5.79088 22
4 119.709 7.24069 22
4 121.161 8.69263 22
4 122.612 10.1441 22
4 124.072 11.6034 22
4 125.515 13.0464 22
4 126.974 14.5053 22
4 128.414 15.9457 22
4 129.86 17.3918 22
4 131.31 18.8414 22
4 132.752 20.2835 22
4 134.194 21.7263 22
4 135.651 23.1832 22
4 137.104 24.6359 22
4 138.556 26.0876 22
4 140.01 27.5414 22
5 141.452 6.6e-08 22.5
5 142.903 1.45096 22
5 144.344 2.89165 22
5 145.787 4.33503 22.5
5 147.238 5.78593 22.5
5 148.681 7.22877 22.5
5 150.14 8.68768 22
5 151.593 10.1406 22.5
5 153.046 11.5936 22
5 154.497 13.0451 22.5
5 155.941 14.4886 22.5
5 157.401 15.9487 22.5
5 158.853 17.4005 22.5
5 160.296 18.8437 22.5
5 161.743 20.2909 22.5
5 163.193 21.7405 22.5
5 164.657 23.2047 22.5
5 166.109 24.6565 22
5 167.569 26.1166 22
5 169.013 27.5606 22
5 170.464 29.012 22.5
5 171.912 30.4601 22.5
6 173.354 8.1e-08 22.5
6 174.804 1.45038 22.5
6 176.258 2.9044 22.5
6 177.71 4.35602 22.5
6 179.153 5.79933 22.5
6 180.599 7.24547 22.5
6 182.049 8.69461 22.5
6 183.513 10.159 22.5
6 184.958 11.6038 22.5
6 186.409 13.0555 22.5
6 187.857 14.503 22.5
7 189.3 8.8e-08 22.5
7 190.77 1.46932 22.5
7 192.21 2.90941 22.5
7 193.661 4.36031 22.5
7 195.102 5.80217 22.5
7 196.544 7.24373 22.5
7 197.995 8.69511 22.5
8 199.438 6.9e-08 22.5
8 200.902 1.46443 22.5
8 202.353 2.91545 22.5
8 203.8 4.36219 23
9 205.244 5.1e-08 23
9 206.701 1.45723 23
9 208.154 2.90949 23
10 209.606 6.1e-08 23
10 211.055 1.44968 23.5
11 212.497 5.8e-08 23.5
12 213.953 5.4e-08 23.5
12 215.394 1.44177 23.5
13 216.853 5.9e-08 23.5
14 218.303 8.7e-08 23.5
14 219.762 1.45816 23.5
15 221.213 6.1e-08 23.5
16 222.657 4e-08 23.5
16 224.105 1.44787 23.5
17 225.554 7.4e-08 23.5
18 227.004 1.42e-07 23.5
18 228.44 1.4366 23.5
19 229.896 7.8e-08 23.5
20 231.341 1.64e-07 23.5
21 232.784 1e-07 23.5
21 234.235 1.45107 23.5
22 235.684 9.2e-08 23
23 237.128 8.5e-08 23.5
23 238.585 1.45705 23.5
24 240.029 1.05e-07 23.5
25 241.891 1.05e-07 23.5
25 243.34 1.44933 22.5
26 244.993 1.05e-07 23.5
26 246.432 1.43863 22.5
27 249.089 8.6e-08 23.5
27 250.531 1.44165 22.5
28 255.29 1.06e-07 23.5
28 256.741 1.45133 22.5
29 265.991 1.21e-07 23.5
29 267.442 1.45098 22.5
