        type trial_config ert_flop   unroll  buffers        nsize       trials       microsecs        bytes        flops         GB/s         GF/s
      double    coalesced       16        8        1           64     16777216    18704047.311   2147483648   2147483648        0.115        0.115
      double    coalesced       16        8        1          128     16777216    18704019.335   4294967296   4294967296        0.230        0.230
      double    coalesced       16        8        1          256     16777216    18704019.864   8589934592   8589934592        0.459        0.459
      double    coalesced       16        8        1          512      8388608     9819670.461   8589934592   8589934592        0.875        0.875
      double    coalesced       16        8        1         1024      4194304     5215000.556   8589934592   8589934592        1.647        1.647
      double    coalesced       16        8        1         2048      2097152     2727799.193   8589934592   8589934592        3.149        3.149
      double    coalesced       16        8        1         4096      1048576     1501339.233   8589934592   8589934592        5.722        5.722
      double    coalesced       16        8        1         8192       524288      909334.429   8589934592   8589934592        9.446        9.446
      double    coalesced       16        8        1        16384       262144      584600.693   8589934592   8589934592       14.694       14.694
      double    coalesced       16        8        1        32768       131072      454734.323   8589934592   8589934592       18.890       18.890
      double    coalesced       16        8        1        65536        65536      397246.924   8589934592   8589934592       21.624       21.624
      double    coalesced       16        8        1       131072        32768      366568.869   8589934592   8589934592       23.433       23.433
      double    coalesced       16        8        1       262144        16384      349364.636   8589934592   8589934592       24.587       24.587
      double    coalesced       16        8        1       524288         8192      341098.587   8589934592   8589934592       25.183       25.183
      double    coalesced       16        8        1      1048576         4096      336491.460   8589934592   8589934592       25.528       25.528
      double    coalesced       16        8        1      2097152         2048      334686.700   8589934592   8589934592       25.666       25.666
      double    coalesced       16        8        1      4194304         1024      333588.405   8589934592   8589934592       25.750       25.750
      double    coalesced       16        8        1      8388608          512      333084.823   8589934592   8589934592       25.789       25.789
      double    coalesced       16        8        1     16777216          256      332773.864   8589934592   8589934592       25.813       25.813
      double    coalesced       16        8        1     33554432          128      332687.236   8589934592   8589934592       25.820       25.820
      double    coalesced       16        8        1     67108864           64      332597.614   8589934592   8589934592       25.827       25.827
      double    coalesced       16        8        1    134217728           32      332552.396   8589934592   8589934592       25.830       25.830
      double    coalesced       16        8        1    268435456           16      332546.352   8589934592   8589934592       25.831       25.831
      double    coalesced       16        8        1    536870912            8      332547.882   8589934592   8589934592       25.831       25.831
      double    coalesced       16        8        1   1073741824            4      332540.883   8589934592   8589934592       25.831       25.831
      double    coalesced       16        8        1   2147483648            2      332527.355   8589934592   8589934592       25.832       25.832
      double    coalesced       16        8        1   4293918720            1      332506.211   8587837440   8587837440       25.828       25.828
