        type trial_config ert_flop   unroll  buffers        nsize       trials       microsecs        bytes        flops         GB/s         GF/s
         int    coalesced        2       32        2          256     16777216     6546869.450   8589934592   2147483648        1.312        0.328
         int    coalesced        2       32        2          512     16777216     7274181.468  17179869184   4294967296        2.362        0.590
         int    coalesced        2       32        2         1024      8388608     4023574.893  17179869184   4294967296        4.270        1.067
         int    coalesced        2       32        2         2048      4194304     2338431.242  17179869184   4294967296        7.347        1.837
         int    coalesced        2       32        2         4096      2097152     1364244.156  17179869184   4294967296       12.593        3.148
         int    coalesced        2       32        2         8192      1048576      909666.767  17179869184   4294967296       18.886        4.721
         int    coalesced        2       32        2        16384       524288      682357.329  17179869184   4294967296       25.177        6.294
         int    coalesced        2       32        2        32768       262144      596992.442  17179869184   4294967296       28.777        7.194
         int    coalesced        2       32        2        65536       131072      584892.137  17179869184   4294967296       29.373        7.343
         int    coalesced        2       32        2       131072        65536      567707.985  17179869184   4294967296       30.262        7.565
         int    coalesced        2       32        2       262144        32768      564717.472  17179869184   4294967296       30.422        7.606
         int    coalesced        2       32        2       524288        16384      562233.349  17179869184   4294967296       30.556        7.639
         int    coalesced        2       32        2      1048576         8192      560725.504  17179869184   4294967296       30.639        7.660
         int    coalesced        2       32        2      2097152         4096      559839.404  17179869184   4294967296       30.687        7.672
         int    coalesced        2       32        2      4194304         2048      559221.854  17179869184   4294967296       30.721        7.680
         int    coalesced        2       32        2      8388608         1024      558907.918  17179869184   4294967296       30.738        7.685
         int    coalesced        2       32        2     16777216          512      558704.958  17179869184   4294967296       30.749        7.687
         int    coalesced        2       32        2     33554432          256      558577.775  17179869184   4294967296       30.756        7.689
         int    coalesced        2       32        2     67108864          128      558504.417  17179869184   4294967296       30.760        7.690
         int    coalesced        2       32        2    134217728           64      558422.301  17179869184   4294967296       30.765        7.691
         int    coalesced        2       32        2    268435456           32      558470.410  17179869184   4294967296       30.762        7.691
         int    coalesced        2       32        2    536870912           16      558412.335  17179869184   4294967296       30.766        7.691
         int    coalesced        2       32        2   1073741824            8      558376.176  17179869184   4294967296       30.768        7.692
         int    coalesced        2       32        2   2147483648            4      558368.187  17179869184   4294967296       30.768        7.692
         int    coalesced        2       32        2   4294967296            2      558424.210  17179869184   4294967296       30.765        7.691
         int    coalesced        2       32        2   8588886016            1      558351.585  17177772032   4294443008       30.765        7.691
