0 3.36213 1.44e-07 20.5
0 6.25837 2.89625 20.5
0 7.70204 4.33991 20.5
1 9.15412 7.6e-08 20.5
1 10.597 1.44293 20.5
1 12.046 2.89187 20.5
1 13.4967 4.3426 20.5
2 14.9371 6.3e-08 20.5
2 16.388 1.45088 20.5
2 17.8296 2.89256 20.5
2 19.2785 4.34138 20.5
3 20.7354 6.6e-08 20.5
3 22.1793 1.44395 20.5
3 23.6225 2.88707 20.5
3 25.073 4.33762 20.5
3 26.516 5.78056 20.5
4 27.9586 7.2e-08 20.5
4 29.4096 1.45103 20.5
4 30.8523 2.89369 20.5
4 32.3018 4.34316 20.5
4 33.7588 5.8002 20.5
5 35.2019 1.15e-07 20.5
5 36.6527 1.45076 20.5
5 38.0958 2.89388 20.5
5 39.5386 4.33669 20.5
5 40.9955 5.7936 20.5
5 42.444 7.24206 20.5
5 43.8885 8.68656 20.5
6 45.3395 7.1e-08 20.5
6 46.7826 1.44307 20.5
6 48.2287 2.88921 20.5
6 49.6815 4.34198 20.5
6 51.1245 5.78502 20.5
6 52.5755 7.23599 20.5
6 54.022 8.68246 20.5
6 55.4644 10.1249 20.5
7 56.9206 6.9e-08 20.5
7 58.363 1.44233 20.5
7 59.8054 2.88474 20.5
7 61.2571 4.33644 20.5
7 62.7 5.77941 21
8 64.1433 6.1e-08 21
8 65.5952 1.45194 21
8 67.0392 2.89588 21
8 68.482 4.33873 20.5
9 69.9386 7.4e-08 20.5
9 71.3815 1.44294 20.5
9 72.8367 2.89814 21
10 74.2737 6.5e-08 20.5
10 75.7167 1.44294 20.5
10 77.1675 2.89375 21
11 78.6083 5.9e-08 21
11 80.0508 1.44249 21
11 81.5071 2.89879 21
12 82.9492 8.1e-08 21
12 84.3924 1.44318 21
13 85.8434 8.7e-08 21
13 87.2854 1.44201 21
14 88.7283 5.6e-08 21
14 90.1776 1.44924 21
14 91.621 2.89268 21
15 93.0629 5.8e-08 21
15 94.5214 1.45844 21
16 95.9627 5.8e-08 21
16 97.4136 1.45082 21
17 98.8552 7.3e-08 21
17 100.298 1.44306 21
17 101.748 2.89276 21
18 103.191 6.5e-08 21
18 104.634 1.44303 21
19 106.09 1.05e-07 21
19 107.533 1.44283 21
20 108.974 6.9e-08 21
20 110.425 1.45059 21
21 111.867 5.7e-08 21
21 113.308 1.44172 21
21 114.759 2.89221 21
22 116.201 6.4e-08 21
22 117.65 1.44886 21
23 119.101 1.07e-07 21
23 120.544 1.44301 21
24 121.994 8e-08 21
24 123.435 1.4416 21
24 124.878 2.88461 21
25 126.328 6.8e-08 21
25 127.771 1.44315 21.5
26 129.212 7e-08 21
26 130.669 1.45684 21
26 132.112 2.8993 21
27 133.554 6.9e-08 21
27 135.004 1.45078 21
28 137.247 1.6e-07 21
28 138.685 1.43847 21
28 140.127 2.88016 21
29 142.879 1.46e-07 21
29 144.33 1.45074 21
29 145.773 2.89405 21
30 150.92 1.5e-07 21
30 152.362 1.44238 21
30 153.806 2.8861 20.5
