0 2.82729 7.2e-08 20.5
0 5.72956 2.90227 20.5
0 7.18064 4.35335 20.5
0 8.62253 5.79524 20.5
0 10.0657 7.23839 20.5
1 11.5166 9.8e-08 20.5
1 12.9597 1.44304 20.5
1 14.409 2.89234 20.5
1 15.8589 4.3423 20.5
1 17.3096 5.79298 20.5
1 18.7519 7.23527 20.5
2 20.2019 9.5e-08 20.5
2 21.6559 1.45393 20.5
2 23.1075 2.90554 20.5
2 24.5559 4.35398 20.5
2 25.9993 5.79733 20.5
3 27.4503 8.2e-08 20.5
3 28.9024 1.45203 20.5
3 30.346 2.89561 20.5
3 31.8025 4.35211 20.5
3 33.2455 5.79518 20.5
3 34.6888 7.23842 20.5
4 36.1388 6.8e-08 20.5
4 37.582 1.44317 20.5
4 39.0432 2.90438 20.5
4 40.4877 4.34895 20.5
4 41.9373 5.79851 20.5
4 43.3956 7.25678 20.5
4 44.8454 8.7066 20.5
5 46.2892 8.3e-08 20.5
5 47.7429 1.45367 20.5
5 49.1845 2.89534 20.5
5 50.6287 4.33948 20.5
5 52.0872 5.79797 20.5
5 53.5312 7.242 20.5
5 54.9835 8.69426 20.5
5 56.4318 10.1426 20.5
5 57.8758 11.5866 20.5
6 59.3356 7.4e-08 20.5
6 60.7774 1.44184 20.5
6 62.2259 2.89028 20.5
6 63.6772 4.34162 20.5
6 65.1206 5.78506 20.5
6 66.5649 7.22936 20.5
6 68.023 8.68748 20.5
6 69.4718 10.1363 20.5
6 70.9231 11.5875 20.5
6 72.3708 13.0352 20.5
7 73.8099 6.8e-08 20.5
7 75.2672 1.45724 20.5
7 76.7107 2.90079 20.5
7 78.1543 4.34442 20.5
7 79.6059 5.79601 20.5
7 81.0546 7.24472 21
8 82.4979 6.9e-08 21
8 83.9554 1.45742 21
8 85.3994 2.90147 21
8 86.8506 4.35263 20.5
9 88.2945 6.4e-08 21
9 89.7384 1.44391 21
9 91.1902 2.8957 21
10 92.6336 5.9e-08 21
10 94.0881 1.45444 21
10 95.5405 2.90683 21
11 96.9884 1.26e-07 21
11 98.4276 1.43921 21
11 99.8789 2.89046 21
12 101.322 7.9e-08 21
12 102.765 1.44321 21
13 104.221 6.8e-08 21
13 105.664 1.44323 21
14 107.116 7.2e-08 21
14 108.562 1.44679 21
14 110.006 2.89014 21
15 111.463 6.9e-08 21
15 112.907 1.4441 21
16 114.351 4.7e-08 21
16 115.802 1.45098 21
17 117.245 5.8e-08 21
17 118.687 1.44155 21
17 120.138 2.89257 21
18 121.581 6.6e-08 21
18 123.023 1.44243 21
19 124.479 6.9e-08 21
19 125.922 1.44304 21
20 127.373 1.12e-07 21
20 128.815 1.44163 21
21 130.258 7.1e-08 21
21 131.709 1.45089 21
21 133.15 2.89265 21
22 134.594 8.5e-08 21
22 136.049 1.45586 21
23 137.493 8.8e-08 21
23 138.935 1.44192 21
24 140.384 7.1e-08 21
24 141.828 1.44328 21
24 143.271 2.88627 21
25 144.722 8.4e-08 21
25 146.164 1.44159 21
26 147.607 8.6e-08 21
26 149.062 1.4556 21
27 151.106 1.45e-07 21
27 152.538 1.43261 21
27 153.986 2.88051 20.5
28 155.537 1.44e-07 21
28 156.988 1.45102 21
28 158.433 2.89513 21
29 161.277 1.54e-07 21
29 162.718 1.44113 21
29 164.161 2.8842 21
30 169.115 1.44e-07 21
30 170.556 1.44099 21
30 172.013 2.89825 20.5
