0 6.58303 8.7e-08 20.5
0 9.47362 2.89059 20.5
0 10.9167 4.33367 20.5
0 12.3663 5.78323 20.5
1 13.8081 9.5e-08 20.5
1 15.2495 1.44137 20.5
1 16.7001 2.89195 20.5
1 18.1447 4.33661 20.5
2 19.588 6.8e-08 20.5
2 21.0438 1.45588 20.5
2 22.4863 2.8983 20.5
2 23.928 4.34005 20.5
2 25.3887 5.80077 20.5
3 26.8323 9.1e-08 20.5
3 28.2723 1.43996 20.5
3 29.7399 2.90755 20.5
3 31.1835 4.35112 20.5
3 32.6346 5.80226 20.5
4 34.0775 7.8e-08 20.5
4 35.5213 1.44374 20.5
4 36.9779 2.90043 20.5
4 38.4254 4.34793 20.5
4 39.8693 5.79175 20.5
5 41.3206 6.1e-08 20.5
5 42.7635 1.44297 20.5
5 44.2062 2.88567 20.5
5 45.6635 4.34288 20.5
5 47.1065 5.78597 20.5
5 48.5574 7.23679 20.5
5 50.0059 8.68536 20.5
6 51.4494 1.05e-07 21
6 52.9079 1.45847 21
6 54.3526 2.90325 21
6 55.7966 4.34724 21
6 57.2477 5.79831 21
7 58.696 1.06e-07 21
7 60.1401 1.44411 21
7 61.598 2.90202 21.5
8 63.0421 7.4e-08 21.5
8 64.494 1.4519 21.5
9 65.9426 8e-08 21.5
10 67.387 6.8e-08 21.5
10 68.845 1.458 22
11 70.2887 6.9e-08 22
12 71.7323 6.7e-08 22
12 73.1884 1.45605 22
13 74.6322 7.3e-08 22
14 76.0759 6.3e-08 22
15 77.5337 6.3e-08 22
16 78.9763 7.5e-08 22
16 80.4327 1.45633 22
17 81.8767 1.28e-07 22
18 83.3207 1.3e-07 22
19 84.7784 7.6e-08 22
20 86.222 6.9e-08 22
20 87.6651 1.44313 22
21 89.1163 6.6e-08 22
22 90.5645 1.02e-07 21
23 92.0138 5.7e-08 22
23 93.4669 1.45315 22
24 94.9108 8.7e-08 20.5
25 96.3629 6.2e-08 22
25 97.8059 1.443 21
26 99.2482 8.9e-08 22
26 100.699 1.45027 20.5
27 103.041 9.8e-08 22
27 104.486 1.44476 21
28 109.14 1.54e-07 22
28 110.582 1.44247 21
29 119.631 1.44e-07 22
29 121.074 1.44268 20.5
