        type trial_config ert_flop   unroll  buffers        nsize       trials       microsecs        bytes        flops         GB/s         GF/s
      double    coalesced        3       64        1          512      8388608     5548173.643   8589934592   1610612736        1.548        0.290
      double    coalesced        3       64        1         1024      4194304     2976007.563   8589934592   1610612736        2.886        0.541
      double    coalesced        3       64        1         2048      2097152     1636918.033   8589934592   1610612736        5.248        0.984
      double    coalesced        3       64        1         4096      1048576      992214.214   8589934592   1610612736        8.657        1.623
      double    coalesced        3       64        1         8192       524288      642253.317   8589934592   1610612736       13.375        2.508
      double    coalesced        3       64        1        16384       262144      469129.891   8589934592   1610612736       18.310        3.433
      double    coalesced        3       64        1        32768       131072      383843.142   8589934592   1610612736       22.379        4.196
      double    coalesced        3       64        1        65536        65536      341223.258   8589934592   1610612736       25.174        4.720
      double    coalesced        3       64        1       131072        32768      316524.508   8589934592   1610612736       27.138        5.088
      double    coalesced        3       64        1       262144        16384      304676.204   8589934592   1610612736       28.194        5.286
      double    coalesced        3       64        1       524288         8192      298944.737   8589934592   1610612736       28.734        5.388
      double    coalesced        3       64        1      1048576         4096      296206.226   8589934592   1610612736       29.000        5.437
      double    coalesced        3       64        1      2097152         2048      294825.279   8589934592   1610612736       29.136        5.463
      double    coalesced        3       64        1      4194304         1024      294244.553   8589934592   1610612736       29.193        5.474
      double    coalesced        3       64        1      8388608          512      294002.815   8589934592   1610612736       29.217        5.478
      double    coalesced        3       64        1     16777216          256      293872.805   8589934592   1610612736       29.230        5.481
      double    coalesced        3       64        1     33554432          128      293856.694   8589934592   1610612736       29.232        5.481
      double    coalesced        3       64        1     67108864           64      293780.999   8589934592   1610612736       29.239        5.482
      double    coalesced        3       64        1    134217728           32      293793.404   8589934592   1610612736       29.238        5.482
      double    coalesced        3       64        1    268435456           16      293714.143   8589934592   1610612736       29.246        5.484
      double    coalesced        3       64        1    536870912            8      293707.378   8589934592   1610612736       29.247        5.484
      double    coalesced        3       64        1   1073741824            4      293499.079   8589934592   1610612736       29.267        5.488
      double    coalesced        3       64        1   2147483648            2      293565.015   8589934592   1610612736       29.261        5.486
      double    coalesced        3       64        1   4293918720            1      293359.199   8587837440   1610219520       29.274        5.489
