        type trial_config ert_flop   unroll  buffers        nsize       trials       microsecs        bytes        flops         GB/s         GF/s
        long    coalesced        1        2        1           16     16777216     5455706.789    536870912     33554432        0.098        0.006
        long    coalesced        1        2        1           32     16777216     5692840.814   1073741824     67108864        0.189        0.012
        long    coalesced        1        2        1           64     16777216     5951596.043   2147483648    134217728        0.361        0.023
        long    coalesced        1        2        1          128     16777216     6546755.615   4294967296    268435456        0.656        0.041
        long    coalesced        1        2        1          256     16777216     7701939.387   8589934592    536870912        1.115        0.070
        long    coalesced        1        2        1          512      8388608     4676355.931   8589934592    536870912        1.837        0.115
        long    coalesced        1        2        1         1024      4194304     2975976.452   8589934592    536870912        2.886        0.180
        long    coalesced        1        2        1         2048      2097152     1925768.506   8589934592    536870912        4.461        0.279
        long    coalesced        1        2        1         4096      1048576     1405865.690   8589934592    536870912        6.110        0.382
        long    coalesced        1        2        1         8192       524288     1136935.549   8589934592    536870912        7.555        0.472
        long    coalesced        1        2        1        16384       262144     1023160.500   8589934592    536870912        8.395        0.525
        long    coalesced        1        2        1        32768       131072      932588.503   8589934592    536870912        9.211        0.576
        long    coalesced        1        2        1        65536        65536      889991.837   8589934592    536870912        9.652        0.603
        long    coalesced        1        2        1       131072        32768      875343.925   8589934592    536870912        9.813        0.613
        long    coalesced        1        2        1       262144        16384      868449.048   8589934592    536870912        9.891        0.618
        long    coalesced        1        2        1       524288         8192      865057.315   8589934592    536870912        9.930        0.621
        long    coalesced        1        2        1      1048576         4096      863392.679   8589934592    536870912        9.949        0.622
        long    coalesced        1        2        1      2097152         2048      862496.982   8589934592    536870912        9.959        0.622
        long    coalesced        1        2        1      4194304         1024      862104.940   8589934592    536870912        9.964        0.623
        long    coalesced        1        2        1      8388608          512      861967.532   8589934592    536870912        9.965        0.623
        long    coalesced        1        2        1     16777216          256      861841.368   8589934592    536870912        9.967        0.623
        long    coalesced        1        2        1     33554432          128      861757.659   8589934592    536870912        9.968        0.623
        long    coalesced        1        2        1     67108864           64      861792.463   8589934592    536870912        9.968        0.623
        long    coalesced        1        2        1    134217728           32      861706.440   8589934592    536870912        9.969        0.623
        long    coalesced        1        2        1    268435456           16      861787.812   8589934592    536870912        9.968        0.623
        long    coalesced        1        2        1    536870912            8      861729.915   8589934592    536870912        9.968        0.623
        long    coalesced        1        2        1   1073741824            4      861743.561   8589934592    536870912        9.968        0.623
        long    coalesced        1        2        1   2147483648            2      861728.115   8589934592    536870912        9.968        0.623
        long    coalesced        1        2        1   4293918720            1      861527.906   8587837440    536739840        9.968        0.623
