0 3.22152 7.7e-08 27
0 6.10198 2.88046 27
0 7.55271 4.33119 27
0 8.99586 5.77434 27
0 10.44 7.2185 27
0 11.8972 8.6757 27
0 13.3335 10.112 27
0 14.7802 11.5587 27
0 16.2342 13.0127 27
0 17.6717 14.4502 27
0 19.1143 15.8928 27
0 20.5725 17.3509 27
0 22.0099 18.7884 27
0 23.4534 20.2319 27
0 24.9261 21.7046 27
0 26.3748 23.1533 27
0 27.8477 24.6261 27
0 29.3 26.0785 27
0 30.7437 27.5222 27
0 32.2049 28.9834 27
0 33.664 30.4425 27
0 35.1164 31.8949 27
1 36.56 8.2e-08 27
1 38.0168 1.45687 27
1 39.4838 2.92381 27
1 40.9431 4.38313 27
1 42.3922 5.83222 27
1 43.8434 7.28341 27
1 45.3088 8.7488 27
1 46.7655 10.2056 27
1 48.2093 11.6493 27
1 49.653 13.0931 27
1 51.1046 14.5446 27
1 52.5574 15.9975 27
1 54.0174 17.4574 27
1 55.4684 18.9085 27
1 56.9268 20.3669 27
1 58.3753 21.8153 27
1 59.8263 23.2664 27
1 61.2881 24.7282 27
1 62.7547 26.1947 27
1 64.1989 27.639 27
1 65.6582 29.0982 27
1 67.1097 30.5497 27
1 68.569 32.0091 27
2 70.0119 9.3e-08 27
2 71.4637 1.45176 27
2 72.9072 2.89526 27
2 74.3506 4.33865 27
2 75.8233 5.81136 27
2 77.2672 7.25528 27
2 78.7294 8.71748 27
2 80.1722 10.1603 27
2 81.6256 11.6136 27
2 83.0833 13.0713 27
2 84.5202 14.5082 27
2 85.9797 15.9678 27
2 87.4319 17.42 27
2 88.8756 18.8636 27
2 90.318 20.306 27
2 91.7697 21.7578 27
2 93.2239 23.2119 27
2 94.6676 24.6556 27
2 96.1201 26.1081 27
2 97.5684 27.5565 27
2 99.0128 29.0008 27
2 100.464 30.4525 27
3 101.908 8.3e-08 27
3 103.351 1.44337 27
3 104.802 2.89386 27
3 106.245 4.33666 27
3 107.688 5.78032 27
3 109.16 7.25246 27
3 110.603 8.69535 27
3 112.054 10.1461 27
3 113.503 11.595 27
3 114.946 13.0382 27
3 116.398 14.49 27
3 117.842 15.9335 27
4 119.285 7.7e-08 27
4 120.736 1.45132 27
4 122.18 2.89474 27
4 123.622 4.3377 27
4 125.074 5.78934 27
4 126.518 7.23279 27
5 127.97 9.1e-08 27
5 129.428 1.45764 27
5 130.871 2.90109 27
6 132.308 5.1e-08 27
6 133.765 1.45783 27.5
7 135.222 1.17e-07 28
9 136.663 7.4e-08 30
12 138.114 7.4e-08 30.5
17 139.558 6.5e-08 30
21 141.201 1.62e-07 27
23 142.753 1.62e-07 27
24 144.295 1.61e-07 27
25 147.036 1.6e-07 27
26 152.081 1.54e-07 27
