        type trial_config ert_flop   unroll  buffers        nsize       trials       microsecs        bytes        flops         GB/s         GF/s
       float    coalesced        4       32        2          256     16777216     7274168.957   8589934592   4294967296        1.181        0.590
       float    coalesced        4       32        2          512     16777216     7458238.873  17179869184   8589934592        2.303        1.152
       float    coalesced        4       32        2         1024      8388608     4364657.286  17179869184   8589934592        3.936        1.968
       float    coalesced        4       32        2         2048      4194304     2518214.291  17179869184   8589934592        6.822        3.411
       float    coalesced        4       32        2         4096      2097152     1364228.617  17179869184   8589934592       12.593        6.297
       float    coalesced        4       32        2         8192      1048576      909625.657  17179869184   8589934592       18.887        9.443
       float    coalesced        4       32        2        16384       524288      682289.754  17179869184   8589934592       25.180       12.590
       float    coalesced        4       32        2        32768       262144      584730.739  17179869184   8589934592       29.381       14.690
       float    coalesced        4       32        2        65536       131072      579079.770  17179869184   8589934592       29.668       14.834
       float    coalesced        4       32        2       131072        65536      570078.811  17179869184   8589934592       30.136       15.068
       float    coalesced        4       32        2       262144        32768      564225.102  17179869184   8589934592       30.449       15.224
       float    coalesced        4       32        2       524288        16384      561986.927  17179869184   8589934592       30.570       15.285
       float    coalesced        4       32        2      1048576         8192      560497.952  17179869184   8589934592       30.651       15.326
       float    coalesced        4       32        2      2097152         4096      559739.314  17179869184   8589934592       30.693       15.346
       float    coalesced        4       32        2      4194304         2048      559081.057  17179869184   8589934592       30.729       15.364
       float    coalesced        4       32        2      8388608         1024      558785.696  17179869184   8589934592       30.745       15.373
       float    coalesced        4       32        2     16777216          512      558640.575  17179869184   8589934592       30.753       15.376
       float    coalesced        4       32        2     33554432          256      558520.482  17179869184   8589934592       30.760       15.380
       float    coalesced        4       32        2     67108864          128      558532.833  17179869184   8589934592       30.759       15.379
       float    coalesced        4       32        2    134217728           64      558497.485  17179869184   8589934592       30.761       15.380
       float    coalesced        4       32        2    268435456           32      558498.588  17179869184   8589934592       30.761       15.380
       float    coalesced        4       32        2    536870912           16      558567.341  17179869184   8589934592       30.757       15.379
       float    coalesced        4       32        2   1073741824            8      558571.956  17179869184   8589934592       30.757       15.378
       float    coalesced        4       32        2   2147483648            4      558550.636  17179869184   8589934592       30.758       15.379
       float    coalesced        4       32        2   4294967296            2      558534.779  17179869184   8589934592       30.759       15.379
       float    coalesced        4       32        2   8588886016            1      558506.732  17177772032   8588886016       30.757       15.378
