        type trial_config ert_flop   unroll  buffers        nsize       trials       microsecs        bytes        flops         GB/s         GF/s
      double    coalesced        2        2        2           32     16777216     7274184.305   1073741824    134217728        0.148        0.018
      double    coalesced        2        2        2           64     16777216     7274105.142   2147483648    268435456        0.295        0.037
      double    coalesced        2        2        2          128     16777216     7702030.816   4294967296    536870912        0.558        0.070
      double    coalesced        2        2        2          256     16777216     8542197.512   8589934592   1073741824        1.006        0.126
      double    coalesced        2        2        2          512     16777216    10071743.778  17179869184   2147483648        1.706        0.213
      double    coalesced        2        2        2         1024      8388608     5951689.254  17179869184   2147483648        2.887        0.361
      double    coalesced        2        2        2         2048      4194304     3637246.050  17179869184   2147483648        4.723        0.590
      double    coalesced        2        2        2         4096      2097152     2338362.185  17179869184   2147483648        7.347        0.918
      double    coalesced        2        2        2         8192      1048576     1725452.924  17179869184   2147483648        9.957        1.245
      double    coalesced        2        2        2        16384       524288     1364232.728  17179869184   2147483648       12.593        1.574
      double    coalesced        2        2        2        32768       262144     1194390.849  17179869184   2147483648       14.384        1.798
      double    coalesced        2        2        2        65536       131072     1099111.254  17179869184   2147483648       15.631        1.954
      double    coalesced        2        2        2       131072        65536     1056055.549  17179869184   2147483648       16.268        2.033
      double    coalesced        2        2        2       262144        32768     1032735.039  17179869184   2147483648       16.635        2.079
      double    coalesced        2        2        2       524288        16384     1023288.063  17179869184   2147483648       16.789        2.099
      double    coalesced        2        2        2      1048576         8192     1019840.789  17179869184   2147483648       16.846        2.106
      double    coalesced        2        2        2      2097152         4096     1016814.239  17179869184   2147483648       16.896        2.112
      double    coalesced        2        2        2      4194304         2048     1015317.046  17179869184   2147483648       16.921        2.115
      double    coalesced        2        2        2      8388608         1024     1014699.853  17179869184   2147483648       16.931        2.116
      double    coalesced        2        2        2     16777216          512     1014344.352  17179869184   2147483648       16.937        2.117
      double    coalesced        2        2        2     33554432          256     1014143.701  17179869184   2147483648       16.940        2.118
      double    coalesced        2        2        2     67108864          128     1014114.396  17179869184   2147483648       16.941        2.118
      double    coalesced        2        2        2    134217728           64     1014061.894  17179869184   2147483648       16.942        2.118
      double    coalesced        2        2        2    268435456           32     1014038.155  17179869184   2147483648       16.942        2.118
      double    coalesced        2        2        2    536870912           16     1013973.854  17179869184   2147483648       16.943        2.118
      double    coalesced        2        2        2   1073741824            8     1014007.192  17179869184   2147483648       16.943        2.118
      double    coalesced        2        2        2   2147483648            4     1014004.946  17179869184   2147483648       16.943        2.118
      double    coalesced        2        2        2   4294967296            2     1013966.393  17179869184   2147483648       16.943        2.118
      double    coalesced        2        2        2   8588886016            1     1013806.036  17177772032   2147221504       16.944        2.118
