0 6.74761 1.05e-07 21
0 9.64284 2.89524 21
0 11.0863 4.33868 21
0 12.5442 5.79663 21
1 13.9852 9e-08 21
1 15.4396 1.45433 21
1 16.8806 2.89531 21
1 18.3263 4.34105 21
1 19.7759 5.79069 21
1 21.219 7.23377 21
2 22.6656 6.6e-08 21
2 24.1201 1.4545 21
2 25.562 2.89644 21.5
3 27.0049 6.4e-08 21.5
3 28.4562 1.45126 22
4 29.9047 7e-08 23
6 31.3534 6.8e-08 24
8 32.8304 8e-08 24
10 34.2698 7.4e-08 24.5
13 35.7434 1.37e-07 24.5
16 37.192 6.9e-08 21
18 38.6365 6.2e-08 22
20 40.0949 7.2e-08 24.5
22 42.4502 1.89e-07 21
23 44.903 1.23e-07 21.5
24 49.4476 1.62e-07 21.5
25 58.093 1e-07 21
