        type trial_config ert_flop   unroll  buffers        nsize       trials       microsecs        bytes        flops         GB/s         GF/s
        long    coalesced        1        1        1            8     16777216     5455804.696    268435456     16777216        0.049        0.003
        long    coalesced        1        1        1           16     16777216     5692822.484    536870912     33554432        0.094        0.006
        long    coalesced        1        1        1           32     16777216     5951566.946   1073741824     67108864        0.180        0.011
        long    coalesced        1        1        1           64     16777216     6546732.444   2147483648    134217728        0.328        0.021
        long    coalesced        1        1        1          128     16777216     7701978.764   4294967296    268435456        0.558        0.035
        long    coalesced        1        1        1          256     16777216     9352328.396   8589934592    536870912        0.918        0.057
        long    coalesced        1        1        1          512      8388608     6017424.352   8589934592    536870912        1.428        0.089
        long    coalesced        1        1        1         1024      4194304     3851158.764   8589934592    536870912        2.230        0.139
        long    coalesced        1        1        1         2048      2097152     2728025.508   8589934592    536870912        3.149        0.197
        long    coalesced        1        1        1         4096      1048576     2273423.326   8589934592    536870912        3.778        0.236
        long    coalesced        1        1        1         8192       524288     2046128.155   8589934592    536870912        4.198        0.262
        long    coalesced        1        1        1        16384       262144     1818813.953   8589934592    536870912        4.723        0.295
        long    coalesced        1        1        1        32768       131072     1761888.155   8589934592    536870912        4.875        0.305
        long    coalesced        1        1        1        65536        65536     1731044.242   8589934592    536870912        4.962        0.310
        long    coalesced        1        1        1       131072        32768     1714381.455   8589934592    536870912        5.011        0.313
        long    coalesced        1        1        1       262144        16384     1706004.527   8589934592    536870912        5.035        0.315
        long    coalesced        1        1        1       524288         8192     1703895.345   8589934592    536870912        5.041        0.315
        long    coalesced        1        1        1      1048576         4096     1702324.073   8589934592    536870912        5.046        0.315
        long    coalesced        1        1        1      2097152         2048     1701513.257   8589934592    536870912        5.048        0.316
        long    coalesced        1        1        1      4194304         1024     1701023.130   8589934592    536870912        5.050        0.316
        long    coalesced        1        1        1      8388608          512     1700889.433   8589934592    536870912        5.050        0.316
        long    coalesced        1        1        1     16777216          256     1700737.404   8589934592    536870912        5.051        0.316
        long    coalesced        1        1        1     33554432          128     1700665.648   8589934592    536870912        5.051        0.316
        long    coalesced        1        1        1     67108864           64     1700724.204   8589934592    536870912        5.051        0.316
        long    coalesced        1        1        1    134217728           32     1700765.395   8589934592    536870912        5.051        0.316
        long    coalesced        1        1        1    268435456           16     1700680.357   8589934592    536870912        5.051        0.316
        long    coalesced        1        1        1    536870912            8     1700625.988   8589934592    536870912        5.051        0.316
        long    coalesced        1        1        1   1073741824            4     1700671.958   8589934592    536870912        5.051        0.316
        long    coalesced        1        1        1   2147483648            2     1700702.430   8589934592    536870912        5.051        0.316
        long    coalesced        1        1        1   4293918720            1     1700107.777   8587837440    536739840        5.051        0.316
