        type trial_config ert_flop   unroll  buffers        nsize       trials       microsecs        bytes        flops         GB/s         GF/s
 signed_char    coalesced     2560        1        1            1     16777216   210277118.492     33554432  42949672960        0.000        0.204
 signed_char    coalesced     2560        1        1            2     16777216   210418798.235     67108864  85899345920        0.000        0.408
 signed_char    coalesced     2560        1        1            4     16777216   210938343.263    134217728 171798691840        0.001        0.814
 signed_char    coalesced     2560        1        1            8     16777216   211497920.900    268435456 343597383680        0.001        1.625
 signed_char    coalesced     2560        1        1           16     16777216   212756848.410    536870912 687194767360        0.003        3.230
 signed_char    coalesced     2560        1        1           32     16777216   215094800.236   1073741824 1374389534720        0.005        6.390
 signed_char    coalesced     2560        1        1           64     16777216   219957179.123   2147483648 2748779069440        0.010       12.497
 signed_char    coalesced     2560        1        1          128     16777216   223666642.794   4294967296 5497558138880        0.019       24.579
 signed_char    coalesced     2560        1        1          256     16777216   230250847.883   8589934592 10995116277760        0.037       47.753
 signed_char    coalesced     2560        1        1          512      8388608   122234345.979   8589934592 10995116277760        0.070       89.951
 signed_char    coalesced     2560        1        1         1024      4194304    68117594.483   8589934592 10995116277760        0.126      161.414
 signed_char    coalesced     2560        1        1         2048      2097152    40978876.537   8589934592 10995116277760        0.210      268.312
 signed_char    coalesced     2560        1        1         4096      1048576    27471477.885   8589934592 10995116277760        0.313      400.238
 signed_char    coalesced     2560        1        1         8192       524288    20662100.584   8589934592 10995116277760        0.416      532.139
 signed_char    coalesced     2560        1        1        16384       262144    17295983.692   8589934592 10995116277760        0.497      635.703
 signed_char    coalesced     2560        1        1        32768       131072    15598919.954   8589934592 10995116277760        0.551      704.864
 signed_char    coalesced     2560        1        1        65536        65536    14738898.027   8589934592 10995116277760        0.583      745.993
 signed_char    coalesced     2560        1        1       131072        32768    14320307.391   8589934592 10995116277760        0.600      767.799
 signed_char    coalesced     2560        1        1       262144        16384    14098738.711   8589934592 10995116277760        0.609      779.865
 signed_char    coalesced     2560        1        1       524288         8192    13993006.629   8589934592 10995116277760        0.614      785.758
 signed_char    coalesced     2560        1        1      1048576         4096    13939511.575   8589934592 10995116277760        0.616      788.773
 signed_char    coalesced     2560        1        1      2097152         2048    13912777.930   8589934592 10995116277760        0.617      790.289
 signed_char    coalesced     2560        1        1      4194304         1024    13899654.282   8589934592 10995116277760        0.618      791.035
 signed_char    coalesced     2560        1        1      8388608          512    13893019.357   8589934592 10995116277760        0.618      791.413
 signed_char    coalesced     2560        1        1     16777216          256    13889735.637   8589934592 10995116277760        0.618      791.600
 signed_char    coalesced     2560        1        1     33554432          128    13888055.141   8589934592 10995116277760        0.619      791.696
 signed_char    coalesced     2560        1        1     67108864           64    13887204.611   8589934592 10995116277760        0.619      791.744
 signed_char    coalesced     2560        1        1    134217728           32    13886838.412   8589934592 10995116277760        0.619      791.765
 signed_char    coalesced     2560        1        1    268435456           16    13886588.237   8589934592 10995116277760        0.619      791.780
 signed_char    coalesced     2560        1        1    536870912            8    13886499.696   8589934592 10995116277760        0.619      791.785
 signed_char    coalesced     2560        1        1   1073741824            4    13886434.454   8589934592 10995116277760        0.619      791.788
 signed_char    coalesced     2560        1        1   2147483648            2    13886402.663   8589934592 10995116277760        0.619      791.790
 signed_char    coalesced     2560        1        1   4293918720            1    13882941.885   8587837440 10992431923200        0.619      791.794
