        type trial_config ert_flop   unroll  buffers        nsize       trials       microsecs        bytes        flops         GB/s         GF/s
         int    coalesced        8        1        2            8     16777216     6891362.092    268435456    268435456        0.039        0.039
         int    coalesced        8        1        2           16     16777216     6891320.187    536870912    536870912        0.078        0.078
         int    coalesced        8        1        2           32     16777216     7274117.726   1073741824   1073741824        0.148        0.148
         int    coalesced        8        1        2           64     16777216     7702052.933   2147483648   2147483648        0.279        0.279
         int    coalesced        8        1        2          128     16777216     9352406.448   4294967296   4294967296        0.459        0.459
         int    coalesced        8        1        2          256     16777216    10911019.430   8589934592   8589934592        0.787        0.787
         int    coalesced        8        1        2          512     16777216    13773184.293  17179869184  17179869184        1.247        1.247
         int    coalesced        8        1        2         1024      8388608     8413970.096  17179869184  17179869184        2.042        2.042
         int    coalesced        8        1        2         2048      4194304     6235076.654  17179869184  17179869184        2.755        2.755
         int    coalesced        8        1        2         4096      2097152     4971932.244  17179869184  17179869184        3.455        3.455
         int    coalesced        8        1        2         8192      1048576     4373854.033  17179869184  17179869184        3.928        3.928
         int    coalesced        8        1        2        16384       524288     4091870.808  17179869184  17179869184        4.199        4.199
         int    coalesced        8        1        2        32768       262144     3969301.784  17179869184  17179869184        4.328        4.328
         int    coalesced        8        1        2        65536       131072     3895245.472  17179869184  17179869184        4.410        4.410
         int    coalesced        8        1        2       131072        65536     3855302.072  17179869184  17179869184        4.456        4.456
         int    coalesced        8        1        2       262144        32768     3836379.366  17179869184  17179869184        4.478        4.478
         int    coalesced        8        1        2       524288        16384     3828207.664  17179869184  17179869184        4.488        4.488
         int    coalesced        8        1        2      1048576         8192     3823553.420  17179869184  17179869184        4.493        4.493
         int    coalesced        8        1        2      2097152         4096     3820875.737  17179869184  17179869184        4.496        4.496
         int    coalesced        8        1        2      4194304         2048     3819845.547  17179869184  17179869184        4.498        4.498
         int    coalesced        8        1        2      8388608         1024     3818927.692  17179869184  17179869184        4.499        4.499
         int    coalesced        8        1        2     16777216          512     3819047.997  17179869184  17179869184        4.498        4.498
         int    coalesced        8        1        2     33554432          256     3818769.387  17179869184  17179869184        4.499        4.499
         int    coalesced        8        1        2     67108864          128     3818888.050  17179869184  17179869184        4.499        4.499
         int    coalesced        8        1        2    134217728           64     3818554.070  17179869184  17179869184        4.499        4.499
         int    coalesced        8        1        2    268435456           32     3818837.215  17179869184  17179869184        4.499        4.499
         int    coalesced        8        1        2    536870912           16     3818521.258  17179869184  17179869184        4.499        4.499
         int    coalesced        8        1        2   1073741824            8     3818670.544  17179869184  17179869184        4.499        4.499
         int    coalesced        8        1        2   2147483648            4     3818712.906  17179869184  17179869184        4.499        4.499
         int    coalesced        8        1        2   4294967296            2     3818727.812  17179869184  17179869184        4.499        4.499
         int    coalesced        8        1        2   8588886016            1     3818024.369  17177772032  17177772032        4.499        4.499
