0 6.7104 1.55e-07 20.5
0 9.59432 2.88393 20.5
0 11.0467 4.33628 20.5
0 12.4896 5.77916 20.5
1 13.9333 9.3e-08 20.5
1 15.3842 1.45098 20.5
1 16.8276 2.89432 20.5
1 18.2692 4.33599 21
2 19.7247 8.9e-08 21
2 21.1694 1.44466 21
2 22.6211 2.89641 21
2 24.0632 4.33853 21
2 25.5055 5.78077 21
3 26.9721 1.12e-07 21
3 28.4158 1.44374 21
3 29.8582 2.88609 21.5
4 31.3109 9.4e-08 21.5
5 32.7609 8.5e-08 22
6 34.2003 8.8e-08 23.5
8 35.658 8.5e-08 24
10 37.1018 9.2e-08 24
13 38.5636 6.1e-08 24
15 40.0079 6.2e-08 24
18 41.4521 7.9e-08 21
20 42.9091 7e-08 21
22 44.5532 1.6e-07 21
23 46.096 1.45e-07 21
24 48.7371 1.11e-07 21
25 53.4982 1.45e-07 21
26 62.555 1.46e-07 20.5
