        type trial_config ert_flop   unroll  buffers        nsize       trials       microsecs        bytes        flops         GB/s         GF/s
         int    coalesced       32        1        2            8     16777216    10071760.508    268435456   1073741824        0.027        0.107
         int    coalesced       32        1        2           16     16777216    10071714.019    536870912   2147483648        0.053        0.213
         int    coalesced       32        1        2           32     16777216    10911014.896   1073741824   4294967296        0.098        0.394
         int    coalesced       32        1        2           64     16777216    10911041.058   2147483648   8589934592        0.197        0.787
         int    coalesced       32        1        2          128     16777216    11943310.623   4294967296  17179869184        0.360        1.438
         int    coalesced       32        1        2          256     16777216    14547880.149   8589934592  34359738368        0.590        2.362
         int    coalesced       32        1        2          512     16777216    16915007.074  17179869184  68719476736        1.016        4.063
         int    coalesced       32        1        2         1024      8388608    10336879.358  17179869184  68719476736        1.662        6.648
         int    coalesced       32        1        2         2048      4194304     7274264.419  17179869184  68719476736        2.362        9.447
         int    coalesced       32        1        2         4096      2097152     5455786.463  17179869184  68719476736        3.149       12.596
         int    coalesced       32        1        2         8192      1048576     4706054.946  17179869184  68719476736        3.651       14.602
         int    coalesced       32        1        2        16384       524288     4296125.177  17179869184  68719476736        3.999       15.996
         int    coalesced       32        1        2        32768       262144     4091917.065  17179869184  68719476736        4.198       16.794
         int    coalesced       32        1        2        65536       131072     4005645.461  17179869184  68719476736        4.289       17.156
         int    coalesced       32        1        2       131072        65536     3951401.845  17179869184  68719476736        4.348       17.391
         int    coalesced       32        1        2       262144        32768     3924361.287  17179869184  68719476736        4.378       17.511
         int    coalesced       32        1        2       524288        16384     3911037.424  17179869184  68719476736        4.393       17.571
         int    coalesced       32        1        2      1048576         8192     3904294.057  17179869184  68719476736        4.400       17.601
         int    coalesced       32        1        2      2097152         4096     3901022.300  17179869184  68719476736        4.404       17.616
         int    coalesced       32        1        2      4194304         2048     3899317.956  17179869184  68719476736        4.406       17.623
         int    coalesced       32        1        2      8388608         1024     3898608.653  17179869184  68719476736        4.407       17.627
         int    coalesced       32        1        2     16777216          512     3898111.167  17179869184  68719476736        4.407       17.629
         int    coalesced       32        1        2     33554432          256     3897869.898  17179869184  68719476736        4.408       17.630
         int    coalesced       32        1        2     67108864          128     3897793.796  17179869184  68719476736        4.408       17.630
         int    coalesced       32        1        2    134217728           64     3897764.672  17179869184  68719476736        4.408       17.630
         int    coalesced       32        1        2    268435456           32     3897715.355  17179869184  68719476736        4.408       17.631
         int    coalesced       32        1        2    536870912           16     3897520.069  17179869184  68719476736        4.408       17.632
         int    coalesced       32        1        2   1073741824            8     3897668.714  17179869184  68719476736        4.408       17.631
         int    coalesced       32        1        2   2147483648            4     3897565.578  17179869184  68719476736        4.408       17.631
         int    coalesced       32        1        2   4294967296            2     3897634.406  17179869184  68719476736        4.408       17.631
         int    coalesced       32        1        2   8588886016            1     3897204.314  17177772032  68711088128        4.408       17.631
