0 6.61443 7.6e-08 23
0 9.51493 2.9005 23
0 10.959 4.3446 23
0 12.4106 5.79617 23
0 13.8529 7.23852 23
0 15.2943 8.67986 23
0 16.7459 10.1314 23
0 18.1897 11.5752 23
0 19.6359 13.0215 23
0 21.0908 14.4764 23
0 22.5357 15.9213 23
0 23.978 17.3636 23
0 25.4269 18.8125 23
0 26.8696 20.2552 23
0 28.3133 21.6988 23
0 29.7636 23.1492 23
0 31.2286 24.6142 23
0 32.6974 26.083 23
0 34.1525 27.5381 23
0 35.602 28.9876 23
0 37.0739 30.4595 23
0 38.5238 31.9094 23
1 39.9909 7.5e-08 23
1 41.4445 1.4536 23
1 42.8881 2.89721 23
1 44.3402 4.34931 23
1 45.7997 5.80879 23
1 47.2565 7.26564 23
1 48.7015 8.71059 23
1 50.1625 10.1717 23
1 51.6249 11.6341 23
1 53.085 13.0941 23
1 54.5425 14.5517 23
1 56.0035 16.0126 23
1 57.4481 17.4572 23
1 58.9112 18.9203 23
1 60.3723 20.3814 23
1 61.8297 21.8388 23
1 63.2788 23.2879 23
1 64.7233 24.7325 23
1 66.1966 26.2057 23
1 67.6575 27.6667 23
1 69.1204 29.1295 23
1 70.581 30.5902 23
1 72.0255 32.0346 23
2 73.478 6.9e-08 23
2 74.9223 1.44431 23
2 76.3657 2.88774 23
2 77.8324 4.35443 23
2 79.2871 5.80912 23
2 80.7542 7.2762 23
2 82.2132 8.73519 23
2 83.663 10.185 23
2 85.1305 11.6525 23
2 86.5793 13.1013 23
2 88.0384 14.5605 23
2 89.4984 16.0204 23
2 90.942 17.464 23
2 92.4087 18.9307 23
2 93.8623 20.3843 23
2 95.314 21.8361 23
2 96.7793 23.3013 23
2 98.2239 24.7459 23
2 99.6927 26.2147 23
2 101.137 27.6594 23
2 102.594 29.116 23
2 104.038 30.56 23
2 105.499 32.0208 23
3 106.951 6.5e-08 23
3 108.395 1.44438 23
3 109.84 2.88863 23
3 111.292 4.34109 23
3 112.758 5.80664 23
3 114.208 7.25752 23
3 115.651 8.70013 23
3 117.099 10.1478 23
3 118.558 11.6067 23
3 120.013 13.0617 23
3 121.457 14.5063 23
3 122.926 15.9748 23
3 124.368 17.4168 23
3 125.824 18.8732 23
3 127.265 20.3144 23
3 128.708 21.7568 23
3 130.175 23.2241 23
3 131.619 24.6679 23
3 133.063 26.1119 23
3 134.52 27.569 23
3 135.965 29.0138 23
3 137.41 30.4586 23
3 138.868 31.9173 23
3 140.312 33.3609 23
4 141.764 7.2e-08 23
4 143.213 1.44887 23
4 144.658 2.89358 23
4 146.126 4.36212 23
4 147.57 5.80639 23
4 149.026 7.26211 23
4 150.484 8.71944 23
4 151.927 10.1633 23
4 153.379 11.6152 23
4 154.825 13.0613 23
4 156.267 14.5032 23
4 157.718 15.9538 23
4 159.177 17.4128 23
4 160.621 18.857 23
4 162.072 20.3082 23
4 163.521 21.7572 23
4 164.966 23.2014 23
4 166.424 24.6599 23
4 167.869 26.1045 23
4 169.326 27.5621 23
4 170.77 29.0061 23
4 172.215 30.4505 23
4 173.688 31.9242 23
4 175.132 33.3675 23
4 176.589 34.8248 23
5 178.042 6.4e-08 23
5 179.496 1.45341 23
5 180.948 2.90512 23
5 182.391 4.34857 23
5 183.851 5.8089 23
5 185.303 7.26061 23
5 186.748 8.70526 23
5 188.191 10.1489 23
5 189.644 11.6012 23
5 191.086 13.0438 23
5 192.53 14.4879 23
5 193.987 15.9445 23
5 195.445 17.4026 23.5
6 196.896 8e-08 23.5
6 198.355 1.45886 23.5
6 199.798 2.90172 23.5
6 201.254 4.35786 23.5
6 202.698 5.80221 23.5
6 204.142 7.24623 23.5
6 205.611 8.71471 23.5
7 207.055 6.8e-08 23.5
7 208.51 1.45464 23.5
7 209.952 2.89693 23.5
7 211.397 4.34133 24
8 212.854 7.2e-08 24
8 214.296 1.44254 24
9 215.753 5.8e-08 24
9 217.2 1.4473 24.5
10 218.661 1.32e-07 25
11 220.113 7.1e-08 25
12 221.557 6.8e-08 25
13 223.006 5.9e-08 25.5
15 224.464 7.4e-08 25
16 225.911 7.1e-08 25.5
17 227.353 7.3e-08 25.5
18 228.811 4e-08 25.5
20 230.253 7.8e-08 25.5
21 231.696 6e-08 25.5
22 233.162 7e-08 25.5
23 234.606 5.5e-08 25
24 236.058 8.8e-08 23.5
25 237.806 1.54e-07 23.5
26 241.158 1.88e-07 23.5
27 246.303 1.48e-07 23.5
28 255.748 1.45e-07 23.5
