0 6.6345 8e-08 21
0 9.52976 2.89526 21
0 10.9812 4.34669 21
0 12.4239 5.78939 21
0 13.8677 7.23324 21
0 15.3168 8.68227 21
1 16.7605 8.3e-08 21
1 18.2031 1.44259 21
1 19.6617 2.90122 21
1 21.1052 4.3447 21
1 22.5456 5.78508 21
1 23.9965 7.23601 21
1 25.4396 8.67912 21
2 26.8817 6e-08 21
2 28.349 1.46725 21
2 29.8024 2.92063 21
2 31.2531 4.37132 21
2 32.7242 5.84248 21
2 34.1725 7.29073 21
2 35.6341 8.75232 21
3 37.0778 6.1e-08 21
3 38.5294 1.45155 21
3 39.983 2.9052 21
3 41.4363 4.35851 21
3 42.8938 5.81601 21
3 44.3406 7.26284 21
3 45.7848 8.70696 21
4 47.2482 7e-08 21.5
4 48.6956 1.44744 21.5
4 50.1474 2.89926 21
4 51.5914 4.34328 21.5
4 53.0506 5.80241 21.5
4 54.5079 7.25971 21.5
4 55.9512 8.70301 21.5
4 57.3949 10.1467 21.5
4 58.8676 11.6194 21.5
5 60.3162 1.2e-07 21.5
5 61.7795 1.46328 21.5
5 63.2287 2.91243 21.5
5 64.6723 4.35609 21.5
5 66.1244 5.80815 21.5
6 67.5898 7.3e-08 21.5
6 69.0452 1.45535 21.5
6 70.4941 2.90421 22
7 71.9469 7.3e-08 22
7 73.3993 1.45238 22.5
8 74.8487 9.1e-08 23
9 76.2915 6.8e-08 23
10 77.754 5.7e-08 23.5
11 79.2039 7e-08 23.5
13 80.6566 7e-08 23.5
14 82.1016 7.9e-08 23.5
15 83.562 6.4e-08 23.5
17 85.0197 4e-08 23.5
18 86.4642 1.27e-07 23.5
20 87.9088 6.4e-08 23.5
21 89.3724 7.7e-08 23.5
22 90.8146 6.9e-08 23.5
23 92.2646 6.9e-08 23.5
24 93.7068 6.8e-08 21.5
25 95.1503 7e-08 21.5
26 98.0019 1.78e-07 21.5
27 102.949 1.78e-07 21.5
28 112.601 1.08e-07 21.5
