0 6.61077 8.4e-08 21.5
0 9.50747 2.8967 21.5
0 10.9594 4.34858 21.5
0 12.4017 5.79096 21.5
0 13.8432 7.23246 21.5
0 15.2941 8.68328 21.5
0 16.7366 10.1258 21.5
0 18.1796 11.5688 21.5
0 19.6308 13.02 21.5
0 21.0716 14.4609 21.5
0 22.5137 15.903 21.5
0 23.9694 17.3587 21.5
1 25.4119 1.14e-07 21.5
1 26.8538 1.44183 21.5
1 28.3038 2.89193 21.5
1 29.7518 4.33987 21.5
1 31.2061 5.7942 21.5
1 32.6646 7.25266 21.5
1 34.1205 8.70862 21.5
1 35.5863 10.1744 21.5
1 37.0283 11.6163 21.5
1 38.4754 13.0635 21.5
1 39.9398 14.5278 21.5
1 41.3923 15.9804 21.5
1 42.8478 17.4358 21.5
2 44.2941 1.2e-07 21.5
2 45.7351 1.44101 21.5
2 47.1834 2.88926 21.5
2 48.6413 4.34719 21.5
2 50.0937 5.79955 21.5
2 51.5427 7.24861 21.5
2 52.9886 8.69452 21.5
2 54.4304 10.1362 21.5
2 55.8949 11.6007 21.5
2 57.3415 13.0474 21.5
2 58.7905 14.4964 21.5
2 60.2324 15.9383 21.5
2 61.6737 17.3796 21.5
2 63.1286 18.8345 21.5
3 64.5864 1.03e-07 21.5
3 66.0333 1.4469 21.5
3 67.4877 2.90125 21.5
3 68.9288 4.34238 21.5
3 70.3704 5.78404 21.5
3 71.8465 7.26013 21.5
3 73.2943 8.70785 21.5
3 74.7489 10.1625 21.5
3 76.2007 11.6143 21.5
3 77.6573 13.0709 21.5
3 79.1235 14.5371 21.5
3 80.5655 15.9791 21.5
3 82.0079 17.4215 21.5
4 83.4621 9.3e-08 22
4 84.9051 1.44295 22
4 86.3573 2.89512 21.5
4 87.8058 4.34368 21.5
4 89.2619 5.79975 21.5
4 90.7161 7.25391 21.5
4 92.16 8.69781 21.5
4 93.6074 10.1452 21.5
4 95.0702 11.608 21.5
4 96.5022 13.0401 21.5
4 97.9544 14.4923 21.5
4 99.403 15.9408 21.5
4 100.85 17.3875 22
4 102.298 18.8363 21.5
4 103.74 20.2774 21.5
4 105.191 21.7289 22
5 106.646 1.12e-07 22
5 108.098 1.45129 22
5 109.538 2.89161 22
5 110.993 4.3463 22
5 112.433 5.78696 22
5 113.88 7.23357 22
5 115.329 8.68255 22
5 116.77 10.124 22
5 118.212 11.5656 22
5 119.668 13.0211 22
5 121.102 14.4556 22
5 122.543 15.8962 22
5 123.998 17.3516 22
5 125.455 18.809 22
5 126.905 20.258 22
5 128.36 21.7133 22
6 129.793 8.7e-08 22
6 131.254 1.46081 22
6 132.695 2.90188 22
6 134.137 4.34347 22
6 135.592 5.79887 22
6 137.033 7.24002 22
6 138.475 8.68203 22
6 139.926 10.1326 22
6 141.389 11.5963 22
7 142.84 9.1e-08 22
7 144.296 1.45641 22
7 145.737 2.8973 22
7 147.2 4.36056 22
7 148.642 5.80197 22
7 150.083 7.24353 22.5
8 151.539 1.04e-07 22.5
8 152.981 1.44243 22.5
8 154.423 2.88386 22.5
9 155.873 7.1e-08 22.5
9 157.315 1.44231 22.5
9 158.77 2.89696 22.5
10 160.22 1.09e-07 22.5
10 161.662 1.44152 23
11 163.117 8.4e-08 23
11 164.559 1.44138 23
12 166.007 8.5e-08 23
13 167.455 1.08e-07 23
13 168.907 1.45185 23
14 170.349 7.4e-08 23
15 171.801 1.31e-07 23
15 173.24 1.43898 23
16 174.692 6.9e-08 23
17 176.143 7.1e-08 23
17 177.586 1.44301 23
18 179.029 7.6e-08 23
19 180.486 7.9e-08 23
19 181.936 1.4499 23
20 183.384 7.7e-08 23
21 184.832 8.3e-08 23
21 186.274 1.4418 23
22 187.727 8.1e-08 23
22 189.167 1.43959 23
23 190.61 7.6e-08 22.5
24 192.082 7.1e-08 23
24 193.524 1.44198 23
25 194.967 7e-08 23
25 196.418 1.45102 22
26 197.865 6.8e-08 23
26 199.307 1.44187 22
27 201.964 1.55e-07 23
27 203.403 1.43834 22
28 207.954 1.47e-07 23
28 209.402 1.44813 22
29 218.15 1.44e-07 23
29 219.582 1.43271 22
