0 3.30771 9.2e-08 20.5
0 6.19096 2.88325 20.5
0 7.65172 4.34401 21
0 9.09446 5.78675 21
1 10.5449 8e-08 21
1 11.9837 1.43884 21
1 13.4253 2.88045 21
1 14.8789 4.33402 21
1 16.3215 5.77666 21
2 17.7622 5.8e-08 21
2 19.2184 1.45615 21
2 20.6695 2.90732 21
2 22.1121 4.34988 21
2 23.5841 5.82191 21
3 25.0323 5.2e-08 21
3 26.4814 1.44907 21
3 27.9242 2.89187 21
4 29.3881 5.7e-08 21
5 30.8557 7.8e-08 22
6 32.2997 5.7e-08 23
9 33.7558 6.2e-08 24
13 35.2036 5.1e-08 24
18 36.7467 1.33e-07 21
21 38.1906 6.7e-08 21
23 39.633 6.2e-08 21
24 41.0838 9.3e-08 21
25 43.826 1.45e-07 21
26 48.7694 9.6e-08 21
