0 3.34571 8.9e-08 20.5
0 6.22971 2.884 20.5
0 7.68187 4.33616 20.5
0 9.12858 5.78287 20.5
1 10.5688 8e-08 20.5
1 12.0258 1.45706 20.5
1 13.4687 2.89998 20.5
1 14.9118 4.34302 20.5
2 16.363 6.2e-08 20.5
2 17.8086 1.4456 20.5
2 19.2497 2.88663 20.5
2 20.7071 4.3441 20.5
3 22.1536 5.5e-08 20.5
3 23.6083 1.4547 20.5
3 25.055 2.90142 20.5
3 26.5206 4.36707 20.5
3 27.9775 5.82393 20.5
4 29.4213 6.2e-08 20.5
4 30.8641 1.44288 20.5
4 32.3312 2.9099 20.5
4 33.7799 4.35862 20.5
4 35.2535 5.8322 20.5
4 36.7011 7.27983 20.5
5 38.1455 5.5e-08 20.5
5 39.6034 1.45793 20.5
5 41.0621 2.91656 20.5
5 42.5305 4.38499 20.5
5 43.9799 5.83443 20.5
5 45.4224 7.27688 20.5
5 46.8737 8.72815 20.5
6 48.316 5.5e-08 20.5
6 49.7829 1.46686 20.5
6 51.2305 2.91444 20.5
6 52.6958 4.37978 20.5
6 54.1521 5.83607 20.5
6 55.5968 7.28079 20.5
6 57.0705 8.75445 20.5
6 58.5195 10.2035 20.5
6 59.9631 11.6471 20.5
7 61.4201 6.3e-08 20.5
7 62.8631 1.44294 20.5
7 64.3145 2.89437 20.5
7 65.7653 4.3452 20.5
7 67.2242 5.80409 21
8 68.6748 7.2e-08 21
8 70.1176 1.44282 21
8 71.5606 2.88584 21
8 73.0308 4.35601 20.5
9 74.4881 7.1e-08 20.5
9 75.9292 1.44111 20.5
9 77.3868 2.89871 20.5
10 78.8302 7.8e-08 21
10 80.2973 1.46711 21
10 81.7337 2.90355 21
11 83.1923 7.1e-08 21
11 84.643 1.45068 21
11 86.086 2.89375 21
12 87.5287 6.2e-08 21
12 88.9796 1.45094 21
13 90.4223 6.4e-08 21
13 91.8697 1.44741 21
13 93.3203 2.89801 21
14 94.7715 6.7e-08 21
14 96.2221 1.45055 21
15 97.6651 5.5e-08 21
15 99.1105 1.44536 21
16 100.579 9.4e-08 21
16 102.022 1.44349 21
17 103.466 6e-08 21
17 104.934 1.46789 21
17 106.377 2.9109 21
18 107.829 6.1e-08 21
18 109.27 1.44091 21
19 110.713 7e-08 21
19 112.169 1.45665 21
20 113.612 5.6e-08 21
20 115.065 1.45291 21
20 116.515 2.90327 21
21 117.958 7e-08 21
21 119.424 1.46577 21
22 120.866 6.8e-08 21
22 122.307 1.44144 21
23 123.758 6.6e-08 21
23 125.201 1.44297 21
24 126.644 6.5e-08 21
24 128.099 1.4552 21
24 129.542 2.89776 21
25 130.983 6.4e-08 21
25 132.434 1.45071 21
26 133.875 7e-08 21
26 135.318 1.44246 21
26 136.768 2.89303 21
27 138.225 6.1e-08 21
27 139.676 1.45128 21
28 141.819 1.45e-07 21
28 143.256 1.43609 21
28 144.711 2.89152 21
29 147.355 1.48e-07 21
29 148.809 1.45399 21
29 150.249 2.89421 21
30 155.194 1.47e-07 21
30 156.634 1.43973 21
30 158.076 2.88222 20.5
