0 3.38764 9.5e-08 21
0 6.2711 2.88346 21
0 7.72361 4.33597 21
0 9.17077 5.78313 21
1 10.6116 7.1e-08 21
1 12.0631 1.45153 21
1 13.5068 2.89519 21
1 14.951 4.33943 21
2 16.4085 5.6e-08 21
2 17.8457 1.4372 21
2 19.2888 2.88031 21
2 20.7464 4.33788 21
3 22.1927 5.7e-08 21
3 23.6446 1.45187 21
3 25.1001 2.90735 21
3 26.5485 4.35572 20.5
3 27.997 5.80425 20.5
4 29.4545 7e-08 20.5
4 30.8976 1.44316 21
4 32.3638 2.90933 21
4 33.8116 4.35711 21
4 35.2757 5.82119 20.5
5 36.732 8.9e-08 21
5 38.1744 1.4424 21
5 39.6182 2.88616 20.5
5 41.0742 4.34219 21
5 42.5336 5.80162 20.5
5 43.9944 7.26237 21
5 45.4418 8.70976 21
6 46.884 7.6e-08 21
6 48.3344 1.4504 21
6 49.7942 2.91026 21
6 51.248 4.364 21
6 52.7043 5.82032 21
6 54.1474 7.26347 21
6 55.5895 8.70548 20.5
6 57.0391 10.1551 21
6 58.4818 11.5978 21
7 59.9241 6.7e-08 21
7 61.374 1.44986 21
7 62.8381 2.91403 21
7 64.3019 4.37777 21
7 65.7421 5.81798 21
8 67.185 5.7e-08 21
8 68.6344 1.44942 21
8 70.098 2.91306 21
8 71.54 4.35504 21
9 72.9955 8.4e-08 21
9 74.4394 1.44387 21
9 75.8797 2.88421 21
10 77.3313 7.2e-08 21
10 78.7799 1.44864 21
10 80.2222 2.89094 21
11 81.6788 5.7e-08 21
11 83.1315 1.45273 21
12 84.5809 6.2e-08 21
12 86.0236 1.44276 21
12 87.467 2.88616 21
13 88.9185 5.8e-08 21
13 90.3781 1.45966 21
14 91.8214 4.9e-08 21
14 93.2717 1.45031 21
15 94.7236 5.4e-08 21
15 96.1665 1.44294 21
15 97.6179 2.89435 21
16 99.0613 5.6e-08 21
16 100.505 1.44356 21
17 101.962 5.9e-08 21
17 103.414 1.45243 21
18 104.864 6.3e-08 21
18 106.307 1.44278 21
18 107.751 2.88683 21
19 109.218 9.5e-08 21
19 110.662 1.44348 21
20 112.105 5.1e-08 21
20 113.557 1.45197 21
21 115.001 5.6e-08 21
21 116.445 1.44402 21
22 117.898 4.6e-08 21
22 119.364 1.46598 21
22 120.815 2.91729 21
23 122.258 6.2e-08 21
23 123.702 1.44314 21
24 125.153 5.1e-08 21
24 126.611 1.45887 21
25 128.055 5.2e-08 21
25 129.508 1.45236 21
25 130.952 2.89687 21
26 132.395 8.8e-08 21
26 133.847 1.45177 20.5
27 135.291 5.2e-08 21
27 136.735 1.44479 21
27 138.193 2.90266 20.5
28 139.735 1.12e-07 21
28 141.174 1.43926 21
28 142.618 2.88336 21
29 145.377 1.47e-07 21
29 146.828 1.45033 21
29 148.272 2.89449 21
30 153.519 1.02e-07 21
30 154.957 1.43768 21
30 156.415 2.89547 20.5
