        type trial_config ert_flop   unroll  buffers        nsize       trials       microsecs        bytes        flops         GB/s         GF/s
        long    coalesced       32        8        1           64     16777216    11902809.338   2147483648   4294967296        0.180        0.361
        long    coalesced       32        8        1          128     16777216    12085924.160   4294967296   8589934592        0.355        0.711
        long    coalesced       32        8        1          256     16777216    12670741.338   8589934592  17179869184        0.678        1.356
        long    coalesced       32        8        1          512      8388608     6641576.479   8589934592  17179869184        1.293        2.587
        long    coalesced       32        8        1         1024      4194304     3637215.149   8589934592  17179869184        2.362        4.723
        long    coalesced       32        8        1         2048      2097152     1964275.988   8589934592  17179869184        4.373        8.746
        long    coalesced       32        8        1         4096      1048576     1136877.674   8589934592  17179869184        7.556       15.111
        long    coalesced       32        8        1         8192       524288      705747.430   8589934592  17179869184       12.171       24.343
        long    coalesced       32        8        1        16384       262144      522665.981   8589934592  17179869184       16.435       32.870
        long    coalesced       32        8        1        32768       131072      415735.394   8589934592  17179869184       20.662       41.324
        long    coalesced       32        8        1        65536        65536      374797.440   8589934592  17179869184       22.919       45.838
        long    coalesced       32        8        1       131072        32768      356248.468   8589934592  17179869184       24.112       48.224
        long    coalesced       32        8        1       262144        16384      345604.994   8589934592  17179869184       24.855       49.710
        long    coalesced       32        8        1       524288         8192      340851.371   8589934592  17179869184       25.201       50.403
        long    coalesced       32        8        1      1048576         4096      337960.779   8589934592  17179869184       25.417       50.834
        long    coalesced       32        8        1      2097152         2048      336621.024   8589934592  17179869184       25.518       51.036
        long    coalesced       32        8        1      4194304         1024      336019.659   8589934592  17179869184       25.564       51.128
        long    coalesced       32        8        1      8388608          512      335697.508   8589934592  17179869184       25.588       51.177
        long    coalesced       32        8        1     16777216          256      335593.422   8589934592  17179869184       25.596       51.193
        long    coalesced       32        8        1     33554432          128      335491.021   8589934592  17179869184       25.604       51.208
        long    coalesced       32        8        1     67108864           64      335445.952   8589934592  17179869184       25.608       51.215
        long    coalesced       32        8        1    134217728           32      335436.776   8589934592  17179869184       25.608       51.216
        long    coalesced       32        8        1    268435456           16      335390.581   8589934592  17179869184       25.612       51.223
        long    coalesced       32        8        1    536870912            8      335398.033   8589934592  17179869184       25.611       51.222
        long    coalesced       32        8        1   1073741824            4      335403.482   8589934592  17179869184       25.611       51.221
        long    coalesced       32        8        1   2147483648            2      335417.575   8589934592  17179869184       25.610       51.219
        long    coalesced       32        8        1   4293918720            1      335305.088   8587837440  17175674880       25.612       51.224
