0 6.09729 1.54e-07 21.5
0 8.99084 2.89355 21.5
0 10.4337 4.33639 21.5
0 11.894 5.79673 21.5
0 13.3381 7.24083 21.5
0 14.7766 8.67933 21.5
0 16.2316 10.1343 21.5
1 17.6751 1.02e-07 21.5
1 19.1165 1.44146 21.5
1 20.5693 2.89419 21.5
1 22.0094 4.33439 21.5
1 23.4516 5.77655 21.5
1 24.9112 7.23618 21.5
1 26.3522 8.67716 21.5
1 27.8062 10.1312 21.5
2 29.2472 1.05e-07 21.5
2 30.6938 1.4466 21.5
2 32.1429 2.89575 21.5
2 33.589 4.34181 21.5
2 35.0412 5.794 21.5
2 36.4932 7.24597 21.5
2 37.9424 8.69525 22
3 39.3842 7.5e-08 22
3 40.8505 1.46629 22
3 42.3014 2.91715 22
3 43.7507 4.3665 22
3 45.2089 5.82468 22
3 46.6589 7.27465 22
3 48.1158 8.73158 22
3 49.5807 10.1964 22
4 51.0375 1.12e-07 22
4 52.4864 1.44892 22
4 53.9465 2.90902 22
4 55.3979 4.36042 22
4 56.8419 5.80442 22
5 58.2848 8.6e-08 22
5 59.7518 1.46701 22.5
6 61.2053 1.27e-07 22.5
6 62.6613 1.45609 23.5
7 64.103 7.4e-08 24.5
9 65.5659 7.6e-08 25
11 67.0213 9.3e-08 25
13 68.4801 7e-08 25
15 69.9305 7.3e-08 25
17 71.3768 6.4e-08 25
19 72.8288 8e-08 25
21 74.3962 2.45e-07 25
22 75.8549 7.5e-08 25
24 78.3032 1.53e-07 22
25 80.9531 1.54e-07 22
26 85.598 1.06e-07 22
27 94.7482 1.44e-07 22
