        type trial_config ert_flop   unroll  buffers        nsize       trials       microsecs        bytes        flops         GB/s         GF/s
      double    coalesced        2        1        1            8     16777216     6546523.924    268435456     33554432        0.041        0.005
      double    coalesced        2        1        1           16     16777216     6546500.543    536870912     67108864        0.082        0.010
      double    coalesced        2        1        1           32     16777216     6891027.051   1073741824    134217728        0.156        0.019
      double    coalesced        2        1        1           64     16777216     7701716.322   2147483648    268435456        0.279        0.035
      double    coalesced        2        1        1          128     16777216     8728605.968   4294967296    536870912        0.492        0.062
      double    coalesced        2        1        1          256     16777216    10910771.318   8589934592   1073741824        0.787        0.098
      double    coalesced        2        1        1          512      8388608     6773548.802   8589934592   1073741824        1.268        0.159
      double    coalesced        2        1        1         1024      4194304     4269488.005   8589934592   1073741824        2.012        0.251
      double    coalesced        2        1        1         2048      2097152     3068762.479   8589934592   1073741824        2.799        0.350
      double    coalesced        2        1        1         4096      1048576     2455039.555   8589934592   1073741824        3.499        0.437
      double    coalesced        2        1        1         8192       524288     2045873.068   8589934592   1073741824        4.199        0.525
      double    coalesced        2        1        1        16384       262144     1993267.595   8589934592   1073741824        4.309        0.539
      double    coalesced        2        1        1        32768       131072     1918022.424   8589934592   1073741824        4.479        0.560
      double    coalesced        2        1        1        65536        65536     1875407.075   8589934592   1073741824        4.580        0.573
      double    coalesced        2        1        1       131072        32768     1841255.318   8589934592   1073741824        4.665        0.583
      double    coalesced        2        1        1       262144        16384     1832748.627   8589934592   1073741824        4.687        0.586
      double    coalesced        2        1        1       524288         8192     1822085.264   8589934592   1073741824        4.714        0.589
      double    coalesced        2        1        1      1048576         4096     1822095.610   8589934592   1073741824        4.714        0.589
      double    coalesced        2        1        1      2097152         2048     1820108.987   8589934592   1073741824        4.719        0.590
      double    coalesced        2        1        1      4194304         1024     1819444.502   8589934592   1073741824        4.721        0.590
      double    coalesced        2        1        1      8388608          512     1818920.440   8589934592   1073741824        4.723        0.590
      double    coalesced        2        1        1     16777216          256     1818795.860   8589934592   1073741824        4.723        0.590
      double    coalesced        2        1        1     33554432          128     1818607.745   8589934592   1073741824        4.723        0.590
      double    coalesced        2        1        1     67108864           64     1818601.318   8589934592   1073741824        4.723        0.590
      double    coalesced        2        1        1    134217728           32     1818571.154   8589934592   1073741824        4.723        0.590
      double    coalesced        2        1        1    268435456           16     1818625.178   8589934592   1073741824        4.723        0.590
      double    coalesced        2        1        1    536870912            8     1818574.702   8589934592   1073741824        4.723        0.590
      double    coalesced        2        1        1   1073741824            4     1818604.143   8589934592   1073741824        4.723        0.590
      double    coalesced        2        1        1   2147483648            2     1818580.557   8589934592   1073741824        4.723        0.590
      double    coalesced        2        1        1   4293918720            1     1818165.363   8587837440   1073479680        4.723        0.590
