        type trial_config ert_flop   unroll  buffers        nsize       trials       microsecs        bytes        flops         GB/s         GF/s
       float    coalesced        2        8        1           32     16777216     5857315.564   1073741824    268435456        0.183        0.046
       float    coalesced        2        8        1           64     16777216     5951387.854   2147483648    536870912        0.361        0.090
       float    coalesced        2        8        1          128     16777216     6234770.790   4294967296   1073741824        0.689        0.172
       float    coalesced        2        8        1          256     16777216     6891052.024   8589934592   2147483648        1.247        0.312
       float    coalesced        2        8        1          512      8388608     4091611.964   8589934592   2147483648        2.099        0.525
       float    coalesced        2        8        1         1024      4194304     2338104.604   8589934592   2147483648        3.674        0.918
       float    coalesced        2        8        1         2048      2097152     1363975.553   8589934592   2147483648        6.298        1.574
       float    coalesced        2        8        1         4096      1048576      909336.657   8589934592   2147483648        9.446        2.362
       float    coalesced        2        8        1         8192       524288      681988.458   8589934592   2147483648       12.595        3.149
       float    coalesced        2        8        1        16384       262144      558003.090   8589934592   2147483648       15.394        3.849
       float    coalesced        2        8        1        32768       131072      502383.236   8589934592   2147483648       17.098        4.275
       float    coalesced        2        8        1        65536        65536      469938.820   8589934592   2147483648       18.279        4.570
       float    coalesced        2        8        1       131072        32768      452523.685   8589934592   2147483648       18.982        4.746
       float    coalesced        2        8        1       262144        16384      444564.481   8589934592   2147483648       19.322        4.831
       float    coalesced        2        8        1       524288         8192      440124.455   8589934592   2147483648       19.517        4.879
       float    coalesced        2        8        1      1048576         4096      437937.665   8589934592   2147483648       19.615        4.904
       float    coalesced        2        8        1      2097152         2048      436916.096   8589934592   2147483648       19.660        4.915
       float    coalesced        2        8        1      4194304         1024      436313.831   8589934592   2147483648       19.688        4.922
       float    coalesced        2        8        1      8388608          512      436067.424   8589934592   2147483648       19.699        4.925
       float    coalesced        2        8        1     16777216          256      435941.388   8589934592   2147483648       19.704        4.926
       float    coalesced        2        8        1     33554432          128      435896.476   8589934592   2147483648       19.706        4.927
       float    coalesced        2        8        1     67108864           64      435849.233   8589934592   2147483648       19.708        4.927
       float    coalesced        2        8        1    134217728           32      435792.093   8589934592   2147483648       19.711        4.928
       float    coalesced        2        8        1    268435456           16      435831.882   8589934592   2147483648       19.709        4.927
       float    coalesced        2        8        1    536870912            8      435852.006   8589934592   2147483648       19.708        4.927
       float    coalesced        2        8        1   1073741824            4      435758.640   8589934592   2147483648       19.713        4.928
       float    coalesced        2        8        1   2147483648            2      435762.879   8589934592   2147483648       19.712        4.928
       float    coalesced        2        8        1   4293918720            1      435685.291   8587837440   2146959360       19.711        4.928
