0 6.57602 9.3e-08 21.5
0 9.46158 2.88556 21.5
0 10.9131 4.33703 21.5
0 12.3568 5.78076 21.5
0 13.8009 7.22491 21.5
0 15.2511 8.67506 21.5
0 16.6938 10.1178 21.5
1 18.1381 7.9e-08 21.5
1 19.5932 1.45504 21.5
1 21.0365 2.89837 21.5
1 22.4889 4.35078 21.5
1 23.9319 5.79372 21.5
1 25.3739 7.23574 21.5
1 26.8252 8.68702 21.5
1 28.2699 10.1318 22
2 29.713 1.01e-07 22
2 31.172 1.45901 22
2 32.6133 2.90033 22
2 34.0565 4.34355 22
3 35.507 8.3e-08 22
3 36.9511 1.44401 22
3 38.3925 2.88544 22.5
4 39.844 7e-08 23
5 41.2863 7.5e-08 23.5
6 42.7299 7.2e-08 24
8 44.1888 7.2e-08 24
10 45.6308 1.8e-07 24.5
12 47.0815 9.9e-08 24.5
14 48.5242 6.8e-08 24.5
16 49.9674 6.9e-08 24.5
18 51.4177 7.4e-08 22.5
20 52.8609 7.5e-08 23.5
21 54.3045 9.3e-08 22
22 55.7612 7.3e-08 22
23 58.607 1.8e-07 22
24 63.258 1.69e-07 22
25 72.4037 1.71e-07 21.5
