0 3.23166 8.6e-08 26
0 6.12206 2.89039 26
0 7.5739 4.34224 26
0 9.01366 5.782 26
0 10.4568 7.22509 26
0 11.9105 8.67883 26
0 13.3514 10.1197 26
0 14.7956 11.5639 26
0 16.2459 13.0142 26
0 17.6896 14.4579 26
0 19.1337 15.9021 26
0 20.5847 17.353 26
0 22.0576 18.8259 26
0 23.5035 20.2719 26
0 24.9706 21.7389 26
0 26.4128 23.1811 26
0 27.8742 24.6425 26
0 29.3227 26.0911 26
0 30.7654 27.5337 26
0 32.2371 29.0054 26
0 33.6896 30.4579 26
0 35.1325 31.9008 26
0 36.5932 33.3615 26
0 38.0528 34.8211 26
0 39.4898 36.2582 26
0 40.9628 37.7312 26
0 42.4107 39.1791 26
0 43.8616 40.6299 26
0 45.315 42.0834 26
0 46.774 43.5423 26
0 48.2261 44.9945 26
0 49.6803 46.4486 26
0 51.1244 47.8927 26
0 52.5931 49.3615 26
0 54.0306 50.7989 26
0 55.474 52.2423 26
0 56.9315 53.6998 26
0 58.3908 55.1592 26
0 59.8429 56.6112 26
0 61.2903 58.0587 26
0 62.734 59.5024 26
0 64.2076 60.9759 26
0 65.6662 62.4346 26
0 67.1057 63.874 26
0 68.5564 65.3248 26
0 69.9995 66.7678 26
0 71.4486 68.2169 26
0 72.9 69.6684 26
0 74.3605 71.1288 26
0 75.8039 72.5723 26
0 77.2556 74.0239 26
0 78.6988 75.4672 26
0 80.1612 76.9295 26
0 81.6045 78.3728 26
0 83.0481 79.8165 26
0 84.5033 81.2716 26
0 85.9449 82.7133 26
0 87.388 84.1563 26
0 88.8399 85.6082 26
0 90.2833 87.0516 26
0 91.7257 88.494 26
0 93.1933 89.9616 26
0 94.6302 91.3985 26
0 96.0739 92.8422 26
0 97.5313 94.2997 26
0 98.9841 95.7524 26
0 100.428 97.1964 26
0 101.88 98.6485 26
0 103.324 100.092 26
0 104.767 101.536 26
0 106.219 102.987 26
0 107.662 104.431 26
0 109.105 105.873 26
0 110.556 107.325 26
0 112.011 108.779 26
0 113.453 110.222 26
0 114.905 111.673 26
0 116.349 113.117 26
1 117.791 1.35e-07 26
1 119.263 1.47227 26
1 120.706 2.91472 26
1 122.158 4.36655 26
1 123.601 5.8098 26
1 125.043 7.25177 26
1 126.494 8.70312 26
1 127.937 10.1462 26
1 129.38 11.5884 26
1 130.831 13.0399 26
1 132.274 14.4829 26
1 133.717 15.9256 26
1 135.167 17.3759 26
1 136.61 18.819 26
1 138.053 20.2623 26
1 139.504 21.7125 26
1 140.957 23.1661 26
1 142.399 24.6082 26
1 143.851 26.0595 26
1 145.294 27.5029 26
1 146.737 28.9461 26
1 148.204 30.4127 26
1 149.648 31.8566 26
1 151.091 33.3003 26
1 152.541 34.7501 26
1 153.984 36.1933 26
1 155.443 37.652 26
1 156.895 39.1035 26
1 158.337 40.546 26
1 159.785 41.9937 26
1 161.235 43.4442 26
1 162.679 44.8873 26
1 164.122 46.3303 26
1 165.572 47.7806 26
1 167.015 49.2237 26
1 168.457 50.6657 26
1 169.907 52.1162 26
1 171.35 53.5592 26
1 172.793 55.0018 26
1 174.244 56.4523 26
1 175.687 57.8954 26
1 177.144 59.353 26
1 178.595 60.804 26
1 180.037 62.2459 26
1 181.473 63.6822 26
1 182.93 65.1391 26
1 184.373 66.5822 26
1 185.809 68.0182 26
1 187.266 69.4752 26
1 188.724 70.9332 26
1 190.175 72.3841 26
1 191.618 73.8267 26
1 193.066 75.2749 26
1 194.517 76.7258 26
1 195.96 78.1692 26
1 197.403 79.6123 26
1 198.854 81.0625 26
1 200.297 82.5056 26
1 201.739 83.9483 26
1 203.19 85.3986 26
1 204.633 86.8414 26
1 206.075 88.2842 26
1 207.547 89.7557 26
1 208.989 91.1975 26
1 210.432 92.6404 26
1 211.883 94.0914 26
1 213.324 95.5332 26
1 214.777 96.9859 26
1 216.227 98.4362 26
1 217.67 99.8785 26
1 219.113 101.321 26
1 220.563 102.772 26
1 222.004 104.213 26
1 223.447 105.656 26
1 224.897 107.106 26
1 226.35 108.558 26
1 227.793 110.002 26
1 229.244 111.453 26
2 230.687 9e-08 26
2 232.13 1.44304 26
2 233.596 2.90898 26
2 235.038 4.35139 26
2 236.489 5.8026 26
2 237.932 7.24491 26
2 239.374 8.68726 26
2 240.825 10.1382 26
2 242.266 11.5797 26
2 243.709 13.0219 26
2 245.159 14.4727 26
2 246.601 15.9141 26
2 248.043 17.3561 26
2 249.486 18.799 26
2 250.936 20.249 26
2 252.379 21.692 26
2 253.83 23.1429 26
2 255.282 24.595 26
2 256.724 26.0371 26
2 258.175 27.4884 26
2 259.623 28.936 26
2 261.065 30.3781 26
2 262.516 31.829 26
2 263.958 33.2715 26
2 265.401 34.7145 26
2 266.872 36.1857 26
2 268.315 37.6287 26
2 269.758 39.0715 26
2 271.214 40.5272 26
2 272.657 41.9698 26
2 274.099 43.4121 26
2 275.55 44.863 26
2 276.992 46.3053 26
2 278.435 47.7484 26
2 279.886 49.1997 26
2 281.329 50.6419 26
2 282.772 52.0851 26
2 284.223 53.5363 26
2 285.676 54.989 26
2 287.119 56.4321 26
2 288.576 57.889 26
2 290.012 59.3253 26
2 291.454 60.7671 26
2 292.92 62.2334 26
2 294.362 63.6749 26
2 295.812 65.1257 26
2 297.255 66.5684 26
2 298.697 68.0099 26
2 300.147 69.4605 26
2 301.59 70.9035 26
2 303.032 72.3451 26
2 304.493 73.8058 26
2 305.935 75.2484 26
2 307.377 76.6907 26
2 308.829 78.1424 26
2 310.273 79.5861 26
2 311.721 81.0347 26
2 313.178 82.4917 26
2 314.616 83.9288 26
2 316.058 85.3715 26
2 317.515 86.8284 26
2 318.959 88.2719 26
2 320.395 89.708 26
2 321.851 91.1646 26
2 323.309 92.6226 26
2 324.752 94.0652 26
2 326.202 95.5151 26
2 327.644 96.9574 26
2 329.087 98.4003 26
2 330.542 99.8557 26
2 331.985 101.298 26
2 333.427 102.741 26
2 334.878 104.191 26
2 336.321 105.634 26
2 337.763 107.076 26
2 339.213 108.526 26
2 340.656 109.969 26
2 342.098 111.411 26
2 343.548 112.862 26
3 344.991 9.4e-08 26
3 346.433 1.44201 26
3 347.884 2.89294 26
3 349.344 4.35222 26
3 350.781 5.78914 26
3 352.237 7.24565 26
3 353.68 8.68909 26
3 355.123 10.132 26
3 356.573 11.5821 26
3 358.016 13.0248 26
3 359.459 14.4678 26
3 360.909 15.9174 26
3 362.351 17.3597 26
3 363.794 18.8025 26
3 365.244 20.2522 26
3 366.687 21.6952 26
3 368.129 23.1379 26
3 369.579 24.5875 26
3 371.037 26.0459 26
3 372.489 27.4972 26
3 373.932 28.9403 26
3 375.375 30.3831 26
3 376.825 31.8341 26
3 378.269 33.2773 26
3 379.711 34.7196 26
3 381.161 36.1699 26
3 382.625 37.6336 26
3 384.067 39.0759 26
3 385.518 40.5268 26
3 386.96 41.9685 26
3 388.403 43.4112 26
3 389.864 44.8729 26
3 391.306 46.3145 26
3 392.749 47.7572 26
3 394.199 49.2081 26
3 395.642 50.6508 26
3 397.085 52.0934 26
3 398.536 53.5442 26
3 399.978 54.9866 26
3 401.421 56.4291 26
3 402.872 57.8802 26
3 404.33 59.3383 26
3 405.765 60.7741 26
3 407.222 62.2306 26
3 408.675 63.6833 26
3 410.125 65.1334 26
3 411.568 66.5766 26
3 413.01 68.0184 26
3 414.46 69.4684 26
3 415.903 70.9111 26
3 417.344 72.3525 26
3 418.794 73.8024 26
3 420.237 75.2451 26
3 421.678 76.6871 26
3 423.128 78.137 26
3 424.571 79.5796 26
3 426.028 81.0362 26
3 427.474 82.4823 26
3 428.917 83.9253 26
3 430.359 85.3681 26
3 431.81 86.8188 26
3 433.253 88.262 26
3 434.696 89.7043 26
3 436.146 91.1541 26
3 437.61 92.6183 26
3 439.053 94.0612 26
3 440.503 95.512 26
3 441.955 96.964 26
3 443.398 98.4065 26
3 444.848 99.8566 26
3 446.29 101.298 26
3 447.733 102.741 26
3 449.184 104.192 26
3 450.625 105.634 26
3 452.068 107.077 26
3 453.517 108.526 26
3 454.96 109.968 26
3 456.412 111.421 26
3 457.862 112.87 26
4 459.304 8.6e-08 26
4 460.747 1.4422 26
4 462.197 2.8923 26
4 463.656 4.35146 26
4 465.099 5.79426 26
4 466.548 7.24375 26
4 467.991 8.68686 26
4 469.428 10.1233 26
4 470.884 11.5798 26
4 472.327 13.0227 26
4 473.769 14.4648 26
4 475.218 15.914 26
4 476.661 17.3567 26
4 478.104 18.7993 26
4 479.554 20.2494 26
4 480.997 21.6923 26
4 482.462 23.1577 26
4 483.905 24.6005 26
4 485.346 26.0419 26
4 486.797 27.4929 26
4 488.24 28.9353 26
4 489.686 30.3816 26
4 491.136 31.8316 26
4 492.578 33.2741 26
4 494.021 34.7166 26
4 495.471 36.1668 26
4 496.934 37.6298 26
4 498.377 39.0723 26
4 499.828 40.5233 26
4 501.281 41.9762 26
4 502.723 43.4188 26
4 504.174 44.8698 26
4 505.618 46.3132 26
4 507.06 47.7557 26
4 508.511 49.2063 26
4 509.954 50.6493 26
4 511.396 52.0912 26
4 512.845 53.5408 26
4 514.288 54.9839 26
4 515.73 56.426 26
4 517.181 57.8761 26
4 518.624 59.3193 26
4 520.066 60.762 26
4 521.517 62.2122 26
4 522.959 63.6548 26
4 524.402 65.0971 26
4 525.852 66.5472 26
4 527.294 67.9894 26
4 528.735 69.431 26
4 530.186 70.8813 26
4 531.628 72.324 26
4 533.071 73.7663 26
4 534.542 75.2376 26
4 535.984 76.68 26
4 537.435 78.1309 26
4 538.887 79.5827 26
4 540.329 81.0248 26
4 541.781 82.4762 26
4 543.223 83.919 26
4 544.666 85.3614 26
4 546.117 86.8129 26
4 547.56 88.2559 26
4 549.003 89.6987 26
4 550.454 91.1499 26
4 551.898 92.5937 26
5 553.342 9.2e-08 26
5 554.792 1.45069 26
5 556.236 2.89394 26
5 557.68 4.33808 26
5 559.137 5.79569 26
5 560.595 7.2531 26
5 562.037 8.69537 26
5 563.488 10.1464 26
5 564.931 11.5899 26
5 566.375 13.033 26
5 567.83 14.4886 26
5 569.273 15.9315 26
5 570.716 17.3746 26
5 572.168 18.8263 26
5 573.612 20.27 26
5 575.059 21.7176 26
5 576.517 23.1751 26
5 577.953 24.6118 26
5 579.408 26.0661 26
5 580.859 27.5173 26
5 582.302 28.9602 26
5 583.753 30.4117 26
5 585.197 31.8549 26
5 586.639 33.2972 26
5 588.09 34.7487 26
5 589.534 36.1919 26
5 590.976 37.6348 26
5 592.428 39.0861 26
5 593.875 40.5337 26
5 595.317 41.9758 26
5 596.769 43.4273 26
5 598.211 44.8699 26
6 599.654 7.7e-08 26
6 601.106 1.45155 26
6 602.549 2.89501 26
6 603.992 4.33775 25.5
6 605.442 5.78777 25.5
6 606.885 7.23092 26
6 608.328 8.6736 26
6 609.778 10.1238 25.5
6 611.221 11.5664 25.5
6 612.679 13.0253 25.5
6 614.13 14.476 26
6 615.573 15.9187 26
6 617.016 17.3618 26
6 618.466 18.8122 25.5
6 619.919 20.265 25.5
6 621.362 21.7076 25.5
6 622.811 23.157 26
7 624.253 8.6e-08 26
7 625.695 1.44219 26
7 627.145 2.89195 26
7 628.588 4.33428 26
7 630.029 5.7756 26
7 631.489 7.2355 26
7 632.931 8.67816 26
7 634.373 10.1199 26
7 635.823 11.57 26
8 637.266 8.1e-08 26
8 638.71 1.44323 26
8 640.161 2.89479 26
8 641.605 4.3388 26
8 643.049 5.7831 26.5
9 644.507 6.2e-08 26.5
9 645.944 1.43733 26.5
9 647.388 2.8807 26.5
10 648.846 8.3e-08 26.5
10 650.29 1.44426 27
11 651.732 8.6e-08 27.5
12 653.198 2.6e-08 27.5
13 654.64 6.4e-08 28
14 656.091 5.7e-08 28
15 657.54 7.6e-08 28
16 658.984 5.1e-08 28
17 660.441 7.1e-08 28
18 661.878 3.6e-08 28
19 663.321 4.1e-08 28
21 664.778 5.9e-08 28
22 666.222 5.5e-08 27.5
23 667.658 7.5e-08 28
24 669.315 1.55e-07 28
25 671.259 1.56e-07 26
26 673.802 1.54e-07 28
27 677.852 1.48e-07 26
