        type trial_config ert_flop   unroll  buffers        nsize       trials       microsecs        bytes        flops         GB/s         GF/s
        long    coalesced        1       64        2         1024      8388608     5036125.485  17179869184   1073741824        3.411        0.213
        long    coalesced        1       64        2         2048      4194304     2728078.040  17179869184   1073741824        6.297        0.394
        long    coalesced        1       64        2         4096      2097152     1636967.525  17179869184   1073741824       10.495        0.656
        long    coalesced        1       64        2         8192      1048576     1148123.085  17179869184   1073741824       14.963        0.935
        long    coalesced        1       64        2        16384       524288      888372.098  17179869184   1073741824       19.339        1.209
        long    coalesced        1       64        2        32768       262144      763499.042  17179869184   1073741824       22.501        1.406
        long    coalesced        1       64        2        65536       131072      695776.088  17179869184   1073741824       24.692        1.543
        long    coalesced        1       64        2       131072        65536      665241.264  17179869184   1073741824       25.825        1.614
        long    coalesced        1       64        2       262144        32768      648232.418  17179869184   1073741824       26.503        1.656
        long    coalesced        1       64        2       524288        16384      639659.660  17179869184   1073741824       26.858        1.679
        long    coalesced        1       64        2      1048576         8192      635878.076  17179869184   1073741824       27.018        1.689
        long    coalesced        1       64        2      2097152         4096      633777.960  17179869184   1073741824       27.107        1.694
        long    coalesced        1       64        2      4194304         2048      632563.752  17179869184   1073741824       27.159        1.697
        long    coalesced        1       64        2      8388608         1024      631981.008  17179869184   1073741824       27.184        1.699
        long    coalesced        1       64        2     16777216          512      631767.081  17179869184   1073741824       27.193        1.700
        long    coalesced        1       64        2     33554432          256      631727.722  17179869184   1073741824       27.195        1.700
        long    coalesced        1       64        2     67108864          128      631594.230  17179869184   1073741824       27.201        1.700
        long    coalesced        1       64        2    134217728           64      631575.252  17179869184   1073741824       27.202        1.700
        long    coalesced        1       64        2    268435456           32      631559.234  17179869184   1073741824       27.202        1.700
        long    coalesced        1       64        2    536870912           16      631527.784  17179869184   1073741824       27.204        1.700
        long    coalesced        1       64        2   1073741824            8      631511.690  17179869184   1073741824       27.204        1.700
        long    coalesced        1       64        2   2147483648            4      631540.805  17179869184   1073741824       27.203        1.700
        long    coalesced        1       64        2   4294967296            2      631563.410  17179869184   1073741824       27.202        1.700
        long    coalesced        1       64        2   8588886016            1      631445.055  17177772032   1073610752       27.204        1.700
