        type trial_config ert_flop   unroll  buffers        nsize       trials       microsecs        bytes        flops         GB/s         GF/s
 signed_char    coalesced        2        2        1            2     16777216     5455480.343     67108864     67108864        0.012        0.012
 signed_char    coalesced        2        2        1            4     16777216     5692623.095    134217728    134217728        0.024        0.024
 signed_char    coalesced        2        2        1            8     16777216     5951364.753    268435456    268435456        0.045        0.045
 signed_char    coalesced        2        2        1           16     16777216     6546545.451    536870912    536870912        0.082        0.082
 signed_char    coalesced        2        2        1           32     16777216     7701758.881   1073741824   1073741824        0.139        0.139
 signed_char    coalesced        2        2        1           64     16777216    10071535.293   2147483648   2147483648        0.213        0.213
 signed_char    coalesced        2        2        1          128     16777216    13092891.635   4294967296   4294967296        0.328        0.328
 signed_char    coalesced        2        2        1          256     16777216    16366072.373   8589934592   8589934592        0.525        0.525
 signed_char    coalesced        2        2        1          512      8388608    11552573.894   8589934592   8589934592        0.744        0.744
 signed_char    coalesced        2        2        1         1024      4194304     9165068.497   8589934592   8589934592        0.937        0.937
 signed_char    coalesced        2        2        1         2048      2097152     8183108.892   8589934592   8589934592        1.050        1.050
 signed_char    coalesced        2        2        1         4096      1048576     7387572.456   8589934592   8589934592        1.163        1.163
 signed_char    coalesced        2        2        1         8192       524288     7069207.760   8589934592   8589934592        1.215        1.215
 signed_char    coalesced        2        2        1        16384       262144     6924270.379   8589934592   8589934592        1.241        1.241
 signed_char    coalesced        2        2        1        32768       131072     6827382.631   8589934592   8589934592        1.258        1.258
 signed_char    coalesced        2        2        1        65536        65536     6790039.804   8589934592   8589934592        1.265        1.265
 signed_char    coalesced        2        2        1       131072        32768     6770562.402   8589934592   8589934592        1.269        1.269
 signed_char    coalesced        2        2        1       262144        16384     6758098.696   8589934592   8589934592        1.271        1.271
 signed_char    coalesced        2        2        1       524288         8192     6753151.207   8589934592   8589934592        1.272        1.272
 signed_char    coalesced        2        2        1      1048576         4096     6751348.893   8589934592   8589934592        1.272        1.272
 signed_char    coalesced        2        2        1      2097152         2048     6750646.973   8589934592   8589934592        1.272        1.272
 signed_char    coalesced        2        2        1      4194304         1024     6750121.256   8589934592   8589934592        1.273        1.273
 signed_char    coalesced        2        2        1      8388608          512     6749880.979   8589934592   8589934592        1.273        1.273
 signed_char    coalesced        2        2        1     16777216          256     6749876.589   8589934592   8589934592        1.273        1.273
 signed_char    coalesced        2        2        1     33554432          128     6749781.998   8589934592   8589934592        1.273        1.273
 signed_char    coalesced        2        2        1     67108864           64     6749827.552   8589934592   8589934592        1.273        1.273
 signed_char    coalesced        2        2        1    134217728           32     6749823.880   8589934592   8589934592        1.273        1.273
 signed_char    coalesced        2        2        1    268435456           16     6749722.993   8589934592   8589934592        1.273        1.273
 signed_char    coalesced        2        2        1    536870912            8     6749848.870   8589934592   8589934592        1.273        1.273
 signed_char    coalesced        2        2        1   1073741824            4     6749814.228   8589934592   8589934592        1.273        1.273
 signed_char    coalesced        2        2        1   2147483648            2     6749744.706   8589934592   8589934592        1.273        1.273
 signed_char    coalesced        2        2        1   4293918720            1     6748130.232   8587837440   8587837440        1.273        1.273
