        type trial_config ert_flop   unroll  buffers        nsize       trials       microsecs        bytes        flops         GB/s         GF/s
       float    coalesced       92       16        2          128     16777216    19397128.043   4294967296  49392123904        0.221        2.546
       float    coalesced       92       16        2          256     16777216    19639561.898   8589934592  98784247808        0.437        5.030
       float    coalesced       92       16        2          512     16777216    20143111.635  17179869184 197568495616        0.853        9.808
       float    coalesced       92       16        2         1024      8388608    10911084.529  17179869184 197568495616        1.575       18.107
       float    coalesced       92       16        2         2048      4194304     5652008.476  17179869184 197568495616        3.040       34.955
       float    coalesced       92       16        2         4096      2097152     2976063.580  17179869184 197568495616        5.773       66.386
       float    coalesced       92       16        2         8192      1048576     1748113.177  17179869184 197568495616        9.828      113.018
       float    coalesced       92       16        2        16384       524288     1109857.783  17179869184 197568495616       15.479      178.012
       float    coalesced       92       16        2        32768       262144      788314.915  17179869184 197568495616       21.793      250.621
       float    coalesced       92       16        2        65536       131072      637079.786  17179869184 197568495616       26.967      310.116
       float    coalesced       92       16        2       131072        65536      589751.836  17179869184 197568495616       29.131      335.003
       float    coalesced       92       16        2       262144        32768      575457.002  17179869184 197568495616       29.854      343.325
       float    coalesced       92       16        2       524288        16384      568394.619  17179869184 197568495616       30.225      347.590
       float    coalesced       92       16        2      1048576         8192      563852.223  17179869184 197568495616       30.469      350.391
       float    coalesced       92       16        2      2097152         4096      561637.685  17179869184 197568495616       30.589      351.772
       float    coalesced       92       16        2      4194304         2048      560272.287  17179869184 197568495616       30.663      352.629
       float    coalesced       92       16        2      8388608         1024      559949.160  17179869184 197568495616       30.681      352.833
       float    coalesced       92       16        2     16777216          512      559796.511  17179869184 197568495616       30.689      352.929
       float    coalesced       92       16        2     33554432          256      559697.656  17179869184 197568495616       30.695      352.991
       float    coalesced       92       16        2     67108864          128      559628.048  17179869184 197568495616       30.699      353.035
       float    coalesced       92       16        2    134217728           64      559579.329  17179869184 197568495616       30.701      353.066
       float    coalesced       92       16        2    268435456           32      559549.135  17179869184 197568495616       30.703      353.085
       float    coalesced       92       16        2    536870912           16      559569.484  17179869184 197568495616       30.702      353.072
       float    coalesced       92       16        2   1073741824            8      559542.656  17179869184 197568495616       30.703      353.089
       float    coalesced       92       16        2   2147483648            4      559547.186  17179869184 197568495616       30.703      353.086
       float    coalesced       92       16        2   4294967296            2      559523.784  17179869184 197568495616       30.704      353.101
       float    coalesced       92       16        2   8588886016            1      559466.606  17177772032 197544378368       30.704      353.094
