        type trial_config ert_flop   unroll  buffers        nsize       trials       microsecs        bytes        flops         GB/s         GF/s
 signed_char    coalesced        2        8        2           16     16777216     5951420.412    536870912    536870912        0.090        0.090
 signed_char    coalesced        2        8        2           32     16777216     6234749.187   1073741824   1073741824        0.172        0.172
 signed_char    coalesced        2        8        2           64     16777216     6546509.140   2147483648   2147483648        0.328        0.328
 signed_char    coalesced        2        8        2          128     16777216     7273885.064   4294967296   4294967296        0.590        0.590
 signed_char    coalesced        2        8        2          256     16777216     8436994.828   8589934592   8589934592        1.018        1.018
 signed_char    coalesced        2        8        2          512     16777216    10425385.360  17179869184  17179869184        1.648        1.648
 signed_char    coalesced        2        8        2         1024      8388608     6546537.514  17179869184  17179869184        2.624        2.624
 signed_char    coalesced        2        8        2         2048      4194304     4091669.176  17179869184  17179869184        4.199        4.199
 signed_char    coalesced        2        8        2         4096      2097152     3114641.132  17179869184  17179869184        5.516        5.516
 signed_char    coalesced        2        8        2         8192      1048576     2544417.466  17179869184  17179869184        6.752        6.752
 signed_char    coalesced        2        8        2        16384       524288     2250823.897  17179869184  17179869184        7.633        7.633
 signed_char    coalesced        2        8        2        32768       262144     2045899.137  17179869184  17179869184        8.397        8.397
 signed_char    coalesced        2        8        2        65536       131072     2044834.106  17179869184  17179869184        8.402        8.402
 signed_char    coalesced        2        8        2       131072        65536     2004235.974  17179869184  17179869184        8.572        8.572
 signed_char    coalesced        2        8        2       262144        32768     1984945.771  17179869184  17179869184        8.655        8.655
 signed_char    coalesced        2        8        2       524288        16384     1976020.722  17179869184  17179869184        8.694        8.694
 signed_char    coalesced        2        8        2      1048576         8192     1971362.018  17179869184  17179869184        8.715        8.715
 signed_char    coalesced        2        8        2      2097152         4096     1969024.875  17179869184  17179869184        8.725        8.725
 signed_char    coalesced        2        8        2      4194304         2048     1967815.999  17179869184  17179869184        8.730        8.730
 signed_char    coalesced        2        8        2      8388608         1024     1967309.613  17179869184  17179869184        8.733        8.733
 signed_char    coalesced        2        8        2     16777216          512     1967053.430  17179869184  17179869184        8.734        8.734
 signed_char    coalesced        2        8        2     33554432          256     1966931.700  17179869184  17179869184        8.734        8.734
 signed_char    coalesced        2        8        2     67108864          128     1966781.605  17179869184  17179869184        8.735        8.735
 signed_char    coalesced        2        8        2    134217728           64     1966827.773  17179869184  17179869184        8.735        8.735
 signed_char    coalesced        2        8        2    268435456           32     1966801.338  17179869184  17179869184        8.735        8.735
 signed_char    coalesced        2        8        2    536870912           16     1966825.308  17179869184  17179869184        8.735        8.735
 signed_char    coalesced        2        8        2   1073741824            8     1966787.141  17179869184  17179869184        8.735        8.735
 signed_char    coalesced        2        8        2   2147483648            4     1966724.887  17179869184  17179869184        8.735        8.735
 signed_char    coalesced        2        8        2   4294967296            2     1966813.568  17179869184  17179869184        8.735        8.735
 signed_char    coalesced        2        8        2   8588886016            1     1966446.319  17177772032  17177772032        8.735        8.735
