        type trial_config ert_flop   unroll  buffers        nsize       trials       microsecs        bytes        flops         GB/s         GF/s
        long    coalesced       10       16        2          256     16777216    10911081.381   8589934592   5368709120        0.787        0.492
        long    coalesced       10       16        2          512     16777216    10911045.376  17179869184  10737418240        1.575        0.984
        long    coalesced       10       16        2         1024      8388608     6546770.807  17179869184  10737418240        2.624        1.640
        long    coalesced       10       16        2         2048      4194304     3637290.887  17179869184  10737418240        4.723        2.952
        long    coalesced       10       16        2         4096      2097152     2046138.393  17179869184  10737418240        8.396        5.248
        long    coalesced       10       16        2         8192      1048576     1364241.043  17179869184  10737418240       12.593        7.871
        long    coalesced       10       16        2        16384       524288     1023283.666  17179869184  10737418240       16.789       10.493
        long    coalesced       10       16        2        32768       262144      852766.113  17179869184  10737418240       20.146       12.591
        long    coalesced       10       16        2        65536       131072      767555.611  17179869184  10737418240       22.383       13.989
        long    coalesced       10       16        2       131072        65536      724933.075  17179869184  10737418240       23.699       14.812
        long    coalesced       10       16        2       262144        32768      703609.053  17179869184  10737418240       24.417       15.260
        long    coalesced       10       16        2       524288        16384      691563.492  17179869184  10737418240       24.842       15.526
        long    coalesced       10       16        2      1048576         8192      686175.685  17179869184  10737418240       25.037       15.648
        long    coalesced       10       16        2      2097152         4096      683565.893  17179869184  10737418240       25.133       15.708
        long    coalesced       10       16        2      4194304         2048      682301.852  17179869184  10737418240       25.179       15.737
        long    coalesced       10       16        2      8388608         1024      681547.049  17179869184  10737418240       25.207       15.754
        long    coalesced       10       16        2     16777216          512      681259.121  17179869184  10737418240       25.218       15.761
        long    coalesced       10       16        2     33554432          256      681094.329  17179869184  10737418240       25.224       15.765
        long    coalesced       10       16        2     67108864          128      680991.868  17179869184  10737418240       25.228       15.767
        long    coalesced       10       16        2    134217728           64      680970.015  17179869184  10737418240       25.229       15.768
        long    coalesced       10       16        2    268435456           32      680930.297  17179869184  10737418240       25.230       15.769
        long    coalesced       10       16        2    536870912           16      680879.704  17179869184  10737418240       25.232       15.770
        long    coalesced       10       16        2   1073741824            8      680869.955  17179869184  10737418240       25.232       15.770
        long    coalesced       10       16        2   2147483648            4      680880.077  17179869184  10737418240       25.232       15.770
        long    coalesced       10       16        2   4294967296            2      680866.227  17179869184  10737418240       25.232       15.770
        long    coalesced       10       16        2   8588886016            1      680803.032  17177772032  10736107520       25.232       15.770
