0 3.43608 1.44e-07 20.5
0 6.33487 2.89879 20.5
0 7.78572 4.34965 20.5
0 9.22868 5.7926 20.5
1 10.672 1.57e-07 20.5
1 12.1231 1.45103 20.5
1 13.5623 2.89024 20.5
1 15.0058 4.33372 20.5
2 16.4622 6.8e-08 20.5
2 17.9159 1.45362 20.5
2 19.3579 2.8957 20.5
2 20.8081 4.34587 20.5
2 22.2668 5.80456 20.5
3 23.7229 7e-08 20.5
3 25.1668 1.44384 20.5
3 26.6267 2.90376 20.5
3 28.0836 4.36073 20.5
3 29.5318 5.80892 20.5
4 30.9992 7e-08 20.5
4 32.4421 1.44288 20.5
4 33.8853 2.88613 20.5
4 35.3571 4.35793 20.5
4 36.811 5.8118 20.5
4 38.2599 7.26076 20.5
5 39.726 7.2e-08 20.5
5 41.1688 1.44285 20.5
5 42.6198 2.89376 20.5
5 44.0791 4.35314 20.5
5 45.5321 5.80611 20.5
5 47.0039 7.27787 20.5
5 48.4537 8.72771 20.5
6 49.9036 8.3e-08 20.5
6 51.347 1.44339 20.5
6 52.8057 2.90206 20.5
6 54.2616 4.35802 20.5
6 55.7268 5.82316 20.5
6 57.1777 7.27406 20.5
6 58.6244 8.72079 20.5
6 60.0683 10.1647 20.5
6 61.5413 11.6377 20.5
7 62.9974 7.1e-08 20.5
7 64.4355 1.43813 20.5
7 65.8923 2.8949 20.5
7 67.3354 4.33803 20.5
7 68.7851 5.78772 20.5
7 70.2267 7.22927 21
8 71.6699 7.9e-08 21
8 73.1368 1.46688 21
8 74.5796 2.90965 21
8 76.0329 4.36291 21
9 77.4833 6.4e-08 20.5
9 78.9263 1.44306 20.5
9 80.3689 2.88568 21
10 81.825 7.1e-08 21
10 83.2816 1.45665 21
10 84.7388 2.9138 21
11 86.193 1.3e-07 21
11 87.6368 1.44373 21
11 89.0884 2.89537 21
12 90.5323 6.1e-08 21
12 91.9762 1.44393 21
13 93.4329 6.7e-08 21
13 94.8857 1.45283 21
14 96.3366 7e-08 21
14 97.7797 1.44314 21
14 99.2228 2.88623 21
15 100.689 9.2e-08 21
15 102.131 1.44263 21
16 103.574 7.3e-08 21
16 105.025 1.45105 21
17 106.467 8.3e-08 21
17 107.934 1.46715 21
17 109.377 2.90979 21
18 110.82 7.6e-08 21
18 112.27 1.44966 21
19 113.728 7.4e-08 21
19 115.171 1.44253 21
20 116.622 7.4e-08 21
20 118.064 1.44191 21
20 119.507 2.8848 21
21 120.958 7.8e-08 21
21 122.4 1.44166 21
22 123.849 7.9e-08 21
22 125.31 1.46086 21
23 126.753 7.5e-08 21
23 128.204 1.45089 21
23 129.645 2.89264 21
24 131.087 1.3e-07 21
24 132.554 1.46715 21
25 133.997 1.12e-07 21
25 135.439 1.44288 21
25 136.89 2.89385 21
26 138.332 8.9e-08 21
26 139.774 1.44186 20.5
27 141.231 7.4e-08 21
27 142.673 1.44285 21
27 144.124 2.89359 20.5
28 145.766 1e-07 21
28 147.208 1.44216 21
28 148.657 2.89135 21
29 151.509 1.13e-07 21
29 152.951 1.44199 21
29 154.402 2.89304 21
30 159.749 1.45e-07 21
30 161.194 1.44543 21
30 162.637 2.88773 20.5
