0 3.00137 8.2e-08 20.5
0 5.89687 2.89551 20.5
0 7.34059 4.33922 20.5
1 8.78309 8.5e-08 20.5
1 10.2321 1.44897 20.5
1 11.6722 2.88912 20.5
1 13.1146 4.3315 20.5
2 14.5652 8.4e-08 20.5
2 16.0117 1.44644 20.5
2 17.4678 2.90259 20.5
2 18.9117 4.34641 20.5
3 20.3555 7.6e-08 20.5
3 21.8064 1.45095 20.5
3 23.2491 2.89367 20.5
3 24.6914 4.33599 20.5
3 26.1479 5.79248 20.5
4 27.5893 6.8e-08 20.5
4 29.032 1.44268 20.5
4 30.4813 2.89197 20.5
4 31.9226 4.33335 20.5
4 33.3651 5.77581 20.5
5 34.8159 6e-08 20.5
5 36.2582 1.44234 20.5
5 37.7055 2.88961 20.5
5 39.1559 4.34006 20.5
5 40.5973 5.78141 20.5
5 42.0477 7.23179 20.5
5 43.489 8.67308 20.5
6 44.9316 6.1e-08 20.5
6 46.3822 1.45054 20.5
6 47.8235 2.89191 20.5
6 49.2689 4.33724 21
7 50.7214 8.9e-08 21
7 52.164 1.44259 21
7 53.6054 2.88399 21
8 55.0602 6.8e-08 21
9 56.4986 6.5e-08 21
9 57.9385 1.43985 21
10 59.3935 7.2e-08 21
11 60.8351 5.6e-08 21
11 62.2728 1.43776 21
12 63.7292 5.8e-08 21
13 65.1719 6.8e-08 21
14 66.627 1.07e-07 21
15 68.0638 5.1e-08 21
15 69.5065 1.44271 21
16 70.9558 6.2e-08 21
17 72.3966 6.5e-08 21
18 73.8394 5.8e-08 21
19 75.2947 8e-08 21
20 76.7372 5.5e-08 21
20 78.1792 1.44206 21
21 79.6293 1.03e-07 21
22 81.0719 7.1e-08 21
23 82.5145 9.5e-08 21
24 83.9634 7.5e-08 21
25 85.7054 1e-07 21
25 87.1607 1.45531 21
26 88.6041 6e-08 21
27 90.8556 1.12e-07 21
27 92.2963 1.44067 21
28 95.0479 1.58e-07 21
28 96.4959 1.44798 21
29 101.34 1.07e-07 21
29 102.776 1.43666 20.5
