0 3.27501 9.3e-08 20.5
0 6.17405 2.89904 20.5
0 7.62746 4.35245 20.5
0 9.06999 5.79497 20.5
1 10.5144 9e-08 20.5
1 11.966 1.45161 20.5
1 13.4085 2.8941 20.5
1 14.8506 4.33628 20.5
1 16.3129 5.79856 20.5
2 17.7575 7.4e-08 20.5
2 19.2043 1.44679 20.5
2 20.6634 2.90595 20.5
2 22.0992 4.34169 20.5
2 23.5539 5.79639 20.5
3 25.0045 1.19e-07 20.5
3 26.4481 1.44362 20.5
3 27.8999 2.89544 20.5
3 29.3432 4.33878 20.5
3 30.7927 5.7883 20.5
4 32.25 6.8e-08 20.5
4 33.6935 1.44348 20.5
4 35.1416 2.89157 20.5
4 36.5936 4.34361 20.5
4 38.0381 5.78805 20.5
4 39.4826 7.23259 20.5
4 40.9463 8.69633 20.5
5 42.3891 7.8e-08 20.5
5 43.8394 1.45033 20.5
5 45.2868 2.89772 20.5
5 46.7315 4.34237 20.5
5 48.1948 5.80569 20.5
5 49.6371 7.24799 20.5
5 51.079 8.6899 20.5
5 52.5362 10.1471 20.5
6 53.9847 1.21e-07 20.5
6 55.4254 1.44071 20.5
6 56.8831 2.89846 20.5
6 58.3266 4.34192 20.5
6 59.783 5.79832 20.5
6 61.2273 7.24265 20.5
6 62.6718 8.68711 20.5
6 64.1302 10.1455 20.5
6 65.5743 11.5896 20.5
6 67.0236 13.0389 20.5
6 68.476 14.4913 20.5
7 69.9204 6.6e-08 20.5
7 71.3651 1.44468 20.5
7 72.8223 2.90193 20.5
7 74.2653 4.3449 20.5
7 75.7172 5.7968 20.5
7 77.1601 7.23969 20.5
7 78.6029 8.68249 20.5
7 80.0538 10.1334 20.5
7 81.5073 11.5869 20.5
7 82.9512 13.0308 20.5
7 84.4028 14.4824 20.5
7 85.8462 15.9258 20.5
7 87.2898 17.3694 20.5
7 88.7412 18.8208 20.5
8 90.1857 8.6e-08 20.5
8 91.6299 1.44419 20.5
8 93.0881 2.9024 20.5
8 94.5365 4.35087 20.5
8 95.9892 5.80358 20.5
8 97.4335 7.2478 20.5
8 98.8775 8.69185 20.5
8 100.336 10.1502 20.5
8 101.778 11.5921 20.5
8 103.221 13.0349 20.5
8 104.671 14.4854 20.5
8 106.114 15.9283 20.5
8 107.556 17.3702 20.5
8 109.019 18.8331 20.5
8 110.463 20.2777 20.5
8 111.916 21.7299 20.5
8 113.36 23.1743 20.5
8 114.804 24.6185 20.5
9 116.256 8.1e-08 20.5
9 117.699 1.44367 20.5
9 119.143 2.88735 20.5
9 120.599 4.3435 20.5
9 122.043 5.78779 20.5
9 123.484 7.22859 20.5
9 124.935 8.67926 20.5
9 126.379 10.123 20.5
9 127.821 11.5649 20.5
9 129.272 13.0162 20.5
9 130.715 14.4595 20.5
9 132.165 15.909 20.5
9 133.615 17.3589 20.5
9 135.058 18.8022 20.5
10 136.509 6.9e-08 20.5
10 137.951 1.44194 20.5
10 139.394 2.88522 20.5
10 140.844 4.33506 20.5
10 142.288 5.77852 20.5
10 143.731 7.22172 20.5
10 145.188 8.67884 20.5
10 146.63 10.1206 20.5
10 148.076 11.5671 20.5
10 149.528 13.0187 20.5
10 150.972 14.4627 20.5
11 152.415 8.9e-08 20.5
11 153.873 1.45784 20.5
11 155.315 2.90003 20.5
11 156.768 4.35213 20.5
11 158.211 5.79551 20.5
11 159.654 7.23897 20.5
11 161.106 8.69023 20.5
11 162.548 10.1323 20.5
11 163.99 11.5743 20.5
11 165.447 13.0312 20.5
11 166.888 14.4729 20.5
12 168.331 9.3e-08 20.5
12 169.787 1.45618 20.5
12 171.231 2.90004 20.5
12 172.674 4.34386 20.5
12 174.132 5.80173 20.5
12 175.575 7.24454 20.5
12 177.027 8.69601 20.5
12 178.47 10.139 20.5
12 179.913 11.5826 20.5
12 181.364 13.0334 20.5
13 182.806 7e-08 20.5
13 184.25 1.44318 20.5
13 185.707 2.90021 20.5
13 187.148 4.34155 20.5
13 188.592 5.78559 20.5
13 190.043 7.23672 20.5
13 191.485 8.67887 20.5
13 192.927 10.1206 20.5
13 194.378 11.5718 20.5
14 195.821 6.1e-08 20.5
14 197.271 1.44936 20.5
14 198.722 2.90074 20.5
14 200.164 4.34283 20.5
14 201.614 5.79284 20.5
14 203.058 7.23614 20.5
14 204.501 8.67947 20.5
14 205.951 10.1293 20.5
14 207.394 11.5728 20.5
14 208.836 13.0148 20.5
15 210.294 6.7e-08 20.5
15 211.736 1.44204 20.5
15 213.184 2.89054 20.5
15 214.636 4.34282 20.5
15 216.081 5.78727 20.5
15 217.525 7.23131 20.5
15 218.982 8.68863 20.5
15 220.426 10.132 20.5
15 221.877 11.5833 20.5
15 223.32 13.0266 20.5
16 224.763 7.7e-08 20.5
16 226.213 1.44973 20.5
16 227.656 2.89296 20.5
16 229.099 4.33598 20.5
16 230.557 5.79317 20.5
16 231.998 7.23488 20.5
16 233.44 8.6767 20.5
16 234.896 10.1327 20.5
16 236.34 11.5764 20.5
17 237.784 6.5e-08 20.5
17 239.241 1.45778 20.5
17 240.684 2.9004 20.5
17 242.136 4.35201 20.5
17 243.579 5.79525 20.5
17 245.022 7.23864 20.5
17 246.472 8.68828 20.5
17 247.915 10.1316 20.5
17 249.358 11.5747 20.5
18 250.814 6.7e-08 20.5
18 252.262 1.44801 20.5
18 253.706 2.89183 20.5
18 255.158 4.34378 20.5
18 256.601 5.78745 20.5
18 258.044 7.23046 20.5
18 259.502 8.68774 20.5
18 260.945 10.131 20.5
18 262.396 11.5823 20.5
18 263.838 13.0243 20.5
19 265.282 6.5e-08 20.5
19 266.732 1.44984 20.5
19 268.175 2.89329 20.5
19 269.618 4.33641 20.5
19 271.074 5.79232 20.5
19 272.517 7.23506 20.5
19 273.964 8.68215 20.5
19 275.416 10.1342 20.5
19 276.86 11.5783 20.5
20 278.304 7.4e-08 20.5
20 279.761 1.45741 20.5
20 281.204 2.90017 20.5
20 282.655 4.35128 20.5
20 284.099 5.79513 20.5
20 285.542 7.23846 20.5
20 286.993 8.68952 20.5
20 288.435 10.1315 20.5
20 289.878 11.5744 20.5
20 291.334 13.03 20.5
21 292.776 5.8e-08 20.5
21 294.219 1.44314 20.5
21 295.675 2.89939 20.5
21 297.119 4.34341 20.5
21 298.563 5.78735 20.5
21 300.021 7.24479 20.5
21 301.464 8.68863 20.5
21 302.916 10.14 20.5
21 304.359 11.5831 20.5
22 305.802 6.9e-08 20.5
22 307.252 1.4498 20.5
22 308.695 2.89319 20.5
22 310.137 4.33509 20.5
22 311.595 5.79251 20.5
22 313.038 7.23591 20.5
22 314.48 8.67779 20.5
22 315.931 10.1289 20.5
22 317.373 11.5712 20.5
22 318.817 13.0143 20.5
23 320.267 8.3e-08 20.5
23 321.71 1.44327 20.5
23 323.153 2.8868 20.5
23 324.609 4.34278 20.5
23 326.052 5.78577 20.5
23 327.503 7.2363 20.5
23 328.946 8.67897 20.5
23 330.388 10.1215 20.5
23 331.84 11.573 20.5
24 333.283 8e-08 20.5
24 334.736 1.45293 20.5
24 336.188 2.90471 20.5
24 337.632 4.34863 20.5
24 339.075 5.79229 20.5
24 340.527 7.2439 20.5
24 341.971 8.68809 20.5
24 343.415 10.1315 20.5
24 344.872 11.5886 20.5
24 346.315 13.0318 20.5
25 347.765 7.2e-08 20.5
25 349.207 1.44192 20.5
25 350.651 2.88534 20.5
25 352.102 4.3367 20.5
25 353.544 5.77897 20.5
25 354.988 7.22222 20.5
25 356.45 8.68438 20.5
25 357.894 10.1283 20.5
25 359.337 11.5721 20.5
26 360.789 6e-08 20.5
26 362.233 1.44365 20.5
26 363.677 2.88747 20.5
26 365.134 4.34497 20.5
26 366.58 5.79055 20.5
26 368.029 7.23938 20.5
26 369.471 8.68136 20.5
26 370.914 10.1248 20.5
26 372.364 11.5746 20.5
27 373.918 1.54e-07 20.5
27 375.374 1.45599 20.5
27 376.819 2.90037 20.5
27 378.27 4.35209 20.5
27 379.713 5.79514 20.5
27 381.157 7.23868 20.5
27 382.608 8.68982 20.5
27 384.051 10.1331 20.5
27 385.493 11.5752 20.5
27 386.951 13.0324 20.5
28 388.392 9.4e-08 20.5
28 389.835 1.44273 20.5
28 391.285 2.8931 20.5
28 392.729 4.33632 20.5
28 394.172 5.77949 20.5
28 395.623 7.2308 20.5
28 397.065 8.67242 20.5
28 398.514 10.1217 20.5
28 399.965 11.5729 20.5
28 401.407 13.0147 20.5
29 402.858 6.7e-08 20.5
29 404.3 1.44196 20.5
29 405.744 2.8853 20.5
29 407.193 4.33512 20.5
29 408.637 5.77852 20.5
29 410.08 7.2218 20.5
29 411.536 8.67766 20.5
29 412.979 10.1206 20.5
29 414.421 11.563 20.5
30 416.973 1.01e-07 20.5
30 418.413 1.43935 20.5
30 419.857 2.88337 20.5
30 421.308 4.33447 20.5
30 422.751 5.77773 20.5
30 424.194 7.22098 20.5
30 425.65 8.67675 20.5
30 427.093 10.1196 20.5
30 428.535 11.5613 20.5
30 429.986 13.0128 21
31 433.029 1.54e-07 20.5
31 434.473 1.44377 20.5
31 435.931 2.90122 20.5
31 437.374 4.3445 20.5
31 438.825 5.79577 20.5
31 440.267 7.238 20.5
31 441.71 8.68107 20.5
31 443.161 10.1321 20.5
31 444.605 11.5754 20.5
31 446.048 13.0187 21
32 451.507 1.45e-07 20.5
32 452.962 1.45565 20.5
32 454.407 2.89982 20.5
32 455.85 4.34369 20.5
32 457.303 5.79573 20.5
32 458.746 7.23912 20.5
32 460.19 8.68351 20.5
32 461.64 10.1335 20.5
32 463.082 11.5753 20.5
32 464.531 13.0246 20.5
