        type trial_config ert_flop   unroll  buffers        nsize       trials       microsecs        bytes        flops         GB/s         GF/s
       float    coalesced       16        1        2            8     16777216     8728866.437    268435456    536870912        0.031        0.062
       float    coalesced       16        1        2           16     16777216     9177148.266    536870912   1073741824        0.059        0.117
       float    coalesced       16        1        2           32     16777216     9352390.348   1073741824   2147483648        0.115        0.230
       float    coalesced       16        1        2           64     16777216    10071788.076   2147483648   4294967296        0.213        0.426
       float    coalesced       16        1        2          128     16777216    10911088.254   4294967296   8589934592        0.394        0.787
       float    coalesced       16        1        2          256     16777216    13093212.979   8589934592  17179869184        0.656        1.312
       float    coalesced       16        1        2          512     16777216    16366407.205  17179869184  34359738368        1.050        2.099
       float    coalesced       16        1        2         1024      8388608     9819982.501  17179869184  34359738368        1.749        3.499
       float    coalesced       16        1        2         2048      4194304     7014406.944  17179869184  34359738368        2.449        4.898
       float    coalesced       16        1        2         4096      2097152     5455755.148  17179869184  34359738368        3.149        6.298
       float    coalesced       16        1        2         8192      1048576     4676451.728  17179869184  34359738368        3.674        7.347
       float    coalesced       16        1        2        16384       524288     4295829.064  17179869184  34359738368        3.999        7.998
       float    coalesced       16        1        2        32768       262144     4091845.267  17179869184  34359738368        4.199        8.397
       float    coalesced       16        1        2        65536       131072     4057652.075  17179869184  34359738368        4.234        8.468
       float    coalesced       16        1        2       131072        65536     4012521.288  17179869184  34359738368        4.282        8.563
       float    coalesced       16        1        2       262144        32768     3989812.390  17179869184  34359738368        4.306        8.612
       float    coalesced       16        1        2       524288        16384     3978842.148  17179869184  34359738368        4.318        8.636
       float    coalesced       16        1        2      1048576         8192     3973222.348  17179869184  34359738368        4.324        8.648
       float    coalesced       16        1        2      2097152         4096     3970633.334  17179869184  34359738368        4.327        8.653
       float    coalesced       16        1        2      4194304         2048     3969332.902  17179869184  34359738368        4.328        8.656
       float    coalesced       16        1        2      8388608         1024     3968593.236  17179869184  34359738368        4.329        8.658
       float    coalesced       16        1        2     16777216          512     3968049.527  17179869184  34359738368        4.330        8.659
       float    coalesced       16        1        2     33554432          256     3968032.898  17179869184  34359738368        4.330        8.659
       float    coalesced       16        1        2     67108864          128     3968052.176  17179869184  34359738368        4.330        8.659
       float    coalesced       16        1        2    134217728           64     3967946.951  17179869184  34359738368        4.330        8.659
       float    coalesced       16        1        2    268435456           32     3967977.605  17179869184  34359738368        4.330        8.659
       float    coalesced       16        1        2    536870912           16     3967938.497  17179869184  34359738368        4.330        8.659
       float    coalesced       16        1        2   1073741824            8     3967910.467  17179869184  34359738368        4.330        8.659
       float    coalesced       16        1        2   2147483648            4     3967900.252  17179869184  34359738368        4.330        8.659
       float    coalesced       16        1        2   4294967296            2     3967909.308  17179869184  34359738368        4.330        8.659
       float    coalesced       16        1        2   8588886016            1     3967412.207  17177772032  34355544064        4.330        8.659
