        type trial_config ert_flop   unroll  buffers        nsize       trials       microsecs        bytes        flops         GB/s         GF/s
 signed_char    coalesced        2       16        2           32     16777216     5692663.512   1073741824   1073741824        0.189        0.189
 signed_char    coalesced        2       16        2           64     16777216     5951368.703   2147483648   2147483648        0.361        0.361
 signed_char    coalesced        2       16        2          128     16777216     6234781.403   4294967296   4294967296        0.689        0.689
 signed_char    coalesced        2       16        2          256     16777216     6891027.209   8589934592   8589934592        1.247        1.247
 signed_char    coalesced        2       16        2          512     16777216     8435522.453  17179869184  17179869184        2.037        2.037
 signed_char    coalesced        2       16        2         1024      8388608     5035849.203  17179869184  17179869184        3.412        3.412
 signed_char    coalesced        2       16        2         2048      4194304     3273357.173  17179869184  17179869184        5.248        5.248
 signed_char    coalesced        2       16        2         4096      2097152     2045877.664  17179869184  17179869184        8.397        8.397
 signed_char    coalesced        2       16        2         8192      1048576     1487978.442  17179869184  17179869184       11.546       11.546
 signed_char    coalesced        2       16        2        16384       524288     1203908.880  17179869184  17179869184       14.270       14.270
 signed_char    coalesced        2       16        2        32768       262144     1022995.118  17179869184  17179869184       16.794       16.794
 signed_char    coalesced        2       16        2        65536       131072      991265.309  17179869184  17179869184       17.331       17.331
 signed_char    coalesced        2       16        2       131072        65536      952838.238  17179869184  17179869184       18.030       18.030
 signed_char    coalesced        2       16        2       262144        32768      935076.782  17179869184  17179869184       18.373       18.373
 signed_char    coalesced        2       16        2       524288        16384      925430.384  17179869184  17179869184       18.564       18.564
 signed_char    coalesced        2       16        2      1048576         8192      920694.896  17179869184  17179869184       18.660       18.660
 signed_char    coalesced        2       16        2      2097152         4096      918438.870  17179869184  17179869184       18.706       18.706
 signed_char    coalesced        2       16        2      4194304         2048      917334.542  17179869184  17179869184       18.728       18.728
 signed_char    coalesced        2       16        2      8388608         1024      916748.813  17179869184  17179869184       18.740       18.740
 signed_char    coalesced        2       16        2     16777216          512      916517.618  17179869184  17179869184       18.745       18.745
 signed_char    coalesced        2       16        2     33554432          256      916368.699  17179869184  17179869184       18.748       18.748
 signed_char    coalesced        2       16        2     67108864          128      916283.432  17179869184  17179869184       18.750       18.750
 signed_char    coalesced        2       16        2    134217728           64      916280.618  17179869184  17179869184       18.750       18.750
 signed_char    coalesced        2       16        2    268435456           32      916301.097  17179869184  17179869184       18.749       18.749
 signed_char    coalesced        2       16        2    536870912           16      916266.613  17179869184  17179869184       18.750       18.750
 signed_char    coalesced        2       16        2   1073741824            8      916241.101  17179869184  17179869184       18.750       18.750
 signed_char    coalesced        2       16        2   2147483648            4      916249.590  17179869184  17179869184       18.750       18.750
 signed_char    coalesced        2       16        2   4294967296            2      916210.568  17179869184  17179869184       18.751       18.751
 signed_char    coalesced        2       16        2   8588886016            1      916178.549  17177772032  17177772032       18.749       18.749
