0 6.72921 7.5e-08 25.5
0 9.62769 2.89848 25.5
0 11.0703 4.34105 25.5
0 12.5164 5.78723 25.5
0 13.9668 7.23755 25.5
0 15.4087 8.67945 25.5
0 16.8518 10.1226 25.5
0 18.3026 11.5734 25.5
0 19.745 13.0158 25.5
0 21.1842 14.455 25.5
0 22.6355 15.9063 25.5
0 24.0809 17.3517 25.5
0 25.5238 18.7946 25.5
0 26.9744 20.2452 25.5
0 28.4146 21.6853 25.5
0 29.8611 23.1319 25.5
0 31.3106 24.5814 25.5
0 32.7567 26.0275 25.5
0 34.1959 27.4667 25.5
0 35.6482 28.919 25.5
0 37.0926 30.3634 25.5
0 38.5377 31.8085 25.5
0 40.0043 33.2751 25.5
0 41.4534 34.7242 25.5
0 42.9193 36.1901 25.5
0 44.3774 37.6482 25.5
0 45.8253 39.0961 25.5
0 47.2922 40.563 25.5
0 48.7455 42.0163 25.5
0 50.1974 43.4682 25.5
0 51.6406 44.9114 25.5
0 53.0834 46.3542 25.5
1 54.5494 8.7e-08 25.5
1 56.0033 1.45399 25.5
1 57.4569 2.9075 25.5
1 58.9068 4.35744 25.5
1 60.3504 5.80103 25.5
1 61.7987 7.24935 25.5
1 63.265 8.71564 25.5
1 64.7132 10.1639 25.5
1 66.1802 11.6308 25.5
1 67.6383 13.0889 25.5
1 69.0859 14.5366 25.5
1 70.5521 16.0028 25.5
1 72.0048 17.4554 25.5
1 73.4557 18.9063 25.5
1 74.9079 20.3585 25.5
1 76.3668 21.8175 25.5
1 77.8283 23.2789 25.5
1 79.2752 24.7259 25.5
1 80.7181 26.1687 25.5
1 82.1886 27.6392 25.5
1 83.6412 29.0918 25.5
1 85.1076 30.5583 25.5
1 86.561 32.0116 25.5
1 88.0039 33.4545 25.5
1 89.4707 34.9213 25.5
1 90.9227 36.3734 25.5
1 92.3832 37.8339 25.5
1 93.8304 39.281 25.5
1 95.2731 40.7237 25.5
1 96.7445 42.1951 25.5
1 98.1974 43.648 25.5
1 99.64 45.0907 25.5
1 101.091 46.5415 25.5
2 102.55 1.04e-07 25.5
2 103.993 1.44239 25.5
2 105.443 2.89255 25.5
2 106.885 4.33493 25.5
2 108.347 5.7963 25.5
2 109.788 7.23816 25.5
2 111.236 8.68569 25.5
2 112.686 10.1353 25.5
2 114.144 11.5936 25.5
2 115.587 13.0368 25.5
2 117.047 14.4968 25.5
2 118.505 15.9549 25.5
2 119.946 17.3956 25.5
2 121.413 18.8626 25.5
2 122.856 20.3054 25.5
2 124.307 21.7563 25.5
2 125.749 23.1984 25.5
2 127.192 24.6413 25.5
2 128.648 26.0973 25.5
2 130.09 27.5402 25.5
2 131.534 28.9835 25.5
2 132.991 30.4406 25.5
2 134.428 31.8774 25.5
2 135.891 33.3409 25.5
2 137.341 34.7911 25.5
2 138.789 36.2383 25.5
2 140.231 37.6805 25.5
2 141.695 39.1448 25.5
2 143.129 40.5784 25.5
2 144.572 42.0215 25.5
2 146.029 43.4787 25.5
2 147.473 44.9223 25.5
2 148.916 46.3656 25.5
3 150.366 8.5e-08 25.5
3 151.808 1.44191 25.5
3 153.259 2.89334 25.5
3 154.702 4.33641 25.5
3 156.156 5.78961 25.5
3 157.606 7.23954 25.5
3 159.048 8.68197 25.5
3 160.507 10.1412 25.5
3 161.957 11.5907 25.5
3 163.413 13.0467 25.5
3 164.852 14.4861 25.5
3 166.308 15.9419 25.5
3 167.752 17.3857 25.5
3 169.195 18.8294 25.5
3 170.653 20.2867 25.5
3 172.105 21.7391 25.5
3 173.555 23.1891 25.5
3 175.004 24.6376 25.5
3 176.446 26.0799 25.5
3 177.91 27.5437 25.5
3 179.344 28.9778 25.5
3 180.787 30.4214 25.5
3 182.245 31.879 25.5
3 183.681 33.3151 25.5
3 185.144 34.7784 25.5
3 186.594 36.2285 25.5
3 188.051 37.6846 25.5
3 189.489 39.1235 25.5
3 190.956 40.5897 25.5
3 192.397 42.0312 25.5
3 193.848 43.4822 25.5
3 195.301 44.9352 25.5
3 196.744 46.3776 25.5
4 198.194 1.01e-07 25.5
4 199.636 1.44222 25.5
4 201.079 2.88506 25.5
4 202.535 4.34133 25.5
4 203.971 5.777 25.5
4 205.413 7.21936 25.5
4 206.885 8.69144 25.5
4 208.327 10.1332 25.5
4 209.77 11.5762 25.5
4 211.226 13.0323 25.5
4 212.669 14.4755 25.5
4 214.126 15.9326 25.5
4 215.574 17.3802 25.5
4 217.027 18.8328 25.5
4 218.477 20.2833 25.5
4 219.919 21.7249 25.5
4 221.361 23.1669 25.5
4 222.817 24.6227 25.5
4 224.259 26.065 25.5
4 225.701 27.5075 25.5
5 227.168 1.16e-07 25.5
5 228.609 1.44135 25.5
5 230.052 2.88428 25.5
5 231.513 4.34514 25.5
5 232.955 5.78722 25.5
5 234.398 7.23002 25.5
5 235.848 8.68017 25.5
5 237.291 10.1237 25.5
5 238.735 11.5675 25.5
5 240.192 13.024 25.5
5 241.628 14.4601 25.5
6 243.082 9.6e-08 25.5
6 244.531 1.44964 25.5
6 245.989 2.9077 25.5
6 247.437 4.35487 25.5
6 248.885 5.80331 26
7 250.328 8.3e-08 26
7 251.785 1.45715 26
7 253.238 2.91048 26
8 254.68 7.1e-08 26.5
8 256.13 1.45016 26.5
9 257.574 6.9e-08 27
9 259.018 1.44395 27.5
10 260.485 5.3e-08 28
12 261.921 7.9e-08 28.5
13 263.388 6.4e-08 28.5
15 264.831 6.4e-08 28.5
16 266.273 7.5e-08 28.5
18 267.722 6.3e-08 28.5
19 269.164 7e-08 28.5
21 270.611 6.5e-08 28.5
22 272.062 7.6e-08 28.5
23 273.505 5.6e-08 26
24 275.047 1.54e-07 26
25 277.786 1.61e-07 26
26 282.228 1.46e-07 26
27 290.484 1.46e-07 25.5
