0 3.3118 8.4e-08 20.5
0 6.19911 2.88731 20.5
0 7.64905 4.33725 20.5
0 9.09196 5.78017 20.5
0 10.534 7.22217 20.5
1 11.985 8.4e-08 20.5
1 13.4286 1.44366 20.5
1 14.8709 2.88592 20.5
1 16.3265 4.34155 20.5
1 17.7747 5.78975 20.5
1 19.227 7.24199 20.5
2 20.6739 7.2e-08 20.5
2 22.117 1.44309 20.5
2 23.5647 2.89088 20.5
2 25.0209 4.34705 20.5
2 26.4644 5.79058 20.5
3 27.9212 5.8e-08 20.5
3 29.3707 1.44953 20.5
3 30.8144 2.8932 20.5
3 32.2664 4.3452 20.5
3 33.7156 5.79436 20.5
3 35.1585 7.23732 20.5
3 36.6154 8.69419 20.5
4 38.0599 6.1e-08 20.5
4 39.512 1.45202 20.5
4 40.9561 2.89613 20.5
4 42.4002 4.34026 20.5
4 43.8513 5.79135 20.5
4 45.3054 7.2455 20.5
4 46.7495 8.68952 20.5
5 48.2017 6e-08 20.5
5 49.6509 1.44928 20.5
5 51.0945 2.89287 20.5
5 52.5579 4.3562 20.5
5 54.0007 5.79907 20.5
5 55.452 7.25038 20.5
5 56.8985 8.69682 20.5
5 58.3431 10.1414 21
6 59.8014 7.1e-08 21
6 61.2452 1.44386 21
6 62.6884 2.887 21
6 64.1392 4.33784 21
6 65.5813 5.77993 21
7 67.0243 6.9e-08 21
7 68.4777 1.45333 21
7 69.9184 2.89409 21
8 71.3794 6.8e-08 21
8 72.8237 1.4443 21
9 74.2677 6.3e-08 21
9 75.7188 1.45108 21
10 77.1624 6.9e-08 21
11 78.6054 5.1e-08 21.5
11 80.0627 1.45735 21.5
12 81.5056 5.6e-08 21.5
13 82.9476 6.8e-08 21.5
14 84.4029 1.11e-07 21.5
15 85.8408 7.4e-08 21.5
16 87.2839 6.6e-08 21.5
16 88.7351 1.45117 21.5
17 90.1772 6.7e-08 21.5
18 91.62 6.1e-08 21.5
19 93.0808 5.9e-08 21.5
20 94.5245 6.1e-08 21
21 95.9764 5.1e-08 21.5
21 97.4202 1.44385 21.5
22 98.8633 6.7e-08 21.5
23 100.323 5.2e-08 21.5
24 101.764 1.18e-07 21
25 103.207 7.1e-08 21.5
25 104.657 1.45013 21.5
26 106.1 5.8e-08 21.5
27 108.444 1.45e-07 21.5
27 109.891 1.44676 21
28 112.536 1.55e-07 21.5
28 113.988 1.45207 21
29 118.834 1.6e-07 21.5
29 120.275 1.441 21
