0 3.23259 8.6e-08 23
0 6.11983 2.88724 23
0 7.57658 4.34398 23
0 9.02002 5.78742 23
0 10.4652 7.2326 23
0 11.9178 8.68525 23
0 13.3609 10.1283 23
0 14.8067 11.5741 23
1 16.2585 7.1e-08 23
1 17.7021 1.44362 23
1 19.1467 2.88819 23
1 20.6039 4.34538 23
1 22.0481 5.78962 23
1 23.5003 7.24174 23
1 24.945 8.68645 23
1 26.394 10.1355 23
2 27.8458 7.2e-08 23
2 29.2883 1.44247 23
2 30.7306 2.88475 23
2 32.1872 4.34134 23
2 33.6305 5.78462 23.5
3 35.0747 7.4e-08 23.5
3 36.5269 1.45227 23.5
4 37.9707 6.1e-08 23.5
4 39.4144 1.44369 24
5 40.8663 7.2e-08 25
8 42.3111 7.5e-08 26.5
12 43.7551 6.8e-08 25.5
17 45.2134 5.9e-08 25.5
21 46.9576 1.19e-07 26.5
23 49.4042 1.73e-07 23.5
24 52.0545 1.68e-07 23.5
25 56.9987 1.17e-07 23
