0 6.65545 8.9e-08 20.5
0 9.54517 2.88971 20.5
0 10.9961 4.34068 20.5
0 12.4397 5.78425 20.5
1 13.8828 8.9e-08 20.5
1 15.3401 1.45725 20.5
1 16.7822 2.89942 20.5
1 18.2249 4.34208 20.5
1 19.6765 5.7937 20.5
2 21.1175 8.9e-08 20.5
2 22.5606 1.44314 20.5
2 24.0114 2.89396 20.5
2 25.4696 4.35211 20.5
3 26.9206 9.5e-08 20.5
3 28.3681 1.44752 20.5
3 29.8073 2.88667 20.5
3 31.273 4.35235 20.5
3 32.7158 5.79518 20.5
3 34.1589 7.23827 21
4 35.6099 6.9e-08 21
4 37.052 1.44209 21
4 38.4952 2.88527 21
4 39.9574 4.34746 21
4 41.4018 5.79195 21
4 42.8539 7.24403 21
5 44.2969 9e-08 21
5 45.7453 1.44836 21
5 47.2078 2.91089 21
5 48.6515 4.35454 21
6 50.0932 5.9e-08 21
6 51.5442 1.45098 21.5
7 52.991 6.9e-08 21.5
7 54.4352 1.4442 22
8 55.893 1.12e-07 22.5
10 57.3376 5.8e-08 23
11 58.7895 8.3e-08 23
13 60.2376 5.8e-08 23
14 61.6866 7.1e-08 23
16 63.1429 6.7e-08 23
17 64.5856 7.3e-08 22
19 66.0279 6.1e-08 23
20 67.484 6.7e-08 21
22 68.9275 5.9e-08 23
23 70.3758 7e-08 23
24 71.8341 1e-07 21
25 73.2762 6.2e-08 21
26 76.2271 1.57e-07 21
27 81.1716 1.5e-07 21
28 90.7178 9.8e-08 21
