0 3.33639 8.6e-08 25
0 6.22346 2.88707 25
0 7.67584 4.33945 25
0 9.11799 5.7816 25
0 10.5538 7.21737 25
0 12.0117 8.67533 25
0 13.4544 10.118 25
0 14.8974 11.561 25
0 16.3489 13.0125 25
0 17.7894 14.453 25
0 19.2476 15.9112 25
0 20.71 17.3737 25
0 22.1636 18.8272 25
0 23.6319 20.2955 25
0 25.0762 21.7398 25
0 26.5245 23.1881 25
0 27.9743 24.6379 25
0 29.4159 26.0796 25
0 30.8584 27.522 25
0 32.3309 28.9945 25
0 33.7784 30.4421 25
0 35.2361 31.8997 25
0 36.6948 33.3584 25
0 38.1367 34.8003 25
0 39.587 36.2506 25
0 41.0519 37.7155 25
1 42.5096 1.19e-07 25
1 43.9516 1.44205 25
1 45.3958 2.88628 25
1 46.8687 4.35912 25
1 48.3292 5.81963 25
1 49.791 7.2814 25
1 51.2403 8.73078 25
1 52.6843 10.1748 25
1 54.1575 11.648 25
1 55.6138 13.1042 25
1 57.053 14.5434 25
1 58.525 16.0155 25
1 59.9845 17.475 25
1 61.4316 18.922 25
1 62.8751 20.3656 25
1 64.3186 21.809 25
1 65.7801 23.2705 25
1 67.2247 24.7152 25
1 68.6795 26.17 25
1 70.1305 27.6209 25
1 71.5726 29.0631 25
1 73.0225 30.5129 25
1 74.4816 31.9721 25
1 75.9187 33.4091 25
1 77.3858 34.8762 25
1 78.8299 36.3203 25
2 80.2736 7.5e-08 25
2 81.7257 1.45208 25
2 83.1696 2.89599 25
2 84.6133 4.33961 25
2 86.0709 5.79725 25
2 87.5303 7.2567 25
2 88.9801 8.70646 25
2 90.4227 10.1491 25
2 91.8812 11.6076 25
2 93.3337 13.0601 25
2 94.7777 14.5041 25
2 96.222 15.9483 25
2 97.6947 17.421 25
2 99.1371 18.8634 25
2 100.588 20.314 25
2 102.036 21.7621 25
2 103.476 23.2028 25
2 104.927 24.653 25
2 106.37 26.0963 25
2 107.814 27.5399 25
2 109.271 28.9978 25
2 110.715 30.4415 25
2 112.158 31.8846 25
2 113.611 33.3371 25
2 115.055 34.7811 25
2 116.498 36.2248 25
2 117.95 37.6759 25
3 119.408 1.01e-07 25
3 120.86 1.45141 25
3 122.302 2.89425 25
3 123.745 4.33638 25
3 125.194 5.78585 25
3 126.637 7.22841 25
3 128.08 8.67157 25
3 129.532 10.1236 25
3 130.975 11.5668 25
3 132.418 13.01 25
3 133.876 14.4674 25
3 135.319 15.9106 25
3 136.761 17.3524 25
3 138.21 18.802 25
3 139.652 20.244 25
3 141.11 21.7019 25
3 142.56 23.1516 25
3 144.002 24.5938 25
3 145.445 26.0366 25
3 146.901 27.4931 25
3 148.353 28.9452 25
3 149.803 30.3947 25
3 151.246 31.8374 25
3 152.689 33.2806 25
3 154.139 34.7312 25
3 155.598 36.1899 25
3 157.034 37.6257 25
4 158.489 1.02e-07 25
4 159.942 1.45294 25
4 161.384 2.89531 25
4 162.835 4.3459 25
4 164.276 5.78731 25
4 165.717 7.22883 25
4 167.168 8.6794 25
4 168.611 10.1224 25
4 170.053 11.5641 25
4 171.502 13.0133 25
4 172.944 14.4552 25
4 174.386 15.8977 25
4 175.843 17.3541 25
4 177.285 18.7963 25
5 178.72 6.5e-08 25
5 180.176 1.45567 25
5 181.634 2.91346 25
5 183.084 4.36425 25
5 184.527 5.80681 25
5 185.97 7.24962 25
5 187.426 8.70593 25
6 188.879 5.6e-08 25
6 190.32 1.44126 25
6 191.769 2.89085 25
6 193.211 4.33211 25.5
7 194.651 5.8e-08 25.5
7 196.101 1.4497 25.5
8 197.543 5.9e-08 25.5
9 198.985 5.3e-08 26.5
10 200.436 5.9e-08 27
12 201.878 6.2e-08 27.5
16 203.324 6.8e-08 27.5
19 204.774 5.3e-08 27.5
22 206.316 1.61e-07 27
24 208.155 1.53e-07 25
25 209.796 1.45e-07 25.5
26 212.533 1.48e-07 25.5
27 217.577 9.9e-08 25
