        type trial_config ert_flop   unroll  buffers        nsize       trials       microsecs        bytes        flops         GB/s         GF/s
         int    coalesced        2        2        2           16     16777216     6235071.324    536870912    134217728        0.086        0.022
         int    coalesced        2        2        2           32     16777216     6317848.811   1073741824    268435456        0.170        0.042
         int    coalesced        2        2        2           64     16777216     6546772.145   2147483648    536870912        0.328        0.082
         int    coalesced        2        2        2          128     16777216     7274156.163   4294967296   1073741824        0.590        0.148
         int    coalesced        2        2        2          256     16777216     8728900.288   8589934592   2147483648        0.984        0.246
         int    coalesced        2        2        2          512     16777216    10911057.816  17179869184   4294967296        1.575        0.394
         int    coalesced        2        2        2         1024      8388608     6631418.230  17179869184   4294967296        2.591        0.648
         int    coalesced        2        2        2         2048      4194304     4252864.730  17179869184   4294967296        4.040        1.010
         int    coalesced        2        2        2         4096      2097152     3273640.391  17179869184   4294967296        5.248        1.312
         int    coalesced        2        2        2         8192      1048576     2629515.346  17179869184   4294967296        6.533        1.633
         int    coalesced        2        2        2        16384       524288     2309624.062  17179869184   4294967296        7.438        1.860
         int    coalesced        2        2        2        32768       262144     2156937.305  17179869184   4294967296        7.965        1.991
         int    coalesced        2        2        2        65536       131072     2075912.048  17179869184   4294967296        8.276        2.069
         int    coalesced        2        2        2       131072        65536     2046138.274  17179869184   4294967296        8.396        2.099
         int    coalesced        2        2        2       262144        32768     2036598.004  17179869184   4294967296        8.436        2.109
         int    coalesced        2        2        2       524288        16384     2026389.995  17179869184   4294967296        8.478        2.120
         int    coalesced        2        2        2      1048576         8192     2021577.802  17179869184   4294967296        8.498        2.125
         int    coalesced        2        2        2      2097152         4096     2019142.418  17179869184   4294967296        8.508        2.127
         int    coalesced        2        2        2      4194304         2048     2017954.788  17179869184   4294967296        8.514        2.128
         int    coalesced        2        2        2      8388608         1024     2017224.016  17179869184   4294967296        8.517        2.129
         int    coalesced        2        2        2     16777216          512     2017097.768  17179869184   4294967296        8.517        2.129
         int    coalesced        2        2        2     33554432          256     2016894.484  17179869184   4294967296        8.518        2.129
         int    coalesced        2        2        2     67108864          128     2016714.665  17179869184   4294967296        8.519        2.130
         int    coalesced        2        2        2    134217728           64     2016726.661  17179869184   4294967296        8.519        2.130
         int    coalesced        2        2        2    268435456           32     2016727.447  17179869184   4294967296        8.519        2.130
         int    coalesced        2        2        2    536870912           16     2016796.328  17179869184   4294967296        8.518        2.130
         int    coalesced        2        2        2   1073741824            8     2016884.363  17179869184   4294967296        8.518        2.130
         int    coalesced        2        2        2   2147483648            4     2016832.951  17179869184   4294967296        8.518        2.130
         int    coalesced        2        2        2   4294967296            2     2016657.179  17179869184   4294967296        8.519        2.130
         int    coalesced        2        2        2   8588886016            1     2016480.028  17177772032   4294443008        8.519        2.130
