0 6.66476 8.6e-08 21
0 9.56462 2.89986 21
0 11.016 4.35119 21
0 12.4565 5.79171 21
0 13.9025 7.23773 21
1 15.3514 7.9e-08 21
1 16.795 1.44366 21
1 18.24 2.88869 21
1 19.697 4.3456 21
1 21.1369 5.78557 21
2 22.5782 6e-08 21
2 24.0288 1.45056 21
2 25.4729 2.89468 21
2 26.9145 4.33629 21
2 28.3639 5.78562 21.5
3 29.8068 5.8e-08 21.5
3 31.2705 1.4637 21.5
3 32.7182 2.91146 21.5
4 34.1612 5.3e-08 21.5
4 35.6237 1.46248 22.5
5 37.0671 6.9e-08 23
6 38.5203 7.8e-08 24.5
8 39.9863 8e-08 24.5
11 41.4383 7.3e-08 25
13 42.9057 6.2e-08 25
16 44.3484 5.6e-08 25
18 45.8011 8.7e-08 25
21 47.4683 1.52e-07 25
22 48.9111 5.1e-08 22.5
23 50.3537 6.1e-08 21
24 52.7206 1e-07 21.5
25 57.3584 2.06e-07 21.5
26 66.2126 1.54e-07 21
