0 6.4174 8.2e-08 20.5
0 9.31455 2.89716 21
0 10.7581 4.34066 20.5
0 12.2143 5.79689 20.5
0 13.6578 7.24045 20.5
0 15.1008 8.6834 20.5
1 16.5531 1.18e-07 21
1 17.9964 1.44332 21
1 19.4394 2.88635 21
1 20.8897 4.3366 20.5
1 22.3305 5.77738 20.5
1 23.7764 7.22332 21
1 25.2307 8.67756 21
2 26.6849 6.1e-08 21
2 28.1521 1.46715 20.5
2 29.6054 2.92052 20.5
2 31.0493 4.36438 20.5
2 32.5363 5.85133 21
2 33.9794 7.29444 21
2 35.4424 8.75743 20.5
3 36.8841 5.5e-08 20.5
3 38.3377 1.45362 20.5
3 39.8051 2.92107 21
3 41.2587 4.37465 20.5
3 42.7209 5.83685 20.5
3 44.1797 7.29568 20.5
3 45.6283 8.74422 20.5
3 47.094 10.21 21
4 48.5469 9.8e-08 21
4 49.9984 1.45154 21
4 51.441 2.8941 21
4 52.8843 4.33742 21
4 54.3558 5.80889 21
4 55.8035 7.25661 21
4 57.2715 8.7246 21
4 58.7203 10.1734 21
5 60.1639 8.5e-08 21
5 61.6374 1.47358 21
5 63.086 2.92211 21
5 64.5354 4.37153 21
5 65.997 5.83315 21
5 67.4517 7.28782 21
5 68.9204 8.75651 21
5 70.3697 10.2058 21
5 71.8113 11.6474 21
6 73.2616 6.4e-08 21
6 74.7068 1.44518 21
6 76.1761 2.91452 21
6 77.6248 4.36316 21
6 79.0846 5.82295 21
6 80.542 7.28042 21
7 81.9859 9.8e-08 21
7 83.4351 1.44925 21
7 84.9015 2.91564 21
7 86.3503 4.36444 21.5
8 87.8123 8.8e-08 21.5
8 89.2555 1.44323 21.5
9 90.6986 6.5e-08 21.5
9 92.1553 1.45669 22
10 93.6137 5.5e-08 22
10 95.0603 1.44663 22
11 96.5136 6.4e-08 22
12 97.9564 5.9e-08 22
12 99.408 1.45157 22
13 100.851 7e-08 22
14 102.316 5e-08 22
15 103.768 3.9e-08 22
15 105.228 1.46027 22
16 106.68 6.5e-08 22
17 108.134 7.8e-08 22
18 109.594 7.4e-08 22
18 111.046 1.45166 22
19 112.489 7e-08 22
20 113.934 5e-08 22
21 115.407 6.3e-08 22
21 116.848 1.44157 22
22 118.305 4e-08 22
23 119.749 5.8e-08 22
23 121.209 1.45996 22
24 122.661 6.5e-08 21
25 124.11 5.4e-08 22
25 125.553 1.44364 21
26 127.013 5.5e-08 22
26 128.455 1.44217 21
27 130.908 1.48e-07 22
27 132.35 1.44247 21
28 136.91 1.78e-07 22
28 138.361 1.45086 21
29 147.01 1.01e-07 22
29 148.455 1.44533 21
