0 6.68555 9.1e-08 28
0 9.5658 2.88025 28
0 11.0229 4.33733 28
0 12.4663 5.78071 28
0 13.9024 7.21682 28
0 15.3595 8.67395 28
0 16.8056 10.1201 28
0 18.2464 11.5609 28
0 19.6989 13.0133 28
0 21.1401 14.4546 28
0 22.5838 15.8982 28
0 24.0374 17.3518 28
0 25.4773 18.7917 28
0 26.9208 20.2352 28
0 28.3728 21.6872 28
0 29.8165 23.1309 28
0 31.2588 24.5733 28
0 32.7135 26.028 28
0 34.1593 27.4737 28
0 35.607 28.9215 28
0 37.0734 30.3878 28
0 38.5436 31.8581 28
0 40.0093 33.3237 28
0 41.4621 34.7765 28
0 42.9099 36.2243 28
0 44.3601 37.6746 28
0 45.8249 39.1393 28
0 47.2804 40.5948 28
0 48.7276 42.042 28
0 50.1749 43.4894 28
0 51.6255 44.9399 28
0 53.0897 46.4041 28
0 54.5321 47.8466 28
0 55.9889 49.3033 28
0 57.4367 50.7512 28
0 58.8797 52.1942 28
0 60.3531 53.6676 28
0 61.8058 55.1203 28
0 63.2627 56.5771 28
0 64.7225 58.037 28
0 66.1667 59.4812 28
0 67.6283 60.9427 28
0 69.0757 62.3902 28
0 70.5181 63.8326 28
0 71.986 65.3004 28
0 73.4297 66.7441 28
0 74.8912 68.2056 28
0 76.339 69.6534 28
0 77.7872 71.1016 28
0 79.255 72.5694 28
0 80.6983 74.0128 28
0 82.1578 75.4723 28
0 83.6252 76.9396 28
0 85.08 78.3944 28
0 86.5366 79.8511 28
0 87.9812 81.2956 28
0 89.4348 82.7492 28
0 90.9021 84.2165 28
0 92.352 85.6664 28
0 93.8093 87.1238 28
0 95.2649 88.5793 28
0 96.7246 90.0391 28
0 98.1772 91.4916 28
0 99.6265 92.941 28
0 101.071 94.3853 28
0 102.54 95.854 28
0 103.994 97.3085 28
0 105.436 98.7506 28
0 106.897 100.212 28
0 108.341 101.655 28
0 109.79 103.105 28
0 111.248 104.562 28
0 112.702 106.017 28
0 114.154 107.469 28
0 115.603 108.918 28
0 117.046 110.361 28
0 118.498 111.813 28
0 119.943 113.257 28
0 121.387 114.702 28
0 122.838 116.153 28
0 124.296 117.611 28
0 125.731 119.045 28
0 127.199 120.514 28
0 128.643 121.957 28.5
0 130.086 123.401 28.5
0 131.544 124.858 28
0 132.988 126.302 28
0 134.433 127.748 28
0 135.886 129.2 28.5
0 137.33 130.645 28.5
0 138.774 132.089 28.5
0 140.227 133.542 28
0 141.672 134.986 28
0 143.116 136.431 28
0 144.568 137.882 28
0 146.029 139.343 28.5
0 147.482 140.796 28
0 148.926 142.24 28
0 150.37 143.684 28
0 151.823 145.137 28.5
0 153.268 146.582 28
0 154.722 148.037 28
0 156.174 149.488 28
0 157.618 150.933 28
0 159.078 152.393 28
0 160.53 153.844 28
0 161.987 155.302 28.5
0 163.427 156.742 28
0 164.883 158.197 28
0 166.326 159.641 28
0 167.77 161.084 28
0 169.221 162.535 28
0 170.664 163.978 28
0 172.118 165.433 28
0 173.569 166.883 28
0 175.029 168.343 28
0 176.473 169.787 28
0 177.924 171.238 28.5
0 179.378 172.692 28.5
0 180.829 174.144 28.5
0 182.285 175.599 28
0 183.726 177.041 28
0 185.177 178.491 28
0 186.621 179.935 28.5
0 188.081 181.396 28
0 189.532 182.846 28
0 190.986 184.3 28
0 192.429 185.744 28
0 193.88 187.195 28.5
0 195.324 188.639 28.5
0 196.778 190.093 28.5
0 198.23 191.544 28
0 199.674 192.989 28
0 201.117 194.432 28
0 202.569 195.883 28.5
0 204.03 197.344 28.5
0 205.466 198.781 28.5
0 206.934 200.248 28
0 208.377 201.691 28
0 209.827 203.142 28.5
0 211.282 204.596 28.5
0 212.725 206.04 28.5
0 214.177 207.492 28
0 215.638 208.952 28
0 217.075 210.39 28
0 218.533 211.848 28.5
0 219.978 213.293 28.5
0 221.423 214.737 28.5
0 222.89 216.204 28
0 224.334 217.648 28
1 225.778 1.05e-07 28
1 227.236 1.45774 28.5
1 228.68 2.90201 28.5
1 230.125 4.34704 28.5
1 231.594 5.8156 28
1 233.038 7.2599 28
1 234.497 8.71847 28.5
1 235.941 10.1629 28.5
1 237.386 11.6076 28.5
1 238.838 13.0598 28
1 240.281 14.5032 28
1 241.726 15.9478 28
1 243.185 17.4063 28
1 244.629 18.8505 28.5
1 246.074 20.2955 28.5
1 247.543 21.7646 28
1 248.986 23.208 28
1 250.441 24.6629 28
1 251.894 26.1154 28.5
1 253.343 27.5646 28.5
1 254.786 29.008 28.5
1 256.238 30.4601 28
1 257.705 31.9262 28
1 259.157 33.3792 28.5
1 260.617 34.8387 28.5
1 262.057 36.2785 28.5
1 263.525 37.7464 28
1 264.969 39.191 28
1 266.414 40.6358 28
1 267.876 42.0975 28.5
1 269.32 43.542 28.5
1 270.764 44.9854 28.5
1 272.216 46.4373 28
1 273.661 47.8824 28
1 275.116 49.3374 28.5
1 276.567 50.7889 28.5
1 278.028 52.2492 28.5
1 279.471 53.6929 28
1 280.922 55.1442 28
1 282.367 56.5885 28
1 283.812 58.0336 28.5
1 285.274 59.4953 28.5
1 286.718 60.94 28.5
1 288.172 62.3934 28
1 289.617 63.8385 28
1 291.071 65.2929 28
1 292.53 66.7518 28.5
1 293.986 68.2073 28.5
1 295.43 69.6513 28.5
1 296.896 71.1177 28
1 298.337 72.5587 28
1 299.781 74.0024 28.5
1 301.233 75.4551 28.5
1 302.678 76.8996 28.5
1 304.122 78.3439 28
1 305.574 79.7955 28
1 307.04 81.262 28
1 308.493 82.7143 28.5
1 309.942 84.164 28.5
1 311.386 85.6077 28.5
1 312.838 87.0601 28
1 314.287 88.5089 28
1 315.731 89.9529 28
1 317.183 91.4046 28.5
1 318.644 92.8656 28.5
1 320.089 94.3105 28.5
1 321.54 95.7617 28.5
1 322.983 97.2051 28
1 324.427 98.6488 28.5
1 325.893 100.115 28.5
1 327.338 101.559 28.5
1 328.78 103.002 28.5
1 330.232 104.454 28
1 331.681 105.902 28
1 333.123 107.345 28
1 334.575 108.797 28.5
1 336.022 110.244 28.5
1 337.466 111.688 28.5
1 338.917 113.138 28
1 340.361 114.582 28
1 341.803 116.025 28
1 343.275 117.497 28.5
1 344.719 118.94 28.5
1 346.181 120.403 28
1 347.625 121.846 28
1 349.081 123.303 28
1 350.53 124.751 28.5
1 351.989 126.21 28.5
1 353.433 127.655 28.5
1 354.885 129.107 28
1 356.329 130.55 28
1 357.788 132.01 28
1 359.241 133.462 28.5
1 360.701 134.923 28.5
1 362.138 136.36 28.5
1 363.609 137.83 28
1 365.048 139.269 28.5
1 366.505 140.726 28.5
1 367.949 142.171 28.5
1 369.394 143.615 28.5
1 370.846 145.068 28
1 372.29 146.512 28
1 373.751 147.972 28
1 375.207 149.429 28.5
1 376.662 150.884 28.5
1 378.107 152.328 28.5
1 379.558 153.78 28.5
1 381.007 155.228 28
1 382.45 156.672 28
1 383.903 158.125 28.5
1 385.352 159.573 28.5
1 386.795 161.017 28.5
1 388.248 162.469 28.5
1 389.692 163.914 28
1 391.137 165.359 28.5
1 392.609 166.831 28.5
1 394.052 168.274 28.5
1 395.505 169.727 28
1 396.949 171.17 28
1 398.403 172.625 28
1 399.855 174.077 28.5
1 401.299 175.521 28.5
1 402.748 176.97 28.5
1 404.199 178.421 28.5
1 405.643 179.865 28
1 407.088 181.31 28
1 408.541 182.763 28.5
1 410.007 184.228 28.5
1 411.451 185.672 28.5
1 412.908 187.13 28
1 414.352 188.574 28
1 415.796 190.017 28.5
1 417.253 191.475 28.5
1 418.698 192.92 28.5
1 420.154 194.376 28
1 421.609 195.83 28
1 423.053 197.275 28
1 424.491 198.713 28.5
1 425.966 200.188 28.5
1 427.409 201.631 28.5
1 428.878 203.1 28.5
1 430.315 204.537 28
1 431.759 205.981 28.5
1 433.227 207.449 28.5
1 434.67 208.892 28.5
1 436.126 210.348 28
1 437.575 211.797 28
1 439.019 213.241 28
1 440.463 214.685 28
1 441.915 216.137 28.5
2 443.358 8e-08 28.5
2 444.808 1.44994 28.5
2 446.261 2.90273 28
2 447.705 4.34728 28
2 449.149 5.79085 28
2 450.601 7.243 28.5
2 452.061 8.70331 28.5
2 453.498 10.1398 28.5
2 454.955 11.5973 28
2 456.399 13.0411 28
2 457.837 14.4788 28.5
2 459.295 15.9364 28.5
2 460.731 17.373 28.5
2 462.179 18.8208 28
2 463.636 20.2777 28
2 465.072 21.7143 28.5
2 466.526 23.168 28.5
2 467.976 24.6183 28.5
2 469.419 26.0611 28.5
2 470.856 27.4976 28.5
2 472.323 28.9644 28.5
2 473.765 30.4068 28.5
2 475.217 31.8584 28.5
2 476.675 33.3165 28.5
2 478.117 34.759 28.5
2 479.583 36.2244 28.5
2 481.017 37.6584 28.5
2 482.464 39.1062 28.5
2 483.914 40.556 28.5
2 485.357 41.9987 28.5
2 486.806 43.4475 28.5
2 488.263 44.9053 28.5
2 489.701 46.3425 28
2 491.144 47.7861 28.5
2 492.596 49.2376 28.5
2 494.039 50.6805 28.5
2 495.498 52.1398 28.5
2 496.948 53.5902 28.5
2 498.402 55.0437 28
2 499.844 56.486 28.5
2 501.296 57.9377 28.5
2 502.749 59.391 28.5
2 504.193 60.8344 28
2 505.645 62.2867 28
2 507.087 63.7291 28.5
2 508.531 65.1729 28.5
2 509.993 66.6351 28.5
2 511.436 68.0779 28.5
2 512.879 69.5212 28.5
2 514.347 70.9885 28.5
2 515.79 72.4323 28.5
2 517.235 73.8765 28.5
2 518.697 75.3386 28.5
2 520.14 76.7815 28.5
2 521.603 78.2447 28.5
2 523.043 79.6851 28.5
2 524.486 81.1282 28.5
2 525.938 82.5799 28
2 527.382 84.024 28.5
2 528.835 85.4768 28.5
2 530.292 86.9335 28.5
2 531.743 88.3849 28.5
2 533.176 89.8175 28
2 534.642 91.284 28.5
2 536.084 92.7257 28.5
2 537.526 94.1682 28.5
2 538.987 95.6285 28
2 540.429 97.0709 28.5
2 541.87 98.5123 28.5
2 543.321 99.9627 28.5
2 544.779 101.42 28.5
2 546.221 102.863 28.5
2 547.671 104.313 28.5
2 549.118 105.76 28.5
2 550.561 107.203 28
2 552.026 108.668 28
2 553.461 110.103 28.5
2 554.904 111.546 28.5
2 556.355 112.997 28
2 557.798 114.44 28
2 559.241 115.883 28
2 560.692 117.333 28.5
2 562.144 118.786 28.5
2 563.587 120.229 28.5
2 565.054 121.696 28
2 566.498 123.14 28
2 567.942 124.583 28.5
2 569.404 126.045 28.5
2 570.847 127.489 28.5
2 572.311 128.953 28.5
2 573.751 130.393 28
2 575.195 131.837 28
2 576.646 133.288 28
2 578.106 134.748 28.5
2 579.549 136.19 28.5
2 581.009 137.651 28
2 582.452 139.094 28
2 583.894 140.536 28
2 585.346 141.988 28.5
2 586.8 143.441 28.5
2 588.242 144.884 28.5
2 589.694 146.336 28
2 591.137 147.779 28
2 592.58 149.222 28
2 594.048 150.69 28.5
2 595.484 152.126 28.5
2 596.933 153.575 28
2 598.389 155.031 28.5
2 599.841 156.483 28
2 601.293 157.934 28.5
2 602.747 159.389 28.5
2 604.188 160.83 28.5
2 605.639 162.281 28.5
2 607.081 163.723 28
2 608.524 165.166 28
2 609.976 166.618 28.5
2 611.421 168.062 28.5
2 612.875 169.516 28.5
2 614.326 170.968 28
2 615.785 172.427 28
2 617.221 173.863 28
2 618.691 175.333 28
2 620.131 176.773 28.5
2 621.574 178.216 28.5
2 623.027 179.668 28.5
2 624.486 181.128 28
2 625.927 182.569 28.5
2 627.395 184.037 28.5
2 628.831 185.473 28.5
2 630.279 186.921 28.5
2 631.735 188.376 28
2 633.183 189.825 28
2 634.619 191.26 28
2 636.075 192.717 28
2 637.518 194.16 28.5
2 638.954 195.596 28.5
2 640.411 197.053 28
2 641.864 198.506 28
2 643.316 199.957 28.5
2 644.758 201.4 28.5
2 646.212 202.854 28.5
2 647.664 204.306 28
2 649.12 205.761 28.5
2 650.56 207.202 28
2 652.011 208.653 28.5
2 653.455 210.096 28.5
2 654.915 211.557 28.5
2 656.364 213.006 28
2 657.819 214.461 28
2 659.262 215.904 28.5
2 660.719 217.361 28.5
3 662.162 7.8e-08 28.5
3 663.617 1.45521 28.5
3 665.065 2.90332 28.5
3 666.509 4.34694 28
3 667.952 5.79001 28.5
3 669.405 7.24289 28.5
3 670.846 8.6843 28
3 672.29 10.1276 28
3 673.764 11.6017 28
3 675.207 13.0453 28
3 676.66 14.498 28
3 678.114 15.9515 28.5
3 679.557 17.3948 28.5
3 681.009 18.8472 28
3 682.458 20.2958 28
3 683.902 21.7399 28
3 685.37 23.2076 28
3 686.814 24.6516 28.5
3 688.274 26.1114 28.5
3 689.726 27.5634 28
3 691.17 29.0075 28
3 692.619 30.4567 28.5
3 694.071 31.9085 28.5
3 695.516 33.3534 28.5
3 696.966 34.8037 28
3 698.424 36.2616 28
3 699.881 37.7191 28
3 701.332 39.1694 28
3 702.775 40.6126 28.5
3 704.219 42.0565 28.5
3 705.688 43.5261 28.5
3 707.124 44.9622 28
3 708.568 46.4062 28.5
3 710.036 47.8736 28
3 711.479 49.3168 28.5
3 712.933 50.7708 28
3 714.384 52.2216 28
3 715.828 53.6657 28
3 717.272 55.11 28
3 718.723 56.5613 28.5
3 720.177 58.0151 28.5
3 721.62 59.4581 28.5
3 723.088 60.9258 28
3 724.533 62.3708 28
3 725.976 63.8142 28
3 727.438 65.276 28.5
3 728.882 66.7201 28.5
3 730.347 68.1845 28.5
3 731.789 69.6264 28
3 733.232 71.0697 28
3 734.683 72.5208 28.5
3 736.145 73.9828 28.5
3 737.589 75.4267 28
3 739.051 76.8889 28
3 740.495 78.3326 28
3 741.949 79.7865 28
3 743.401 81.2387 28
3 744.859 82.6965 28.5
3 746.295 84.1329 28.5
3 747.754 85.5916 28
3 749.198 87.0357 28
3 750.653 88.4911 28
3 752.094 89.9319 28
3 753.549 91.3868 28.5
3 755.001 92.8391 28.5
3 756.449 94.2872 28
3 757.893 95.7306 28
3 759.358 97.1956 28.5
3 760.793 98.6312 28.5
3 762.238 100.075 28
3 763.688 101.526 28
3 765.148 102.985 28
3 766.59 104.428 28
3 768.052 105.89 28
3 769.495 107.333 28.5
3 770.938 108.775 28
3 772.393 110.231 28
3 773.837 111.675 28
3 775.28 113.118 28
3 776.731 114.569 28
3 778.174 116.012 28
3 779.619 117.457 28
3 781.087 118.925 28
3 782.524 120.362 28
3 783.967 121.805 28
3 785.419 123.257 28
3 786.863 124.701 28
3 788.306 126.144 28
3 789.757 127.595 28
3 791.2 129.037 28
3 792.642 130.48 28
3 794.093 131.931 28
3 795.536 133.374 28
3 796.978 134.816 28
3 798.429 136.267 28
3 799.872 137.71 28
3 801.316 139.153 28
3 802.767 140.605 28
3 804.215 142.053 28
3 805.659 143.497 28
3 807.123 144.961 28
3 808.557 146.395 28
3 810 147.838 28
3 811.458 149.296 28
3 812.895 150.733 28
3 814.338 152.176 28
3 815.796 153.633 28
3 817.25 155.088 28
3 818.7 156.538 28
3 820.153 157.991 28
3 821.596 159.434 28
3 823.048 160.886 28
3 824.496 162.333 28
3 825.939 163.777 28
3 827.389 165.227 28
3 828.838 166.676 28
3 830.281 168.119 28
3 831.732 169.57 28
3 833.175 171.013 28
3 834.619 172.457 28
3 836.091 173.928 28
3 837.533 175.37 28
3 838.976 176.814 28
3 840.437 178.275 28
3 841.88 179.718 28
3 843.325 181.163 28
3 844.781 182.619 28
3 846.224 184.062 28
3 847.668 185.506 28
3 849.119 186.957 28
3 850.563 188.401 28
3 852.006 189.844 28
3 853.475 191.313 28
3 854.918 192.756 28
3 856.381 194.219 28
3 857.825 195.663 28
3 859.27 197.108 28
3 860.728 198.565 28
3 862.172 200.01 28
3 863.616 201.454 28
3 865.085 202.923 28
3 866.529 204.367 28
3 867.974 205.812 28
3 869.426 207.264 28
3 870.87 208.708 28
3 872.314 210.151 28
3 873.772 211.61 28
3 875.216 213.053 28
3 876.665 214.503 28
3 878.118 215.956 28
3 879.562 217.4 28
4 881.007 1.07e-07 28
4 882.458 1.45099 28
4 883.901 2.89403 28
4 885.346 4.33865 28
4 886.798 5.79071 28
4 888.24 7.23353 28
4 889.684 8.67751 28
4 891.152 10.1446 28
4 892.595 11.5876 28
4 894.056 13.0492 28
4 895.499 14.4923 28
4 896.949 15.942 28
4 898.4 17.3933 28
4 899.857 18.8501 28
4 901.293 20.2864 28
4 902.767 21.7603 28
4 904.212 23.2049 28
4 905.655 24.6486 28
4 907.112 26.1048 28
4 908.555 27.5485 28
4 909.999 28.9924 28
4 911.468 30.4611 28
4 912.913 31.9058 28
4 914.369 33.3624 28
4 915.814 34.8069 28
4 917.257 36.2506 28
4 918.709 37.7021 28
4 920.154 39.147 28
4 921.608 40.601 28
4 923.06 42.053 28
4 924.519 43.5122 28
4 925.954 44.947 28
4 927.422 46.4156 28
4 928.867 47.8601 28
4 930.311 49.3036 28
4 931.768 50.7608 28
4 933.211 52.2042 28
4 934.656 53.649 28
4 936.108 55.1014 28
4 937.552 56.5453 28
4 939.002 57.995 28
4 940.453 59.4466 28
4 941.915 60.9077 28
4 943.368 62.361 28
4 944.813 63.8059 28
4 946.267 65.2605 28
4 947.72 66.7126 28
4 949.177 68.1699 28
4 950.613 69.6065 28
4 952.071 71.0646 28
4 953.51 72.5026 28
4 954.97 73.963 28
4 956.422 75.4149 28
4 957.876 76.8694 28
4 959.32 78.3132 28
4 960.772 79.7654 28
4 962.217 81.2104 28
4 963.661 82.6544 28
4 965.113 84.106 28
4 966.558 85.5511 28
4 968.003 86.9957 28
4 969.461 88.4539 28
4 970.916 89.9087 28
4 972.367 91.3598 28
4 973.822 92.8149 28
4 975.265 94.2585 28
4 976.717 95.7104 28
4 978.178 97.1708 28
4 979.621 98.6145 28
4 981.072 100.065 28
4 982.526 101.519 28
4 983.97 102.963 28
4 985.42 104.413 28
4 986.865 105.858 28
4 988.319 107.312 28
4 989.77 108.763 28
4 991.229 110.222 28
4 992.662 111.655 28
4 994.13 113.123 28
4 995.573 114.566 28
4 997.024 116.017 28
4 998.478 117.471 28
4 999.922 118.915 28
4 1001.37 120.366 28
4 1002.82 121.81 28
4 1004.26 123.253 28
4 1005.71 124.704 28
4 1007.15 126.148 28
4 1008.6 127.591 28
4 1010.07 129.058 28
4 1011.51 130.502 28
4 1012.96 131.953 28
4 1014.41 133.402 28
4 1015.86 134.855 28
4 1017.31 136.299 28
4 1018.76 137.751 28
4 1020.2 139.194 28
4 1021.65 140.638 28
4 1023.11 142.107 28
4 1024.55 143.544 28
4 1026 144.993 28
4 1027.46 146.45 28
4 1028.9 147.894 28
4 1030.36 149.355 28
4 1031.81 150.799 28
4 1033.25 152.243 28
4 1034.71 153.7 28
4 1036.15 155.145 28
4 1037.6 156.589 28
4 1039.05 158.039 28
4 1040.49 159.484 28
4 1041.96 160.949 28
4 1043.41 162.401 28
4 1044.85 163.844 28
4 1046.3 165.297 28.5
4 1047.76 166.749 28
4 1049.2 168.193 28
4 1050.65 169.642 28
4 1052.1 171.092 28.5
4 1053.54 172.536 28.5
4 1054.99 173.98 28
4 1056.44 175.432 28
4 1057.88 176.876 28
4 1059.33 178.325 28
4 1060.79 179.783 28
4 1062.24 181.236 28
4 1063.69 182.687 28
4 1065.14 184.13 28
4 1066.59 185.584 28
4 1068.04 187.035 28
4 1069.5 188.496 28
4 1070.95 189.94 28
4 1072.4 191.391 28
4 1073.84 192.835 28
4 1075.3 194.297 28
4 1076.75 195.746 28.5
4 1078.2 197.19 28.5
4 1079.64 198.633 28
4 1081.09 200.084 28
4 1082.54 201.533 28
4 1083.98 202.977 28.5
4 1085.45 204.445 28.5
4 1086.89 205.888 28
4 1088.35 207.34 28
4 1089.79 208.783 28
4 1091.25 210.243 28
4 1092.7 211.694 28.5
4 1094.16 213.155 28.5
4 1095.61 214.599 28.5
4 1097.06 216.05 28
4 1098.51 217.505 28
4 1099.96 218.948 28
5 1101.41 1.08e-07 28
5 1102.86 1.4489 28.5
5 1104.3 2.89188 28
5 1105.75 4.34344 28
5 1107.19 5.78742 28
5 1108.64 7.23145 28
5 1110.09 8.68324 28.5
5 1111.54 10.1307 28.5
5 1112.98 11.5723 28.5
5 1114.45 13.0402 28
5 1115.89 14.4851 28
5 1117.35 15.9475 28
5 1118.8 17.3917 28.5
5 1120.25 18.8414 28
5 1121.7 20.2933 28.5
5 1123.14 21.7379 28
5 1124.61 23.2032 28.5
5 1126.06 24.6558 28.5
5 1127.51 26.0994 28.5
5 1128.95 27.5429 28.5
5 1130.41 29.0006 28
5 1131.85 30.4446 28
5 1133.3 31.8888 28
5 1134.75 33.3461 28.5
5 1136.2 34.7909 28.5
5 1137.64 36.234 28.5
5 1139.09 37.6861 28
5 1140.54 39.1301 28
5 1141.98 40.5737 28
5 1143.43 42.0251 28.5
5 1144.89 43.4857 28.5
5 1146.34 44.9297 28
5 1147.79 46.3809 28
5 1149.24 47.8348 28
5 1150.69 49.2852 28.5
5 1152.14 50.7294 28.5
5 1153.58 52.1739 28.5
5 1155.03 53.6248 28
5 1156.48 55.0688 28
5 1157.93 56.5238 28
5 1159.38 57.9746 28.5
5 1160.84 59.4332 28.5
5 1162.28 60.8773 28.5
5 1163.74 62.3291 28
5 1165.19 63.7836 28
5 1166.63 65.2279 28.5
5 1168.1 66.6923 28
5 1169.54 68.1344 28.5
5 1170.98 69.5782 28
5 1172.44 71.0305 28
5 1173.9 72.4908 28
5 1175.35 73.9426 28.5
5 1176.8 75.3956 28.5
5 1178.25 76.839 28.5
5 1179.7 78.2916 28
5 1181.15 79.7408 28
5 1182.59 81.185 28
5 1184.04 82.6365 28.5
5 1185.5 84.0967 28.5
5 1186.95 85.5414 28
5 1188.4 86.9938 28
5 1189.84 88.4367 28
5 1191.29 89.8806 28.5
5 1192.75 91.3425 28.5
5 1194.19 92.7854 28.5
5 1195.64 94.2345 28.5
5 1197.09 95.6873 28
5 1198.54 97.1318 28
5 1199.98 98.5753 28
5 1201.45 100.043 28.5
5 1202.89 101.487 28.5
5 1204.33 102.925 28.5
5 1205.79 104.381 28
5 1207.25 105.841 28
5 1208.7 107.293 28
5 1210.14 108.737 28
5 1211.59 110.186 28
5 1213.04 111.637 28
5 1214.5 113.095 28
5 1215.94 114.53 28
5 1217.41 115.999 28.5
5 1218.85 117.443 28.5
5 1220.29 118.887 28.5
5 1221.75 120.34 28
5 1223.19 121.784 28
5 1224.64 123.237 28
5 1226.1 124.689 28
5 1227.54 126.138 28.5
5 1228.99 127.582 28.5
5 1230.44 129.034 28
5 1231.9 130.493 28
5 1233.35 131.946 28
5 1234.81 133.403 28
5 1236.25 134.843 28.5
5 1237.7 136.296 28
5 1239.15 137.74 28
5 1240.59 139.183 28
5 1242.06 140.657 28.5
5 1243.51 142.1 28.5
5 1244.95 143.545 28.5
5 1246.4 144.995 28
5 1247.85 146.448 28
5 1249.3 147.893 28
5 1250.76 149.356 28
5 1252.2 150.798 28.5
5 1253.65 152.242 28
5 1255.1 153.693 28
5 1256.56 155.154 28
5 1258.01 156.606 28
5 1259.47 158.059 28
5 1260.91 159.503 28
5 1262.36 160.955 28
5 1263.81 162.403 28
5 1265.25 163.846 28
5 1266.7 165.297 28
5 1268.16 166.757 28.5
5 1269.6 168.194 28
5 1271.06 169.653 28
5 1272.5 171.096 28
5 1273.95 172.54 28
5 1275.41 174.006 28
5 1276.86 175.449 28
5 1278.3 176.893 28
5 1279.76 178.35 28
5 1281.2 179.793 28
5 1282.64 181.237 28
5 1284.11 182.705 28
5 1285.56 184.149 28
5 1287.02 185.611 28
5 1288.46 187.055 28
5 1289.91 188.5 28
5 1291.36 189.952 28
5 1292.81 191.405 28
5 1294.26 192.85 28
5 1295.72 194.318 28
5 1297.17 195.761 28
5 1298.61 197.205 28
5 1300.07 198.668 28
5 1301.52 200.111 28
5 1302.96 201.556 28
5 1304.43 203.025 28
5 1305.87 204.463 28
5 1307.31 205.906 28
5 1308.77 207.365 28
5 1310.22 208.81 28
5 1311.65 210.247 28
5 1313.12 211.715 28
5 1314.57 213.16 28
5 1316.02 214.611 28
5 1317.47 216.06 28
5 1318.91 217.504 28
5 1320.36 218.956 28
5 1321.81 220.406 28
6 1323.26 8.9e-08 28
6 1324.71 1.4527 28
6 1326.15 2.89624 28
6 1327.6 4.3405 28
6 1329.06 5.79975 28
6 1330.5 7.24385 28
6 1331.94 8.6812 28
6 1333.41 10.1545 28
6 1334.85 11.5986 28
6 1336.31 13.0572 28
6 1337.76 14.5039 28
6 1339.22 15.9643 28
6 1340.67 17.416 28
6 1342.12 18.8595 28
6 1343.57 20.3139 28
6 1345.02 21.7667 28
6 1346.47 23.2109 28
6 1347.92 24.6646 28
6 1349.38 26.123 28
6 1350.84 27.5818 28
6 1352.28 29.0211 28
6 1353.73 30.4784 28
6 1355.18 31.9216 28
6 1356.62 33.3648 28
6 1358.08 34.822 28
6 1359.52 36.2664 28
6 1360.97 37.7115 28
6 1362.42 39.162 28
6 1363.86 40.6061 28
6 1365.31 42.05 28
6 1366.76 43.5002 28
6 1368.22 44.9596 28.5
6 1369.66 46.4027 28
6 1371.12 47.8672 28
6 1372.56 49.3083 28
6 1374.02 50.7653 28
6 1375.47 52.2099 28.5
6 1376.91 53.6533 28.5
6 1378.36 55.1048 28
6 1379.8 56.5486 28
6 1381.26 58.0026 28
6 1382.72 59.4601 28
6 1384.17 60.9149 28.5
6 1385.61 62.3592 28
6 1387.07 63.8098 28
6 1388.52 65.2597 28
6 1389.96 66.7032 28
6 1391.41 68.1557 28.5
6 1392.86 69.6044 28.5
6 1394.31 71.0494 28.5
6 1395.76 72.5014 28
6 1397.2 73.9446 28
6 1398.64 75.3887 28
6 1400.12 76.862 28.5
6 1401.56 78.3065 28.5
6 1403.01 79.759 28
6 1404.46 81.2078 28
6 1405.91 82.6516 28
6 1407.36 84.1034 28.5
6 1408.82 85.5633 28.5
6 1410.26 87.0073 28.5
6 1411.73 88.4714 28
6 1413.17 89.9129 28
6 1414.61 91.3577 28
6 1416.07 92.8097 28.5
6 1417.53 94.2699 28.5
6 1418.97 95.7128 28
6 1420.44 97.1817 28
6 1421.88 98.6244 28
6 1423.33 100.076 28
6 1424.79 101.531 28.5
6 1426.23 102.975 28.5
6 1427.68 104.427 28
6 1429.14 105.888 28
6 1430.59 107.332 28
6 1432.04 108.784 28.5
6 1433.48 110.227 28
6 1434.93 111.673 28
6 1436.39 113.136 28
6 1437.84 114.58 28
6 1439.28 116.024 28
6 1440.75 117.493 28
6 1442.19 118.93 28.5
6 1443.63 120.374 28.5
6 1445.09 121.833 28
6 1446.54 123.288 28
6 1448 124.739 28
6 1449.44 126.184 28.5
6 1450.88 127.628 28.5
6 1452.34 129.08 28
6 1453.79 130.534 28
6 1455.23 131.978 28
6 1456.7 133.446 28.5
6 1458.14 134.888 28.5
6 1459.6 136.345 28
6 1461.05 137.795 28
6 1462.5 139.243 28
6 1463.94 140.685 28
6 1465.39 142.136 28.5
6 1466.84 143.58 28.5
6 1468.28 145.024 28
6 1469.75 146.497 28
6 1471.2 147.94 28
6 1472.65 149.398 28.5
6 1474.1 150.841 28
6 1475.54 152.285 28.5
6 1477 153.741 28
6 1478.44 155.186 28
6 1479.89 156.635 28
6 1481.35 158.094 28.5
6 1482.79 159.532 28.5
6 1484.23 160.976 28.5
6 1485.71 162.45 28
6 1487.15 163.894 28
6 1488.6 165.344 28
6 1490.05 166.796 28.5
6 1491.5 168.24 28.5
6 1492.94 169.685 28
6 1494.41 171.152 28
6 1495.85 172.597 28
6 1497.31 174.051 28
6 1498.75 175.495 28.5
6 1500.19 176.939 28.5
6 1501.66 178.402 28
6 1503.1 179.846 28
6 1504.55 181.296 28
6 1506.01 182.754 28
6 1507.45 184.192 28
6 1508.91 185.652 28.5
6 1510.36 187.105 28.5
6 1511.81 188.55 28
6 1513.26 190.003 28.5
6 1514.71 191.456 28.5
6 1516.16 192.9 28.5
6 1517.6 194.343 28.5
6 1519.05 195.795 28
6 1520.52 197.26 28
6 1521.97 198.713 28
6 1523.41 200.158 28.5
6 1524.87 201.612 28
6 1526.32 203.064 28.5
6 1527.78 204.521 28
6 1529.21 205.957 28
6 1530.68 207.425 28
6 1532.13 208.87 28.5
6 1533.57 210.313 28
6 1535.02 211.765 28
6 1536.46 213.209 28
6 1537.92 214.663 28
6 1539.37 216.115 28.5
6 1540.83 217.576 28.5
6 1542.28 219.02 28
6 1543.73 220.471 28
6 1545.18 221.926 28
6 1546.63 223.378 28.5
7 1548.08 8.9e-08 28.5
7 1549.53 1.44928 28.5
7 1550.98 2.90108 28.5
7 1552.42 4.34517 28.5
7 1553.87 5.78904 28.5
7 1555.32 7.24027 28.5
7 1556.76 8.68436 28.5
7 1558.2 10.1277 28.5
7 1559.68 11.6006 28.5
7 1561.12 13.0435 28.5
7 1562.57 14.4976 28
7 1564.03 15.9486 28.5
7 1565.47 17.3917 28.5
7 1566.92 18.8397 28.5
7 1568.37 20.2913 28
7 1569.81 21.7347 28.5
7 1571.25 23.1773 28
7 1572.71 24.6294 28.5
7 1574.17 26.089 28.5
7 1575.6 27.5259 28.5
7 1577.07 28.9925 28
7 1578.51 30.4341 28.5
7 1579.96 31.8866 28.5
7 1581.42 33.3409 28.5
7 1582.86 34.7834 28.5
7 1584.32 36.248 28.5
7 1585.76 37.6836 28.5
7 1587.2 39.1279 28.5
7 1588.66 40.5785 28.5
7 1590.1 42.0215 28.5
7 1591.56 43.4866 28.5
7 1593.01 44.9372 28.5
7 1594.47 46.3939 28.5
7 1595.91 47.8373 28.5
7 1597.38 49.3054 28.5
7 1598.82 50.7428 28.5
7 1600.26 52.1862 28
7 1601.73 53.6537 28
7 1603.17 55.0957 28
7 1604.62 56.5478 28.5
7 1606.07 57.9906 28.5
7 1607.53 59.4485 28.5
7 1608.98 60.8992 28.5
7 1610.42 62.3432 28
7 1611.87 63.7921 28.5
7 1613.33 65.2503 28.5
7 1614.78 66.7007 28.5
7 1616.21 68.135 28.5
7 1617.68 69.6014 28.5
7 1619.12 71.0439 28
7 1620.56 72.4872 28.5
7 1622.02 73.9392 28.5
7 1623.46 75.3825 28.5
7 1624.92 76.8418 28.5
7 1626.37 78.2932 28.5
7 1627.83 79.7525 28.5
7 1629.27 81.1892 28.5
7 1630.72 82.6457 28.5
7 1632.18 84.0986 28.5
7 1633.63 85.5494 28.5
7 1635.08 87.0037 28
7 1636.52 88.4462 28.5
7 1637.97 89.8983 28.5
7 1639.42 91.3416 28.5
7 1640.88 92.8002 28.5
7 1642.33 94.2552 28
7 1643.79 95.7091 28.5
7 1645.23 97.1508 28
7 1646.68 98.6021 28.5
7 1648.13 100.056 28.5
7 1649.58 101.499 28.5
7 1651.03 102.951 28.5
7 1652.48 104.399 28.5
7 1653.92 105.842 28.5
7 1655.37 107.294 28.5
7 1656.81 108.737 28.5
7 1658.26 110.18 28.5
7 1659.73 111.653 28.5
7 1661.17 113.096 28
8 1662.62 8.3e-08 28.5
8 1664.08 1.45306 28.5
8 1665.52 2.89654 28.5
8 1666.97 4.34842 28.5
8 1668.42 5.79712 28.5
8 1669.86 7.23963 28.5
8 1671.33 8.70744 28.5
8 1672.77 10.144 28.5
8 1674.21 11.5872 28.5
8 1675.67 13.0446 28.5
8 1677.11 14.4821 28.5
8 1678.55 15.9251 28.5
8 1680.01 17.3831 28.5
8 1681.47 18.842 28.5
8 1682.91 20.2847 28.5
8 1684.36 21.7361 28.5
8 1685.81 23.19 28.5
8 1687.26 24.6326 28.5
8 1688.72 26.0961 28.5
8 1690.16 27.5309 28.5
8 1691.6 28.9728 28.5
8 1693.05 30.4233 28.5
8 1694.49 31.8676 28.5
8 1695.93 33.3104 28.5
8 1697.38 34.7606 28.5
8 1698.83 36.2032 28.5
8 1700.28 37.651 28.5
8 1701.73 39.1016 28.5
8 1703.17 40.5441 28.5
8 1704.61 41.9861 28.5
8 1706.07 43.4412 28.5
8 1707.51 44.8839 28.5
8 1708.95 46.3257 28.5
8 1710.4 47.7766 28.5
8 1711.84 49.2203 28.5
8 1713.29 50.6676 28.5
8 1714.74 52.117 28.5
8 1716.19 53.5658 28.5
8 1717.63 55.0091 28.5
8 1719.08 56.4607 28.5
8 1720.54 57.9202 28.5
9 1722 6.8e-08 28.5
9 1723.45 1.45502 28.5
9 1724.89 2.89612 28.5
9 1726.34 4.34692 28.5
9 1727.79 5.78912 28.5
9 1729.23 7.23263 28.5
9 1730.68 8.68424 28.5
9 1732.13 10.1374 28.5
9 1733.58 11.5813 28.5
9 1735.03 13.0319 28.5
9 1736.49 14.4913 28.5
9 1737.93 15.9342 28.5
9 1739.39 17.3973 28.5
9 1740.83 18.837 28.5
9 1742.29 20.2889 28.5
9 1743.74 21.7399 28.5
9 1745.18 23.1824 28.5
9 1746.63 24.6303 28.5
9 1748.08 26.0812 28.5
9 1749.52 27.5256 28.5
9 1750.96 28.9671 28.5
9 1752.43 30.4336 28.5
10 1753.87 6.4e-08 28.5
10 1755.31 1.43637 28.5
10 1756.78 2.90376 28.5
10 1758.22 4.34575 28.5
10 1759.67 5.79681 28.5
10 1761.11 7.23909 28.5
10 1762.56 8.68237 28.5
10 1764.01 10.1341 28.5
10 1765.45 11.5776 28.5
10 1766.91 13.0369 28.5
10 1768.36 14.4866 28.5
10 1769.81 15.9353 28.5
11 1771.25 8.2e-08 28.5
11 1772.7 1.45061 28.5
11 1774.16 2.91053 28.5
11 1775.61 4.35551 28.5
11 1777.06 5.8075 28.5
11 1778.51 7.26162 28.5
11 1779.96 8.70562 28.5
12 1781.41 6.6e-08 29
12 1782.85 1.44094 29
12 1784.29 2.88368 29
12 1785.75 4.33988 29
12 1787.19 5.78352 29
13 1788.64 6.1e-08 29
13 1790.11 1.46842 29
13 1791.55 2.91176 29
13 1792.99 4.34851 29
14 1794.45 1.62e-07 29
14 1795.89 1.44173 29
14 1797.35 2.89839 29.5
15 1798.79 6.5e-08 29.5
15 1800.24 1.44444 29.5
15 1801.69 2.89506 29.5
16 1803.15 7.5e-08 29.5
16 1804.59 1.44165 29.5
16 1806.06 2.90865 29.5
17 1807.5 6.1e-08 29.5
17 1808.95 1.45243 29.5
18 1810.4 6.5e-08 29.5
18 1811.86 1.45607 29.5
18 1813.3 2.89679 29.5
19 1814.75 5.3e-08 29.5
19 1816.19 1.44393 29.5
20 1817.65 4.9e-08 29.5
20 1819.1 1.45072 29.5
20 1820.55 2.90424 29.5
21 1822.01 5.2e-08 29.5
21 1823.45 1.44387 29.5
22 1824.9 5.9e-08 29.5
22 1826.35 1.45158 29.5
22 1827.8 2.89558 29.5
23 1829.25 5.2e-08 29.5
23 1830.7 1.45064 29.5
24 1832.24 1.01e-07 29.5
24 1833.69 1.45056 29.5
24 1835.13 2.89411 29.5
25 1836.58 6.7e-08 29.5
25 1838.03 1.45662 29.5
25 1839.48 2.90065 29.5
26 1840.93 6.6e-08 29.5
26 1842.38 1.45269 29.5
26 1843.82 2.89744 29.5
27 1845.27 5.4e-08 29.5
27 1846.72 1.45101 29.5
27 1848.16 2.89588 28.5
28 1850.91 1.54e-07 29.5
28 1852.35 1.44251 29.5
28 1853.8 2.89316 29
29 1858.55 1e-07 29.5
29 1859.99 1.44048 29.5
29 1861.43 2.88422 29
30 1870.79 1.44e-07 29.5
30 1872.24 1.44468 29.5
30 1873.69 2.89583 28.5
