        type trial_config ert_flop   unroll  buffers        nsize       trials       microsecs        bytes        flops         GB/s         GF/s
       float    coalesced       93       32        1          128     16777216    21930350.011   4294967296  49928994816        0.196        2.277
       float    coalesced       93       32        1          256     16777216    22445051.887   8589934592  99857989632        0.383        4.449
       float    coalesced       93       32        1          512      8388608    11552772.071   8589934592  99857989632        0.744        8.644
       float    coalesced       93       32        1         1024      4194304     5951649.035   8589934592  99857989632        1.443       16.778
       float    coalesced       93       32        1         2048      2097152     3195969.859   8589934592  99857989632        2.688       31.245
       float    coalesced       93       32        1         4096      1048576     1723074.924   8589934592  99857989632        4.985       57.953
       float    coalesced       93       32        1         8192       524288     1008196.914   8589934592  99857989632        8.520       99.046
       float    coalesced       93       32        1        16384       262144      629809.935   8589934592  99857989632       13.639      158.553
       float    coalesced       93       32        1        32768       131072      441622.275   8589934592  99857989632       19.451      226.116
       float    coalesced       93       32        1        65536        65536      352577.768   8589934592  99857989632       24.363      283.223
       float    coalesced       93       32        1       131072        32768      325309.974   8589934592  99857989632       26.405      306.963
       float    coalesced       93       32        1       262144        16384      311194.825   8589934592  99857989632       27.603      320.886
       float    coalesced       93       32        1       524288         8192      304337.946   8589934592  99857989632       28.225      328.115
       float    coalesced       93       32        1      1048576         4096      301777.900   8589934592  99857989632       28.464      330.899
       float    coalesced       93       32        1      2097152         2048      300082.715   8589934592  99857989632       28.625      332.768
       float    coalesced       93       32        1      4194304         1024      299372.994   8589934592  99857989632       28.693      333.557
       float    coalesced       93       32        1      8388608          512      299020.412   8589934592  99857989632       28.727      333.950
       float    coalesced       93       32        1     16777216          256      298863.849   8589934592  99857989632       28.742      334.125
       float    coalesced       93       32        1     33554432          128      298790.243   8589934592  99857989632       28.749      334.208
       float    coalesced       93       32        1     67108864           64      298732.849   8589934592  99857989632       28.755      334.272
       float    coalesced       93       32        1    134217728           32      298748.000   8589934592  99857989632       28.753      334.255
       float    coalesced       93       32        1    268435456           16      298726.028   8589934592  99857989632       28.755      334.280
       float    coalesced       93       32        1    536870912            8      298734.029   8589934592  99857989632       28.754      334.271
       float    coalesced       93       32        1   1073741824            4      298682.404   8589934592  99857989632       28.759      334.328
       float    coalesced       93       32        1   2147483648            2      298717.875   8589934592  99857989632       28.756      334.289
       float    coalesced       93       32        1   4293918720            1      298621.595   8587837440  99833610240       28.758      334.315
