        type trial_config ert_flop   unroll  buffers        nsize       trials       microsecs        bytes        flops         GB/s         GF/s
         int    coalesced        1        1        1            4     16777216     5571747.527    134217728     16777216        0.024        0.003
         int    coalesced        1        1        1            8     16777216     5692804.453    268435456     33554432        0.047        0.006
         int    coalesced        1        1        1           16     16777216     5951550.123    536870912     67108864        0.090        0.011
         int    coalesced        1        1        1           32     16777216     6546738.553   1073741824    134217728        0.164        0.021
         int    coalesced        1        1        1           64     16777216     7701940.531   2147483648    268435456        0.279        0.035
         int    coalesced        1        1        1          128     16777216     9352299.005   4294967296    536870912        0.459        0.057
         int    coalesced        1        1        1          256     16777216    12274837.114   8589934592   1073741824        0.700        0.087
         int    coalesced        1        1        1          512      8388608     7855976.706   8589934592   1073741824        1.093        0.137
         int    coalesced        1        1        1         1024      4194304     5581569.533   8589934592   1073741824        1.539        0.192
         int    coalesced        1        1        1         2048      2097152     4540761.474   8589934592   1073741824        1.892        0.236
         int    coalesced        1        1        1         4096      1048576     4091831.246   8589934592   1073741824        2.099        0.262
         int    coalesced        1        1        1         8192       524288     3725006.976   8589934592   1073741824        2.306        0.288
         int    coalesced        1        1        1        16384       262144     3580368.939   8589934592   1073741824        2.399        0.300
         int    coalesced        1        1        1        32768       131072     3478034.359   8589934592   1073741824        2.470        0.309
         int    coalesced        1        1        1        65536        65536     3375767.381   8589934592   1073741824        2.545        0.318
         int    coalesced        1        1        1       131072        32768     3325701.879   8589934592   1073741824        2.583        0.323
         int    coalesced        1        1        1       262144        16384     3302718.732   8589934592   1073741824        2.601        0.325
         int    coalesced        1        1        1       524288         8192     3291399.379   8589934592   1073741824        2.610        0.326
         int    coalesced        1        1        1      1048576         4096     3285772.868   8589934592   1073741824        2.614        0.327
         int    coalesced        1        1        1      2097152         2048     3282943.783   8589934592   1073741824        2.617        0.327
         int    coalesced        1        1        1      4194304         1024     3281563.551   8589934592   1073741824        2.618        0.327
         int    coalesced        1        1        1      8388608          512     3280732.526   8589934592   1073741824        2.618        0.327
         int    coalesced        1        1        1     16777216          256     3280414.292   8589934592   1073741824        2.619        0.327
         int    coalesced        1        1        1     33554432          128     3280225.160   8589934592   1073741824        2.619        0.327
         int    coalesced        1        1        1     67108864           64     3280144.300   8589934592   1073741824        2.619        0.327
         int    coalesced        1        1        1    134217728           32     3280107.359   8589934592   1073741824        2.619        0.327
         int    coalesced        1        1        1    268435456           16     3280301.647   8589934592   1073741824        2.619        0.327
         int    coalesced        1        1        1    536870912            8     3280229.292   8589934592   1073741824        2.619        0.327
         int    coalesced        1        1        1   1073741824            4     3280137.463   8589934592   1073741824        2.619        0.327
         int    coalesced        1        1        1   2147483648            2     3280110.361   8589934592   1073741824        2.619        0.327
         int    coalesced        1        1        1   4293918720            1     3279126.264   8587837440   1073479680        2.619        0.327
