        type trial_config ert_flop   unroll  buffers        nsize       trials       microsecs        bytes        flops         GB/s         GF/s
       float    coalesced     1024        2        1            8     16777216   142830040.253    268435456  34359738368        0.002        0.241
       float    coalesced     1024        2        1           16     16777216   142830016.576    536870912  68719476736        0.004        0.481
       float    coalesced     1024        2        1           32     16777216   143043028.390   1073741824 137438953472        0.008        0.961
       float    coalesced     1024        2        1           64     16777216   144020265.079   2147483648 274877906944        0.015        1.909
       float    coalesced     1024        2        1          128     16777216   145474964.761   4294967296 549755813888        0.030        3.779
       float    coalesced     1024        2        1          256     16777216   147293458.182   8589934592 1099511627776        0.058        7.465
       float    coalesced     1024        2        1          512      8388608    74815910.407   8589934592 1099511627776        0.115       14.696
       float    coalesced     1024        2        1         1024      4194304    38290101.467   8589934592 1099511627776        0.224       28.715
       float    coalesced     1024        2        1         2048      2097152    20123805.683   8589934592 1099511627776        0.427       54.637
       float    coalesced     1024        2        1         4096      1048576    10910991.640   8589934592 1099511627776        0.787      100.771
       float    coalesced     1024        2        1         8192       524288     6364825.644   8589934592 1099511627776        1.350      172.748
       float    coalesced     1024        2        1        16384       262144     4091864.666   8589934592 1099511627776        2.099      268.707
       float    coalesced     1024        2        1        32768       131072     2941081.481   8589934592 1099511627776        2.921      373.846
       float    coalesced     1024        2        1        65536        65536     2387013.301   8589934592 1099511627776        3.599      460.622
       float    coalesced     1024        2        1       131072        32768     2100685.225   8589934592 1099511627776        4.089      523.406
       float    coalesced     1024        2        1       262144        16384     1960884.749   8589934592 1099511627776        4.381      560.722
       float    coalesced     1024        2        1       524288         8192     1889379.139   8589934592 1099511627776        4.546      581.943
       float    coalesced     1024        2        1      1048576         4096     1854295.550   8589934592 1099511627776        4.632      592.954
       float    coalesced     1024        2        1      2097152         2048     1836398.496   8589934592 1099511627776        4.678      598.733
       float    coalesced     1024        2        1      4194304         1024     1827680.209   8589934592 1099511627776        4.700      601.589
       float    coalesced     1024        2        1      8388608          512     1823233.073   8589934592 1099511627776        4.711      603.056
       float    coalesced     1024        2        1     16777216          256     1821000.917   8589934592 1099511627776        4.717      603.795
       float    coalesced     1024        2        1     33554432          128     1819941.359   8589934592 1099511627776        4.720      604.147
       float    coalesced     1024        2        1     67108864           64     1819306.485   8589934592 1099511627776        4.722      604.358
       float    coalesced     1024        2        1    134217728           32     1819062.716   8589934592 1099511627776        4.722      604.439
       float    coalesced     1024        2        1    268435456           16     1818949.564   8589934592 1099511627776        4.722      604.476
       float    coalesced     1024        2        1    536870912            8     1818899.559   8589934592 1099511627776        4.723      604.493
       float    coalesced     1024        2        1   1073741824            4     1818805.898   8589934592 1099511627776        4.723      604.524
       float    coalesced     1024        2        1   2147483648            2     1818812.095   8589934592 1099511627776        4.723      604.522
       float    coalesced     1024        2        1   4293918720            1     1818348.963   8587837440 1099243192320        4.723      604.528
