        type trial_config ert_flop   unroll  buffers        nsize       trials       microsecs        bytes        flops         GB/s         GF/s
 signed_char    coalesced       64       32        1           32     16777216    11902685.282   1073741824  34359738368        0.090        2.887
 signed_char    coalesced       64       32        1           64     16777216    11902613.111   2147483648  68719476736        0.180        5.773
 signed_char    coalesced       64       32        1          128     16777216    11946036.989   4294967296 137438953472        0.360       11.505
 signed_char    coalesced       64       32        1          256     16777216    13092887.120   8589934592 274877906944        0.656       20.994
 signed_char    coalesced       64       32        1          512      8388608     7273888.703   8589934592 274877906944        1.181       37.790
 signed_char    coalesced       64       32        1         1024      4194304     3908175.367   8589934592 274877906944        2.198       70.334
 signed_char    coalesced       64       32        1         2048      2097152     2182250.413   8589934592 274877906944        3.936      125.961
 signed_char    coalesced       64       32        1         4096      1048576     1363976.014   8589934592 274877906944        6.298      201.527
 signed_char    coalesced       64       32        1         8192       524288      944324.263   8589934592 274877906944        9.096      291.084
 signed_char    coalesced       64       32        1        16384       262144      716258.427   8589934592 274877906944       11.993      383.769
 signed_char    coalesced       64       32        1        32768       131072      608882.875   8589934592 274877906944       14.108      451.446
 signed_char    coalesced       64       32        1        65536        65536      550866.219   8589934592 274877906944       15.594      498.992
 signed_char    coalesced       64       32        1       131072        32768      511602.810   8589934592 274877906944       16.790      537.288
 signed_char    coalesced       64       32        1       262144        16384      502461.931   8589934592 274877906944       17.096      547.062
 signed_char    coalesced       64       32        1       524288         8192      493998.415   8589934592 274877906944       17.389      556.435
 signed_char    coalesced       64       32        1      1048576         4096      490134.280   8589934592 274877906944       17.526      560.822
 signed_char    coalesced       64       32        1      2097152         2048      487989.209   8589934592 274877906944       17.603      563.287
 signed_char    coalesced       64       32        1      4194304         1024      487070.165   8589934592 274877906944       17.636      564.350
 signed_char    coalesced       64       32        1      8388608          512      486552.549   8589934592 274877906944       17.655      564.950
 signed_char    coalesced       64       32        1     16777216          256      486313.004   8589934592 274877906944       17.663      565.228
 signed_char    coalesced       64       32        1     33554432          128      486197.559   8589934592 274877906944       17.668      565.363
 signed_char    coalesced       64       32        1     67108864           64      486112.515   8589934592 274877906944       17.671      565.461
 signed_char    coalesced       64       32        1    134217728           32      486074.163   8589934592 274877906944       17.672      565.506
 signed_char    coalesced       64       32        1    268435456           16      486087.603   8589934592 274877906944       17.672      565.490
 signed_char    coalesced       64       32        1    536870912            8      486077.268   8589934592 274877906944       17.672      565.502
 signed_char    coalesced       64       32        1   1073741824            4      486067.300   8589934592 274877906944       17.672      565.514
 signed_char    coalesced       64       32        1   2147483648            2      486108.249   8589934592 274877906944       17.671      565.466
 signed_char    coalesced       64       32        1   4293918720            1      485927.633   8587837440 274810798080       17.673      565.539
