0 3.26441 7.6e-08 26
0 6.15574 2.89134 26
0 7.60021 4.3358 26
0 9.05041 5.78601 26
0 10.4923 7.22792 26
0 11.934 8.66962 26
0 13.3835 10.1191 26
0 14.8225 11.5581 26
0 16.2643 12.9999 26
0 17.7209 14.4565 26
0 19.1639 15.8995 26
0 20.6279 17.3635 26
0 22.0767 18.8122 26
0 23.5393 20.2749 26
0 24.989 21.7246 26
0 26.4407 23.1763 26
0 27.8881 24.6237 26
0 29.3436 26.0792 26
0 30.8014 27.537 26
0 32.2663 29.0019 26
0 33.7093 30.4449 26
0 35.1673 31.9029 26
0 36.6331 33.3687 26
0 38.0757 34.8113 26
0 39.5366 36.2722 26
0 40.9833 37.7189 26
0 42.4261 39.1617 26
0 43.8977 40.6333 26
0 45.3451 42.0807 26
0 46.7866 43.5222 26
0 48.2587 44.9943 26
0 49.7099 46.4455 26
0 51.1604 47.896 26
0 52.6242 49.3598 26
0 54.0761 50.8117 26
0 55.5272 52.2628 26
0 56.9913 53.7269 26
0 58.4465 55.1821 26
0 59.888 56.6236 26
0 61.3296 58.0652 26
0 62.7808 59.5164 26
0 64.2236 60.9592 26
0 65.6659 62.4015 26
0 67.1316 63.8672 26
0 68.5739 65.3095 26
0 70.0173 66.7529 26
0 71.4677 68.2033 26
0 72.9211 69.6567 26
0 74.3643 71.0999 26
0 75.8142 72.5498 26
0 77.2724 74.0079 26
0 78.7235 75.4591 26
0 80.1671 76.9027 26
0 81.6109 78.3465 26
0 83.0629 79.7985 26
0 84.5058 81.2414 26
0 85.9582 82.6938 26
0 87.4146 84.1502 26
0 88.8575 85.5931 26
0 90.3102 87.0458 26
0 91.7605 88.4961 26
0 93.2026 89.9382 26
0 94.6451 91.3807 26
0 96.1177 92.8533 26
0 97.5601 94.2957 26
0 99.0113 95.7469 26
0 100.46 97.1955 26
0 101.903 98.6381 26
0 103.354 100.09 26
0 104.798 101.533 26
0 106.241 102.977 26
0 107.698 104.434 26
0 109.135 105.871 26
0 110.599 107.334 26
0 112.049 108.784 26
0 113.491 110.227 26
0 114.935 111.671 26
0 116.387 113.123 26
0 117.836 114.571 26
0 119.278 116.014 26
0 120.735 117.471 26
0 122.179 118.914 26
0 123.615 120.35 26
0 125.07 121.806 26
0 126.513 123.249 26
0 127.965 124.7 26
0 129.407 126.143 26
0 130.849 127.585 26
0 132.311 129.047 26
0 133.755 130.49 26
0 135.198 131.934 26
0 136.648 133.384 26
0 138.091 134.826 26
0 139.55 136.285 26
0 141 137.736 26
0 142.443 139.178 26
0 143.885 140.62 26
0 145.336 142.071 26
0 146.779 143.515 26
0 148.222 144.958 26
0 149.672 146.408 26
0 151.114 147.85 26
0 152.558 149.294 26
0 154.014 150.75 26
0 155.458 152.193 26
0 156.901 153.637 26
0 158.351 155.087 26
0 159.794 156.529 26
0 161.237 157.973 26
0 162.694 159.429 26
0 164.137 160.873 26
0 165.602 162.337 26
0 167.044 163.779 26
0 168.487 165.222 26
0 169.955 166.69 26
0 171.398 168.134 26
0 172.842 169.577 26
0 174.292 171.027 26
0 175.734 172.47 26
0 177.177 173.913 26
0 178.628 175.364 26
0 180.07 176.806 26
0 181.513 178.249 26
0 182.965 179.7 26
0 184.418 181.154 26
0 185.861 182.597 26
0 187.312 184.048 26
0 188.756 185.492 26
0 190.2 186.936 26
0 191.666 188.402 26
0 193.108 189.844 26
0 194.56 191.296 26
0 196.004 192.74 26
0 197.447 194.183 26
0 198.898 195.634 26
1 200.341 9.6e-08 26
1 201.785 1.44384 26
1 203.237 2.89572 26
1 204.68 4.33867 26
1 206.122 5.78103 26
1 207.574 7.23284 26
1 209.018 8.67668 26
1 210.483 10.1416 26
1 211.934 11.5931 26
1 213.378 13.0371 26
1 214.821 14.4803 26
1 216.271 15.93 26
1 217.72 17.3787 26
1 219.162 18.8212 26
1 220.614 20.2732 26
1 222.079 21.7383 26
1 223.53 23.1893 26
1 224.974 24.6331 26
1 226.418 26.0767 26
1 227.869 27.528 26
1 229.316 28.9751 26
1 230.759 30.4176 26
1 232.209 31.8683 26
1 233.653 33.3123 26
1 235.097 34.7561 26
1 236.548 36.2075 26
1 237.991 37.6498 26
1 239.435 39.0938 26
1 240.907 40.5665 26
1 242.351 42.0098 26
1 243.795 43.4537 26
1 245.247 44.9055 26
1 246.689 46.3485 26
1 248.138 47.7967 26
1 249.588 49.2473 26
1 251.031 50.6904 26
1 252.475 52.1339 26
1 253.932 53.5913 26
1 255.369 55.0281 26
1 256.812 56.4712 26
1 258.269 57.9284 26
1 259.729 59.3877 26
1 261.18 60.8394 26
1 262.625 62.2836 26
1 264.068 63.7274 26
1 265.52 65.1787 26
1 266.978 66.6367 26
1 268.422 68.0807 26
1 269.874 69.5329 26
1 271.318 70.9766 26
1 272.76 72.4193 26
1 274.211 73.8704 26
1 275.655 75.3145 26
1 277.099 76.758 26
1 278.55 78.2086 26
1 279.993 79.6515 26
1 281.441 81.1004 26
1 282.892 82.5513 26
1 284.336 83.9952 26
1 285.786 85.4445 26
1 287.243 86.9024 26
1 288.688 88.3465 26
1 290.131 89.7902 26
1 291.581 91.2405 26
1 293.025 92.6837 26
1 294.477 94.1358 26
1 295.92 95.5792 26
1 297.363 97.0225 26
1 298.815 98.4739 26
1 300.269 99.9281 26
1 301.713 101.372 26
1 303.164 102.823 26
1 304.607 104.266 26
1 306.051 105.71 26
1 307.519 107.178 26
1 308.963 108.622 26
1 310.405 110.064 26
1 311.857 111.516 26
1 313.301 112.96 26
1 314.744 114.403 26
1 316.195 115.854 26
1 317.639 117.298 26
1 319.082 118.741 26
1 320.533 120.192 26
1 321.981 121.64 26
1 323.424 123.083 26
1 324.876 124.535 26
1 326.32 125.979 26
1 327.764 127.423 26
1 329.215 128.874 26
1 330.658 130.317 26
1 332.102 131.761 26
1 333.574 133.233 26
1 335.018 134.677 26
1 336.469 136.128 26
1 337.917 137.576 26
1 339.36 139.019 26
1 340.811 140.47 26
1 342.255 141.914 26
1 343.698 143.357 26
1 345.156 144.815 26
1 346.593 146.252 26
1 348.035 147.694 26
1 349.493 149.152 26
1 350.936 150.595 26
1 352.394 152.053 26
1 353.844 153.503 26
1 355.287 154.946 26
1 356.737 156.396 26
1 358.188 157.847 26
1 359.632 159.291 26
1 361.076 160.735 26
1 362.527 162.186 26
1 363.97 163.629 26
1 365.414 165.073 26
1 366.889 166.548 26
1 368.33 167.989 26
1 369.782 169.441 26
1 371.23 170.889 26
1 372.674 172.333 26
1 374.132 173.791 26
1 375.569 175.228 26
1 377.012 176.671 26
1 378.47 178.129 26
1 379.914 179.573 26
1 381.358 181.017 26
1 382.824 182.483 26
1 384.267 183.926 26
1 385.71 185.369 26
1 387.162 186.821 26
1 388.606 188.265 26
1 390.05 189.709 26
1 391.501 191.16 26
1 392.945 192.604 26
1 394.389 194.048 26
1 395.846 195.505 26
2 397.283 9.6e-08 26
2 398.726 1.44278 26
2 400.184 2.90052 26
2 401.627 4.34415 26
2 403.064 5.78107 26
2 404.521 7.23746 26
2 405.964 8.68096 26
2 407.408 10.1245 26
2 408.873 11.5902 26
2 410.317 13.0334 26
2 411.767 14.4842 26
2 413.211 15.9275 26
2 414.654 17.3712 26
2 416.122 18.8391 26
2 417.565 20.2822 26
2 419.009 21.7259 26
2 420.461 23.1779 26
2 421.904 24.6209 26
2 423.362 26.0792 26
2 424.813 27.5295 26
2 426.257 28.9733 26
2 427.705 30.4221 26
2 429.163 31.8795 26
2 430.607 33.3238 26
2 432.051 34.7674 26
2 433.502 36.2188 26
2 434.946 37.6625 26
2 436.398 39.1144 26
2 437.842 40.5584 26
2 439.285 42.0019 26
2 440.736 43.4532 26
2 442.191 44.9074 26
2 443.634 46.351 26
2 445.085 47.802 26
2 446.528 49.2451 26
2 447.972 50.6891 26
2 449.44 52.1571 26
2 450.883 53.5995 26
2 452.326 55.0426 26
2 453.778 56.4943 26
2 455.22 57.9368 26
2 456.663 59.3795 26
2 458.115 60.8315 26
2 459.559 62.2753 26
2 461.012 63.7288 26
2 462.463 65.1794 26
2 463.906 66.6231 26
2 465.35 68.0668 26
2 466.801 69.5178 26
2 468.259 70.9763 26
2 469.711 72.4279 26
2 471.155 73.8717 26
2 472.599 75.3155 26
2 474.05 76.7665 26
2 475.494 78.211 26
2 476.938 79.6549 26
2 478.389 81.1062 26
2 479.843 82.5594 26
2 481.286 84.0032 26
2 482.744 85.4612 26
2 484.182 86.8983 26
2 485.625 88.3413 26
2 487.082 89.7991 26
2 488.526 91.2431 26
2 489.97 92.6872 26
2 491.421 94.1382 26
2 492.865 95.5817 26
2 494.325 97.0413 26
2 495.776 98.493 26
2 497.22 99.937 26
2 498.664 101.381 26
2 500.114 102.831 26
2 501.574 104.291 26
2 503.026 105.743 26
2 504.469 107.186 26
2 505.913 108.63 26
2 507.364 110.081 26
2 508.808 111.525 26
2 510.252 112.969 26
2 511.703 114.42 26
2 513.156 115.873 26
2 514.6 117.317 26
2 516.057 118.774 26
2 517.501 120.218 26
2 518.937 121.654 26
2 520.405 123.121 26
2 521.848 124.565 26
2 523.292 126.009 26
2 524.742 127.459 26
2 526.186 128.903 26
2 527.629 130.346 26
2 529.08 131.797 26
2 530.523 133.24 26
2 531.967 134.684 26
2 533.419 136.135 26
2 534.868 137.584 26
2 536.312 139.028 26
2 537.762 140.479 26
2 539.205 141.922 26
2 540.649 143.366 26
2 542.107 144.824 26
2 543.55 146.267 26
2 544.987 147.704 26
2 546.459 149.176 26
2 547.902 150.619 26
2 549.354 152.071 26
2 550.798 153.514 26
2 552.241 154.958 26
2 553.708 156.425 26
2 555.152 157.869 26
2 556.596 159.313 26
2 558.048 160.765 26
2 559.491 162.207 26
2 560.934 163.65 26
2 562.386 165.102 26
2 563.829 166.546 26
2 565.282 167.998 26
2 566.733 169.449 26
2 568.177 170.893 26
2 569.62 172.337 26
2 571.07 173.787 26
2 572.53 175.247 26
2 573.981 176.698 26
2 575.425 178.142 26
2 576.867 179.584 26
2 578.319 181.036 26
2 579.763 182.48 26
2 581.207 183.924 26
2 582.657 185.374 26
2 584.111 186.827 26
2 585.554 188.271 26
2 587.006 189.722 26
2 588.448 191.165 26
2 589.891 192.608 26
2 591.359 194.076 26
3 592.802 1.06e-07 26
3 594.245 1.44297 26
3 595.696 2.89436 26
3 597.14 4.33794 26
3 598.582 5.78022 26
3 600.033 7.23108 26
3 601.476 8.67443 26
3 602.92 10.118 26
3 604.371 11.5693 26
3 605.815 13.0128 26
3 607.259 14.4568 26
3 608.711 15.9086 26
3 610.154 17.3522 26
3 611.597 18.795 26
3 613.069 20.2673 26
3 614.512 21.7099 26
3 615.964 23.162 26
3 617.408 24.6058 26
3 618.851 26.0492 26
3 620.307 27.5047 26
3 621.75 28.9479 26
3 623.192 30.3906 26
3 624.666 31.8641 26
3 626.109 33.3074 26
3 627.553 34.7508 26
3 629.015 36.213 26
3 630.458 37.6563 26
3 631.901 39.0992 26
3 633.353 40.5513 26
3 634.797 41.9953 26
3 636.241 43.4389 26
3 637.692 44.8905 26
3 639.135 46.333 26
3 640.579 47.777 26
3 642.037 49.2348 26
3 643.496 50.6939 26
3 644.947 52.1455 26
3 646.391 53.5889 26
3 647.834 55.0318 26
3 649.285 56.4834 26
3 650.745 57.943 26
3 652.188 59.3865 26
3 653.639 60.8371 26
3 655.083 62.2811 26
3 656.527 63.7247 26
3 657.978 65.1763 26
3 659.422 66.6197 26
3 660.865 68.0631 26
3 662.327 69.5253 26
3 663.771 70.9692 26
3 665.215 72.413 26
3 666.666 73.8637 26
3 668.109 75.3073 26
3 669.559 76.7566 26
3 671.015 78.2132 26
3 672.459 79.6573 26
3 673.903 81.1013 26
3 675.353 82.5515 26
3 676.797 83.9947 26
3 678.249 85.4467 26
3 679.692 86.8901 26
3 681.135 88.3333 26
3 682.586 89.7841 26
3 684.04 91.2379 26
3 685.484 92.6818 26
3 686.935 94.133 26
3 688.393 95.5909 26
3 689.836 97.0346 26
3 691.288 98.4861 26
3 692.731 99.9286 26
3 694.173 101.371 26
3 695.625 102.823 26
3 697.069 104.267 26
3 698.512 105.71 26
3 699.963 107.161 26
3 701.406 108.605 26
3 702.855 110.053 26
3 704.306 111.504 26
3 705.749 112.948 26
3 707.193 114.391 26
3 708.643 115.841 26
3 710.087 117.285 26
3 711.53 118.729 26
3 712.988 120.186 26
3 714.425 121.623 26
3 715.868 123.066 26
3 717.326 124.524 26
3 718.769 125.967 26
3 720.212 127.41 26
3 721.678 128.876 26
3 723.12 130.318 26
3 724.572 131.77 26
3 726.038 133.236 26
3 727.481 134.679 26
3 728.933 136.131 26
3 730.376 137.574 26
3 731.819 139.017 26
3 733.27 140.468 26
3 734.713 141.911 26
3 736.157 143.355 26
3 737.607 144.805 26
3 739.05 146.249 26
3 740.5 147.698 26
3 741.951 149.149 26
3 743.395 150.593 26
3 744.838 152.036 26
3 746.289 153.487 26
3 747.752 154.95 26
3 749.203 156.401 26
3 750.646 157.844 26
3 752.09 159.288 26
3 753.541 160.739 26
3 754.985 162.183 26
3 756.427 163.625 26
3 757.878 165.076 26
3 759.338 166.536 26
3 760.774 167.972 26
3 762.23 169.428 26
3 763.674 170.872 26
3 765.117 172.315 26
3 766.578 173.776 26
3 768.022 175.22 26
3 769.466 176.664 26
3 770.917 178.115 26
3 772.36 179.558 26
3 773.803 181.001 26
3 775.255 182.453 26
3 776.699 183.897 26
3 778.143 185.341 26
3 779.593 186.791 26
3 781.052 188.25 26
3 782.504 189.702 26
3 783.947 191.145 26
3 785.39 192.588 26
3 786.841 194.039 26
3 788.284 195.482 26
4 789.726 8.8e-08 26
4 791.177 1.45089 26
4 792.621 2.89493 26
4 794.065 4.33875 26
4 795.516 5.79003 26
4 796.958 7.23175 26
4 798.401 8.67479 26
4 799.869 10.1423 26
4 801.305 11.5789 26
4 802.747 13.0211 26
4 804.204 14.4779 26
4 805.641 15.9149 26
4 807.099 17.3729 26
4 808.551 18.8244 26
4 809.993 20.2665 26
4 811.451 21.7247 26
4 812.901 23.1744 26
4 814.344 24.618 26
4 815.788 26.0614 26
4 817.245 27.5189 26
4 818.698 28.9716 26
4 820.15 30.4235 26
4 821.593 31.8669 26
4 823.037 33.3104 26
4 824.487 34.7607 26
4 825.93 36.2041 26
4 827.374 37.6478 26
4 828.826 39.0993 26
4 830.279 40.5526 26
4 831.722 41.9959 26
4 833.18 43.4535 26
4 834.623 44.8971 26
4 836.059 46.3331 26
4 837.527 47.8006 26
4 838.97 49.244 26
4 840.413 50.6862 26
4 841.863 52.1368 26
4 843.307 53.5802 26
4 844.75 55.0238 26
4 846.201 56.4746 26
4 847.644 57.9174 26
4 849.092 59.3659 26
4 850.543 60.8171 26
4 851.987 62.2606 26
4 853.429 63.7029 26
4 854.88 65.1534 26
4 856.34 66.6133 26
4 857.783 68.0568 26
4 859.233 69.5068 26
4 860.676 70.9501 26
4 862.129 72.4021 26
4 863.572 73.8455 26
4 865.015 75.2883 26
4 866.466 76.7397 26
4 867.91 78.184 26
4 869.354 79.6272 26
4 870.815 81.0886 26
4 872.258 82.5314 26
4 873.702 83.9753 26
4 875.174 85.4481 26
4 876.618 86.8919 26
4 878.062 88.3355 26
4 879.514 89.7874 26
4 880.957 91.2306 26
4 882.399 92.673 26
4 883.852 94.1253 26
4 885.296 95.5694 26
4 886.739 97.0127 26
4 888.19 98.4633 26
4 889.655 99.9286 26
4 891.107 101.38 26
4 892.55 102.824 26
4 893.999 104.273 26
4 895.45 105.723 26
4 896.894 107.168 26
4 898.338 108.612 26
4 899.79 110.064 26
4 901.232 111.506 26
4 902.676 112.95 26
4 904.134 114.408 26
4 905.578 115.851 26
4 907.014 117.287 26
4 908.486 118.76 26
4 909.929 120.203 26
4 911.373 121.647 26
4 912.829 123.103 26
4 914.272 124.546 26
4 915.716 125.99 26
4 917.166 127.439 26
4 918.609 128.882 26
4 920.053 130.326 26
4 921.503 131.777 26
4 922.946 133.22 26
4 924.39 134.663 26
4 925.847 136.121 26
4 927.306 137.58 26
4 928.758 139.032 26
4 930.202 140.476 26
4 931.645 141.919 26
4 933.096 143.37 26
4 934.556 144.829 26
4 935.999 146.273 26
4 937.45 147.724 26
4 938.893 149.166 26
4 940.336 150.61 26
4 941.788 152.062 26
4 943.231 153.505 26
4 944.674 154.948 26
4 946.126 156.4 26
4 947.57 157.843 26
4 949.023 159.297 26
4 950.474 160.748 26
4 951.918 162.191 26
4 953.361 163.635 26
4 954.812 165.085 26
4 956.255 166.529 26
4 957.699 167.973 26
4 959.15 169.423 26
4 960.613 170.887 26
4 962.064 172.337 26
4 963.507 173.781 26
4 964.956 175.23 26
4 966.407 176.681 26
4 967.851 178.125 26
4 969.295 179.568 26
4 970.746 181.019 26
4 972.189 182.463 26
4 973.633 183.906 26
4 975.09 185.364 26
4 976.527 186.801 26
4 977.971 188.244 26
4 979.443 189.717 26
4 980.886 191.16 26
4 982.33 192.604 26
4 983.781 194.054 26
5 985.325 1.6e-07 26
5 986.779 1.45367 26
5 988.222 2.89665 26
5 989.672 4.34694 26
5 991.116 5.79046 26
5 992.559 7.23399 26
5 994.01 8.685 26
5 995.453 10.1274 26
5 996.896 11.5708 26
5 998.348 13.0224 26
5 999.79 14.4652 26
5 1001.23 15.908 26
5 1002.69 17.3603 26
5 1004.13 18.8041 26
5 1005.58 20.2527 26
5 1007.04 21.7111 26
5 1008.48 23.1552 26
5 1009.92 24.5925 26
5 1011.37 26.0487 26
5 1012.83 27.5029 26
5 1014.27 28.9464 26
5 1015.72 30.397 26
5 1017.17 31.8401 26
5 1018.61 33.2836 26
5 1020.07 34.7451 26
5 1021.51 36.1877 26
5 1022.96 37.6312 26
5 1024.42 39.0988 26
5 1025.87 40.542 26
5 1027.32 41.9929 26
5 1028.76 43.4371 26
5 1030.21 44.8808 26
5 1031.66 46.3322 26
5 1033.1 47.7748 26
5 1034.54 49.2182 26
5 1036 50.6704 26
5 1037.44 52.1148 26
5 1038.89 53.5683 26
5 1040.35 55.0248 26
5 1041.79 56.4686 26
5 1043.25 57.9227 26
5 1044.7 59.3734 26
5 1046.14 60.8163 26
5 1047.58 62.2598 26
5 1049.04 63.7117 26
5 1050.48 65.1545 26
5 1051.92 66.5972 26
5 1053.37 68.0488 26
5 1054.82 69.4923 26
5 1056.26 70.9356 26
5 1057.73 72.4075 26
5 1059.18 73.8501 26
5 1060.63 75.302 26
5 1062.07 76.7457 26
5 1063.51 78.1896 26
5 1064.97 79.646 26
5 1066.41 81.0895 26
5 1067.86 82.5327 26
5 1069.31 83.9836 26
5 1070.75 85.427 26
5 1072.2 86.8705 26
5 1073.65 88.3221 26
5 1075.09 89.7646 26
5 1076.53 91.2082 26
5 1077.99 92.6657 26
5 1079.44 94.1189 26
5 1080.89 95.5612 26
5 1082.34 97.0131 26
5 1083.78 98.4571 26
5 1085.23 99.9004 26
5 1086.68 101.351 26
5 1088.12 102.794 26
5 1089.56 104.238 26
5 1091.03 105.705 26
5 1092.47 107.143 26
5 1093.91 108.586 26
5 1095.38 110.054 26
5 1096.82 111.497 26
5 1098.27 112.947 26
5 1099.72 114.39 26
5 1101.16 115.834 26
5 1102.61 117.285 26
5 1104.05 118.727 26
5 1105.5 120.17 26
5 1106.95 121.622 26
5 1108.39 123.065 26
5 1109.84 124.518 26
5 1111.3 125.975 26
5 1112.74 127.419 26
5 1114.19 128.862 26
5 1115.64 130.313 26
5 1117.09 131.766 26
6 1118.53 9.7e-08 26
6 1119.99 1.45114 26
6 1121.43 2.89362 26
6 1122.87 4.33722 26
6 1124.32 5.78876 26
6 1125.77 7.23263 26
6 1127.21 8.67498 26
6 1128.66 10.1258 26
6 1130.1 11.5691 26
6 1131.55 13.0132 26
6 1133.01 14.471 26
6 1134.44 15.9086 26
6 1135.92 17.3809 26
6 1137.36 18.8227 26
6 1138.8 20.2658 26
6 1140.25 21.7177 26
6 1141.7 23.1609 26
6 1143.14 24.6085 26
6 1144.59 26.0598 26
6 1146.04 27.5022 26
6 1147.48 28.9455 26
6 1148.94 30.4033 26
6 1150.4 31.8621 26
6 1151.84 33.3059 26
6 1153.29 34.7571 26
6 1154.74 36.2045 26
6 1156.18 37.6478 26
6 1157.63 39.0983 26
6 1159.08 40.5419 26
6 1160.52 41.9855 26
6 1161.98 43.4429 26
6 1163.41 44.8794 26
6 1164.86 46.3227 26
6 1166.33 47.7957 26
6 1167.77 49.2384 26
6 1169.23 50.6905 26
6 1170.67 52.1337 26
6 1172.11 53.5763 26
6 1173.58 55.0432 26
6 1175.02 56.4867 26
6 1176.46 57.9302 26
6 1177.92 59.3811 26
6 1179.36 60.8248 26
6 1180.8 62.2685 26
6 1182.25 63.7199 26
6 1183.7 65.1622 26
6 1185.14 66.6055 26
7 1186.59 8e-08 26
7 1188.03 1.44219 26
7 1189.48 2.88382 26
7 1190.93 4.3349 26
7 1192.37 5.77761 26
7 1193.81 7.21952 26
7 1195.27 8.68063 26
7 1196.71 10.1232 26
7 1198.16 11.5657 26
7 1199.62 13.0325 26
7 1201.07 14.4752 26
7 1202.5 15.9106 26
7 1203.96 17.3675 26
7 1205.4 18.8102 26
7 1206.87 20.2759 26
7 1208.31 21.7176 26
7 1209.75 23.1597 26
7 1211.2 24.6107 26
7 1212.64 26.0524 26
7 1214.09 27.4995 26
7 1215.54 28.9496 26
7 1216.98 30.3925 26
7 1218.43 31.8351 26
7 1219.88 33.2851 26
8 1221.32 8e-08 26
8 1222.76 1.44332 26
8 1224.21 2.89287 26
8 1225.66 4.33531 26
8 1227.1 5.7789 26
8 1228.55 7.22887 26
8 1229.99 8.67166 26
8 1231.43 10.1152 26
8 1232.91 11.5878 26
8 1234.35 13.031 26
8 1235.79 14.4744 26
8 1237.24 15.9242 26
8 1238.69 17.366 26
9 1240.14 1.01e-07 26
9 1241.59 1.45137 26
9 1243.03 2.89522 26
9 1244.47 4.33867 26
9 1245.93 5.79009 26
9 1247.38 7.24856 26
9 1248.84 8.70018 26
10 1250.28 5.5e-08 26
10 1251.73 1.45256 26
10 1253.18 2.90388 26
10 1254.62 4.34711 26.5
11 1256.07 5.1e-08 26.5
11 1257.52 1.45118 26.5
11 1258.96 2.89501 26.5
12 1260.41 8.5e-08 26.5
12 1261.86 1.45729 26.5
13 1263.32 6e-08 26.5
14 1264.76 5.1e-08 26.5
14 1266.21 1.4504 27
15 1267.66 4.9e-08 27
16 1269.1 8.3e-08 27
17 1270.56 6.5e-08 27
17 1272 1.44202 27
18 1273.44 6.8e-08 27
19 1274.89 7.9e-08 27
20 1276.33 8.3e-08 27
20 1277.77 1.44205 27
21 1279.22 1.6e-07 27
22 1280.67 5.8e-08 27
23 1282.11 9.2e-08 27
23 1283.56 1.45098 27
24 1285 1.07e-07 27
25 1286.45 5.9e-08 27
25 1287.9 1.45079 27
26 1289.34 5.8e-08 26.5
27 1292.29 1.06e-07 27
28 1297.13 1e-07 27
