0 6.65667 8.6e-08 22
0 9.5506 2.89393 22
0 10.9939 4.3372 22
0 12.4361 5.77945 22
0 13.8875 7.23087 22
0 15.3311 8.6744 22
0 16.7761 10.1195 22
0 18.2318 11.5751 22
0 19.6752 13.0185 22
0 21.128 14.4713 22
1 22.5716 6.8e-08 22
1 24.0139 1.44228 22
1 25.4666 2.895 22
1 26.9093 4.3377 22
1 28.3538 5.78217 22
1 29.8151 7.24354 22
1 31.2547 8.68315 22
1 32.6987 10.1271 22
1 34.1503 11.5788 22
1 35.5938 13.0222 22
2 37.0414 6.8e-08 22
2 38.489 1.4476 22
2 39.9329 2.89145 22
2 41.3769 4.33551 22
2 42.8342 5.79279 22
2 44.2776 7.23621 22
2 45.7296 8.68819 22
2 47.1733 10.1319 22
2 48.6168 11.5754 22
2 50.0684 13.027 22
3 51.512 7.4e-08 22
3 52.9555 1.44356 22
3 54.4128 2.90084 22
3 55.8565 4.34453 22
3 57.3003 5.78829 22
3 58.7512 7.23919 22
3 60.1934 8.68142 22
3 61.6349 10.1229 22
3 63.085 11.573 22
3 64.5273 13.0153 22
3 65.9711 14.4591 22
3 67.4227 15.9107 22
4 68.8663 8.3e-08 22
4 70.3098 1.44349 22
4 71.7673 2.90105 22
4 73.2113 4.34503 22
4 74.6629 5.7966 22
4 76.1067 7.24048 22
4 77.5497 8.68339 22
4 79.0014 10.1351 22
4 80.4447 11.5784 22
4 81.8874 13.0211 22
4 83.3444 14.4781 22
4 84.7881 15.9218 22
5 86.2354 7e-08 22
5 87.6831 1.44769 22
5 89.1265 2.8911 22
5 90.574 4.33864 22
5 92.0212 5.78582 22
5 93.4648 7.22938 22
5 94.9084 8.67303 22
6 96.3703 8.2e-08 22
6 97.8099 1.4396 22
6 99.2614 2.89101 22
7 100.709 6.7e-08 22.5
7 102.148 1.43944 22.5
7 103.599 2.88999 23
8 105.042 8.7e-08 23
9 106.485 6.5e-08 23
10 107.942 6.9e-08 23.5
11 109.386 6.8e-08 24
12 110.83 1.36e-07 24
13 112.281 7.6e-08 24
14 113.724 6.2e-08 24
16 115.168 7.7e-08 24
17 116.619 7.2e-08 24
18 118.062 7.3e-08 24
20 119.505 4.6e-08 24
21 120.963 6.8e-08 24
22 122.407 8.1e-08 24
23 123.857 7.2e-08 24
24 125.306 7e-08 22
25 126.744 6.5e-08 22.5
26 129.596 1.55e-07 22.5
27 134.637 2.06e-07 22
28 143.987 1.72e-07 22
