0 6.75527 1.05e-07 21.5
0 9.64197 2.8867 21.5
0 11.0938 4.33853 21.5
0 12.5375 5.78227 21.5
0 13.9783 7.22304 21.5
1 15.4373 9.2e-08 21.5
1 16.8792 1.44184 21.5
1 18.3185 2.88113 22
2 19.7688 7.3e-08 22.5
3 21.2117 6.3e-08 23.5
4 22.6542 6.6e-08 24.5
6 24.1051 5.6e-08 24.5
9 25.5489 7e-08 25
11 26.99 5.8e-08 25
14 28.4469 6.8e-08 25
16 29.8897 4.4e-08 25
18 31.3458 6.8e-08 21.5
20 32.8053 5.9e-08 21.5
21 34.449 1.55e-07 21.5
22 37.017 1.73e-07 21.5
23 41.6627 1.53e-07 21.5
24 50.8065 1.48e-07 21.5
