0 6.78296 7.3e-08 26.5
0 9.6822 2.89924 26.5
0 11.1186 4.33568 26.5
0 12.5605 5.77753 26.5
0 14.0146 7.23168 26.5
0 15.457 8.67404 26.5
0 16.8963 10.1134 26.5
0 18.3502 11.5672 26.5
0 19.796 13.013 26.5
0 21.2384 14.4555 26.5
0 22.6856 15.9026 26.5
0 24.1311 17.3481 26.5
0 25.5718 18.7889 26.5
0 27.0222 20.2393 26.5
0 28.4649 21.6819 26.5
0 29.9266 23.1437 26.5
0 31.3738 24.5909 26.5
0 32.8331 26.0501 26.5
0 34.293 27.51 26.5
0 35.7362 28.9532 26.5
0 37.1793 30.3963 26.5
0 38.6349 31.8519 26.5
0 40.1065 33.3235 26.5
1 41.5544 8.9e-08 26.5
1 42.9978 1.44341 26.5
1 44.4459 2.89144 26.5
1 45.9128 4.35834 26.5
1 47.3663 5.81187 26.5
1 48.8189 7.26446 26.5
1 50.2908 8.73633 26.5
1 51.743 10.1885 26.5
1 53.1991 11.6447 26.5
1 54.658 13.1035 26.5
1 56.1017 14.5472 26.5
1 57.5626 16.0082 26.5
1 59.0107 17.4563 26.5
1 60.4532 18.8988 26.5
1 61.9199 20.3654 26.5
1 63.3636 21.8092 26.5
1 64.8249 23.2705 26.5
1 66.2725 24.718 26.5
1 67.7207 26.1663 26.5
1 69.1878 27.6333 26.5
1 70.6298 29.0753 26.5
1 72.0875 30.5331 26.5
1 73.5533 31.9989 26.5
2 75.0066 1.25e-07 27
2 76.462 1.45547 26.5
2 77.9046 2.898 26.5
2 79.3487 4.34216 26.5
2 80.7978 5.7912 27
2 82.2459 7.23933 27
2 83.7049 8.69831 26.5
2 85.1666 10.16 26.5
2 86.6139 11.6073 26.5
2 88.0557 13.0492 26.5
2 89.5225 14.516 27
2 90.976 15.9694 26.5
2 92.4313 17.4248 26.5
2 93.8746 18.868 26.5
2 95.3268 20.3203 26.5
2 96.7841 21.7776 26.5
2 98.2379 23.2313 26.5
2 99.6805 24.6739 27
2 101.136 26.1297 26.5
2 102.578 27.5718 26.5
2 104.022 29.0153 26.5
2 105.473 30.4667 26.5
2 106.915 31.9081 26.5
3 108.358 1.09e-07 27
3 109.81 1.45226 27
3 111.255 2.89645 27
3 112.699 4.3406 27
3 114.149 5.79059 27
3 115.609 7.25071 27
3 117.061 8.70303 27
3 118.515 10.1569 27
3 119.958 11.5997 27
3 121.426 13.0676 27
3 122.869 14.5112 27
3 124.328 15.9701 27
3 125.78 17.4222 27
3 127.224 18.866 27
3 128.667 20.3089 27
3 130.118 21.7597 27
3 131.578 23.2201 27
3 133.03 24.6721 27
3 134.474 26.1155 27
3 135.927 27.5684 27
3 137.379 29.0208 27
3 138.823 30.4651 27
3 140.267 31.9093 27
3 141.718 33.3598 27
4 143.182 8.1e-08 27
4 144.625 1.4433 27
4 146.082 2.90006 27
4 147.525 4.3431 27
4 148.968 5.78668 27
4 150.437 7.25504 27
4 151.88 8.69865 27
4 153.33 10.1484 27
4 154.774 11.5926 27
4 156.219 13.0368 27
4 157.67 14.4887 27
4 159.116 15.9343 27
4 160.557 17.375 27
5 162.014 8.5e-08 27
5 163.457 1.44263 27
5 164.9 2.88603 27
5 166.357 4.3426 27
5 167.8 5.78597 27
5 169.257 7.24307 27
5 170.705 8.69107 27
6 172.159 8e-08 27
6 173.601 1.44227 27
6 175.053 2.89368 27
7 176.497 7.2e-08 27.5
7 177.947 1.44993 28
8 179.398 7.2e-08 28
9 180.842 8.8e-08 29.5
10 182.286 1.37e-07 30
12 183.737 1.01e-07 30.5
14 185.18 8.5e-08 30.5
16 186.627 6.3e-08 30.5
19 188.184 1.6e-07 30.5
21 189.651 9.9e-08 30.5
22 191.091 8.8e-08 30.5
24 193.435 1.58e-07 27
25 196.19 1.09e-07 27
26 201.047 1.45e-07 27.5
27 210.189 1.56e-07 27
