        type trial_config ert_flop   unroll  buffers        nsize       trials       microsecs        bytes        flops         GB/s         GF/s
       float    coalesced        8       32        2          256     16777216     7702101.158   8589934592   8589934592        1.115        1.115
       float    coalesced        8       32        2          512     16777216     8200506.088  17179869184  17179869184        2.095        2.095
       float    coalesced        8       32        2         1024      8388608     4676362.661  17179869184  17179869184        3.674        3.674
       float    coalesced        8       32        2         2048      4194304     2728048.567  17179869184  17179869184        6.297        6.297
       float    coalesced        8       32        2         4096      2097152     1488247.275  17179869184  17179869184       11.544       11.544
       float    coalesced        8       32        2         8192      1048576     1004883.270  17179869184  17179869184       17.096       17.096
       float    coalesced        8       32        2        16384       524288      723116.161  17179869184  17179869184       23.758       23.758
       float    coalesced        8       32        2        32768       262144      614114.888  17179869184  17179869184       27.975       27.975
       float    coalesced        8       32        2        65536       131072      591164.822  17179869184  17179869184       29.061       29.061
       float    coalesced        8       32        2       131072        65536      569484.950  17179869184  17179869184       30.167       30.167
       float    coalesced        8       32        2       262144        32768      565388.080  17179869184  17179869184       30.386       30.386
       float    coalesced        8       32        2       524288        16384      562464.241  17179869184  17179869184       30.544       30.544
       float    coalesced        8       32        2      1048576         8192      560707.694  17179869184  17179869184       30.640       30.640
       float    coalesced        8       32        2      2097152         4096      559822.452  17179869184  17179869184       30.688       30.688
       float    coalesced        8       32        2      4194304         2048      559215.070  17179869184  17179869184       30.721       30.721
       float    coalesced        8       32        2      8388608         1024      558886.454  17179869184  17179869184       30.739       30.739
       float    coalesced        8       32        2     16777216          512      558724.620  17179869184  17179869184       30.748       30.748
       float    coalesced        8       32        2     33554432          256      558603.216  17179869184  17179869184       30.755       30.755
       float    coalesced        8       32        2     67108864          128      558617.162  17179869184  17179869184       30.754       30.754
       float    coalesced        8       32        2    134217728           64      558523.092  17179869184  17179869184       30.759       30.759
       float    coalesced        8       32        2    268435456           32      558635.979  17179869184  17179869184       30.753       30.753
       float    coalesced        8       32        2    536870912           16      558609.675  17179869184  17179869184       30.755       30.755
       float    coalesced        8       32        2   1073741824            8      558589.736  17179869184  17179869184       30.756       30.756
       float    coalesced        8       32        2   2147483648            4      558599.904  17179869184  17179869184       30.755       30.755
       float    coalesced        8       32        2   4294967296            2      558628.821  17179869184  17179869184       30.754       30.754
       float    coalesced        8       32        2   8588886016            1      558572.531  17177772032  17177772032       30.753       30.753
