        type trial_config ert_flop   unroll  buffers        nsize       trials       microsecs        bytes        flops         GB/s         GF/s
 signed_char    coalesced       16       32        1           32     16777216     6546534.619   1073741824   8589934592        0.164        1.312
 signed_char    coalesced       16       32        1           64     16777216     6891065.815   2147483648  17179869184        0.312        2.493
 signed_char    coalesced       16       32        1          128     16777216     7231574.494   4294967296  34359738368        0.594        4.751
 signed_char    coalesced       16       32        1          256     16777216     7701787.828   8589934592  68719476736        1.115        8.923
 signed_char    coalesced       16       32        1          512      8388608     4364398.081   8589934592  68719476736        1.968       15.745
 signed_char    coalesced       16       32        1         1024      4194304     2518011.336   8589934592  68719476736        3.411       27.291
 signed_char    coalesced       16       32        1         2048      2097152     1487946.025   8589934592  68719476736        5.773       46.184
 signed_char    coalesced       16       32        1         4096      1048576      909361.386   8589934592  68719476736        9.446       75.569
 signed_char    coalesced       16       32        1         8192       524288      711690.208   8589934592  68719476736       12.070       96.558
 signed_char    coalesced       16       32        1        16384       262144      572484.183   8589934592  68719476736       15.005      120.037
 signed_char    coalesced       16       32        1        32768       131072      508076.614   8589934592  68719476736       16.907      135.254
 signed_char    coalesced       16       32        1        65536        65536      468922.211   8589934592  68719476736       18.318      146.548
 signed_char    coalesced       16       32        1       131072        32768      445218.107   8589934592  68719476736       19.294      154.350
 signed_char    coalesced       16       32        1       262144        16384      434866.285   8589934592  68719476736       19.753      158.024
 signed_char    coalesced       16       32        1       524288         8192      429394.224   8589934592  68719476736       20.005      160.038
 signed_char    coalesced       16       32        1      1048576         4096      426837.759   8589934592  68719476736       20.125      160.997
 signed_char    coalesced       16       32        1      2097152         2048      425603.130   8589934592  68719476736       20.183      161.464
 signed_char    coalesced       16       32        1      4194304         1024      424925.268   8589934592  68719476736       20.215      161.721
 signed_char    coalesced       16       32        1      8388608          512      424616.010   8589934592  68719476736       20.230      161.839
 signed_char    coalesced       16       32        1     16777216          256      424450.529   8589934592  68719476736       20.238      161.902
 signed_char    coalesced       16       32        1     33554432          128      424364.999   8589934592  68719476736       20.242      161.935
 signed_char    coalesced       16       32        1     67108864           64      424344.856   8589934592  68719476736       20.243      161.943
 signed_char    coalesced       16       32        1    134217728           32      424332.842   8589934592  68719476736       20.243      161.947
 signed_char    coalesced       16       32        1    268435456           16      424313.308   8589934592  68719476736       20.244      161.955
 signed_char    coalesced       16       32        1    536870912            8      424284.961   8589934592  68719476736       20.246      161.965
 signed_char    coalesced       16       32        1   1073741824            4      424283.635   8589934592  68719476736       20.246      161.966
 signed_char    coalesced       16       32        1   2147483648            2      424300.783   8589934592  68719476736       20.245      161.959
 signed_char    coalesced       16       32        1   4293918720            1      424151.959   8587837440  68702699520       20.247      161.977
