        type trial_config ert_flop   unroll  buffers        nsize       trials       microsecs        bytes        flops         GB/s         GF/s
       float    coalesced        8      128        2         1024      8388608     5951766.728  17179869184  17179869184        2.887        2.887
       float    coalesced        8      128        2         2048      4194304     3273576.920  17179869184  17179869184        5.248        5.248
       float    coalesced        8      128        2         4096      2097152     1925800.881  17179869184  17179869184        8.921        8.921
       float    coalesced        8      128        2         8192      1048576     1289774.793  17179869184  17179869184       13.320       13.320
       float    coalesced        8      128        2        16384       524288      965891.955  17179869184  17179869184       17.787       17.787
       float    coalesced        8      128        2        32768       262144      813148.259  17179869184  17179869184       21.128       21.128
       float    coalesced        8      128        2        65536       131072      731022.356  17179869184  17179869184       23.501       23.501
       float    coalesced        8      128        2       131072        65536      686320.126  17179869184  17179869184       25.032       25.032
       float    coalesced        8      128        2       262144        32768      667524.905  17179869184  17179869184       25.737       25.737
       float    coalesced        8      128        2       524288        16384      656471.612  17179869184  17179869184       26.170       26.170
       float    coalesced        8      128        2      1048576         8192      651716.988  17179869184  17179869184       26.361       26.361
       float    coalesced        8      128        2      2097152         4096      648999.019  17179869184  17179869184       26.471       26.471
       float    coalesced        8      128        2      4194304         2048      647695.940  17179869184  17179869184       26.525       26.525
       float    coalesced        8      128        2      8388608         1024      647124.561  17179869184  17179869184       26.548       26.548
       float    coalesced        8      128        2     16777216          512      646795.945  17179869184  17179869184       26.561       26.561
       float    coalesced        8      128        2     33554432          256      646647.093  17179869184  17179869184       26.568       26.568
       float    coalesced        8      128        2     67108864          128      646563.463  17179869184  17179869184       26.571       26.571
       float    coalesced        8      128        2    134217728           64      646543.626  17179869184  17179869184       26.572       26.572
       float    coalesced        8      128        2    268435456           32      646455.381  17179869184  17179869184       26.575       26.575
       float    coalesced        8      128        2    536870912           16      646559.139  17179869184  17179869184       26.571       26.571
       float    coalesced        8      128        2   1073741824            8      646451.584  17179869184  17179869184       26.576       26.576
       float    coalesced        8      128        2   2147483648            4      646499.408  17179869184  17179869184       26.574       26.574
       float    coalesced        8      128        2   4294967296            2      646449.547  17179869184  17179869184       26.576       26.576
       float    coalesced        8      128        2   8588886016            1      646472.280  17177772032  17177772032       26.572       26.572
