        type trial_config ert_flop   unroll  buffers        nsize       trials       microsecs        bytes        flops         GB/s         GF/s
        long    coalesced       64        1        1            8     16777216    14547610.713    268435456   1073741824        0.018        0.074
        long    coalesced       64        1        1           16     16777216    14547597.802    536870912   2147483648        0.037        0.148
        long    coalesced       64        1        1           32     16777216    14696080.400   1073741824   4294967296        0.073        0.292
        long    coalesced       64        1        1           64     16777216    15403322.283   2147483648   8589934592        0.139        0.558
        long    coalesced       64        1        1          128     16777216    16663630.891   4294967296  17179869184        0.258        1.031
        long    coalesced       64        1        1          256     16777216    18703982.739   8589934592  34359738368        0.459        1.837
        long    coalesced       64        1        1          512      8388608    10910746.436   8589934592  34359738368        0.787        3.149
        long    coalesced       64        1        1         1024      4194304     6294635.797   8589934592  34359738368        1.365        5.459
        long    coalesced       64        1        1         2048      2097152     4091636.021   8589934592  34359738368        2.099        8.398
        long    coalesced       64        1        1         4096      1048576     2941054.734   8589934592  34359738368        2.921       11.683
        long    coalesced       64        1        1         8192       524288     2386827.951   8589934592  34359738368        3.599       14.396
        long    coalesced       64        1        1        16384       262144     2045876.352   8589934592  34359738368        4.199       16.795
        long    coalesced       64        1        1        32768       131072     1981793.983   8589934592  34359738368        4.334       17.338
        long    coalesced       64        1        1        65536        65536     1915569.207   8589934592  34359738368        4.484       17.937
        long    coalesced       64        1        1       131072        32768     1875361.885   8589934592  34359738368        4.580       18.322
        long    coalesced       64        1        1       262144        16384     1844920.516   8589934592  34359738368        4.656       18.624
        long    coalesced       64        1        1       524288         8192     1832756.526   8589934592  34359738368        4.687       18.748
        long    coalesced       64        1        1      1048576         4096     1822096.300   8589934592  34359738368        4.714       18.857
        long    coalesced       64        1        1      2097152         2048     1822110.046   8589934592  34359738368        4.714       18.857
        long    coalesced       64        1        1      4194304         1024     1820112.909   8589934592  34359738368        4.719       18.878
        long    coalesced       64        1        1      8388608          512     1819461.365   8589934592  34359738368        4.721       18.885
        long    coalesced       64        1        1     16777216          256     1818966.323   8589934592  34359738368        4.722       18.890
        long    coalesced       64        1        1     33554432          128     1818805.039   8589934592  34359738368        4.723       18.891
        long    coalesced       64        1        1     67108864           64     1818620.015   8589934592  34359738368        4.723       18.893
        long    coalesced       64        1        1    134217728           32     1818630.220   8589934592  34359738368        4.723       18.893
        long    coalesced       64        1        1    268435456           16     1818581.029   8589934592  34359738368        4.723       18.894
        long    coalesced       64        1        1    536870912            8     1818601.683   8589934592  34359738368        4.723       18.893
        long    coalesced       64        1        1   1073741824            4     1818566.135   8589934592  34359738368        4.723       18.894
        long    coalesced       64        1        1   2147483648            2     1818584.954   8589934592  34359738368        4.723       18.894
        long    coalesced       64        1        1   4293918720            1     1818153.546   8587837440  34351349760        4.723       18.894
