        type trial_config ert_flop   unroll  buffers        nsize       trials       microsecs        bytes        flops         GB/s         GF/s
       float    coalesced       16       32        2          256     16777216     9352434.721   8589934592  17179869184        0.918        1.837
       float    coalesced       16       32        2          512     16777216    10071764.504  17179869184  34359738368        1.706        3.411
       float    coalesced       16       32        2         1024      8388608     5455735.368  17179869184  34359738368        3.149        6.298
       float    coalesced       16       32        2         2048      4194304     2976076.081  17179869184  34359738368        5.773       11.545
       float    coalesced       16       32        2         4096      2097152     1637054.969  17179869184  34359738368       10.494       20.989
       float    coalesced       16       32        2         8192      1048576     1023318.121  17179869184  34359738368       16.788       33.577
       float    coalesced       16       32        2        16384       524288      762102.894  17179869184  34359738368       22.543       45.085
       float    coalesced       16       32        2        32768       262144      618699.652  17179869184  34359738368       27.768       55.535
       float    coalesced       16       32        2        65536       131072      590776.743  17179869184  34359738368       29.080       58.160
       float    coalesced       16       32        2       131072        65536      569857.250  17179869184  34359738368       30.148       60.295
       float    coalesced       16       32        2       262144        32768      565883.496  17179869184  34359738368       30.359       60.719
       float    coalesced       16       32        2       524288        16384      562733.597  17179869184  34359738368       30.529       61.059
       float    coalesced       16       32        2      1048576         8192      560716.656  17179869184  34359738368       30.639       61.278
       float    coalesced       16       32        2      2097152         4096      559700.664  17179869184  34359738368       30.695       61.389
       float    coalesced       16       32        2      4194304         2048      558801.511  17179869184  34359738368       30.744       61.488
       float    coalesced       16       32        2      8388608         1024      558461.270  17179869184  34359738368       30.763       61.526
       float    coalesced       16       32        2     16777216          512      558243.700  17179869184  34359738368       30.775       61.550
       float    coalesced       16       32        2     33554432          256      558170.869  17179869184  34359738368       30.779       61.558
       float    coalesced       16       32        2     67108864          128      558077.945  17179869184  34359738368       30.784       61.568
       float    coalesced       16       32        2    134217728           64      558144.181  17179869184  34359738368       30.780       61.561
       float    coalesced       16       32        2    268435456           32      558136.475  17179869184  34359738368       30.781       61.562
       float    coalesced       16       32        2    536870912           16      558113.015  17179869184  34359738368       30.782       61.564
       float    coalesced       16       32        2   1073741824            8      558002.720  17179869184  34359738368       30.788       61.576
       float    coalesced       16       32        2   2147483648            4      558057.123  17179869184  34359738368       30.785       61.570
       float    coalesced       16       32        2   4294967296            2      558133.354  17179869184  34359738368       30.781       61.562
       float    coalesced       16       32        2   8588886016            1      558008.653  17177772032  34355544064       30.784       61.568
