        type trial_config ert_flop   unroll  buffers        nsize       trials       microsecs        bytes        flops         GB/s         GF/s
       float    coalesced        1       32        1          128     16777216     6546713.919   4294967296    536870912        0.656        0.082
       float    coalesced        1       32        1          256     16777216     6891239.516   8589934592   1073741824        1.247        0.156
       float    coalesced        1       32        1          512      8388608     3705097.890   8589934592   1073741824        2.318        0.290
       float    coalesced        1       32        1         1024      4194304     2046155.012   8589934592   1073741824        4.198        0.525
       float    coalesced        1       32        1         2048      2097152     1169362.481   8589934592   1073741824        7.346        0.918
       float    coalesced        1       32        1         4096      1048576      711901.886   8589934592   1073741824       12.066        1.508
       float    coalesced        1       32        1         8192       524288      454881.964   8589934592   1073741824       18.884        2.360
       float    coalesced        1       32        1        16384       262144      343848.287   8589934592   1073741824       24.982        3.123
       float    coalesced        1       32        1        32768       131072      296358.035   8589934592   1073741824       28.985        3.623
       float    coalesced        1       32        1        65536        65536      305153.826   8589934592   1073741824       28.150        3.519
       float    coalesced        1       32        1       131072        32768      296070.265   8589934592   1073741824       29.013        3.627
       float    coalesced        1       32        1       262144        16384      292544.132   8589934592   1073741824       29.363        3.670
       float    coalesced        1       32        1       524288         8192      291507.441   8589934592   1073741824       29.467        3.683
       float    coalesced        1       32        1      1048576         4096      290719.548   8589934592   1073741824       29.547        3.693
       float    coalesced        1       32        1      2097152         2048      290215.809   8589934592   1073741824       29.598        3.700
       float    coalesced        1       32        1      4194304         1024      289990.312   8589934592   1073741824       29.621        3.703
       float    coalesced        1       32        1      8388608          512      289916.911   8589934592   1073741824       29.629        3.704
       float    coalesced        1       32        1     16777216          256      289823.613   8589934592   1073741824       29.638        3.705
       float    coalesced        1       32        1     33554432          128      289846.436   8589934592   1073741824       29.636        3.705
       float    coalesced        1       32        1     67108864           64      289820.827   8589934592   1073741824       29.639        3.705
       float    coalesced        1       32        1    134217728           32      289765.693   8589934592   1073741824       29.644        3.706
       float    coalesced        1       32        1    268435456           16      289775.537   8589934592   1073741824       29.643        3.705
       float    coalesced        1       32        1    536870912            8      289813.655   8589934592   1073741824       29.640        3.705
       float    coalesced        1       32        1   1073741824            4      289827.199   8589934592   1073741824       29.638        3.705
       float    coalesced        1       32        1   2147483648            2      289837.795   8589934592   1073741824       29.637        3.705
       float    coalesced        1       32        1   4293918720            1      289746.661   8587837440   1073479680       29.639        3.705
