0 6.5062 9.3e-08 22
0 9.39806 2.89186 22
0 10.8428 4.33657 22
0 12.2992 5.79303 22
0 13.7439 7.23771 22
0 15.1949 8.68875 22
0 16.6371 10.1309 22
0 18.0817 11.5755 22
0 19.5313 13.0251 22
0 20.975 14.4688 22
0 22.4174 15.9112 22
0 23.8748 17.3686 22
0 25.3191 18.8129 22
0 26.7607 20.2545 22
0 28.2121 21.7059 22
0 29.6544 23.1482 22
0 31.098 24.5918 22
0 32.5488 26.0427 22
1 33.9928 7e-08 22
1 35.4364 1.4436 22
1 36.8926 2.89972 22
1 38.3405 4.34766 22
1 39.7869 5.79407 22
1 41.2305 7.2377 22
1 42.6743 8.6815 22
1 44.1253 10.1324 22
1 45.5686 11.5758 22
1 47.0123 13.0194 22
1 48.4692 14.4764 22
1 49.9129 15.9201 22
1 51.3561 17.3633 22
1 52.807 18.8141 22
1 54.25 20.2572 22
1 55.693 21.7002 22
1 57.1444 23.1516 22
1 58.5876 24.5948 22
2 60.0301 1.47e-07 22
2 61.4868 1.45662 22
2 62.9302 2.90001 22
2 64.3814 4.3513 22
2 65.8239 5.79371 22
2 67.2677 7.23752 22
2 68.7191 8.68895 22
2 70.1622 10.132 22
2 71.6056 11.5755 22
2 73.0632 13.0331 22
2 74.5054 14.4753 22
2 75.9473 15.9172 22
2 77.3992 17.369 22
2 78.8423 18.8122 22
2 80.2857 20.2555 22
2 81.7408 21.7106 22
2 83.1789 23.1488 22
2 84.6224 24.5923 22
3 86.0794 9e-08 22
3 87.5222 1.44279 22
3 88.9731 2.89376 22
3 90.4161 4.33677 22
3 91.8595 5.78012 22
3 93.3106 7.23128 22
3 94.7533 8.67391 22
3 96.1966 10.1172 22
3 97.6539 11.5746 22
3 99.096 13.0166 22
3 100.539 14.4597 22
3 101.989 15.9101 22
3 103.436 17.3566 22
3 104.874 18.7951 22
3 106.329 20.2499 22
3 107.769 21.6892 22
3 109.212 23.1331 22
3 110.668 24.5891 22
4 112.112 7e-08 22
4 113.563 1.4511 22
4 115.006 2.89348 22
4 116.449 4.33693 22
4 117.904 5.79155 22
4 119.343 7.23042 22
4 120.786 8.67415 22
4 122.243 10.1309 22
4 123.686 11.5734 22
4 125.128 13.0157 22
4 126.579 14.467 22
4 128.022 15.9099 22
4 129.466 17.3538 22
4 130.916 18.804 22
4 132.36 20.2476 22
4 133.809 21.697 22
4 135.26 23.1483 22
4 136.702 24.5902 22
4 138.153 26.0404 22
4 139.595 27.4831 22
5 141.038 7.3e-08 22
5 142.489 1.45029 22
5 143.932 2.89332 22
5 145.375 4.33685 22
5 146.831 5.79305 22
5 148.274 7.23576 22
5 149.717 8.67876 22
5 151.168 10.1298 22
5 152.612 11.5734 22
5 154.055 13.0165 22
5 155.506 14.4677 22
5 156.949 15.9108 22
5 158.392 17.3535 22
5 159.849 18.8108 22
5 161.292 20.2541 22
5 162.743 21.7047 22
5 164.187 23.1481 22
5 165.63 24.5917 22
5 167.081 26.0422 22
5 168.524 27.4855 22
5 169.967 28.9286 22
6 171.427 1.38e-07 22
6 172.866 1.43871 22
6 174.309 2.88174 22
6 175.76 4.33289 22
6 177.202 5.77514 22
6 178.646 7.21843 22
6 180.096 8.66884 22
6 181.539 10.1122 22
6 182.983 11.5556 22
6 184.439 13.0123 22
6 185.882 14.4551 22
6 187.333 15.9058 22.5
7 188.776 8.2e-08 22
7 190.22 1.44352 22.5
7 191.674 2.89775 22.5
7 193.113 4.33713 22.5
7 194.557 5.78031 22.5
7 196.013 7.23644 22.5
7 197.456 8.67943 22.5
8 198.899 7.1e-08 22.5
8 200.35 1.45113 22.5
8 201.794 2.89483 22.5
8 203.236 4.33765 22.5
9 204.687 1.11e-07 22.5
9 206.129 1.44268 22.5
10 207.571 8.2e-08 23
10 209.029 1.45769 23
10 210.473 2.90113 23
11 211.924 9.5e-08 23
12 213.367 6.2e-08 23
12 214.81 1.44341 23
13 216.261 7.2e-08 23
13 217.704 1.44309 23
14 219.147 7.4e-08 23.5
15 220.603 6.2e-08 23
15 222.046 1.44309 23
16 223.493 6.2e-08 23.5
17 224.94 6.2e-08 23.5
17 226.383 1.44341 23.5
18 227.825 6.1e-08 23.5
19 229.281 6.7e-08 23.5
19 230.719 1.43808 23.5
20 232.163 6.8e-08 23.5
21 233.619 7.9e-08 23.5
21 235.062 1.44341 23.5
22 236.513 6.1e-08 23.5
23 237.956 5.9e-08 23.5
23 239.399 1.44315 23.5
24 240.85 7.1e-08 23.5
24 242.293 1.44299 23.5
25 243.736 7.6e-08 23.5
25 245.193 1.45734 23.5
26 246.642 6.5e-08 23.5
26 248.085 1.44348 22.5
27 250.538 1.68e-07 23.5
27 251.973 1.43499 22.5
28 256.731 1.69e-07 23
28 258.18 1.44804 22.5
29 267.429 1.65e-07 23.5
29 268.88 1.45106 22.5
