0 6.48245 1.56e-07 21.5
0 9.38335 2.9009 21.5
0 10.8245 4.3421 21.5
0 12.271 5.78852 21.5
0 13.7224 7.23994 21.5
0 15.163 8.68056 21.5
1 16.6091 7.4e-08 21.5
1 18.0607 1.45157 21.5
1 19.5011 2.89195 21.5
1 20.9442 4.33501 21.5
1 22.401 5.79181 21.5
1 23.8439 7.23476 21.5
1 25.2951 8.68598 21.5
2 26.74 6.4e-08 21.5
2 28.1838 1.44372 21.5
2 29.6338 2.89375 21.5
2 31.0761 4.33605 21.5
2 32.5407 5.80062 21.5
2 33.9982 7.25816 21.5
2 35.4672 8.72718 22
3 36.9149 6.1e-08 21.5
3 38.3803 1.46545 21.5
3 39.8234 2.90855 22
4 41.2731 5.3e-08 22
4 42.7215 1.44843 22
4 44.1653 2.89219 22.5
5 45.6233 6.5e-08 23
6 47.0831 5.5e-08 24.5
8 48.5542 8.2e-08 25
11 50.0076 6.9e-08 25
13 51.4508 1.37e-07 25
16 52.9085 5.9e-08 25
18 54.3677 6.1e-08 25
20 55.8348 5.9e-08 22.5
22 57.2784 6.2e-08 22
23 58.7222 5.2e-08 21.5
24 61.2796 1.54e-07 22
25 65.6268 1.6e-07 22
26 74.3757 1.45e-07 21.5
