0 3.12351 7e-08 20.5
0 6.00961 2.8861 20.5
0 7.46016 4.33666 20.5
0 8.90163 5.77813 20.5
0 10.3469 7.22341 20.5
0 11.8034 8.6799 20.5
1 13.2421 6.6e-08 20.5
1 14.6846 1.44249 20.5
1 16.1345 2.89236 20.5
1 17.5776 4.33549 20.5
1 19.0221 5.77996 20.5
1 20.4696 7.22749 20.5
1 21.9125 8.67038 20.5
2 23.379 6.1e-08 20.5
2 24.8266 1.44763 20.5
2 26.2696 2.89066 20.5
2 27.742 4.36304 20.5
2 29.1886 5.80961 20.5
2 30.6372 7.25819 20.5
2 32.1032 8.7242 20.5
3 33.5457 5.9e-08 20.5
3 34.9963 1.45062 20.5
3 36.4603 2.91464 20.5
3 37.9087 4.36299 20.5
3 39.3807 5.83499 20.5
3 40.8289 7.28321 20.5
3 42.2781 8.73245 20.5
4 43.7208 5.5e-08 20.5
4 45.178 1.45723 20.5
4 46.6337 2.91293 20.5
4 48.0982 4.37747 20.5
4 49.5538 5.833 20.5
4 50.9973 7.27653 20.5
4 52.4621 8.74135 20.5
4 53.9172 10.1964 20.5
5 55.3605 6.2e-08 20.5
5 56.8046 1.44406 21
5 58.2614 2.90094 21
5 59.7196 4.35907 21
5 61.1873 5.82678 20.5
5 62.6467 7.28624 20.5
5 64.0882 8.72773 21
5 65.5549 10.1944 21
5 66.9974 11.6369 20.5
6 68.448 5.6e-08 21
6 69.8907 1.44266 21
6 71.3332 2.88516 21
6 72.7883 4.34027 21
6 74.2413 5.79327 21
6 75.6832 7.2352 21
7 77.1503 5.6e-08 21
7 78.5923 1.44198 21
7 80.0429 2.89263 21
8 81.4846 6.9e-08 21
8 82.9276 1.44301 21
8 84.3943 2.90968 21
9 85.8365 5.9e-08 21
10 87.2784 5.2e-08 21
10 88.7342 1.45583 21
11 90.1777 5.3e-08 21.5
12 91.6232 4.3e-08 21.5
13 93.0785 6.1e-08 21
13 94.5213 1.44278 21
14 95.972 5.6e-08 21.5
15 97.4147 5.7e-08 21.5
16 98.8576 5.2e-08 21.5
17 100.324 5.4e-08 21.5
18 101.767 5.9e-08 21.5
19 103.312 1.53e-07 21.5
19 104.747 1.43536 21.5
20 106.194 7.6e-08 21.5
21 107.645 5.9e-08 21.5
22 109.086 6.1e-08 21.5
23 110.542 5.6e-08 21.5
24 112.086 1.63e-07 21.5
24 113.534 1.44857 21.5
25 114.982 6.1e-08 21
26 116.426 5.3e-08 21.5
26 117.883 1.45724 21
27 119.326 6.2e-08 21.5
27 120.776 1.45016 21
28 123.418 1.54e-07 21.5
28 124.868 1.45033 21
29 129.714 1.45e-07 21.5
29 131.154 1.44083 21
