        type trial_config ert_flop   unroll  buffers        nsize       trials       microsecs        bytes        flops         GB/s         GF/s
         int    coalesced       64        1        1            4     16777216    11902848.367    134217728   1073741824        0.011        0.090
         int    coalesced       64        1        1            8     16777216    11902790.183    268435456   2147483648        0.023        0.180
         int    coalesced       64        1        1           16     16777216    12274774.121    536870912   4294967296        0.044        0.350
         int    coalesced       64        1        1           32     16777216    13093083.441   1073741824   8589934592        0.082        0.656
         int    coalesced       64        1        1           64     16777216    14547823.257   2147483648  17179869184        0.148        1.181
         int    coalesced       64        1        1          128     16777216    15804857.295   4294967296  34359738368        0.272        2.174
         int    coalesced       64        1        1          256     16777216    18704226.407   8589934592  68719476736        0.459        3.674
         int    coalesced       64        1        1          512      8388608    10910972.354   8589934592  68719476736        0.787        6.298
         int    coalesced       64        1        1         1024      4194304     7050632.438   8589934592  68719476736        1.218        9.747
         int    coalesced       64        1        1         2048      2097152     5207708.290   8589934592  68719476736        1.649       13.196
         int    coalesced       64        1        1         4096      1048576     4174198.891   8589934592  68719476736        2.058       16.463
         int    coalesced       64        1        1         8192       524288     3799574.788   8589934592  68719476736        2.261       18.086
         int    coalesced       64        1        1        16384       262144     3580370.144   8589934592  68719476736        2.399       19.193
         int    coalesced       64        1        1        32768       131072     3478076.412   8589934592  68719476736        2.470       19.758
         int    coalesced       64        1        1        65536        65536     3375809.566   8589934592  68719476736        2.545       20.356
         int    coalesced       64        1        1       131072        32768     3324675.050   8589934592  68719476736        2.584       20.670
         int    coalesced       64        1        1       262144        16384     3299102.179   8589934592  68719476736        2.604       20.830
         int    coalesced       64        1        1       524288         8192     3286318.427   8589934592  68719476736        2.614       20.911
         int    coalesced       64        1        1      1048576         4096     3279895.394   8589934592  68719476736        2.619       20.952
         int    coalesced       64        1        1      2097152         2048     3276720.868   8589934592  68719476736        2.622       20.972
         int    coalesced       64        1        1      4194304         1024     3275129.474   8589934592  68719476736        2.623       20.982
         int    coalesced       64        1        1      8388608          512     3274336.302   8589934592  68719476736        2.623       20.987
         int    coalesced       64        1        1     16777216          256     3273957.360   8589934592  68719476736        2.624       20.990
         int    coalesced       64        1        1     33554432          128     3273719.965   8589934592  68719476736        2.624       20.991
         int    coalesced       64        1        1     67108864           64     3273615.302   8589934592  68719476736        2.624       20.992
         int    coalesced       64        1        1    134217728           32     3273615.826   8589934592  68719476736        2.624       20.992
         int    coalesced       64        1        1    268435456           16     3273509.916   8589934592  68719476736        2.624       20.993
         int    coalesced       64        1        1    536870912            8     3273559.724   8589934592  68719476736        2.624       20.992
         int    coalesced       64        1        1   1073741824            4     3273515.142   8589934592  68719476736        2.624       20.993
         int    coalesced       64        1        1   2147483648            2     3273582.294   8589934592  68719476736        2.624       20.992
         int    coalesced       64        1        1   4293918720            1     3272736.094   8587837440  68702699520        2.624       20.992
