        type trial_config ert_flop   unroll  buffers        nsize       trials       microsecs        bytes        flops         GB/s         GF/s
         int    coalesced        2      128        2         1024      8388608     5165354.997  17179869184   4294967296        3.326        0.831
         int    coalesced        2      128        2         2048      4194304     2976006.765  17179869184   4294967296        5.773        1.443
         int    coalesced        2      128        2         4096      2097152     1818856.109  17179869184   4294967296        9.445        2.361
         int    coalesced        2      128        2         8192      1048576     1227846.621  17179869184   4294967296       13.992        3.498
         int    coalesced        2      128        2        16384       524288      955170.793  17179869184   4294967296       17.986        4.497
         int    coalesced        2      128        2        32768       262144      818683.827  17179869184   4294967296       20.985        5.246
         int    coalesced        2      128        2        65536       131072      758116.322  17179869184   4294967296       22.661        5.665
         int    coalesced        2      128        2       131072        65536      723992.703  17179869184   4294967296       23.729        5.932
         int    coalesced        2      128        2       262144        32768      706138.662  17179869184   4294967296       24.329        6.082
         int    coalesced        2      128        2       524288        16384      697721.347  17179869184   4294967296       24.623        6.156
         int    coalesced        2      128        2      1048576         8192      693091.766  17179869184   4294967296       24.787        6.197
         int    coalesced        2      128        2      2097152         4096      691068.970  17179869184   4294967296       24.860        6.215
         int    coalesced        2      128        2      4194304         2048      690014.346  17179869184   4294967296       24.898        6.224
         int    coalesced        2      128        2      8388608         1024      689491.636  17179869184   4294967296       24.917        6.229
         int    coalesced        2      128        2     16777216          512      689180.594  17179869184   4294967296       24.928        6.232
         int    coalesced        2      128        2     33554432          256      689008.391  17179869184   4294967296       24.934        6.234
         int    coalesced        2      128        2     67108864          128      688940.130  17179869184   4294967296       24.937        6.234
         int    coalesced        2      128        2    134217728           64      688955.940  17179869184   4294967296       24.936        6.234
         int    coalesced        2      128        2    268435456           32      688909.937  17179869184   4294967296       24.938        6.234
         int    coalesced        2      128        2    536870912           16      688877.943  17179869184   4294967296       24.939        6.235
         int    coalesced        2      128        2   1073741824            8      688928.554  17179869184   4294967296       24.937        6.234
         int    coalesced        2      128        2   2147483648            4      688945.442  17179869184   4294967296       24.936        6.234
         int    coalesced        2      128        2   4294967296            2      688928.193  17179869184   4294967296       24.937        6.234
         int    coalesced        2      128        2   8588886016            1      688845.963  17177772032   4294443008       24.937        6.234
