        type trial_config ert_flop   unroll  buffers        nsize       trials       microsecs        bytes        flops         GB/s         GF/s
      double    coalesced       32        2        2           32     16777216    32731962.979   1073741824   2147483648        0.033        0.066
      double    coalesced       32        2        2           64     16777216    33016571.662   2147483648   4294967296        0.065        0.130
      double    coalesced       32        2        2          128     16777216    33571231.330   4294967296   8589934592        0.128        0.256
      double    coalesced       32        2        2          256     16777216    34455797.092   8589934592  17179869184        0.249        0.499
      double    coalesced       32        2        2          512     16777216    36321768.106  17179869184  34359738368        0.473        0.946
      double    coalesced       32        2        2         1024      8388608    19039349.514  17179869184  34359738368        0.902        1.805
      double    coalesced       32        2        2         2048      4194304    10474324.134  17179869184  34359738368        1.640        3.280
      double    coalesced       32        2        2         4096      2097152     5730247.594  17179869184  34359738368        2.998        5.996
      double    coalesced       32        2        2         8192      1048576     3445593.439  17179869184  34359738368        4.986        9.972
      double    coalesced       32        2        2        16384       524288     2273187.041  17179869184  34359738368        7.558       15.115
      double    coalesced       32        2        2        32768       262144     1706068.120  17179869184  34359738368       10.070       20.140
      double    coalesced       32        2        2        65536       131072     1409443.920  17179869184  34359738368       12.189       24.378
      double    coalesced       32        2        2       131072        65536     1278677.647  17179869184  34359738368       13.436       26.871
      double    coalesced       32        2        2       262144        32768     1198386.970  17179869184  34359738368       14.336       28.672
      double    coalesced       32        2        2       524288        16384     1161197.616  17179869184  34359738368       14.795       29.590
      double    coalesced       32        2        2      1048576         8192     1146904.575  17179869184  34359738368       14.979       29.959
      double    coalesced       32        2        2      2097152         4096     1137240.671  17179869184  34359738368       15.107       30.213
      double    coalesced       32        2        2      4194304         2048     1133105.690  17179869184  34359738368       15.162       30.324
      double    coalesced       32        2        2      8388608         1024     1130882.482  17179869184  34359738368       15.192       30.383
      double    coalesced       32        2        2     16777216          512     1129701.716  17179869184  34359738368       15.207       30.415
      double    coalesced       32        2        2     33554432          256     1129164.359  17179869184  34359738368       15.215       30.429
      double    coalesced       32        2        2     67108864          128     1128916.448  17179869184  34359738368       15.218       30.436
      double    coalesced       32        2        2    134217728           64     1128815.761  17179869184  34359738368       15.219       30.439
      double    coalesced       32        2        2    268435456           32     1128658.842  17179869184  34359738368       15.221       30.443
      double    coalesced       32        2        2    536870912           16     1128651.614  17179869184  34359738368       15.222       30.443
      double    coalesced       32        2        2   1073741824            8     1128645.015  17179869184  34359738368       15.222       30.443
      double    coalesced       32        2        2   2147483648            4     1128582.219  17179869184  34359738368       15.223       30.445
      double    coalesced       32        2        2   4294967296            2     1128630.579  17179869184  34359738368       15.222       30.444
      double    coalesced       32        2        2   8588886016            1     1128518.990  17177772032  34355544064       15.222       30.443
