        type trial_config ert_flop   unroll  buffers        nsize       trials       microsecs        bytes        flops         GB/s         GF/s
         int    coalesced        8        4        2           32     16777216     6891366.883   1073741824   1073741824        0.156        0.156
         int    coalesced        8        4        2           64     16777216     6891342.177   2147483648   2147483648        0.312        0.312
         int    coalesced        8        4        2          128     16777216     7274168.205   4294967296   4294967296        0.590        0.590
         int    coalesced        8        4        2          256     16777216     7701997.705   8589934592   8589934592        1.115        1.115
         int    coalesced        8        4        2          512     16777216     9352390.182  17179869184  17179869184        1.837        1.837
         int    coalesced        8        4        2         1024      8388608     5455728.801  17179869184  17179869184        3.149        3.149
         int    coalesced        8        4        2         2048      4194304     3445926.724  17179869184  17179869184        4.986        4.986
         int    coalesced        8        4        2         4096      2097152     2117930.456  17179869184  17179869184        8.112        8.112
         int    coalesced        8        4        2         8192      1048576     1635150.915  17179869184  17179869184       10.507       10.507
         int    coalesced        8        4        2        16384       524288     1259306.281  17179869184  17179869184       13.642       13.642
         int    coalesced        8        4        2        32768       262144     1081346.320  17179869184  17179869184       15.887       15.887
         int    coalesced        8        4        2        65536       131072     1013517.505  17179869184  17179869184       16.951       16.951
         int    coalesced        8        4        2       131072        65536      968340.854  17179869184  17179869184       17.742       17.742
         int    coalesced        8        4        2       262144        32768      946578.175  17179869184  17179869184       18.149       18.149
         int    coalesced        8        4        2       524288        16384      937937.413  17179869184  17179869184       18.317       18.317
         int    coalesced        8        4        2      1048576         8192      931907.295  17179869184  17179869184       18.435       18.435
         int    coalesced        8        4        2      2097152         4096      929131.288  17179869184  17179869184       18.490       18.490
         int    coalesced        8        4        2      4194304         2048      927920.172  17179869184  17179869184       18.514       18.514
         int    coalesced        8        4        2      8388608         1024      927379.284  17179869184  17179869184       18.525       18.525
         int    coalesced        8        4        2     16777216          512      935603.522  17179869184  17179869184       18.362       18.362
         int    coalesced        8        4        2     33554432          256      927055.613  17179869184  17179869184       18.532       18.532
         int    coalesced        8        4        2     67108864          128      926968.026  17179869184  17179869184       18.533       18.533
         int    coalesced        8        4        2    134217728           64      926970.716  17179869184  17179869184       18.533       18.533
         int    coalesced        8        4        2    268435456           32      926983.539  17179869184  17179869184       18.533       18.533
         int    coalesced        8        4        2    536870912           16      926903.895  17179869184  17179869184       18.535       18.535
         int    coalesced        8        4        2   1073741824            8      926896.865  17179869184  17179869184       18.535       18.535
         int    coalesced        8        4        2   2147483648            4      926919.685  17179869184  17179869184       18.534       18.534
         int    coalesced        8        4        2   4294967296            2      926925.155  17179869184  17179869184       18.534       18.534
         int    coalesced        8        4        2   8588886016            1      926843.915  17177772032  17177772032       18.534       18.534
