0 3.10166 7e-08 20.5
0 5.99577 2.89411 20.5
0 7.43951 4.33785 20.5
0 8.88111 5.77945 20.5
1 10.3313 8.4e-08 20.5
1 11.7743 1.44298 20.5
1 13.2204 2.88908 20.5
1 14.6773 4.34605 20.5
2 16.1187 6.8e-08 20.5
2 17.5574 1.43862 20.5
2 19.0078 2.88908 20.5
2 20.4494 4.33063 20.5
3 21.892 7.1e-08 20.5
3 23.3556 1.46366 20.5
3 24.8069 2.91497 20.5
3 26.2743 4.38231 20.5
3 27.7333 5.84135 21
4 29.1751 7.8e-08 21
4 30.6249 1.44976 20.5
4 32.0661 2.89099 21
5 33.5383 1.1e-07 21
6 34.9815 6.1e-08 21.5
7 36.4246 5.2e-08 22.5
9 37.884 6.7e-08 23
12 39.3405 4.9e-08 23
16 40.7888 6.3e-08 23
19 42.2462 7.6e-08 23
22 43.6988 6.5e-08 21
24 45.4657 1.61e-07 20.5
25 47.108 1.57e-07 21
26 49.8606 1.48e-07 21
27 55.2126 1.45e-07 20.5
