0 3.36914 1.99e-07 21
0 6.26095 2.89181 21
0 7.70616 4.33702 21
0 9.15722 5.78808 21
0 10.5988 7.22971 21
0 12.0432 8.67404 21
1 13.4991 7e-08 21
1 14.9422 1.44309 21
1 16.3837 2.88459 21
1 17.841 4.34192 21
1 19.2826 5.78352 21
1 20.7307 7.23161 21
1 22.1922 8.6931 21
2 23.6314 7.4e-08 21
2 25.0827 1.45139 21
2 26.5251 2.89375 21
2 27.9676 4.3362 21
2 29.4178 5.78642 21
2 30.8616 7.23028 21
2 32.3161 8.68474 21
2 33.7684 10.1371 21
3 35.2126 7.3e-08 21
3 36.657 1.44443 21
3 38.1194 2.90682 21
3 39.5638 4.35122 21
3 41.0208 5.80821 21
3 42.4641 7.25156 21
3 43.9076 8.69506 21
4 45.3575 1.04e-07 21
4 46.8103 1.45274 21
4 48.2544 2.89689 21
4 49.7113 4.35377 21
4 51.153 5.79541 21.5
5 52.5957 7.4e-08 21.5
5 54.0466 1.45098 21.5
6 55.4898 6.7e-08 21.5
6 56.932 1.44226 21.5
7 58.3943 8.4e-08 22
9 59.8383 5.1e-08 23
11 61.2892 7.1e-08 23
14 62.7326 7.1e-08 23
16 64.1762 6.5e-08 23
19 65.6335 7.9e-08 22.5
21 67.0823 7.1e-08 21.5
23 68.5255 6.9e-08 23
24 69.9761 6.8e-08 22.5
25 71.4189 8.3e-08 21.5
26 74.0625 1.48e-07 21.5
27 79.3064 1.47e-07 21
