        type trial_config ert_flop   unroll  buffers        nsize       trials       microsecs        bytes        flops         GB/s         GF/s
        long    coalesced        2      128        1         1024      4194304     2046097.887   8589934592   1073741824        4.198        0.525
        long    coalesced        2      128        1         2048      2097152     1212584.469   8589934592   1073741824        7.084        0.885
        long    coalesced        2      128        1         4096      1048576      744180.078   8589934592   1073741824       11.543        1.443
        long    coalesced        2      128        1         8192       524288      511693.902   8589934592   1073741824       16.787        2.098
        long    coalesced        2      128        1        16384       262144      383547.165   8589934592   1073741824       22.396        2.800
        long    coalesced        2      128        1        32768       131072      326462.447   8589934592   1073741824       26.312        3.289
        long    coalesced        2      128        1        65536        65536      292549.203   8589934592   1073741824       29.362        3.670
        long    coalesced        2      128        1       131072        32768      285786.325   8589934592   1073741824       30.057        3.757
        long    coalesced        2      128        1       262144        16384      282195.619   8589934592   1073741824       30.440        3.805
        long    coalesced        2      128        1       524288         8192      280135.573   8589934592   1073741824       30.663        3.833
        long    coalesced        2      128        1      1048576         4096      279322.367   8589934592   1073741824       30.753        3.844
        long    coalesced        2      128        1      2097152         2048      278872.762   8589934592   1073741824       30.802        3.850
        long    coalesced        2      128        1      4194304         1024      278615.668   8589934592   1073741824       30.831        3.854
        long    coalesced        2      128        1      8388608          512      278482.774   8589934592   1073741824       30.845        3.856
        long    coalesced        2      128        1     16777216          256      278450.476   8589934592   1073741824       30.849        3.856
        long    coalesced        2      128        1     33554432          128      278450.640   8589934592   1073741824       30.849        3.856
        long    coalesced        2      128        1     67108864           64      278448.144   8589934592   1073741824       30.849        3.856
        long    coalesced        2      128        1    134217728           32      278447.136   8589934592   1073741824       30.849        3.856
        long    coalesced        2      128        1    268435456           16      278440.620   8589934592   1073741824       30.850        3.856
        long    coalesced        2      128        1    536870912            8      278396.250   8589934592   1073741824       30.855        3.857
        long    coalesced        2      128        1   1073741824            4      278436.641   8589934592   1073741824       30.851        3.856
        long    coalesced        2      128        1   2147483648            2      278367.896   8589934592   1073741824       30.858        3.857
        long    coalesced        2      128        1   4293918720            1      278338.248   8587837440   1073479680       30.854        3.857
