        type trial_config ert_flop   unroll  buffers        nsize       trials       microsecs        bytes        flops         GB/s         GF/s
        long    coalesced        4        2        2           32     16777216     6891300.950   1073741824    268435456        0.156        0.039
        long    coalesced        4        2        2           64     16777216     6891297.078   2147483648    536870912        0.312        0.078
        long    coalesced        4        2        2          128     16777216     7274152.594   4294967296   1073741824        0.590        0.148
        long    coalesced        4        2        2          256     16777216     7909021.255   8589934592   2147483648        1.086        0.272
        long    coalesced        4        2        2          512     16777216    10071783.992  17179869184   4294967296        1.706        0.426
        long    coalesced        4        2        2         1024      8388608     5951699.870  17179869184   4294967296        2.887        0.722
        long    coalesced        4        2        2         2048      4194304     3637273.518  17179869184   4294967296        4.723        1.181
        long    coalesced        4        2        2         4096      2097152     2278917.669  17179869184   4294967296        7.539        1.885
        long    coalesced        4        2        2         8192      1048576     1637025.973  17179869184   4294967296       10.495        2.624
        long    coalesced        4        2        2        16384       524288     1334266.218  17179869184   4294967296       12.876        3.219
        long    coalesced        4        2        2        32768       262144     1144435.716  17179869184   4294967296       15.012        3.753
        long    coalesced        4        2        2        65536       131072     1023285.617  17179869184   4294967296       16.789        4.197
        long    coalesced        4        2        2       131072        65536     1023286.207  17179869184   4294967296       16.789        4.197
        long    coalesced        4        2        2       262144        32768     1004227.315  17179869184   4294967296       17.108        4.277
        long    coalesced        4        2        2       524288        16384      993124.830  17179869184   4294967296       17.299        4.325
        long    coalesced        4        2        2      1048576         8192      988126.201  17179869184   4294967296       17.386        4.347
        long    coalesced        4        2        2      2097152         4096      985464.955  17179869184   4294967296       17.433        4.358
        long    coalesced        4        2        2      4194304         2048      984078.567  17179869184   4294967296       17.458        4.364
        long    coalesced        4        2        2      8388608         1024      983393.594  17179869184   4294967296       17.470        4.367
        long    coalesced        4        2        2     16777216          512      983180.861  17179869184   4294967296       17.474        4.368
        long    coalesced        4        2        2     33554432          256      983041.750  17179869184   4294967296       17.476        4.369
        long    coalesced        4        2        2     67108864          128      982923.724  17179869184   4294967296       17.478        4.370
        long    coalesced        4        2        2    134217728           64      982897.778  17179869184   4294967296       17.479        4.370
        long    coalesced        4        2        2    268435456           32      982877.735  17179869184   4294967296       17.479        4.370
        long    coalesced        4        2        2    536870912           16      982828.361  17179869184   4294967296       17.480        4.370
        long    coalesced        4        2        2   1073741824            8      982851.118  17179869184   4294967296       17.480        4.370
        long    coalesced        4        2        2   2147483648            4      982863.602  17179869184   4294967296       17.479        4.370
        long    coalesced        4        2        2   4294967296            2      982851.297  17179869184   4294967296       17.480        4.370
        long    coalesced        4        2        2   8588886016            1      982700.114  17177772032   4294443008       17.480        4.370
