0 3.30861 7.7e-08 20.5
0 6.20612 2.89751 20.5
0 7.64826 4.33965 20.5
1 9.09158 1.1e-07 20.5
1 10.5427 1.45111 20.5
1 11.9847 2.89312 20.5
1 13.4278 4.33618 20.5
2 14.877 6.5e-08 20.5
2 16.3195 1.44255 20.5
2 17.8036 2.92661 20.5
2 19.2606 4.38367 20.5
3 20.71 7.8e-08 20.5
3 22.1606 1.4506 20.5
3 23.6036 2.89361 20.5
3 25.0697 4.3597 20.5
3 26.5173 5.80723 20.5
4 27.9611 6.6e-08 20.5
4 29.4339 1.47281 20.5
4 30.8818 2.92064 20.5
4 32.3366 4.37548 20.5
4 33.7971 5.83601 20.5
5 35.2402 7.8e-08 20.5
5 36.6898 1.44962 21
5 38.1542 2.91404 21
6 39.6031 7.9e-08 21
6 41.0543 1.4512 21
7 42.5171 7.4e-08 21
7 43.9739 1.4568 21.5
8 45.4172 7e-08 21.5
10 46.8759 7.8e-08 21.5
11 48.3318 8.7e-08 21.5
13 49.7763 7.1e-08 21.5
15 51.2361 4.8e-08 22
16 52.6788 6.7e-08 22
18 54.1323 6.4e-08 22
20 55.5827 8e-08 22
21 57.0246 7.2e-08 21.5
23 58.4888 7.5e-08 22
24 59.9451 6.6e-08 22
25 61.3874 6.9e-08 20.5
26 62.9309 1.54e-07 21
27 65.9729 1.67e-07 21
28 71.2326 1.56e-07 20.5
