0 3.11861 9e-08 30.5
0 6.00526 2.88665 30.5
0 7.45334 4.33473 30.5
0 8.89884 5.78023 30.5
0 10.3387 7.22008 30
0 11.7789 8.66025 30
0 13.2298 10.1112 30.5
0 14.6859 11.5673 30.5
0 16.1185 12.9999 30
0 17.5689 14.4503 30
0 19.012 15.8934 30.5
0 20.4551 17.3365 30.5
0 21.9118 18.7932 30.5
0 23.355 20.2364 30.5
0 24.8024 21.6838 30
0 26.2697 23.1511 30
0 27.7067 24.5881 30
0 29.1549 26.0363 30.5
0 30.6213 27.5027 30.5
0 32.0644 28.9458 30.5
0 33.5259 30.4073 30
0 34.9745 31.8559 30
0 36.4178 33.2992 30
0 37.8788 34.7602 30.5
0 39.3272 36.2086 30.5
0 40.7703 37.6517 30.5
0 42.2421 39.1235 30
0 43.6951 40.5765 30
0 45.1371 42.0185 30.5
0 46.598 43.4794 30.5
0 48.0461 44.9275 30.5
0 49.4899 46.3713 30
0 50.9504 47.8318 30
0 52.3991 49.2805 30
0 53.8423 50.7237 30.5
0 55.3101 52.1915 30.5
0 56.7462 53.6276 30
0 58.1946 55.076 30.5
0 59.6511 56.5325 30.5
0 61.0878 57.9692 30.5
0 62.5309 59.4123 30.5
0 63.9821 60.8635 30.5
0 65.4256 62.307 30.5
0 66.868 63.7494 30.5
0 68.3331 65.2145 30
0 69.7724 66.6538 30.5
0 71.2153 68.0967 30
0 72.6666 69.5479 30.5
0 74.1097 70.9911 30.5
0 75.5635 72.4449 30.5
0 77.0145 73.8959 30.5
0 78.4637 75.3451 30.5
0 79.9072 76.7886 30
0 81.3585 78.2399 30.5
0 82.8027 79.6841 30.5
0 84.2495 81.1309 30.5
0 85.701 82.5823 30.5
0 87.1439 84.0253 30.5
0 88.5921 85.4735 30.5
0 90.0437 86.9251 30.5
0 91.4871 88.3685 30
0 92.93 89.8114 30.5
0 94.3805 91.2619 30.5
0 95.8238 92.7052 30
0 97.2657 94.1471 30
0 98.7316 95.613 30
0 100.174 97.0555 30.5
0 101.617 98.4982 30.5
0 103.068 99.9491 30.5
0 104.511 101.392 30
0 105.963 102.844 30.5
0 107.414 104.295 30.5
0 108.857 105.738 30.5
0 110.299 107.181 30
0 111.751 108.632 30.5
0 113.194 110.075 30.5
0 114.63 111.511 30.5
0 116.086 112.968 30
0 117.544 114.426 30.5
0 118.986 115.868 30.5
0 120.437 117.319 30.5
0 121.88 118.761 30
0 123.317 120.198 30.5
0 124.784 121.665 30.5
0 126.227 123.108 30.5
0 127.67 124.551 30.5
0 129.121 126.002 30.5
0 130.558 127.439 30
0 132.001 128.882 30.5
0 133.452 130.333 30.5
0 134.895 131.777 30.5
0 136.339 133.22 30.5
0 137.79 134.672 30
0 139.243 136.125 30
0 140.687 137.568 30
0 142.137 139.018 30
0 143.585 140.467 30.5
0 145.028 141.91 30.5
0 146.479 143.361 30.5
0 147.922 144.804 30
0 149.366 146.247 30.5
0 150.817 147.698 30
0 152.26 149.142 30.5
0 153.703 150.585 30.5
0 155.146 152.028 30.5
0 156.597 153.478 30
0 158.055 154.936 30
0 159.505 156.387 30.5
0 160.949 157.83 30.5
0 162.391 159.273 30.5
0 163.828 160.709 30
0 165.295 162.176 30
0 166.737 163.618 30.5
0 168.18 165.062 30.5
0 169.631 166.512 30.5
0 171.067 167.949 30.5
0 172.51 169.392 30.5
0 173.961 170.842 30.5
0 175.404 172.286 30
0 176.851 173.733 30
0 178.302 175.183 30.5
0 179.745 176.626 30.5
0 181.188 178.069 30.5
0 182.638 179.52 30.5
0 184.092 180.973 30
0 185.534 182.415 30.5
0 186.985 183.866 30.5
0 188.428 185.309 30.5
0 189.87 186.751 30.5
0 191.321 188.202 30.5
0 192.763 189.645 30.5
0 194.2 191.081 30.5
0 195.672 192.553 30.5
0 197.115 193.996 30.5
0 198.557 195.438 30.5
0 200.007 196.889 30
0 201.45 198.331 30
0 202.903 199.785 30.5
0 204.354 201.236 30.5
0 205.798 202.679 30.5
0 207.241 204.122 30.5
0 208.692 205.573 30
0 210.129 207.01 30.5
0 211.572 208.453 30
0 213.022 209.903 30.5
0 214.464 211.346 30.5
0 215.907 212.788 30.5
0 217.368 214.25 30.5
0 218.811 215.692 30
0 220.254 217.135 30.5
0 221.71 218.591 30.5
0 223.153 220.035 30.5
0 224.596 221.478 30.5
0 226.048 222.929 30.5
0 227.491 224.372 30.5
0 228.934 225.815 30
0 230.384 227.266 30.5
0 231.827 228.708 30.5
0 233.27 230.152 30.5
0 234.707 231.588 30
0 236.18 233.061 30.5
0 237.623 234.504 30
0 239.073 235.955 30
0 240.516 237.397 30.5
0 241.959 238.84 30.5
0 243.42 240.301 30.5
0 244.862 241.744 30.5
0 246.305 243.187 30
0 247.741 244.623 30
0 249.199 246.08 30.5
0 250.635 247.517 30.5
0 252.078 248.959 30
0 253.53 250.411 30
0 254.982 251.864 30
0 256.426 253.307 30.5
0 257.876 254.758 30.5
0 259.32 256.201 30.5
0 260.763 257.644 30
0 262.219 259.1 30
0 263.662 260.543 30
0 265.105 261.986 30
0 266.556 263.438 30.5
0 267.999 264.881 30.5
0 269.443 266.324 30.5
0 270.895 267.776 30
0 272.338 269.219 30.5
0 273.782 270.663 30
0 275.233 272.114 30.5
0 276.686 273.568 30.5
0 278.13 275.011 30.5
0 279.582 276.463 30
0 281.026 277.907 30
0 282.47 279.352 30
0 283.921 280.802 30
0 285.364 282.246 30.5
0 286.801 283.683 30.5
0 288.273 285.155 30.5
0 289.716 286.597 30
0 291.159 288.041 30.5
0 292.61 289.491 30.5
0 294.052 290.934 30.5
0 295.505 292.387 30.5
0 296.957 293.838 30
0 298.4 295.282 30
0 299.844 296.726 30
0 301.295 298.177 30.5
0 302.733 299.615 30.5
0 304.177 301.058 30.5
0 305.628 302.51 30
0 307.093 303.975 30
0 308.536 305.417 30
0 309.986 306.868 30.5
0 311.43 308.311 30.5
0 312.866 309.748 30.5
0 314.333 311.215 30
0 315.776 312.658 30
0 317.213 314.094 30
0 318.67 315.551 30
0 320.106 316.988 30.5
0 321.549 318.43 30
0 322.999 319.88 30.5
0 324.442 321.323 30
0 325.895 322.777 30
0 327.347 324.228 30.5
0 328.79 325.672 30.5
0 330.232 327.114 30.5
0 331.683 328.564 30
0 333.135 330.017 30
0 334.578 331.459 30
0 336.029 332.911 30.5
0 337.472 334.353 30.5
0 338.914 335.796 30.5
0 340.365 337.246 30
0 341.807 338.689 30
0 343.25 340.131 30
0 344.687 341.568 30
0 346.137 343.019 30.5
0 347.601 344.482 30.5
0 349.044 345.925 30.5
0 350.494 347.376 30
0 351.937 348.819 30
0 353.374 350.256 30
0 354.84 351.722 30.5
0 356.283 353.164 30
0 357.72 354.602 30
0 359.172 356.053 30
0 360.614 357.496 30
0 362.056 358.937 30.5
0 363.506 360.388 30
0 364.948 361.83 30.5
0 366.401 363.282 30
0 367.852 364.733 30
0 369.294 366.175 30
0 370.737 367.618 30
0 372.187 369.068 30
0 373.639 370.521 30
0 375.082 371.963 30
0 376.531 373.413 30
0 377.975 374.856 30
0 379.417 376.299 30
0 380.868 377.749 30
0 382.31 379.192 30
0 383.747 380.628 30
0 385.219 382.1 30
0 386.661 383.542 30
0 388.104 384.985 30
0 389.554 386.435 30
0 390.997 387.878 30
0 392.449 389.33 30
0 393.899 390.781 30
0 395.342 392.223 30
0 396.778 393.66 30
0 398.229 395.11 30
0 399.671 396.553 30
0 401.114 397.996 30
0 402.564 399.446 30
0 404.007 400.888 30
0 405.45 402.331 30
0 406.91 403.792 30
0 408.352 405.234 30
0 409.795 406.676 30
0 411.251 408.132 30
0 412.693 409.575 30
0 414.136 411.018 30
0 415.587 412.468 30
0 417.03 413.911 30
0 418.473 415.354 30
0 419.91 416.791 30
0 421.367 418.248 30
0 422.804 419.685 30
0 424.247 421.129 30
0 425.72 422.601 30
0 427.162 424.043 30
0 428.605 425.487 30
0 430.056 426.937 30
0 431.494 428.375 30
0 432.942 429.824 30
0 434.399 431.28 30
0 435.835 432.717 30
0 437.278 434.16 30
0 438.729 435.61 30
0 440.172 437.054 30
0 441.615 438.496 30
0 443.066 439.947 30
1 444.509 9.8e-08 30
1 445.952 1.44307 30
1 447.403 2.89394 30
1 448.846 4.33709 30
1 450.29 5.78069 30
1 451.756 7.24745 30
1 453.199 8.69037 30
1 454.643 10.134 30
1 456.094 11.5849 30
1 457.538 13.029 30
1 458.992 14.4826 30
1 460.443 15.9337 30
1 461.886 17.3768 30
1 463.329 18.8198 30
1 464.78 20.2708 30
1 466.233 21.724 30
1 467.676 23.1666 30
1 469.126 24.6172 30
1 470.579 26.0703 30
1 472.023 27.5136 30
1 473.474 28.9648 30
1 474.916 30.4074 30
1 476.359 31.8496 30
1 477.809 33.3004 30
1 479.252 34.7435 30
1 480.696 36.1871 30
1 482.147 37.6378 30
1 483.59 39.0813 30
1 485.048 40.5393 30
1 486.499 41.9899 30
1 487.942 43.4329 30
1 489.394 44.8855 30
1 490.845 46.3363 30
1 492.288 47.7793 30
1 493.731 49.2216 30
1 495.182 50.6731 30
1 496.625 52.1162 30
1 498.068 53.5595 30
1 499.519 55.0105 30
1 500.956 56.4473 30
1 502.399 57.89 30
1 503.872 59.3627 30
1 505.314 60.8055 30
1 506.758 62.249 30
1 508.209 63.6996 30
1 509.652 65.143 30
1 511.104 66.5951 30
1 512.555 68.0463 30
1 513.998 69.4892 30
1 515.435 70.9262 30
1 516.893 72.3839 30
1 518.33 73.8215 30
1 519.774 75.2651 30
1 521.225 76.7156 30
1 522.667 78.1583 30
1 524.111 79.6017 30
1 525.578 81.0694 30
1 527.015 82.5064 30
1 528.459 83.9497 30
1 529.91 85.4007 30
1 531.353 86.8442 30
1 532.797 88.2877 30
1 534.249 89.7397 30
1 535.691 91.1818 30
1 537.144 92.6349 30
1 538.595 94.0862 30
1 540.039 95.5301 30
1 541.487 96.9784 30
1 542.938 98.4292 30
1 544.382 99.8731 30
1 545.825 101.316 30
1 547.276 102.768 30
1 548.72 104.211 30
1 550.163 105.654 30
1 551.614 107.105 30
1 553.058 108.549 30
1 554.501 109.992 30
1 555.963 111.454 30
1 557.406 112.897 30
1 558.85 114.341 30
1 560.3 115.791 30
1 561.744 117.235 30
1 563.197 118.688 30
1 564.649 120.14 30
1 566.092 121.583 30
1 567.536 123.027 30
1 568.987 124.478 30
1 570.431 125.922 30
1 571.874 127.365 30
1 573.317 128.808 30
1 574.784 130.275 30
1 576.227 131.718 30
1 577.678 133.169 30
1 579.121 134.612 30
1 580.565 136.056 30
1 582.021 137.512 30
1 583.465 138.956 30
1 584.908 140.399 30
1 586.358 141.849 30
1 587.801 143.292 30
1 589.244 144.735 30
1 590.682 146.173 30
1 592.139 147.63 30
1 593.596 149.087 30
1 595.047 150.538 30
1 596.49 151.981 30
1 597.932 153.423 30
1 599.376 154.867 30
1 600.837 156.328 30
1 602.279 157.77 30.5
1 603.73 159.221 30
1 605.173 160.664 30
1 606.616 162.107 30
1 608.052 163.543 30
1 609.51 165.001 30
1 610.946 166.437 30
1 612.388 167.879 30
1 613.839 169.33 30
1 615.282 170.773 30
1 616.725 172.216 30
1 618.176 173.667 30
1 619.624 175.115 30
1 621.067 176.558 30
1 622.518 178.01 30
1 623.961 179.452 30
1 625.404 180.895 30
1 626.856 182.347 30.5
1 628.298 183.789 30
1 629.741 185.232 30
1 631.191 186.682 30
1 632.628 188.119 30
1 634.092 189.583 30
1 635.542 191.033 30
1 636.984 192.475 30
1 638.438 193.929 30
1 639.888 195.379 30
1 641.331 196.822 30
1 642.773 198.264 30
1 644.223 199.714 30
1 645.666 201.157 30
1 647.103 202.594 30
1 648.553 204.044 30
1 649.995 205.486 30
1 651.438 206.929 30
1 652.899 208.39 30.5
1 654.341 209.832 30
1 655.784 211.275 30.5
1 657.25 212.742 30
1 658.687 214.178 30
1 660.129 215.62 30
1 661.579 217.07 30.5
1 663.022 218.513 30
1 664.464 219.955 30
1 665.914 221.405 30
1 667.357 222.848 30
1 668.799 224.29 30
1 670.242 225.733 30
1 671.707 227.198 30.5
1 673.15 228.641 30
1 674.6 230.091 30.5
1 676.054 231.545 30
1 677.496 232.987 30
1 678.946 234.437 30
1 680.389 235.88 30.5
1 681.83 237.321 30.5
1 683.274 238.765 30
1 684.724 240.215 30
1 686.161 241.652 30
1 687.603 243.094 30.5
1 689.053 244.544 30
1 690.496 245.987 30.5
1 691.939 247.43 30.5
1 693.403 248.894 30
1 694.841 250.332 30
1 696.283 251.774 30
1 697.734 253.225 30.5
1 699.175 254.666 30.5
1 700.617 256.108 30.5
1 702.068 257.559 30
1 703.511 259.002 30
1 704.968 260.459 30
1 706.419 261.91 30.5
1 707.861 263.352 30.5
1 709.314 264.805 30.5
1 710.765 266.256 30.5
1 712.208 267.699 30
1 713.65 269.141 30.5
1 715.101 270.592 30
1 716.544 272.035 30.5
1 717.987 273.478 30.5
1 719.438 274.929 30
1 720.875 276.366 30
1 722.317 277.808 30
1 723.789 279.28 30.5
1 725.232 280.723 30.5
1 726.674 282.165 30.5
1 728.134 283.625 30
1 729.576 285.067 30
1 731.019 286.51 30
1 732.469 287.96 30.5
1 733.906 289.397 30.5
1 735.349 290.84 30.5
1 736.799 292.29 30.5
1 738.241 293.732 30
1 739.684 295.175 30
1 741.134 296.625 30
1 742.587 298.078 30
1 744.029 299.52 30.5
1 745.48 300.971 30.5
1 746.927 302.418 30
1 748.369 303.86 30
1 749.819 305.31 30.5
1 751.262 306.753 30
1 752.705 308.196 30.5
1 754.141 309.632 30
1 755.597 311.088 30
1 757.033 312.524 30
1 758.477 313.968 30
1 759.927 315.418 30.5
1 761.379 316.87 30.5
1 762.822 318.313 30.5
1 764.273 319.764 30
1 765.716 321.207 30
1 767.158 322.649 30
1 768.613 324.104 30.5
1 770.056 325.547 30.5
1 771.498 326.989 30.5
1 772.949 328.44 30
1 774.392 329.883 30
1 775.834 331.325 30
1 777.284 332.775 30
1 778.727 334.218 30.5
1 780.184 335.675 30
1 781.635 337.126 30
1 783.076 338.567 30
1 784.519 340.01 30
1 785.969 341.46 30.5
1 787.422 342.913 30.5
1 788.865 344.356 30.5
1 790.315 345.806 30
1 791.758 347.249 30
1 793.195 348.686 30
1 794.646 350.137 30.5
1 796.088 351.579 30.5
1 797.53 353.021 30.5
1 798.992 354.483 30
1 800.434 355.925 30
1 801.877 357.368 30
1 803.327 358.818 30
1 804.771 360.262 30.5
1 806.224 361.715 30.5
1 807.675 363.166 30.5
1 809.117 364.608 30
1 810.56 366.051 30
1 812.01 367.501 30
1 813.453 368.944 30.5
1 814.896 370.387 30
1 816.339 371.83 30
1 817.789 373.28 30
1 819.226 374.717 30
1 820.674 376.165 30.5
1 822.13 377.621 30.5
1 823.567 379.058 30.5
1 825.01 380.501 30
1 826.46 381.951 30
1 827.904 383.395 30
1 829.346 384.837 30
1 830.797 386.288 30.5
1 832.251 387.742 30
1 833.693 389.184 30.5
1 835.144 390.635 30
1 836.587 392.078 30
1 838.03 393.521 30
1 839.485 394.976 30.5
1 840.928 396.419 30.5
1 842.37 397.861 30
1 843.821 399.312 30.5
1 845.263 400.754 30
1 846.699 402.19 30
1 848.156 403.647 30
1 849.592 405.083 30.5
1 851.051 406.542 30
1 852.502 407.993 30
1 853.938 409.429 30
1 855.38 410.871 30
1 856.831 412.322 30
1 858.279 413.77 30
1 859.722 415.213 30
1 861.171 416.663 30
1 862.614 418.105 30
1 864.057 419.548 30
1 865.507 420.998 30
1 866.949 422.44 30.5
1 868.392 423.883 30.5
1 869.857 425.348 30.5
1 871.3 426.791 30
1 872.742 428.233 30
1 874.193 429.684 30
1 875.636 431.127 30
1 877.089 432.58 30
1 878.539 434.03 30
1 879.981 435.472 30
1 881.424 436.915 30
1 882.86 438.351 30
2 884.31 1.11e-07 30
2 885.753 1.44234 30.5
2 887.195 2.88477 30
2 888.646 4.33573 30
2 890.088 5.77821 30
2 891.531 7.22079 30
2 892.982 8.67137 30
2 894.423 10.1132 30
2 895.866 11.556 30
2 897.316 13.0062 30
2 898.774 14.4639 30
2 900.216 15.9058 30
2 901.667 17.3566 30
2 903.109 18.7988 30
2 904.545 20.235 30
2 906.002 21.6916 30
2 907.439 23.1282 30
2 908.881 24.571 30
2 910.353 26.0424 30
2 911.795 27.485 30
2 913.232 28.9217 30
2 914.682 30.3718 30
2 916.125 31.8145 30
2 917.572 33.2617 30
2 919.023 34.7123 30
2 920.465 36.1542 30
2 921.908 37.5973 30
2 923.358 39.0476 30
2 924.801 40.4909 30
2 926.244 41.9332 30
2 927.687 43.3766 30
2 929.138 44.8275 30
2 930.574 46.2641 30
2 932.022 47.7117 30
2 933.479 49.1684 30
2 934.916 50.6057 30
2 936.359 52.0483 30
2 937.81 53.4993 30.5
2 939.257 54.9465 30
2 940.699 56.3885 30
2 942.15 57.8396 30
2 943.593 59.2828 30
2 945.036 60.7253 30
2 946.487 62.1765 30
2 947.93 63.6195 30
2 949.373 65.0625 30
2 950.823 66.5129 30
2 952.266 67.956 30
2 953.718 69.4076 30
2 955.165 70.8551 30
2 956.602 72.2921 30
2 958.045 73.7351 30
2 959.496 75.1859 30
2 960.939 76.6289 30
2 962.382 78.0714 30
2 963.832 79.5221 30.5
2 965.285 80.975 30
2 966.728 82.4177 30
2 968.179 83.8691 30
2 969.628 85.3174 30
2 971.071 86.7603 30
2 972.522 88.2115 30
2 973.965 89.6543 30
2 975.408 91.0976 30
2 976.858 92.5481 30
2 978.302 93.9915 30
2 979.745 95.4346 30
2 981.182 96.8719 30
2 982.639 98.3292 30
2 984.098 99.7876 30
2 985.549 101.238 30
2 986.992 102.682 30
2 988.435 104.124 30
2 989.878 105.568 30
2 991.339 107.029 30
2 992.782 108.472 30
2 994.233 109.922 30
2 995.675 111.365 30
2 997.119 112.808 30
2 998.556 114.246 30
2 1000.01 115.703 30
2 1001.45 117.141 30
2 1002.9 118.589 30
2 1004.36 120.046 30
2 1005.79 121.483 30
2 1007.24 122.926 30
2 1008.69 124.378 30
2 1010.14 125.826 30
2 1011.58 127.269 30
2 1013.03 128.721 30
2 1014.47 130.164 30
2 1015.92 131.607 30
2 1017.37 133.058 30
2 1018.81 134.501 30
2 1020.25 135.944 30
2 1021.72 137.406 30
2 1023.16 138.848 30
2 1024.6 140.291 30
2 1026.05 141.742 30
2 1027.5 143.186 30
2 1028.95 144.639 30
2 1030.4 146.09 30
2 1031.84 147.533 30
2 1033.29 148.975 30
2 1034.74 150.427 30
2 1036.18 151.87 30
2 1037.62 153.313 30
2 1039.07 154.764 30
2 1040.53 156.222 30
2 1041.98 157.665 30
2 1043.43 159.116 30
2 1044.87 160.56 30
2 1046.31 162.002 30
2 1047.77 163.464 30
2 1049.22 164.907 30
2 1050.66 166.35 30
2 1052.11 167.801 30
2 1053.55 169.244 30
2 1055 170.687 30
2 1056.45 172.139 30
2 1057.89 173.582 30
2 1059.33 175.02 30
2 1060.79 176.477 30
2 1062.24 177.934 30
2 1063.69 179.377 30
2 1065.14 180.828 30
2 1066.59 182.281 30
2 1068.03 183.723 30
2 1069.48 185.174 30
2 1070.93 186.617 30
2 1072.37 188.061 30
2 1073.82 189.512 30
2 1075.27 190.956 30
2 1076.7 192.393 30
2 1078.16 193.85 30
2 1079.6 195.288 30
2 1081.06 196.752 30
2 1082.51 198.204 30
2 1083.96 199.647 30
2 1085.4 201.09 30
2 1086.85 202.54 30.5
2 1088.3 203.993 30
2 1089.75 205.435 30
2 1091.2 206.886 30
2 1092.64 208.33 30
2 1094.08 209.767 30
2 1095.53 211.224 30.5
2 1096.97 212.661 30.5
2 1098.41 214.103 30
2 1099.89 215.575 30
2 1101.33 217.018 30
2 1102.77 218.455 30
2 1104.22 219.912 30
2 1105.66 221.349 30
2 1107.12 222.808 30
2 1108.57 224.259 30.5
2 1110.01 225.702 30
2 1111.45 227.139 30
2 1112.9 228.59 30
2 1114.34 230.033 30
2 1115.79 231.477 30
2 1117.24 232.927 30
2 1118.68 234.369 30
2 1120.12 235.812 30
2 1121.58 237.268 30
2 1123.02 238.712 30
2 1124.47 240.155 30
2 1125.92 241.606 30
2 1127.36 243.05 30
2 1128.8 244.492 30
2 1130.25 245.936 30
2 1131.7 247.386 30
2 1133.15 248.844 30
2 1134.61 250.295 30.5
2 1136.05 251.739 30
2 1137.49 253.181 30
2 1138.93 254.624 30
2 1140.39 256.085 30
2 1141.84 257.527 30
2 1143.29 258.978 30
2 1144.73 260.421 30
2 1146.17 261.863 30
2 1147.61 263.3 30
2 1149.07 264.757 30
2 1150.5 266.194 30.5
2 1151.95 267.637 30
2 1153.4 269.087 30
2 1154.84 270.53 30
2 1156.28 271.973 30
2 1157.73 273.423 30
2 1159.19 274.877 30
2 1160.63 276.32 30.5
2 1162.08 277.771 30
2 1163.52 279.214 30
2 1164.97 280.657 30
2 1166.42 282.107 30.5
2 1167.86 283.55 30.5
2 1169.3 284.993 30
2 1170.77 286.459 30
2 1172.21 287.902 30
2 1173.66 289.346 30
2 1175.11 290.797 30
2 1176.55 292.24 30
2 1178 293.694 30
2 1179.45 295.144 30
2 1180.9 296.587 30
2 1182.34 298.03 30.5
2 1183.79 299.481 30
2 1185.23 300.923 30.5
2 1186.67 302.36 30
2 1188.12 303.811 30
2 1189.59 305.275 30
2 1191.03 306.717 30
2 1192.48 308.168 30.5
2 1193.92 309.611 30
2 1195.36 311.048 30.5
2 1196.83 312.515 30
2 1198.27 313.958 30
2 1199.7 315.394 30
2 1201.16 316.852 30
2 1202.6 318.288 30
2 1204.04 319.731 30.5
2 1205.49 321.182 30.5
2 1206.93 322.624 30
2 1208.38 324.067 30.5
2 1209.83 325.517 30
2 1211.28 326.97 30.5
2 1212.72 328.413 30
2 1214.17 329.863 30
2 1215.63 331.316 30
2 1217.07 332.759 30
2 1218.52 334.21 30
2 1219.96 335.653 30
2 1221.41 337.096 30
2 1222.86 338.547 30
2 1224.3 339.989 30
2 1225.74 341.432 30
2 1227.18 342.869 30
2 1228.63 344.32 30
2 1230.09 345.784 30
2 1231.55 347.236 30
2 1232.99 348.679 30
2 1234.44 350.132 30
2 1235.89 351.583 30
2 1237.34 353.027 30
2 1238.78 354.469 30.5
2 1240.22 355.906 30
2 1241.67 357.363 30.5
2 1243.11 358.8 30
2 1244.55 360.243 30
2 1246 361.693 30.5
2 1247.45 363.136 30.5
2 1248.89 364.584 30.5
2 1250.34 366.034 30
2 1251.79 367.477 30
2 1253.24 368.93 30.5
2 1254.69 370.381 30
2 1256.14 371.825 30
2 1257.58 373.268 30
2 1259.03 374.719 30.5
2 1260.47 376.161 30
2 1261.91 377.603 30.5
2 1263.37 379.055 30
2 1264.81 380.498 30.5
2 1266.24 381.935 30
2 1267.72 383.407 30
2 1269.16 384.851 30
2 1270.6 386.293 30
2 1272.05 387.744 30.5
2 1273.5 389.187 30.5
2 1274.95 390.639 30
2 1276.4 392.091 30.5
2 1277.84 393.534 30.5
2 1279.28 394.97 30
2 1280.74 396.428 30
2 1282.18 397.865 30.5
2 1283.62 399.308 30
2 1285.07 400.759 30.5
2 1286.51 402.203 30
2 1287.96 403.645 30
2 1289.41 405.097 30.5
2 1290.85 406.54 30
2 1292.29 407.983 30
2 1293.75 409.444 30
2 1295.2 410.887 30
2 1296.64 412.33 30
2 1298.09 413.781 30
2 1299.53 415.223 30
2 1300.98 416.666 30
2 1302.41 418.103 30
2 1303.86 419.553 30
2 1305.31 420.995 30
2 1306.75 422.438 30
2 1308.21 423.898 30
2 1309.65 425.341 30
2 1311.09 426.783 30
2 1312.54 428.234 30
2 1313.99 429.676 30
2 1315.44 431.129 30
2 1316.89 432.58 30
2 1318.33 434.023 30
2 1319.78 435.466 30
2 1321.23 436.916 30
2 1322.67 438.358 30
2 1324.11 439.801 30
3 1325.56 9.9e-08 30
3 1327 1.43659 30
3 1328.44 2.87947 30
3 1329.89 4.32945 30
3 1331.33 5.77139 30
3 1332.77 7.21353 30
3 1334.23 8.66413 30
3 1335.67 10.1065 30
3 1337.12 11.5585 30
3 1338.57 13.009 30
3 1340.01 14.4519 30
3 1341.47 15.905 30
3 1342.92 17.355 30
3 1344.36 18.7975 30
3 1345.81 20.2496 30
3 1347.26 21.7001 30
3 1348.7 23.1423 30
3 1350.15 24.5846 30
3 1351.6 26.0353 30.5
3 1353.04 27.4782 30.5
3 1354.48 28.9214 30
3 1355.92 30.3583 30
3 1357.37 31.809 30
3 1358.81 33.2514 30
3 1360.25 34.6933 30
3 1361.7 36.1436 30
3 1363.15 37.5857 30
3 1364.59 39.0283 30
3 1366.04 40.4782 30
3 1367.49 41.9305 30
3 1368.93 43.3737 30
3 1370.39 44.8243 30
3 1371.83 46.2668 30
3 1373.27 47.7097 30
3 1374.72 49.16 30
3 1376.16 50.5967 30
3 1377.6 52.0391 30
3 1379.07 53.5105 30
3 1380.51 54.9528 30
3 1381.95 56.3894 30
3 1383.41 57.8457 30
3 1384.84 59.2824 30
3 1386.29 60.7307 30
3 1387.74 62.1808 30
3 1389.18 63.6236 30
3 1390.63 65.0654 30
3 1392.08 66.5171 30
3 1393.52 67.9594 30
3 1394.96 69.4017 30
3 1396.41 70.8527 30
3 1397.87 72.3109 30
3 1399.31 73.7537 30
3 1400.77 75.2044 30
3 1402.21 76.6473 30
3 1403.65 78.0898 30
3 1405.11 79.5506 30
3 1406.55 80.993 30
3 1408 82.436 30
3 1409.45 83.8867 30
3 1410.89 85.3286 30
3 1412.33 86.7652 30
3 1413.77 88.2084 30
3 1415.22 89.6588 30
3 1416.68 91.1227 30
3 1418.13 92.5652 30
3 1419.58 94.0153 30
3 1421.01 95.4517 30
3 1422.46 96.8948 30
3 1423.92 98.3616 30
3 1425.36 99.7982 30
3 1426.8 101.241 30
3 1428.25 102.692 30
3 1429.7 104.135 30
3 1431.14 105.577 30
3 1432.59 107.027 30
3 1434.03 108.469 30
3 1435.47 109.911 30
3 1436.92 111.362 30
3 1438.38 112.819 30
3 1439.82 114.26 30
3 1441.27 115.711 30
3 1442.72 117.163 30
3 1444.17 118.605 30
3 1445.62 120.055 30
3 1447.06 121.498 30
3 1448.5 122.94 30
3 1449.95 124.391 30
3 1451.39 125.833 30
3 1452.83 127.269 30
3 1454.28 128.719 30
3 1455.72 130.161 30
3 1457.17 131.614 30
3 1458.63 133.064 30
3 1460.07 134.507 30
3 1461.52 135.954 30
3 1462.97 137.404 30
3 1464.41 138.847 30
3 1465.85 140.289 30
3 1467.3 141.739 30
3 1468.74 143.182 30
3 1470.19 144.625 30
3 1471.64 146.076 30
3 1473.08 147.518 30
3 1474.52 148.962 30
3 1475.97 150.409 30
3 1477.42 151.86 30
3 1478.86 153.297 30
3 1480.31 154.744 30
3 1481.76 156.196 30
3 1483.2 157.638 30
3 1484.64 159.081 30
3 1486.09 160.531 30
3 1487.53 161.974 30
3 1488.98 163.416 30
3 1490.43 164.867 30
3 1491.87 166.31 30
3 1493.31 167.753 30
3 1494.78 169.219 30
3 1496.22 170.661 30
3 1497.67 172.105 30
3 1499.12 173.555 30
3 1500.56 174.999 30
3 1502.01 176.452 30
3 1503.46 177.902 30
3 1504.91 179.345 30
3 1506.35 180.787 30
3 1507.8 182.238 30
3 1509.24 183.681 30
3 1510.68 185.118 30
3 1512.14 186.574 30
3 1513.59 188.032 30
3 1515.04 189.474 30
3 1516.49 190.925 30
3 1517.93 192.368 30
3 1519.37 193.805 30
3 1520.83 195.271 30
3 1522.27 196.713 30
3 1523.71 198.15 30
3 1525.17 199.607 30
3 1526.6 201.043 30
3 1528.05 202.486 30
3 1529.5 203.937 30
3 1530.94 205.379 30
3 1532.39 206.833 30
3 1533.84 208.283 30
3 1535.29 209.726 30
3 1536.73 211.168 30
3 1538.18 212.619 30
3 1539.63 214.072 30
3 1541.08 215.515 30
3 1542.53 216.966 30
3 1543.97 218.409 30
3 1545.41 219.851 30
3 1546.86 221.301 30
3 1548.3 222.744 30
3 1549.75 224.187 30
3 1551.18 225.623 30
3 1552.63 227.074 30
3 1554.1 228.537 30
3 1555.55 229.988 30
3 1556.99 231.431 30
3 1558.45 232.889 30
3 1559.9 234.34 30
3 1561.34 235.783 30
3 1562.79 237.225 30
3 1564.24 238.676 30
3 1565.68 240.119 30
3 1567.12 241.562 30
3 1568.56 242.998 30
3 1570.01 244.449 30
3 1571.45 245.891 30
3 1572.89 247.333 30
3 1574.34 248.783 30
3 1575.79 250.226 30
3 1577.24 251.68 30
3 1578.69 253.13 30
3 1580.13 254.573 30
3 1581.58 256.016 30
3 1583.03 257.467 30
3 1584.47 258.909 30
3 1585.91 260.351 30
3 1587.36 261.802 30
3 1588.81 263.244 30
3 1590.24 264.681 30
3 1591.71 266.153 30
3 1593.16 267.595 30
3 1594.6 269.037 30
3 1596.06 270.503 30
3 1597.51 271.946 30
3 1598.95 273.389 30
3 1600.4 274.839 30
3 1601.84 276.281 30
3 1603.29 277.724 30
3 1604.74 279.175 30
3 1606.17 280.611 30
3 1607.62 282.055 30
3 1609.07 283.505 30.5
3 1610.52 284.958 30
3 1611.96 286.4 30
3 1613.41 287.85 30
3 1614.85 289.293 30
3 1616.3 290.736 30
3 1617.75 292.19 30
3 1619.19 293.633 30.5
3 1620.64 295.075 30.5
3 1622.09 296.525 30
3 1623.53 297.968 30
3 1624.97 299.41 30
3 1626.41 300.847 30
3 1627.86 302.297 30
3 1629.32 303.761 30
3 1630.77 305.204 30
3 1632.22 306.655 30
3 1633.65 308.091 30
3 1635.09 309.533 30.5
3 1636.54 310.983 30
3 1637.99 312.426 30
3 1639.43 313.868 30
3 1640.88 315.318 30
3 1642.32 316.761 30
3 1643.76 318.203 30
3 1645.21 319.653 30.5
3 1646.66 321.095 30.5
3 1648.11 322.553 30.5
3 1649.56 324.004 30
3 1651.01 325.445 30
3 1652.45 326.888 30
3 1653.9 328.339 30
3 1655.36 329.797 30
3 1656.8 331.239 30
3 1658.25 332.69 30.5
3 1659.69 334.132 30.5
3 1661.13 335.569 30
3 1662.59 337.026 30
3 1664.02 338.463 30
3 1665.47 339.905 30
3 1666.92 341.356 30
3 1668.36 342.799 30
3 1669.81 344.253 30
3 1671.26 345.704 30.5
3 1672.71 347.146 30
3 1674.15 348.589 30
3 1675.6 350.039 30
3 1677.04 351.483 30
3 1678.49 352.925 30
3 1679.93 354.367 30.5
3 1681.38 355.818 30
3 1682.82 357.255 30.5
3 1684.26 358.697 30
3 1685.71 360.148 30
3 1687.15 361.59 30
3 1688.6 363.038 30
3 1690.05 364.488 30
3 1691.49 365.931 30.5
3 1692.94 367.374 30
3 1694.39 368.825 30
3 1695.84 370.282 30
3 1697.29 371.725 30
3 1698.74 373.176 30
3 1700.18 374.619 30
3 1701.62 376.061 30
3 1703.07 377.512 30
3 1704.52 378.955 30
3 1705.95 380.391 30
3 1707.41 381.848 30
3 1708.85 383.284 30.5
3 1710.3 384.737 30
3 1711.75 386.194 30
3 1713.19 387.63 30
3 1714.64 389.079 30
3 1716.09 390.53 30
3 1717.53 391.972 30
3 1718.98 393.416 30
3 1720.43 394.867 30
3 1721.87 396.308 30
3 1723.31 397.751 30
3 1724.76 399.202 30
3 1726.21 400.646 30.5
3 1727.65 402.088 30.5
3 1729.11 403.554 30
3 1730.56 404.996 30
3 1732 406.44 30
3 1733.46 407.896 30
3 1734.9 409.339 30.5
3 1736.34 410.782 30
3 1737.79 412.233 30
3 1739.24 413.676 30
3 1740.68 415.12 30
3 1742.12 416.558 30.5
3 1743.58 418.015 30.5
3 1745.01 419.452 30.5
3 1746.46 420.894 30
3 1747.93 422.367 30
3 1749.37 423.811 30
3 1750.81 425.248 30.5
3 1752.28 426.72 30.5
3 1753.72 428.163 30.5
3 1755.18 429.614 30.5
3 1756.62 431.057 30
3 1758.06 432.5 30
3 1759.5 433.937 30
3 1760.95 435.388 30.5
3 1762.41 436.849 30.5
3 1763.84 438.283 30.5
3 1765.3 439.74 30
4 1766.75 9.6e-08 30
4 1768.19 1.4367 30
4 1769.65 2.89355 30.5
4 1771.08 4.33037 30.5
4 1772.53 5.77401 30
4 1773.98 7.22547 30
4 1775.42 8.66916 30
4 1776.87 10.1125 30.5
4 1778.32 11.5639 30.5
4 1779.76 13.0068 30.5
4 1781.2 14.4499 30.5
4 1782.66 15.9007 30
4 1784.1 17.3431 30
4 1785.56 18.8011 30
4 1787.01 20.252 30.5
4 1788.45 21.6958 30.5
4 1789.89 23.1388 30.5
4 1791.34 24.59 30
4 1792.79 26.0331 30
4 1794.23 27.4764 30
4 1795.68 28.9271 30.5
4 1797.12 30.3644 30.5
4 1798.56 31.8077 30.5
4 1800.03 33.2796 30
4 1801.48 34.7216 30
4 1802.91 36.1582 30
4 1804.38 37.6301 30
4 1805.83 39.0736 30.5
4 1807.27 40.5164 30.5
4 1808.72 41.9675 30.5
4 1810.16 43.4104 30
4 1811.6 44.8475 30
4 1813.05 46.2988 30.5
4 1814.5 47.7415 30.5
4 1815.94 49.1848 30.5
4 1817.39 50.6356 30
4 1818.84 52.0887 30
4 1820.29 53.5318 30
4 1821.74 54.9829 30.5
4 1823.19 56.4312 30.5
4 1824.63 57.8742 30.5
4 1826.08 59.3259 30
4 1827.52 60.7684 30
4 1828.97 62.2118 30.5
4 1830.42 63.6627 30
4 1831.86 65.1063 30.5
4 1833.3 66.5497 30.5
4 1834.74 67.9865 30.5
4 1836.2 69.4433 30
4 1837.63 70.8805 30
4 1839.08 72.3237 30
4 1840.55 73.791 30.5
4 1841.98 75.2281 30.5
4 1843.43 76.6714 30.5
4 1844.88 78.1222 30
4 1846.32 79.5652 30.5
4 1847.76 81.0084 30.5
4 1849.21 82.4598 30
4 1850.66 83.9031 30.5
4 1852.11 85.356 30
4 1853.56 86.8067 30
4 1855 88.2495 30
4 1856.46 89.7023 30.5
4 1857.91 91.1532 30.5
4 1859.35 92.5966 30.5
4 1860.79 94.0397 30.5
4 1862.25 95.4908 30
4 1863.69 96.9336 30
4 1865.13 98.377 30
4 1866.58 99.8283 30.5
4 1868.03 101.271 30.5
4 1869.46 102.708 30.5
4 1870.93 104.18 30
4 1872.38 105.624 30
4 1873.82 107.067 30.5
4 1875.28 108.528 30.5
4 1876.73 109.972 30.5
4 1878.17 111.415 30.5
4 1879.62 112.866 30.5
4 1881.06 114.309 30
4 1882.5 115.746 30.5
4 1883.95 117.197 30.5
4 1885.39 118.64 30.5
4 1886.84 120.083 30.5
4 1888.29 121.534 30
4 1889.74 122.988 30
4 1891.19 124.431 30
4 1892.64 125.882 30.5
4 1894.08 127.33 30.5
4 1895.53 128.774 30.5
4 1896.98 130.225 30
4 1898.42 131.668 30
4 1899.87 133.111 30
4 1901.32 134.562 30.5
4 1902.76 136.005 30.5
4 1904.2 137.448 30.5
4 1905.65 138.892 30.5
4 1907.1 140.343 30
4 1908.56 141.801 30
4 1910.01 143.252 30
4 1911.45 144.695 30.5
4 1912.91 146.153 30.5
4 1914.36 147.604 30.5
4 1915.8 149.047 30
4 1917.24 150.49 30
4 1918.7 151.941 30.5
4 1920.14 153.384 30.5
4 1921.58 154.827 30.5
4 1923.02 156.263 30
4 1924.47 157.72 30
4 1925.91 159.157 30
4 1927.35 160.599 30.5
4 1928.8 162.05 30.5
4 1930.25 163.492 30.5
4 1931.7 164.945 30
4 1933.15 166.397 30
4 1934.59 167.839 30
4 1936.04 169.282 30
4 1937.49 170.733 30.5
4 1938.93 172.176 30.5
4 1940.37 173.619 30.5
4 1941.82 175.069 30
4 1943.27 176.512 30
4 1944.7 177.95 30
4 1946.18 179.423 30.5
4 1947.62 180.866 30.5
4 1949.06 182.309 30.5
4 1950.51 183.76 30
4 1951.96 185.202 30
4 1953.41 186.66 30
4 1954.87 188.111 30
4 1956.31 189.553 30.5
4 1957.75 190.997 30
4 1959.2 192.448 30
4 1960.64 193.885 30
4 1962.08 195.328 30
4 1963.53 196.779 30.5
4 1964.98 198.222 30.5
4 1966.42 199.665 30.5
4 1967.88 201.126 30
4 1969.32 202.568 30
4 1970.77 204.011 30
4 1972.22 205.467 30.5
4 1973.67 206.911 30.5
4 1975.11 208.354 30.5
4 1976.56 209.805 30
4 1978 211.248 30
4 1979.45 212.692 30
4 1980.9 214.143 30
4 1982.34 215.586 30.5
4 1983.78 217.029 30.5
4 1985.22 218.466 30.5
4 1986.69 219.939 30
4 1988.14 221.382 30
4 1989.59 222.834 30
4 1991.04 224.287 30.5
4 1992.48 225.73 30.5
4 1993.94 227.181 30.5
4 1995.38 228.623 30
4 1996.82 230.067 30
4 1998.26 231.504 30
4 1999.71 232.955 30.5
4 2001.15 234.397 30.5
4 2002.59 235.84 30
4 2004.05 237.291 30
4 2005.5 238.744 30
4 2006.94 240.187 30
4 2008.39 241.638 30.5
4 2009.84 243.086 30.5
4 2011.28 244.529 30.5
4 2012.73 245.98 30
4 2014.18 247.423 30
4 2015.62 248.867 30
4 2017.07 250.318 30.5
4 2018.52 251.762 30.5
4 2019.96 253.204 30.5
4 2021.41 254.656 30
4 2022.85 256.099 30
4 2024.31 257.557 30
4 2025.76 259.008 30.5
4 2027.21 260.451 30.5
4 2028.66 261.904 30
4 2030.11 263.355 30
4 2031.55 264.798 30
4 2033 266.242 30.5
4 2034.45 267.693 30.5
4 2035.89 269.135 30.5
4 2037.33 270.572 30.5
4 2038.78 272.029 30
4 2040.22 273.466 30
4 2041.66 274.91 30
4 2043.14 276.382 30.5
4 2044.58 277.826 30.5
4 2046.02 279.269 30.5
4 2047.49 280.735 30
4 2048.93 282.178 30
4 2050.38 283.621 30
4 2051.83 285.071 30.5
4 2053.27 286.514 30.5
4 2054.71 287.951 30.5
4 2056.16 289.408 30.5
4 2057.6 290.845 30
4 2059.05 292.298 30
4 2060.51 293.755 30
4 2061.95 295.192 30.5
4 2063.39 296.634 30
4 2064.84 298.086 30
4 2066.29 299.534 30
4 2067.73 300.977 30
4 2069.18 302.428 30
4 2070.62 303.87 30.5
4 2072.07 305.314 30.5
4 2073.52 306.765 30
4 2074.96 308.208 30
4 2076.41 309.651 30
4 2077.84 311.088 30
4 2079.29 312.539 30.5
4 2080.76 314.003 30.5
4 2082.21 315.454 30
4 2083.65 316.898 30
4 2085.09 318.34 30
4 2086.53 319.777 30.5
4 2088 321.245 30.5
4 2089.44 322.689 30.5
4 2090.88 324.126 30.5
4 2092.34 325.583 30
4 2093.77 327.02 30
4 2095.22 328.464 30
4 2096.67 329.915 30.5
4 2098.11 331.358 30.5
4 2099.56 332.806 30.5
4 2101.01 334.257 30
4 2102.45 335.7 30
4 2103.9 337.144 30
4 2105.35 338.595 30
4 2106.8 340.048 30.5
4 2108.25 341.491 30
4 2109.7 342.942 30
4 2111.14 344.386 30
4 2112.58 345.829 30.5
4 2114.04 347.281 30.5
4 2115.48 348.723 30.5
4 2116.92 350.167 30.5
4 2118.39 351.634 30
4 2119.83 353.077 30
4 2121.27 354.52 30
4 2122.73 355.972 30.5
4 2124.17 357.414 30.5
4 2125.63 358.873 30
4 2127.08 360.324 30
4 2128.52 361.767 30
4 2129.96 363.21 30
4 2131.42 364.661 30.5
4 2132.86 366.104 30.5
4 2134.3 367.541 30.5
4 2135.75 368.998 30.5
4 2137.19 370.434 30
4 2138.63 371.878 30
4 2140.1 373.35 30
4 2141.55 374.793 30.5
4 2142.98 376.229 30
4 2144.43 377.68 30
4 2145.88 379.123 30
4 2147.32 380.565 30
4 2148.77 382.016 30.5
4 2150.21 383.458 30.5
4 2151.67 384.911 30.5
4 2153.12 386.361 30
4 2154.56 387.804 30
4 2156.01 389.256 30
4 2157.46 390.707 30.5
4 2158.9 392.15 30.5
4 2160.35 393.593 30.5
4 2161.8 395.043 30.5
4 2163.24 396.486 30
4 2164.68 397.928 30
4 2166.12 399.364 30
4 2167.57 400.815 30.5
4 2169.01 402.258 30.5
4 2170.46 403.705 30.5
4 2171.91 405.156 30
4 2173.35 406.599 30
4 2174.81 408.052 30
4 2176.26 409.502 30.5
4 2177.7 410.944 30.5
4 2179.14 412.387 30.5
4 2180.59 413.838 30.5
4 2182.04 415.281 30
4 2183.48 416.724 30.5
4 2184.93 418.174 30.5
4 2186.39 419.632 30.5
4 2187.83 421.075 30
4 2189.28 422.526 30
4 2190.72 423.968 30
4 2192.16 425.405 30
4 2193.63 426.872 30.5
4 2195.07 428.315 30.5
4 2196.51 429.752 30.5
4 2197.96 431.209 30.5
4 2199.4 432.646 30.5
4 2200.84 434.089 30
4 2202.29 435.54 30.5
4 2203.74 436.983 30.5
4 2205.18 438.426 30.5
4 2206.63 439.877 30
4 2208.08 441.33 30.5
5 2209.53 9.5e-08 30.5
5 2210.98 1.45097 30.5
5 2212.42 2.8944 30.5
5 2213.86 4.33695 30.5
5 2215.33 5.79759 30.5
5 2216.77 7.24046 30.5
5 2218.21 8.68288 30.5
5 2219.65 10.1257 30
5 2221.1 11.5766 30.5
5 2222.54 13.0137 30.5
5 2223.98 14.4569 30.5
5 2225.44 15.908 30.5
5 2226.88 17.3512 30.5
5 2228.32 18.7936 30.5
5 2229.77 20.2445 30.5
5 2231.22 21.688 30.5
5 2232.66 23.1307 30.5
5 2234.12 24.5971 30.5
5 2235.57 26.0397 30.5
5 2237.01 27.4822 30.5
5 2238.46 28.9332 30.5
5 2239.9 30.3756 30.5
5 2241.36 31.8288 30.5
5 2242.81 33.2801 30.5
5 2244.25 34.7231 30.5
5 2245.71 36.1811 30.5
5 2247.16 37.6319 30.5
5 2248.6 39.0752 30.5
5 2250.05 40.5179 30.5
5 2251.5 41.9687 30.5
5 2252.95 43.4256 30
5 2254.4 44.8679 30.5
5 2255.85 46.3183 30.5
5 2257.29 47.7609 30.5
5 2258.73 49.2039 30.5
5 2260.18 50.6549 30.5
5 2261.63 52.0984 30.5
5 2263.06 53.535 30.5
5 2264.53 55.0065 30.5
5 2265.98 56.4489 30.5
5 2267.42 57.8917 30.5
5 2268.87 59.3424 30
5 2270.31 60.7796 30
5 2271.77 62.2428 30.5
5 2273.22 63.6938 30.5
5 2274.66 65.1361 30.5
5 2276.1 66.573 30.5
5 2277.55 68.0239 30
5 2278.99 69.4668 30.5
5 2280.44 70.9096 30.5
5 2281.89 72.3604 30.5
5 2283.34 73.8132 30.5
5 2284.78 75.2565 30.5
5 2286.24 76.7077 30.5
5 2287.68 78.1505 30
5 2289.12 79.5935 30.5
5 2290.58 81.0546 30.5
5 2292.02 82.4973 30.5
5 2293.47 83.9401 30.5
5 2294.92 85.3913 30.5
5 2296.36 86.8346 30.5
5 2297.81 88.2775 30
5 2299.24 89.7142 30.5
5 2300.69 91.165 30.5
5 2302.14 92.6079 30.5
5 2303.58 94.051 30.5
5 2305.03 95.5016 30.5
5 2306.47 96.9445 30
5 2307.91 98.3873 30.5
5 2309.38 99.8484 30.5
5 2310.82 101.29 30.5
5 2312.26 102.733 30.5
5 2313.71 104.184 30
5 2315.15 105.627 30
5 2316.59 107.064 30
5 2318.05 108.52 30.5
5 2319.49 109.957 30.5
5 2320.93 111.401 30.5
5 2322.38 112.852 30
5 2323.83 114.305 30
5 2325.28 115.748 30
5 2326.73 117.199 30
5 2328.17 118.641 30.5
5 2329.61 120.084 30.5
5 2331.07 121.54 30.5
5 2332.51 122.982 30
5 2333.95 124.425 30
5 2335.4 125.868 30
5 2336.85 127.318 30.5
5 2338.28 128.754 30.5
5 2339.72 130.196 30.5
5 2341.17 131.647 30.5
5 2342.62 133.09 30
5 2344.06 134.532 30.5
5 2345.52 135.993 30.5
5 2346.96 137.436 30.5
5 2348.41 138.879 30
5 2349.87 140.34 30.5
5 2351.31 141.782 30
5 2352.75 143.226 30
5 2354.2 144.677 30.5
5 2355.65 146.12 30.5
5 2357.09 147.563 30.5
5 2358.54 149.014 30
5 2359.98 150.451 30
5 2361.42 151.894 30.5
5 2362.87 153.345 30.5
5 2364.33 154.798 30.5
5 2365.77 156.241 30.5
5 2367.22 157.692 30.5
5 2368.67 159.14 30.5
5 2370.11 160.582 30
5 2371.56 162.033 30
5 2373 163.474 30.5
5 2374.44 164.917 30.5
5 2375.89 166.36 30.5
5 2377.34 167.811 30.5
5 2378.78 169.248 30
5 2380.22 170.691 30
5 2381.67 172.142 30.5
5 2383.12 173.595 30.5
5 2384.57 175.038 30.5
5 2386.02 176.488 30.5
5 2387.46 177.93 30
5 2388.9 179.373 30.5
5 2390.35 180.824 30.5
5 2391.79 182.267 30.5
5 2393.24 183.709 30.5
5 2394.69 185.16 30
5 2396.13 186.598 30
5 2397.57 188.04 30
5 2399.02 189.492 30.5
5 2400.46 190.935 30.5
5 2401.92 192.388 30.5
5 2403.37 193.84 30.5
5 2404.81 195.282 30
5 2406.25 196.725 30
5 2407.7 198.177 30.5
5 2409.16 199.631 30.5
5 2410.6 201.074 30.5
5 2412.05 202.525 30.5
5 2413.5 203.968 30.5
5 2414.94 205.411 30
5 2416.38 206.854 30
5 2417.83 208.305 30.5
5 2419.27 209.743 30.5
5 2420.71 211.186 30.5
5 2422.16 212.637 30
5 2423.61 214.079 30.5
5 2425.05 215.522 30
5 2426.5 216.973 30.5
5 2427.95 218.426 30.5
5 2429.4 219.868 30.5
5 2430.85 221.319 30.5
5 2432.29 222.763 30
5 2433.73 224.206 30.5
5 2435.18 225.656 30.5
5 2436.62 227.093 30.5
5 2438.06 228.537 30
5 2439.54 230.009 30
5 2440.98 231.452 30
5 2442.42 232.896 30
5 2443.88 234.348 30.5
5 2445.31 235.785 30.5
5 2446.77 237.245 30.5
5 2448.22 238.694 30
5 2449.66 240.132 30
5 2451.1 241.576 30
5 2452.55 243.027 30.5
5 2454 244.469 30.5
5 2455.44 245.912 30.5
5 2456.89 247.364 30.5
5 2458.34 248.807 30
5 2459.78 250.25 30
5 2461.24 251.711 30
5 2462.68 253.154 30.5
5 2464.12 254.597 30.5
5 2465.59 256.058 30.5
5 2467.03 257.501 30
5 2468.47 258.944 30
5 2469.92 260.396 30
5 2471.37 261.838 30.5
5 2472.8 263.275 30.5
5 2474.25 264.718 30
5 2475.7 266.169 30
5 2477.16 267.628 30
5 2478.59 269.065 30.5
5 2480.04 270.516 30.5
5 2481.49 271.96 30.5
5 2482.93 273.403 30
5 2484.39 274.859 30
5 2485.83 276.301 30
5 2487.27 277.745 30
5 2488.72 279.195 30.5
5 2490.17 280.639 30.5
5 2491.61 282.082 30.5
5 2493.06 283.533 30
5 2494.5 284.975 30
5 2495.94 286.413 30
5 2497.39 287.863 30.5
5 2498.85 289.327 30.5
5 2500.3 290.77 30.5
5 2501.75 292.22 30.5
5 2503.21 293.679 30
5 2504.65 295.121 30
5 2506.1 296.573 30.5
5 2507.54 298.016 30.5
5 2508.98 299.453 30.5
5 2510.43 300.905 30
5 2511.88 302.348 30
5 2513.32 303.791 30
5 2514.77 305.243 30
5 2516.21 306.686 30.5
5 2517.67 308.14 30.5
5 2519.12 309.591 30
5 2520.56 311.035 30.5
5 2522.01 312.483 30
5 2523.46 313.935 30.5
5 2524.91 315.378 30.5
5 2526.35 316.821 30.5
5 2527.8 318.272 30.5
5 2529.24 319.715 30.5
5 2530.69 321.159 30
5 2532.12 322.596 30.5
5 2533.58 324.048 30.5
5 2535.02 325.491 30.5
5 2536.46 326.933 30.5
5 2537.91 328.384 30
5 2539.35 329.827 30
5 2540.81 331.28 30
5 2542.26 332.732 30.5
5 2543.7 334.175 30.5
5 2545.15 335.618 30.5
5 2546.6 337.069 30
5 2548.04 338.512 30
5 2549.48 339.956 30.5
5 2550.93 341.407 30
5 2552.38 342.85 30.5
5 2553.82 344.288 30
5 2555.27 345.738 30
5 2556.71 347.182 30
5 2558.16 348.63 30.5
5 2559.61 350.081 30
5 2561.05 351.525 30.5
5 2562.5 352.969 30.5
5 2563.95 354.42 30.5
5 2565.39 355.863 30.5
5 2566.83 357.306 30.5
5 2568.28 358.749 30.5
5 2569.74 360.215 30.5
5 2571.19 361.658 30.5
5 2572.64 363.108 30
5 2574.09 364.561 30.5
5 2575.53 366.004 30
5 2576.98 367.455 30
5 2578.43 368.898 30
5 2579.87 370.341 30.5
5 2581.31 371.778 30
5 2582.76 373.235 30
5 2584.2 374.672 30
5 2585.64 376.115 30.5
5 2587.09 377.567 30.5
5 2588.55 379.023 30.5
5 2589.99 380.463 30.5
5 2591.44 381.914 30
5 2592.89 383.362 30.5
5 2594.33 384.805 30.5
5 2595.78 386.257 30.5
5 2597.23 387.701 30.5
5 2598.67 389.144 30
5 2600.12 390.595 30.5
5 2601.57 392.038 30
5 2603.01 393.482 30.5
5 2604.47 394.947 30.5
5 2605.92 396.39 30.5
5 2607.36 397.832 30.5
5 2608.81 399.283 30.5
5 2610.25 400.727 30
5 2611.71 402.185 30.5
5 2613.16 403.636 30.5
5 2614.61 405.079 30.5
5 2616.05 406.522 30.5
5 2617.5 407.973 30
5 2618.94 409.41 30
5 2620.38 410.853 30.5
5 2621.83 412.304 30
5 2623.27 413.746 30.5
5 2624.72 415.189 30.5
5 2626.18 416.65 30.5
5 2627.62 418.092 30
5 2629.06 419.535 30.5
5 2630.52 420.991 30.5
5 2631.96 422.434 30.5
5 2633.4 423.877 30.5
5 2634.86 425.328 30
5 2636.3 426.77 30
5 2637.74 428.213 30.5
5 2639.18 429.65 30.5
5 2640.63 431.102 30.5
5 2642.07 432.545 30.5
5 2643.52 433.987 30.5
5 2644.98 435.449 30
5 2646.42 436.892 30.5
5 2647.86 438.335 30.5
5 2649.32 439.792 30.5
5 2650.76 441.234 30.5
5 2652.2 442.677 30.5
5 2653.66 444.129 30.5
6 2655.1 8.5e-08 30
6 2656.54 1.4426 30.5
6 2657.99 2.8936 30.5
6 2659.44 4.33638 30.5
6 2660.87 5.77313 30.5
6 2662.32 7.22407 30.5
6 2663.77 8.66664 30
6 2665.21 10.1092 30
6 2666.66 11.5608 30.5
6 2668.1 13.004 30.5
6 2669.55 14.4469 30.5
6 2671.01 15.9078 30.5
6 2672.45 17.3506 30.5
6 2673.89 18.7937 30.5
6 2675.34 20.2455 30.5
6 2676.79 21.6886 30.5
6 2678.24 23.1416 30.5
6 2679.69 24.5927 30.5
6 2681.13 26.0356 30
6 2682.59 27.4932 30
6 2684.04 28.9438 30.5
6 2685.49 30.3869 30.5
6 2686.93 31.8301 30.5
6 2688.37 33.2732 30.5
6 2689.83 34.7341 30.5
6 2691.28 36.1773 30.5
6 2692.72 37.6198 30.5
6 2694.17 39.071 30.5
6 2695.61 40.5083 30.5
6 2697.05 41.9511 30.5
6 2698.5 43.4025 30
6 2699.94 44.8451 30
6 2701.4 46.298 30.5
6 2702.85 47.7494 30.5
6 2704.29 49.1929 30.5
6 2705.74 50.6409 30.5
6 2707.19 52.0916 30
6 2708.63 53.5348 30.5
6 2710.08 54.9779 30
6 2711.53 56.4292 30.5
6 2712.97 57.8721 30.5
6 2714.41 59.3093 30.5
6 2715.87 60.766 30.5
6 2717.3 62.2032 30.5
6 2718.75 63.646 30.5
6 2720.2 65.097 30.5
6 2721.64 66.5393 30.5
6 2723.1 67.9975 30.5
6 2724.55 69.4479 30.5
6 2725.99 70.8905 30
6 2727.43 72.3336 30.5
6 2728.88 73.7849 30.5
6 2730.33 75.228 30.5
6 2731.77 76.6708 30.5
6 2733.22 78.1229 30
6 2734.68 79.5811 30.5
6 2736.12 81.0239 30
6 2737.57 82.4749 30.5
6 2739.03 83.9281 30.5
6 2740.47 85.3707 30.5
6 2741.92 86.8216 30.5
6 2743.36 88.2646 30
6 2744.81 89.7077 30.5
6 2746.24 91.144 30
6 2747.7 92.6005 30.5
6 2749.14 94.0377 30.5
6 2750.58 95.4805 30.5
6 2752.03 96.9313 30.5
6 2753.48 98.3838 30.5
6 2754.93 99.8263 30.5
6 2756.38 101.276 30.5
6 2757.82 102.724 30.5
6 2759.27 104.167 30.5
6 2760.72 105.617 30.5
6 2762.16 107.06 30
6 2763.6 108.503 30.5
6 2765.05 109.954 30.5
6 2766.49 111.391 30.5
6 2767.93 112.833 30.5
6 2769.38 114.284 30
6 2770.83 115.727 30.5
6 2772.28 117.179 30.5
6 2773.73 118.63 30.5
6 2775.17 120.073 30.5
6 2776.63 121.526 30.5
6 2778.08 122.977 30.5
6 2779.52 124.42 30.5
6 2780.96 125.863 30.5
6 2782.41 127.314 30
6 2783.86 128.758 30.5
6 2785.3 130.201 30.5
6 2786.74 131.637 30.5
6 2788.19 133.095 30.5
6 2789.63 134.532 30.5
6 2791.07 135.975 30.5
6 2792.52 137.425 30.5
6 2793.97 138.868 30.5
6 2795.42 140.32 30.5
6 2796.87 141.771 30.5
6 2798.31 143.214 30.5
6 2799.76 144.657 30.5
6 2801.21 146.108 30.5
6 2802.65 147.551 30.5
6 2804.09 148.988 30.5
6 2805.54 150.446 30.5
6 2806.98 151.883 30.5
6 2808.43 153.326 30.5
6 2809.9 154.798 30.5
6 2811.34 156.241 30.5
6 2812.78 157.677 30.5
6 2814.25 159.149 30.5
6 2815.69 160.592 30.5
6 2817.13 162.029 30.5
6 2818.58 163.486 30.5
6 2820.02 164.923 30.5
6 2821.47 166.367 30.5
6 2822.92 167.818 30.5
6 2824.36 169.261 30.5
6 2825.8 170.704 30.5
6 2827.25 172.155 30.5
6 2828.71 173.613 30.5
6 2830.15 175.055 30.5
6 2831.61 176.506 30.5
6 2833.06 177.959 30.5
6 2834.5 179.402 30.5
6 2835.95 180.853 30.5
6 2837.4 182.296 30.5
6 2838.84 183.739 30.5
6 2840.27 185.176 30.5
6 2841.73 186.632 30.5
6 2843.17 188.069 30.5
6 2844.61 189.512 30.5
6 2846.06 190.963 30.5
6 2847.51 192.406 30.5
6 2848.95 193.848 30.5
6 2850.41 195.314 30.5
6 2851.86 196.756 30.5
6 2853.3 198.199 30.5
6 2854.75 199.65 30.5
6 2856.19 201.093 30.5
6 2857.63 202.535 30.5
6 2859.09 203.986 30.5
6 2860.52 205.423 30.5
6 2861.99 206.888 30.5
6 2863.44 208.339 30.5
6 2864.88 209.781 30.5
6 2866.34 211.239 30.5
6 2867.79 212.689 30.5
6 2869.23 214.132 30.5
6 2870.67 215.576 30.5
6 2872.13 217.027 30.5
6 2873.56 218.464 30.5
6 2875.01 219.907 30.5
6 2876.46 221.359 30.5
6 2877.9 222.802 30.5
6 2879.34 224.245 30.5
6 2880.81 225.706 30.5
6 2882.25 227.149 30.5
6 2883.69 228.592 30.5
6 2885.15 230.049 30.5
6 2886.59 231.492 30.5
6 2888.03 232.934 30.5
6 2889.48 234.377 30.5
6 2890.93 235.828 30.5
6 2892.36 237.265 30.5
6 2893.81 238.708 30.5
6 2895.26 240.159 30.5
6 2896.71 241.612 30.5
6 2898.15 243.055 30.5
6 2899.6 244.505 30.5
6 2901.05 245.947 30.5
6 2902.49 247.391 30.5
6 2903.95 248.851 30.5
6 2905.39 250.294 30.5
6 2906.84 251.737 30.5
6 2908.29 253.188 30.5
6 2909.73 254.631 30.5
6 2911.17 256.074 30.5
6 2912.62 257.525 30.5
6 2914.06 258.962 30.5
6 2915.52 260.426 30.5
6 2916.98 261.876 30.5
6 2918.42 263.319 30.5
6 2919.86 264.756 30.5
6 2921.31 266.207 30.5
6 2922.75 267.654 30.5
6 2924.2 269.097 30.5
6 2925.65 270.547 30.5
6 2927.09 271.99 30.5
6 2928.53 273.434 30.5
6 2929.98 274.884 30.5
6 2931.43 276.327 30.5
6 2932.87 277.77 30.5
6 2934.31 279.206 30.5
6 2935.76 280.656 30.5
6 2937.2 282.105 30.5
6 2938.65 283.548 30.5
6 2940.1 284.998 30.5
6 2941.54 286.441 30.5
6 2942.98 287.884 30.5
6 2944.43 289.335 30.5
6 2945.88 290.778 30.5
6 2947.32 292.22 30.5
6 2948.79 293.687 30.5
6 2950.23 295.13 30.5
6 2951.67 296.573 30.5
6 2953.12 298.024 30.5
6 2954.57 299.466 30.5
6 2956.02 300.924 30.5
6 2957.47 302.376 30.5
6 2958.92 303.819 30.5
6 2960.36 305.262 30
6 2961.81 306.713 30.5
6 2963.25 308.15 30.5
6 2964.69 309.593 30.5
6 2966.14 311.044 30
6 2967.6 312.497 30.5
6 2969.04 313.94 30
6 2970.49 315.391 30.5
6 2971.93 316.834 30.5
6 2973.38 318.276 30.5
6 2974.83 319.733 30.5
6 2976.27 321.175 30
6 2977.72 322.618 30.5
6 2979.17 324.07 30.5
6 2980.61 325.512 30.5
6 2982.06 326.956 30.5
6 2983.49 328.393 30
6 2984.94 329.842 30
6 2986.4 331.302 30
6 2987.84 332.738 30.5
6 2989.29 334.189 30.5
6 2990.73 335.633 30.5
6 2992.17 337.076 30
6 2993.63 338.532 30
6 2995.08 339.976 30
6 2996.52 341.42 30.5
6 2997.97 342.871 30.5
6 2999.41 344.314 30.5
6 3000.86 345.757 30.5
6 3002.31 347.208 30
6 3003.75 348.651 30
6 3005.21 350.11 30
6 3006.66 351.561 30.5
6 3008.1 353.004 30.5
6 3009.55 354.447 30.5
6 3011 355.899 30
6 3012.46 357.357 30
6 3013.9 358.801 30
6 3015.35 360.252 30
6 3016.79 361.695 30.5
6 3018.24 363.139 30.5
6 3019.69 364.589 30.5
6 3021.13 366.027 30
6 3022.57 367.471 30.5
6 3024.04 368.943 30.5
6 3025.48 370.385 30.5
6 3026.92 371.822 30.5
6 3028.38 373.279 30
6 3029.82 374.717 30
6 3031.26 376.165 30
6 3032.71 377.616 30.5
6 3034.16 379.058 30.5
6 3035.6 380.502 30.5
6 3037.05 381.953 30
6 3038.5 383.397 30
6 3039.94 384.84 30
6 3041.38 386.283 30.5
6 3042.85 387.749 30.5
6 3044.29 389.192 30.5
6 3045.74 390.643 30.5
6 3047.19 392.086 30
6 3048.63 393.529 30
6 3050.09 394.991 30
6 3051.53 396.435 30.5
6 3052.98 397.879 30.5
6 3054.42 399.321 30.5
6 3055.87 400.772 30
6 3057.31 402.21 30
6 3058.75 403.653 30
6 3060.2 405.105 30
6 3061.65 406.548 30.5
6 3063.09 407.992 30
6 3064.55 409.447 30
6 3065.99 410.891 30.5
6 3067.43 412.334 30.5
6 3068.88 413.785 30.5
6 3070.33 415.227 30.5
6 3071.77 416.671 30.5
6 3073.22 418.122 30.5
6 3074.66 419.559 30
6 3076.12 421.024 30
6 3077.57 422.476 30.5
6 3079.02 423.919 30.5
6 3080.47 425.372 30.5
6 3081.92 426.824 30
6 3083.37 428.266 30.5
6 3084.8 429.703 30.5
6 3086.25 431.155 30.5
6 3087.7 432.598 30.5
6 3089.14 434.041 30.5
6 3090.59 435.492 30.5
6 3092.03 436.935 30.5
6 3093.48 438.377 30
6 3094.94 439.839 30.5
6 3096.38 441.282 30.5
6 3097.82 442.725 30.5
6 3099.28 444.176 30.5
6 3100.72 445.62 30
7 3102.18 8.9e-08 30.5
7 3103.63 1.45077 30.5
7 3105.07 2.89409 30.5
7 3106.51 4.33706 30.5
7 3107.95 5.77423 30.5
7 3109.41 7.23072 30.5
7 3110.85 8.66804 30
7 3112.29 10.1109 30.5
7 3113.74 11.5621 30.5
7 3115.18 13.0045 30.5
7 3116.63 14.448 30.5
7 3118.08 15.8987 30.5
7 3119.52 17.3414 30.5
7 3120.98 18.8 30.5
7 3122.43 20.2507 30.5
7 3123.87 21.6936 30.5
7 3125.31 23.1365 30.5
7 3126.77 24.5878 30
7 3128.22 26.0411 30.5
7 3129.66 27.4837 30.5
7 3131.11 28.9345 30.5
7 3132.57 30.3922 30.5
7 3134.01 31.8348 30.5
7 3135.46 33.2858 30.5
7 3136.91 34.7285 30.5
7 3138.35 36.1714 30
7 3139.81 37.632 30.5
7 3141.25 39.0746 30.5
7 3142.7 40.5178 30.5
7 3144.15 41.9689 30.5
7 3145.58 43.4063 30.5
7 3147.03 44.8494 30.5
7 3148.48 46.3007 30.5
7 3149.92 47.7436 30.5
7 3151.37 49.1956 30.5
7 3152.82 50.6458 30.5
7 3154.27 52.0889 30
7 3155.71 53.5328 30
7 3157.16 54.9843 30.5
7 3158.62 56.4377 30.5
7 3160.06 57.8812 30.5
7 3161.51 59.3323 30
7 3162.95 60.7759 30.5
7 3164.4 62.219 30
7 3165.83 63.6565 30.5
7 3167.29 65.1134 30.5
7 3168.73 66.5504 30.5
7 3170.17 67.9937 30.5
7 3171.62 69.4444 30.5
7 3173.06 70.8868 30.5
7 3174.51 72.3299 30.5
7 3175.96 73.7808 30.5
7 3177.41 75.2342 30.5
7 3178.85 76.6768 30.5
7 3180.31 78.1277 30
7 3181.75 79.5707 30.5
7 3183.19 81.0137 30
7 3184.64 82.4642 30.5
7 3186.08 83.9013 30.5
7 3187.52 85.3445 30.5
7 3188.97 86.796 30.5
7 3190.42 88.2392 30
7 3191.86 89.6869 30.5
7 3193.32 91.1381 30.5
7 3194.76 92.5807 30.5
7 3196.2 94.0233 30.5
7 3197.65 95.474 30.5
7 3199.09 96.9169 30.5
7 3200.54 98.3598 30.5
7 3201.97 99.7967 30.5
7 3203.45 101.269 30.5
7 3204.89 102.713 30.5
7 3206.34 104.164 30
7 3207.79 105.608 30.5
7 3209.23 107.05 30.5
7 3210.67 108.491 30
7 3212.13 109.948 30.5
7 3213.56 111.385 30.5
7 3215.01 112.828 30.5
7 3216.46 114.279 30.5
7 3217.9 115.722 30
7 3219.34 117.164 30.5
7 3220.79 118.614 30.5
7 3222.25 120.072 30.5
7 3223.69 121.514 30.5
7 3225.14 122.964 30.5
7 3226.59 124.407 30.5
7 3228.03 125.85 30.5
7 3229.49 127.316 30
7 3230.94 128.758 30.5
7 3232.38 130.201 30.5
7 3233.83 131.652 30.5
7 3235.27 133.094 30
7 3236.71 134.531 30
7 3238.17 135.988 30.5
7 3239.6 137.425 30.5
7 3241.06 138.878 30.5
7 3242.51 140.334 30.5
7 3243.95 141.771 30.5
7 3245.39 143.213 30.5
7 3246.84 144.664 30.5
7 3248.29 146.112 30.5
7 3249.73 147.555 30.5
7 3251.18 149.007 30.5
7 3252.63 150.451 30
7 3254.07 151.893 30
7 3255.51 153.337 30
7 3256.96 154.787 30.5
7 3258.4 156.224 30.5
7 3259.84 157.666 30.5
7 3261.3 159.118 30.5
7 3262.74 160.561 30.5
7 3264.18 162.004 30.5
7 3265.63 163.455 30.5
7 3267.09 164.908 30.5
7 3268.53 166.35 30.5
7 3269.98 167.801 30.5
7 3271.42 169.245 30.5
7 3272.87 170.688 30.5
7 3274.32 172.138 30.5
7 3275.76 173.581 30.5
7 3277.2 175.018 30.5
7 3278.67 176.49 30
7 3280.11 177.933 30.5
7 3281.55 179.376 30.5
7 3283.01 180.828 30.5
7 3284.44 182.265 30.5
7 3285.91 183.73 30.5
7 3287.36 185.181 30.5
7 3288.8 186.623 30.5
7 3290.24 188.06 30.5
7 3291.69 189.517 30.5
7 3293.13 190.953 30.5
7 3294.57 192.396 30.5
7 3296.02 193.845 30.5
7 3297.48 195.298 30.5
7 3298.92 196.741 30.5
7 3300.37 198.192 30.5
7 3301.81 199.635 30.5
7 3303.26 201.078 30.5
7 3304.72 202.541 30.5
7 3306.16 203.982 30.5
7 3307.6 205.425 30.5
7 3309.05 206.875 30.5
7 3310.5 208.318 30.5
7 3311.94 209.761 30.5
7 3313.38 211.197 30.5
7 3314.83 212.648 30.5
7 3316.28 214.1 30.5
7 3317.72 215.543 30.5
7 3319.17 216.992 30.5
7 3320.61 218.435 30.5
7 3322.05 219.877 30.5
7 3323.51 221.333 30.5
7 3324.95 222.775 30.5
7 3326.4 224.218 30.5
8 3327.85 1.02e-07 30.5
8 3329.29 1.44282 30.5
8 3330.73 2.87987 30.5
8 3332.18 4.32992 30.5
8 3333.62 5.77219 30.5
8 3335.06 7.21461 30.5
8 3336.51 8.66495 30.5
8 3337.95 10.1067 30.5
8 3339.4 11.5494 30.5
8 3340.84 12.9925 30.5
8 3342.3 14.4579 30.5
8 3343.75 15.9032 30.5
8 3345.2 17.3496 30.5
8 3346.64 18.7912 30.5
8 3348.07 20.228 30.5
8 3349.52 21.6759 30.5
8 3350.97 23.1257 30.5
8 3352.41 24.5678 30.5
8 3353.86 26.0103 30.5
8 3355.31 27.4605 30.5
8 3356.76 28.914 30.5
8 3358.2 30.3566 30.5
8 3359.65 31.8072 30.5
8 3361.1 33.2543 30.5
8 3362.54 34.696 30.5
8 3363.99 36.1463 30.5
8 3365.44 37.5884 30.5
8 3366.88 39.0314 30.5
8 3368.33 40.4809 30.5
8 3369.76 41.9178 30.5
8 3371.21 43.3605 30.5
8 3372.68 44.8314 30.5
8 3374.12 46.2739 30.5
8 3375.56 47.7105 30.5
8 3377.01 49.1608 30.5
8 3378.45 50.6026 30.5
8 3379.9 52.0496 30.5
8 3381.35 53.5003 30.5
8 3382.79 54.9431 30.5
8 3384.23 56.3865 30.5
8 3385.68 57.8372 30.5
8 3387.13 59.279 30.5
8 3388.56 60.7156 30.5
8 3390.01 62.1588 30.5
8 3391.46 63.6096 30.5
8 3392.9 65.0515 30.5
8 3394.34 66.4941 30.5
8 3395.79 67.9447 30.5
8 3397.23 69.3876 30.5
8 3398.69 70.8464 30.5
8 3400.14 72.2971 30.5
8 3401.59 73.7393 30.5
8 3403.03 75.1813 30.5
8 3404.48 76.6326 30.5
8 3405.92 78.076 30.5
8 3407.36 79.513 30.5
8 3408.81 80.964 30.5
8 3410.25 82.4068 30.5
8 3411.7 83.8493 30.5
8 3413.16 85.3094 30.5
8 3414.6 86.7523 30.5
8 3416.04 88.1949 30.5
8 3417.49 89.6463 30.5
8 3418.94 91.0896 30.5
8 3420.39 92.5479 30.5
8 3421.85 93.9991 30.5
8 3423.29 95.442 30.5
8 3424.73 96.8847 30.5
8 3426.18 98.3354 30.5
8 3427.63 99.7783 30.5
8 3429.07 101.222 30.5
8 3430.51 102.659 30.5
8 3431.98 104.136 30.5
8 3433.43 105.578 30.5
8 3434.88 107.029 30.5
8 3436.32 108.473 30.5
8 3437.76 109.915 30.5
8 3439.22 111.375 30.5
8 3440.66 112.818 30.5
8 3442.11 114.259 30
9 3443.54 9.7e-08 30
9 3445 1.4515 30
9 3446.44 2.8948 30
9 3447.88 4.33759 30
9 3449.33 5.7889 30
9 3450.78 7.2326 30
9 3452.22 8.67645 30
9 3453.67 10.1281 30
9 3455.11 11.5713 30
9 3456.56 13.0145 30
9 3458.02 14.4808 30
9 3459.47 15.9241 30
9 3460.91 17.367 30
9 3462.36 18.8187 30
9 3463.81 20.2621 30
9 3465.26 21.714 30
9 3466.71 23.1657 30
9 3468.15 24.6087 30
9 3469.61 26.0673 30
9 3471.06 27.519 30
9 3472.51 28.9628 30
9 3473.95 30.4061 30
9 3475.4 31.8585 30
9 3476.86 33.3124 30
9 3478.3 34.7554 30
9 3479.75 36.2072 30
9 3481.19 37.6504 30
9 3482.63 39.088 30
9 3484.09 40.5456 30
9 3485.53 41.9834 30
9 3486.97 43.427 30
9 3488.44 44.8991 30
9 3489.89 46.3425 30
9 3491.32 47.7797 30
9 3492.78 49.2371 30
9 3494.22 50.6741 30
9 3495.67 52.1229 30
9 3497.12 53.5736 30
9 3498.56 55.0164 30
9 3500 56.4595 30
9 3501.45 57.9113 30
10 3502.9 2.35e-07 30
10 3504.34 1.44356 30
10 3505.79 2.89478 30
10 3507.24 4.33813 30
10 3508.68 5.78132 30
10 3510.13 7.22954 30
10 3511.58 8.67999 30
10 3513.02 10.1173 30
10 3514.46 11.5661 30
10 3515.92 13.0178 30
10 3517.36 14.4609 30
10 3518.81 15.9097 30
10 3520.26 17.361 30
10 3521.7 18.8045 30
10 3523.15 20.2474 30
10 3524.6 21.6991 30
10 3526.05 23.152 30
10 3527.49 24.5951 30
10 3528.94 26.0469 30
10 3530.39 27.49 30
10 3531.83 28.9332 30
11 3533.28 8.8e-08 30
11 3534.73 1.44253 30
11 3536.17 2.88548 30
11 3537.62 4.33518 30
11 3539.05 5.7721 30
11 3540.5 7.21574 30
11 3541.95 8.66672 30
11 3543.39 10.11 30
11 3544.84 11.5532 30
11 3546.29 13.0046 30
11 3547.74 14.4581 30
11 3549.18 15.9012 30
11 3550.64 17.3531 30.5
12 3552.08 1.12e-07 30.5
12 3553.52 1.44208 30.5
12 3554.96 2.8855 30.5
12 3556.41 4.33604 30.5
12 3557.85 5.77324 30.5
12 3559.3 7.22135 30.5
12 3560.76 8.67849 30.5
13 3562.19 1.04e-07 30.5
13 3563.64 1.44329 30.5
13 3565.09 2.8947 30.5
13 3566.53 4.33751 30.5
13 3567.98 5.78139 30.5
14 3569.43 1.09e-07 30.5
14 3570.87 1.4437 30.5
14 3572.31 2.88675 30.5
14 3573.77 4.33835 30.5
15 3575.21 1.14e-07 30.5
15 3576.65 1.43723 30.5
15 3578.12 2.90964 30.5
16 3579.56 6.8e-08 30.5
16 3581 1.44251 30.5
16 3582.46 2.89312 30.5
17 3583.9 1.12e-07 30.5
17 3585.35 1.45305 30.5
18 3586.8 1.01e-07 30.5
18 3588.25 1.44311 30.5
18 3589.68 2.87965 30.5
19 3591.14 1.1e-07 30.5
19 3592.58 1.43687 30.5
19 3594.02 2.87985 30.5
20 3595.47 1.58e-07 30.5
20 3596.92 1.45341 30.5
21 3598.37 1.37e-07 30.5
21 3599.82 1.4511 30.5
21 3601.26 2.89442 30.5
22 3602.7 9.7e-08 30.5
22 3604.16 1.45548 30.5
23 3605.6 1.18e-07 30.5
23 3607.05 1.44289 30.5
23 3608.5 2.89395 30.5
24 3609.94 6.5e-08 30.5
24 3611.38 1.44366 30.5
24 3612.82 2.88102 30.5
25 3614.28 9.6e-08 30.5
25 3615.71 1.43706 30.5
26 3617.16 1.71e-07 30.5
26 3618.61 1.45065 30.5
26 3620.05 2.89349 30.5
27 3621.49 1.08e-07 30.5
27 3622.95 1.45097 30.5
27 3624.39 2.89365 30.5
28 3626.24 1.8e-07 30.5
28 3627.68 1.43767 30.5
28 3629.13 2.88918 30.5
29 3632.18 1.08e-07 30.5
29 3633.62 1.44011 30.5
29 3635.07 2.89107 30.5
30 3640.52 1.78e-07 30.5
30 3641.96 1.43919 30.5
30 3643.4 2.88003 30.5
