        type trial_config ert_flop   unroll  buffers        nsize       trials       microsecs        bytes        flops         GB/s         GF/s
       float    coalesced        2       32        2          256     16777216     7274173.520   8589934592   2147483648        1.181        0.295
       float    coalesced        2       32        2          512     16777216     7702029.672  17179869184   4294967296        2.231        0.558
       float    coalesced        2       32        2         1024      8388608     4364654.160  17179869184   4294967296        3.936        0.984
       float    coalesced        2       32        2         2048      4194304     2518269.659  17179869184   4294967296        6.822        1.706
       float    coalesced        2       32        2         4096      2097152     1423648.513  17179869184   4294967296       12.067        3.017
       float    coalesced        2       32        2         8192      1048576      957625.048  17179869184   4294967296       17.940        4.485
       float    coalesced        2       32        2        16384       524288      721130.596  17179869184   4294967296       23.824        5.956
       float    coalesced        2       32        2        32768       262144      614176.129  17179869184   4294967296       27.972        6.993
       float    coalesced        2       32        2        65536       131072      584931.057  17179869184   4294967296       29.371        7.343
       float    coalesced        2       32        2       131072        65536      569692.519  17179869184   4294967296       30.156        7.539
       float    coalesced        2       32        2       262144        32768      565033.932  17179869184   4294967296       30.405        7.601
       float    coalesced        2       32        2       524288        16384      562418.630  17179869184   4294967296       30.546        7.637
       float    coalesced        2       32        2      1048576         8192      560790.579  17179869184   4294967296       30.635        7.659
       float    coalesced        2       32        2      2097152         4096      559837.126  17179869184   4294967296       30.687        7.672
       float    coalesced        2       32        2      4194304         2048      559473.815  17179869184   4294967296       30.707        7.677
       float    coalesced        2       32        2      8388608         1024      559087.823  17179869184   4294967296       30.728        7.682
       float    coalesced        2       32        2     16777216          512      558884.222  17179869184   4294967296       30.740        7.685
       float    coalesced        2       32        2     33554432          256      558797.850  17179869184   4294967296       30.744        7.686
       float    coalesced        2       32        2     67108864          128      558627.053  17179869184   4294967296       30.754        7.688
       float    coalesced        2       32        2    134217728           64      558688.016  17179869184   4294967296       30.750        7.688
       float    coalesced        2       32        2    268435456           32      558632.485  17179869184   4294967296       30.753        7.688
       float    coalesced        2       32        2    536870912           16      558707.896  17179869184   4294967296       30.749        7.687
       float    coalesced        2       32        2   1073741824            8      558688.077  17179869184   4294967296       30.750        7.688
       float    coalesced        2       32        2   2147483648            4      558612.092  17179869184   4294967296       30.755        7.689
       float    coalesced        2       32        2   4294967296            2      558572.391  17179869184   4294967296       30.757        7.689
       float    coalesced        2       32        2   8588886016            1      558610.579  17177772032   4294443008       30.751        7.688
