        type trial_config ert_flop   unroll  buffers        nsize       trials       microsecs        bytes        flops         GB/s         GF/s
         int    coalesced       32       16        1           64     16777216    10071499.303   2147483648   8589934592        0.213        0.853
         int    coalesced       32       16        1          128     16777216    10071466.140   4294967296  17179869184        0.426        1.706
         int    coalesced       32       16        1          256     16777216    10910733.450   8589934592  34359738368        0.787        3.149
         int    coalesced       32       16        1          512      8388608     5692632.028   8589934592  34359738368        1.509        6.036
         int    coalesced       32       16        1         1024      4194304     3088329.259   8589934592  34359738368        2.781       11.126
         int    coalesced       32       16        1         2048      2097152     1722864.378   8589934592  34359738368        4.986       19.943
         int    coalesced       32       16        1         4096      1048576      992014.942   8589934592  34359738368        8.659       34.636
         int    coalesced       32       16        1         8192       524288      629603.937   8589934592  34359738368       13.643       54.574
         int    coalesced       32       16        1        16384       262144      481144.285   8589934592  34359738368       17.853       71.413
         int    coalesced       32       16        1        32768       131072      393517.410   8589934592  34359738368       21.829       87.314
         int    coalesced       32       16        1        65536        65536      368225.036   8589934592  34359738368       23.328       93.312
         int    coalesced       32       16        1       131072        32768      351672.775   8589934592  34359738368       24.426       97.704
         int    coalesced       32       16        1       262144        16384      342305.235   8589934592  34359738368       25.094      100.377
         int    coalesced       32       16        1       524288         8192      339257.898   8589934592  34359738368       25.320      101.279
         int    coalesced       32       16        1      1048576         4096      336534.184   8589934592  34359738368       25.525      102.099
         int    coalesced       32       16        1      2097152         2048      335754.097   8589934592  34359738368       25.584      102.336
         int    coalesced       32       16        1      4194304         1024      334981.768   8589934592  34359738368       25.643      102.572
         int    coalesced       32       16        1      8388608          512      334628.574   8589934592  34359738368       25.670      102.680
         int    coalesced       32       16        1     16777216          256      334490.927   8589934592  34359738368       25.681      102.722
         int    coalesced       32       16        1     33554432          128      334477.163   8589934592  34359738368       25.682      102.727
         int    coalesced       32       16        1     67108864           64      334413.762   8589934592  34359738368       25.687      102.746
         int    coalesced       32       16        1    134217728           32      334387.212   8589934592  34359738368       25.689      102.754
         int    coalesced       32       16        1    268435456           16      334434.434   8589934592  34359738368       25.685      102.740
         int    coalesced       32       16        1    536870912            8      334407.936   8589934592  34359738368       25.687      102.748
         int    coalesced       32       16        1   1073741824            4      334421.211   8589934592  34359738368       25.686      102.744
         int    coalesced       32       16        1   2147483648            2      334411.918   8589934592  34359738368       25.687      102.747
         int    coalesced       32       16        1   4293918720            1      334252.752   8587837440  34351349760       25.693      102.771
