        type trial_config ert_flop   unroll  buffers        nsize       trials       microsecs        bytes        flops         GB/s         GF/s
 signed_char    coalesced        2       16        1           16     16777216     5692665.489    536870912    536870912        0.094        0.094
 signed_char    coalesced        2       16        1           32     16777216     5951338.840   1073741824   1073741824        0.180        0.180
 signed_char    coalesced        2       16        1           64     16777216     6234795.735   2147483648   2147483648        0.344        0.344
 signed_char    coalesced        2       16        1          128     16777216     6891098.907   4294967296   4294967296        0.623        0.623
 signed_char    coalesced        2       16        1          256     16777216     8183145.841   8589934592   8589934592        1.050        1.050
 signed_char    coalesced        2       16        1          512      8388608     5035825.566   8589934592   8589934592        1.706        1.706
 signed_char    coalesced        2       16        1         1024      4194304     3167733.856   8589934592   8589934592        2.712        2.712
 signed_char    coalesced        2       16        1         2048      2097152     2045898.152   8589934592   8589934592        4.199        4.199
 signed_char    coalesced        2       16        1         4096      1048576     1487959.699   8589934592   8589934592        5.773        5.773
 signed_char    coalesced        2       16        1         8192       524288     1203541.611   8589934592   8589934592        7.137        7.137
 signed_char    coalesced        2       16        1        16384       262144     1023026.784   8589934592   8589934592        8.397        8.397
 signed_char    coalesced        2       16        1        32768       131072      985373.653   8589934592   8589934592        8.717        8.717
 signed_char    coalesced        2       16        1        65536        65536      937758.628   8589934592   8589934592        9.160        9.160
 signed_char    coalesced        2       16        1       131072        32768      923572.396   8589934592   8589934592        9.301        9.301
 signed_char    coalesced        2       16        1       262144        16384      916493.364   8589934592   8589934592        9.373        9.373
 signed_char    coalesced        2       16        1       524288         8192      912885.233   8589934592   8589934592        9.410        9.410
 signed_char    coalesced        2       16        1      1048576         4096      911087.643   8589934592   8589934592        9.428        9.428
 signed_char    coalesced        2       16        1      2097152         2048      910257.017   8589934592   8589934592        9.437        9.437
 signed_char    coalesced        2       16        1      4194304         1024      909818.221   8589934592   8589934592        9.441        9.441
 signed_char    coalesced        2       16        1      8388608          512      909617.033   8589934592   8589934592        9.443        9.443
 signed_char    coalesced        2       16        1     16777216          256      909453.379   8589934592   8589934592        9.445        9.445
 signed_char    coalesced        2       16        1     33554432          128      909420.990   8589934592   8589934592        9.445        9.445
 signed_char    coalesced        2       16        1     67108864           64      909398.374   8589934592   8589934592        9.446        9.446
 signed_char    coalesced        2       16        1    134217728           32      909387.087   8589934592   8589934592        9.446        9.446
 signed_char    coalesced        2       16        1    268435456           16      909331.568   8589934592   8589934592        9.446        9.446
 signed_char    coalesced        2       16        1    536870912            8      909378.711   8589934592   8589934592        9.446        9.446
 signed_char    coalesced        2       16        1   1073741824            4      909351.571   8589934592   8589934592        9.446        9.446
 signed_char    coalesced        2       16        1   2147483648            2      909368.147   8589934592   8589934592        9.446        9.446
 signed_char    coalesced        2       16        1   4293918720            1      909139.463   8587837440   8587837440        9.446        9.446
