        type trial_config ert_flop   unroll  buffers        nsize       trials       microsecs        bytes        flops         GB/s         GF/s
       float    coalesced      128       16        1           64     16777216    23805316.158   2147483648  34359738368        0.090        1.443
       float    coalesced      128       16        1          128     16777216    23805282.630   4294967296  68719476736        0.180        2.887
       float    coalesced      128       16        1          256     16777216    23805306.674   8589934592 137438953472        0.361        5.773
       float    coalesced      128       16        1          512      8388608    12274810.791   8589934592 137438953472        0.700       11.197
       float    coalesced      128       16        1         1024      4194304     6546701.981   8589934592 137438953472        1.312       20.994
       float    coalesced      128       16        1         2048      2097152     3314989.611   8589934592 137438953472        2.591       41.460
       float    coalesced      128       16        1         4096      1048576     1818735.557   8589934592 137438953472        4.723       75.568
       float    coalesced      128       16        1         8192       524288     1023168.401   8589934592 137438953472        8.395      134.327
       float    coalesced      128       16        1        16384       262144      629751.494   8589934592 137438953472       13.640      218.243
       float    coalesced      128       16        1        32768       131072      453497.136   8589934592 137438953472       18.942      303.065
       float    coalesced      128       16        1        65536        65536      404012.309   8589934592 137438953472       21.262      340.185
       float    coalesced      128       16        1       131072        32768      367262.104   8589934592 137438953472       23.389      374.226
       float    coalesced      128       16        1       262144        16384      345440.082   8589934592 137438953472       24.867      397.866
       float    coalesced      128       16        1       524288         8192      335954.563   8589934592 137438953472       25.569      409.100
       float    coalesced      128       16        1      1048576         4096      330960.327   8589934592 137438953472       25.955      415.273
       float    coalesced      128       16        1      2097152         2048      328212.406   8589934592 137438953472       26.172      418.750
       float    coalesced      128       16        1      4194304         1024      327136.752   8589934592 137438953472       26.258      420.127
       float    coalesced      128       16        1      8388608          512      326450.214   8589934592 137438953472       26.313      421.010
       float    coalesced      128       16        1     16777216          256      326184.876   8589934592 137438953472       26.335      421.353
       float    coalesced      128       16        1     33554432          128      326076.570   8589934592 137438953472       26.343      421.493
       float    coalesced      128       16        1     67108864           64      326000.751   8589934592 137438953472       26.349      421.591
       float    coalesced      128       16        1    134217728           32      325919.484   8589934592 137438953472       26.356      421.696
       float    coalesced      128       16        1    268435456           16      325876.951   8589934592 137438953472       26.359      421.751
       float    coalesced      128       16        1    536870912            8      325838.400   8589934592 137438953472       26.363      421.801
       float    coalesced      128       16        1   1073741824            4      325885.215   8589934592 137438953472       26.359      421.740
       float    coalesced      128       16        1   2147483648            2      325919.787   8589934592 137438953472       26.356      421.696
       float    coalesced      128       16        1   4293918720            1      325777.893   8587837440 137405399040       26.361      421.776
