0 3.27454 1.11e-07 20.5
0 6.16197 2.88743 20.5
0 7.61389 4.33935 20.5
0 9.0559 5.78136 20.5
1 10.5001 6.6e-08 20.5
1 11.957 1.45696 20.5
1 13.3989 2.89878 20.5
1 14.8418 4.3417 20.5
2 16.2919 5.6e-08 20.5
2 17.7349 1.44301 20.5
2 19.1788 2.88691 20.5
2 20.6369 4.34495 20.5
3 22.0812 6.6e-08 20.5
3 23.5386 1.45732 20.5
3 24.9824 2.90116 20.5
3 26.427 4.34581 20.5
3 27.8854 5.80411 20.5
4 29.3292 7.4e-08 20.5
4 30.7724 1.44316 20.5
4 32.2232 2.89398 20.5
4 33.6652 4.33603 20.5
4 35.1083 5.77905 20.5
5 36.5595 9.8e-08 20.5
5 38.0012 1.44175 20.5
5 39.4634 2.90393 20.5
5 40.9069 4.34737 21
6 42.3501 6.1e-08 21
6 43.8067 1.45661 21
7 45.2478 1.06e-07 21
8 46.6899 5.7e-08 21.5
9 48.1507 6.9e-08 21.5
10 49.5949 5e-08 21.5
12 51.0394 5.8e-08 21.5
14 52.4914 5.3e-08 21.5
15 53.9343 9.2e-08 21.5
17 55.3855 6.9e-08 21.5
19 56.8344 7.8e-08 21.5
20 58.2823 6.4e-08 20.5
22 59.735 6.6e-08 21.5
23 61.1784 7e-08 21.5
25 63.1217 1.44e-07 21
26 65.172 1.37e-07 21
27 68.421 1.47e-07 21
28 73.965 1.54e-07 20.5
