        type trial_config ert_flop   unroll  buffers        nsize       trials       microsecs        bytes        flops         GB/s         GF/s
        long    coalesced        1       64        1          512      8388608     3473683.743   8589934592    536870912        2.473        0.155
        long    coalesced        1       64        1         1024      4194304     1925722.200   8589934592    536870912        4.461        0.279
        long    coalesced        1       64        1         2048      2097152     1126816.836   8589934592    536870912        7.623        0.476
        long    coalesced        1       64        1         4096      1048576      682179.466   8589934592    536870912       12.592        0.787
        long    coalesced        1       64        1         8192       524288      454929.908   8589934592    536870912       18.882        1.180
        long    coalesced        1       64        1        16384       262144      341280.722   8589934592    536870912       25.170        1.573
        long    coalesced        1       64        1        32768       131072      292517.974   8589934592    536870912       29.365        1.835
        long    coalesced        1       64        1        65536        65536      279556.103   8589934592    536870912       30.727        1.920
        long    coalesced        1       64        1       131072        32768      279674.349   8589934592    536870912       30.714        1.920
        long    coalesced        1       64        1       262144        16384      276877.585   8589934592    536870912       31.024        1.939
        long    coalesced        1       64        1       524288         8192      275208.570   8589934592    536870912       31.212        1.951
        long    coalesced        1       64        1      1048576         4096      274981.255   8589934592    536870912       31.238        1.952
        long    coalesced        1       64        1      2097152         2048      274860.081   8589934592    536870912       31.252        1.953
        long    coalesced        1       64        1      4194304         1024      274687.470   8589934592    536870912       31.272        1.954
        long    coalesced        1       64        1      8388608          512      274666.832   8589934592    536870912       31.274        1.955
        long    coalesced        1       64        1     16777216          256      274582.981   8589934592    536870912       31.284        1.955
        long    coalesced        1       64        1     33554432          128      274616.896   8589934592    536870912       31.280        1.955
        long    coalesced        1       64        1     67108864           64      274460.755   8589934592    536870912       31.297        1.956
        long    coalesced        1       64        1    134217728           32      274456.499   8589934592    536870912       31.298        1.956
        long    coalesced        1       64        1    268435456           16      274464.286   8589934592    536870912       31.297        1.956
        long    coalesced        1       64        1    536870912            8      274606.598   8589934592    536870912       31.281        1.955
        long    coalesced        1       64        1   1073741824            4      274084.904   8589934592    536870912       31.340        1.959
        long    coalesced        1       64        1   2147483648            2      274027.604   8589934592    536870912       31.347        1.959
        long    coalesced        1       64        1   4293918720            1      273983.235   8587837440    536739840       31.344        1.959
