        type trial_config ert_flop   unroll  buffers        nsize       trials       microsecs        bytes        flops         GB/s         GF/s
 signed_char    coalesced        2       32        2           64     16777216     5816677.524   2147483648   2147483648        0.369        0.369
 signed_char    coalesced        2       32        2          128     16777216     6190109.554   4294967296   4294967296        0.694        0.694
 signed_char    coalesced        2       32        2          256     16777216     6234832.520   8589934592   8589934592        1.378        1.378
 signed_char    coalesced        2       32        2          512     16777216     7271344.254  17179869184  17179869184        2.363        2.363
 signed_char    coalesced        2       32        2         1024      8388608     4364390.873  17179869184  17179869184        3.936        3.936
 signed_char    coalesced        2       32        2         2048      4194304     2517987.498  17179869184  17179869184        6.823        6.823
 signed_char    coalesced        2       32        2         4096      2097152     1487975.429  17179869184  17179869184       11.546       11.546
 signed_char    coalesced        2       32        2         8192      1048576     1023043.976  17179869184  17179869184       16.793       16.793
 signed_char    coalesced        2       32        2        16384       524288      796994.113  17179869184  17179869184       21.556       21.556
 signed_char    coalesced        2       32        2        32768       262144      744506.956  17179869184  17179869184       23.075       23.075
 signed_char    coalesced        2       32        2        65536       131072      802794.391  17179869184  17179869184       21.400       21.400
 signed_char    coalesced        2       32        2       131072        65536      839480.205  17179869184  17179869184       20.465       20.465
 signed_char    coalesced        2       32        2       262144        32768      859198.056  17179869184  17179869184       19.995       19.995
 signed_char    coalesced        2       32        2       524288        16384      869968.122  17179869184  17179869184       19.748       19.748
 signed_char    coalesced        2       32        2      1048576         8192      875163.806  17179869184  17179869184       19.630       19.630
 signed_char    coalesced        2       32        2      2097152         4096      877901.654  17179869184  17179869184       19.569       19.569
 signed_char    coalesced        2       32        2      4194304         2048      879154.634  17179869184  17179869184       19.541       19.541
 signed_char    coalesced        2       32        2      8388608         1024      879881.485  17179869184  17179869184       19.525       19.525
 signed_char    coalesced        2       32        2     16777216          512      880137.181  17179869184  17179869184       19.520       19.520
 signed_char    coalesced        2       32        2     33554432          256      880275.697  17179869184  17179869184       19.516       19.516
 signed_char    coalesced        2       32        2     67108864          128      880333.544  17179869184  17179869184       19.515       19.515
 signed_char    coalesced        2       32        2    134217728           64      880375.871  17179869184  17179869184       19.514       19.514
 signed_char    coalesced        2       32        2    268435456           32      880437.470  17179869184  17179869184       19.513       19.513
 signed_char    coalesced        2       32        2    536870912           16      880432.547  17179869184  17179869184       19.513       19.513
 signed_char    coalesced        2       32        2   1073741824            8      880390.308  17179869184  17179869184       19.514       19.514
 signed_char    coalesced        2       32        2   2147483648            4      880404.283  17179869184  17179869184       19.514       19.514
 signed_char    coalesced        2       32        2   4294967296            2      880452.418  17179869184  17179869184       19.513       19.513
 signed_char    coalesced        2       32        2   8588886016            1      880442.287  17177772032  17177772032       19.510       19.510
