        type trial_config ert_flop   unroll  buffers        nsize       trials       microsecs        bytes        flops         GB/s         GF/s
         int    coalesced        4       16        1           64     16777216     5951416.828   2147483648   1073741824        0.361        0.180
         int    coalesced        4       16        1          128     16777216     6089784.071   4294967296   2147483648        0.705        0.353
         int    coalesced        4       16        1          256     16777216     6543506.980   8589934592   4294967296        1.313        0.656
         int    coalesced        4       16        1          512      8388608     3539058.763   8589934592   4294967296        2.427        1.214
         int    coalesced        4       16        1         1024      4194304     2045898.578   8589934592   4294967296        4.199        2.099
         int    coalesced        4       16        1         2048      2097152     1091182.315   8589934592   4294967296        7.872        3.936
         int    coalesced        4       16        1         4096      1048576      682056.490   8589934592   4294967296       12.594        6.297
         int    coalesced        4       16        1         8192       524288      491066.229   8589934592   4294967296       17.492        8.746
         int    coalesced        4       16        1        16384       262144      383648.640   8589934592   4294967296       22.390       11.195
         int    coalesced        4       16        1        32768       131072      355910.390   8589934592   4294967296       24.135       12.068
         int    coalesced        4       16        1        65536        65536      352719.896   8589934592   4294967296       24.353       12.177
         int    coalesced        4       16        1       131072        32768      348278.772   8589934592   4294967296       24.664       12.332
         int    coalesced        4       16        1       262144        16384      346890.872   8589934592   4294967296       24.763       12.381
         int    coalesced        4       16        1       524288         8192      345605.327   8589934592   4294967296       24.855       12.427
         int    coalesced        4       16        1      1048576         4096      344963.975   8589934592   4294967296       24.901       12.450
         int    coalesced        4       16        1      2097152         2048      344578.903   8589934592   4294967296       24.929       12.464
         int    coalesced        4       16        1      4194304         1024      344336.516   8589934592   4294967296       24.946       12.473
         int    coalesced        4       16        1      8388608          512      344286.204   8589934592   4294967296       24.950       12.475
         int    coalesced        4       16        1     16777216          256      344283.353   8589934592   4294967296       24.950       12.475
         int    coalesced        4       16        1     33554432          128      344188.464   8589934592   4294967296       24.957       12.479
         int    coalesced        4       16        1     67108864           64      343656.146   8589934592   4294967296       24.996       12.498
         int    coalesced        4       16        1    134217728           32      343936.647   8589934592   4294967296       24.975       12.488
         int    coalesced        4       16        1    268435456           16      343368.711   8589934592   4294967296       25.017       12.508
         int    coalesced        4       16        1    536870912            8      342239.466   8589934592   4294967296       25.099       12.550
         int    coalesced        4       16        1   1073741824            4      341913.869   8589934592   4294967296       25.123       12.562
         int    coalesced        4       16        1   2147483648            2      341213.206   8589934592   4294967296       25.175       12.587
         int    coalesced        4       16        1   4293918720            1      341087.690   8587837440   4293918720       25.178       12.589
