        type trial_config ert_flop   unroll  buffers        nsize       trials       microsecs        bytes        flops         GB/s         GF/s
      double    coalesced       32        1        1            8     16777216    29095128.781    268435456    536870912        0.009        0.018
      double    coalesced       32        1        1           16     16777216    29095056.096    536870912   1073741824        0.018        0.037
      double    coalesced       32        1        1           32     16777216    29266256.847   1073741824   2147483648        0.037        0.073
      double    coalesced       32        1        1           64     16777216    30214120.716   2147483648   4294967296        0.071        0.142
      double    coalesced       32        1        1          128     16777216    32731973.009   4294967296   8589934592        0.131        0.262
      double    coalesced       32        1        1          256     16777216    33126301.816   8589934592  17179869184        0.259        0.519
      double    coalesced       32        1        1          512      8388608    18184481.662   8589934592  17179869184        0.472        0.945
      double    coalesced       32        1        1         1024      4194304    10071476.597   8589934592  17179869184        0.853        1.706
      double    coalesced       32        1        1         2048      2097152     5951342.002   8589934592  17179869184        1.443        2.887
      double    coalesced       32        1        1         4096      1048576     3927982.207   8589934592  17179869184        2.187        4.374
      double    coalesced       32        1        1         8192       524288     2922577.529   8589934592  17179869184        2.939        5.878
      double    coalesced       32        1        1        16384       262144     2410610.589   8589934592  17179869184        3.563        7.127
      double    coalesced       32        1        1        32768       131072     2150296.273   8589934592  17179869184        3.995        7.990
      double    coalesced       32        1        1        65536        65536     2023660.396   8589934592  17179869184        4.245        8.490
      double    coalesced       32        1        1       131072        32768     1955580.777   8589934592  17179869184        4.393        8.785
      double    coalesced       32        1        1       262144        16384     1917997.222   8589934592  17179869184        4.479        8.957
      double    coalesced       32        1        1       524288         8192     1905251.116   8589934592  17179869184        4.509        9.017
      double    coalesced       32        1        1      1048576         4096     1896680.971   8589934592  17179869184        4.529        9.058
      double    coalesced       32        1        1      2097152         2048     1892703.251   8589934592  17179869184        4.538        9.077
      double    coalesced       32        1        1      4194304         1024     1890608.885   8589934592  17179869184        4.543        9.087
      double    coalesced       32        1        1      8388608          512     1889533.577   8589934592  17179869184        4.546        9.092
      double    coalesced       32        1        1     16777216          256     1889061.227   8589934592  17179869184        4.547        9.094
      double    coalesced       32        1        1     33554432          128     1888787.437   8589934592  17179869184        4.548        9.096
      double    coalesced       32        1        1     67108864           64     1888598.107   8589934592  17179869184        4.548        9.097
      double    coalesced       32        1        1    134217728           32     1888574.829   8589934592  17179869184        4.548        9.097
      double    coalesced       32        1        1    268435456           16     1888542.792   8589934592  17179869184        4.548        9.097
      double    coalesced       32        1        1    536870912            8     1888519.239   8589934592  17179869184        4.549        9.097
      double    coalesced       32        1        1   1073741824            4     1888502.961   8589934592  17179869184        4.549        9.097
      double    coalesced       32        1        1   2147483648            2     1888558.629   8589934592  17179869184        4.548        9.097
      double    coalesced       32        1        1   4293918720            1     1888051.653   8587837440  17175674880        4.549        9.097
