        type trial_config ert_flop   unroll  buffers        nsize       trials       microsecs        bytes        flops         GB/s         GF/s
 signed_char    coalesced        4        4        2            8     16777216     6234790.185    268435456    536870912        0.043        0.086
 signed_char    coalesced        4        4        2           16     16777216     6546501.933    536870912   1073741824        0.082        0.164
 signed_char    coalesced        4        4        2           32     16777216     6546545.257   1073741824   2147483648        0.164        0.328
 signed_char    coalesced        4        4        2           64     16777216     7273885.804   2147483648   4294967296        0.295        0.590
 signed_char    coalesced        4        4        2          128     16777216     8305727.700   4294967296   8589934592        0.517        1.034
 signed_char    coalesced        4        4        2          256     16777216    10071494.386   8589934592  17179869184        0.853        1.706
 signed_char    coalesced        4        4        2          512     16777216    13092918.672  17179869184  34359738368        1.312        2.624
 signed_char    coalesced        4        4        2         1024      8388608     8183157.682  17179869184  34359738368        2.099        4.199
 signed_char    coalesced        4        4        2         2048      4194304     5951401.632  17179869184  34359738368        2.887        5.773
 signed_char    coalesced        4        4        2         4096      2097152     4819209.396  17179869184  34359738368        3.565        7.130
 signed_char    coalesced        4        4        2         8192      1048576     4091628.416  17179869184  34359738368        4.199        8.398
 signed_char    coalesced        4        4        2        16384       524288     3966392.118  17179869184  34359738368        4.331        8.663
 signed_char    coalesced        4        4        2        32768       262144     3807301.091  17179869184  34359738368        4.512        9.025
 signed_char    coalesced        4        4        2        65536       131072     3731330.063  17179869184  34359738368        4.604        9.208
 signed_char    coalesced        4        4        2       131072        65536     3690847.978  17179869184  34359738368        4.655        9.309
 signed_char    coalesced        4        4        2       262144        32768     3665555.457  17179869184  34359738368        4.687        9.374
 signed_char    coalesced        4        4        2       524288        16384     3652325.025  17179869184  34359738368        4.704        9.408
 signed_char    coalesced        4        4        2      1048576         8192     3645308.003  17179869184  34359738368        4.713        9.426
 signed_char    coalesced        4        4        2      2097152         4096     3641859.749  17179869184  34359738368        4.717        9.435
 signed_char    coalesced        4        4        2      4194304         2048     3639857.868  17179869184  34359738368        4.720        9.440
 signed_char    coalesced        4        4        2      8388608         1024     3638722.455  17179869184  34359738368        4.721        9.443
 signed_char    coalesced        4        4        2     16777216          512     3638397.157  17179869184  34359738368        4.722        9.444
 signed_char    coalesced        4        4        2     33554432          256     3638134.181  17179869184  34359738368        4.722        9.444
 signed_char    coalesced        4        4        2     67108864          128     3638005.128  17179869184  34359738368        4.722        9.445
 signed_char    coalesced        4        4        2    134217728           64     3638030.077  17179869184  34359738368        4.722        9.445
 signed_char    coalesced        4        4        2    268435456           32     3637948.236  17179869184  34359738368        4.722        9.445
 signed_char    coalesced        4        4        2    536870912           16     3637970.737  17179869184  34359738368        4.722        9.445
 signed_char    coalesced        4        4        2   1073741824            8     3637982.064  17179869184  34359738368        4.722        9.445
 signed_char    coalesced        4        4        2   2147483648            4     3637928.101  17179869184  34359738368        4.722        9.445
 signed_char    coalesced        4        4        2   4294967296            2     3637891.155  17179869184  34359738368        4.722        9.445
 signed_char    coalesced        4        4        2   8588886016            1     3637447.987  17177772032  34355544064        4.722        9.445
