        type trial_config ert_flop   unroll  buffers        nsize       trials       microsecs        bytes        flops         GB/s         GF/s
       float    coalesced        1        7        1           28     16777216     8183368.699    939524096    117440512        0.115        0.014
       float    coalesced        1        7        1           56     16777216     8183274.856   1879048192    234881024        0.230        0.029
       float    coalesced        1        7        1          112     16777216     8728863.209   3758096384    469762048        0.431        0.054
       float    coalesced        1        7        1          224     16777216    10071746.179   7516192768    939524096        0.746        0.093
       float    coalesced        1        7        1          448      9586980     6288388.790   8589934080   1073741760        1.366        0.171
       float    coalesced        1        7        1          896      4793490     4156846.684   8589934080   1073741760        2.066        0.258
       float    coalesced        1        7        1         1792      2396745     2440006.225   8589934080   1073741760        3.520        0.440
       float    coalesced        1        7        1         3584      1198372     1700685.366   8589930496   1073741312        5.051        0.631
       float    coalesced        1        7        1         7168       599186     1336388.951   8589930496   1073741312        6.428        0.803
       float    coalesced        1        7        1        14336       299593     1169353.972   8589930496   1073741312        7.346        0.918
       float    coalesced        1        7        1        28672       149796     1052450.507   8589901824   1073737728        8.162        1.020
       float    coalesced        1        7        1        57344        74898     1009503.783   8589901824   1073737728        8.509        1.064
       float    coalesced        1        7        1       114688        37449      984219.664   8589901824   1073737728        8.728        1.091
       float    coalesced        1        7        1       229376        18724      972592.826   8589672448   1073709056        8.832        1.104
       float    coalesced        1        7        1       458752         9362      967797.610   8589672448   1073709056        8.875        1.109
       float    coalesced        1        7        1       917504         4681      965521.914   8589672448   1073709056        8.896        1.112
       float    coalesced        1        7        1      1835008         2340      964033.957   8587837440   1073479680        8.908        1.114
       float    coalesced        1        7        1      3670016         1170      963449.040   8587837440   1073479680        8.914        1.114
       float    coalesced        1        7        1      7340032          585      963129.663   8587837440   1073479680        8.917        1.115
       float    coalesced        1        7        1     14680064          292      961337.907   8573157376   1071644672        8.918        1.115
       float    coalesced        1        7        1     29360128          146      961302.220   8573157376   1071644672        8.918        1.115
       float    coalesced        1        7        1     58720256           73      961230.079   8573157376   1071644672        8.919        1.115
       float    coalesced        1        7        1    117440512           36      948031.276   8455716864   1056964608        8.919        1.115
       float    coalesced        1        7        1    234881024           18      948079.180   8455716864   1056964608        8.919        1.115
       float    coalesced        1        7        1    469762048            9      948068.334   8455716864   1056964608        8.919        1.115
       float    coalesced        1        7        1    939524096            4      842719.794   7516192768    939524096        8.919        1.115
       float    coalesced        1        7        1   1879048192            2      842704.448   7516192768    939524096        8.919        1.115
       float    coalesced        1        7        1   3758096384            1      842720.214   7516192768    939524096        8.919        1.115
