        type trial_config ert_flop   unroll  buffers        nsize       trials       microsecs        bytes        flops         GB/s         GF/s
 signed_char    coalesced        1     2048        1         2048      2097152     1487934.487   8589934592   4294967296        5.773        2.887
 signed_char    coalesced        1     2048        1         4096      1048576      909359.147   8589934592   4294967296        9.446        4.723
 signed_char    coalesced        1     2048        1         8192       524288      704865.367   8589934592   4294967296       12.187        6.093
 signed_char    coalesced        1     2048        1        16384       262144      597732.208   8589934592   4294967296       14.371        7.185
 signed_char    coalesced        1     2048        1        32768       131072      539416.785   8589934592   4294967296       15.924        7.962
 signed_char    coalesced        1     2048        1        65536        65536      511523.668   8589934592   4294967296       16.793        8.396
 signed_char    coalesced        1     2048        1       131072        32768      501038.306   8589934592   4294967296       17.144        8.572
 signed_char    coalesced        1     2048        1       262144        16384      492006.212   8589934592   4294967296       17.459        8.729
 signed_char    coalesced        1     2048        1       524288         8192      487379.826   8589934592   4294967296       17.625        8.812
 signed_char    coalesced        1     2048        1      1048576         4096      403461.208   8589934592   4294967296       21.291       10.645
 signed_char    coalesced        1     2048        1      2097152         2048      360580.247   8589934592   4294967296       23.823       11.911
 signed_char    coalesced        1     2048        1      4194304         1024      339068.250   8589934592   4294967296       25.334       12.667
 signed_char    coalesced        1     2048        1      8388608          512      328376.877   8589934592   4294967296       26.159       13.079
 signed_char    coalesced        1     2048        1     16777216          256      323038.030   8589934592   4294967296       26.591       13.296
 signed_char    coalesced        1     2048        1     33554432          128      320316.293   8589934592   4294967296       26.817       13.409
 signed_char    coalesced        1     2048        1     67108864           64      318973.485   8589934592   4294967296       26.930       13.465
 signed_char    coalesced        1     2048        1    134217728           32      318355.191   8589934592   4294967296       26.982       13.491
 signed_char    coalesced        1     2048        1    268435456           16      317957.989   8589934592   4294967296       27.016       13.508
 signed_char    coalesced        1     2048        1    536870912            8      317838.572   8589934592   4294967296       27.026       13.513
 signed_char    coalesced        1     2048        1   1073741824            4      317725.227   8589934592   4294967296       27.036       13.518
 signed_char    coalesced        1     2048        1   2147483648            2      317695.053   8589934592   4294967296       27.038       13.519
 signed_char    coalesced        1     2048        1   4293918720            1      317613.547   8587837440   4293918720       27.039       13.519
