        type trial_config ert_flop   unroll  buffers        nsize       trials       microsecs        bytes        flops         GB/s         GF/s
        long    coalesced        1       32        2          512     16777216     7274167.155  17179869184   1073741824        2.362        0.148
        long    coalesced        1       32        2         1024      8388608     3995347.901  17179869184   1073741824        4.300        0.269
        long    coalesced        1       32        2         2048      4194304     2338427.113  17179869184   1073741824        7.347        0.459
        long    coalesced        1       32        2         4096      2097152     1364230.293  17179869184   1073741824       12.593        0.787
        long    coalesced        1       32        2         8192      1048576      909639.864  17179869184   1073741824       18.886        1.180
        long    coalesced        1       32        2        16384       524288      707930.862  17179869184   1073741824       24.268        1.517
        long    coalesced        1       32        2        32768       262144      614291.184  17179869184   1073741824       27.967        1.748
        long    coalesced        1       32        2        65536       131072      579234.927  17179869184   1073741824       29.660        1.854
        long    coalesced        1       32        2       131072        65536      568006.245  17179869184   1073741824       30.246        1.890
        long    coalesced        1       32        2       262144        32768      563251.658  17179869184   1073741824       30.501        1.906
        long    coalesced        1       32        2       524288        16384      560736.064  17179869184   1073741824       30.638        1.915
        long    coalesced        1       32        2      1048576         8192      559348.840  17179869184   1073741824       30.714        1.920
        long    coalesced        1       32        2      2097152         4096      558596.136  17179869184   1073741824       30.755        1.922
        long    coalesced        1       32        2      4194304         2048      558197.280  17179869184   1073741824       30.777        1.924
        long    coalesced        1       32        2      8388608         1024      557912.571  17179869184   1073741824       30.793        1.925
        long    coalesced        1       32        2     16777216          512      557687.871  17179869184   1073741824       30.806        1.925
        long    coalesced        1       32        2     33554432          256      557667.951  17179869184   1073741824       30.807        1.925
        long    coalesced        1       32        2     67108864          128      557645.661  17179869184   1073741824       30.808        1.925
        long    coalesced        1       32        2    134217728           64      557533.598  17179869184   1073741824       30.814        1.926
        long    coalesced        1       32        2    268435456           32      557564.124  17179869184   1073741824       30.812        1.926
        long    coalesced        1       32        2    536870912           16      557457.512  17179869184   1073741824       30.818        1.926
        long    coalesced        1       32        2   1073741824            8      557555.963  17179869184   1073741824       30.813        1.926
        long    coalesced        1       32        2   2147483648            4      557566.693  17179869184   1073741824       30.812        1.926
        long    coalesced        1       32        2   4294967296            2      557318.572  17179869184   1073741824       30.826        1.927
        long    coalesced        1       32        2   8588886016            1      557334.807  17177772032   1073610752       30.821        1.926
