0 3.09658 7.2e-08 22.5
0 5.99791 2.90133 22.5
0 7.44534 4.34877 22.5
0 8.88854 5.79197 22.5
0 10.3306 7.23403 22.5
0 11.7817 8.68509 22.5
0 13.2275 10.1309 22.5
0 14.6666 11.5701 22.5
0 16.124 13.0274 22.5
0 17.5656 14.469 22.5
0 19.0187 15.9222 22.5
0 20.4857 17.3891 22.5
0 21.9437 18.8471 22.5
0 23.394 20.2974 22.5
0 24.8355 21.7389 22.5
0 26.2775 23.1809 22.5
0 27.7487 24.6521 22.5
0 29.2085 26.112 22.5
0 30.6604 27.5638 22.5
0 32.1099 29.0133 22.5
0 33.558 30.4614 22.5
0 35.0157 31.9191 22.5
0 36.4746 33.378 22.5
0 37.9164 34.8198 22.5
0 39.3659 36.2693 22.5
0 40.8294 37.7328 22.5
0 42.2861 39.1896 22.5
0 43.7282 40.6316 22.5
1 45.1711 8.2e-08 22.5
1 46.6431 1.47197 22.5
1 48.1032 2.93209 22.5
1 49.5656 4.39453 22.5
1 51.0239 5.85277 22.5
1 52.4569 7.28582 22.5
1 53.9244 8.75331 22.5
1 55.3671 10.1959 22.5
1 56.809 11.6378 22.5
1 58.259 13.0878 22.5
1 59.7024 14.5313 22.5
1 61.1677 15.9966 22.5
1 62.6092 17.4381 22.5
1 64.0588 18.8877 22.5
1 65.5163 20.3452 22.5
1 66.9605 21.7894 22.5
1 68.4045 23.2334 22.5
1 69.8567 24.6856 22.5
1 71.3006 26.1294 22.5
1 72.7491 27.578 22.5
1 74.2073 29.0361 22.5
1 75.6511 30.48 22.5
1 77.1083 31.9372 22.5
1 78.5497 33.3785 22.5
1 79.9939 34.8227 22.5
1 81.4432 36.2721 22.5
1 82.9081 37.737 22.5
1 84.3522 39.181 22.5
2 85.8204 1.4e-07 22.5
2 87.2651 1.44468 22.5
2 88.7172 2.89681 22.5
2 90.1605 4.34009 22.5
2 91.604 5.78356 22.5
2 93.0538 7.23341 22.5
2 94.4975 8.67705 22.5
2 95.9408 10.1204 22.5
2 97.4135 11.5931 22.5
2 98.857 13.0366 22.5
2 100.301 14.4804 22.5
2 101.769 15.9482 22.5
2 103.213 17.3924 22.5
2 104.681 18.8602 22.5
2 106.12 20.2996 22.5
2 107.564 21.7439 22.5
2 109.021 23.2005 22.5
2 110.465 24.6445 22.5
2 111.909 26.0885 22.5
2 113.367 27.5463 22.5
2 114.811 28.9904 22.5
2 116.262 30.4419 22.5
2 117.705 31.8849 22.5
2 119.149 33.3285 22.5
2 120.621 34.8008 22.5
2 122.065 36.2446 22.5
2 123.509 37.6887 22.5
2 124.961 39.1406 22.5
3 126.405 8.5e-08 22.5
3 127.873 1.46779 22.5
3 129.316 2.91098 22.5
3 130.76 4.35449 22.5
3 132.211 5.80577 22.5
3 133.654 7.2493 22.5
3 135.098 8.69263 22.5
3 136.554 10.1486 22.5
3 137.997 11.5915 22.5
3 139.439 13.0339 22.5
3 140.89 14.4851 22.5
3 142.333 15.9274 22.5
3 143.776 17.3708 22.5
3 145.227 18.8224 22.5
3 146.692 20.2871 22.5
3 148.144 21.7393 22.5
3 149.589 23.1834 22.5
3 151.032 24.6273 22.5
3 152.49 26.0845 22.5
3 153.943 27.5377 22.5
3 155.386 28.981 22.5
3 156.837 30.4323 22.5
3 158.28 31.8747 22.5
3 159.723 33.3182 22.5
3 161.196 34.7908 22.5
3 162.64 36.2351 22.5
3 164.098 37.6928 22.5
3 165.552 39.147 22.5
3 166.996 40.5914 22.5
3 168.448 42.043 22.5
4 169.892 6.2e-08 22.5
4 171.335 1.44371 22.5
4 172.793 2.90101 22.5
4 174.236 4.34438 22.5
4 175.686 5.79441 22.5
4 177.128 7.23635 22.5
4 178.572 8.68013 22.5
4 180.023 10.1319 22.5
4 181.467 11.5757 22.5
4 182.91 13.018 22.5
4 184.367 14.4751 22.5
4 185.811 15.9193 22.5
4 187.263 17.3719 22.5
4 188.715 18.8237 22.5
4 190.158 20.2662 22.5
4 191.601 21.7098 22.5
4 193.059 23.1673 22.5
4 194.512 24.6209 22.5
4 195.964 26.0721 22.5
4 197.406 27.5149 22.5
4 198.871 28.9795 22.5
4 200.323 30.4314 22.5
4 201.767 31.8755 22.5
4 203.211 33.3194 22.5
4 204.669 34.7776 22.5
4 206.123 36.2318 22.5
4 207.575 37.6835 22.5
4 209.019 39.1274 22.5
4 210.463 40.5713 22.5
4 211.921 42.0291 22.5
5 213.364 5.9e-08 22.5
5 214.806 1.44223 22.5
5 216.258 2.89412 22.5
5 217.7 4.33632 22.5
5 219.143 5.77927 22.5
5 220.594 7.22998 22.5
5 222.036 8.67206 22.5
5 223.48 10.1161 22.5
5 224.952 11.5884 22.5
5 226.396 13.032 22.5
5 227.854 14.4897 22.5
5 229.297 15.9333 22.5
5 230.741 17.377 22.5
5 232.193 18.8288 22.5
5 233.637 20.2727 22.5
5 235.086 21.7215 22.5
6 236.536 8.8e-08 22.5
6 237.978 1.44199 22.5
6 239.444 2.90782 22.5
6 240.887 4.35124 22.5
6 242.331 5.79481 22.5
6 243.781 7.24499 22.5
6 245.223 8.68739 22.5
6 246.667 10.1307 22.5
7 248.124 6e-08 22.5
7 249.567 1.44229 22.5
7 251.01 2.88583 22.5
7 252.46 4.33604 22.5
8 253.903 1.02e-07 22.5
8 255.347 1.4442 22.5
8 256.799 2.89535 23
9 258.262 6.5e-08 23
9 259.713 1.45149 23
10 261.158 6.3e-08 23.5
11 262.601 6.4e-08 23.5
13 264.059 5.5e-08 23.5
14 265.514 6.6e-08 23.5
16 266.957 5.3e-08 23.5
17 268.408 5.9e-08 24
19 269.851 5.1e-08 24
20 271.294 3.7e-08 24
22 272.751 7e-08 24
23 274.195 6.4e-08 24
25 276.247 1.17e-07 23
26 278.396 1.53e-07 23
27 281.634 1.45e-07 23
28 287.179 1.54e-07 22.5
