        type trial_config ert_flop   unroll  buffers        nsize       trials       microsecs        bytes        flops         GB/s         GF/s
       float    coalesced        2        1        2            8     16777216     6546775.656    268435456     67108864        0.041        0.010
       float    coalesced        2        1        2           16     16777216     6891317.021    536870912    134217728        0.078        0.019
       float    coalesced        2        1        2           32     16777216     6891339.923   1073741824    268435456        0.156        0.039
       float    coalesced        2        1        2           64     16777216     7702084.693   2147483648    536870912        0.279        0.070
       float    coalesced        2        1        2          128     16777216     9352406.988   4294967296   1073741824        0.459        0.115
       float    coalesced        2        1        2          256     16777216    10911058.156   8589934592   2147483648        0.787        0.197
       float    coalesced        2        1        2          512     16777216    13897615.226  17179869184   4294967296        1.236        0.309
       float    coalesced        2        1        2         1024      8388608     8846922.105  17179869184   4294967296        1.942        0.485
       float    coalesced        2        1        2         2048      4194304     6546830.656  17179869184   4294967296        2.624        0.656
       float    coalesced        2        1        2         4096      2097152     5164320.676  17179869184   4294967296        3.327        0.832
       float    coalesced        2        1        2         8192      1048576     4497025.484  17179869184   4294967296        3.820        0.955
       float    coalesced        2        1        2        16384       524288     4091890.305  17179869184   4294967296        4.199        1.050
       float    coalesced        2        1        2        32768       262144     4061499.310  17179869184   4294967296        4.230        1.057
       float    coalesced        2        1        2        65536       131072     3971852.686  17179869184   4294967296        4.325        1.081
       float    coalesced        2        1        2       131072        65536     3929480.677  17179869184   4294967296        4.372        1.093
       float    coalesced        2        1        2       262144        32768     3910113.606  17179869184   4294967296        4.394        1.098
       float    coalesced        2        1        2       524288        16384     3899717.642  17179869184   4294967296        4.405        1.101
       float    coalesced        2        1        2      1048576         8192     3894665.597  17179869184   4294967296        4.411        1.103
       float    coalesced        2        1        2      2097152         4096     3891968.408  17179869184   4294967296        4.414        1.104
       float    coalesced        2        1        2      4194304         2048     3890686.616  17179869184   4294967296        4.416        1.104
       float    coalesced        2        1        2      8388608         1024     3889942.461  17179869184   4294967296        4.416        1.104
       float    coalesced        2        1        2     16777216          512     3889684.056  17179869184   4294967296        4.417        1.104
       float    coalesced        2        1        2     33554432          256     3889616.744  17179869184   4294967296        4.417        1.104
       float    coalesced        2        1        2     67108864          128     3889556.126  17179869184   4294967296        4.417        1.104
       float    coalesced        2        1        2    134217728           64     3889403.553  17179869184   4294967296        4.417        1.104
       float    coalesced        2        1        2    268435456           32     3889516.667  17179869184   4294967296        4.417        1.104
       float    coalesced        2        1        2    536870912           16     3889441.229  17179869184   4294967296        4.417        1.104
       float    coalesced        2        1        2   1073741824            8     3889460.342  17179869184   4294967296        4.417        1.104
       float    coalesced        2        1        2   2147483648            4     3889407.506  17179869184   4294967296        4.417        1.104
       float    coalesced        2        1        2   4294967296            2     3889401.945  17179869184   4294967296        4.417        1.104
       float    coalesced        2        1        2   8588886016            1     3889002.832  17177772032   4294443008        4.417        1.104
