0 6.66964 7.3e-08 26
0 9.56191 2.89227 26
0 11.0019 4.33224 26
0 12.4609 5.79128 26
0 13.9031 7.23342 26
0 15.3383 8.66864 26
0 16.7927 10.1231 26
0 18.2353 11.5656 26
0 19.6755 13.0059 26
0 21.1257 14.4561 26
0 22.5673 15.8976 26
0 24.0088 17.3392 26
0 25.4609 18.7912 26
0 26.9029 20.2333 26
0 28.3487 21.6791 26
0 29.8182 23.1486 26
0 31.2705 24.6009 26
0 32.7476 26.0779 26
0 34.1999 27.5303 26
0 35.6418 28.9721 26
0 37.1067 30.437 26
0 38.5591 31.8895 26
0 40.0094 33.3398 26
0 41.4558 34.7862 26
0 42.8972 36.2276 26
0 44.3464 37.6768 26
0 45.8051 39.1354 26
0 47.2575 40.5878 26
0 48.7074 42.0378 26
0 50.1543 43.4846 26
0 51.5959 44.9263 26
0 53.0613 46.3916 26
0 54.5138 47.8442 26
0 55.9645 49.2949 26
0 57.4163 50.7467 26
0 58.8737 52.204 26
0 60.3292 53.6596 26
0 61.7752 55.1056 26
0 63.2165 56.5469 26
0 64.6879 58.0183 26
0 66.14 59.4704 26
0 67.5908 60.9212 26
0 69.0329 62.3633 26
0 70.48 63.8104 26
0 71.9362 65.2666 26
1 73.3782 8.8e-08 26
1 74.8292 1.45098 26
1 76.2839 2.90565 26
1 77.7302 4.35198 26
1 79.1715 5.79327 26
1 80.6424 7.26414 26
1 82.0978 8.71952 26
1 83.5603 10.1821 26
1 85.0128 11.6346 26
1 86.4555 13.0772 26
1 87.9096 14.5314 26
1 89.3558 15.9776 26
1 90.7972 17.4189 26
1 92.2627 18.8845 26
1 93.7054 20.3272 26
1 95.1479 21.7697 26
1 96.608 23.2298 26
1 98.0495 24.6712 26
1 99.5046 26.1263 26
1 100.946 27.5678 26
1 102.404 29.0263 26
1 103.854 30.4756 26
1 105.306 31.9278 26
1 106.749 33.3708 26
1 108.2 34.8217 26
1 109.642 36.2633 26
1 111.099 37.721 26
1 112.55 39.1722 26
1 113.992 40.6141 26
1 115.428 42.0503 26
1 116.894 43.516 26
1 118.337 44.9585 26
1 119.791 46.413 26
1 121.233 47.8552 26
1 122.674 49.2962 26
1 124.125 50.7468 26
1 125.568 52.19 26
1 127.033 53.6544 26
1 128.483 55.1053 26
1 129.926 56.5479 26
1 131.378 57.9995 26
1 132.827 59.4492 26
1 134.283 60.9045 26
1 135.717 62.3386 26
1 137.184 63.8054 26
2 138.626 9.9e-08 26
2 140.076 1.45007 26
2 141.518 2.89259 26
2 142.961 4.33531 26
2 144.411 5.78509 26
2 145.869 7.24299 26
2 147.307 8.68091 26
2 148.774 10.1485 26
2 150.216 11.5904 26
2 151.668 13.0425 26
2 153.119 14.4937 26
2 154.572 15.9465 26
2 156.01 17.384 26
2 157.481 18.8558 26
2 158.925 20.2988 26
2 160.376 21.7499 26
2 161.817 23.1915 26
2 163.265 24.639 26
2 164.715 26.0891 26
2 166.157 27.5308 26
2 167.615 28.9894 26
2 169.064 30.4387 26
2 170.506 31.8805 26
2 171.949 33.3233 26
2 173.399 34.7733 26
2 174.856 36.23 26
2 176.297 37.6713 26
2 177.764 39.1382 26
2 179.207 40.5811 26
2 180.649 42.0232 26
2 182.109 43.4837 26
2 183.552 44.9259 26
2 185.014 46.388 26
2 186.454 47.8279 26
2 187.896 49.2702 26
2 189.346 50.7198 26
2 190.803 52.1775 26
2 192.235 53.6096 26
2 193.701 55.0757 26
2 195.144 56.5188 26
2 196.597 57.9709 26
2 198.046 59.4208 26
2 199.501 60.8757 26
2 200.937 62.3112 26
2 202.393 63.7673 26
3 203.829 6.9e-08 26
3 205.27 1.44184 26
3 206.727 2.89807 26
3 208.162 4.33379 26
3 209.628 5.79973 26
3 211.071 7.24255 26
3 212.523 8.69407 26
3 213.973 10.1444 26
3 215.43 11.6009 26
3 216.863 13.0345 26
3 218.33 14.5012 26
3 219.772 15.9435 26
3 221.214 17.3854 26
3 222.675 18.8464 26
3 224.116 20.2873 26
3 225.558 21.7291 26
3 227.014 23.1852 26
3 228.457 24.6279 26
3 229.913 26.0845 26
3 231.361 27.5327 26
3 232.814 28.9856 26
3 234.264 30.4349 26
3 235.706 31.8778 26
3 237.149 33.3201 26
3 238.598 34.7689 26
3 240.05 36.2218 26
3 241.493 37.6647 26
3 242.959 39.1308 26
3 244.402 40.5735 26
3 245.845 42.0159 26
3 247.305 43.4768 26
3 248.747 44.9181 26
3 250.201 46.3724 26
3 251.65 47.8213 26
3 253.092 49.2635 26
3 254.534 50.7058 26
3 256.007 52.1788 26
3 257.45 53.6213 26
3 258.906 55.0775 26
3 260.349 56.5201 26
3 261.792 57.9631 26
3 263.258 59.4289 26
3 264.7 60.8713 26
3 266.143 62.3139 26
3 267.603 63.7743 26
4 269.045 6.1e-08 26
4 270.488 1.4432 26
4 271.939 2.89362 26
4 273.381 4.33585 26
4 274.823 5.77788 26
4 276.278 7.23334 26
4 277.722 8.67647 26
4 279.17 10.1245 26
4 280.626 11.5813 26
4 282.069 13.0244 26
4 283.53 14.4853 26
4 284.972 15.9267 26
4 286.414 17.3692 26
4 287.87 18.8251 26
4 289.313 20.2683 26
4 290.761 21.7157 26
4 292.217 23.1722 26
4 293.669 24.6242 26
4 295.111 26.0664 26
4 296.562 27.5167 26
4 298.014 28.9689 26
4 299.456 30.4112 26
4 300.919 31.8737 26
4 302.355 33.31 26
4 303.798 34.7532 26
4 305.248 36.2032 26
4 306.69 37.6452 26
4 308.145 39.0997 26
4 309.595 40.5497 26
4 311.048 42.0027 26
4 312.499 43.4536 26
4 313.945 44.9003 26
4 315.386 46.3414 26
4 316.838 47.7925 26
4 318.286 49.2406 26
4 319.728 50.6834 26
4 321.186 52.1411 26
4 322.621 53.5764 26
4 324.064 55.0187 26
4 325.536 56.4909 26
4 326.979 57.9336 26
4 328.426 59.3813 26
4 329.877 60.8323 26
4 331.334 62.2886 26
4 332.768 63.7227 26
4 334.225 65.1798 26
4 335.661 66.6156 26
5 337.102 6.5e-08 26
5 338.558 1.45567 26
5 339.994 2.89156 26
5 341.436 4.33385 26
5 342.902 5.79984 26
5 344.343 7.24098 26
5 345.804 8.70194 26
5 347.247 10.1444 26
5 348.689 11.5867 26
5 350.155 13.0531 26
5 351.598 14.4953 26
5 353.044 15.9421 26
5 354.494 17.3917 26
5 355.952 18.8493 26
5 357.394 20.2917 26
5 358.845 21.7423 26
5 360.293 23.1905 26
5 361.735 24.633 26
5 363.185 26.0829 26
5 364.643 27.5402 26
5 366.093 28.9908 26
5 367.547 30.4444 26
5 368.987 31.8847 26
6 370.438 6.5e-08 26
6 371.879 1.4417 26
6 373.323 2.8855 26
6 374.772 4.33429 26
6 376.214 5.77683 26
6 377.662 7.22414 26
6 379.112 8.67403 26
6 380.554 10.1169 26
6 382.014 11.5763 26
6 383.463 13.0256 26
6 384.906 14.4688 26
6 386.36 15.9225 26
6 387.811 17.3737 26.5
7 389.265 7.3e-08 26
7 390.706 1.44133 26.5
7 392.163 2.89841 26.5
7 393.599 4.33436 26.5
7 395.041 5.77609 26
7 396.513 7.24836 26.5
7 397.956 8.69092 26.5
8 399.406 5.5e-08 26.5
8 400.848 1.44185 26.5
8 402.295 2.88887 26.5
8 403.745 4.33846 27
9 405.199 6.9e-08 27
9 406.635 1.43625 27
10 408.092 7.4e-08 27
11 409.528 4.6e-08 27.5
11 410.985 1.45744 28
12 412.431 7.6e-08 28
13 413.883 6.7e-08 28
15 415.325 5.2e-08 28
16 416.775 4.1e-08 28
17 418.227 5.5e-08 28
18 419.669 5.5e-08 28.5
19 421.119 5.8e-08 28
21 422.678 1.56e-07 28
22 424.116 5.1e-08 27
23 425.558 5.9e-08 27.5
24 427.208 1.08e-07 27.5
25 429.462 1.45e-07 26.5
26 432.81 1.55e-07 28
27 438.256 1.54e-07 28.5
28 448.201 1.46e-07 26.5
