0 3.30158 8.6e-08 23
0 6.1985 2.89692 23
0 7.6429 4.34133 23
0 9.09137 5.78979 23
0 10.5395 7.2379 23
0 11.9791 8.67757 23
0 13.4396 10.138 23
0 14.884 11.5824 23
0 16.3329 13.0314 23
0 17.7922 14.4906 23
0 19.2466 15.945 23
0 20.7089 17.4073 23
0 22.1745 18.8729 23
0 23.6239 20.3223 23
1 25.0665 8.4e-08 23
1 26.5155 1.44893 23
1 27.9729 2.90632 23
1 29.4168 4.35021 23
1 30.875 5.8085 23
1 32.3435 7.27694 23
1 33.7877 8.72119 23
1 35.2501 10.1835 23
1 36.7108 11.6442 23
1 38.1548 13.0883 23
1 39.6173 14.5508 23
1 41.078 16.0114 23
1 42.5305 17.4639 23
1 43.985 18.9184 23
2 45.4448 1.37e-07 23
2 46.8967 1.45189 23
2 48.3406 2.89582 23
2 49.8006 4.35581 23
2 51.2633 5.81844 23
2 52.7236 7.27879 23
2 54.1902 8.74535 23
2 55.6329 10.1881 23
2 57.0916 11.6468 23
2 58.5421 13.0973 23
2 59.9961 14.5513 23
2 61.4479 16.0031 23
2 62.8916 17.4468 23
2 64.335 18.8902 23
2 65.8082 20.3634 23
3 67.2504 6.9e-08 23
3 68.693 1.44264 23
3 70.1433 2.89295 23
3 71.5878 4.33743 23
3 73.03 5.77959 23
3 74.4873 7.23694 23
3 75.9311 8.68072 23
3 77.3833 10.1329 23
3 78.8364 11.586 23
3 80.28 13.0296 23
3 81.7484 14.498 23
3 83.1916 15.9412 23
3 84.6407 17.3904 23
3 86.0913 18.8409 23
3 87.5335 20.2832 23
4 88.9758 8e-08 23
4 90.4434 1.46762 23
4 91.8872 2.91133 23
4 93.338 4.36215 23
4 94.7817 5.8059 23
4 96.2252 7.24934 23
4 97.6831 8.70727 23
4 99.1271 10.1513 23.5
5 100.57 6.5e-08 23.5
5 102.021 1.45129 23.5
5 103.465 2.89446 23.5
5 104.909 4.33837 23.5
6 106.381 1.64e-07 23.5
6 107.823 1.44186 23.5
7 109.274 7.3e-08 23.5
7 110.716 1.44272 24
8 112.16 6.6e-08 24.5
10 113.612 6.8e-08 25
12 115.055 8.2e-08 25
15 116.499 8.2e-08 24.5
18 117.956 1e-07 25
21 119.4 5.8e-08 23.5
23 120.843 6.4e-08 25.5
25 123.495 1.53e-07 23.5
26 126.43 1.45e-07 23.5
27 131.576 1.45e-07 23.5
