0 6.52756 1.02e-07 20.5
0 9.4278 2.90024 20.5
0 10.8714 4.34379 20.5
0 12.32 5.79247 20.5
1 13.7662 1.45e-07 20.5
1 15.2084 1.44215 20.5
1 16.6599 2.89362 20.5
1 18.1042 4.33792 20.5
2 19.5454 1.25e-07 20.5
2 21.003 1.45763 20.5
2 22.4462 2.90083 20.5
2 23.8877 4.34236 20.5
2 25.3376 5.79224 21
3 26.7859 2.13e-07 21
3 28.2467 1.46076 21
3 29.6991 2.91325 21
3 31.1459 4.36001 21
3 32.612 5.82608 21
4 34.0649 1.4e-07 21
4 35.508 1.44306 21
4 36.9591 2.8942 21.5
5 38.4025 1.46e-07 21.5
5 39.875 1.47253 22
6 41.3352 1.86e-07 23.5
8 42.7847 5.5e-08 23.5
10 44.2353 1.57e-07 23.5
12 45.6779 1.73e-07 23.5
13 47.1204 6.9e-08 23.5
15 48.5914 1.29e-07 23.5
17 50.0405 7.5e-08 23.5
18 51.5025 1.72e-07 23.5
20 52.9467 1.44e-07 23.5
21 54.3907 1e-07 23.5
23 56.1478 1.54e-07 20.5
24 58.0951 1.54e-07 21
25 60.8367 1.03e-07 21
26 65.5709 1.78e-07 21
27 74.6314 1.54e-07 20.5
