0 3.44595 2.66e-07 20.5
0 6.34009 2.89414 20.5
0 7.78272 4.33676 20.5
0 9.23706 5.7911 20.5
1 10.6799 6.8e-08 20.5
1 12.1197 1.43985 20.5
1 13.5746 2.89473 20.5
1 15.0157 4.33578 20.5
1 16.4582 5.77829 20.5
2 17.9176 7.6e-08 20.5
2 19.3594 1.4418 20.5
2 20.8107 2.89313 20.5
2 22.2625 4.3449 20.5
2 23.7065 5.78897 20.5
3 25.1503 7.2e-08 20.5
3 26.6178 1.46749 20.5
3 28.0665 2.91613 20.5
3 29.5368 4.38644 20.5
3 30.9896 5.83927 20.5
4 32.4308 6.6e-08 20.5
4 33.881 1.45019 20.5
4 35.3394 2.90858 20.5
4 36.7948 4.364 20.5
4 38.2411 5.81035 20.5
4 39.7004 7.26964 20.5
4 41.1514 8.72062 21
5 42.5949 7e-08 21
5 44.0436 1.44873 21
5 45.5103 2.91535 21
5 46.9687 4.37385 21
5 48.4337 5.83877 20.5
5 49.8762 7.28129 20.5
5 51.3353 8.74045 21
6 52.8 1.37e-07 21
6 54.2417 1.44169 21
6 55.6925 2.89253 21
6 57.1506 4.35065 21
6 58.5922 5.79219 21
7 60.0586 8e-08 21
7 61.5024 1.44377 21
7 62.9464 2.88776 21
8 64.3982 7.3e-08 21
8 65.8633 1.4651 21
9 67.3155 6.2e-08 21
9 68.7755 1.46008 21
10 70.2221 1.13e-07 21
10 71.6719 1.44978 21
11 73.1157 7e-08 21
12 74.5645 1.16e-07 21
12 76.0148 1.4503 21
13 77.4574 8.8e-08 21
14 78.9234 1.04e-07 21
15 80.3663 7.4e-08 21
15 81.8102 1.44396 21
16 83.262 6.8e-08 21
17 84.7044 6.7e-08 21
18 86.1477 7.2e-08 21
19 87.6146 6e-08 21
19 89.0589 1.44434 21
20 90.5021 7.1e-08 21
21 91.9669 1.37e-07 21
22 93.409 7.4e-08 21
22 94.8612 1.4522 21
23 96.3053 7.8e-08 21
24 97.749 5.8e-08 21
24 99.2005 1.45148 21
25 100.644 7.2e-08 20.5
26 102.088 7.1e-08 21
26 103.544 1.45613 21
27 105.187 1.55e-07 21
27 106.631 1.44318 21
28 109.483 1.55e-07 21
28 110.926 1.44331 21
29 116.173 1.48e-07 21
29 117.615 1.44228 21
