0 3.45022 1.6e-07 20.5
0 6.34137 2.89115 20.5
0 7.79642 4.3462 20.5
0 9.23925 5.78903 20.5
1 10.6884 1.12e-07 20.5
1 12.1347 1.44628 20.5
1 13.5777 2.88928 20.5
1 15.0316 4.34317 20.5
2 16.4737 7.6e-08 20.5
2 17.9152 1.44153 20.5
2 19.3678 2.89417 20.5
2 20.8118 4.33812 20.5
2 22.2552 5.78156 21
3 23.7124 6.5e-08 21
3 25.1659 1.45346 21
4 26.6355 8.1e-08 21
4 28.0863 1.45071 21.5
6 29.5296 6.1e-08 22.5
8 30.98 5.5e-08 23.5
13 32.4436 6.1e-08 23.5
17 33.8996 6.1e-08 23.5
21 35.5408 1.71e-07 21
23 37.0729 1.54e-07 20.5
24 38.613 1.56e-07 21
25 41.3639 1.01e-07 21
26 46.4137 1.46e-07 20.5
