        type trial_config ert_flop   unroll  buffers        nsize       trials       microsecs        bytes        flops         GB/s         GF/s
         int    coalesced        1      512        1         2048      2097152     1363991.461   8589934592   1073741824        6.298        0.787
         int    coalesced        1      512        1         4096      1048576      909312.692   8589934592   1073741824        9.447        1.181
         int    coalesced        1      512        1         8192       524288      666665.258   8589934592   1073741824       12.885        1.611
         int    coalesced        1      512        1        16384       262144      553788.969   8589934592   1073741824       15.511        1.939
         int    coalesced        1      512        1        32768       131072      511532.924   8589934592   1073741824       16.793        2.099
         int    coalesced        1      512        1        65536        65536      483492.537   8589934592   1073741824       17.766        2.221
         int    coalesced        1      512        1       131072        32768      464658.626   8589934592   1073741824       18.487        2.311
         int    coalesced        1      512        1       262144        16384      456646.741   8589934592   1073741824       18.811        2.351
         int    coalesced        1      512        1       524288         8192      451758.746   8589934592   1073741824       19.014        2.377
         int    coalesced        1      512        1      1048576         4096      374125.085   8589934592   1073741824       22.960        2.870
         int    coalesced        1      512        1      2097152         2048      334218.107   8589934592   1073741824       25.702        3.213
         int    coalesced        1      512        1      4194304         1024      314142.172   8589934592   1073741824       27.344        3.418
         int    coalesced        1      512        1      8388608          512      304130.303   8589934592   1073741824       28.244        3.531
         int    coalesced        1      512        1     16777216          256      299219.788   8589934592   1073741824       28.708        3.588
         int    coalesced        1      512        1     33554432          128      296699.733   8589934592   1073741824       28.952        3.619
         int    coalesced        1      512        1     67108864           64      295453.736   8589934592   1073741824       29.074        3.634
         int    coalesced        1      512        1    134217728           32      294815.974   8589934592   1073741824       29.137        3.642
         int    coalesced        1      512        1    268435456           16      294501.734   8589934592   1073741824       29.168        3.646
         int    coalesced        1      512        1    536870912            8      294323.455   8589934592   1073741824       29.185        3.648
         int    coalesced        1      512        1   1073741824            4      294296.338   8589934592   1073741824       29.188        3.649
         int    coalesced        1      512        1   2147483648            2      294280.487   8589934592   1073741824       29.190        3.649
         int    coalesced        1      512        1   4293918720            1      294185.012   8587837440   1073479680       29.192        3.649
