0 3.09652 7.1e-08 20.5
0 5.99189 2.89538 20.5
0 7.43614 4.33962 20.5
1 8.8872 9.1e-08 20.5
1 10.3331 1.44591 20.5
1 11.7761 2.88887 20.5
1 13.2319 4.34465 20.5
2 14.6742 6.8e-08 20.5
2 16.1156 1.44142 20.5
2 17.5658 2.89158 20.5
2 19.0136 4.33941 20.5
3 20.4576 7.3e-08 20.5
3 21.915 1.45745 20.5
3 23.3598 2.90222 20.5
3 24.8112 4.35369 20.5
3 26.2541 5.79655 20.5
4 27.6972 8.4e-08 20.5
4 29.1481 1.45088 20.5
4 30.5901 2.8929 20.5
4 32.032 4.33482 20.5
4 33.4888 5.79154 20.5
5 34.9306 8.1e-08 20.5
5 36.3724 1.44186 20.5
5 37.8234 2.89288 20.5
5 39.2669 4.33632 20.5
5 40.7097 5.77917 20.5
5 42.1597 7.22913 20.5
5 43.6028 8.6723 20.5
6 45.052 8e-08 20.5
6 46.503 1.45094 20.5
6 47.9445 2.89241 20.5
6 49.4005 4.34841 21
7 50.8437 7.4e-08 21
7 52.2876 1.44391 21
7 53.7454 2.90176 21
8 55.189 6.2e-08 21
8 56.6324 1.44337 21
9 58.0825 4.6e-08 21
10 59.5259 5.9e-08 21
10 60.9689 1.44299 21
11 62.4187 6.1e-08 21
12 63.8665 8.7e-08 21
13 65.3041 5.9e-08 21
14 66.7609 4.8e-08 21
14 68.2042 1.44335 21
15 69.6552 3.3e-08 21
16 71.097 6.2e-08 21
17 72.5389 5.8e-08 21
18 73.99 5.8e-08 21
19 75.4313 4.5e-08 21
19 76.8731 1.44174 21
20 78.3302 6.5e-08 21
21 79.7728 4e-08 21
22 81.2154 5.7e-08 21
23 82.6658 4.4e-08 21
24 84.2092 1.54e-07 21
24 85.6537 1.44455 21
25 87.0958 7.9e-08 20.5
26 88.547 6.1e-08 21
26 89.99 1.443 21.5
27 91.4333 6.7e-08 21
27 92.883 1.44971 21
28 95.3272 1.6e-07 21
28 96.7775 1.45029 21
29 101.723 1.54e-07 21
29 103.179 1.45536 20.5
