        type trial_config ert_flop   unroll  buffers        nsize       trials       microsecs        bytes        flops         GB/s         GF/s
       float    coalesced       16        8        1           32     16777216     7701765.463   1073741824   2147483648        0.139        0.279
       float    coalesced       16        8        1           64     16777216     7701720.392   2147483648   4294967296        0.279        0.558
       float    coalesced       16        8        1          128     16777216     8183119.061   4294967296   8589934592        0.525        1.050
       float    coalesced       16        8        1          256     16777216     8728600.811   8589934592  17179869184        0.984        1.968
       float    coalesced       16        8        1          512      8388608     5035783.625   8589934592  17179869184        1.706        3.412
       float    coalesced       16        8        1         1024      4194304     2727769.233   8589934592  17179869184        3.149        6.298
       float    coalesced       16        8        1         2048      2097152     1636737.456   8589934592  17179869184        5.248       10.496
       float    coalesced       16        8        1         4096      1048576     1023006.030   8589934592  17179869184        8.397       16.794
       float    coalesced       16        8        1         8192       524288      744030.578   8589934592  17179869184       11.545       23.090
       float    coalesced       16        8        1        16384       262144      584611.930   8589934592  17179869184       14.693       29.387
       float    coalesced       16        8        1        32768       131072      511541.883   8589934592  17179869184       16.792       33.584
       float    coalesced       16        8        1        65536        65536      472208.112   8589934592  17179869184       18.191       36.382
       float    coalesced       16        8        1       131072        32768      449621.156   8589934592  17179869184       19.105       38.210
       float    coalesced       16        8        1       262144        16384      440521.999   8589934592  17179869184       19.499       38.999
       float    coalesced       16        8        1       524288         8192      435431.831   8589934592  17179869184       19.727       39.455
       float    coalesced       16        8        1      1048576         4096      433099.492   8589934592  17179869184       19.834       39.667
       float    coalesced       16        8        1      2097152         2048      431627.451   8589934592  17179869184       19.901       39.803
       float    coalesced       16        8        1      4194304         1024      431430.912   8589934592  17179869184       19.910       39.821
       float    coalesced       16        8        1      8388608          512      431131.979   8589934592  17179869184       19.924       39.848
       float    coalesced       16        8        1     16777216          256      430978.531   8589934592  17179869184       19.931       39.862
       float    coalesced       16        8        1     33554432          128      430861.500   8589934592  17179869184       19.937       39.873
       float    coalesced       16        8        1     67108864           64      430911.563   8589934592  17179869184       19.934       39.869
       float    coalesced       16        8        1    134217728           32      430883.947   8589934592  17179869184       19.936       39.871
       float    coalesced       16        8        1    268435456           16      430862.670   8589934592  17179869184       19.937       39.873
       float    coalesced       16        8        1    536870912            8      430828.481   8589934592  17179869184       19.938       39.876
       float    coalesced       16        8        1   1073741824            4      430836.539   8589934592  17179869184       19.938       39.876
       float    coalesced       16        8        1   2147483648            2      430853.841   8589934592  17179869184       19.937       39.874
       float    coalesced       16        8        1   4293918720            1      430705.049   8587837440  17175674880       19.939       39.878
