        type trial_config ert_flop   unroll  buffers        nsize       trials       microsecs        bytes        flops         GB/s         GF/s
      double    coalesced        1      256        1         2048      2097152     1818900.584   8589934592    536870912        4.723        0.295
      double    coalesced        1      256        1         4096      1048576     1169411.301   8589934592    536870912        7.346        0.459
      double    coalesced        1      256        1         8192       524288      841404.552   8589934592    536870912       10.209        0.638
      double    coalesced        1      256        1        16384       262144      703450.564   8589934592    536870912       12.211        0.763
      double    coalesced        1      256        1        32768       131072      638756.090   8589934592    536870912       13.448        0.840
      double    coalesced        1      256        1        65536        65536      598595.520   8589934592    536870912       14.350        0.897
      double    coalesced        1      256        1       131072        32768      580635.562   8589934592    536870912       14.794        0.925
      double    coalesced        1      256        1       262144        16384      571440.597   8589934592    536870912       15.032        0.940
      double    coalesced        1      256        1       524288         8192      566467.944   8589934592    536870912       15.164        0.948
      double    coalesced        1      256        1      1048576         4096      470102.936   8589934592    536870912       18.272        1.142
      double    coalesced        1      256        1      2097152         2048      420049.659   8589934592    536870912       20.450        1.278
      double    coalesced        1      256        1      4194304         1024      395013.316   8589934592    536870912       21.746        1.359
      double    coalesced        1      256        1      8388608          512      382505.308   8589934592    536870912       22.457        1.404
      double    coalesced        1      256        1     16777216          256      376268.712   8589934592    536870912       22.829        1.427
      double    coalesced        1      256        1     33554432          128      373129.477   8589934592    536870912       23.021        1.439
      double    coalesced        1      256        1     67108864           64      371564.203   8589934592    536870912       23.118        1.445
      double    coalesced        1      256        1    134217728           32      370824.093   8589934592    536870912       23.164        1.448
      double    coalesced        1      256        1    268435456           16      370356.143   8589934592    536870912       23.194        1.450
      double    coalesced        1      256        1    536870912            8      370215.294   8589934592    536870912       23.203        1.450
      double    coalesced        1      256        1   1073741824            4      370125.728   8589934592    536870912       23.208        1.451
      double    coalesced        1      256        1   2147483648            2      370038.152   8589934592    536870912       23.214        1.451
      double    coalesced        1      256        1   4293918720            1      369930.605   8587837440    536739840       23.215        1.451
