        type trial_config ert_flop   unroll  buffers        nsize       trials       microsecs        bytes        flops         GB/s         GF/s
 signed_char    coalesced      256        4        2            8     16777216    30214113.736    268435456  34359738368        0.009        1.137
 signed_char    coalesced      256        4        2           16     16777216    30806507.057    536870912  68719476736        0.017        2.231
 signed_char    coalesced      256        4        2           32     16777216    30806518.663   1073741824 137438953472        0.035        4.461
 signed_char    coalesced      256        4        2           64     16777216    32731925.386   2147483648 274877906944        0.066        8.398
 signed_char    coalesced      256        4        2          128     16777216    32731931.107   4294967296 549755813888        0.131       16.796
 signed_char    coalesced      256        4        2          256     16777216    34913994.167   8589934592 1099511627776        0.246       31.492
 signed_char    coalesced      256        4        2          512     16777216    38508118.680  17179869184 2199023255552        0.446       57.105
 signed_char    coalesced      256        4        2         1024      8388608    21821305.531  17179869184 2199023255552        0.787      100.774
 signed_char    coalesced      256        4        2         2048      4194304    12729157.977  17179869184 2199023255552        1.350      172.755
 signed_char    coalesced      256        4        2         4096      2097152     8235577.013  17179869184 2199023255552        2.086      267.015
 signed_char    coalesced      256        4        2         8192      1048576     6369358.464  17179869184 2199023255552        2.697      345.250
 signed_char    coalesced      256        4        2        16384       524288     5316682.615  17179869184 2199023255552        3.231      413.608
 signed_char    coalesced      256        4        2        32768       262144     4778918.119  17179869184 2199023255552        3.595      460.151
 signed_char    coalesced      256        4        2        65536       131072     4529855.058  17179869184 2199023255552        3.793      485.451
 signed_char    coalesced      256        4        2       131072        65536     4396559.232  17179869184 2199023255552        3.908      500.169
 signed_char    coalesced      256        4        2       262144        32768     4332522.105  17179869184 2199023255552        3.965      507.562
 signed_char    coalesced      256        4        2       524288        16384     4297384.112  17179869184 2199023255552        3.998      511.712
 signed_char    coalesced      256        4        2      1048576         8192     4281260.686  17179869184 2199023255552        4.013      513.639
 signed_char    coalesced      256        4        2      2097152         4096     4272594.390  17179869184 2199023255552        4.021      514.681
 signed_char    coalesced      256        4        2      4194304         2048     4268347.317  17179869184 2199023255552        4.025      515.193
 signed_char    coalesced      256        4        2      8388608         1024     4266462.501  17179869184 2199023255552        4.027      515.421
 signed_char    coalesced      256        4        2     16777216          512     4265422.788  17179869184 2199023255552        4.028      515.546
 signed_char    coalesced      256        4        2     33554432          256     4265103.330  17179869184 2199023255552        4.028      515.585
 signed_char    coalesced      256        4        2     67108864          128     4264644.691  17179869184 2199023255552        4.028      515.640
 signed_char    coalesced      256        4        2    134217728           64     4264559.339  17179869184 2199023255552        4.029      515.651
 signed_char    coalesced      256        4        2    268435456           32     4264299.986  17179869184 2199023255552        4.029      515.682
 signed_char    coalesced      256        4        2    536870912           16     4264484.706  17179869184 2199023255552        4.029      515.660
 signed_char    coalesced      256        4        2   1073741824            8     4264371.135  17179869184 2199023255552        4.029      515.674
 signed_char    coalesced      256        4        2   2147483648            4     4264449.267  17179869184 2199023255552        4.029      515.664
 signed_char    coalesced      256        4        2   4294967296            2     4264477.872  17179869184 2199023255552        4.029      515.661
 signed_char    coalesced      256        4        2   8588886016            1     4263803.770  17177772032 2198754820096        4.029      515.679
