0 3.34614 7.7e-08 20.5
0 6.23843 2.89229 20.5
0 7.68177 4.33563 20.5
0 9.13908 5.79294 20.5
1 10.5845 1.32e-07 20.5
1 12.0244 1.4399 20.5
1 13.4765 2.89202 20.5
1 14.9181 4.33366 20.5
1 16.3607 5.77624 20.5
2 17.8094 5.8e-08 20.5
2 19.2502 1.44078 20.5
2 20.7172 2.90782 20.5
2 22.1644 4.35498 20.5
3 23.6291 5.9e-08 21
3 25.0848 1.4557 20.5
3 26.5281 2.89907 20.5
3 27.9707 4.34159 20.5
3 29.4297 5.80064 21
3 30.886 7.25695 21
4 32.352 1.11e-07 21
4 33.7931 1.44108 21
4 35.2443 2.89228 21
5 36.7106 3.35e-07 21
6 38.1531 6.5e-08 21
7 39.6092 5e-08 22
8 41.0686 6.6e-08 22.5
11 42.5118 5.9e-08 23
14 43.9679 5.3e-08 23
18 45.4137 5.3e-08 23
21 46.8568 6.3e-08 20.5
23 48.3139 5.8e-08 23
25 50.8582 1.45e-07 21
26 53.7012 1.02e-07 21
27 58.7473 1.48e-07 20.5
