0 6.63856 6.2e-08 21.5
0 9.53665 2.89809 21.5
0 10.9846 4.34601 21.5
0 12.4275 5.78896 21.5
0 13.8698 7.23128 21.5
0 15.3194 8.68083 21.5
0 16.7616 10.1231 21.5
0 18.2039 11.5653 21.5
0 19.6569 13.0183 22
0 21.0986 14.46 21.5
0 22.5395 15.901 21.5
0 23.9907 17.3521 21.5
0 25.4344 18.7958 21.5
0 26.8755 20.237 21.5
0 28.3326 21.694 22
0 29.7763 23.1377 21.5
0 31.2232 24.5846 21.5
0 32.678 26.0395 21.5
0 34.1258 27.4872 21.5
0 35.5686 28.9301 21.5
0 37.0343 30.3958 21.5
0 38.4922 31.8536 21.5
0 39.9575 33.3189 21.5
0 41.4105 34.772 21.5
0 42.8585 36.2199 21.5
0 44.3083 37.6698 21.5
0 45.7723 39.1337 21.5
1 47.2269 6.9e-08 21.5
1 48.6751 1.44817 21.5
1 50.1344 2.90754 21.5
1 51.5861 4.35924 21.5
1 53.03 5.80308 21.5
1 54.4787 7.25184 21.5
1 55.9457 8.71877 21.5
1 57.3996 10.1727 21.5
1 58.8677 11.6408 21.5
1 60.3271 13.1002 21.5
1 61.7695 14.5427 21.5
1 63.2206 15.9937 21.5
1 64.6804 17.4535 21.5
1 66.1366 18.9097 21.5
1 67.5805 20.3536 21.5
1 69.0283 21.8014 21.5
1 70.4961 23.2692 21.5
1 71.9441 24.7172 21.5
1 73.3918 26.1649 21.5
1 74.8489 27.622 21.5
1 76.3078 29.0809 21.5
1 77.7753 30.5484 21.5
1 79.2289 32.002 21.5
1 80.6775 33.4506 21.5
1 82.1278 34.9009 21.5
1 83.5923 36.3654 21.5
1 85.0494 37.8225 21.5
2 86.5092 7.8e-08 21.5
2 87.9634 1.4542 21.5
2 89.4158 2.90656 21.5
2 90.8597 4.35048 21.5
2 92.3037 5.79452 21.5
2 93.7609 7.25174 21.5
2 95.2201 8.71085 21.5
2 96.688 10.1788 21.5
2 98.1404 11.6312 21.5
2 99.5832 13.074 21.5
2 101.056 14.5467 21.5
2 102.5 15.9911 21.5
2 103.969 17.4596 21.5
2 105.413 18.9036 21.5
2 106.867 20.3582 21.5
2 108.32 21.8104 21.5
2 109.78 23.2708 21.5
2 111.232 24.7227 21.5
2 112.676 26.1664 21.5
2 114.119 27.6097 21.5
2 115.591 29.082 21.5
2 117.034 30.5252 21.5
2 118.478 31.9689 21.5
2 119.935 33.4259 21.5
2 121.379 34.8697 21.5
2 122.846 36.3373 21.5
2 124.29 37.7808 21.5
2 125.739 39.2298 21.5
3 127.197 5.8e-08 21.5
3 128.642 1.44472 21.5
3 130.086 2.88851 21.5
3 131.538 4.34026 21.5
3 132.982 5.78457 21.5
3 134.426 7.22833 21.5
3 135.899 8.70126 21.5
3 137.343 10.1457 21.5
3 138.812 11.6141 21.5
3 140.255 13.0579 21.5
3 141.7 14.5022 21.5
3 143.157 15.9596 21.5
3 144.601 17.4036 21.5
3 146.057 18.8592 21.5
3 147.507 20.3098 21.5
3 148.961 21.7632 21.5
3 150.412 23.2146 21.5
3 151.856 24.6581 21.5
3 153.314 26.1161 21.5
3 154.765 27.5674 21.5
3 156.222 29.0247 21.5
3 157.662 30.4645 21.5
3 159.129 31.9317 21.5
3 160.572 33.3749 21.5
3 162.023 34.8257 21.5
3 163.466 36.2688 21.5
3 164.91 37.7129 21.5
3 166.383 39.1852 21.5
4 167.827 5.8e-08 21.5
4 169.282 1.45528 21.5
4 170.732 2.90538 21.5
4 172.176 4.3489 21.5
4 173.631 5.80392 21.5
4 175.075 7.2481 21.5
4 176.519 8.6924 21.5
4 177.987 10.1603 21.5
4 179.431 11.6041 21.5
4 180.875 13.0483 21.5
4 182.327 14.5 21.5
4 183.77 15.9433 21.5
4 185.212 17.3856 21.5
4 186.67 18.8427 21.5
4 188.113 20.286 21.5
4 189.568 21.7411 21.5
4 191.012 23.185 21.5
4 192.472 24.645 21.5
4 193.924 26.0968 21.5
4 195.373 27.5457 21.5
4 196.814 28.9874 21.5
4 198.265 30.4382 21.5
4 199.723 31.8961 21.5
4 201.174 33.3472 21.5
4 202.633 34.8061 21.5
4 204.071 36.2436 21.5
4 205.538 37.7107 21.5
4 206.981 39.1537 21.5
4 208.423 40.5966 21.5
4 209.891 42.0639 21.5
5 211.334 6.1e-08 21.5
5 212.786 1.45189 21.5
5 214.234 2.90028 21.5
5 215.678 4.34451 21.5
5 217.136 5.8022 21.5
5 218.58 7.24622 21.5
5 220.024 8.69 21.5
5 221.476 10.1419 21.5
5 222.924 11.5905 21.5
5 224.368 13.0342 21.5
5 225.836 14.502 21.5
5 227.28 15.9457 21.5
5 228.745 17.4109 21.5
5 230.178 18.8443 21.5
5 231.636 20.3023 21.5
5 233.087 21.7536 21.5
5 234.531 23.1971 21.5
5 235.974 24.6406 21.5
5 237.426 26.092 21.5
5 238.868 27.5341 21.5
5 240.335 29.0014 21.5
5 241.778 30.4441 21.5
5 243.221 31.8867 21.5
5 244.688 33.3538 21.5
5 246.131 34.7969 21.5
5 247.586 36.2525 21.5
5 249.035 37.7014 21.5
5 250.478 39.1442 21.5
5 251.921 40.5868 21.5
5 253.378 42.0439 21.5
6 254.82 8.5e-08 21.5
6 256.271 1.45033 21.5
6 257.719 2.89866 21.5
6 259.163 4.34217 21.5
6 260.62 5.79963 21.5
6 262.074 7.25364 21.5
6 263.517 8.69699 21.5
6 264.969 10.1485 21.5
6 266.428 11.608 21.5
6 267.88 13.0593 21.5
6 269.323 14.5021 21.5
6 270.767 15.9461 21.5
6 272.218 17.3975 21.5
6 273.661 18.8408 21.5
6 275.103 20.2828 21.5
6 276.571 21.7503 21.5
6 278.014 23.1934 21.5
6 279.457 24.6367 21.5
6 280.908 26.0878 21.5
6 282.364 27.5432 21.5
6 283.813 28.9921 21.5
6 285.262 30.4412 21.5
6 286.703 31.8829 21.5
6 288.153 33.3328 21.5
6 289.616 34.7959 21.5
6 291.059 36.2389 21.5
6 292.511 37.6904 21.5
6 293.97 39.15 21.5
6 295.421 40.601 21.5
6 296.879 42.0583 21.5
6 298.319 43.499 21.5
6 299.787 44.9668 21.5
7 301.231 7.1e-08 21.5
7 302.675 1.44356 21.5
7 304.126 2.89494 22
7 305.569 4.3383 21.5
7 307.012 5.78101 21.5
7 308.469 7.23798 21.5
7 309.911 8.67988 21.5
7 311.366 10.1354 21.5
7 312.81 11.5789 21.5
7 314.254 13.0227 22
7 315.721 14.4901 21.5
7 317.165 15.9337 21.5
7 318.621 17.3904 21.5
7 320.075 18.8445 21.5
7 321.529 20.2979 21.5
7 322.981 21.7496 22
7 324.424 23.1929 21.5
7 325.867 24.6361 22
8 327.324 5e-08 22
8 328.776 1.45206 22
8 330.218 2.89442 22
8 331.685 4.36151 22
8 333.129 5.80486 22
8 334.592 7.2678 22
8 336.033 8.70862 22
8 337.476 10.1517 22
8 338.932 11.608 22
8 340.375 13.0513 22
9 341.818 5.9e-08 22
9 343.268 1.44973 22
9 344.716 2.89799 22
9 346.16 4.34148 22
9 347.628 5.80921 22
9 349.072 7.25321 22
10 350.524 6.5e-08 22
10 351.984 1.46016 22
10 353.427 2.90328 22
10 354.883 4.35945 22.5
11 356.327 6.2e-08 22.5
11 357.771 1.44391 22.5
11 359.228 2.90163 22.5
12 360.687 5.9e-08 22.5
12 362.137 1.4502 22.5
12 363.594 2.90725 22.5
13 365.036 5.9e-08 22.5
13 366.488 1.45139 22.5
13 367.935 2.89818 22.5
14 369.378 5.1e-08 22.5
14 370.836 1.45751 22.5
14 372.289 2.91122 22.5
15 373.741 3.8e-08 22.5
15 375.184 1.44339 22.5
16 376.628 4.8e-08 22.5
16 378.084 1.45655 22.5
16 379.542 2.91461 22.5
17 380.986 7.5e-08 22.5
17 382.444 1.45759 22.5
18 383.898 4.6e-08 22.5
18 385.349 1.45171 22.5
18 386.806 2.90875 22.5
19 388.248 5.8e-08 22.5
19 389.706 1.4575 22.5
20 391.148 7.2e-08 22.5
20 392.591 1.44325 22.5
21 394.041 7e-08 22.5
21 395.483 1.44176 22.5
21 396.955 2.91411 22.5
22 398.399 6.1e-08 22.5
22 399.858 1.45974 22.5
23 401.31 6.5e-08 22.5
23 402.753 1.44351 22.5
23 404.202 2.89203 22.5
24 405.659 6.3e-08 22.5
24 407.115 1.45573 22.5
25 408.765 1.46e-07 22.5
25 410.218 1.45316 22.5
25 411.661 2.89637 22.5
26 413.111 6.7e-08 22.5
26 414.554 1.44303 22.5
26 415.997 2.88631 22
27 417.447 1.13e-07 22.5
27 418.889 1.44204 22.5
27 420.332 2.88498 22
28 423.189 1.48e-07 23
28 424.632 1.44265 22.5
28 426.083 2.89382 22
29 430.829 1.53e-07 22.5
29 432.278 1.44849 22.5
29 433.721 2.892 22
30 442.771 1.46e-07 23
30 444.212 1.44087 22.5
30 445.663 2.89183 22
