0 3.27952 7.4e-08 24
0 6.16437 2.88485 24
0 7.62012 4.3406 24
0 9.05762 5.7781 24
0 10.4984 7.21888 24
0 11.9557 8.67618 24
0 13.3998 10.1203 24
0 14.8429 11.5634 24
0 16.2913 13.0117 24
0 17.7349 14.4554 24
0 19.1767 15.8971 24
0 20.6266 17.3471 24
0 22.0686 18.7891 24
0 23.5112 20.2317 24
0 24.961 21.6815 24
0 26.4031 23.1236 24
0 27.8446 24.5651 24
0 29.2949 26.0154 24
0 30.7372 27.4577 24
0 32.178 28.8985 24
0 33.6278 30.3483 24
0 35.0705 31.791 24
0 36.5138 33.2343 24
0 37.964 34.6845 24
0 39.4059 36.1264 24
0 40.8486 37.5691 24
0 42.299 39.0195 24
0 43.7403 40.4608 24
0 45.1822 41.9026 24
0 46.6328 43.3533 24
0 48.0747 44.7952 24
0 49.5168 46.2372 24
0 50.9721 47.6925 24
0 52.4107 49.1311 24
0 53.8522 50.5727 24
0 55.3027 52.0232 24
0 56.7457 53.4662 24
0 58.1887 54.9092 24
0 59.6458 56.3663 24
0 61.0818 57.8023 24
0 62.5233 59.2438 24
0 63.98 60.7005 24
0 65.4231 62.1436 24
0 66.8692 63.5897 24
0 68.3148 65.0353 24
0 69.7572 66.4777 24
0 71.204 67.9245 24
0 72.6492 69.3697 24
0 74.0914 70.8118 24
0 75.5422 72.2627 24
0 76.9851 73.7056 24
0 78.4267 75.1472 24
0 79.8767 76.5971 24
0 81.32 78.0405 24
0 82.7625 79.483 24
0 84.2117 80.9321 24
0 85.6535 82.3739 24
0 87.0958 83.8163 24
0 88.5455 85.266 24
0 89.9861 86.7066 24
0 91.4282 88.1487 24
0 92.8793 89.5998 24
0 94.321 91.0415 24
0 95.7631 92.4835 24
0 97.2136 93.9341 24
0 98.6578 95.3783 24
0 100.098 96.8183 24
0 101.548 98.2681 24
0 102.99 99.7107 24
0 104.433 101.154 24
0 105.883 102.604 24
0 107.325 104.045 24
0 108.767 105.487 24
0 110.223 106.943 24
0 111.657 108.378 24
0 113.099 109.82 24
0 114.555 111.276 24
0 115.991 112.711 24
0 117.432 114.153 24
0 118.889 115.61 24
0 120.332 117.053 24
0 121.775 118.495 24
0 123.224 119.945 24
0 124.666 121.386 24
0 126.109 122.829 24
0 127.559 124.28 24
0 129.002 125.722 24
0 130.443 127.164 24
0 131.895 128.615 24
0 133.342 130.063 24
0 134.781 131.501 24
0 136.23 132.95 24
0 137.672 134.392 24
0 139.114 135.834 24
0 140.563 137.283 24
0 142.004 138.724 24
0 143.446 140.166 24
0 144.895 141.615 24
0 146.336 143.056 24
0 147.778 144.498 24
0 149.228 145.948 24
0 150.669 147.389 24
0 152.11 148.831 24
0 153.561 150.281 24
0 155.003 151.723 24
0 156.445 153.165 24
0 157.896 154.616 24
0 159.339 156.059 24
0 160.782 157.502 24
0 162.231 158.952 24
0 163.674 160.394 24
0 165.116 161.837 24
0 166.573 163.294 24
0 168.01 164.731 24
0 169.452 166.173 24
0 170.91 167.63 24
0 172.354 169.074 24
0 173.806 170.526 24
0 175.25 171.97 24
0 176.693 173.414 24
0 178.143 174.864 24
0 179.585 176.306 24
0 181.029 177.749 24
0 182.48 179.201 24
0 183.925 180.645 24
0 185.368 182.089 24
0 186.819 183.539 24
0 188.262 184.982 24
0 189.704 186.425 24
0 191.162 187.882 24
0 192.606 189.326 24
0 194.05 190.77 24
0 195.501 192.221 24
0 196.943 193.664 24
0 198.386 195.107 24
0 199.837 196.558 24
0 201.281 198.002 24
0 202.725 199.446 24
0 204.177 200.898 24
0 205.621 202.341 24
0 207.064 203.784 24
0 208.514 205.235 24
0 209.956 206.677 24
0 211.4 208.12 24
0 212.857 209.577 24
0 214.301 211.021 24
0 215.744 212.464 24
0 217.194 213.914 24
0 218.636 215.357 24
0 220.088 216.808 24
0 221.531 218.251 24
0 222.974 219.695 24
0 224.426 221.146 24
0 225.868 222.589 24
0 227.31 224.031 24
0 228.761 225.482 24
0 230.205 226.925 24
0 231.648 228.368 24
0 233.097 229.818 24
0 234.539 231.26 24
0 235.982 232.702 24
0 237.439 234.159 24
0 238.882 235.603 24
0 240.325 237.045 24
0 241.775 238.496 24
0 243.218 239.938 24
0 244.661 241.381 24
0 246.112 242.832 24
0 247.555 244.276 24
0 248.997 245.718 24
0 250.448 247.168 24
0 251.891 248.611 24
0 253.333 250.054 24
0 254.785 251.505 24
0 256.227 252.948 24
0 257.669 254.39 24
0 259.121 255.841 24
0 260.564 257.285 24
0 262.007 258.727 24
0 263.458 260.178 24
0 264.9 261.62 24
0 266.343 263.063 24
0 267.8 264.52 24
0 269.243 265.964 24
0 270.69 267.41 24
0 272.136 268.856 24
0 273.579 270.299 24
0 275.03 271.75 24
0 276.474 273.194 24
1 277.918 1e-07 24
1 279.369 1.45155 24
1 280.812 2.89454 24
1 282.255 4.33712 24
1 283.706 5.78825 24
1 285.15 7.23184 24
1 286.594 8.67572 24
1 288.051 10.1335 24
1 289.494 11.576 24
1 290.93 13.0117 24
1 292.386 14.4682 24
1 293.829 15.9109 24
1 295.272 17.3546 24
1 296.724 18.8063 24
1 298.167 20.2495 24
1 299.61 21.692 24
1 301.06 23.1417 24
1 302.503 24.5852 24
1 303.947 26.0287 24
1 305.398 27.48 24
1 306.841 28.9232 24
1 308.283 30.3651 24
1 309.733 31.8155 24
1 311.177 33.2588 24
1 312.62 34.7023 24
1 314.078 36.1599 24
1 315.521 37.6033 24
1 316.973 39.0556 24
1 318.416 40.4979 24
1 319.858 41.9403 24
1 321.309 43.3912 24
1 322.752 44.8346 24
1 324.196 46.2781 24
1 325.648 47.7299 24
1 327.091 49.1726 24
1 328.533 50.6151 24
1 329.983 52.0655 24
1 331.427 53.509 24
1 332.87 54.9525 24
1 334.328 56.4102 24
1 335.771 57.8535 24
1 337.214 59.2957 24
1 338.664 60.7458 24
1 340.106 62.188 24
1 341.549 63.6314 24
1 343.001 65.0829 24
1 344.444 66.5257 24
1 345.886 67.9679 24
1 347.336 69.4177 24
1 348.778 70.8598 24
1 350.221 72.3029 24
1 351.672 73.7544 24
1 353.115 75.1966 24
1 354.556 76.6385 24
1 356.007 78.0894 24
1 357.451 79.5328 24
1 358.894 80.9759 24
1 360.344 82.4263 24
1 361.785 83.8676 24
1 363.228 85.3106 24
1 364.686 86.768 24
1 366.128 88.2104 24
1 367.564 89.6462 24
1 369.021 91.1029 24
1 370.464 92.5458 24
1 371.915 93.9975 24
1 373.358 95.4405 24
1 374.802 96.8841 24
1 376.252 98.3339 24
1 377.694 99.7758 24
1 379.137 101.219 24
1 380.588 102.671 24
1 382.032 104.114 24
1 383.474 105.557 24
1 384.929 107.011 24
1 386.368 108.45 24
1 387.811 109.893 24
1 389.269 111.351 24
1 390.712 112.794 24
1 392.155 114.237 24
1 393.604 115.686 24
1 395.047 117.129 24
1 396.49 118.572 24
1 397.942 120.024 24
1 399.384 121.467 24
1 400.827 122.909 24
1 402.277 124.359 24
1 403.72 125.802 24
1 405.163 127.245 24
1 406.615 128.697 24
1 408.058 130.14 24
1 409.5 131.582 24
1 410.95 133.032 24
1 412.393 134.475 24
1 413.836 135.918 24
1 415.293 137.375 24
1 416.736 138.818 24
1 418.172 140.254 24
1 419.628 141.71 24
1 421.071 143.153 24
1 422.522 144.604 24
1 423.965 146.047 24
1 425.408 147.49 24
1 426.858 148.94 24
1 428.301 150.383 24
1 429.743 151.825 24
1 431.194 153.277 24
1 432.637 154.719 24
1 434.08 156.162 24
1 435.53 157.612 24
1 436.972 159.055 24
1 438.416 160.498 24
1 439.873 161.955 24
1 441.316 163.398 24
1 442.759 164.841 24
1 444.209 166.291 24
1 445.655 167.737 24
1 447.093 169.176 24
1 448.545 170.627 24
1 449.989 172.071 24
1 451.431 173.514 24
1 452.883 174.965 24
1 454.325 176.407 24
1 455.766 177.848 24
1 457.217 179.299 24
1 458.66 180.742 24
1 460.104 182.186 24
1 461.561 183.643 24
1 462.997 185.079 24
1 464.439 186.521 24
1 465.896 187.978 24
1 467.339 189.421 24
1 468.79 190.872 24
1 470.233 192.316 24
1 471.676 193.759 24
1 473.127 195.209 24
1 474.569 196.651 24
1 476.012 198.095 24
1 477.464 199.546 24
1 478.908 200.99 24
1 480.351 202.433 24
1 481.801 203.883 24
1 483.243 205.325 24
1 484.687 206.769 24
1 486.144 208.226 24
1 487.588 209.67 24
1 489.032 211.114 24
1 490.482 212.564 24
1 491.924 214.007 24
1 493.366 215.449 24
1 494.818 216.9 24
1 496.261 218.343 24
1 497.705 219.788 24
1 499.157 221.239 24
1 500.6 222.682 24
1 502.042 224.124 24
1 503.492 225.574 24
1 504.936 227.018 24
1 506.38 228.462 24
1 507.837 229.919 24
1 509.28 231.362 24
1 510.723 232.805 24
1 512.173 234.255 24
1 513.616 235.698 24
1 515.068 237.15 24
1 516.511 238.593 24
1 517.955 240.037 24
1 519.407 241.489 24
1 520.855 242.937 24
1 522.299 244.381 24
1 523.757 245.839 24
1 525.201 247.283 24
1 526.644 248.726 24
1 528.095 250.177 24
1 529.537 251.619 24
1 530.979 253.061 24
1 532.43 254.512 24
1 533.874 255.956 24
1 535.317 257.399 24
1 536.767 258.849 24
1 538.209 260.291 24
1 539.652 261.734 24
1 541.103 263.185 24
1 542.546 264.628 24
1 543.989 266.071 24
1 545.439 267.521 24
1 546.881 268.963 24
1 548.325 270.407 24
1 549.782 271.864 24
2 551.226 9.9e-08 24
2 552.668 1.44282 24
2 554.119 2.89297 24
2 555.561 4.33548 24
2 557.012 5.7865 24
2 558.456 7.22991 24
2 559.899 8.673 24
2 561.348 10.1227 24
2 562.791 11.5654 24
2 564.234 13.0088 24
2 565.686 14.4607 24
2 567.13 15.9042 24
2 568.573 17.3476 24
2 570.023 18.7977 24
2 571.465 20.2389 24
2 572.908 21.682 24
2 574.365 23.1391 24
2 575.808 24.5825 24
2 577.25 26.0248 24
2 578.7 27.474 24
2 580.142 28.9164 24
2 581.586 30.3601 24
2 583.037 31.8112 24
2 584.48 33.2543 24
2 585.923 34.6971 24
2 587.373 36.1471 24
2 588.815 37.5897 24
2 590.258 39.0324 24
2 591.714 40.4882 24
2 593.153 41.9272 24
2 594.596 43.3705 24
2 596.046 44.8208 24
2 597.488 46.2626 24
2 598.931 47.7049 24
2 600.388 49.1622 24
2 601.831 50.6056 24
2 603.282 52.0563 24
2 604.724 53.4986 24
2 606.166 54.9405 24
2 607.617 56.3915 24
2 609.06 57.8348 24
2 610.503 59.2777 24
2 611.955 60.7295 24
2 613.398 62.1725 24
2 614.84 63.6146 24
2 616.29 65.0643 24
2 617.733 66.5078 24
2 619.177 67.9515 24
2 620.634 69.4084 24
2 622.076 70.8506 24
2 623.512 72.2866 24
2 624.968 73.7425 24
2 626.411 75.1856 24
2 627.854 76.6286 24
2 629.305 78.0794 24
2 630.747 79.5216 24
2 632.189 80.9629 24
2 633.639 82.4135 24
2 635.081 83.8557 24
2 636.524 85.2981 24
2 637.974 86.7481 24
2 639.416 88.1905 24
2 640.86 89.6341 24
2 642.311 91.0856 24
2 643.755 92.5289 24
2 645.197 93.9718 24
2 646.647 95.4217 24
2 648.089 96.8637 24
2 649.533 98.3072 24
2 650.99 99.7647 24
2 652.434 101.208 24
2 653.885 102.659 24
2 655.327 104.101 24
2 656.768 105.542 24
2 658.219 106.993 24
2 659.662 108.436 24
2 661.105 109.879 24
2 662.555 111.33 24
2 663.997 112.771 24
2 665.439 114.213 24
2 666.89 115.664 24
2 668.333 117.108 24
2 669.777 118.551 24
2 671.227 120.002 24
2 672.669 121.443 24
2 674.112 122.886 24
2 675.569 124.344 24
2 677.012 125.787 24
2 678.456 127.23 24
2 679.907 128.682 24
2 681.351 130.126 24
2 682.794 131.569 24
2 684.244 133.019 24
2 685.687 134.461 24
2 687.13 135.904 24
2 688.582 137.356 24
2 690.025 138.799 24
2 691.468 140.243 24
2 692.925 141.699 24
2 694.361 143.135 24
2 695.803 144.577 24
2 697.26 146.034 24
2 698.703 147.477 24
2 700.155 148.929 24
2 701.597 150.372 24
2 703.039 151.814 24
2 704.489 153.264 24
2 705.933 154.707 24
2 707.376 156.151 24
2 708.828 157.602 24
2 710.27 159.045 24
2 711.713 160.487 24
2 713.163 161.938 24
2 714.607 163.381 24
2 716.05 164.824 24
2 717.507 166.281 24
2 718.95 167.724 24
2 720.386 169.16 24
2 721.841 170.615 24
2 723.284 172.058 24
2 724.727 173.501 24
2 726.178 174.952 24
2 727.62 176.394 24
2 729.062 177.836 24
2 730.512 179.287 24
2 731.956 180.73 24
2 733.399 182.173 24
2 734.85 183.625 24
2 736.293 185.068 24
2 737.736 186.51 24
2 739.185 187.96 24
2 740.629 189.403 24
2 742.071 190.846 24
2 743.529 192.303 24
2 744.972 193.747 24
2 746.424 195.198 24
2 747.867 196.641 24
2 749.309 198.083 24
2 750.759 199.534 24
2 752.202 200.976 24
2 753.645 202.42 24
2 755.096 203.871 24
2 756.54 205.314 24
2 757.983 206.757 24
2 759.433 208.207 24
2 760.875 209.649 24
2 762.318 211.093 24
2 763.776 212.551 24
2 765.22 213.994 24
2 766.663 215.438 24
2 768.115 216.889 24
2 769.559 218.333 24
2 771.002 219.777 24
2 772.453 221.228 24
2 773.896 222.671 24
2 775.338 224.113 24
2 776.789 225.564 24
2 778.232 227.006 24
2 779.675 228.45 24
2 781.133 229.907 24
2 782.577 231.351 24
2 784.028 232.803 24
2 785.472 234.246 24
2 786.915 235.689 24
2 788.365 237.139 24
2 789.807 238.581 24
2 791.25 240.024 24
2 792.701 241.475 24
2 794.144 242.919 24
2 795.587 244.362 24
2 797.038 245.812 24
2 798.479 247.253 24
2 799.921 248.695 24
2 801.378 250.152 24
2 802.821 251.595 24
2 804.263 253.038 24
2 805.712 254.487 24
2 807.155 255.929 24
2 808.597 257.372 24
2 810.048 258.822 24
2 811.49 260.264 24
2 812.932 261.706 24
2 814.382 263.157 24
2 815.826 264.6 24
2 817.268 266.042 24
2 818.718 267.492 24
2 820.16 268.935 24
2 821.603 270.377 24
2 823.054 271.829 24
2 824.498 273.272 24
3 825.941 8.6e-08 24
3 827.399 1.4576 24
3 828.842 2.90058 24
3 830.278 4.3372 24
3 831.735 5.79381 24
3 833.178 7.23722 24
3 834.63 8.68868 24
3 836.073 10.1316 24
3 837.516 11.5744 24
3 838.966 13.0245 24
3 840.408 14.4663 24
3 841.85 15.909 24
3 843.302 17.3609 24
3 844.745 18.8037 24
3 846.188 20.2464 24
3 847.637 21.696 24
3 849.079 23.1378 24
3 850.522 24.5811 24
3 851.979 26.0378 24
3 853.422 27.4805 24
3 854.858 28.9167 24
3 856.313 30.3714 24
3 857.756 31.8146 24
3 859.199 33.2577 24
3 860.65 34.7084 24
3 862.092 36.1506 24
3 863.534 37.5927 24
3 864.985 39.0434 24
3 866.428 40.4866 24
3 867.871 41.93 24
3 869.322 43.3811 24
3 870.765 44.8235 24
3 872.206 46.2651 24
3 873.656 47.7147 24
3 875.099 49.158 24
3 876.543 50.6015 24
3 878 52.0588 24
3 879.443 53.5012 24
3 880.879 54.9373 24
3 882.335 56.3932 24
3 883.778 57.8367 24
3 885.229 59.2877 24
3 886.672 60.7304 24
3 888.114 62.1725 24
3 889.564 63.6227 24
3 891.007 65.0657 24
3 892.45 66.5084 24
3 893.901 67.9595 24
3 895.344 69.4027 24
3 896.786 70.8451 24
3 898.237 72.2954 24
3 899.682 73.7405 24
3 901.123 75.1815 24
3 902.58 76.639 24
3 904.023 78.0817 24
3 905.459 79.5177 24
3 906.914 80.9732 24
3 908.358 82.417 24
3 909.802 83.8605 24
3 911.253 85.3119 24
3 912.696 86.7547 24
3 914.138 88.1969 24
3 915.588 89.6465 24
3 917.031 91.0898 24
3 918.475 92.5333 24
3 919.926 93.9848 24
3 921.37 95.4282 24
3 922.812 96.871 24
3 924.262 98.3209 24
3 925.704 99.7631 24
3 927.147 101.206 24
3 928.605 102.663 24
3 930.047 104.106 24
3 931.49 105.549 24
3 932.94 106.999 24
3 934.382 108.441 24
3 935.833 109.892 24
3 937.276 111.335 24
3 938.719 112.778 24
3 940.169 114.228 24
3 941.611 115.67 24
3 943.054 117.113 24
3 944.506 118.565 24
3 945.949 120.008 24
3 947.393 121.452 24
3 948.85 122.909 24
3 950.287 124.345 24
3 951.729 125.788 24
3 953.186 127.245 24
3 954.629 128.688 24
3 956.073 130.131 24
3 957.523 131.582 24
3 958.965 133.024 24
3 960.408 134.466 24
3 961.858 135.917 24
3 963.302 137.36 24
3 964.745 138.804 24
3 966.196 140.254 24
3 967.638 141.697 24
3 969.08 143.139 24
3 970.531 144.59 24
3 971.975 146.033 24
3 973.418 147.476 24
3 974.874 148.932 24
3 976.309 150.368 24
3 977.752 151.81 24
3 979.208 153.267 24
3 980.652 154.711 24
3 982.095 156.154 24
3 983.546 157.604 24
3 984.987 159.046 24
3 986.438 160.496 24
3 987.881 161.939 24
3 989.324 163.383 24
3 990.776 164.835 24
3 992.219 166.278 24
3 993.661 167.72 24
3 995.111 169.17 24
3 996.554 170.613 24
3 997.998 172.057 24
3 999.456 173.514 24
3 1000.9 174.958 24
3 1002.34 176.401 24
3 1003.79 177.85 24
3 1005.23 179.293 24
3 1006.68 180.736 24
3 1008.13 182.188 24
3 1009.57 183.631 24
3 1011.02 185.075 24
3 1012.47 186.526 24
3 1013.91 187.969 24
3 1015.35 189.41 24
3 1016.8 190.862 24
3 1018.25 192.305 24
3 1019.69 193.749 24
3 1021.15 195.206 24
3 1022.58 196.641 24
3 1024.02 198.084 24
3 1025.48 199.54 24
3 1026.93 200.984 24
3 1028.38 202.435 24
3 1029.82 203.878 24
3 1031.26 205.319 24
3 1032.71 206.77 24
3 1034.15 208.214 24
3 1035.6 209.657 24
3 1037.05 211.107 24
3 1038.49 212.549 24
3 1039.93 213.992 24
3 1041.39 215.444 24
3 1042.83 216.887 24
3 1044.27 218.329 24
3 1045.72 219.78 24
3 1047.16 221.222 24
3 1048.61 222.665 24
3 1050.06 224.121 24
3 1051.5 225.558 24
3 1052.94 227.001 24
3 1054.4 228.457 24
3 1055.84 229.901 24
3 1057.29 231.344 24
3 1058.74 232.795 24
3 1060.18 234.238 24
3 1061.62 235.681 24
3 1063.07 237.132 24
3 1064.52 238.576 24
3 1065.96 240.019 24
3 1067.41 241.471 24
3 1068.86 242.915 24
3 1070.3 244.359 24
3 1071.75 245.809 24
3 1073.19 247.252 24
3 1074.64 248.694 24
3 1076.09 250.152 24
3 1077.54 251.595 24
3 1078.99 253.047 24
3 1080.43 254.491 24
3 1081.88 255.935 24
3 1083.33 257.385 24
3 1084.77 258.827 24
3 1086.21 260.27 24
3 1087.66 261.722 24
3 1089.11 263.166 24
3 1090.55 264.61 24
3 1092.01 266.067 24
3 1093.44 267.504 24
3 1094.89 268.946 24
3 1096.34 270.403 24
3 1097.79 271.847 24
3 1099.23 273.29 24
4 1100.68 6.6e-08 24
4 1102.13 1.44315 24
4 1103.57 2.88623 24
4 1105.02 4.33674 24
4 1106.46 5.77959 24
4 1107.91 7.22757 24
4 1109.36 8.67514 24
4 1110.8 10.1186 24
4 1112.24 11.5617 24
4 1113.69 13.0118 24
4 1115.14 14.4542 24
4 1116.58 15.8979 24
4 1118.04 17.3553 24
4 1119.48 18.7991 24
4 1120.93 20.2505 24
4 1122.38 21.6938 24
4 1123.82 23.1362 24
4 1125.27 24.5868 24
4 1126.71 26.0298 24
4 1128.16 27.4726 24
4 1129.61 28.9241 24
4 1131.05 30.3669 24
4 1132.49 31.8089 24
4 1133.94 33.2589 24
4 1135.39 34.7024 24
4 1136.83 36.1454 24
4 1138.29 37.603 24
4 1139.73 39.0463 24
4 1141.17 40.4827 24
4 1142.63 41.9428 24
4 1144.06 43.3816 24
4 1145.51 44.8251 24
4 1146.96 46.2766 24
4 1148.4 47.7197 24
4 1149.85 49.162 24
4 1151.29 50.6118 24
4 1152.74 52.0552 24
4 1154.18 53.4988 24
4 1155.63 54.9505 24
4 1157.08 56.3941 24
4 1158.52 57.8379 24
4 1159.97 59.2888 24
4 1161.41 60.7302 24
4 1162.86 62.173 24
4 1164.31 63.6304 24
4 1165.76 65.0738 24
4 1167.2 66.517 24
4 1168.65 67.9672 24
4 1170.09 69.4089 24
4 1171.54 70.8599 24
4 1172.99 72.3032 24
4 1174.43 73.7459 24
4 1175.88 75.1961 24
4 1177.32 76.6379 24
4 1178.76 78.0806 24
4 1180.22 79.5325 24
4 1181.66 80.9763 24
4 1183.1 82.419 24
4 1184.55 83.8694 24
4 1185.99 85.3118 24
4 1187.44 86.7548 24
4 1188.89 88.2119 24
4 1190.34 89.6554 24
4 1191.78 91.0989 24
4 1193.23 92.549 24
4 1194.67 93.991 24
4 1196.12 95.4341 24
4 1197.57 96.886 24
4 1199.01 98.3298 24
4 1200.46 99.7732 24
4 1201.91 101.223 24
4 1203.35 102.666 24
4 1204.79 104.109 24
4 1206.24 105.56 24
4 1207.69 107.003 24
4 1209.13 108.446 24
4 1210.58 109.897 24
4 1212.02 111.34 24
4 1213.47 112.782 24
4 1214.92 114.239 24
4 1216.37 115.683 24
4 1217.82 117.134 24
4 1219.26 118.576 24
4 1220.71 120.023 24
4 1222.15 121.469 24
4 1223.6 122.913 24
4 1225.04 124.356 24
4 1226.49 125.806 24
4 1227.93 127.248 24
4 1229.37 128.69 24
4 1230.82 130.14 24
4 1232.27 131.583 24
4 1233.71 133.025 24
4 1235.16 134.474 24
4 1236.6 135.916 24
4 1238.04 137.359 24
4 1239.5 138.816 24
4 1240.94 140.252 24
4 1242.38 141.693 24
4 1243.83 143.15 24
4 1245.28 144.592 24
4 1246.71 146.028 24
4 1248.17 147.483 24
4 1249.61 148.926 24
4 1251.05 150.37 24
4 1252.5 151.821 24
4 1253.95 153.263 24
4 1255.39 154.704 24
4 1256.84 156.156 24
4 1258.28 157.599 24
4 1259.73 159.043 24
4 1261.18 160.494 24
4 1262.62 161.936 24
4 1264.06 163.378 24
4 1265.51 164.829 24
4 1266.96 166.273 24
4 1268.4 167.716 24
4 1269.86 169.174 24
4 1271.3 170.617 24
4 1272.74 172.061 24
4 1274.19 173.512 24
4 1275.64 174.954 24
4 1277.09 176.405 24
4 1278.53 177.849 24
4 1279.98 179.292 24
4 1281.43 180.744 24
4 1282.87 182.187 24
4 1284.31 183.629 24
4 1285.76 185.079 24
4 1287.21 186.523 24
4 1288.65 187.967 24
4 1290.11 189.424 24
4 1291.55 190.868 24
4 1292.99 192.31 24
4 1294.44 193.76 24
4 1295.89 195.203 24
4 1297.33 196.647 24
4 1298.78 198.099 24
4 1300.23 199.542 24
4 1301.67 200.986 24
4 1303.12 202.436 24
4 1304.56 203.879 24
4 1306.01 205.322 24
4 1307.46 206.774 24
4 1308.9 208.217 24
4 1310.34 209.661 24
4 1311.8 211.118 24
4 1313.24 212.553 24
4 1314.68 213.996 24
4 1316.14 215.452 24
4 1317.58 216.896 24
4 1319.02 218.338 24
4 1320.47 219.787 24
4 1321.91 221.229 24
4 1323.36 222.68 24
4 1324.81 224.123 24
4 1326.25 225.565 24
4 1327.7 227.014 24
4 1329.14 228.458 24
4 1330.58 229.901 24
4 1332.03 231.35 24
4 1333.48 232.793 24
4 1334.92 234.235 24
4 1336.37 235.686 24
4 1337.81 237.13 24
4 1339.26 238.573 24
4 1340.71 240.031 24
4 1342.16 241.474 24
4 1343.59 242.911 24
4 1345.05 244.367 24
4 1346.49 245.81 24
4 1347.94 247.253 24
4 1349.39 248.705 24
4 1350.83 250.149 24
4 1352.28 251.592 24
4 1353.73 253.043 24
4 1355.17 254.485 24
4 1356.61 255.928 24
4 1358.06 257.379 24
4 1359.51 258.823 24
4 1360.95 260.266 24
4 1362.4 261.716 24
4 1363.84 263.158 24
4 1365.28 264.602 24
4 1366.74 266.06 24
4 1368.19 267.503 24
4 1369.64 268.955 24
4 1371.08 270.397 24
4 1372.52 271.839 24
4 1373.97 273.29 24
4 1375.42 274.734 24
4 1376.86 276.177 24
5 1378.31 1.2e-07 24
5 1379.75 1.44275 24
5 1381.2 2.88478 24
5 1382.65 4.33592 24
5 1384.09 5.77863 24
5 1385.53 7.22207 24
5 1386.99 8.67927 24
5 1388.43 10.1228 24
5 1389.88 11.566 24
5 1391.33 13.0162 24
5 1392.77 14.4583 24
5 1394.21 15.902 24
5 1395.67 17.3533 24
5 1397.11 18.7953 24
5 1398.55 20.2361 24
5 1400 21.6863 24
5 1401.44 23.1292 24
5 1402.88 24.5722 24
5 1404.34 26.0234 24
5 1405.78 27.4668 24
5 1407.22 28.9089 24
5 1408.67 30.3587 24
5 1410.11 31.8015 24
5 1411.56 33.2459 24
5 1413.02 34.7034 24
5 1414.46 36.1463 24
5 1415.9 37.5829 24
5 1417.35 39.0391 24
5 1418.79 40.4824 24
5 1420.25 41.9347 24
5 1421.69 43.3782 24
5 1423.13 44.8223 24
5 1424.59 46.2751 24
5 1426.03 47.7188 24
5 1427.47 49.1626 24
5 1428.93 50.6134 24
5 1430.37 52.0559 24
5 1431.81 53.4991 24
5 1433.27 54.9563 24
5 1434.71 56.3999 24
5 1436.16 57.8432 24
5 1437.61 59.2941 24
5 1439.05 60.7366 24
5 1440.49 62.1793 24
5 1441.94 63.6307 24
5 1443.39 65.0745 24
5 1444.83 66.5183 24
5 1446.28 67.97 24
5 1447.73 69.4134 24
5 1449.17 70.8571 24
5 1450.62 72.3081 24
5 1452.06 73.7507 24
5 1453.5 75.1928 24
5 1454.96 76.6503 24
5 1456.41 78.0942 24
5 1457.86 79.5461 24
5 1459.3 80.9894 24
5 1460.74 82.4318 24
5 1462.19 83.8822 24
5 1463.64 85.3253 24
5 1465.08 86.7692 24
5 1466.53 88.2208 24
5 1467.98 89.6635 24
5 1469.42 91.1064 24
5 1470.87 92.5569 24
5 1472.31 93.9999 24
5 1473.76 95.4437 24
5 1475.21 96.901 24
5 1476.66 98.3448 24
5 1478.1 99.7879 24
5 1479.55 101.238 24
5 1481 102.685 24
5 1482.44 104.124 24
5 1483.89 105.576 24
5 1485.33 107.02 24
5 1486.78 108.463 24
5 1488.23 109.92 24
5 1489.67 111.359 24
5 1491.11 112.801 24
5 1492.56 114.252 24
5 1494.01 115.695 24
5 1495.45 117.139 24
5 1496.91 118.597 24
5 1498.35 120.041 24
5 1499.8 121.493 24
5 1501.25 122.936 24
5 1502.69 124.379 24
5 1504.14 125.829 24
5 1505.58 127.272 24
5 1507.03 128.715 24
5 1508.48 130.167 24
5 1509.92 131.609 24
5 1511.36 133.051 24
5 1512.81 134.502 24
5 1514.26 135.945 24
5 1515.7 137.388 24
5 1517.16 138.845 24
5 1518.59 140.281 24
5 1520.04 141.723 24
5 1521.49 143.179 24
5 1522.93 144.622 24
5 1524.38 146.064 24
5 1525.83 147.514 24
5 1527.27 148.956 24
5 1528.71 150.399 24
5 1530.16 151.849 24
5 1531.6 153.29 24
5 1533.04 154.732 24
5 1534.49 156.183 24
5 1535.94 157.626 24
5 1537.38 159.067 24
5 1538.83 160.517 24
5 1540.27 161.96 24
5 1541.71 163.403 24
5 1543.17 164.853 24
5 1544.61 166.294 24
5 1546.05 167.737 24
5 1547.5 169.188 24
5 1548.94 170.63 24
5 1550.38 172.072 24
5 1551.83 173.523 24
5 1553.28 174.967 24
5 1554.72 176.41 24
5 1556.18 177.868 24
5 1557.62 179.311 24
5 1559.07 180.753 24
5 1560.52 182.204 24
5 1561.96 183.646 24
5 1563.41 185.103 24
5 1564.85 186.542 24
5 1566.3 187.986 24
5 1567.75 189.436 24
5 1569.19 190.877 24
5 1570.63 192.319 24
5 1572.08 193.77 24
5 1573.52 195.212 24
5 1574.97 196.654 24
5 1576.42 198.103 24
5 1577.86 199.546 24
5 1579.3 200.988 24
5 1580.75 202.437 24
5 1582.19 203.878 24
5 1583.63 205.321 24
5 1585.08 206.771 24
5 1586.52 208.212 24
5 1587.97 209.654 24
5 1589.42 211.111 24
5 1590.87 212.553 24
5 1592.3 213.99 24
5 1593.76 215.445 24
5 1595.2 216.888 24
5 1596.64 218.331 24
5 1598.09 219.781 24
5 1599.53 221.222 24
5 1600.98 222.664 24
5 1602.43 224.115 24
5 1603.87 225.557 24
5 1605.31 226.998 24
5 1606.76 228.449 24
5 1608.2 229.891 24
5 1609.65 231.333 24
5 1611.09 232.782 24
5 1612.54 234.226 24
5 1613.98 235.668 24
5 1615.43 237.118 24
5 1616.87 238.56 24
5 1618.32 240.003 24
5 1619.77 241.454 24
5 1621.21 242.897 24
5 1622.65 244.34 24
5 1624.1 245.789 24
5 1625.54 247.231 24
5 1626.99 248.674 24
5 1628.44 250.131 24
5 1629.88 251.567 24
5 1631.32 253.009 24
5 1632.78 254.464 24
5 1634.22 255.906 24
5 1635.65 257.341 24
5 1637.11 258.797 24
5 1638.55 260.24 24
5 1639.99 261.682 24
5 1641.44 263.132 24
5 1642.89 264.575 24
5 1644.34 266.026 24
5 1645.79 267.473 24
5 1647.22 268.912 24
5 1648.67 270.362 24
5 1650.12 271.805 24
5 1651.56 273.248 24
5 1653.02 274.705 24
5 1654.46 276.144 24
5 1655.9 277.588 24
6 1657.36 9.6e-08 24
6 1658.79 1.43677 24
6 1660.24 2.87959 24
6 1661.69 4.33653 24
6 1663.14 5.78 24
6 1664.58 7.2238 24
6 1666.03 8.67477 24
6 1667.47 10.1168 24
6 1668.92 11.5582 24
6 1670.37 13.0083 24
6 1671.81 14.4501 24
6 1673.25 15.8918 24
6 1674.7 17.3418 24
6 1676.14 18.7846 24
6 1677.59 20.2284 24
6 1679.04 21.6796 24
6 1680.48 23.1216 24
6 1681.92 24.5635 24
6 1683.37 26.0143 24
6 1684.81 27.4574 24
6 1686.26 28.9003 24
6 1687.71 30.3497 24
6 1689.15 31.7916 24
6 1690.59 33.2348 24
6 1692.05 34.6921 24
6 1693.49 36.1353 24
6 1694.93 37.5722 24
6 1696.39 39.029 24
6 1697.83 40.4729 24
6 1699.28 41.9249 24
6 1700.72 43.3677 24
6 1702.17 44.8109 24
6 1703.62 46.261 24
6 1705.06 47.7028 24
6 1706.5 49.146 24
6 1707.95 50.5979 24
6 1709.4 52.0418 24
6 1710.84 53.485 24
6 1712.29 54.9351 24
6 1713.73 56.3768 24
6 1715.18 57.8204 24
6 1716.63 59.2779 24
6 1718.08 60.7205 24
6 1719.51 62.1573 24
6 1720.97 63.6136 24
6 1722.41 65.0576 24
6 1723.86 66.5008 24
6 1725.31 67.951 24
6 1726.75 69.3934 24
6 1728.19 70.8351 24
6 1729.64 72.2863 24
6 1731.09 73.7283 24
6 1732.53 75.1721 24
6 1733.98 76.6236 24
6 1735.42 78.0664 24
6 1736.87 79.5083 24
6 1738.32 80.9602 24
6 1739.76 82.4034 24
6 1741.2 83.8466 24
6 1742.65 85.2971 24
6 1744.1 86.7385 24
6 1745.54 88.1817 24
6 1746.99 89.6378 24
6 1748.44 91.08 24
6 1749.87 92.5165 24
6 1751.33 93.9713 24
6 1752.77 95.4152 24
6 1754.22 96.8669 24
6 1755.67 98.31 24
6 1757.11 99.7526 24
6 1758.56 101.205 24
6 1760 102.646 24
6 1761.45 104.09 24
6 1762.9 105.542 24
6 1764.34 106.985 24
6 1765.79 108.428 24
6 1767.23 109.878 24
6 1768.68 111.321 24
6 1770.12 112.765 24
6 1771.58 114.223 24
6 1773.02 115.666 24
6 1774.46 117.103 24
6 1775.92 118.559 24
6 1777.36 120.003 24
6 1778.8 121.446 24
6 1780.25 122.897 24
6 1781.7 124.341 24
6 1783.14 125.783 24
6 1784.59 127.234 24
6 1786.03 128.677 24
6 1787.48 130.12 24
6 1788.93 131.571 24
6 1790.37 133.013 24
6 1791.81 134.455 24
6 1793.26 135.907 24
6 1794.71 137.35 24
6 1796.15 138.794 24
6 1797.61 140.252 24
7 1799.05 8.5e-08 24
7 1800.49 1.43654 24
7 1801.95 2.89288 24
7 1803.39 4.33552 24
7 1804.84 5.78737 24
7 1806.28 7.23021 24
7 1807.72 8.67219 24
7 1809.17 10.1223 24
7 1810.62 11.5651 24
7 1812.06 13.0077 24
7 1813.51 14.4578 24
7 1814.95 15.8993 24
7 1816.39 17.3417 24
7 1817.85 18.7935 24
7 1819.29 20.2363 24
7 1820.73 21.6777 24
7 1822.18 23.1268 24
7 1823.62 24.5698 24
7 1825.07 26.0129 24
7 1826.52 27.4701 24
7 1827.96 28.9067 24
7 1829.4 30.3496 24
7 1830.86 31.8065 24
7 1832.3 33.2498 24
7 1833.75 34.6935 24
7 1835.2 36.1449 24
7 1836.64 37.5893 24
7 1838.08 39.0292 24
7 1839.53 40.4787 24
7 1840.97 41.9219 24
7 1842.42 43.3649 24
7 1843.87 44.8151 24
7 1845.31 46.2566 24
7 1846.75 47.6999 24
7 1848.2 49.1518 24
7 1849.65 50.5958 24
7 1851.09 52.0373 24
7 1852.54 53.4863 24
7 1853.98 54.9281 24
7 1855.42 56.3699 24
7 1856.87 57.8204 24
7 1858.32 59.2636 24
7 1859.76 60.7069 24
7 1861.22 62.164 24
7 1862.65 63.5993 24
7 1864.09 65.0415 24
7 1865.55 66.4975 24
7 1866.99 67.9396 24
7 1868.43 69.3756 24
7 1869.88 70.8318 24
8 1871.33 4.3e-08 24
8 1872.78 1.45121 24
8 1874.22 2.89444 24
8 1875.66 4.33661 24
8 1877.11 5.78739 24
8 1878.56 7.23088 24
8 1880 8.67363 24
8 1881.45 10.1255 24
8 1882.9 11.5683 24
8 1884.34 13.0108 24
8 1885.79 14.4609 24
8 1887.23 15.9047 24
8 1888.68 17.3482 24
8 1890.13 18.8056 24
8 1891.58 20.2489 24
8 1893.01 21.6853 24
8 1894.47 23.1406 24
8 1895.91 24.5848 24
8 1897.36 26.0288 24
8 1898.81 27.4809 24
8 1900.25 28.9249 24
8 1901.7 30.3682 24
8 1903.15 31.8184 24
8 1904.59 33.2611 24
8 1906.03 34.7041 24
8 1907.48 36.1558 24
9 1908.93 7.9e-08 24
9 1910.37 1.4432 24
9 1911.82 2.89348 24
9 1913.26 4.33544 24
9 1914.71 5.77851 24
9 1916.16 7.23596 24
9 1917.61 8.67966 24
9 1919.06 10.1309 24
9 1920.5 11.574 24
9 1921.94 13.0157 24
9 1923.39 14.4671 24
9 1924.84 15.91 24
9 1926.28 17.3526 24
10 1927.73 8.9e-08 24
10 1929.17 1.4417 24
10 1930.61 2.88489 24
10 1932.07 4.33608 24
10 1933.51 5.77849 24
10 1934.95 7.22021 24
10 1936.4 8.67073 24
10 1937.84 10.1136 24
11 1939.29 7.2e-08 24
11 1940.74 1.45044 24
11 1942.18 2.89148 24
11 1943.62 4.33328 24
11 1945.08 5.7901 24.5
12 1946.52 6.8e-08 24.5
12 1947.96 1.43676 24.5
12 1949.41 2.89318 24.5
13 1950.85 6.9e-08 24.5
13 1952.3 1.44341 24.5
14 1953.75 6.4e-08 24.5
14 1955.19 1.44327 24.5
15 1956.63 6.5e-08 24.5
15 1958.08 1.45041 24.5
16 1959.53 6.5e-08 24.5
16 1960.97 1.44232 24.5
17 1962.42 1.4e-07 24.5
17 1963.86 1.44198 24.5
18 1965.3 8e-08 24.5
19 1966.75 1.09e-07 24.5
19 1968.2 1.44179 24.5
20 1969.64 7.7e-08 24.5
20 1971.09 1.45132 24.5
21 1972.53 7.5e-08 24.5
22 1973.98 6.7e-08 24.5
22 1975.43 1.45675 24.5
23 1976.87 6.5e-08 24.5
23 1978.31 1.44191 24.5
24 1979.77 1.44e-07 24.5
25 1981.21 6.8e-08 24.5
25 1982.65 1.44233 24.5
26 1984.1 6.1e-08 24.5
26 1985.54 1.44207 24.5
27 1987.7 1.7e-07 24.5
27 1989.14 1.44053 24.5
28 1992.38 1.63e-07 24.5
28 1993.81 1.43262 24.5
29 1999.37 1.69e-07 24.5
29 2000.82 1.44306 24.5
