0 3.34796 7.9e-08 23
0 6.23564 2.88768 23
0 7.69225 4.34429 23
0 9.13147 5.78351 23
0 10.5784 7.23042 22.5
0 12.0293 8.68133 23
0 13.4697 10.1217 23
0 14.9131 11.5651 22.5
0 16.3647 13.0167 23
0 17.808 14.46 23
0 19.2511 15.9031 23
0 20.7078 17.3599 23
0 22.1667 18.8187 23
0 23.6494 20.3015 23
0 25.0957 21.7478 23
0 26.539 23.1911 23
0 27.9966 24.6486 23
0 29.4554 26.1074 23
0 30.9261 27.5781 22.5
0 32.3697 29.0217 23
0 33.8186 30.4706 23
0 35.2859 31.9379 23
0 36.7292 33.3812 23
0 38.1912 34.8432 22.5
0 39.6511 36.3031 23
0 41.0945 37.7465 22.5
0 42.5557 39.2077 23
0 44.0155 40.6676 23
0 45.467 42.119 23
0 46.9209 43.573 23
0 48.3814 45.0335 23
0 49.8333 46.4854 23
0 51.2878 47.9398 23
0 52.7427 49.3947 22.5
0 54.1931 50.8451 23
0 55.6505 52.3026 22.5
0 57.1182 53.7702 23
0 58.5608 55.2129 23
0 60.0125 56.6645 23
0 61.4781 58.1302 22.5
0 62.9181 59.5702 22.5
0 64.37 61.022 23
0 65.814 62.466 23
0 67.2577 63.9098 23
0 68.7099 65.3619 22.5
0 70.1701 66.8221 23
0 71.614 68.266 23
0 73.0663 69.7184 23
0 74.5103 71.1623 23
0 75.9707 72.6227 22.5
0 77.4218 74.0739 22.5
0 78.8811 75.5331 22.5
0 80.3319 76.984 23
0 81.7745 78.4265 23
0 83.2166 79.8686 23
0 84.673 81.3251 22.5
0 86.1323 82.7843 22.5
0 87.5754 84.2275 23
0 89.0333 85.6853 23
0 90.4924 87.1445 23
0 91.9437 88.5958 22.5
0 93.3872 90.0393 22.5
0 94.8307 91.4828 22.5
0 96.2886 92.9407 23
0 97.7325 94.3845 23
0 99.1754 95.8274 23
0 100.627 97.2792 22.5
0 102.081 98.7332 22.5
0 103.525 100.177 23
0 104.982 101.634 23
0 106.425 103.077 23
0 107.877 104.529 22.5
0 109.325 105.977 22.5
0 110.768 107.42 23
0 112.218 108.87 23
0 113.66 110.312 23
0 115.103 111.755 23
0 116.561 113.213 23
0 118.004 114.656 22.5
0 119.463 116.115 22.5
0 120.914 117.566 23
0 122.356 119.008 23
0 123.797 120.449 23
0 125.254 121.906 22.5
0 126.708 123.36 22.5
0 128.159 124.811 23
0 129.604 126.256 23
0 131.047 127.699 23
0 132.505 129.157 22.5
0 133.948 130.6 23
0 135.392 132.044 22.5
0 136.844 133.496 23
0 138.288 134.94 23
0 139.731 136.383 22.5
0 141.204 137.856 22.5
0 142.645 139.297 22.5
0 144.095 140.747 23
0 145.538 142.19 23
0 146.981 143.633 23
0 148.448 145.1 22.5
0 149.892 146.544 22.5
0 151.336 147.988 23
0 152.787 149.439 23
0 154.231 150.883 23
0 155.675 152.327 22.5
0 157.126 153.778 23
0 158.569 155.221 22.5
0 160.023 156.675 22.5
0 161.473 158.125 23
0 162.916 159.568 23
0 164.366 161.019 23
0 165.81 162.462 22.5
0 167.258 163.91 22.5
0 168.708 165.36 23
0 170.151 166.803 23
0 171.593 168.245 23
0 173.049 169.701 22.5
0 174.493 171.145 22.5
0 175.936 172.588 23
0 177.387 174.039 23
0 178.841 175.493 23
0 180.285 176.937 22.5
0 181.742 178.394 23
0 183.186 179.838 23
0 184.637 181.289 23
0 186.086 182.739 23
0 187.529 184.181 23
0 188.978 185.63 23
0 190.421 187.073 22.5
0 191.865 188.517 23
0 193.321 189.973 23
0 194.765 191.417 23
0 196.208 192.86 23
0 197.67 194.322 22.5
0 199.113 195.765 23
0 200.557 197.209 23
0 202.014 198.666 23
0 203.458 200.11 23
0 204.914 201.566 23
0 206.355 203.007 22.5
0 207.797 204.449 23
0 209.248 205.9 23
0 210.691 207.344 23
0 212.135 208.787 23
0 213.592 210.244 22.5
0 215.035 211.687 23
0 216.479 213.131 23
0 217.93 214.582 23
0 219.384 216.036 23
0 220.827 217.479 23
0 222.285 218.937 23
0 223.738 220.39 23
0 225.19 221.842 23
0 226.633 223.285 23
0 228.077 224.729 23
0 229.534 226.186 23
0 230.977 227.629 23
0 232.42 229.072 23
0 233.871 230.523 23
0 235.313 231.965 23
0 236.755 233.407 23
0 238.215 234.867 23
0 239.658 236.31 23
0 241.102 237.754 23
0 242.56 239.212 23
0 244.004 240.656 23
0 245.46 242.112 23
0 246.904 243.556 23
0 248.348 245 23
0 249.806 246.458 23
0 251.249 247.901 23
1 252.693 8e-08 23
1 254.145 1.4521 23
1 255.589 2.89566 23
1 257.032 4.3391 23
1 258.484 5.79087 23
1 259.928 7.23441 23
1 261.372 8.67826 23
1 262.829 10.1358 23
1 264.288 11.5952 23
1 265.739 13.0455 23
1 267.181 14.4878 23
1 268.624 15.9305 23
1 270.081 17.3882 23
1 271.535 18.8413 23
1 272.978 20.2848 23
1 274.43 21.737 23
1 275.895 23.2019 23
1 277.344 24.6511 23
1 278.787 26.0937 23
1 280.231 27.5373 23
1 281.682 28.9882 23
1 283.142 30.4482 23
1 284.586 31.8923 23
1 286.037 33.3437 23
1 287.48 34.7869 23
1 288.924 36.2304 23
1 290.375 37.6815 23
1 291.819 39.1254 23
1 293.263 40.5693 23
1 294.734 42.0412 23
1 296.176 43.4832 23
1 297.627 44.9337 23
1 299.069 46.3761 23
1 300.513 47.8198 23
1 301.98 49.2869 23
1 303.423 50.7299 23
1 304.867 52.1738 23
1 306.319 53.6253 23
1 307.762 55.0689 23
1 309.206 56.5128 23
1 310.663 57.9697 23
1 312.107 59.4133 23
1 313.559 60.8654 23
1 315.002 62.3083 23
1 316.445 63.7517 23
1 317.897 65.2033 23
1 319.339 66.6462 23
1 320.798 68.1043 23
1 322.25 69.5563 23
1 323.693 71 23
1 325.137 72.4438 23
1 326.588 73.8949 23
1 328.032 75.339 23
1 329.476 76.7829 23
1 330.933 78.2396 23
1 332.377 79.6838 23
1 333.829 81.1356 23
1 335.282 82.5885 23
1 336.725 84.0318 23
1 338.183 85.4895 23
1 339.627 86.9333 23
1 341.07 88.3764 23
1 342.527 89.8334 23
1 343.969 91.276 23
1 345.411 92.7178 23
1 346.861 94.1682 23
1 348.304 95.6103 23
1 349.748 97.0544 23
1 351.205 98.5112 23
1 352.648 99.955 23
1 354.1 101.406 23
1 355.544 102.85 23
1 356.998 104.305 23
1 358.455 105.762 23
1 359.9 107.206 23
1 361.353 108.66 23
1 362.804 110.111 23
1 364.248 111.555 23
1 365.692 112.999 23
1 367.149 114.456 23
1 368.593 115.9 23
1 370.045 117.351 23
1 371.488 118.795 23
1 372.931 120.238 23
1 374.383 121.69 23
1 375.848 123.155 23
1 377.291 124.598 23
1 378.742 126.049 23
1 380.184 127.491 23
1 381.627 128.934 23
1 383.099 130.406 23
1 384.542 131.849 23
1 385.993 133.299 23
1 387.435 134.742 23
1 388.877 136.184 23
1 390.328 137.635 23
1 391.771 139.078 23
1 393.215 140.521 23
1 394.687 141.994 23
1 396.129 143.436 23
1 397.571 144.878 23
1 399.022 146.329 23
1 400.464 147.771 23
1 401.908 149.215 23
1 403.365 150.672 23
1 404.808 152.115 23
1 406.26 153.566 23
1 407.703 155.01 23
1 409.146 156.453 23
1 410.598 157.904 23
1 412.058 159.365 23
1 413.501 160.808 23
1 414.953 162.26 23
1 416.402 163.708 23
1 417.843 165.15 23
1 419.293 166.6 23
1 420.736 168.043 23
1 422.18 169.487 23
1 423.637 170.944 23
1 425.081 172.388 23
1 426.532 173.839 23
1 427.986 175.293 23
1 429.43 176.737 23
1 430.887 178.194 23
1 432.33 179.637 23
1 433.774 181.081 23
1 435.231 182.537 23
1 436.673 183.98 23
1 438.115 185.422 23
1 439.565 186.872 23
1 441.008 188.315 23
1 442.452 189.758 23
1 443.909 191.216 23
1 445.352 192.659 23
1 446.804 194.111 23
1 448.248 195.554 23
1 449.696 197.003 23
1 451.146 198.453 23
1 452.588 199.895 23
1 454.03 201.337 23
1 455.487 202.793 23
1 456.93 204.237 23
1 458.373 205.68 23
1 459.825 207.131 23
1 461.278 208.585 23
1 462.722 210.029 23
1 464.179 211.486 23
1 465.623 212.93 23
1 467.074 214.381 23
1 468.523 215.83 23
1 469.966 217.272 23
1 471.416 218.722 22.5
1 472.859 220.165 23
1 474.302 221.608 23
1 475.758 223.065 23
1 477.201 224.508 23
1 478.644 225.951 22.5
1 480.106 227.413 23
1 481.55 228.857 23
1 482.994 230.3 23
1 484.45 231.757 23
1 485.894 233.201 23
1 487.35 234.657 23
1 488.793 236.1 22.5
1 490.235 237.542 22.5
1 491.685 238.992 23
1 493.128 240.434 23
1 494.571 241.878 23
1 496.028 243.335 22.5
1 497.471 244.778 23
1 498.93 246.237 22.5
1 500.38 247.687 23
2 501.822 1.09e-07 23
2 503.264 1.44203 23
2 504.721 2.89868 23
2 506.174 4.35243 22.5
2 507.626 5.80422 23
2 509.069 7.24762 23
2 510.513 8.69114 23
2 511.97 10.1482 22.5
2 513.413 11.5914 22.5
2 514.856 13.0345 23
2 516.307 14.4856 23
2 517.75 15.9286 23
2 519.194 17.3725 23
2 520.645 18.8235 22.5
2 522.089 20.2671 23
2 523.533 21.711 22.5
2 524.99 23.168 23
2 526.433 24.6113 23
2 527.889 26.0675 23
2 529.332 27.5102 22.5
2 530.774 28.9521 22.5
2 532.24 30.4183 23
2 533.683 31.8612 23
2 535.126 33.3043 23
2 536.577 34.7554 22.5
2 538.021 36.1991 22.5
2 539.469 37.6471 23
2 540.926 39.1045 23
2 542.37 40.5483 23
2 543.832 42.01 22.5
2 545.276 43.4539 22.5
2 546.72 44.898 22.5
2 548.177 46.3556 23
2 549.622 47.7997 23
2 551.065 49.2435 23
2 552.517 50.6951 23
2 553.961 52.139 22.5
2 555.404 53.5826 23
2 556.856 55.0344 23
2 558.321 56.4991 23
2 559.77 57.9481 22.5
2 561.212 59.3905 22.5
2 562.656 60.8341 22.5
2 564.107 62.2854 22.5
2 565.567 63.745 23
2 567.01 65.1882 22.5
2 568.462 66.64 22.5
2 569.905 68.083 23
2 571.348 69.5263 22.5
2 572.8 70.9784 23
2 574.243 72.4212 23
2 575.686 73.8646 23
2 577.159 75.3375 22.5
2 578.603 76.7811 23
2 580.061 78.2388 23
2 581.505 79.6832 23
2 582.949 81.1269 23
2 584.406 82.5843 22.5
2 585.847 84.0253 22.5
2 587.291 85.4687 22.5
2 588.741 86.919 23
2 590.184 88.3624 23
2 591.627 89.8048 23
2 593.084 91.2618 22.5
2 594.527 92.7051 22.5
2 595.989 94.1668 23
2 597.432 95.6105 23
2 598.876 97.0541 23
2 600.332 98.5106 22.5
2 601.776 99.954 22.5
2 603.233 101.411 23
2 604.683 102.861 23
2 606.124 104.303 23
2 607.567 105.745 22.5
2 609.024 107.202 22.5
2 610.467 108.645 22.5
2 611.919 110.097 22.5
2 613.362 111.54 23
2 614.805 112.983 23
2 616.257 114.435 23
2 617.72 115.898 22.5
2 619.163 117.341 22.5
2 620.613 118.791 23
2 622.061 120.239 23
2 623.505 121.683 23
2 624.962 123.14 22.5
2 626.406 124.585 23
2 627.859 126.037 22.5
2 629.303 127.481 23
2 630.747 128.925 23
2 632.199 130.377 22.5
2 633.641 131.82 22.5
2 635.085 133.263 22.5
2 636.558 134.736 23
2 638.002 136.18 23
2 639.446 137.624 23
2 640.919 139.097 23
2 642.362 140.54 23
2 643.813 141.991 23
2 645.256 143.434 23
2 646.699 144.877 23
2 648.156 146.334 22.5
2 649.599 147.778 23
2 651.043 149.221 23
2 652.494 150.672 23
2 653.938 152.116 23
2 655.38 153.558 23
2 656.832 155.01 23
2 658.29 156.468 23
2 659.737 157.915 23
2 661.181 159.36 23
2 662.626 160.804 23
2 664.078 162.256 23
2 665.523 163.701 23
2 666.967 165.145 23
2 668.424 166.602 23
2 669.883 168.061 23
2 671.327 169.505 23
2 672.785 170.963 23
2 674.24 172.418 22.5
2 675.691 173.87 22.5
2 677.136 175.314 23
2 678.58 176.758 23
2 680.038 178.216 22.5
2 681.482 179.66 22.5
2 682.925 181.104 23
2 684.377 182.555 23
2 685.821 183.999 23
2 687.265 185.443 23
2 688.738 186.916 23
2 690.182 188.36 22.5
2 691.635 189.813 23
2 693.079 191.258 23
2 694.524 192.702 22.5
2 695.996 194.174 22.5
2 697.439 195.618 22.5
2 698.883 197.061 23
2 700.341 198.519 23
2 701.785 199.963 23
2 703.254 201.432 23
2 704.696 202.874 23
2 706.139 204.317 23
2 707.606 205.784 23
2 709.049 207.227 23
2 710.493 208.671 23
2 711.945 210.123 22.5
2 713.389 211.567 22.5
2 714.832 213.01 22.5
2 716.289 214.467 23
2 717.732 215.911 23
2 719.193 217.371 22.5
2 720.637 218.815 23
2 722.081 220.259 23
2 723.538 221.716 23
2 724.982 223.16 23
2 726.435 224.614 23
2 727.887 226.066 22.5
2 729.33 227.508 22.5
2 730.774 228.952 23
2 732.231 230.41 23
2 733.674 231.852 23
2 735.126 233.304 23
2 736.57 234.748 22.5
2 738.023 236.202 23
2 739.481 237.659 23
2 740.925 239.103 23
2 742.369 240.547 23
2 743.82 241.999 23
2 745.268 243.446 23
2 746.712 244.89 23
2 748.17 246.349 23
2 749.615 247.793 23
3 751.066 9.9e-08 23
3 752.51 1.44385 23
3 753.954 2.8873 23
3 755.405 4.33899 23
3 756.85 5.78322 23
3 758.293 7.22704 23
3 759.75 8.68373 23
3 761.194 10.1279 23
3 762.637 11.5703 23
3 764.088 13.022 23
3 765.532 14.466 23
3 766.98 15.9141 23
3 768.438 17.3717 23
3 769.882 18.8158 23
3 771.334 20.2675 23
3 772.778 21.7119 23
3 774.228 23.1614 23
3 775.678 24.612 23
3 777.12 26.0541 23
3 778.586 27.5192 23
3 780.038 28.9712 23
3 781.482 30.4158 23
3 782.927 31.8604 23
3 784.385 33.3191 23
3 785.84 34.7737 23
3 787.291 36.2247 23
3 788.735 37.6683 23
3 790.179 39.1123 23
3 791.636 40.5697 23
3 793.08 42.0138 23
3 794.523 43.4568 23
3 795.975 44.9088 23
3 797.429 46.363 23
3 798.874 47.8072 23
3 800.33 49.264 23
3 801.774 50.7081 23
3 803.226 52.1593 23
3 804.675 53.6086 23
3 806.118 55.0513 23
3 807.568 56.5021 23
3 809.011 57.9444 23
3 810.453 59.387 23
3 811.91 60.8437 23
3 813.354 62.2873 23
3 814.797 63.7308 23
3 816.259 65.1924 23
3 817.702 66.6361 23
3 819.147 68.0803 23
3 820.604 69.5379 23
3 822.048 70.9818 23
3 823.5 72.4333 23
3 824.943 73.8768 23
3 826.388 75.3215 23
3 827.839 76.7724 23
3 829.282 78.2161 23
3 830.726 79.6594 23
3 832.183 81.1166 23
3 833.643 82.5771 23
3 835.085 84.0186 23
3 836.535 85.4688 23
3 837.993 86.9264 23
3 839.444 88.3778 23
3 840.888 89.8216 23
3 842.332 91.2658 23
3 843.783 92.7171 23
3 845.227 94.1606 23
3 846.671 95.6043 23
3 848.127 97.0608 23
3 849.586 98.5195 23
3 851.027 99.9611 23
3 852.477 101.411 23
3 853.92 102.854 23
3 855.363 104.297 23
3 856.83 105.764 23
3 858.273 107.207 23
3 859.725 108.659 23
3 861.169 110.103 23
3 862.613 111.546 23
3 864.069 113.003 23
3 865.513 114.446 23
3 866.956 115.889 23
3 868.407 117.341 23
3 869.851 118.784 23
3 871.299 120.232 23
3 872.749 121.683 23
3 874.191 123.125 23
3 875.633 124.567 23
3 877.09 126.024 23
3 878.533 127.466 23
3 879.984 128.917 23
3 881.427 130.36 23
3 882.881 131.815 23
3 884.338 133.272 23
3 885.783 134.716 23
3 887.225 136.159 23
3 888.677 137.61 23
3 890.126 139.059 23
3 891.57 140.503 23
3 893.028 141.961 23
3 894.472 143.405 23
3 895.923 144.857 23
3 897.367 146.301 23
3 898.811 147.745 23
3 900.263 149.197 23
3 901.728 150.662 23
3 903.171 152.104 23
3 904.621 153.555 23
3 906.063 154.997 23
3 907.506 156.44 23
3 908.974 157.907 23
3 910.417 159.351 23
3 911.869 160.803 23
3 913.312 162.246 23
3 914.755 163.689 23
3 916.206 165.14 23
3 917.65 166.584 23
3 919.094 168.027 23
3 920.551 169.484 23
3 921.994 170.928 23
3 923.448 172.382 23
3 924.9 173.833 23
3 926.342 175.276 23
3 927.81 176.744 23
3 929.254 178.187 23
3 930.698 179.631 23
3 932.149 181.082 23
3 933.592 182.526 23
3 935.036 183.97 23
3 936.495 185.428 23
3 937.937 186.871 23
3 939.381 188.314 23
3 940.831 189.765 23
3 942.285 191.219 23
3 943.729 192.662 23
3 945.186 194.12 23
3 946.638 195.572 23
3 948.09 197.024 23
3 949.533 198.467 23
3 950.977 199.911 23
3 952.434 201.367 23
3 953.878 202.811 23
3 955.32 204.254 23
3 956.771 205.705 23
3 958.226 207.159 23
3 959.669 208.603 23
3 961.126 210.06 23
3 962.569 211.503 23
3 964.021 212.955 23
3 965.469 214.403 23
3 966.912 215.846 23
3 968.361 217.295 23
3 969.804 218.738 23
3 971.247 220.181 23
3 972.704 221.638 23
3 974.148 223.081 23
3 975.591 224.525 23
3 977.043 225.976 23
3 978.486 227.42 23
3 979.934 228.868 23
3 981.392 230.326 23
3 982.836 231.77 23
3 984.288 233.222 23
3 985.732 234.665 23
3 987.181 236.114 23
3 988.63 237.564 23
3 990.072 239.006 23
3 991.516 240.45 23
3 992.972 241.906 23
3 994.416 243.349 22.5
3 995.859 244.793 23
3 997.31 246.243 23
3 998.763 247.697 23
3 1000.21 249.14 23
4 1001.66 8.4e-08 23
4 1003.11 1.44355 23
4 1004.56 2.89543 23
4 1006.01 4.34356 23
4 1007.45 5.78787 23
4 1008.91 7.24608 22.5
4 1010.35 8.69013 22.5
4 1011.8 10.1343 23
4 1013.25 11.5866 23
4 1014.69 13.03 23
4 1016.14 14.4742 22.5
4 1017.59 15.9261 23
4 1019.03 17.3688 23
4 1020.48 18.8127 22.5
4 1021.93 20.2696 23
4 1023.38 21.7132 23
4 1024.83 23.1702 23
4 1026.28 24.6147 22.5
4 1027.72 26.0586 22.5
4 1029.18 27.5156 23
4 1030.62 28.9596 23
4 1032.08 30.4141 23
4 1033.53 31.8657 22.5
4 1034.97 33.3092 22.5
4 1036.42 34.7529 22.5
4 1037.87 36.2107 23
4 1039.33 37.6697 23
4 1040.78 39.1197 22.5
4 1042.23 40.5618 23
4 1043.69 42.0258 23
4 1045.14 43.4774 23
4 1046.58 44.9212 23
4 1048.03 46.3653 23
4 1049.49 47.8229 22.5
4 1050.93 49.2673 22.5
4 1052.38 50.7186 23
4 1053.83 52.1626 23
4 1055.27 53.6064 23
4 1056.72 55.0585 22.5
4 1058.19 56.5233 22.5
4 1059.63 57.9661 22.5
4 1061.08 59.4165 23
4 1062.52 60.8578 23
4 1063.96 62.301 23
4 1065.43 63.7673 22.5
4 1066.87 65.2101 23
4 1068.32 66.6617 23
4 1069.77 68.1046 23
4 1071.21 69.5478 23
4 1072.66 70.9986 23
4 1074.11 72.4419 22.5
4 1075.55 73.886 23
4 1077.01 75.3432 23
4 1078.45 76.7853 23
4 1079.9 78.2392 22.5
4 1081.35 79.6902 22.5
4 1082.8 81.1325 22.5
4 1084.24 82.5761 22.5
4 1085.7 84.0334 23
4 1087.14 85.4753 23
4 1088.59 86.9267 23
4 1090.03 88.3697 22.5
4 1091.49 89.8232 23
4 1092.94 91.2799 23
4 1094.39 92.7242 23
4 1095.83 94.1667 23
4 1097.28 95.6181 22.5
4 1098.73 97.0667 23
4 1100.17 98.5104 23
4 1101.63 99.9684 23
4 1103.08 101.412 23
4 1104.53 102.864 23
4 1105.97 104.308 22.5
4 1107.41 105.751 22.5
4 1108.87 107.203 23
4 1110.33 108.667 23
4 1111.77 110.108 23
4 1113.22 111.558 23
4 1114.66 113.001 22.5
4 1116.11 114.444 23
4 1117.58 115.912 23
4 1119.02 117.355 23
4 1120.47 118.807 23
4 1121.91 120.25 22.5
4 1123.36 121.693 22.5
4 1124.81 123.144 23
4 1126.25 124.588 23
4 1127.7 126.032 22.5
4 1129.17 127.505 23
4 1130.61 128.947 23
4 1132.05 130.389 23
4 1133.5 131.839 23
4 1134.94 133.281 23
4 1136.42 134.754 23
4 1137.86 136.196 22.5
4 1139.3 137.638 22.5
4 1140.75 139.088 23
4 1142.19 140.531 23
4 1143.64 141.974 23
4 1145.09 143.431 22.5
4 1146.54 144.874 23
4 1147.98 146.318 23
4 1149.43 147.769 23
4 1150.89 149.223 23
4 1152.33 150.666 23
4 1153.79 152.123 23
4 1155.24 153.582 22.5
4 1156.69 155.031 23
4 1158.14 156.473 23
4 1159.58 157.916 23
4 1161.04 159.373 22.5
4 1162.48 160.816 23
4 1163.92 162.259 23
4 1165.37 163.711 23
4 1166.82 165.155 23
4 1168.26 166.598 22.5
4 1169.73 168.07 22.5
4 1171.18 169.512 23
4 1172.63 170.962 23
4 1174.07 172.405 23
4 1175.51 173.848 23
4 1176.98 175.316 23
4 1178.42 176.76 22.5
4 1179.87 178.203 23
4 1181.32 179.655 23
4 1182.76 181.098 23
4 1184.2 182.542 23
4 1185.66 183.993 23
4 1187.1 185.436 22.5
4 1188.57 186.908 23
4 1190.02 188.352 23
4 1191.46 189.796 23
4 1192.92 191.254 23
4 1194.36 192.697 22.5
4 1195.81 194.152 22.5
4 1197.27 195.603 23
4 1198.71 197.047 23
4 1200.15 198.491 23
4 1201.61 199.949 22.5
4 1203.06 201.393 23
4 1204.51 202.845 23
4 1205.95 204.288 23
4 1207.39 205.731 23
4 1208.85 207.182 22.5
4 1210.3 208.642 22.5
4 1211.75 210.085 22.5
4 1213.2 211.536 23
4 1214.64 212.98 23
4 1216.09 214.423 22.5
4 1217.54 215.875 23
4 1218.98 217.317 22.5
4 1220.42 218.761 23
4 1221.9 220.234 23
4 1223.34 221.678 23
4 1224.8 223.135 22.5
4 1226.24 224.579 22.5
4 1227.69 226.023 23
4 1229.14 227.48 23
4 1230.59 228.922 23
4 1232.03 230.365 23
4 1233.48 231.816 22.5
4 1234.92 233.259 23
4 1236.37 234.702 23
4 1237.82 236.16 23
4 1239.27 237.603 23
4 1240.72 239.055 23
4 1242.16 240.498 22.5
4 1243.61 241.951 22.5
4 1245.07 243.408 23
4 1246.51 244.851 23
4 1247.97 246.31 23
4 1249.42 247.76 23
4 1250.86 249.202 22.5
5 1252.31 9.1e-08 23
5 1253.76 1.45687 23
5 1255.21 2.89942 23
5 1256.66 4.35104 23
5 1258.1 5.7941 22.5
5 1259.55 7.23758 23
5 1261 8.68876 23
5 1262.44 10.1322 23
5 1263.88 11.576 23
5 1265.34 13.0323 23
5 1266.78 14.4755 23
5 1268.23 15.9189 23
5 1269.68 17.3758 23
5 1271.13 18.8189 23
5 1272.57 20.2624 23
5 1274.02 21.7129 23
5 1275.46 23.1542 23
5 1276.93 24.6201 23
5 1278.37 26.0632 23
5 1279.81 27.5066 23
5 1281.29 28.9787 23
5 1282.73 30.4202 23
5 1284.17 31.8626 23
5 1285.62 33.3131 23
5 1287.06 34.7565 23
5 1288.51 36.2045 23
5 1289.96 37.6549 23
5 1291.4 39.0962 23
5 1292.85 40.5382 23
5 1294.3 41.9944 23
5 1295.75 43.4373 23
5 1297.2 44.8885 23
5 1298.64 46.3318 23
5 1300.09 47.7856 23
5 1301.55 49.2425 23
5 1302.99 50.6856 23
5 1304.44 52.1296 23
5 1305.89 53.5816 23
5 1307.34 55.0308 23
5 1308.78 56.4747 23
5 1310.24 57.9323 23
5 1311.68 59.376 23
5 1313.14 60.8276 23
5 1314.58 62.2716 23
5 1316.02 63.7152 23
5 1317.47 65.1671 23
5 1318.92 66.6102 23
5 1320.36 68.0534 23
5 1321.83 69.5264 23
5 1323.28 70.9683 23
5 1324.72 72.4106 23
5 1326.18 73.8771 23
5 1327.63 75.3208 23
5 1329.08 76.772 23
5 1330.52 78.2153 23
5 1331.97 79.6587 23
5 1333.42 81.1098 23
5 1334.86 82.5538 23
5 1336.31 83.9975 23
5 1337.76 85.454 23
5 1339.21 86.8976 23
5 1340.66 88.3557 23
5 1342.11 89.8054 23
5 1343.56 91.2476 23
5 1345 92.6904 23
5 1346.45 94.1472 23
5 1347.91 95.6004 23
5 1349.36 97.0519 23
5 1350.8 98.4956 23
5 1352.25 99.94 23
5 1353.7 101.397 23
5 1355.15 102.84 23
5 1356.59 104.284 23
5 1358.04 105.735 23
5 1359.5 107.188 23
5 1360.94 108.632 23
5 1362.4 110.088 23
5 1363.84 111.532 23
5 1365.29 112.983 23
5 1366.74 114.433 23
5 1368.18 115.877 23
5 1369.64 117.335 23
5 1371.09 118.779 23
5 1372.53 120.223 23
5 1373.98 121.675 23
5 1375.43 123.119 23
5 1376.87 124.563 23
5 1378.32 126.015 23
5 1379.77 127.459 23
5 1381.22 128.914 23
5 1382.67 130.364 23
5 1384.11 131.807 23
5 1385.57 133.263 23
5 1387.01 134.707 23
5 1388.46 136.151 23
5 1389.92 137.609 23
5 1391.36 139.053 23
5 1392.81 140.497 23
5 1394.26 141.95 23
5 1395.7 143.394 23
5 1397.15 144.838 23
5 1398.6 146.29 23
5 1400.06 147.755 23
5 1401.51 149.207 23
5 1402.96 150.65 23
5 1404.4 152.094 23
5 1405.86 153.553 23
5 1407.31 155.007 23
5 1408.76 156.451 23
5 1410.21 157.904 23
5 1411.66 159.348 23
5 1413.1 160.793 23
5 1414.56 162.25 23
5 1416 163.695 23
5 1417.45 165.147 23
5 1418.9 166.59 23
5 1420.34 168.034 23
5 1421.81 169.501 23
5 1423.25 170.945 23
5 1424.7 172.389 23
5 1426.15 173.841 23
5 1427.59 175.284 23
5 1429.04 176.728 23
5 1430.49 178.179 23
5 1431.93 179.623 23
5 1433.4 181.095 23
5 1434.85 182.54 23
5 1436.29 183.984 23
5 1437.75 185.441 23
5 1439.19 186.886 23
5 1440.65 188.34 23
5 1442.1 189.793 23
5 1443.54 191.237 23
5 1444.99 192.681 23
5 1446.45 194.138 23
5 1447.89 195.582 23
5 1449.34 197.034 23
5 1450.79 198.478 23
5 1452.24 199.932 23
5 1453.7 201.39 23
5 1455.14 202.834 23
5 1456.59 204.278 23
5 1458.04 205.729 23
5 1459.49 207.178 23
5 1460.93 208.622 23
5 1462.39 210.08 23
5 1463.83 211.524 23
5 1465.28 212.976 23
5 1466.73 214.42 23
5 1468.17 215.864 23
5 1469.62 217.316 23
5 1471.09 218.781 23
5 1472.53 220.225 23
5 1473.98 221.675 23
5 1475.43 223.119 23
5 1476.87 224.563 23
5 1478.34 226.029 23
5 1479.78 227.473 23
5 1481.23 228.925 23
5 1482.68 230.369 23
5 1484.12 231.813 23
5 1485.57 233.265 23
5 1487.02 234.709 23
5 1488.46 236.154 23
5 1489.92 237.61 23
5 1491.36 239.054 23
5 1492.82 240.514 23
5 1494.28 241.971 23
5 1495.72 243.415 23
5 1497.19 244.878 23
5 1498.63 246.323 23
5 1500.07 247.767 23
5 1501.53 249.225 23
5 1502.98 250.67 23
5 1504.42 252.114 23
5 1505.87 253.567 23
6 1507.32 1.15e-07 23
6 1508.76 1.44447 23
6 1510.22 2.89684 23
6 1511.66 4.34099 23
6 1513.11 5.79128 23
6 1514.56 7.24328 23
6 1516 8.68611 23
6 1517.46 10.1368 23
6 1518.91 11.5895 23
6 1520.35 13.0334 23
6 1521.81 14.4908 23
6 1523.26 15.9454 23
6 1524.71 17.3891 23
6 1526.16 18.8413 23
6 1527.6 20.2844 23
6 1529.05 21.7284 23
6 1530.52 23.2005 23
6 1531.96 24.6424 23
6 1533.41 26.0928 23
6 1534.85 27.5354 23
6 1536.3 28.979 23
6 1537.76 30.4457 23
6 1539.21 31.8891 23
6 1540.65 33.3327 23
6 1542.1 34.7845 23
6 1543.55 36.2287 23
6 1544.99 37.6729 23
6 1546.45 39.1302 23
6 1547.89 40.5734 23
6 1549.35 42.0349 23
6 1550.8 43.4788 23
6 1552.24 44.9228 23
6 1553.7 46.3801 23
6 1555.14 47.8238 23
6 1556.6 49.2833 23
6 1558.05 50.7336 23
6 1559.49 52.1759 23
6 1560.94 53.6187 23
6 1562.39 55.0755 23
6 1563.84 56.5195 23
6 1565.29 57.972 23
6 1566.73 59.4151 23
6 1568.18 60.8643 23
6 1569.64 62.3223 23
6 1571.09 63.7665 23
6 1572.53 65.2106 23
6 1573.98 66.6632 23
6 1575.43 68.1127 23
6 1576.87 69.5547 23
6 1578.32 71.0051 23
6 1579.77 72.4483 23
6 1581.21 73.8918 23
6 1582.67 75.3484 23
6 1584.11 76.7923 23
6 1585.56 78.244 23
6 1587.01 79.6877 23
6 1588.45 81.1313 23
6 1589.92 82.6029 23
6 1591.36 84.0443 23
6 1592.81 85.4867 23
6 1594.26 86.9426 23
6 1595.71 88.3865 23
6 1597.15 89.8308 23
6 1598.61 91.2892 23
6 1600.05 92.7332 23
6 1601.5 94.1852 23
6 1602.95 95.629 23
6 1604.39 97.0725 23
6 1605.84 98.5243 23
6 1607.29 99.9676 23
6 1608.75 101.432 23
6 1610.2 102.882 23
6 1611.64 104.324 23
6 1613.09 105.772 23
6 1614.54 107.222 23
6 1615.98 108.665 23
6 1617.43 110.108 23
6 1618.88 111.564 23
6 1620.33 113.007 23
6 1621.78 114.459 23
6 1623.22 115.901 23
6 1624.66 117.344 23
6 1626.11 118.795 23
6 1627.56 120.239 23
6 1629 121.683 23
6 1630.47 123.15 23
6 1631.91 124.594 23
6 1633.36 126.037 23
6 1634.81 127.489 23
6 1636.25 128.933 23
6 1637.69 130.375 23
6 1639.15 131.832 23
6 1640.59 133.275 23
6 1642.06 134.737 23
6 1643.5 136.181 23
6 1644.94 137.625 23
6 1646.4 139.081 23
6 1647.84 140.524 23
6 1649.3 141.983 23
6 1650.75 143.433 23
6 1652.19 144.876 23
6 1653.64 146.318 23
6 1655.09 147.774 23
6 1656.54 149.217 23
6 1657.99 150.669 23
6 1659.43 152.111 23
6 1660.88 153.565 23
6 1662.34 155.022 23
6 1663.78 156.466 23
6 1665.23 157.909 23
6 1666.68 159.36 23
6 1668.13 160.808 23
6 1669.57 162.25 23
6 1671.02 163.699 23
6 1672.46 165.142 23
6 1673.9 166.585 23
6 1675.36 168.042 23
6 1676.8 169.485 23
6 1678.26 170.936 23
6 1679.71 172.39 23
6 1681.15 173.833 23
6 1682.61 175.291 23
6 1684.05 176.734 23
6 1685.5 178.177 23
6 1686.95 179.634 23
6 1688.4 181.078 23
6 1689.84 182.52 23
6 1691.29 183.97 23
6 1692.73 185.412 23
6 1694.18 186.863 23
6 1695.63 188.315 23
6 1697.08 189.757 23
6 1698.53 191.207 23
6 1699.97 192.65 23
6 1701.42 194.104 23
6 1702.88 195.561 23
6 1704.32 197.004 23
6 1705.78 198.463 23
6 1707.23 199.913 23
6 1708.67 201.355 23
6 1710.12 202.796 23
6 1711.57 204.254 23
6 1713.01 205.696 23
6 1714.47 207.148 23
6 1715.93 208.606 23
6 1717.36 210.043 23
6 1718.82 211.501 23
6 1720.27 212.954 23
6 1721.72 214.398 23
6 1723.17 215.85 23
6 1724.61 217.294 23
6 1726.05 218.736 23
6 1727.51 220.193 23
6 1728.96 221.636 23
6 1730.41 223.088 23
6 1731.86 224.542 23
6 1733.3 225.985 23
6 1734.76 227.442 23
6 1736.2 228.886 23
6 1737.65 230.329 23
6 1739.1 231.785 23
6 1740.55 233.229 23
6 1741.99 234.673 23
6 1743.45 236.131 23
6 1744.89 237.576 23
6 1746.35 239.028 23
6 1747.79 240.471 23
6 1749.23 241.915 23
6 1750.71 243.388 23
6 1752.15 244.83 23
6 1753.59 246.272 23
6 1755.04 247.722 23
6 1756.48 249.165 23
6 1757.93 250.609 23
6 1759.38 252.059 23
6 1760.82 253.502 23
6 1762.26 254.945 23
6 1763.72 256.401 23
6 1765.16 257.845 23
6 1766.62 259.297 23
7 1768.06 9.6e-08 23
7 1769.5 1.44377 23
7 1770.95 2.89564 23
7 1772.4 4.33757 23
7 1773.84 5.78164 23
7 1775.3 7.23842 23
7 1776.74 8.68124 23
7 1778.18 10.1244 23
7 1779.64 11.5856 23
7 1781.09 13.0292 23
7 1782.53 14.4731 23
7 1784 15.9412 23
7 1785.44 17.3845 23
7 1786.89 18.8355 23
7 1788.34 20.2789 23
7 1789.78 21.7232 23
7 1791.25 23.1958 23
7 1792.7 24.6397 23
7 1794.14 26.084 23
7 1795.62 27.5571 23
7 1797.06 29.0001 23
7 1798.51 30.4519 23
7 1799.95 31.8943 23
7 1801.4 33.338 23
7 1802.85 34.7954 23
7 1804.3 36.2385 23
7 1805.74 37.682 23
7 1807.19 39.1335 23
7 1808.64 40.5772 23
7 1810.08 42.0254 23
7 1811.54 43.4824 23
7 1812.98 44.9254 23
7 1814.44 46.3857 23
7 1815.89 47.8282 23
7 1817.33 49.2719 23
7 1818.78 50.7224 23
7 1820.22 52.1663 23
7 1821.67 53.6101 23
7 1823.13 55.0669 23
7 1824.57 56.5105 23
7 1826.01 57.9536 23
7 1827.46 59.4042 23
7 1828.92 60.8581 23
7 1830.36 62.302 23
7 1831.82 63.7598 23
7 1833.26 65.203 23
7 1834.71 66.6539 23
7 1836.16 68.0977 23
7 1837.6 69.5409 23
7 1839.05 70.992 23
7 1840.49 72.4345 23
7 1841.94 73.8784 23
7 1843.39 75.3361 23
7 1844.84 76.7796 23
7 1846.28 78.2225 23
7 1847.74 79.6829 23
7 1849.18 81.1264 23
7 1850.63 82.5703 23
7 1852.09 84.0279 23
7 1853.53 85.4717 23
7 1854.99 86.927 23
7 1856.43 88.3708 23
7 1857.87 89.8149 23
7 1859.33 91.273 23
7 1860.78 92.7173 23
7 1862.22 94.1612 23
7 1863.67 95.6132 23
7 1865.12 97.0572 23
7 1866.56 98.5008 23
7 1868.01 99.9523 23
7 1869.48 101.418 23
7 1870.93 102.87 23
7 1872.37 104.315 23
7 1873.82 105.759 23
7 1875.27 107.217 23
7 1876.73 108.671 23
7 1878.17 110.114 23
7 1879.62 111.566 23
7 1881.07 113.01 23
7 1882.51 114.455 23
7 1883.97 115.913 23
7 1885.41 117.356 23
7 1886.87 118.807 23
7 1888.32 120.261 23
7 1889.76 121.704 23
7 1891.22 123.162 23
7 1892.66 124.605 23
7 1894.11 126.048 23
7 1895.56 127.505 23
7 1897.01 128.95 23
7 1898.45 130.394 23
7 1899.91 131.852 23
7 1901.36 133.297 23
7 1902.81 134.749 23
7 1904.25 136.193 23
7 1905.7 137.637 23
7 1907.15 139.088 23
7 1908.59 140.531 23
7 1910.05 141.995 23
7 1911.5 143.447 23
7 1912.95 144.891 23
7 1914.4 146.34 23
7 1915.86 147.797 23
7 1917.3 149.24 23
7 1918.75 150.691 23
7 1920.19 152.136 23
7 1921.64 153.58 23
7 1923.09 155.03 23
7 1924.53 156.473 23
7 1925.97 157.916 23
7 1927.43 159.373 23
7 1928.89 160.832 23
7 1930.33 162.274 23
7 1931.78 163.724 23
7 1933.25 165.187 23
7 1934.7 166.639 23
7 1936.14 168.083 23
7 1937.59 169.527 23
7 1939.04 170.985 23
7 1940.49 172.429 23
7 1941.93 173.874 23
7 1943.38 175.326 23
7 1944.83 176.77 23
7 1946.27 178.215 23
7 1947.75 179.688 23
7 1949.19 181.131 23
7 1950.64 182.582 23
7 1952.08 184.027 23
7 1953.53 185.471 23
7 1955 186.945 23
7 1956.45 188.388 23
7 1957.89 189.832 23
7 1959.34 191.284 23
7 1960.79 192.728 23
7 1962.23 194.171 23
7 1963.69 195.629 23
7 1965.13 197.071 23
7 1966.59 198.534 23
7 1968.04 199.977 23
7 1969.48 201.421 23
7 1970.94 202.879 23
7 1972.38 204.323 23
7 1973.83 205.775 23
7 1975.29 207.227 23
7 1976.73 208.67 23
7 1978.17 210.113 23
7 1979.63 211.571 23
7 1981.07 213.015 23
7 1982.53 214.467 23
7 1983.97 215.91 23
7 1985.42 217.364 23
7 1986.88 218.821 23
7 1988.32 220.264 23
7 1989.77 221.707 23
7 1991.22 223.158 23
7 1992.66 224.606 23
7 1994.11 226.051 23
7 1995.57 227.508 23
7 1997.01 228.953 23
7 1998.46 230.405 23
7 1999.91 231.849 23
7 2001.35 233.293 23
7 2002.8 234.746 23
7 2004.27 236.211 23
7 2005.71 237.655 23
7 2007.17 239.107 23
7 2008.61 240.551 23
7 2010.05 241.995 23
7 2011.53 243.469 23
7 2012.97 244.912 23
7 2014.42 246.364 23
7 2015.86 247.807 23
7 2017.31 249.25 23
7 2018.77 250.707 23
7 2020.21 252.151 23
7 2021.65 253.594 23
7 2023.1 255.045 23
7 2024.55 256.49 23
7 2026 257.938 23
7 2027.45 259.396 23
7 2028.9 260.84 23
8 2030.36 6.4e-08 23
8 2031.81 1.44406 23
8 2033.25 2.88824 23
8 2034.71 4.34658 23
8 2036.15 5.79066 23
8 2037.6 7.23408 23
8 2039.05 8.6863 23
8 2040.49 10.1306 23
8 2041.94 11.575 23
8 2043.39 13.0262 23
8 2044.83 14.4703 23
8 2046.28 15.9145 23
8 2047.73 17.3719 23
8 2049.18 18.8156 23
8 2050.63 20.2667 23
8 2052.08 21.7151 23
8 2053.52 23.1575 23
8 2054.97 24.6071 23
8 2056.41 26.0494 23
8 2057.85 27.4931 23
8 2059.32 28.9603 23
8 2060.77 30.4042 23
8 2062.21 31.8475 23
8 2063.68 33.321 23
8 2065.13 34.7649 23
8 2066.58 36.2168 23
8 2068.02 37.6609 23
8 2069.47 39.1052 23
8 2070.94 40.5783 23
8 2072.38 42.0209 23
8 2073.82 43.4634 23
8 2075.28 44.9153 23
8 2076.72 46.3583 23
8 2078.16 47.8021 23
8 2079.62 49.2592 23
8 2081.06 50.7028 23
8 2082.52 52.1546 23
8 2083.96 53.5976 23
8 2085.41 55.0465 23
8 2086.86 56.5038 23
8 2088.31 57.948 23
8 2089.75 59.3922 23
8 2091.21 60.8444 23
8 2092.65 62.2885 23
8 2094.09 63.7328 23
8 2095.55 65.1849 23
8 2097.01 66.6499 23
8 2098.46 68.0991 23
8 2099.9 69.5423 23
8 2101.35 70.986 23
8 2102.8 72.4372 23
8 2104.26 73.9022 23
8 2105.71 75.3452 23
8 2107.16 76.7958 23
8 2108.6 78.2374 23
8 2110.04 79.68 23
8 2111.49 81.1314 23
8 2112.94 82.5744 23
8 2114.38 84.0179 23
8 2115.85 85.4902 23
8 2117.29 86.9321 23
8 2118.74 88.3829 23
8 2120.19 89.8253 23
8 2121.63 91.2688 23
8 2123.1 92.7366 23
8 2124.54 94.1803 23
8 2125.98 95.6234 23
8 2127.44 97.0749 23
8 2128.88 98.5184 23
8 2130.32 99.9623 23
8 2131.78 101.42 23
8 2133.22 102.863 23
8 2134.69 104.325 23
8 2136.13 105.768 23
8 2137.57 107.212 23
8 2139.03 108.67 23
8 2140.47 110.113 23
8 2141.93 111.568 23
8 2143.38 113.02 23
8 2144.82 114.463 23
8 2146.27 115.907 23
8 2147.73 117.365 23
8 2149.17 118.809 23
8 2150.62 120.261 23
8 2152.07 121.705 23
8 2153.51 123.148 23
8 2154.96 124.599 23
8 2156.43 126.065 23
8 2157.87 127.507 23
8 2159.32 128.957 23
8 2160.77 130.405 23
8 2162.21 131.849 23
8 2163.67 133.307 23
8 2165.11 134.751 23
8 2166.56 136.203 23
8 2168.01 137.646 23
8 2169.45 139.09 23
8 2170.9 140.542 23
8 2172.37 142.007 23
8 2173.81 143.449 23
8 2175.26 144.899 23
8 2176.7 146.342 23
8 2178.15 147.786 23
8 2179.62 149.258 23
8 2181.06 150.699 23
8 2182.51 152.15 23
8 2183.95 153.593 23
8 2185.4 155.036 23
8 2186.85 156.487 23
8 2188.29 157.93 23
8 2189.73 159.374 23
8 2191.19 160.831 23
8 2192.64 162.274 23
8 2194.09 163.733 23
8 2195.54 165.182 23
8 2196.99 166.624 23
8 2198.43 168.068 23
8 2199.89 169.525 23
8 2201.34 170.979 23
8 2202.79 172.431 23
8 2204.24 173.874 23
8 2205.68 175.318 23
8 2207.14 176.776 23
8 2208.58 178.219 23
8 2210.02 179.662 23
8 2211.48 181.114 23
8 2212.93 182.569 23
8 2214.37 184.013 23
8 2215.83 185.47 23
8 2217.27 186.913 23
8 2218.73 188.365 23
8 2220.17 189.813 23
8 2221.62 191.257 23
8 2223.08 192.715 23
8 2224.52 194.159 23
8 2225.96 195.603 23
8 2227.42 197.055 23
8 2228.86 198.499 23
8 2230.3 199.943 23
8 2231.76 201.395 23
8 2233.2 202.839 23
8 2234.66 204.294 23
8 2236.1 205.744 23
8 2237.55 207.186 23
8 2239 208.642 23
8 2240.45 210.085 23
8 2241.89 211.527 23
8 2243.34 212.977 23
8 2244.78 214.42 23
8 2246.22 215.863 23
8 2247.68 217.32 23
8 2249.12 218.763 23
8 2250.57 220.206 23
8 2252.02 221.658 23
8 2253.47 223.112 23
8 2254.92 224.555 23
8 2256.37 226.012 23
8 2257.82 227.455 23
8 2259.27 228.906 23
8 2260.72 230.355 23
8 2262.16 231.797 23
8 2263.61 233.246 23
8 2265.05 234.688 23
8 2266.49 236.131 23
8 2267.95 237.589 23
8 2269.39 239.031 23
8 2270.84 240.475 23
8 2272.29 241.932 23
8 2273.74 243.375 23
8 2275.18 244.817 23
8 2276.63 246.267 23
8 2278.07 247.71 23
8 2279.54 249.178 23
8 2280.98 250.622 23
8 2282.43 252.066 23
8 2283.88 253.518 23
8 2285.32 254.961 23
8 2286.77 256.405 23
8 2288.22 257.863 23
8 2289.67 259.307 23
8 2291.11 260.751 23
8 2292.56 262.203 23
8 2294.01 263.652 23
8 2295.46 265.096 23
8 2296.92 266.554 23
8 2298.36 267.999 23
9 2299.81 9.5e-08 23
9 2301.26 1.44395 23
9 2302.7 2.88785 23
9 2304.15 4.33998 23
9 2305.6 5.78377 23
9 2307.04 7.22781 23
9 2308.5 8.68588 23
9 2309.94 10.1301 23
9 2311.39 11.5742 23
9 2312.84 13.0306 23
9 2314.28 14.4734 23
9 2315.73 15.9156 23
9 2317.18 17.3662 23
9 2318.62 18.8095 23
9 2320.09 20.277 23
9 2321.53 21.721 23
9 2322.98 23.1647 23
9 2324.45 24.6372 23
9 2325.89 26.079 23
9 2327.33 27.5218 23
9 2328.78 28.9726 23
9 2330.23 30.4155 23
9 2331.68 31.8647 23
9 2333.13 33.3153 23
9 2334.57 34.7573 23
9 2336.01 36.1995 23
9 2337.47 37.6567 23
9 2338.91 39.0995 23
9 2340.36 40.5508 23
9 2341.81 41.9948 23
9 2343.26 43.4489 23
9 2344.72 44.9063 23
9 2346.16 46.35 23
9 2347.61 47.794 23
9 2349.06 49.2456 23
9 2350.51 50.6942 23
9 2351.95 52.1362 23
9 2353.4 53.586 23
9 2354.84 55.0286 23
9 2356.28 56.4727 23
9 2357.74 57.9293 23
9 2359.18 59.3732 23
9 2360.64 60.8242 23
9 2362.08 62.2683 23
9 2363.52 63.7118 23
9 2365 65.1841 23
9 2366.44 66.6259 23
9 2367.88 68.0684 23
9 2369.34 69.5252 23
9 2370.78 70.9691 23
9 2372.22 72.4132 23
9 2373.68 73.871 23
9 2375.13 75.3152 23
9 2376.58 76.7676 23
9 2378.02 78.2116 23
9 2379.47 79.6558 23
9 2380.92 81.1072 23
9 2382.36 82.5508 23
9 2383.83 84.016 23
9 2385.28 85.4679 23
9 2386.72 86.9114 23
9 2388.17 88.3554 23
9 2389.62 89.813 23
9 2391.08 91.267 23
9 2392.53 92.7191 23
9 2393.97 94.163 23
9 2395.42 95.607 23
9 2396.88 97.0649 23
9 2398.32 98.5085 23
9 2399.76 99.9522 23
9 2401.22 101.405 23
9 2402.67 102.859 23
9 2404.11 104.303 23
9 2405.57 105.76 23
9 2407.02 107.204 23
9 2408.47 108.655 23
9 2409.91 110.103 23
9 2411.36 111.546 23
9 2412.81 112.995 23
9 2414.25 114.437 23
9 2415.69 115.881 23
9 2417.15 117.338 23
9 2418.59 118.781 23
9 2420.04 120.225 23
9 2421.49 121.676 23
9 2422.93 123.12 23
9 2424.38 124.569 23
9 2425.84 126.026 23
9 2427.28 127.47 23
9 2428.73 128.922 23
9 2430.18 130.366 23
9 2431.62 131.81 23
9 2433.07 133.262 23
9 2434.52 134.706 23
9 2435.98 136.171 23
9 2437.43 137.621 23
9 2438.88 139.064 23
9 2440.32 140.507 23
10 2441.77 8.1e-08 23
10 2443.23 1.45901 23
10 2444.68 2.91082 23
10 2446.13 4.35524 23
10 2447.57 5.7989 23
10 2449.02 7.25031 23
10 2450.46 8.69413 23
10 2451.91 10.138 23
10 2453.37 11.5949 23
10 2454.81 13.0383 23
10 2456.25 14.482 23
10 2457.7 15.9343 23
10 2459.15 17.3784 23
10 2460.59 18.8218 23
10 2462.06 20.2947 23
10 2463.51 21.7383 23
10 2464.96 23.1904 23
10 2466.4 24.6341 23
10 2467.85 26.0782 23
10 2469.31 27.5362 23
10 2470.75 28.9798 23
10 2472.21 30.4405 23
10 2473.66 31.8911 23
10 2475.1 33.334 23
10 2476.56 34.7885 23
10 2478.01 36.2388 23
10 2479.45 37.681 23
10 2480.9 39.1321 23
10 2482.35 40.5749 23
10 2483.79 42.0187 23
10 2485.24 43.4701 23
10 2486.68 44.9136 23
10 2488.15 46.3782 23
10 2489.6 47.8283 23
10 2491.04 49.2706 23
10 2492.48 50.7135 23
10 2493.93 52.1644 23
10 2495.39 53.6242 23
10 2496.85 55.0759 23
10 2498.29 56.5195 23
10 2499.73 57.9632 23
10 2501.18 59.4144 23
10 2502.63 60.8581 23
10 2504.07 62.302 23
10 2505.53 63.7599 23
10 2506.99 65.2187 23
10 2508.43 66.6606 23
10 2509.88 68.1112 23
10 2511.32 69.5544 23
10 2512.77 70.9979 23
10 2514.22 72.4545 23
10 2515.67 73.8983 23
10 2517.12 75.3507 23
11 2518.56 7.4e-08 22.5
11 2520.01 1.44361 22.5
11 2521.46 2.89497 22.5
11 2522.9 4.33856 22.5
11 2524.35 5.78151 22.5
11 2525.8 7.23866 22.5
11 2527.25 8.68207 22.5
11 2528.7 10.1411 22.5
11 2530.15 11.5912 22.5
11 2531.6 13.0342 22.5
11 2533.04 14.4783 22.5
11 2534.5 15.9349 22.5
11 2535.95 17.3888 22.5
11 2537.4 18.8401 22.5
11 2538.85 20.2833 22.5
11 2540.31 21.748 22.5
11 2541.76 23.198 22.5
11 2543.2 24.6402 22.5
11 2544.65 26.083 22.5
11 2546.1 27.5341 22.5
11 2547.56 28.9933 22.5
11 2549.01 30.4446 22.5
11 2550.45 31.8881 22.5
11 2551.89 33.3313 22.5
11 2553.35 34.7832 22.5
11 2554.79 36.227 22.5
11 2556.23 37.6709 22.5
11 2557.69 39.1285 22.5
11 2559.14 40.5723 22.5
11 2560.58 42.0159 22.5
11 2562.04 43.4724 22.5
11 2563.48 44.9135 22.5
12 2564.92 6.1e-08 22.5
12 2566.37 1.45119 22.5
12 2567.81 2.89404 22.5
12 2569.26 4.33806 22.5
12 2570.71 5.79453 22.5
12 2572.16 7.23856 22.5
12 2573.61 8.69013 22.5
12 2575.05 10.1334 22.5
12 2576.5 11.5765 22.5
12 2577.95 13.0281 22.5
12 2579.39 14.4715 22.5
12 2580.86 15.9364 22.5
12 2582.31 17.3863 22.5
12 2583.75 18.829 22.5
12 2585.19 20.2716 22.5
12 2586.64 21.7223 22.5
12 2588.1 23.182 22.5
12 2589.55 24.6335 22.5
12 2591 26.0773 22.5
12 2592.44 27.5203 22.5
12 2593.89 28.972 23
13 2595.34 7.5e-08 23
13 2596.78 1.44336 23
13 2598.24 2.90016 23
13 2599.68 4.34324 23
13 2601.12 5.78647 23
13 2602.58 7.24306 23
13 2604.02 8.6847 23
13 2605.46 10.1272 23
13 2606.93 11.5935 23
13 2608.37 13.0365 23
13 2609.82 14.4877 23
13 2611.27 15.931 23
13 2612.71 17.3738 23
13 2614.18 18.846 23
13 2615.62 20.2884 23
14 2617.07 6.4e-08 23
14 2618.52 1.45637 23
14 2619.96 2.89762 23
14 2621.41 4.33931 23
14 2622.86 5.79056 23
14 2624.3 7.23312 23
14 2625.74 8.67625 23
14 2627.2 10.1327 23
14 2628.64 11.5756 23
14 2630.09 13.0268 23
14 2631.54 14.47 23
14 2632.98 15.9134 23
14 2634.43 17.365 23
15 2635.87 7.4e-08 23
15 2637.32 1.4431 23
15 2638.78 2.90017 23
15 2640.23 4.35874 23
15 2641.68 5.80026 23
15 2643.13 7.25015 23
15 2644.57 8.69292 23
15 2646.01 10.1359 23
15 2647.47 11.5925 23
15 2648.91 13.0361 23
15 2650.36 14.4872 23
16 2651.81 7.1e-08 23
16 2653.25 1.44269 23
16 2654.7 2.89394 23
16 2656.14 4.3369 23
16 2657.6 5.79609 23
16 2659.05 7.24079 23
16 2660.49 8.68275 23
16 2661.94 10.1353 23
16 2663.39 11.5863 23
16 2664.83 13.0292 23
17 2666.28 7.3e-08 23
17 2667.73 1.45674 23
17 2669.18 2.89966 23
17 2670.63 4.35079 23
17 2672.07 5.79418 23
17 2673.52 7.24257 23
17 2674.97 8.69236 23
17 2676.41 10.1351 23
17 2677.86 11.5784 23
17 2679.31 13.0344 23
18 2680.77 1.19e-07 23
18 2682.21 1.44304 23
18 2683.66 2.89415 23
18 2685.1 4.33723 23
18 2686.55 5.78067 23
18 2688 7.23768 23
18 2689.45 8.68115 23
18 2690.9 10.1325 23
18 2692.34 11.5758 23
18 2693.78 13.0187 23
19 2695.25 7.4e-08 23
19 2696.69 1.44284 23
19 2698.14 2.88665 23
19 2699.59 4.33711 23
19 2701.03 5.7802 23
19 2702.47 7.22334 23
19 2703.93 8.67446 23
19 2705.37 10.1177 23
19 2706.82 11.5717 23
20 2708.27 6.4e-08 23
20 2709.71 1.44144 23
20 2711.16 2.89246 23
20 2712.61 4.33535 23
20 2714.06 5.78311 23
20 2715.5 7.23207 23
20 2716.95 8.67401 23
20 2718.39 10.1164 23
20 2719.85 11.5732 23
20 2721.29 13.0158 23
21 2722.73 1.03e-07 23
21 2724.18 1.45069 23
21 2725.64 2.90394 23
21 2727.08 4.34701 23
21 2728.54 5.80404 23
21 2729.98 7.24739 23
21 2731.43 8.69851 23
21 2732.88 10.1467 23
21 2734.32 11.5881 23
21 2735.77 13.0383 23
22 2737.21 8.1e-08 23
22 2738.66 1.44295 23
22 2740.11 2.89964 23
22 2741.56 4.34298 23
22 2743 5.78623 23
22 2744.45 7.23727 23
22 2745.89 8.68044 23
22 2747.34 10.1285 23
22 2748.79 11.5778 23
23 2750.23 7.7e-08 23
23 2751.7 1.46748 23
23 2753.14 2.91094 23
23 2754.59 4.35357 23
23 2756.04 5.80525 23
23 2757.48 7.24842 23
23 2758.92 8.69148 23
23 2760.38 10.1489 23
23 2761.82 11.5916 23
23 2763.27 13.035 23
24 2764.72 7.5e-08 23
24 2766.17 1.44816 23
24 2767.61 2.88983 23
24 2769.06 4.33963 23
24 2770.52 5.79809 23
24 2771.97 7.24931 23
24 2773.41 8.69301 23
24 2774.85 10.1363 23
24 2776.31 11.5871 23
24 2777.75 13.0305 23
25 2779.19 7e-08 23
25 2780.65 1.45696 23
25 2782.09 2.90013 23
25 2783.54 4.34341 23
25 2785 5.80501 23
25 2786.44 7.2482 23
25 2787.88 8.69178 23
25 2789.34 10.1488 23
25 2790.78 11.5923 23.5
26 2792.24 1.5e-07 23
26 2793.68 1.44058 23
26 2795.12 2.88302 23
26 2796.57 4.33338 23
26 2798.02 5.77623 23
26 2799.46 7.21913 23
26 2800.92 8.67577 23
26 2802.36 10.1193 23
26 2803.82 11.5779 23
26 2805.27 13.0271 23
27 2806.71 6.5e-08 23
27 2808.15 1.4435 23
27 2809.61 2.89983 23
27 2811.06 4.35355 23
27 2812.51 5.80485 23
27 2813.96 7.2479 23
27 2815.4 8.69121 23
27 2816.86 10.1479 23
27 2818.3 11.5913 23
27 2819.74 13.0344 23
28 2821.2 5.5e-08 23
28 2822.64 1.44296 23
28 2824.08 2.88629 23
28 2825.53 4.33717 23
28 2826.98 5.7803 23
28 2828.42 7.22343 23
28 2829.89 8.69603 23
28 2831.33 10.1379 23
28 2832.78 11.5889 23
28 2834.23 13.0317 23
29 2835.67 1.05e-07 23
29 2837.14 1.46684 23
29 2838.58 2.91015 23
29 2840.02 4.35325 23
29 2841.47 5.80452 23
29 2842.92 7.24803 23
29 2844.36 8.69115 23
29 2845.82 10.1483 23
29 2847.26 11.5917 23
29 2848.71 13.0428 23
30 2850.16 1.04e-07 23
30 2851.6 1.44277 23
30 2853.05 2.8943 23
30 2854.49 4.33738 23
30 2855.94 5.78075 23
30 2857.39 7.2382 23
30 2858.84 8.68134 23
30 2860.28 10.1244 23
30 2861.73 11.5755 23
30 2863.17 13.0183 23
31 2866.52 1.45e-07 23
31 2867.96 1.44108 23
31 2869.4 2.88361 23
31 2870.85 4.33403 23
31 2872.3 5.77726 23
31 2873.74 7.22006 23
31 2875.2 8.67734 23
31 2876.64 10.1197 23
31 2878.09 11.5709 23
31 2879.53 13.0141 23
32 2885.28 9.8e-08 23
32 2886.72 1.43836 23
32 2888.17 2.895 23
32 2889.62 4.33829 23
32 2891.07 5.78936 23
32 2892.51 7.2325 23
32 2893.95 8.67547 23
32 2895.41 10.126 23
32 2896.85 11.5684 23
32 2898.29 13.0097 23
