0 6.58045 7.3e-08 20.5
0 9.47674 2.89629 20.5
0 10.9208 4.34038 20.5
0 12.3777 5.79727 20.5
1 13.8216 8.9e-08 20.5
1 15.274 1.45238 20.5
1 16.7149 2.89323 20.5
1 18.1597 4.33801 20.5
2 19.611 7.9e-08 20.5
2 21.0541 1.44306 20.5
2 22.4961 2.88505 20.5
2 23.955 4.34395 20.5
2 25.4006 5.78955 20.5
3 26.8492 7.2e-08 20.5
3 28.2969 1.44775 20.5
3 29.7412 2.89205 20.5
3 31.2038 4.35465 20.5
3 32.6481 5.79888 21
4 34.0926 8.1e-08 21
4 35.544 1.45139 21
4 36.9883 2.8957 21
5 38.4429 5.7e-08 21
5 39.8948 1.45193 22
6 41.3389 1.3e-07 23
8 42.7836 6.5e-08 23
10 44.2355 5.6e-08 23
12 45.6896 7.7e-08 23
13 47.1414 5.5e-08 23
15 48.5855 6e-08 23
17 50.0295 6e-08 23
18 51.4807 6.3e-08 23
20 52.9353 6.4e-08 23
22 54.6795 1.52e-07 20.5
23 56.1128 6.3e-08 20.5
24 57.8657 1.63e-07 21
25 60.7008 1.56e-07 21
26 65.747 1.6e-07 21
27 75.1108 1.54e-07 20.5
