        type trial_config ert_flop   unroll  buffers        nsize       trials       microsecs        bytes        flops         GB/s         GF/s
         int    coalesced        1        8        1           32     16777216     5692878.003   1073741824    134217728        0.189        0.024
         int    coalesced        1        8        1           64     16777216     5692795.405   2147483648    268435456        0.377        0.047
         int    coalesced        1        8        1          128     16777216     6085880.155   4294967296    536870912        0.706        0.088
         int    coalesced        1        8        1          256     16777216     6829707.778   8589934592   1073741824        1.258        0.157
         int    coalesced        1        8        1          512      8388608     4000737.290   8589934592   1073741824        2.147        0.268
         int    coalesced        1        8        1         1024      4194304     2338341.995   8589934592   1073741824        3.674        0.459
         int    coalesced        1        8        1         2048      2097152     1364181.520   8589934592   1073741824        6.297        0.787
         int    coalesced        1        8        1         4096      1048576      909508.044   8589934592   1073741824        9.445        1.181
         int    coalesced        1        8        1         8192       524288      682215.441   8589934592   1073741824       12.591        1.574
         int    coalesced        1        8        1        16384       262144      563808.356   8589934592   1073741824       15.236        1.904
         int    coalesced        1        8        1        32768       131072      511741.104   8589934592   1073741824       16.786        2.098
         int    coalesced        1        8        1        65536        65536      480067.991   8589934592   1073741824       17.893        2.237
         int    coalesced        1        8        1       131072        32768      462639.717   8589934592   1073741824       18.567        2.321
         int    coalesced        1        8        1       262144        16384      454099.192   8589934592   1073741824       18.916        2.365
         int    coalesced        1        8        1       524288         8192      447840.152   8589934592   1073741824       19.181        2.398
         int    coalesced        1        8        1      1048576         4096      447802.037   8589934592   1073741824       19.182        2.398
         int    coalesced        1        8        1      2097152         2048      446697.638   8589934592   1073741824       19.230        2.404
         int    coalesced        1        8        1      4194304         1024      446109.745   8589934592   1073741824       19.255        2.407
         int    coalesced        1        8        1      8388608          512      445847.464   8589934592   1073741824       19.267        2.408
         int    coalesced        1        8        1     16777216          256      445753.165   8589934592   1073741824       19.271        2.409
         int    coalesced        1        8        1     33554432          128      445684.300   8589934592   1073741824       19.274        2.409
         int    coalesced        1        8        1     67108864           64      445718.909   8589934592   1073741824       19.272        2.409
         int    coalesced        1        8        1    134217728           32      445689.247   8589934592   1073741824       19.273        2.409
         int    coalesced        1        8        1    268435456           16      445601.208   8589934592   1073741824       19.277        2.410
         int    coalesced        1        8        1    536870912            8      445626.769   8589934592   1073741824       19.276        2.410
         int    coalesced        1        8        1   1073741824            4      445642.486   8589934592   1073741824       19.275        2.409
         int    coalesced        1        8        1   2147483648            2      445649.532   8589934592   1073741824       19.275        2.409
         int    coalesced        1        8        1   4293918720            1      445533.776   8587837440   1073479680       19.275        2.409
