        type trial_config ert_flop   unroll  buffers        nsize       trials       microsecs        bytes        flops         GB/s         GF/s
       float    coalesced        4        4        2           32     16777216     6546838.456   1073741824    536870912        0.164        0.082
       float    coalesced        4        4        2           64     16777216     6891314.206   2147483648   1073741824        0.312        0.156
       float    coalesced        4        4        2          128     16777216     7103562.090   4294967296   2147483648        0.605        0.302
       float    coalesced        4        4        2          256     16777216     7702007.024   8589934592   4294967296        1.115        0.558
       float    coalesced        4        4        2          512     16777216     9352447.651  17179869184   8589934592        1.837        0.918
       float    coalesced        4        4        2         1024      8388608     5455755.736  17179869184   8589934592        3.149        1.574
       float    coalesced        4        4        2         2048      4194304     3452367.949  17179869184   8589934592        4.976        2.488
       float    coalesced        4        4        2         4096      2097152     2149542.698  17179869184   8589934592        7.992        3.996
       float    coalesced        4        4        2         8192      1048576     1637004.661  17179869184   8589934592       10.495        5.247
       float    coalesced        4        4        2        16384       524288     1281092.935  17179869184   8589934592       13.410        6.705
       float    coalesced        4        4        2        32768       262144     1115644.872  17179869184   8589934592       15.399        7.700
       float    coalesced        4        4        2        65536       131072     1023306.396  17179869184   8589934592       16.789        8.394
       float    coalesced        4        4        2       131072        65536      998604.529  17179869184   8589934592       17.204        8.602
       float    coalesced        4        4        2       262144        32768      977439.963  17179869184   8589934592       17.576        8.788
       float    coalesced        4        4        2       524288        16384      967482.430  17179869184   8589934592       17.757        8.879
       float    coalesced        4        4        2      1048576         8192      961765.045  17179869184   8589934592       17.863        8.931
       float    coalesced        4        4        2      2097152         4096      959388.312  17179869184   8589934592       17.907        8.954
       float    coalesced        4        4        2      4194304         2048      959059.635  17179869184   8589934592       17.913        8.957
       float    coalesced        4        4        2      8388608         1024      958404.709  17179869184   8589934592       17.925        8.963
       float    coalesced        4        4        2     16777216          512      958085.696  17179869184   8589934592       17.931        8.966
       float    coalesced        4        4        2     33554432          256      957933.031  17179869184   8589934592       17.934        8.967
       float    coalesced        4        4        2     67108864          128      957860.551  17179869184   8589934592       17.936        8.968
       float    coalesced        4        4        2    134217728           64      957788.680  17179869184   8589934592       17.937        8.969
       float    coalesced        4        4        2    268435456           32      957810.008  17179869184   8589934592       17.937        8.968
       float    coalesced        4        4        2    536870912           16      957774.113  17179869184   8589934592       17.937        8.969
       float    coalesced        4        4        2   1073741824            8      957784.511  17179869184   8589934592       17.937        8.969
       float    coalesced        4        4        2   2147483648            4      957792.468  17179869184   8589934592       17.937        8.968
       float    coalesced        4        4        2   4294967296            2      957789.701  17179869184   8589934592       17.937        8.968
       float    coalesced        4        4        2   8588886016            1      957666.385  17177772032   8588886016       17.937        8.969
