0 6.75943 8.8e-08 21
0 9.64177 2.88235 21
0 11.0917 4.33232 21
0 12.5346 5.77515 21
1 13.9797 9.3e-08 21
1 15.4272 1.44755 21
1 16.873 2.89332 21
1 18.3119 4.33217 21
1 19.7716 5.79193 21
2 21.212 7.7e-08 21
2 22.6564 1.4444 21
2 24.1047 2.89265 21
2 25.5493 4.3373 21
2 26.9899 5.77782 21
3 28.4393 6.8e-08 21
3 29.8843 1.44506 21
3 31.3256 2.88632 21.5
4 32.7825 6.9e-08 22
5 34.2383 5.1e-08 23
6 35.704 6.2e-08 24
8 37.1553 5.2e-08 24.5
10 38.6035 8e-08 24.5
13 40.0609 4.9e-08 24.5
16 41.5197 6.5e-08 24.5
18 42.986 8.6e-08 24.5
20 44.4287 6.8e-08 21
22 45.9814 1.46e-07 21
23 47.5214 1.63e-07 21
24 50.1617 1.48e-07 21
25 54.9124 1.34e-07 21
26 64.1581 1.66e-07 21
