        type trial_config ert_flop   unroll  buffers        nsize       trials       microsecs        bytes        flops         GB/s         GF/s
 signed_char    coalesced        2       32        1           32     16777216     5455487.715   1073741824   1073741824        0.197        0.197
 signed_char    coalesced        2       32        1           64     16777216     5692606.862   2147483648   2147483648        0.377        0.377
 signed_char    coalesced        2       32        1          128     16777216     5951403.204   4294967296   4294967296        0.722        0.722
 signed_char    coalesced        2       32        1          256     16777216     6546538.320   8589934592   8589934592        1.312        1.312
 signed_char    coalesced        2       32        1          512      8388608     3850984.909   8589934592   8589934592        2.231        2.231
 signed_char    coalesced        2       32        1         1024      4194304     2236690.611   8589934592   8589934592        3.840        3.840
 signed_char    coalesced        2       32        1         2048      2097152     1363945.845   8589934592   8589934592        6.298        6.298
 signed_char    coalesced        2       32        1         4096      1048576      909375.818   8589934592   8589934592        9.446        9.446
 signed_char    coalesced        2       32        1         8192       524288      682042.237   8589934592   8589934592       12.594       12.594
 signed_char    coalesced        2       32        1        16384       262144      558074.349   8589934592   8589934592       15.392       15.392
 signed_char    coalesced        2       32        1        32768       131072      500234.011   8589934592   8589934592       17.172       17.172
 signed_char    coalesced        2       32        1        65536        65536      468932.538   8589934592   8589934592       18.318       18.318
 signed_char    coalesced        2       32        1       131072        32768      452551.787   8589934592   8589934592       18.981       18.981
 signed_char    coalesced        2       32        1       262144        16384      444452.177   8589934592   8589934592       19.327       19.327
 signed_char    coalesced        2       32        1       524288         8192      440067.195   8589934592   8589934592       19.520       19.520
 signed_char    coalesced        2       32        1      1048576         4096      437902.300   8589934592   8589934592       19.616       19.616
 signed_char    coalesced        2       32        1      2097152         2048      436888.808   8589934592   8589934592       19.662       19.662
 signed_char    coalesced        2       32        1      4194304         1024      436325.392   8589934592   8589934592       19.687       19.687
 signed_char    coalesced        2       32        1      8388608          512      436056.688   8589934592   8589934592       19.699       19.699
 signed_char    coalesced        2       32        1     16777216          256      435980.295   8589934592   8589934592       19.703       19.703
 signed_char    coalesced        2       32        1     33554432          128      435868.144   8589934592   8589934592       19.708       19.708
 signed_char    coalesced        2       32        1     67108864           64      435826.860   8589934592   8589934592       19.710       19.710
 signed_char    coalesced        2       32        1    134217728           32      435786.931   8589934592   8589934592       19.711       19.711
 signed_char    coalesced        2       32        1    268435456           16      435820.049   8589934592   8589934592       19.710       19.710
 signed_char    coalesced        2       32        1    536870912            8      435821.731   8589934592   8589934592       19.710       19.710
 signed_char    coalesced        2       32        1   1073741824            4      435842.865   8589934592   8589934592       19.709       19.709
 signed_char    coalesced        2       32        1   2147483648            2      435816.821   8589934592   8589934592       19.710       19.710
 signed_char    coalesced        2       32        1   4293918720            1      435718.943   8587837440   8587837440       19.710       19.710
