0 3.2274 1.54e-07 21
0 6.12499 2.89759 21
0 7.57489 4.34749 21
0 9.01929 5.79189 21
1 10.4626 7.4e-08 21
1 11.9126 1.44994 21
1 13.3557 2.89312 21
1 14.7977 4.33511 21
1 16.2615 5.79889 21
2 17.7044 6.8e-08 21
2 19.1528 1.44838 21
2 20.6108 2.9064 21
2 22.0555 4.35114 21
2 23.5079 5.80354 21
3 24.952 7e-08 21
3 26.3952 1.44313 21
3 27.8463 2.8943 21
3 29.2899 4.33782 21
3 30.733 5.781 21
4 32.1953 9.2e-08 21
4 33.6398 1.44455 21
4 35.0839 2.88861 21
5 36.546 8.9e-08 21
5 37.99 1.44403 21.5
6 39.4423 4.9e-08 22
8 40.8912 7.6e-08 22.5
10 42.3354 5.9e-08 23.5
13 43.7935 6.7e-08 23.5
17 45.2423 5e-08 23.5
20 46.6848 5.4e-08 23.5
23 48.4369 1.53e-07 23.5
25 51.0807 1.54e-07 21
26 53.8235 1.46e-07 21
27 58.8654 1.54e-07 21
