0 6.76729 7.8e-08 25.5
0 9.66316 2.89587 25.5
0 11.1026 4.33527 25.5
0 12.5474 5.78007 25.5
0 13.9982 7.23093 25.5
0 15.4395 8.67217 25.5
0 16.8824 10.1151 25.5
0 18.3329 11.5656 25.5
0 19.7748 13.0076 25.5
0 21.2212 14.4539 25.5
0 22.6726 15.9053 25.5
0 24.1124 17.3451 25.5
0 25.5568 18.7895 25.5
0 27.0067 20.2394 25.5
0 28.4482 21.6809 25.5
0 29.8916 23.1243 25.5
0 31.3634 24.5961 25.5
0 32.8124 26.0451 25.5
0 34.2795 27.5122 25.5
0 35.7332 28.9659 25.5
0 37.1857 30.4184 25.5
0 38.6521 31.8848 25.5
0 40.105 33.3378 25.5
0 41.5618 34.7945 25.5
0 43.005 36.2377 25.5
0 44.4694 37.7021 25.5
0 45.9241 39.1569 25.5
0 47.3716 40.6043 25.5
0 48.8139 42.0466 25.5
0 50.2643 43.497 25.5
0 51.7281 44.9608 25.5
0 53.1838 46.4165 25.5
0 54.6312 47.864 25.5
0 56.0794 49.3122 25.5
0 57.5368 50.7695 25.5
0 58.9955 52.2282 25.5
1 60.443 9.4e-08 25.5
1 61.9095 1.46645 25.5
1 63.3619 2.91888 25.5
1 64.8125 4.36949 25.5
1 66.2543 5.81127 25.5
1 67.7006 7.25763 25.5
1 69.1665 8.7235 25.5
1 70.6196 10.1766 25.5
1 72.0685 11.6255 25.5
1 73.5411 13.0981 25.5
1 74.9932 14.5502 25.5
1 76.4604 16.0174 25.5
1 77.9037 17.4607 25.5
1 79.3458 18.9028 25.5
1 80.7959 20.3529 25.5
1 82.2542 21.8112 25.5
1 83.7015 23.2585 25.5
1 85.1684 24.7254 25.5
1 86.61 26.167 25.5
1 88.0667 27.6237 25.5
1 89.5092 29.0662 25.5
1 90.9519 30.5089 25.5
1 92.4242 31.9812 25.5
1 93.8822 33.4392 25.5
1 95.3384 34.8954 25.5
1 96.8048 36.3618 25.5
1 98.2464 37.8034 25.5
1 99.7153 39.2723 25.5
1 101.15 40.7069 25.5
1 102.593 42.1502 25.5
1 104.065 43.622 25.5
1 105.504 45.0615 25.5
1 106.954 46.511 25.5
1 108.405 47.9622 25.5
1 109.85 49.4066 25.5
1 111.294 50.8509 25.5
2 112.752 1.11e-07 25.5
2 114.195 1.44317 25.5
2 115.653 2.90155 25.5
2 117.094 4.34257 25.5
2 118.548 5.79587 25.5
2 119.998 7.24568 25.5
2 121.453 8.70136 25.5
2 122.887 10.1354 25.5
2 124.354 11.6017 25.5
2 125.797 13.0455 25.5
2 127.241 14.4887 25.5
2 128.702 15.9498 25.5
2 130.144 17.3924 25.5
2 131.603 18.8509 25.5
2 133.046 20.2944 25.5
2 134.5 21.7485 25.5
2 135.952 23.1996 25.5
2 137.394 24.6425 25.5
2 138.841 26.0896 25.5
2 140.292 27.5398 25.5
2 141.733 28.9815 25.5
2 143.177 30.4252 25.5
2 144.65 31.8984 25.5
2 146.093 33.3415 25.5
2 147.537 34.7848 25.5
2 149.004 36.2521 25.5
2 150.447 37.6947 25.5
2 151.896 39.1444 25.5
2 153.339 40.5871 25.5
2 154.793 42.0407 25.5
2 156.244 43.4923 25.5
2 157.687 44.9354 25.5
2 159.129 46.3775 25.5
2 160.579 47.8272 25.5
2 162.044 49.2918 25.5
2 163.485 50.7333 25.5
2 164.942 52.1899 25.5
3 166.384 9.5e-08 25.5
3 167.827 1.44284 25.5
3 169.295 2.91024 25.5
3 170.737 4.35262 25.5
3 172.173 5.78835 25.5
3 173.639 7.25453 25.5
3 175.082 8.69741 25.5
3 176.533 10.1485 25.5
3 177.975 11.591 25.5
3 179.417 13.0331 25.5
3 180.869 14.4843 25.5
3 182.312 15.9273 25.5
3 183.775 17.3909 25.5
3 185.226 18.8418 25.5
3 186.68 20.2952 25.5
3 188.122 21.7373 25.5
3 189.571 23.187 25.5
3 191.03 24.6459 25.5
3 192.473 26.0882 25.5
3 193.922 27.5374 25.5
3 195.375 28.9902 25.5
3 196.825 30.4411 25.5
3 198.284 31.8998 25.5
3 199.72 33.3356 25.5
3 201.187 34.8022 25.5
3 202.629 36.2446 25.5
3 204.071 37.6871 25.5
3 205.526 39.1415 25.5
3 206.968 40.5833 25.5
3 208.423 42.0382 25.5
3 209.877 43.4925 25.5
3 211.32 44.9352 25.5
3 212.756 46.3712 25.5
3 214.212 47.8275 25.5
3 215.655 49.2708 25.5
3 217.116 50.7319 25.5
3 218.559 52.1742 25.5
3 220 53.616 25.5
3 221.467 55.083 25.5
4 222.91 9.4e-08 25.5
4 224.367 1.45679 25.5
4 225.814 2.90407 25.5
4 227.256 4.34629 25.5
4 228.7 5.78982 25.5
4 230.153 7.24288 25.5
4 231.593 8.68298 25.5
4 233.035 10.1246 25.5
4 234.506 11.5958 25.5
4 235.947 13.0372 25.5
4 237.398 14.4882 25.5
4 238.851 15.9412 25.5
4 240.293 17.3833 25.5
4 241.743 18.8331 25.5
4 243.202 20.2917 25.5
4 244.645 21.7345 25.5
4 246.107 23.1966 25.5
4 247.546 24.6362 25.5
4 248.995 26.0844 25.5
4 250.445 27.5347 25.5
4 251.888 28.9775 25.5
4 253.336 30.4256 25.5
4 254.792 31.8821 25.5
4 256.236 33.3254 25.5
4 257.696 34.7861 25.5
4 259.138 36.2279 25.5
5 260.594 4.9e-08 25.5
5 262.049 1.45455 25.5
5 263.492 2.89751 25.5
5 264.928 4.3338 25.5
5 266.383 5.78891 25.5
5 267.826 7.23154 25.5
5 269.269 8.67459 25.5
5 270.729 10.1352 25.5
5 272.171 11.5766 25.5
5 273.619 13.0246 25.5
5 275.069 14.4749 25.5
5 276.512 15.9174 25.5
5 277.959 17.3648 25.5
6 279.416 7.9e-08 25.5
6 280.869 1.45301 25.5
6 282.319 2.90339 25.5
6 283.761 4.34516 25.5
6 285.203 5.78743 25.5
6 286.67 7.2542 25.5
6 288.106 8.69022 25.5
7 289.564 8e-08 26
7 291.015 1.45113 26
7 292.458 2.89457 26
7 293.911 4.34759 26
8 295.361 6.4e-08 26
8 296.803 1.44164 26
8 298.246 2.88461 26.5
9 299.702 6.9e-08 27
10 301.14 5.9e-08 27
11 302.58 6.8e-08 28
12 304.037 6.8e-08 28
13 305.481 8.9e-08 28
14 306.941 6.6e-08 28
16 308.383 6.8e-08 28
17 309.83 7.4e-08 28
18 311.28 6.2e-08 28
20 312.735 6e-08 28
21 314.17 8.1e-08 28
22 315.626 6.8e-08 28
23 317.069 5.5e-08 27.5
24 318.505 6.9e-08 26
25 320.861 1.55e-07 26
26 324.904 1.62e-07 26
27 332.058 1.54e-07 25.5
