0 6.73159 9.3e-08 21
0 9.62429 2.8927 21
0 11.0696 4.33803 21
0 12.5177 5.7861 21
0 13.9591 7.2275 21
1 15.4019 5.8e-08 21
1 16.8573 1.45533 21
1 18.3027 2.90071 21
1 19.7508 4.34884 21
1 21.1923 5.79038 21
2 22.6339 6.9e-08 21
2 24.0845 1.45063 21
2 25.5275 2.89364 21
2 26.9702 4.33627 21
2 28.4257 5.79175 21
2 29.8704 7.2365 21
2 31.311 8.67705 21
3 32.763 5.5e-08 21
3 34.207 1.44398 21
3 35.6556 2.89264 21.5
4 37.1317 6.8e-08 21.5
4 38.5748 1.44304 22
5 40.0468 7.8e-08 23
6 41.5072 6e-08 23.5
8 42.9643 7.4e-08 24
10 44.406 6.2e-08 24.5
13 45.8474 8.1e-08 24.5
15 47.3178 6.6e-08 24.5
18 48.7611 7.8e-08 21
20 50.2179 1.47e-07 21.5
22 51.9826 1.05e-07 21.5
23 53.6316 1.54e-07 21
24 56.2875 1.54e-07 21.5
25 60.9314 1.23e-07 21.5
26 70.0767 1.56e-07 21
