        type trial_config ert_flop   unroll  buffers        nsize       trials       microsecs        bytes        flops         GB/s         GF/s
 signed_char    coalesced        2      512        1          512      8388608     3567352.008   8589934592   8589934592        2.408        2.408
 signed_char    coalesced        2      512        1         1024      4194304     1925571.181   8589934592   8589934592        4.461        4.461
 signed_char    coalesced        2      512        1         2048      2097152     1128829.624   8589934592   8589934592        7.610        7.610
 signed_char    coalesced        2      512        1         4096      1048576      682038.073   8589934592   8589934592       12.595       12.595
 signed_char    coalesced        2      512        1         8192       524288      454728.807   8589934592   8589934592       18.890       18.890
 signed_char    coalesced        2      512        1        16384       262144      345697.432   8589934592   8589934592       24.848       24.848
 signed_char    coalesced        2      512        1        32768       131072      296195.204   8589934592   8589934592       29.001       29.001
 signed_char    coalesced        2      512        1        65536        65536      278435.772   8589934592   8589934592       30.851       30.851
 signed_char    coalesced        2      512        1       131072        32768      280271.797   8589934592   8589934592       30.649       30.649
 signed_char    coalesced        2      512        1       262144        16384      278023.362   8589934592   8589934592       30.896       30.896
 signed_char    coalesced        2      512        1       524288         8192      277008.984   8589934592   8589934592       31.010       31.010
 signed_char    coalesced        2      512        1      1048576         4096      276126.468   8589934592   8589934592       31.109       31.109
 signed_char    coalesced        2      512        1      2097152         2048      275668.777   8589934592   8589934592       31.160       31.160
 signed_char    coalesced        2      512        1      4194304         1024      275693.423   8589934592   8589934592       31.158       31.158
 signed_char    coalesced        2      512        1      8388608          512      275502.273   8589934592   8589934592       31.179       31.179
 signed_char    coalesced        2      512        1     16777216          256      275776.115   8589934592   8589934592       31.148       31.148
 signed_char    coalesced        2      512        1     33554432          128      275858.694   8589934592   8589934592       31.139       31.139
 signed_char    coalesced        2      512        1     67108864           64      275169.507   8589934592   8589934592       31.217       31.217
 signed_char    coalesced        2      512        1    134217728           32      275718.022   8589934592   8589934592       31.155       31.155
 signed_char    coalesced        2      512        1    268435456           16      275912.609   8589934592   8589934592       31.133       31.133
 signed_char    coalesced        2      512        1    536870912            8      275085.677   8589934592   8589934592       31.226       31.226
 signed_char    coalesced        2      512        1   1073741824            4      276321.433   8589934592   8589934592       31.087       31.087
 signed_char    coalesced        2      512        1   2147483648            2      276358.612   8589934592   8589934592       31.083       31.083
 signed_char    coalesced        2      512        1   4293918720            1      277960.013   8587837440   8587837440       30.896       30.896
