        type trial_config ert_flop   unroll  buffers        nsize       trials       microsecs        bytes        flops         GB/s         GF/s
 signed_char    coalesced        4        8        2           16     16777216     6234799.993    536870912   1073741824        0.086        0.172
 signed_char    coalesced        4        8        2           32     16777216     6234764.856   1073741824   2147483648        0.172        0.344
 signed_char    coalesced        4        8        2           64     16777216     6546512.824   2147483648   4294967296        0.328        0.656
 signed_char    coalesced        4        8        2          128     16777216     7273922.216   4294967296   8589934592        0.590        1.181
 signed_char    coalesced        4        8        2          256     16777216     8333206.039   8589934592  17179869184        1.031        2.062
 signed_char    coalesced        4        8        2          512     16777216    10071486.258  17179869184  34359738368        1.706        3.412
 signed_char    coalesced        4        8        2         1024      8388608     6546501.445  17179869184  34359738368        2.624        5.249
 signed_char    coalesced        4        8        2         2048      4194304     4091613.850  17179869184  34359738368        4.199        8.398
 signed_char    coalesced        4        8        2         4096      2097152     2975791.412  17179869184  34359738368        5.773       11.546
 signed_char    coalesced        4        8        2         8192      1048576     2409289.640  17179869184  34359738368        7.131       14.261
 signed_char    coalesced        4        8        2        16384       524288     2045916.806  17179869184  34359738368        8.397       16.794
 signed_char    coalesced        4        8        2        32768       262144     1986599.923  17179869184  34359738368        8.648       17.296
 signed_char    coalesced        4        8        2        65536       131072     1905372.940  17179869184  34359738368        9.017       18.033
 signed_char    coalesced        4        8        2       131072        65536     1868794.823  17179869184  34359738368        9.193       18.386
 signed_char    coalesced        4        8        2       262144        32768     1848290.580  17179869184  34359738368        9.295       18.590
 signed_char    coalesced        4        8        2       524288        16384     1838430.417  17179869184  34359738368        9.345       18.690
 signed_char    coalesced        4        8        2      1048576         8192     1833504.511  17179869184  34359738368        9.370       18.740
 signed_char    coalesced        4        8        2      2097152         4096     1831161.302  17179869184  34359738368        9.382       18.764
 signed_char    coalesced        4        8        2      4194304         2048     1829884.013  17179869184  34359738368        9.389       18.777
 signed_char    coalesced        4        8        2      8388608         1024     1829380.076  17179869184  34359738368        9.391       18.782
 signed_char    coalesced        4        8        2     16777216          512     1828981.252  17179869184  34359738368        9.393       18.786
 signed_char    coalesced        4        8        2     33554432          256     1828872.195  17179869184  34359738368        9.394       18.787
 signed_char    coalesced        4        8        2     67108864          128     1828793.301  17179869184  34359738368        9.394       18.788
 signed_char    coalesced        4        8        2    134217728           64     1828768.200  17179869184  34359738368        9.394       18.788
 signed_char    coalesced        4        8        2    268435456           32     1828764.751  17179869184  34359738368        9.394       18.788
 signed_char    coalesced        4        8        2    536870912           16     1828795.617  17179869184  34359738368        9.394       18.788
 signed_char    coalesced        4        8        2   1073741824            8     1828763.488  17179869184  34359738368        9.394       18.789
 signed_char    coalesced        4        8        2   2147483648            4     1828721.580  17179869184  34359738368        9.394       18.789
 signed_char    coalesced        4        8        2   4294967296            2     1828773.266  17179869184  34359738368        9.394       18.788
 signed_char    coalesced        4        8        2   8588886016            1     1828471.153  17177772032  34355544064        9.395       18.789
