        type trial_config ert_flop   unroll  buffers        nsize       trials       microsecs        bytes        flops         GB/s         GF/s
      double    coalesced      159        2        1           16     16777216   154032298.319    536870912   5335154688        0.003        0.035
      double    coalesced      159        2        1           32     16777216   154032308.204   1073741824  10670309376        0.007        0.069
      double    coalesced      159        2        1           64     16777216   154732505.403   2147483648  21340618752        0.014        0.138
      double    coalesced      159        2        1          128     16777216   155476407.047   4294967296  42681237504        0.028        0.275
      double    coalesced      159        2        1          256     16777216   157113027.458   8589934592  85362475008        0.055        0.543
      double    coalesced      159        2        1          512      8388608    79783138.415   8589934592  85362475008        0.108        1.070
      double    coalesced      159        2        1         1024      4194304    40915168.056   8589934592  85362475008        0.210        2.086
      double    coalesced      159        2        1         2048      2097152    21042233.821   8589934592  85362475008        0.408        4.057
      double    coalesced      159        2        1         4096      1048576    11105765.348   8589934592  85362475008        0.773        7.686
      double    coalesced      159        2        1         8192       524288     6137565.119   8589934592  85362475008        1.400       13.908
      double    coalesced      159        2        1        16384       262144     3653479.005   8589934592  85362475008        2.351       23.365
      double    coalesced      159        2        1        32768       131072     2411409.471   8589934592  85362475008        3.562       35.399
      double    coalesced      159        2        1        65536        65536     1790344.800   8589934592  85362475008        4.798       47.679
      double    coalesced      159        2        1       131072        32768     1479821.593   8589934592  85362475008        5.805       57.684
      double    coalesced      159        2        1       262144        16384     1324577.543   8589934592  85362475008        6.485       64.445
      double    coalesced      159        2        1       524288         8192     1246899.332   8589934592  85362475008        6.889       68.460
      double    coalesced      159        2        1      1048576         4096     1208083.151   8589934592  85362475008        7.110       70.659
      double    coalesced      159        2        1      2097152         2048     1188717.069   8589934592  85362475008        7.226       71.811
      double    coalesced      159        2        1      4194304         1024     1179020.209   8589934592  85362475008        7.286       72.401
      double    coalesced      159        2        1      8388608          512     1174212.250   8589934592  85362475008        7.315       72.698
      double    coalesced      159        2        1     16777216          256     1171806.180   8589934592  85362475008        7.331       72.847
      double    coalesced      159        2        1     33554432          128     1170531.963   8589934592  85362475008        7.338       72.926
      double    coalesced      159        2        1     67108864           64     1169959.606   8589934592  85362475008        7.342       72.962
      double    coalesced      159        2        1    134217728           32     1169660.614   8589934592  85362475008        7.344       72.981
      double    coalesced      159        2        1    268435456           16     1169525.601   8589934592  85362475008        7.345       72.989
      double    coalesced      159        2        1    536870912            8     1169405.051   8589934592  85362475008        7.346       72.996
      double    coalesced      159        2        1   1073741824            4     1169339.759   8589934592  85362475008        7.346       73.001
      double    coalesced      159        2        1   2147483648            2     1169327.536   8589934592  85362475008        7.346       73.001
      double    coalesced      159        2        1   4293918720            1     1169042.196   8587837440  85341634560        7.346       73.001
