        type trial_config ert_flop   unroll  buffers        nsize       trials       microsecs        bytes        flops         GB/s         GF/s
       float    coalesced      604        5        1           20     16777216   114561665.934    671088640  50667192320        0.006        0.442
       float    coalesced      604        5        1           40     16777216   114561671.228   1342177280 101334384640        0.012        0.885
       float    coalesced      604        5        1           80     16777216   114724384.568   2684354560 202668769280        0.023        1.767
       float    coalesced      604        5        1          160     16777216   115282331.474   5368709120 405337538560        0.047        3.516
       float    coalesced      604        5        1          320     13421772    93909288.284   8589934080 648540023040        0.091        6.906
       float    coalesced      604        5        1          640      6710886    47518076.583   8589934080 648540023040        0.181       13.648
       float    coalesced      604        5        1         1280      3355443    24440124.699   8589934080 648540023040        0.351       26.536
       float    coalesced      604        5        1         2560      1677721    13093051.330   8589931520 648539829760        0.656       49.533
       float    coalesced      604        5        1         5120       838860     7050303.393   8589926400 648539443200        1.218       91.987
       float    coalesced      604        5        1        10240       419430     4166188.720   8589926400 648539443200        2.062      155.667
       float    coalesced      604        5        1        20480       209715     2737900.192   8589926400 648539443200        3.137      236.875
       float    coalesced      604        5        1        40960       104857     2026432.290   8589885440 648536350720        4.239      320.039
       float    coalesced      604        5        1        81920        52428     1662492.376   8589803520 648530165760        5.167      390.095
       float    coalesced      604        5        1       163840        26214     1483418.948   8589803520 648530165760        5.791      437.186
       float    coalesced      604        5        1       327680        13107     1392972.618   8589803520 648530165760        6.167      465.573
       float    coalesced      604        5        1       655360         6553     1347705.073   8589148160 648480686080        6.373      481.174
       float    coalesced      604        5        1      1310720         3276     1325094.002   8587837440 648381726720        6.481      489.310
       float    coalesced      604        5        1      2621440         1638     1313764.218   8587837440 648381726720        6.537      493.530
       float    coalesced      604        5        1      5242880          819     1308152.435   8587837440 648381726720        6.565      495.647
       float    coalesced      604        5        1     10485760          409     1303809.882   8577351680 647590051840        6.579      496.691
       float    coalesced      604        5        1     20971520          204     1299274.052   8556380160 646006702080        6.586      497.206
       float    coalesced      604        5        1     41943040          102     1298549.613   8556380160 646006702080        6.589      497.483
       float    coalesced      604        5        1     83886080           51     1298183.016   8556380160 646006702080        6.591      497.624
       float    coalesced      604        5        1    167772160           25     1272532.607   8388608000 633339904000        6.592      497.700
       float    coalesced      604        5        1    335544320           12     1221575.142   8053063680 608006307840        6.592      497.723
       float    coalesced      604        5        1    671088640            6     1221525.912   8053063680 608006307840        6.593      497.743
       float    coalesced      604        5        1   1342177280            3     1221539.314   8053063680 608006307840        6.593      497.738
       float    coalesced      604        5        1   2684354560            1      814472.928   5368709120 405337538560        6.592      497.669
