        type trial_config ert_flop   unroll  buffers        nsize       trials       microsecs        bytes        flops         GB/s         GF/s
       float    coalesced       64        2        1            8     16777216    13544401.139    268435456   2147483648        0.020        0.159
       float    coalesced       64        2        1           16     16777216    13781947.389    536870912   4294967296        0.039        0.312
       float    coalesced       64        2        1           32     16777216    13948019.965   1073741824   8589934592        0.077        0.616
       float    coalesced       64        2        1           64     16777216    14547634.254   2147483648  17179869184        0.148        1.181
       float    coalesced       64        2        1          128     16777216    16366003.626   4294967296  34359738368        0.262        2.099
       float    coalesced       64        2        1          256     16777216    17457121.859   8589934592  68719476736        0.492        3.936
       float    coalesced       64        2        1          512      8388608    10071500.723   8589934592  68719476736        0.853        6.823
       float    coalesced       64        2        1         1024      4194304     5854149.137   8589934592  68719476736        1.467       11.739
       float    coalesced       64        2        1         2048      2097152     3776908.093   8589934592  68719476736        2.274       18.195
       float    coalesced       64        2        1         4096      1048576     2727790.590   8589934592  68719476736        3.149       25.192
       float    coalesced       64        2        1         8192       524288     2203239.745   8589934592  68719476736        3.899       31.190
       float    coalesced       64        2        1        16384       262144     2045885.958   8589934592  68719476736        4.199       33.589
       float    coalesced       64        2        1        32768       131072     1877318.783   8589934592  68719476736        4.576       36.605
       float    coalesced       64        2        1        65536        65536     1811814.350   8589934592  68719476736        4.741       37.929
       float    coalesced       64        2        1       131072        32768     1782334.756   8589934592  68719476736        4.819       38.556
       float    coalesced       64        2        1       262144        16384     1764025.629   8589934592  68719476736        4.870       38.956
       float    coalesced       64        2        1       524288         8192     1754797.167   8589934592  68719476736        4.895       39.161
       float    coalesced       64        2        1      1048576         4096     1749934.504   8589934592  68719476736        4.909       39.270
       float    coalesced       64        2        1      2097152         2048     1747747.958   8589934592  68719476736        4.915       39.319
       float    coalesced       64        2        1      4194304         1024     1746375.217   8589934592  68719476736        4.919       39.350
       float    coalesced       64        2        1      8388608          512     1745924.304   8589934592  68719476736        4.920       39.360
       float    coalesced       64        2        1     16777216          256     1745820.727   8589934592  68719476736        4.920       39.362
       float    coalesced       64        2        1     33554432          128     1745028.649   8589934592  68719476736        4.923       39.380
       float    coalesced       64        2        1     67108864           64     1745406.576   8589934592  68719476736        4.921       39.372
       float    coalesced       64        2        1    134217728           32     1745315.780   8589934592  68719476736        4.922       39.374
       float    coalesced       64        2        1    268435456           16     1745102.274   8589934592  68719476736        4.922       39.378
       float    coalesced       64        2        1    536870912            8     1745294.516   8589934592  68719476736        4.922       39.374
       float    coalesced       64        2        1   1073741824            4     1745098.116   8589934592  68719476736        4.922       39.379
       float    coalesced       64        2        1   2147483648            2     1744920.948   8589934592  68719476736        4.923       39.383
       float    coalesced       64        2        1   4293918720            1     1744576.433   8587837440  68702699520        4.923       39.381
