        type trial_config ert_flop   unroll  buffers        nsize       trials       microsecs        bytes        flops         GB/s         GF/s
        long    coalesced       92        1        2           16     16777216    20143098.811    536870912   3087007744        0.027        0.153
        long    coalesced       92        1        2           32     16777216    20143061.086   1073741824   6174015488        0.053        0.307
        long    coalesced       92        1        2           64     16777216    21691419.376   2147483648  12348030976        0.099        0.569
        long    coalesced       92        1        2          128     16777216    21821667.941   4294967296  24696061952        0.197        1.132
        long    coalesced       92        1        2          256     16777216    22630851.303   8589934592  49392123904        0.380        2.183
        long    coalesced       92        1        2          512     16777216    24549280.904  17179869184  98784247808        0.700        4.024
        long    coalesced       92        1        2         1024      8388608    14028353.928  17179869184  98784247808        1.225        7.042
        long    coalesced       92        1        2         2048      4194304     8183445.007  17179869184  98784247808        2.099       12.071
        long    coalesced       92        1        2         4096      2097152     5114816.057  17179869184  98784247808        3.359       19.313
        long    coalesced       92        1        2         8192      1048576     3543437.783  17179869184  98784247808        4.848       27.878
        long    coalesced       92        1        2        16384       524288     2801855.917  17179869184  98784247808        6.132       35.257
        long    coalesced       92        1        2        32768       262144     2447054.230  17179869184  98784247808        7.021       40.369
        long    coalesced       92        1        2        65536       131072     2257292.624  17179869184  98784247808        7.611       43.762
        long    coalesced       92        1        2       131072        65536     2161800.393  17179869184  98784247808        7.947       45.695
        long    coalesced       92        1        2       262144        32768     2112576.603  17179869184  98784247808        8.132       46.760
        long    coalesced       92        1        2       524288        16384     2087549.592  17179869184  98784247808        8.230       47.321
        long    coalesced       92        1        2      1048576         8192     2075644.070  17179869184  98784247808        8.277       47.592
        long    coalesced       92        1        2      2097152         4096     2069769.198  17179869184  98784247808        8.300       47.727
        long    coalesced       92        1        2      4194304         2048     2066756.125  17179869184  98784247808        8.312       47.797
        long    coalesced       92        1        2      8388608         1024     2065338.217  17179869184  98784247808        8.318       47.830
        long    coalesced       92        1        2     16777216          512     2064620.144  17179869184  98784247808        8.321       47.846
        long    coalesced       92        1        2     33554432          256     2064181.199  17179869184  98784247808        8.323       47.856
        long    coalesced       92        1        2     67108864          128     2064068.510  17179869184  98784247808        8.323       47.859
        long    coalesced       92        1        2    134217728           64     2063813.117  17179869184  98784247808        8.324       47.865
        long    coalesced       92        1        2    268435456           32     2063956.777  17179869184  98784247808        8.324       47.862
        long    coalesced       92        1        2    536870912           16     2063840.180  17179869184  98784247808        8.324       47.864
        long    coalesced       92        1        2   1073741824            8     2063814.337  17179869184  98784247808        8.324       47.865
        long    coalesced       92        1        2   2147483648            4     2063803.645  17179869184  98784247808        8.324       47.865
        long    coalesced       92        1        2   4294967296            2     2063898.722  17179869184  98784247808        8.324       47.863
        long    coalesced       92        1        2   8588886016            1     2063540.572  17177772032  98772189184        8.324       47.865
