0 6.63852 7.7e-08 21.5
0 9.53099 2.89247 21.5
0 10.9747 4.33621 21.5
0 12.4288 5.79026 21.5
0 13.8722 7.23368 21.5
0 15.3157 8.67713 21.5
0 16.7704 10.1319 21.5
0 18.2139 11.5754 21.5
0 19.6653 13.0268 21.5
1 21.11 7.9e-08 21.5
1 22.5497 1.43965 21.5
1 24.0012 2.89115 21.5
1 25.4461 4.3361 21.5
1 26.8868 5.77679 21.5
1 28.3437 7.23365 21.5
1 29.7878 8.67778 21.5
1 31.2297 10.1197 21.5
1 32.6799 11.5698 21.5
2 34.1284 1.15e-07 21.5
2 35.5901 1.46174 21.5
2 37.0439 2.91557 21.5
2 38.4874 4.35904 21.5
2 39.9599 5.83158 21.5
2 41.4138 7.28544 21.5
2 42.8574 8.72908 22
2 44.3254 10.197 21.5
2 45.7689 11.6405 22
3 47.2257 6.8e-08 22
3 48.6835 1.45778 21.5
3 50.137 2.91126 22
3 51.589 4.36325 22
3 53.0321 5.80633 22
3 54.5046 7.27883 22
3 55.9531 8.72737 22
3 57.4121 10.1864 22
3 58.8683 11.6425 22
3 60.333 13.1073 22
4 61.7882 9.1e-08 22
4 63.2342 1.44599 22
4 64.6926 2.90441 22
4 66.1431 4.35488 22
4 67.5853 5.79717 22
5 69.0378 7.6e-08 22
5 70.4872 1.44941 22
5 71.9411 2.90339 22.5
6 73.4008 6.1e-08 22.5
6 74.8441 1.44322 23
7 76.3088 6.1e-08 23.5
8 77.7651 5.1e-08 24.5
10 79.2249 8.3e-08 25
12 80.6869 5.1e-08 25
14 82.1304 5.5e-08 25
16 83.5955 5.5e-08 25
18 85.0504 4.9e-08 25
20 86.5106 6.8e-08 22
22 87.9675 8e-08 25
23 89.4101 5.5e-08 23
24 90.8521 5.9e-08 22
25 93.4028 1.45e-07 22
26 98.2609 1.33e-07 22
27 107.408 1.55e-07 22
