0 3.38609 9.6e-08 20.5
0 6.27037 2.88427 20.5
0 7.72881 4.34272 20.5
0 9.16964 5.78355 20.5
1 10.6136 7.6e-08 20.5
1 12.0641 1.45046 20.5
1 13.5074 2.89383 20.5
1 14.9497 4.33613 20.5
1 16.4014 5.78776 20.5
2 17.8575 7.5e-08 20.5
2 19.3052 1.4477 20.5
2 20.7538 2.89631 20.5
2 22.1966 4.33918 20.5
2 23.6574 5.79996 20.5
3 25.1015 8.6e-08 20.5
3 26.5457 1.44416 20.5
3 27.9975 2.896 20.5
3 29.447 4.34547 20.5
3 30.8908 5.78925 21
4 32.3487 6.2e-08 21
4 33.7979 1.44925 21
4 35.2484 2.89969 21
4 36.6904 4.34168 20.5
4 38.1337 5.78498 20.5
4 39.5956 7.24692 21
5 41.0396 9.3e-08 21
5 42.4843 1.44469 21
5 43.9407 2.90102 21
5 45.3849 4.34523 21
6 46.8308 6.7e-08 21
6 48.2871 1.45626 21
7 49.7359 6.1e-08 21
7 51.1873 1.4514 21.5
8 52.6308 6.5e-08 21.5
10 54.0741 5.1e-08 22
11 55.537 5.5e-08 22
13 56.9788 1.31e-07 22
15 58.4222 5.9e-08 22
16 59.8734 5.8e-08 22
18 61.3222 9.9e-08 22
20 62.7643 6.6e-08 22
21 64.2222 1.02e-07 22
23 65.6663 5.7e-08 22
24 67.1178 6.6e-08 22
25 68.5609 5.3e-08 21
26 70.0044 8.7e-08 21
27 73.1568 1.46e-07 21
28 78.6033 1.45e-07 21
