0 3.28244 1.54e-07 21
0 6.17728 2.89484 21
0 7.61748 4.33504 21
0 9.06847 5.78603 21
0 10.5137 7.23125 21
0 11.9535 8.67102 21
1 13.4101 9.2e-08 21
1 14.8554 1.44531 21
1 16.2954 2.88531 21
1 17.7466 4.33651 21
1 19.1911 5.78102 21
1 20.6348 7.22471 21
1 22.1075 8.69743 21
2 23.555 7.7e-08 21
2 25.0127 1.4577 21
2 26.4559 2.90096 21
2 27.9089 4.35391 21
2 29.3753 5.82035 21
2 30.8293 7.27428 21
2 32.2952 8.74027 21
3 33.7376 6.1e-08 21
3 35.1803 1.44267 21
3 36.6308 2.89324 21
3 38.0724 4.3348 21
3 39.5149 5.77728 21
3 40.9819 7.24433 21
3 42.4343 8.69669 21
4 43.9015 6.3e-08 21
4 45.344 1.44251 21
4 46.7867 2.88524 21
4 48.2411 4.33962 21
4 49.7014 5.79994 21
4 51.1582 7.25666 21
4 52.6065 8.70499 21
4 54.0496 10.1481 21
5 55.5082 8.8e-08 21
5 56.9591 1.45091 21
5 58.414 2.90582 21
5 59.8675 4.35932 21
5 61.3204 5.81224 21
6 62.7703 6.1e-08 21
6 64.2293 1.45892 21
6 65.6715 2.90115 21
7 67.122 6.2e-08 21.5
8 68.5636 6e-08 21.5
9 70.0062 6.5e-08 22
10 71.457 8.1e-08 22
11 72.8994 6e-08 22
13 74.3647 6.2e-08 22
15 75.8067 6.5e-08 22
16 77.2545 1.3e-07 22
18 78.712 6.8e-08 22
20 80.1555 6.8e-08 22
21 81.5979 7.1e-08 21
23 83.0483 8e-08 22
24 84.4908 6.8e-08 22
25 85.9332 7.2e-08 21
26 87.4841 1.55e-07 21
27 90.6357 1.28e-07 21
28 96.0801 1.56e-07 21
