0 6.7535 9e-08 20.5
0 9.65143 2.89793 20.5
0 11.0943 4.3408 20.5
0 12.5353 5.7818 20.5
0 13.9901 7.23658 20.5
1 15.4302 7.6e-08 20.5
1 16.8759 1.44571 20.5
1 18.3301 2.8999 20.5
1 19.773 4.3428 20.5
1 21.2187 5.78851 20.5
1 22.6687 7.2385 20.5
2 24.111 7.2e-08 20.5
2 25.5513 1.44027 20.5
2 27.0023 2.89127 20.5
2 28.4438 4.33278 20.5
2 29.8856 5.77456 20.5
2 31.3422 7.23118 20.5
2 32.7833 8.67224 20.5
3 34.234 9.1e-08 20.5
3 35.6775 1.44349 20.5
3 37.1194 2.88532 20.5
3 38.57 4.33594 20.5
3 40.0327 5.79871 20.5
3 41.4854 7.25142 20.5
3 42.9515 8.71747 20.5
4 44.4058 1.45e-07 20.5
4 45.8738 1.46807 20.5
4 47.3276 2.92182 20.5
4 48.7765 4.37073 20.5
4 50.2378 5.83201 20.5
4 51.6912 7.28545 20.5
4 53.1586 8.75284 20.5
5 54.6024 6.5e-08 20.5
5 56.0511 1.44873 20.5
5 57.5009 2.89846 20.5
5 58.9436 4.34123 20.5
5 60.4093 5.80692 20.5
5 61.8566 7.25424 20.5
5 63.3165 8.71414 20.5
5 64.7732 10.1708 20.5
5 66.2204 11.618 20.5
6 67.6747 7.6e-08 21
6 69.1332 1.45847 21
6 70.5811 2.90641 21
6 72.0379 4.36326 21
6 73.4809 5.80618 21
6 74.9345 7.25981 21
7 76.4022 6.1e-08 21
7 77.8558 1.45358 21
7 79.3071 2.90488 21
8 80.7507 6.1e-08 21
8 82.1941 1.44337 21.5
8 83.6664 2.91565 21.5
9 85.1258 6.8e-08 21.5
9 86.5873 1.46157 21.5
10 88.0471 7.2e-08 22
11 89.4905 6.5e-08 22
11 90.9576 1.46706 22
12 92.4197 7.1e-08 22
13 93.878 6.02e-07 22
14 95.3273 1.47e-07 22
14 96.7733 1.44602 22
15 98.2228 7.3e-08 22
16 99.672 7.9e-08 22
16 101.115 1.44255 22
17 102.565 2.53e-07 22
18 104.006 6.6e-08 22
19 105.471 4.3e-08 22
19 106.925 1.45345 22
20 108.367 7.1e-08 22
21 109.824 8.3e-08 22
22 111.265 8.3e-08 22
22 112.718 1.45261 22
23 114.168 6.8e-08 21.5
24 115.627 7.1e-08 22
24 117.079 1.45178 22
25 118.522 6.8e-08 22
25 119.963 1.44181 21.5
26 121.43 7.2e-08 22
26 122.873 1.44269 21
27 125.217 1.44e-07 22
27 126.666 1.4496 21
28 131.211 1.45e-07 22
28 132.654 1.4429 21
29 141.703 1.55e-07 22
29 143.144 1.44072 21
