0 3.41017 8.9e-08 20.5
0 6.31088 2.90071 20.5
0 7.75838 4.3482 20.5
1 9.20891 1e-07 20.5
1 10.6477 1.43876 20.5
1 12.0927 2.88383 20.5
1 13.5435 4.33463 20.5
1 14.9864 5.77753 20.5
2 16.4336 8e-08 20.5
2 17.8801 1.44656 20.5
2 19.3366 2.90302 20.5
2 20.8038 4.37027 21
3 22.2615 9.8e-08 21
3 23.7005 1.43902 21
4 25.158 1.07e-07 21
4 26.6168 1.45873 21.5
6 28.0825 9.5e-08 23.5
9 29.5245 8.9e-08 24
13 30.9767 9.7e-08 24
17 32.4437 6.8e-08 24
21 33.8905 5.5e-08 21
23 35.5422 1.62e-07 20.5
24 36.9913 6.2e-08 21
25 39.6354 1e-07 21
26 44.6926 1.55e-07 20.5
