        type trial_config ert_flop   unroll  buffers        nsize       trials       microsecs        bytes        flops         GB/s         GF/s
         int    coalesced        1       32        1          128     16777216     6235032.968   4294967296    536870912        0.689        0.086
         int    coalesced        1       32        1          256     16777216     6546745.589   8589934592   1073741824        1.312        0.164
         int    coalesced        1       32        1          512      8388608     3637254.884   8589934592   1073741824        2.362        0.295
         int    coalesced        1       32        1         1024      4194304     1954439.752   8589934592   1073741824        4.395        0.549
         int    coalesced        1       32        1         2048      2097152     1169357.535   8589934592   1073741824        7.346        0.918
         int    coalesced        1       32        1         4096      1048576      682294.047   8589934592   1073741824       12.590        1.574
         int    coalesced        1       32        1         8192       524288      454946.036   8589934592   1073741824       18.881        2.360
         int    coalesced        1       32        1        16384       262144      341230.055   8589934592   1073741824       25.173        3.147
         int    coalesced        1       32        1        32768       131072      295066.313   8589934592   1073741824       29.112        3.639
         int    coalesced        1       32        1        65536        65536      302662.393   8589934592   1073741824       28.381        3.548
         int    coalesced        1       32        1       131072        32768      297856.627   8589934592   1073741824       28.839        3.605
         int    coalesced        1       32        1       262144        16384      295878.943   8589934592   1073741824       29.032        3.629
         int    coalesced        1       32        1       524288         8192      292771.139   8589934592   1073741824       29.340        3.668
         int    coalesced        1       32        1      1048576         4096      291944.422   8589934592   1073741824       29.423        3.678
         int    coalesced        1       32        1      2097152         2048      291443.308   8589934592   1073741824       29.474        3.684
         int    coalesced        1       32        1      4194304         1024      291251.330   8589934592   1073741824       29.493        3.687
         int    coalesced        1       32        1      8388608          512      291145.906   8589934592   1073741824       29.504        3.688
         int    coalesced        1       32        1     16777216          256      291035.337   8589934592   1073741824       29.515        3.689
         int    coalesced        1       32        1     33554432          128      291041.702   8589934592   1073741824       29.514        3.689
         int    coalesced        1       32        1     67108864           64      291078.309   8589934592   1073741824       29.511        3.689
         int    coalesced        1       32        1    134217728           32      291073.103   8589934592   1073741824       29.511        3.689
         int    coalesced        1       32        1    268435456           16      291067.001   8589934592   1073741824       29.512        3.689
         int    coalesced        1       32        1    536870912            8      291104.885   8589934592   1073741824       29.508        3.689
         int    coalesced        1       32        1   1073741824            4      291045.619   8589934592   1073741824       29.514        3.689
         int    coalesced        1       32        1   2147483648            2      291043.534   8589934592   1073741824       29.514        3.689
         int    coalesced        1       32        1   4293918720            1      290947.069   8587837440   1073479680       29.517        3.690
