        type trial_config ert_flop   unroll  buffers        nsize       trials       microsecs        bytes        flops         GB/s         GF/s
         int    coalesced        4       32        2          256     16777216     7274190.859   8589934592   4294967296        1.181        0.590
         int    coalesced        4       32        2          512     16777216     7701960.722  17179869184   8589934592        2.231        1.115
         int    coalesced        4       32        2         1024      8388608     4604097.937  17179869184   8589934592        3.731        1.866
         int    coalesced        4       32        2         2048      4194304     2518209.239  17179869184   8589934592        6.822        3.411
         int    coalesced        4       32        2         4096      2097152     1488223.314  17179869184   8589934592       11.544        5.772
         int    coalesced        4       32        2         8192      1048576      974543.275  17179869184   8589934592       17.629        8.814
         int    coalesced        4       32        2        16384       524288      742477.642  17179869184   8589934592       23.139       11.569
         int    coalesced        4       32        2        32768       262144      624881.130  17179869184   8589934592       27.493       13.747
         int    coalesced        4       32        2        65536       131072      584878.347  17179869184   8589934592       29.373       14.687
         int    coalesced        4       32        2       131072        65536      570638.278  17179869184   8589934592       30.106       15.053
         int    coalesced        4       32        2       262144        32768      565000.185  17179869184   8589934592       30.407       15.203
         int    coalesced        4       32        2       524288        16384      562067.074  17179869184   8589934592       30.566       15.283
         int    coalesced        4       32        2      1048576         8192      560235.859  17179869184   8589934592       30.665       15.333
         int    coalesced        4       32        2      2097152         4096      559322.819  17179869184   8589934592       30.715       15.358
         int    coalesced        4       32        2      4194304         2048      558614.428  17179869184   8589934592       30.754       15.377
         int    coalesced        4       32        2      8388608         1024      558175.407  17179869184   8589934592       30.779       15.389
         int    coalesced        4       32        2     16777216          512      557979.039  17179869184   8589934592       30.789       15.395
         int    coalesced        4       32        2     33554432          256      557850.922  17179869184   8589934592       30.797       15.398
         int    coalesced        4       32        2     67108864          128      557823.122  17179869184   8589934592       30.798       15.399
         int    coalesced        4       32        2    134217728           64      557741.157  17179869184   8589934592       30.803       15.401
         int    coalesced        4       32        2    268435456           32      557777.601  17179869184   8589934592       30.801       15.400
         int    coalesced        4       32        2    536870912           16      557838.962  17179869184   8589934592       30.797       15.399
         int    coalesced        4       32        2   1073741824            8      557820.925  17179869184   8589934592       30.798       15.399
         int    coalesced        4       32        2   2147483648            4      557805.524  17179869184   8589934592       30.799       15.400
         int    coalesced        4       32        2   4294967296            2      557813.474  17179869184   8589934592       30.799       15.399
         int    coalesced        4       32        2   8588886016            1      557775.087  17177772032   8588886016       30.797       15.398
