0 6.73882 8e-08 20.5
0 9.63246 2.89364 20.5
0 11.0728 4.33397 20.5
0 12.5243 5.78547 20.5
0 13.9681 7.22932 20.5
1 15.4116 8.4e-08 20.5
1 16.8679 1.45623 20.5
1 18.3136 2.90197 20.5
1 19.7641 4.35244 20.5
1 21.2049 5.79327 20.5
2 22.6475 7.1e-08 20.5
2 24.1017 1.45415 20.5
2 25.5456 2.89808 20.5
2 26.9881 4.34056 20.5
2 28.4441 5.79656 20.5
3 29.887 7.1e-08 20.5
3 31.3322 1.44518 20.5
3 32.787 2.89997 20.5
3 34.247 4.35998 20.5
3 35.7141 5.82713 20.5
3 37.1779 7.29093 20.5
4 38.6267 7.2e-08 20.5
4 40.0927 1.46594 20.5
4 41.5467 2.91994 20.5
4 42.9979 4.37121 20.5
4 44.4417 5.81497 20.5
4 45.9062 7.27949 20.5
5 47.3628 1e-07 20.5
5 48.822 1.45914 20.5
5 50.2739 2.91106 20.5
5 51.7173 4.35445 20.5
5 53.1643 5.80148 20.5
5 54.6322 7.26933 20.5
5 56.0812 8.71838 20.5
5 57.5246 10.1618 20.5
5 58.9959 11.633 20.5
6 60.4497 8.6e-08 20.5
6 61.9174 1.46775 20.5
6 63.3714 2.92171 20.5
6 64.815 4.36533 20.5
6 66.2727 5.82306 20.5
6 67.7316 7.28197 20.5
6 69.1988 8.74912 20.5
6 70.652 10.2023 20.5
6 72.095 11.6454 20.5
6 73.5657 13.116 20.5
7 75.0189 7e-08 20.5
7 76.4867 1.46783 21
7 77.9411 2.92222 21
7 79.385 4.36614 21
7 80.8428 5.82396 20.5
7 82.302 7.28315 21
8 83.7665 7.6e-08 21
8 85.2195 1.45306 21
8 86.6732 2.90671 21
8 88.1296 4.36315 21
8 89.5727 5.80623 21
9 91.0289 8.7e-08 21
9 92.4871 1.45823 21
9 93.936 2.90707 21
10 95.3921 1.26e-07 21
10 96.838 1.44595 21
10 98.2797 2.88761 21
11 99.753 9.9e-08 21.5
11 101.209 1.45589 21.5
11 102.661 2.90853 21.5
12 104.115 6.8e-08 21.5
12 105.557 1.44238 21.5
12 107.025 2.90984 21.5
13 108.467 6.8e-08 21.5
13 109.918 1.45107 21.5
13 111.36 2.89294 21.5
14 112.809 7.6e-08 21.5
14 114.267 1.45813 21.5
15 115.721 9.1e-08 21.5
15 117.169 1.44787 21.5
15 118.633 2.91139 21.5
16 120.077 1.05e-07 21.5
16 121.538 1.4611 21.5
16 122.981 2.90402 21.5
17 124.423 8.7e-08 21.5
17 125.879 1.45567 21.5
17 127.338 2.91435 21.5
18 128.781 8.1e-08 21.5
18 130.249 1.4682 21.5
19 131.693 7.2e-08 21.5
19 133.16 1.46712 21.5
19 134.604 2.911 21.5
20 136.058 7.2e-08 21.5
20 137.508 1.4505 21.5
20 138.951 2.89362 21.5
21 140.4 9.8e-08 21.5
21 141.867 1.46669 21.5
22 143.311 8e-08 21.5
22 144.778 1.46754 21.5
22 146.222 2.91101 21.5
23 147.67 7.2e-08 21.5
23 149.128 1.45736 21.5
23 150.583 2.91232 21.5
24 152.034 1.06e-07 21.5
24 153.478 1.44438 21.5
24 154.922 2.88854 21.5
25 156.379 6.6e-08 21.5
25 157.833 1.45351 21.5
26 159.776 1.49e-07 21.5
26 161.231 1.45523 21.5
26 162.671 2.8952 21
27 164.723 1.54e-07 21.5
27 166.183 1.46033 21.5
27 167.628 2.90479 21
28 170.773 1.48e-07 21.5
28 172.217 1.44375 21.5
28 173.676 2.90214 21
29 178.822 1e-07 21.5
29 180.276 1.45363 21.5
29 181.72 2.89789 21
30 191.47 1.44e-07 21.5
30 192.91 1.44027 21.5
30 194.362 2.89169 20.5
