0 3.27053 8.9e-08 22.5
0 6.15831 2.88778 22.5
0 7.60893 4.3384 22.5
0 9.05429 5.78376 22.5
0 10.4974 7.22686 22.5
0 11.9554 8.68485 22.5
0 13.4006 10.1301 22.5
0 14.8448 11.5743 22.5
0 16.2958 13.0253 22.5
0 17.7411 14.4705 22.5
0 19.1848 15.9142 22.5
0 20.6368 17.3663 22.5
0 22.0813 18.8108 22.5
0 23.5255 20.255 22.5
0 24.9837 21.7132 22.5
0 26.4285 23.158 22.5
0 27.881 24.6105 22.5
0 29.3257 26.0552 22.5
0 30.7702 27.4997 22.5
0 32.2222 28.9517 22.5
0 33.6663 30.3958 22.5
0 35.1107 31.8401 22.5
0 36.5693 33.2987 22.5
0 38.0141 34.7435 22.5
0 39.4579 36.1874 22.5
0 40.9108 37.6402 22.5
0 42.3549 39.0844 22.5
0 43.7986 40.5281 22.5
1 45.2508 7.6e-08 22.5
1 46.6952 1.44449 22.5
1 48.1395 2.88877 22.5
1 49.598 4.34723 22.5
1 51.0426 5.7918 22.5
1 52.4943 7.24352 22.5
1 53.9392 8.68849 22.5
1 55.3835 10.1328 22.5
1 56.8358 11.5851 22.5
1 58.2799 13.0292 22.5
1 59.7242 14.4735 22.5
1 61.1829 15.9321 22.5
1 62.6271 17.3764 22.5
1 64.0722 18.8214 22.5
1 65.5245 20.2738 22.5
1 66.9684 21.7177 22.5
1 68.4132 23.1625 22.5
1 69.8653 24.6146 22.5
1 71.3105 26.0598 22.5
1 72.7549 27.5042 22.5
1 74.213 28.9623 22.5
1 75.6579 30.4071 22.5
1 77.1103 31.8595 22.5
1 78.5546 33.3038 22.5
1 79.9992 34.7485 22.5
1 81.4513 36.2006 22.5
1 82.896 37.6453 22.5
1 84.3402 39.0895 22.5
2 85.7985 8.9e-08 22.5
2 87.2427 1.44422 22.5
2 88.6876 2.88907 22.5
2 90.14 4.34149 22.5
2 91.5844 5.78588 22.5
2 93.0291 7.23066 22.5
2 94.4815 8.68305 22.5
2 95.9258 10.1273 22.5
2 97.3705 11.572 22.5
2 98.8287 13.0302 22.5
2 100.273 14.4747 22.5
2 101.726 15.9275 22.5
2 103.17 17.3715 22.5
2 104.615 18.8161 22.5
2 106.067 20.2682 22.5
2 107.511 21.7129 22.5
2 108.956 23.1576 22.5
2 110.413 24.615 22.5
2 111.858 26.0596 22.5
2 113.302 27.5039 22.5
2 114.755 28.9565 22.5
2 116.199 30.4009 22.5
2 117.644 31.846 22.5
2 119.101 33.3024 22.5
2 120.541 34.743 22.5
2 121.986 36.1874 22.5
2 123.444 37.6457 22.5
2 124.889 39.0906 22.5
2 126.341 40.5427 22.5
3 127.785 1.01e-07 22.5
3 129.23 1.44428 22.5
3 130.682 2.89659 22.5
3 132.126 4.34075 22.5
3 133.571 5.78569 22.5
3 135.03 7.24444 22.5
3 136.475 8.68925 22.5
3 137.919 10.1333 22.5
3 139.371 11.586 22.5
3 140.816 13.0308 22.5
3 142.26 14.4743 22.5
3 143.712 15.9266 22.5
3 145.156 17.3708 22.5
3 146.6 18.815 22.5
3 148.058 20.2732 22.5
3 149.503 21.7179 22.5
3 150.955 23.1698 22.5
3 152.4 24.6146 22.5
3 153.844 26.059 22.5
3 155.296 27.5108 22.5
3 156.74 28.9551 22.5
3 158.185 30.3993 22.5
3 159.643 31.8581 22.5
3 161.088 33.3023 22.5
3 162.532 34.7465 22.5
3 163.984 36.1989 22.5
3 165.428 37.6427 22.5
3 166.873 39.0873 22.5
3 168.325 40.5394 22.5
3 169.769 41.9838 22.5
4 171.213 9.1e-08 22.5
4 172.671 1.45819 22.5
4 174.116 2.90264 22.5
4 175.568 4.35495 22.5
4 177.013 5.79965 22.5
4 178.456 7.24316 22.5
4 179.908 8.69537 22.5
4 181.353 10.1396 22.5
4 182.797 11.5838 22.5
4 184.254 13.0415 22.5
4 185.699 14.4862 22.5
4 187.143 15.9302 22.5
4 188.596 17.3832 22.5
4 190.041 18.8279 22.5
4 191.485 20.2725 22.5
4 192.938 21.7246 22.5
4 194.386 23.1734 22.5
4 195.826 24.6132 22.5
4 197.284 26.0714 22.5
4 198.729 27.5161 22.5
4 200.182 28.9687 22.5
4 201.626 30.4133 22.5
4 203.07 31.857 22.5
4 204.522 33.3094 22.5
4 205.967 34.7537 22.5
4 207.411 36.1982 22.5
4 208.869 37.6562 22.5
4 210.314 39.1006 22.5
4 211.758 40.545 22.5
4 213.21 41.9974 22.5
5 214.655 8.6e-08 22.5
5 216.099 1.44455 22.5
5 217.551 2.89656 22.5
5 218.996 4.34133 22.5
5 220.44 5.78548 22.5
5 221.898 7.24295 22.5
5 223.342 8.68757 22.5
5 224.795 10.1401 22.5
5 226.239 11.5848 22.5
5 227.684 13.0293 22.5
5 229.136 14.4814 22.5
5 230.581 15.9258 22.5
5 232.025 17.37 22.5
5 233.483 18.8287 22.5
5 234.927 20.2725 22.5
5 236.372 21.7171 22.5
5 237.824 23.1694 22.5
5 239.268 24.6132 22.5
5 240.713 26.0578 22.5
5 242.165 27.5098 22.5
5 243.609 28.9542 22.5
5 245.053 30.3984 22.5
5 246.511 31.8567 22.5
5 247.956 33.3013 22.5
5 249.409 34.7538 22.5
5 250.853 36.1985 22.5
5 252.297 37.6423 22.5
5 253.749 39.0944 22.5
5 255.194 40.5388 22.5
5 256.638 41.9834 22.5
5 258.097 43.442 22.5
5 259.541 44.8862 22.5
6 260.985 9e-08 22.5
6 262.437 1.45208 22.5
6 263.88 2.89565 22.5
6 265.325 4.34029 22.5
6 266.777 5.79218 22.5
6 268.221 7.23658 22.5
6 269.666 8.6812 22.5
6 271.124 10.1389 22.5
6 272.568 11.5835 22.5
6 274.021 13.0358 22.5
6 275.465 14.4803 22.5
6 276.909 15.9246 22.5
6 278.361 17.3765 22.5
6 279.806 18.8209 22.5
6 281.25 20.2649 22.5
6 282.707 21.7227 22.5
6 284.152 23.1669 22.5
7 285.596 8.8e-08 22.5
7 287.048 1.45218 22.5
7 288.492 2.89644 22.5
7 289.936 4.34034 22.5
7 291.388 5.79238 22.5
7 292.833 7.23664 22.5
7 294.276 8.68053 22.5
7 295.734 10.1385 22.5
7 297.179 11.5829 22.5
8 298.631 7.4e-08 22.5
8 300.075 1.44409 22.5
8 301.519 2.88839 22.5
8 302.972 4.34095 22.5
8 304.416 5.7852 22.5
9 305.86 6.9e-08 22.5
9 307.319 1.45857 22.5
9 308.763 2.90257 22.5
10 310.206 7.6e-08 22.5
10 311.658 1.452 22.5
10 313.102 2.89591 23
11 314.546 6.5e-08 23
12 315.998 7e-08 23
12 317.442 1.44376 23
13 318.886 7.5e-08 23
13 320.343 1.45753 23
14 321.787 8e-08 23
15 323.239 7.1e-08 23
16 324.683 6.4e-08 23
16 326.126 1.44294 23
17 327.576 6.9e-08 23
18 329.018 7.6e-08 23
19 330.461 5.6e-08 23
19 331.912 1.45138 23
20 333.356 6.5e-08 23
21 334.799 6.6e-08 23
21 336.257 1.45748 23
22 337.701 6.8e-08 23
23 339.144 7e-08 23
24 340.596 5.8e-08 23
24 342.038 1.44248 23
25 343.48 7.3e-08 23
26 345.431 1.11e-07 23
26 346.872 1.44086 22.5
27 348.522 1.3e-07 23
27 349.971 1.4488 23
28 352.916 1.68e-07 23
28 354.359 1.44367 23
29 359.606 1.64e-07 23
29 361.047 1.44115 22.5
