0 6.22137 1.03e-07 20.5
0 9.11549 2.89412 20.5
0 10.5579 4.33649 20.5
0 12.0121 5.79071 20.5
1 13.4554 1.05e-07 20.5
1 14.8985 1.44312 20.5
1 16.3541 2.89877 20.5
1 17.7965 4.34119 20.5
1 19.2494 5.79401 20.5
2 20.6921 7.8e-08 20.5
2 22.1358 1.44367 20.5
2 23.5858 2.89374 20.5
2 25.0303 4.3382 20.5
3 26.4711 1.6e-07 20.5
3 27.929 1.45794 20.5
3 29.3718 2.90076 20.5
3 30.8129 4.34186 20.5
3 32.2649 5.79385 20.5
4 33.7079 8.1e-08 20.5
4 35.152 1.44404 20.5
4 36.6172 2.90927 20.5
4 38.0654 4.35747 20.5
4 39.5177 5.80976 20.5
4 40.9746 7.26666 20.5
5 42.4205 8.4e-08 20.5
5 43.8728 1.45238 20.5
5 45.317 2.89653 20.5
5 46.7612 4.3407 20.5
5 48.2125 5.79207 20.5
5 49.6716 7.25119 20.5
5 51.1231 8.70263 20.5
5 52.5648 10.1444 21
6 54.0083 1.05e-07 21
6 55.4596 1.45125 21
6 56.9187 2.91038 21
6 58.3671 4.35874 21
7 59.8192 7.3e-08 21
7 61.2634 1.44417 21
7 62.7076 2.88835 21.5
8 64.1754 7.9e-08 21.5
8 65.6188 1.44337 21.5
9 67.0699 1.24e-07 21.5
9 68.5133 1.44341 22
10 69.9562 6.2e-08 22
11 71.4219 6.2e-08 22
11 72.8653 1.44335 22
12 74.3084 1.11e-07 22
13 75.7597 6e-08 22
13 77.2016 1.44187 22
14 78.6691 7.5e-08 22
15 80.1167 7.2e-08 22
16 81.5595 6.9e-08 22
17 83.0172 6.5e-08 22
17 84.4608 1.44359 22
18 85.904 6.8e-08 22
19 87.361 7.2e-08 21.5
20 88.8037 1.2e-07 22
20 90.2495 1.4458 22
21 91.6956 7.2e-08 22
22 93.1375 6.1e-08 21
23 94.587 6.7e-08 22
23 96.0382 1.45126 22
24 97.4901 7.6e-08 21
25 98.9414 5.2e-08 22
25 100.388 1.44663 21
26 101.832 1.08e-07 22
26 103.284 1.45203 20.5
27 105.728 1.58e-07 22
27 107.178 1.4498 21
28 111.722 1.45e-07 22
28 113.163 1.4411 21
29 122.011 1.49e-07 22
29 123.452 1.44088 20.5
