        type trial_config ert_flop   unroll  buffers        nsize       trials       microsecs        bytes        flops         GB/s         GF/s
      double    coalesced        8        8        1           64     16777216    11902636.876   2147483648   1073741824        0.180        0.090
      double    coalesced        8        8        1          128     16777216    11902616.693   4294967296   2147483648        0.361        0.180
      double    coalesced        8        8        1          256     16777216    11902637.815   8589934592   4294967296        0.722        0.361
      double    coalesced        8        8        1          512      8388608     6546530.301   8589934592   4294967296        1.312        0.656
      double    coalesced        8        8        1         1024      4194304     3506181.183   8589934592   4294967296        2.450        1.225
      double    coalesced        8        8        1         2048      2097152     1819435.409   8589934592   4294967296        4.721        2.361
      double    coalesced        8        8        1         4096      1048576     1091191.134   8589934592   4294967296        7.872        3.936
      double    coalesced        8        8        1         8192       524288      682059.276   8589934592   4294967296       12.594        6.297
      double    coalesced        8        8        1        16384       262144      491080.291   8589934592   4294967296       17.492        8.746
      double    coalesced        8        8        1        32768       131072      401765.683   8589934592   4294967296       21.380       10.690
      double    coalesced        8        8        1        65536        65536      372060.202   8589934592   4294967296       23.087       11.544
      double    coalesced        8        8        1       131072        32768      353677.565   8589934592   4294967296       24.287       12.144
      double    coalesced        8        8        1       262144        16384      343182.522   8589934592   4294967296       25.030       12.515
      double    coalesced        8        8        1       524288         8192      338460.648   8589934592   4294967296       25.379       12.690
      double    coalesced        8        8        1      1048576         4096      335759.299   8589934592   4294967296       25.584       12.792
      double    coalesced        8        8        1      2097152         2048      334538.336   8589934592   4294967296       25.677       12.838
      double    coalesced        8        8        1      4194304         1024      333774.551   8589934592   4294967296       25.736       12.868
      double    coalesced        8        8        1      8388608          512      333429.554   8589934592   4294967296       25.762       12.881
      double    coalesced        8        8        1     16777216          256      333273.377   8589934592   4294967296       25.774       12.887
      double    coalesced        8        8        1     33554432          128      333170.897   8589934592   4294967296       25.782       12.891
      double    coalesced        8        8        1     67108864           64      333130.374   8589934592   4294967296       25.786       12.893
      double    coalesced        8        8        1    134217728           32      333126.786   8589934592   4294967296       25.786       12.893
      double    coalesced        8        8        1    268435456           16      333113.468   8589934592   4294967296       25.787       12.893
      double    coalesced        8        8        1    536870912            8      333112.224   8589934592   4294967296       25.787       12.893
      double    coalesced        8        8        1   1073741824            4      333077.142   8589934592   4294967296       25.790       12.895
      double    coalesced        8        8        1   2147483648            2      333063.189   8589934592   4294967296       25.791       12.895
      double    coalesced        8        8        1   4293918720            1      333028.467   8587837440   4293918720       25.787       12.894
