        type trial_config ert_flop   unroll  buffers        nsize       trials       microsecs        bytes        flops         GB/s         GF/s
       float    coalesced     3030        1        1            4     16777216   405874497.308    134217728  50834964480        0.000        0.125
       float    coalesced     3030        1        1            8     16777216   405874488.776    268435456 101669928960        0.001        0.250
       float    coalesced     3030        1        1           16     16777216   405874720.310    536870912 203339857920        0.001        0.501
       float    coalesced     3030        1        1           32     16777216   406563859.982   1073741824 406679715840        0.003        1.000
       float    coalesced     3030        1        1           64     16777216   407828197.555   2147483648 813359431680        0.005        1.994
       float    coalesced     3030        1        1          128     16777216   409406993.069   4294967296 1626718863360        0.010        3.973
       float    coalesced     3030        1        1          256     16777216   412420995.710   8589934592 3253437726720        0.021        7.889
       float    coalesced     3030        1        1          512      8388608   207943545.140   8589934592 3253437726720        0.041       15.646
       float    coalesced     3030        1        1         1024      4194304   105749377.190   8589934592 3253437726720        0.081       30.766
       float    coalesced     3030        1        1         2048      2097152    54553411.621   8589934592 3253437726720        0.157       59.638
       float    coalesced     3030        1        1         4096      1048576    29017205.609   8589934592 3253437726720        0.296      112.121
       float    coalesced     3030        1        1         8192       524288    16300885.481   8589934592 3253437726720        0.527      199.587
       float    coalesced     3030        1        1        16384       262144     9819864.972   8589934592 3253437726720        0.875      331.312
       float    coalesced     3030        1        1        32768       131072     6614926.856   8589934592 3253437726720        1.299      491.833
       float    coalesced     3030        1        1        65536        65536     5012389.743   8589934592 3253437726720        1.714      649.079
       float    coalesced     3030        1        1       131072        32768     4219665.849   8589934592 3253437726720        2.036      771.018
       float    coalesced     3030        1        1       262144        16384     3814843.025   8589934592 3253437726720        2.252      852.837
       float    coalesced     3030        1        1       524288         8192     3616629.293   8589934592 3253437726720        2.375      899.577
       float    coalesced     3030        1        1      1048576         4096     3516407.813   8589934592 3253437726720        2.443      925.216
       float    coalesced     3030        1        1      2097152         2048     3465285.045   8589934592 3253437726720        2.479      938.866
       float    coalesced     3030        1        1      4194304         1024     3440555.636   8589934592 3253437726720        2.497      945.614
       float    coalesced     3030        1        1      8388608          512     3428046.506   8589934592 3253437726720        2.506      949.065
       float    coalesced     3030        1        1     16777216          256     3421781.479   8589934592 3253437726720        2.510      950.802
       float    coalesced     3030        1        1     33554432          128     3418625.737   8589934592 3253437726720        2.513      951.680
       float    coalesced     3030        1        1     67108864           64     3417062.332   8589934592 3253437726720        2.514      952.115
       float    coalesced     3030        1        1    134217728           32     3416281.093   8589934592 3253437726720        2.514      952.333
       float    coalesced     3030        1        1    268435456           16     3415892.731   8589934592 3253437726720        2.515      952.441
       float    coalesced     3030        1        1    536870912            8     3415799.279   8589934592 3253437726720        2.515      952.467
       float    coalesced     3030        1        1   1073741824            4     3415622.311   8589934592 3253437726720        2.515      952.517
       float    coalesced     3030        1        1   2147483648            2     3415591.812   8589934592 3253437726720        2.515      952.525
       float    coalesced     3030        1        1   4293918720            1     3414689.631   8587837440 3252643430400        2.515      952.544
