0 3.35792 8.5e-08 21.5
0 6.25632 2.8984 21.5
0 7.69667 4.33875 21.5
0 9.15739 5.79947 21.5
0 10.6001 7.24214 21.5
0 12.043 8.68505 21.5
1 13.4935 9.1e-08 21.5
1 14.9329 1.43936 21.5
1 16.3749 2.8814 21.5
1 17.8413 4.34779 21.5
1 19.2936 5.80008 21.5
1 20.7651 7.27164 21.5
1 22.2134 8.71996 21.5
2 23.6558 6.7e-08 21.5
2 25.1066 1.4508 21.5
2 26.5702 2.91442 21.5
2 28.0377 4.38192 21.5
2 29.4965 5.84076 21.5
2 30.9383 7.28256 21.5
2 32.3876 8.73178 21.5
2 33.8501 10.1943 21.5
3 35.3064 6.9e-08 21.5
3 36.7479 1.44154 21.5
3 38.1905 2.88406 21.5
3 39.6572 4.35083 21.5
4 41.1041 9.1e-08 21.5
4 42.5464 1.44226 22
5 44.0129 6.9e-08 22.5
6 45.4612 8e-08 24
9 46.9117 5.2e-08 24.5
14 48.3751 5.1e-08 24.5
18 49.8233 5.1e-08 21.5
21 51.2736 5.1e-08 21.5
23 52.72 4.8e-08 21.5
24 54.1654 4.6e-08 21.5
25 56.9157 1.45e-07 21.5
26 61.9574 1.44e-07 21.5
