        type trial_config ert_flop   unroll  buffers        nsize       trials       microsecs        bytes        flops         GB/s         GF/s
        long    coalesced       13        8        2          128     16777216    10071829.457   4294967296   3489660928        0.426        0.346
        long    coalesced       13        8        2          256     16777216    10911029.687   8589934592   6979321856        0.787        0.640
        long    coalesced       13        8        2          512     16777216    10911041.041  17179869184  13958643712        1.575        1.279
        long    coalesced       13        8        2         1024      8388608     6266267.103  17179869184  13958643712        2.742        2.228
        long    coalesced       13        8        2         2048      4194304     3637322.077  17179869184  13958643712        4.723        3.838
        long    coalesced       13        8        2         4096      2097152     1964401.824  17179869184  13958643712        8.746        7.106
        long    coalesced       13        8        2         8192      1048576     1302118.605  17179869184  13958643712       13.194       10.720
        long    coalesced       13        8        2        16384       524288      947457.380  17179869184  13958643712       18.133       14.733
        long    coalesced       13        8        2        32768       262144      772254.554  17179869184  13958643712       22.246       18.075
        long    coalesced       13        8        2        65536       131072      682268.261  17179869184  13958643712       25.181       20.459
        long    coalesced       13        8        2       131072        65536      643971.316  17179869184  13958643712       26.678       21.676
        long    coalesced       13        8        2       262144        32768      623029.822  17179869184  13958643712       27.575       22.404
        long    coalesced       13        8        2       524288        16384      611561.362  17179869184  13958643712       28.092       22.825
        long    coalesced       13        8        2      1048576         8192      606414.344  17179869184  13958643712       28.330       23.018
        long    coalesced       13        8        2      2097152         4096      603460.878  17179869184  13958643712       28.469       23.131
        long    coalesced       13        8        2      4194304         2048      602180.393  17179869184  13958643712       28.529       23.180
        long    coalesced       13        8        2      8388608         1024      601376.293  17179869184  13958643712       28.568       23.211
        long    coalesced       13        8        2     16777216          512      601051.380  17179869184  13958643712       28.583       23.224
        long    coalesced       13        8        2     33554432          256      600875.892  17179869184  13958643712       28.591       23.230
        long    coalesced       13        8        2     67108864          128      600791.028  17179869184  13958643712       28.595       23.234
        long    coalesced       13        8        2    134217728           64      600724.694  17179869184  13958643712       28.599       23.236
        long    coalesced       13        8        2    268435456           32      600702.345  17179869184  13958643712       28.600       23.237
        long    coalesced       13        8        2    536870912           16      600707.096  17179869184  13958643712       28.599       23.237
        long    coalesced       13        8        2   1073741824            8      600647.115  17179869184  13958643712       28.602       23.239
        long    coalesced       13        8        2   2147483648            4      600704.591  17179869184  13958643712       28.600       23.237
        long    coalesced       13        8        2   4294967296            2      600671.676  17179869184  13958643712       28.601       23.238
        long    coalesced       13        8        2   8588886016            1      600561.626  17177772032  13956939776       28.603       23.240
