        type trial_config ert_flop   unroll  buffers        nsize       trials       microsecs        bytes        flops         GB/s         GF/s
       float    coalesced        6      256        1         1024      4194304     2518230.087   8589934592   6442450944        3.411        2.558
       float    coalesced        6      256        1         2048      2097152     1488145.142   8589934592   6442450944        5.772        4.329
       float    coalesced        6      256        1         4096      1048576      867107.020   8589934592   6442450944        9.906        7.430
       float    coalesced        6      256        1         8192       524288      584835.663   8589934592   6442450944       14.688       11.016
       float    coalesced        6      256        1        16384       262144      436816.676   8589934592   6442450944       19.665       14.749
       float    coalesced        6      256        1        32768       131072      363863.303   8589934592   6442450944       23.608       17.706
       float    coalesced        6      256        1        65536        65536      325916.949   8589934592   6442450944       26.356       19.767
       float    coalesced        6      256        1       131072        32768      307149.477   8589934592   6442450944       27.967       20.975
       float    coalesced        6      256        1       262144        16384      298611.933   8589934592   6442450944       28.766       21.575
       float    coalesced        6      256        1       524288         8192      293181.590   8589934592   6442450944       29.299       21.974
       float    coalesced        6      256        1      1048576         4096      290818.140   8589934592   6442450944       29.537       22.153
       float    coalesced        6      256        1      2097152         2048      289583.642   8589934592   6442450944       29.663       22.247
       float    coalesced        6      256        1      4194304         1024      289005.475   8589934592   6442450944       29.722       22.292
       float    coalesced        6      256        1      8388608          512      288717.177   8589934592   6442450944       29.752       22.314
       float    coalesced        6      256        1     16777216          256      288658.419   8589934592   6442450944       29.758       22.319
       float    coalesced        6      256        1     33554432          128      288562.456   8589934592   6442450944       29.768       22.326
       float    coalesced        6      256        1     67108864           64      288491.769   8589934592   6442450944       29.775       22.331
       float    coalesced        6      256        1    134217728           32      288490.557   8589934592   6442450944       29.775       22.332
       float    coalesced        6      256        1    268435456           16      288488.695   8589934592   6442450944       29.776       22.332
       float    coalesced        6      256        1    536870912            8      288473.365   8589934592   6442450944       29.777       22.333
       float    coalesced        6      256        1   1073741824            4      288465.661   8589934592   6442450944       29.778       22.334
       float    coalesced        6      256        1   2147483648            2      288512.945   8589934592   6442450944       29.773       22.330
       float    coalesced        6      256        1   4293918720            1      288431.863   8587837440   6440878080       29.774       22.331
