0 6.00074 7.3e-08 20.5
0 8.88677 2.88603 20.5
0 10.3381 4.33734 20.5
0 11.781 5.78024 21
1 13.227 8.4e-08 21
1 14.6816 1.45458 20.5
1 16.1277 2.90066 20.5
1 17.5707 4.34366 21
2 19.0213 6.8e-08 21
2 20.465 1.44362 21
2 21.9082 2.88686 21
2 23.361 4.33967 21
2 24.8031 5.78177 21
3 26.2524 7.2e-08 21
3 27.701 1.44864 21.5
4 29.1457 6.4e-08 21.5
4 30.5956 1.44994 22
5 32.0388 6.3e-08 22.5
7 33.481 5.4e-08 24
9 34.9354 6.4e-08 24
12 36.3763 5.5e-08 24
14 37.8271 7.7e-08 24
17 39.2789 4.7e-08 24
19 40.7222 7.4e-08 21.5
21 42.171 6.8e-08 24.5
23 44.622 1.12e-07 21
24 47.2749 1.54e-07 21
25 52.0216 1.44e-07 21
26 61.0688 1.46e-07 21
