        type trial_config ert_flop   unroll  buffers        nsize       trials       microsecs        bytes        flops         GB/s         GF/s
 signed_char    coalesced       16       64        2          128     16777216     9352107.602   4294967296  34359738368        0.459        3.674
 signed_char    coalesced       16       64        2          256     16777216     9698392.980   8589934592  68719476736        0.886        7.086
 signed_char    coalesced       16       64        2          512     16777216    10071479.825  17179869184 137438953472        1.706       13.646
 signed_char    coalesced       16       64        2         1024      8388608     5539652.732  17179869184 137438953472        3.101       24.810
 signed_char    coalesced       16       64        2         2048      4194304     3273326.849  17179869184 137438953472        5.248       41.988
 signed_char    coalesced       16       64        2         4096      2097152     1818561.299  17179869184 137438953472        9.447       75.576
 signed_char    coalesced       16       64        2         8192      1048576     1169143.927  17179869184 137438953472       14.694      117.555
 signed_char    coalesced       16       64        2        16384       524288      909337.547  17179869184 137438953472       18.893      151.142
 signed_char    coalesced       16       64        2        32768       262144      744483.832  17179869184 137438953472       23.076      184.610
 signed_char    coalesced       16       64        2        65536       131072      667219.705  17179869184 137438953472       25.748      205.988
 signed_char    coalesced       16       64        2       131072        65536      625201.206  17179869184 137438953472       27.479      219.832
 signed_char    coalesced       16       64        2       262144        32768      605904.556  17179869184 137438953472       28.354      226.833
 signed_char    coalesced       16       64        2       524288        16384      595856.164  17179869184 137438953472       28.832      230.658
 signed_char    coalesced       16       64        2      1048576         8192      590222.644  17179869184 137438953472       29.107      232.860
 signed_char    coalesced       16       64        2      2097152         4096      587717.228  17179869184 137438953472       29.232      233.852
 signed_char    coalesced       16       64        2      4194304         2048      586397.625  17179869184 137438953472       29.297      234.378
 signed_char    coalesced       16       64        2      8388608         1024      585734.370  17179869184 137438953472       29.330      234.644
 signed_char    coalesced       16       64        2     16777216          512      585449.160  17179869184 137438953472       29.345      234.758
 signed_char    coalesced       16       64        2     33554432          256      585298.024  17179869184 137438953472       29.352      234.819
 signed_char    coalesced       16       64        2     67108864          128      585242.015  17179869184 137438953472       29.355      234.841
 signed_char    coalesced       16       64        2    134217728           64      585216.793  17179869184 137438953472       29.356      234.851
 signed_char    coalesced       16       64        2    268435456           32      585156.360  17179869184 137438953472       29.359      234.876
 signed_char    coalesced       16       64        2    536870912           16      585159.592  17179869184 137438953472       29.359      234.874
 signed_char    coalesced       16       64        2   1073741824            8      585144.696  17179869184 137438953472       29.360      234.880
 signed_char    coalesced       16       64        2   2147483648            4      585176.913  17179869184 137438953472       29.358      234.867
 signed_char    coalesced       16       64        2   4294967296            2      585147.887  17179869184 137438953472       29.360      234.879
 signed_char    coalesced       16       64        2   8588886016            1      585116.577  17177772032 137422176256       29.358      234.863
