0 3.3932 9.5e-08 27
0 6.27997 2.88677 27
0 7.72622 4.33301 27
0 9.16955 5.77635 27
0 10.6156 7.22242 27
0 12.0659 8.6727 27
0 13.5092 10.116 27
0 14.9499 11.5567 27
0 16.4006 13.0074 27
1 17.843 9.2e-08 27
1 19.2862 1.44322 27
1 20.7364 2.89335 27.5
1 22.1946 4.35152 27.5
2 23.6418 1.18e-07 27.5
2 25.0918 1.44999 27.5
2 26.5386 2.89673 27.5
3 27.987 7.8e-08 28
4 29.4441 6.9e-08 29.5
6 30.9031 6.9e-08 31
11 32.3593 8.5e-08 29
16 33.8027 7.5e-08 28
20 35.246 7.5e-08 27.5
22 37.5975 1.45e-07 27.5
23 40.2403 1.71e-07 27.5
24 45.1815 1.71e-07 27.5
