0 6.54034 9.1e-08 22.5
0 9.43292 2.89257 22.5
0 10.8769 4.33658 22.5
0 12.3272 5.78688 22.5
0 13.77 7.22966 22.5
0 15.2123 8.67193 22.5
0 16.6638 10.1234 22.5
1 18.1086 7.2e-08 22.5
1 19.5516 1.44301 22.5
1 21.0093 2.90074 22.5
1 22.4542 4.34567 22.5
1 23.8959 5.78735 22.5
1 25.3456 7.23703 22.5
1 26.7896 8.68106 22.5
1 28.2314 10.1229 22.5
2 29.6834 7.8e-08 22.5
2 31.1305 1.44711 22.5
2 32.5744 2.89103 22.5
2 34.0224 4.33905 22.5
3 35.4663 7.6e-08 23
3 36.9108 1.4445 22.5
3 38.3689 2.90255 23
4 39.8132 6.4e-08 24
5 41.2654 7.1e-08 24.5
6 42.7097 5.9e-08 25
8 44.1544 5.8e-08 25.5
10 45.6067 7.4e-08 25.5
12 47.0504 7.6e-08 25.5
14 48.4954 5.2e-08 25.5
16 49.9536 6.5e-08 25.5
19 51.598 2e-07 25.5
21 53.5424 1.18e-07 24
22 55.2932 1.86e-07 22.5
23 58.0353 1.35e-07 22.5
24 62.6797 1.72e-07 22.5
25 71.8345 1.54e-07 22.5
