        type trial_config ert_flop   unroll  buffers        nsize       trials       microsecs        bytes        flops         GB/s         GF/s
        long    coalesced        1        4        1           32     16777216     5692844.568   1073741824     67108864        0.189        0.012
        long    coalesced        1        4        1           64     16777216     5951582.962   2147483648    134217728        0.361        0.023
        long    coalesced        1        4        1          128     16777216     6235013.905   4294967296    268435456        0.689        0.043
        long    coalesced        1        4        1          256     16777216     6891270.903   8589934592    536870912        1.246        0.078
        long    coalesced        1        4        1          512      8388608     4091872.375   8589934592    536870912        2.099        0.131
        long    coalesced        1        4        1         1024      4194304     2338356.914   8589934592    536870912        3.673        0.230
        long    coalesced        1        4        1         2048      2097152     1372959.318   8589934592    536870912        6.257        0.391
        long    coalesced        1        4        1         4096      1048576      909558.636   8589934592    536870912        9.444        0.590
        long    coalesced        1        4        1         8192       524288      682234.738   8589934592    536870912       12.591        0.787
        long    coalesced        1        4        1        16384       262144      584865.754   8589934592    536870912       14.687        0.918
        long    coalesced        1        4        1        32768       131072      511753.494   8589934592    536870912       16.785        1.049
        long    coalesced        1        4        1        65536        65536      493022.587   8589934592    536870912       17.423        1.089
        long    coalesced        1        4        1       131072        32768      474988.305   8589934592    536870912       18.085        1.130
        long    coalesced        1        4        1       262144        16384      466105.992   8589934592    536870912       18.429        1.152
        long    coalesced        1        4        1       524288         8192      461468.172   8589934592    536870912       18.614        1.163
        long    coalesced        1        4        1      1048576         4096      459245.257   8589934592    536870912       18.704        1.169
        long    coalesced        1        4        1      2097152         2048      458179.648   8589934592    536870912       18.748        1.172
        long    coalesced        1        4        1      4194304         1024      457628.198   8589934592    536870912       18.771        1.173
        long    coalesced        1        4        1      8388608          512      457404.701   8589934592    536870912       18.780        1.174
        long    coalesced        1        4        1     16777216          256      457217.114   8589934592    536870912       18.787        1.174
        long    coalesced        1        4        1     33554432          128      457137.589   8589934592    536870912       18.791        1.174
        long    coalesced        1        4        1     67108864           64      457157.049   8589934592    536870912       18.790        1.174
        long    coalesced        1        4        1    134217728           32      457115.906   8589934592    536870912       18.792        1.174
        long    coalesced        1        4        1    268435456           16      457138.721   8589934592    536870912       18.791        1.174
        long    coalesced        1        4        1    536870912            8      457059.990   8589934592    536870912       18.794        1.175
        long    coalesced        1        4        1   1073741824            4      457099.524   8589934592    536870912       18.792        1.175
        long    coalesced        1        4        1   2147483648            2      457074.672   8589934592    536870912       18.793        1.175
        long    coalesced        1        4        1   4293918720            1      456968.110   8587837440    536739840       18.793        1.175
