        type trial_config ert_flop   unroll  buffers        nsize       trials       microsecs        bytes        flops         GB/s         GF/s
        long    coalesced        4        8        2          128     16777216     6891373.796   4294967296   1073741824        0.623        0.156
        long    coalesced        4        8        2          256     16777216     7274135.895   8589934592   2147483648        1.181        0.295
        long    coalesced        4        8        2          512     16777216     7702016.924  17179869184   4294967296        2.231        0.558
        long    coalesced        4        8        2         1024      8388608     4364707.205  17179869184   4294967296        3.936        0.984
        long    coalesced        4        8        2         2048      4194304     2543728.249  17179869184   4294967296        6.754        1.688
        long    coalesced        4        8        2         4096      2097152     1488277.053  17179869184   4294967296       11.543        2.886
        long    coalesced        4        8        2         8192      1048576      963144.775  17179869184   4294967296       17.837        4.459
        long    coalesced        4        8        2        16384       524288      721964.113  17179869184   4294967296       23.796        5.949
        long    coalesced        4        8        2        32768       262144      614288.683  17179869184   4294967296       27.967        6.992
        long    coalesced        4        8        2        65536       131072      594970.323  17179869184   4294967296       28.875        7.219
        long    coalesced        4        8        2       131072        65536      575211.021  17179869184   4294967296       29.867        7.467
        long    coalesced        4        8        2       262144        32768      569086.384  17179869184   4294967296       30.189        7.547
        long    coalesced        4        8        2       524288        16384      566306.976  17179869184   4294967296       30.337        7.584
        long    coalesced        4        8        2      1048576         8192      564666.107  17179869184   4294967296       30.425        7.606
        long    coalesced        4        8        2      2097152         4096      563906.790  17179869184   4294967296       30.466        7.616
        long    coalesced        4        8        2      4194304         2048      563455.667  17179869184   4294967296       30.490        7.623
        long    coalesced        4        8        2      8388608         1024      563273.540  17179869184   4294967296       30.500        7.625
        long    coalesced        4        8        2     16777216          512      563146.291  17179869184   4294967296       30.507        7.627
        long    coalesced        4        8        2     33554432          256      563144.154  17179869184   4294967296       30.507        7.627
        long    coalesced        4        8        2     67108864          128      563088.523  17179869184   4294967296       30.510        7.628
        long    coalesced        4        8        2    134217728           64      563116.320  17179869184   4294967296       30.509        7.627
        long    coalesced        4        8        2    268435456           32      563062.328  17179869184   4294967296       30.511        7.628
        long    coalesced        4        8        2    536870912           16      563055.281  17179869184   4294967296       30.512        7.628
        long    coalesced        4        8        2   1073741824            8      563079.268  17179869184   4294967296       30.511        7.628
        long    coalesced        4        8        2   2147483648            4      563019.930  17179869184   4294967296       30.514        7.628
        long    coalesced        4        8        2   4294967296            2      563054.602  17179869184   4294967296       30.512        7.628
        long    coalesced        4        8        2   8588886016            1      562987.965  17177772032   4294443008       30.512        7.628
