        type trial_config ert_flop   unroll  buffers        nsize       trials       microsecs        bytes        flops         GB/s         GF/s
      double    coalesced       16        1        1            8     16777216    17457122.179    268435456    268435456        0.015        0.015
      double    coalesced       16        1        1           16     16777216    17457081.456    536870912    536870912        0.031        0.031
      double    coalesced       16        1        1           32     16777216    17924656.082   1073741824   1073741824        0.060        0.060
      double    coalesced       16        1        1           64     16777216    18704025.624   2147483648   2147483648        0.115        0.115
      double    coalesced       16        1        1          128     16777216    20142801.892   4294967296   4294967296        0.213        0.213
      double    coalesced       16        1        1          256     16777216    21821336.461   8589934592   8589934592        0.394        0.394
      double    coalesced       16        1        1          512      8388608    12589288.483   8589934592   8589934592        0.682        0.682
      double    coalesced       16        1        1         1024      4194304     7273859.392   8589934592   8589934592        1.181        1.181
      double    coalesced       16        1        1         2048      2097152     4553243.618   8589934592   8589934592        1.887        1.887
      double    coalesced       16        1        1         4096      1048576     3273311.781   8589934592   8589934592        2.624        2.624
      double    coalesced       16        1        1         8192       524288     2603785.413   8589934592   8589934592        3.299        3.299
      double    coalesced       16        1        1        16384       262144     2265059.260   8589934592   8589934592        3.792        3.792
      double    coalesced       16        1        1        32768       131072     2045870.741   8589934592   8589934592        4.199        4.199
      double    coalesced       16        1        1        65536        65536     2011761.630   8589934592   8589934592        4.270        4.270
      double    coalesced       16        1        1       131072        32768     1967175.744   8589934592   8589934592        4.367        4.367
      double    coalesced       16        1        1       262144        16384     1946439.714   8589934592   8589934592        4.413        4.413
      double    coalesced       16        1        1       524288         8192     1936279.988   8589934592   8589934592        4.436        4.436
      double    coalesced       16        1        1      1048576         4096     1930784.812   8589934592   8589934592        4.449        4.449
      double    coalesced       16        1        1      2097152         2048     1928188.776   8589934592   8589934592        4.455        4.455
      double    coalesced       16        1        1      4194304         1024     1926797.896   8589934592   8589934592        4.458        4.458
      double    coalesced       16        1        1      8388608          512     1926025.599   8589934592   8589934592        4.460        4.460
      double    coalesced       16        1        1     16777216          256     1925917.407   8589934592   8589934592        4.460        4.460
      double    coalesced       16        1        1     33554432          128     1925694.738   8589934592   8589934592        4.461        4.461
      double    coalesced       16        1        1     67108864           64     1925646.113   8589934592   8589934592        4.461        4.461
      double    coalesced       16        1        1    134217728           32     1925623.814   8589934592   8589934592        4.461        4.461
      double    coalesced       16        1        1    268435456           16     1925566.819   8589934592   8589934592        4.461        4.461
      double    coalesced       16        1        1    536870912            8     1925556.561   8589934592   8589934592        4.461        4.461
      double    coalesced       16        1        1   1073741824            4     1925542.240   8589934592   8589934592        4.461        4.461
      double    coalesced       16        1        1   2147483648            2     1925550.486   8589934592   8589934592        4.461        4.461
      double    coalesced       16        1        1   4293918720            1     1925078.786   8587837440   8587837440        4.461        4.461
