0 3.5159 6.3e-08 26.5
0 6.40877 2.89288 26.5
0 7.85515 4.33926 26.5
0 9.29424 5.77835 26.5
0 10.748 7.23212 26.5
0 12.1902 8.67428 26.5
0 13.6333 10.1174 26.5
0 15.09 11.5741 26.5
0 16.5303 13.0144 26.5
0 17.9735 14.4576 26.5
0 19.4243 15.9084 26.5
0 20.8672 17.3514 26.5
0 22.3104 18.7945 26.5
0 23.7771 20.2612 26.5
0 25.2297 21.7138 26.5
0 26.702 23.1861 26.5
0 28.154 24.6381 26.5
0 29.597 26.0811 26.5
0 31.0683 27.5525 26.5
0 32.5201 29.0042 26.5
0 33.9702 30.4543 26.5
0 35.4343 31.9184 26.5
0 36.8863 33.3704 26.5
0 38.3356 34.8197 26.5
0 39.799 36.2831 26.5
0 41.2535 37.7377 26.5
0 42.697 39.1811 26.5
0 44.1616 40.6457 26.5
0 45.6164 42.1005 26.5
0 47.0588 43.5429 26.5
0 48.4999 44.984 26.5
0 49.9662 46.4503 26.5
0 51.4093 47.8934 26.5
0 52.8705 49.3546 26.5
0 54.328 50.8121 26.5
0 55.7611 52.2452 26.5
0 57.231 53.7151 26.5
0 58.6724 55.1565 26.5
0 60.1143 56.5984 26.5
0 61.5651 58.0492 26.5
0 63.0087 59.4928 26.5
0 64.4522 60.9363 26.5
0 65.926 62.4101 26.5
0 67.3673 63.8514 26.5
0 68.8341 65.3182 26.5
0 70.278 66.7621 26.5
0 71.7209 68.205 26.5
0 73.1725 69.6566 26.5
0 74.626 71.1101 26.5
0 76.0699 72.5541 26.5
0 77.5378 74.0219 26.5
0 78.9817 75.4658 26.5
0 80.4338 76.9179 26.5
0 81.8774 78.3615 26.5
0 83.3427 79.8268 26.5
0 84.7925 81.2766 26.5
0 86.2352 82.7193 26.5
0 87.684 84.1681 26.5
0 89.1342 85.6183 26.5
0 90.5766 87.0607 26.5
0 92.0192 88.5033 26.5
0 93.4765 89.9606 26.5
0 94.9207 91.4048 26.5
0 96.3828 92.8669 26.5
0 97.8266 94.3107 26.5
0 99.2704 95.7545 26.5
0 100.728 97.2126 26.5
0 102.182 98.6661 26.5
0 103.624 100.108 26.5
0 105.074 101.558 26.5
0 106.517 103.001 26.5
0 107.96 104.444 26.5
0 109.412 105.896 26.5
0 110.877 107.361 26.5
0 112.328 108.812 26.5
0 113.771 110.255 26.5
0 115.215 111.699 26.5
0 116.667 113.151 26.5
0 118.127 114.611 26.5
0 119.571 116.055 26.5
0 121.022 117.506 26.5
0 122.466 118.95 26.5
0 123.908 120.392 26.5
0 125.358 121.842 26.5
0 126.801 123.285 26.5
0 128.245 124.729 26.5
0 129.696 126.181 26.5
0 131.14 127.624 26.5
0 132.583 129.067 26.5
0 134.034 130.518 26.5
0 135.476 131.96 26.5
0 136.919 133.403 26.5
0 138.377 134.861 26.5
0 139.83 136.315 26.5
0 141.281 137.765 26.5
0 142.723 139.207 26.5
0 144.166 140.65 26.5
0 145.617 142.101 26.5
0 147.06 143.544 26.5
0 148.502 144.986 26.5
0 149.952 146.436 26.5
0 151.394 147.878 26.5
0 152.837 149.321 26.5
0 154.307 150.791 26.5
0 155.748 152.232 26.5
0 157.19 153.674 26.5
0 158.645 155.129 26.5
0 160.087 156.571 26.5
0 161.529 158.013 26.5
0 162.979 159.463 26.5
0 164.42 160.905 26.5
0 165.863 162.347 26.5
0 167.313 163.798 26.5
0 168.756 165.24 26.5
0 170.197 166.681 26.5
0 171.647 168.131 26.5
0 173.098 169.583 26.5
0 174.54 171.024 26.5
0 175.997 172.481 26.5
0 177.449 173.934 26.5
0 178.898 175.382 26.5
0 180.341 176.825 26.5
0 181.784 178.268 26.5
0 183.234 179.718 26.5
0 184.676 181.16 26.5
0 186.118 182.602 26.5
0 187.585 184.07 26.5
0 189.022 185.506 26.5
0 190.464 186.948 26.5
0 191.931 188.415 26.5
0 193.372 189.856 26.5
0 194.813 191.297 26.5
0 196.262 192.747 26.5
0 197.704 194.188 26.5
0 199.146 195.63 26.5
0 200.596 197.08 26.5
0 202.039 198.523 26.5
0 203.495 199.979 26.5
0 204.944 201.428 26.5
0 206.386 202.871 26.5
0 207.828 204.312 26.5
0 209.278 205.762 26.5
0 210.737 207.221 26.5
0 212.18 208.664 26.5
0 213.629 210.113 26.5
0 215.072 211.556 26.5
0 216.514 212.998 26.5
0 217.964 214.448 26.5
0 219.406 215.89 26.5
0 220.857 217.341 26.5
0 222.313 218.797 26.5
0 223.754 220.238 26.5
0 225.203 221.687 26.5
0 226.646 223.13 26.5
0 228.087 224.572 26.5
0 229.554 226.038 26.5
0 230.997 227.482 26.5
0 232.432 228.916 26.5
0 233.888 230.372 26.5
0 235.33 231.814 26.5
0 236.766 233.25 26.5
0 238.222 234.707 26.5
0 239.664 236.148 26.5
0 241.1 237.584 26.5
0 242.557 239.041 26.5
0 244.014 240.498 26.5
0 245.457 241.941 26.5
0 246.906 243.39 26.5
0 248.353 244.837 26.5
0 249.795 246.279 26.5
0 251.245 247.729 26.5
0 252.688 249.172 26.5
0 254.129 250.614 26.5
0 255.58 252.064 26.5
0 257.023 253.507 26.5
0 258.465 254.949 26.5
0 259.915 256.399 26.5
0 261.358 257.842 26.5
0 262.8 259.284 26.5
0 264.25 260.734 26.5
0 265.693 262.177 26.5
0 267.135 263.619 26.5
0 268.584 265.069 26.5
0 270.043 266.527 26.5
0 271.485 267.969 26.5
0 272.935 269.419 26.5
0 274.378 270.862 26.5
0 275.82 272.304 26.5
0 277.27 273.754 26.5
0 278.713 275.197 26.5
0 280.164 276.648 26.5
0 281.616 278.1 26.5
0 283.058 279.542 26.5
0 284.509 280.993 26.5
0 285.952 282.436 26.5
0 287.394 283.878 26.5
0 288.86 285.344 26.5
0 290.303 286.788 26.5
0 291.746 288.23 26.5
0 293.195 289.68 26.5
0 294.639 291.123 26.5
0 296.082 292.566 26.5
0 297.532 294.016 26.5
0 298.975 295.459 26.5
1 300.418 7.2e-08 26.5
1 301.87 1.45106 26.5
1 303.313 2.89405 26.5
1 304.755 4.33629 27
1 306.205 5.78697 26.5
1 307.647 7.22889 26.5
1 309.088 8.66987 26.5
1 310.549 10.1308 27
1 311.991 11.5722 26.5
1 313.433 13.0141 26.5
1 314.899 14.4803 26.5
1 316.334 15.916 26.5
1 317.777 17.3586 26.5
1 319.233 18.815 26.5
1 320.669 20.2509 26.5
1 322.123 21.7042 26.5
1 323.573 23.1546 26.5
1 325.016 24.5971 26.5
1 326.458 26.0397 26.5
1 327.908 27.4897 26.5
1 329.352 28.9331 27
1 330.803 30.3845 26.5
1 332.246 31.8275 26.5
1 333.703 33.2842 26.5
1 335.152 34.7339 26.5
1 336.595 36.1767 26.5
1 338.038 37.6193 26.5
1 339.488 39.0694 26.5
1 340.947 40.5283 26.5
1 342.39 41.9712 26.5
1 343.84 43.4212 26.5
1 345.282 44.8639 27
1 346.725 46.3069 26.5
1 348.176 47.7579 26.5
1 349.619 49.2008 26.5
1 351.063 50.6445 26.5
1 352.514 52.096 26.5
1 353.957 53.5384 26.5
1 355.41 54.9916 26.5
1 356.861 56.4423 26.5
1 358.302 57.8837 26.5
1 359.745 59.3265 26.5
1 361.197 60.7781 26.5
1 362.638 62.2194 26.5
1 364.08 63.6615 27
1 365.531 65.1125 26.5
1 366.977 66.559 26.5
1 368.419 68.001 26.5
1 369.87 69.4516 26.5
1 371.313 70.8944 26.5
1 372.754 72.3358 26.5
1 374.22 73.8012 26.5
1 375.662 75.244 26.5
1 377.099 76.6806 26.5
1 378.555 78.1365 26.5
1 379.998 79.5795 27
1 381.44 81.022 27
1 382.891 82.4722 27
1 384.333 83.915 26.5
1 385.777 85.3581 26.5
1 387.227 86.809 26.5
1 388.686 88.2673 27
1 390.136 89.718 26.5
1 391.58 91.1611 26.5
1 393.028 92.6093 26.5
1 394.485 94.0664 26.5
1 395.921 95.5026 27
1 397.364 96.9454 26.5
1 398.821 98.4022 26.5
1 400.257 99.8387 26.5
1 401.7 101.281 26.5
1 403.157 102.739 27
1 404.616 104.198 27
1 406.059 105.64 26.5
1 407.51 107.092 26.5
1 408.953 108.535 26.5
1 410.397 109.978 27
1 411.865 111.446 27
1 413.308 112.89 27
1 414.745 114.326 27
1 416.203 115.784 26.5
1 417.647 117.228 27
1 419.099 118.68 26.5
1 420.542 120.124 27
1 421.984 121.566 27
1 423.437 123.018 27
1 424.881 124.462 26.5
1 426.334 125.915 27
1 427.785 127.367 27
1 429.229 128.81 27
1 430.673 130.254 27
1 432.13 131.712 26.5
1 433.583 133.165 26.5
1 435.027 134.608 27
1 436.479 136.06 27
1 437.922 137.504 27
1 439.365 138.947 27
1 440.817 140.399 27
1 442.262 141.843 26.5
1 443.706 143.287 27
1 445.163 144.744 27
1 446.607 146.188 27
1 448.051 147.632 27
1 449.502 149.083 27
1 450.945 150.527 26.5
1 452.394 151.976 26.5
1 453.851 153.432 27
1 455.295 154.876 27
1 456.738 156.319 27
1 458.189 157.771 26.5
1 459.632 159.214 27
1 461.076 160.657 27
1 462.526 162.108 27
1 463.97 163.552 27
1 465.422 165.004 27
1 466.877 166.458 27
1 468.32 167.901 27
1 469.771 169.353 27
1 471.22 170.802 27
1 472.664 172.246 27
1 474.122 173.703 27
1 475.559 175.141 27
1 477.002 176.583 27
1 478.459 178.041 27
1 479.903 179.485 27
1 481.34 180.921 27
1 482.797 182.378 27
1 484.241 183.823 27
1 485.701 185.282 26.5
1 487.153 186.734 27
1 488.597 188.178 27
1 490.04 189.621 27
1 491.491 191.072 27
1 492.951 192.533 27
1 494.395 193.976 27
1 495.845 195.427 27
1 497.288 196.87 27
1 498.74 198.322 26.5
1 500.183 199.765 26.5
1 501.627 201.208 27
1 503.079 202.66 27
1 504.533 204.114 27
1 505.976 205.557 27
1 507.428 207.009 27
1 508.872 208.454 27
1 510.316 209.897 27
1 511.782 211.364 27
1 513.226 212.808 27
1 514.67 214.252 27
1 516.121 215.702 27
1 517.564 217.145 27
1 519.008 218.59 27
1 520.46 220.042 27
1 521.903 221.484 27
1 523.346 222.928 27
1 524.798 224.38 27
1 526.251 225.833 27
1 527.694 227.276 27
1 529.146 228.728 27
1 530.595 230.177 27
1 532.038 231.62 27
1 533.496 233.078 26.5
1 534.933 234.514 27
1 536.375 235.957 26.5
1 537.833 237.414 27
1 539.269 238.851 27
1 540.712 240.294 27
1 542.17 241.751 27
1 543.614 243.195 27
1 545.08 244.662 27
1 546.523 246.104 27
1 547.966 247.547 27
1 549.418 248.999 27
1 550.861 250.443 27
1 552.309 251.891 27
1 553.761 253.343 27
1 555.204 254.785 27
1 556.648 256.23 27
1 558.106 257.688 27
1 559.55 259.131 27
1 560.986 260.568 27
1 562.444 262.025 27
1 563.888 263.469 27
1 565.324 264.906 27
1 566.792 266.373 27
1 568.236 267.817 27
1 569.68 269.261 27
1 571.13 270.712 27
1 572.574 272.156 27
1 574.018 273.6 27
1 575.469 275.05 27
1 576.912 276.493 27
1 578.361 277.942 27
1 579.812 279.394 27
1 581.256 280.837 27
1 582.699 282.281 27
1 584.15 283.732 27
1 585.61 285.192 27
1 587.054 286.636 26.5
1 588.505 288.087 27
1 589.949 289.531 27
1 591.401 290.983 27
1 592.845 292.426 26.5
1 594.288 293.87 26.5
1 595.74 295.321 27
2 597.183 8.2e-08 27
2 598.626 1.44322 27
2 600.077 2.89439 27
2 601.521 4.33805 27
2 602.965 5.78195 27
2 604.421 7.23792 27
2 605.863 8.68021 27
2 607.306 10.1236 27
2 608.759 11.5763 27
2 610.203 13.0205 27
2 611.652 14.4692 26.5
2 613.11 15.9275 27
2 614.548 17.3651 27
2 615.991 18.8083 27
2 617.449 20.2658 27
2 618.908 21.725 27
2 620.352 23.1691 27
2 621.804 24.6208 27
2 623.252 26.0692 27
2 624.695 27.5119 27
2 626.146 28.9631 27
2 627.59 30.4068 27
2 629.033 31.8506 26.5
2 630.484 33.3013 26.5
2 631.928 34.7454 27
2 633.372 36.1895 27
2 634.824 37.641 27
2 636.266 39.0836 27
2 637.716 40.5327 27
2 639.173 41.9899 27
2 640.617 43.4338 27
2 642.078 44.8954 26.5
2 643.521 46.3383 27
2 644.965 47.782 27
2 646.417 49.2341 27
2 647.859 50.6766 27
2 649.302 52.1193 27
2 650.754 53.5714 27
2 652.215 55.0321 27
2 653.652 56.4689 27
2 655.11 57.9267 27
2 656.564 59.3812 27
2 658.007 60.8243 27
2 659.459 62.2758 27
2 660.903 63.7199 27
2 662.347 65.1644 26.5
2 663.799 66.6162 27
2 665.242 68.0587 27
2 666.686 69.5027 27
2 668.154 70.9711 26.5
2 669.591 72.4083 26.5
2 671.035 73.8518 26.5
2 672.493 75.3099 27
2 673.937 76.7545 27
2 675.4 78.2172 26.5
2 676.843 79.6598 27
2 678.286 81.1033 26.5
2 679.739 82.5559 27
2 681.183 84.0004 27
2 682.627 85.444 27
2 684.078 86.8955 27
2 685.523 88.3397 27
2 686.988 89.8055 26.5
2 688.44 91.2572 27
2 689.884 92.7015 27
2 691.328 94.1453 26.5
2 692.779 95.5964 27
2 694.228 97.0449 26.5
2 695.671 98.4878 27
2 697.122 99.9395 27
2 698.567 101.384 27
2 700.011 102.828 27
2 701.463 104.28 27
2 702.906 105.723 27
2 704.35 107.167 27
2 705.808 108.626 27
2 707.252 110.07 27
2 708.719 111.536 27
2 710.163 112.98 27
2 711.606 114.423 27
2 713.074 115.891 27
2 714.519 117.336 27
2 715.963 118.78 27
2 717.414 120.231 26.5
2 718.858 121.675 26.5
2 720.302 123.119 26.5
2 721.754 124.571 27
2 723.197 126.014 27
2 724.641 127.458 27
2 726.093 128.91 26.5
2 727.547 130.364 27
2 728.99 131.807 26.5
2 730.441 133.258 27
2 731.901 134.718 27
2 733.344 136.161 27
2 734.795 137.612 27
2 736.239 139.056 26.5
2 737.691 140.508 27
2 739.134 141.951 27
2 740.577 143.395 27
2 742.03 144.847 27
2 743.474 146.291 26.5
2 744.917 147.734 27
2 746.379 149.196 26.5
2 747.823 150.64 27
2 749.267 152.084 27
2 750.719 153.536 27
2 752.161 154.978 26.5
2 753.621 156.439 26.5
2 755.073 157.891 27
2 756.517 159.334 27
2 757.96 160.777 27
2 759.411 162.229 26.5
2 760.855 163.672 26.5
2 762.299 165.116 26.5
2 763.75 166.567 27
2 765.205 168.022 27
2 766.649 169.466 27
2 768.1 170.918 26.5
2 769.544 172.361 27
2 770.988 173.805 27
2 772.445 175.262 27
2 773.889 176.706 27
2 775.327 178.145 26.5
2 776.784 179.601 26.5
2 778.229 181.046 27
2 779.692 182.509 26.5
2 781.135 183.952 27
2 782.578 185.395 27
2 784.03 186.847 27
2 785.474 188.291 26.5
2 786.923 189.74 27
2 788.381 191.198 27
2 789.818 192.635 27
2 791.261 194.078 27
2 792.718 195.536 26.5
2 794.163 196.98 26.5
2 795.607 198.424 27
2 797.057 199.874 27
2 798.516 201.333 27
2 799.959 202.776 27
2 801.411 204.228 26.5
2 802.855 205.672 26.5
2 804.298 207.115 26.5
2 805.766 208.583 27
2 807.21 210.027 27
2 808.653 211.47 26.5
2 810.104 212.921 26.5
2 811.548 214.365 26.5
2 812.991 215.808 27
2 814.441 217.258 27
2 815.885 218.702 27
2 817.347 220.164 27
2 818.791 221.608 26.5
2 820.234 223.051 26.5
2 821.686 224.503 26.5
2 823.13 225.947 27
2 824.579 227.396 26.5
2 826.037 228.854 27
2 827.473 230.29 26.5
2 828.916 231.733 26.5
2 830.374 233.191 27
2 831.818 234.635 27
2 833.262 236.079 27
2 834.713 237.53 26.5
2 836.156 238.973 26.5
2 837.6 240.417 26.5
2 839.061 241.878 27
2 840.504 243.321 27
2 841.948 244.765 27
2 843.405 246.222 27
2 844.849 247.666 26.5
2 846.293 249.11 27
2 847.745 250.562 27
2 849.188 252.005 27
2 850.632 253.449 26.5
2 852.09 254.908 27
2 853.534 256.351 26.5
2 854.971 257.789 26.5
2 856.429 259.246 27
2 857.888 260.706 27
2 859.34 262.157 27
2 860.784 263.601 26.5
2 862.233 265.05 27
2 863.691 266.508 27
2 865.136 267.953 27
2 866.579 269.396 27
2 868.03 270.847 26.5
2 869.474 272.292 26.5
2 870.918 273.735 26.5
2 872.37 275.187 27
2 873.813 276.63 27
2 875.257 278.074 27
2 876.719 279.536 26.5
2 878.163 280.98 27
2 879.606 282.423 26.5
2 881.058 283.875 26.5
2 882.501 285.318 27
2 883.945 286.762 27
2 885.396 288.213 27
2 886.84 289.657 26.5
2 888.284 291.101 27
2 889.735 292.552 27
2 891.179 293.996 27
2 892.622 295.439 27
3 894.08 8.9e-08 27
3 895.517 1.43698 26.5
3 896.96 2.87995 26.5
3 898.417 4.33756 27
3 899.861 5.78154 27
3 901.298 7.21835 27
3 902.771 8.69115 26.5
3 904.214 10.1345 27
3 905.666 11.5866 27
3 907.11 13.0306 27
3 908.554 14.4744 27
3 910.022 15.9417 26.5
3 911.465 17.3856 27
3 912.91 18.83 26.5
3 914.361 20.2814 27
3 915.804 21.7245 27
3 917.263 23.1831 27
3 918.714 24.6344 26.5
3 920.158 26.0781 27
3 921.601 27.5214 27
3 923.052 28.9721 27
3 924.495 30.4154 27
3 925.939 31.8594 27
3 927.39 33.3105 27
3 928.834 34.7537 27
3 930.277 36.1975 27
3 931.735 37.6554 27
3 933.172 39.0917 27
3 934.616 40.5357 27
3 936.089 42.0086 27
3 937.532 43.4525 27
3 938.985 44.9048 27
3 940.429 46.3489 27
3 941.871 47.7914 27
3 943.323 49.2428 26.5
3 944.767 50.6868 27
3 946.21 52.1299 27
3 947.661 53.5811 27
3 949.105 55.0247 27
3 950.57 56.4896 27
3 952.021 57.941 27
3 953.464 59.3841 26.5
3 954.917 60.8376 27
3 956.369 62.2888 27
3 957.813 63.7329 27
3 959.257 65.1767 27
3 960.707 66.6268 27
3 962.15 68.0705 26.5
3 963.594 69.5144 27
3 965.045 70.9655 27
3 966.488 72.4078 27
3 967.932 73.8518 27
3 969.404 75.3242 27
3 970.848 76.7679 27
3 972.299 78.2189 26.5
3 973.747 79.6669 27
3 975.19 81.1098 27
3 976.641 82.5609 27
3 978.085 84.0048 27
3 979.528 85.4477 26.5
3 980.978 86.8986 27
3 982.422 88.3419 27
3 983.865 89.7854 27
3 985.316 91.236 27
3 986.759 92.6791 27
3 988.203 94.1231 27
3 989.661 95.5809 27
3 991.113 97.0328 27
3 992.552 98.4725 27
3 994.003 99.9235 27
3 995.447 101.367 26.5
3 996.89 102.811 27
3 998.341 104.261 27
3 999.783 105.704 27
3 1001.23 107.148 27
3 1002.69 108.61 27
3 1004.13 110.052 26.5
3 1005.58 111.496 27
3 1007.03 112.952 27
3 1008.48 114.395 27
3 1009.92 115.839 27
3 1011.37 117.29 27
3 1012.81 118.733 26.5
3 1014.26 120.177 27
3 1015.71 121.628 27
3 1017.15 123.071 27
3 1018.59 124.514 27
3 1020.05 125.972 27
3 1021.51 127.43 26.5
3 1022.96 128.882 27
3 1024.4 130.325 27
3 1025.85 131.773 27
3 1027.3 133.225 26.5
3 1028.75 134.669 27
3 1030.19 136.113 26.5
3 1031.64 137.563 27
3 1033.09 139.006 27
3 1034.53 140.45 27
3 1036 141.919 27
3 1037.44 143.36 27
3 1038.88 144.804 27
3 1040.35 146.267 27
3 1041.79 147.708 27
3 1043.23 149.152 27
3 1044.68 150.604 27
3 1046.13 152.047 27
3 1047.57 153.49 27
3 1049.02 154.942 27
3 1050.47 156.385 27
3 1051.91 157.828 27
3 1053.36 159.279 27
3 1054.8 160.723 27
3 1056.25 162.167 27
3 1057.7 163.618 27
3 1059.16 165.077 27
3 1060.61 166.529 27
3 1062.05 167.972 27
3 1063.5 169.416 27
3 1064.95 170.868 27
3 1066.39 172.312 27
3 1067.83 173.755 27
3 1069.29 175.206 27
3 1070.74 176.66 27
3 1072.18 178.104 27
3 1073.63 179.555 27
3 1075.08 180.999 27
3 1076.52 182.443 27
3 1077.99 183.91 26.5
3 1079.43 185.354 27
3 1080.88 186.797 27
3 1082.33 188.248 27
3 1083.77 189.691 27
3 1085.22 191.135 27
3 1086.67 192.586 27
3 1088.11 194.029 27
3 1089.55 195.473 26.5
3 1091 196.925 27
3 1092.46 198.382 27
3 1093.9 199.825 27
3 1095.36 201.276 27
3 1096.82 202.736 27
3 1098.26 204.18 27
3 1099.71 205.631 27
3 1101.15 207.074 27
3 1102.6 208.518 27
3 1104.05 209.969 27
3 1105.49 211.413 27
3 1106.94 212.865 27
3 1108.39 214.308 27
3 1109.83 215.752 27
3 1111.29 217.213 27
3 1112.74 218.657 27
3 1114.18 220.1 27
3 1115.65 221.567 27
3 1117.09 223.011 27
3 1118.53 224.455 27
3 1119.99 225.906 27
3 1121.43 227.349 26.5
3 1122.87 228.793 27
3 1124.32 230.245 27
3 1125.77 231.687 27
3 1127.21 233.131 27
3 1128.66 234.582 26.5
3 1130.12 236.036 26.5
3 1131.56 237.479 27
3 1133.01 238.93 27
3 1134.45 240.374 27
3 1135.9 241.82 27
3 1137.36 243.284 27
3 1138.8 244.721 26.5
3 1140.24 246.164 27
3 1141.7 247.621 27
3 1143.14 249.065 27
3 1144.58 250.502 27
3 1146.04 251.959 27
3 1147.48 253.403 26.5
3 1148.95 254.869 26.5
3 1150.39 256.312 27
3 1151.83 257.755 26.5
3 1153.29 259.207 27
3 1154.73 260.651 26.5
3 1156.17 262.094 26.5
3 1157.63 263.546 27
3 1159.07 264.99 27
3 1160.51 266.434 27
3 1161.97 267.886 27
3 1163.41 269.329 27
3 1164.85 270.773 26.5
3 1166.33 272.247 27
3 1167.77 273.69 27
3 1169.21 275.135 27
3 1170.67 276.591 26.5
3 1172.12 278.035 26.5
3 1173.56 279.478 26.5
3 1175.01 280.929 27
3 1176.45 282.374 27
3 1177.9 283.818 26.5
3 1179.35 285.268 26.5
3 1180.79 286.712 26.5
3 1182.24 288.161 26.5
3 1183.7 289.619 27
3 1185.14 291.063 27
3 1186.59 292.506 27
3 1188.04 293.957 27
3 1189.49 295.411 27
4 1190.94 9.7e-08 26.5
4 1192.39 1.44281 27
4 1193.83 2.88612 27
4 1195.28 4.33805 26.5
4 1196.72 5.78062 26.5
4 1198.17 7.22324 26.5
4 1199.62 8.67529 27
4 1201.06 10.1191 27
4 1202.5 11.5623 27
4 1203.98 13.0356 27
4 1205.42 14.478 26.5
4 1206.86 15.922 26.5
4 1208.33 17.3846 27
4 1209.77 18.8278 27
4 1211.21 20.2713 27
4 1212.67 21.7234 26.5
4 1214.11 23.1673 26.5
4 1215.55 24.6106 27
4 1217 26.062 27
4 1218.45 27.5067 27
4 1219.89 28.9504 27
4 1221.34 30.4007 27
4 1222.79 31.8452 27
4 1224.23 33.2892 26.5
4 1225.69 34.7469 27
4 1227.13 36.1834 27
4 1228.57 37.6272 27
4 1230.03 39.0851 27
4 1231.47 40.5291 27
4 1232.91 41.9663 27
4 1234.38 43.4387 27
4 1235.82 44.8822 27
4 1237.28 46.3342 26.5
4 1238.72 47.7784 27
4 1240.16 49.2218 26.5
4 1241.62 50.6731 27
4 1243.06 52.1171 27
4 1244.5 53.5607 27
4 1245.95 55.0122 27
4 1247.4 56.4553 26.5
4 1248.84 57.9 26.5
4 1250.29 59.3516 27
4 1251.74 60.7942 27
4 1253.2 62.2597 27
4 1254.65 63.7114 26.5
4 1256.1 65.1553 27
4 1257.54 66.5992 26.5
4 1258.99 68.0501 27
4 1260.44 69.4976 27
4 1261.88 70.9408 27
4 1263.34 72.3931 26.5
4 1264.78 73.8368 27
4 1266.22 75.2806 27
4 1267.67 76.731 27
4 1269.12 78.175 27
4 1270.56 79.6195 27
4 1272.02 81.0773 27
4 1273.46 82.514 27
4 1274.91 83.9689 27
4 1276.36 85.4201 27
4 1277.81 86.8641 27
4 1279.26 88.3168 27
4 1280.7 89.7609 27
4 1282.16 91.214 26.5
4 1283.61 92.6656 26.5
4 1285.05 94.1096 27
4 1286.5 95.5527 27
4 1287.95 97.0041 27
4 1289.39 98.4478 26.5
4 1290.83 99.8918 27
4 1292.29 101.343 26.5
4 1293.75 102.807 27
4 1295.19 104.251 27
4 1296.64 105.702 27
4 1298.09 107.146 27
4 1299.53 108.59 27
4 1300.99 110.045 27
4 1302.43 111.488 27
4 1303.87 112.931 27
4 1305.33 114.383 27
4 1306.77 115.828 26.5
4 1308.21 117.272 27
4 1309.67 118.723 27
4 1311.11 120.167 27
4 1312.55 121.611 27
4 1314.01 123.069 26.5
4 1315.47 124.527 27
4 1316.92 125.978 27
4 1318.36 127.421 27
4 1319.81 128.864 27
4 1321.26 130.316 27
4 1322.71 131.765 27
4 1324.15 133.209 26.5
4 1325.6 134.659 26.5
4 1327.04 136.102 27
4 1328.49 137.546 27
4 1329.94 138.998 27
4 1331.38 140.44 27
4 1332.83 141.884 26.5
4 1334.3 143.357 27
4 1335.74 144.801 27
4 1337.19 146.245 27
4 1338.64 147.696 27
4 1340.08 149.139 27
4 1341.53 150.589 27
4 1342.98 152.04 27
4 1344.43 153.484 27
4 1345.87 154.928 26.5
4 1347.32 156.38 27
4 1348.76 157.822 26.5
4 1350.21 159.267 27
4 1351.67 160.725 27
4 1353.13 162.184 27
4 1354.58 163.635 27
4 1356.02 165.078 26.5
4 1357.46 166.521 26.5
4 1358.92 167.974 27
4 1360.37 169.423 27
4 1361.81 170.866 27
4 1363.27 172.324 27
4 1364.7 173.761 27
4 1366.15 175.204 27
4 1367.6 176.662 27
4 1369.05 178.106 27
4 1370.49 179.549 27
4 1371.94 181 27
4 1373.39 182.443 26.5
4 1374.84 183.902 27
4 1376.3 185.354 27
4 1377.74 186.798 27
4 1379.18 188.242 27
4 1380.63 189.692 27
4 1382.08 191.135 27
4 1383.52 192.579 27
4 1384.97 194.031 27
4 1386.42 195.474 27
4 1387.86 196.917 26.5
4 1389.32 198.375 27
4 1390.76 199.818 27
4 1392.2 201.255 27
4 1393.67 202.728 27
4 1395.11 204.172 27
4 1396.57 205.624 26.5
4 1398.03 207.084 27
4 1399.47 208.527 27
4 1400.92 209.978 26.5
4 1402.36 211.422 27
4 1403.81 212.866 27
4 1405.26 214.318 27
4 1406.7 215.762 27
4 1408.15 217.204 26.5
4 1409.6 218.656 27
4 1411.04 220.101 27
4 1412.5 221.555 27
4 1413.95 223.005 27
4 1415.39 224.45 26.5
4 1416.84 225.894 27
4 1418.29 227.352 27
4 1419.75 228.806 27
4 1421.2 230.257 27
4 1422.64 231.701 27
4 1424.09 233.145 27
4 1425.54 234.597 27
4 1426.98 236.039 27
4 1428.42 237.482 27
4 1429.88 238.934 27
4 1431.34 240.394 27
4 1432.77 241.831 27
4 1434.23 243.288 27
4 1435.67 244.732 27
4 1437.12 246.175 27
4 1438.58 247.637 27
4 1440.02 249.081 27
4 1441.47 250.525 27
4 1442.92 251.976 27
4 1444.36 253.419 27
4 1445.8 254.862 27
4 1447.26 256.314 26.5
4 1448.7 257.758 27
4 1450.14 259.201 27
4 1451.59 260.651 27
4 1453.05 262.111 27
4 1454.5 263.554 27
4 1455.95 265.006 27
4 1457.39 266.449 27
4 1458.84 267.901 27
4 1460.29 269.345 27
4 1461.73 270.788 27
4 1463.18 272.239 27
4 1464.64 273.693 27
4 1466.08 275.136 27
4 1467.53 276.587 27
4 1468.97 278.031 27
4 1470.42 279.475 27
4 1471.88 280.941 27
4 1473.33 282.384 27
4 1474.77 283.828 27
4 1476.22 285.28 27
4 1477.66 286.722 27
4 1479.11 288.166 27
4 1480.56 289.617 27
4 1482 291.06 27
4 1483.46 292.518 26.5
4 1484.91 293.968 27
4 1486.35 295.412 27
4 1487.8 296.856 27
4 1489.25 298.307 27
5 1490.71 2.82e-07 27
5 1492.16 1.45248 27
5 1493.6 2.89602 27
5 1495.05 4.33963 27
5 1496.5 5.79053 27
5 1497.94 7.23412 27
5 1499.38 8.67721 27
5 1500.83 10.1275 27
5 1502.28 11.5712 27
5 1503.72 13.0152 27
5 1505.17 14.4667 27
5 1506.62 15.9096 27
5 1508.06 17.353 26.5
5 1509.52 18.8101 27
5 1510.96 20.2537 27
5 1512.4 21.6975 27
5 1513.86 23.1487 27
5 1515.3 24.5915 27
5 1516.76 26.0509 27
5 1518.21 27.5027 27
5 1519.65 28.9452 27
5 1521.1 30.3887 27
5 1522.55 31.8405 27
5 1524 33.2935 27
5 1525.44 34.7367 27
5 1526.9 36.1887 27
5 1528.35 37.6381 27
5 1529.79 39.0821 27
5 1531.25 40.54 27
5 1532.68 41.9773 27
5 1534.13 43.4204 27
5 1535.59 44.8781 27
5 1537.03 46.3221 27
5 1538.47 47.7649 26.5
5 1539.92 49.2159 27
5 1541.37 50.6595 27
5 1542.83 52.1218 27
5 1544.27 53.5645 27
5 1545.71 55.0072 27
5 1547.17 56.4639 27
5 1548.61 57.9069 27
5 1550.06 59.3508 27
5 1551.51 60.8026 27
5 1552.95 62.2453 27
5 1554.4 63.6896 27
5 1555.85 65.1472 27
5 1557.3 66.5909 27
5 1558.74 68.0279 27
5 1560.19 69.4853 27
5 1561.65 70.9448 27
5 1563.1 72.3884 27
5 1564.55 73.8404 27
5 1565.99 75.2843 26.5
5 1567.43 76.7271 27
5 1568.9 78.1943 27
5 1570.35 79.6386 27
5 1571.79 81.0819 27
5 1573.24 82.5332 27
5 1574.69 83.9804 27
5 1576.14 85.4284 27
5 1577.58 86.8717 27
5 1579.02 88.3148 27
5 1580.48 89.7763 27
5 1581.93 91.2205 27
5 1583.37 92.6642 27
5 1584.82 94.1152 27
5 1586.27 95.5589 27
5 1587.73 97.0192 27
5 1589.18 98.471 27
5 1590.62 99.9143 27
5 1592.06 101.357 27
5 1593.52 102.809 27
5 1594.96 104.253 27
5 1596.4 105.697 27
5 1597.86 107.148 27
5 1599.31 108.602 27
5 1600.75 110.046 27
5 1602.21 111.504 27
5 1603.65 112.941 27
5 1605.09 114.385 27
5 1606.56 115.853 27
5 1608 117.296 27
5 1609.45 118.747 27
5 1610.9 120.191 27
5 1612.34 121.635 27
5 1613.79 123.087 27
5 1615.24 124.531 27
5 1616.68 125.974 27
5 1618.13 127.426 27
5 1619.58 128.87 27
5 1621.04 130.33 27
5 1622.49 131.781 27
5 1623.93 133.225 27
5 1625.39 134.679 27
5 1626.84 136.131 27
5 1628.28 137.574 27
5 1629.72 139.017 26.5
5 1631.18 140.469 27
5 1632.62 141.913 27
5 1634.06 143.357 27
5 1635.52 144.808 27
5 1636.96 146.252 27
5 1638.4 147.696 27
5 1639.88 149.17 26.5
5 1641.32 150.614 27
5 1642.77 152.066 26.5
5 1644.22 153.51 27
5 1645.66 154.953 27
5 1647.13 156.421 27
5 1648.57 157.865 27
5 1650.02 159.309 27
5 1651.47 160.759 27
5 1652.91 162.203 27
5 1654.35 163.647 27
5 1655.81 165.1 27
5 1657.25 166.544 27
5 1658.69 167.987 27
5 1660.15 169.438 27
5 1661.59 170.887 27
5 1663.04 172.33 27
5 1664.49 173.783 27
5 1665.93 175.227 27
5 1667.38 176.671 27
5 1668.83 178.122 27
5 1670.27 179.566 27
5 1671.72 181.01 27
5 1673.19 182.483 27
5 1674.63 183.927 27
5 1676.09 185.379 27
5 1677.54 186.828 27
5 1678.98 188.273 27
5 1680.44 189.731 27
5 1681.88 191.175 27
5 1683.32 192.613 27
5 1684.78 194.07 27
5 1686.22 195.514 27
5 1687.67 196.958 27
5 1689.12 198.41 27
5 1690.56 199.853 26.5
5 1692.02 201.312 27
5 1693.47 202.763 27
5 1694.91 204.207 27
5 1696.36 205.652 27
5 1697.82 207.11 27
5 1699.27 208.563 26.5
5 1700.72 210.014 27
5 1702.17 211.459 27
5 1703.61 212.903 27
5 1705.06 214.353 26.5
5 1706.5 215.797 26.5
5 1707.95 217.242 26.5
5 1709.4 218.694 27
5 1710.86 220.148 27
5 1712.3 221.591 27
5 1713.76 223.05 26.5
5 1715.2 224.495 26.5
5 1716.65 225.938 27
5 1718.11 227.4 26.5
5 1719.55 228.844 27
5 1721 230.288 27
5 1722.45 231.74 26.5
5 1723.89 233.184 27
5 1725.34 234.628 27
5 1726.79 236.08 27
5 1728.23 237.524 27
5 1729.67 238.967 27
5 1731.13 240.418 27
5 1732.57 241.862 27
5 1734.01 243.305 26.5
5 1735.46 244.756 27
5 1736.92 246.217 27
5 1738.37 247.66 27
5 1739.82 249.111 27
5 1741.26 250.555 27
5 1742.71 252.007 27
5 1744.16 253.451 27
5 1745.6 254.895 27
5 1747.05 256.346 27
5 1748.5 257.79 26.5
5 1749.94 259.234 27
5 1751.4 260.697 27
5 1752.85 262.139 27
5 1754.29 263.583 27
5 1755.76 265.051 27
5 1757.2 266.494 26.5
5 1758.64 267.937 27
5 1760.1 269.39 27
5 1761.54 270.834 27
5 1762.98 272.277 27
5 1764.44 273.729 27
5 1765.88 275.172 27
5 1767.32 276.616 27
5 1768.77 278.067 27
5 1770.23 279.521 27
5 1771.67 280.965 27
5 1773.12 282.417 27
5 1774.57 283.86 27
5 1776.01 285.303 26.5
5 1777.48 286.771 27
5 1778.92 288.213 27
5 1780.37 289.665 27
5 1781.82 291.109 27
5 1783.26 292.553 26.5
5 1784.71 294.004 27
5 1786.16 295.448 27
5 1787.6 296.892 27
5 1789.06 298.354 27
6 1790.5 1.02e-07 27
6 1791.95 1.44403 27
6 1793.41 2.90198 27
6 1794.84 4.33944 27
6 1796.3 5.79853 27
6 1797.75 7.25025 27
6 1799.2 8.69284 27
6 1800.64 10.136 27
6 1802.09 11.5886 27
6 1803.54 13.033 27
6 1804.98 14.4769 27
6 1806.43 15.928 27
6 1807.88 17.3714 26.5
6 1809.32 18.8152 27
6 1810.77 20.2674 27
6 1812.21 21.7104 27
6 1813.66 23.1536 27
6 1815.11 24.606 27
6 1816.55 26.05 27
6 1818 27.4931 27
6 1819.45 28.9441 27
6 1820.89 30.388 27
6 1822.34 31.8368 27
6 1823.8 33.2947 27
6 1825.24 34.7382 27
6 1826.68 36.1754 27
6 1828.14 37.6323 27
6 1829.6 39.0915 27
6 1831.05 40.5428 27
6 1832.49 41.9865 27
6 1833.94 43.435 27
6 1835.4 44.893 27
6 1836.84 46.3307 27
6 1838.28 47.7739 27
6 1839.74 49.2319 27
6 1841.18 50.6763 27
6 1842.62 52.12 27
6 1844.08 53.5713 27
6 1845.52 55.0154 27
6 1846.96 56.4598 27
6 1848.43 57.9212 27
6 1849.87 59.3645 26.5
6 1851.31 60.8087 27
6 1852.77 62.2658 27
6 1854.21 63.7099 27
6 1855.66 65.1536 27
6 1857.11 66.6042 27
6 1858.55 68.0484 27
6 1860 69.4932 27
6 1861.45 70.9442 27
6 1862.89 72.3878 27
6 1864.34 73.8321 27
6 1865.79 75.2902 27
6 1867.24 76.7342 27
6 1868.68 78.1714 27
6 1870.15 79.6432 27
6 1871.59 81.0837 27
6 1873.04 82.5354 27
6 1874.48 83.9788 27
6 1875.93 85.4226 27
6 1877.38 86.875 27
6 1878.82 88.3192 27
6 1880.27 89.7629 27
6 1881.74 91.2356 27
6 1883.18 92.6787 27
6 1884.63 94.1232 27
6 1886.09 95.5856 27
6 1887.53 97.0289 27
6 1888.98 98.4723 27
6 1890.43 99.9237 27
6 1891.87 101.368 27
6 1893.32 102.811 27
6 1894.77 104.263 27
6 1896.21 105.706 27
6 1897.65 107.149 27
6 1899.11 108.602 27
6 1900.57 110.066 27
6 1902.02 111.516 27
6 1903.46 112.96 27
6 1904.91 114.409 27
6 1906.37 115.861 27
6 1907.81 117.305 27
6 1909.25 118.749 27
6 1910.7 120.199 26.5
6 1912.15 121.643 27
6 1913.59 123.087 27
6 1915.04 124.538 27
6 1916.49 125.981 27
6 1917.93 127.425 27
6 1919.4 128.899 27
6 1920.85 130.343 27
6 1922.29 131.787 27
6 1923.74 133.239 27
6 1925.19 134.683 27
6 1926.64 136.131 27
6 1928.09 137.582 27
6 1929.53 139.025 27
6 1930.97 140.469 27
6 1932.42 141.92 27
6 1933.87 143.363 27
6 1935.31 144.807 27
6 1936.77 146.264 27
6 1938.23 147.722 27
6 1939.68 149.173 27
6 1941.12 150.617 27
6 1942.57 152.061 27
6 1944.02 153.512 27
6 1945.46 154.96 27
6 1946.91 156.404 27
6 1948.36 157.855 27
6 1949.8 159.299 27
6 1951.25 160.743 27
6 1952.7 162.194 27
6 1954.14 163.637 27
6 1955.59 165.081 27
6 1957.06 166.553 27
6 1958.5 167.997 27
6 1959.94 169.439 27
6 1961.4 170.891 27
6 1962.84 172.335 27
6 1964.29 173.789 27
6 1965.74 175.24 27
6 1967.19 176.684 27
6 1968.63 178.128 27
6 1970.08 179.58 27
6 1971.53 181.023 27
6 1972.97 182.467 27
6 1974.43 183.925 27
6 1975.87 185.369 26.5
6 1977.31 186.806 27
6 1978.78 188.278 27
6 1980.23 189.721 27
6 1981.68 191.173 27
6 1983.13 192.621 27
6 1984.57 194.065 27
6 1986.02 195.515 27
6 1987.46 196.959 27
6 1988.91 198.402 27
6 1990.36 199.86 27
6 1991.8 201.297 27
6 1993.26 202.758 27
6 1994.71 204.209 27
6 1996.16 205.653 27
6 1997.61 207.107 27
6 1999.06 208.559 26.5
6 2000.51 210.003 27
6 2001.95 211.447 27
6 2003.4 212.898 27
6 2004.85 214.342 27
6 2006.29 215.787 27
6 2007.74 217.237 27
6 2009.21 218.701 27
6 2010.66 220.152 27
6 2012.1 221.596 27
6 2013.55 223.045 27
6 2015 224.497 27
6 2016.45 225.942 27
6 2017.89 227.385 27
6 2019.34 228.836 27
6 2020.78 230.279 27
6 2022.23 231.723 27
6 2023.68 233.175 27
6 2025.12 234.618 27
6 2026.57 236.061 27
6 2028.04 237.535 27
6 2029.48 238.979 27
6 2030.93 240.423 27
6 2032.38 241.88 27
6 2033.83 243.324 27
6 2035.27 244.767 27
6 2036.72 246.218 27
6 2038.17 247.662 27
6 2039.61 249.106 27
6 2041.06 250.557 27
6 2042.51 252.001 27
6 2043.95 253.444 27
6 2045.41 254.902 27
6 2046.87 256.36 27
6 2048.32 257.812 27
6 2049.76 259.255 27
6 2051.2 260.699 27
6 2052.66 262.151 27
6 2054.1 263.599 27
6 2055.55 265.043 27
6 2057 266.494 27
6 2058.44 267.938 27
6 2059.89 269.382 27
6 2061.34 270.834 27
6 2062.78 272.277 27
6 2064.23 273.721 27
6 2065.7 275.194 27
6 2067.14 276.638 27
6 2068.59 278.082 27
6 2070.04 279.533 27
6 2071.48 280.976 27
6 2072.93 282.425 27
6 2074.38 283.876 27
6 2075.82 285.32 27
6 2077.27 286.763 27
6 2078.72 288.214 27
6 2080.16 289.658 27
6 2081.61 291.102 27
6 2083.06 292.553 27
6 2084.5 293.997 27
6 2085.95 295.441 27
6 2087.42 296.915 27
6 2088.86 298.358 27
6 2090.32 299.811 27
6 2091.76 301.259 27
6 2093.21 302.702 27
6 2094.66 304.154 27
7 2096.1 1.32e-07 27
7 2097.55 1.44456 27
7 2099 2.90258 27
7 2100.44 4.33983 27
7 2101.88 5.78305 27
7 2103.34 7.24047 27
7 2104.78 8.67794 27
7 2106.22 10.1211 27
7 2107.68 11.5785 27
7 2109.12 13.0224 27
7 2110.58 14.4804 27
7 2112.03 15.9317 27
7 2113.48 17.3745 27
7 2114.92 18.8179 27
7 2116.37 20.2692 27
7 2117.82 21.7173 27
7 2119.26 23.1595 27
7 2120.71 24.6109 27
7 2122.16 26.0547 27
7 2123.6 27.4973 27
7 2125.07 28.9696 27
7 2126.51 30.4124 27
7 2127.97 31.8644 27
7 2129.42 33.319 27
7 2130.86 34.7621 27
7 2132.32 36.2135 27
7 2133.76 37.6576 27
7 2135.2 39.1007 27
7 2136.65 40.5517 27
7 2138.1 41.9951 27
7 2139.54 43.4381 27
7 2141.01 44.9103 27
7 2142.46 46.3534 27
7 2143.9 47.7962 27
7 2145.35 49.248 27
7 2146.79 50.6904 27
7 2148.25 52.1444 27
7 2149.7 53.596 27
7 2151.14 55.0389 27
7 2152.58 56.4825 27
7 2154.04 57.9342 27
7 2155.48 59.3771 27
7 2156.92 60.8208 27
7 2158.37 62.2732 27
7 2159.82 63.7168 27
7 2161.26 65.1602 27
7 2162.73 66.6333 27
7 2164.18 68.0767 27
7 2165.63 69.529 27
7 2167.07 70.9725 27
7 2168.52 72.4154 27
7 2169.97 73.8725 27
7 2171.42 75.3155 27
7 2172.86 76.7596 27
7 2174.31 78.211 27
7 2175.76 79.6537 27
7 2177.2 81.0976 27
7 2178.65 82.5498 27
7 2180.09 83.9924 27
7 2181.55 85.4457 27
7 2183.01 86.9038 27
7 2184.44 88.3409 27
7 2185.89 89.7834 27
7 2187.34 91.2415 27
7 2188.8 92.7011 27
7 2190.25 94.1451 27
7 2191.7 95.5971 27
7 2193.14 97.04 27
7 2194.59 98.4842 27
7 2196.04 99.9366 27
7 2197.48 101.381 27
7 2198.93 102.824 27
7 2200.4 104.298 27
7 2201.84 105.741 27
7 2203.29 107.193 27
7 2204.74 108.637 27
7 2206.18 110.081 27
7 2207.63 111.532 27
7 2209.08 112.976 27
7 2210.52 114.42 27
7 2211.97 115.871 27
7 2213.42 117.315 27
7 2214.86 118.76 27
7 2216.31 120.211 27
7 2217.76 121.654 27
7 2219.2 123.098 27
7 2220.65 124.55 27
7 2222.11 126.004 27
7 2223.55 127.448 27
7 2225.01 128.906 27
7 2226.44 130.343 27
7 2227.89 131.786 27
7 2229.36 133.26 27
7 2230.8 134.703 27
7 2232.25 136.147 27
7 2233.7 137.6 27
7 2235.14 139.043 27
7 2236.59 140.487 27
7 2238.04 141.939 27
7 2239.49 143.384 27
7 2240.93 144.827 27
7 2242.38 146.279 27
7 2243.82 147.722 27
7 2245.27 149.166 27
7 2246.72 150.616 27
7 2248.16 152.06 27
8 2249.6 1.18e-07 27
8 2251.06 1.45188 27
8 2252.5 2.89451 27
8 2253.94 4.3386 27
8 2255.4 5.7973 27
8 2256.84 7.23475 27
8 2258.28 8.67793 27
8 2259.74 10.1359 27
8 2261.18 11.5795 27
8 2262.62 13.017 27
8 2264.08 14.4742 27
8 2265.54 15.9337 27
8 2266.99 17.386 27
8 2268.43 18.83 27
8 2269.88 20.279 27
8 2271.34 21.7371 27
8 2272.79 23.1809 27
8 2274.24 24.6394 27
8 2275.69 26.0898 27
8 2277.14 27.5324 27
8 2278.58 28.9763 27
8 2280.03 30.428 27
8 2281.48 31.8761 27
8 2282.92 33.3187 27
8 2284.37 34.7698 27
8 2285.82 36.2138 27
8 2287.26 37.6579 27
8 2288.71 39.1088 27
8 2290.16 40.5524 27
8 2291.6 41.9964 27
8 2293.07 43.4698 27
8 2294.52 44.9143 27
8 2295.97 46.3656 27
8 2297.41 47.8088 27
8 2298.86 49.2518 27
8 2300.31 50.7088 27
8 2301.76 52.1521 27
8 2303.2 53.5962 27
8 2304.65 55.0469 27
8 2306.1 56.4906 27
8 2307.54 57.9346 27
8 2309 59.3925 27
8 2310.44 60.8307 27
8 2311.88 62.2743 27
8 2313.34 63.7318 27
8 2314.8 65.1918 27
8 2316.24 66.6359 27
8 2317.69 68.0886 27
8 2319.14 69.5381 27
8 2320.59 70.9822 27
8 2322.04 72.44 27
8 2323.48 73.8766 27
8 2324.93 75.3206 27
8 2326.38 76.7792 27
8 2327.83 78.2236 26.5
9 2329.27 9.9e-08 26.5
9 2330.72 1.45146 26.5
9 2332.17 2.89556 26.5
9 2333.62 4.34803 26.5
9 2335.06 5.79186 26.5
9 2336.51 7.23452 26.5
9 2337.96 8.68712 26.5
9 2339.4 10.1315 26.5
9 2340.86 11.5854 26.5
9 2342.31 13.0371 26.5
9 2343.75 14.4809 26.5
9 2345.21 15.9416 26.5
9 2346.67 17.3937 26.5
9 2348.11 18.8364 26.5
9 2349.55 20.2804 26.5
9 2351 21.7329 26.5
9 2352.46 23.1876 26.5
9 2353.9 24.6314 26.5
9 2355.35 26.0825 26.5
9 2356.82 27.5477 26.5
9 2358.27 29 26.5
9 2359.72 30.4438 26.5
9 2361.16 31.8866 26.5
9 2362.61 33.3382 26.5
9 2364.05 34.7823 26.5
9 2365.5 36.2264 26.5
9 2366.97 37.6949 26.5
9 2368.4 39.1308 26.5
10 2369.85 1.54e-07 26.5
10 2371.32 1.47282 26.5
10 2372.76 2.91723 26.5
10 2374.21 4.36107 26.5
10 2375.66 5.81238 26.5
10 2377.1 7.25651 26.5
10 2378.55 8.70115 26.5
10 2380 10.1537 26.5
10 2381.44 11.597 26.5
10 2382.89 13.0406 26.5
10 2384.34 14.4928 26.5
10 2385.78 15.9369 26.5
10 2387.23 17.3798 26.5
10 2388.68 18.8316 26.5
10 2390.14 20.297 26.5
10 2391.59 21.7483 27
11 2393.04 8.7e-08 27
11 2394.48 1.44277 27
11 2395.93 2.89396 27
11 2397.38 4.34284 27
11 2398.82 5.78554 27
11 2400.28 7.23772 27
11 2401.72 8.68154 27
11 2403.16 10.1242 26.5
11 2404.61 11.5764 27
12 2406.06 5.3e-08 27
12 2407.5 1.4425 27
12 2408.97 2.91463 27
12 2410.42 4.35724 27
12 2411.86 5.80134 27
12 2413.31 7.25289 27
13 2414.75 6.5e-08 27
13 2416.21 1.45392 27
13 2417.66 2.90512 27
13 2419.1 4.34779 27
14 2420.55 5.9e-08 27
14 2422 1.45233 27
14 2423.44 2.89546 27
15 2424.88 4.9e-08 27
15 2426.34 1.45174 27
15 2427.78 2.89578 27
16 2429.22 5.2e-08 27
16 2430.7 1.47268 27
16 2432.14 2.91545 27
17 2433.59 6.2e-08 27
17 2435.04 1.45291 27
18 2436.49 5.8e-08 27
18 2437.94 1.4515 27.5
18 2439.38 2.89427 27.5
19 2440.82 5.8e-08 27.5
19 2442.27 1.45139 27
19 2443.72 2.89386 27
20 2445.16 6.8e-08 27.5
20 2446.62 1.46123 27
21 2448.06 6e-08 27.5
21 2449.51 1.44327 27.5
21 2450.96 2.89519 27.5
22 2452.4 5.9e-08 27
22 2453.86 1.4587 27
23 2455.31 5e-08 27.5
23 2456.75 1.4427 27.5
23 2458.2 2.88626 27
24 2459.65 9.6e-08 27
24 2461.09 1.44199 27.5
25 2462.53 6.2e-08 27
25 2463.98 1.45073 27.5
25 2465.43 2.89335 27.5
26 2466.87 6.6e-08 27.5
26 2468.32 1.45048 27
26 2469.76 2.89307 27.5
27 2471.21 7.2e-08 27
27 2472.66 1.45062 27.5
27 2474.1 2.89323 27
28 2475.54 6.4e-08 27.5
28 2476.99 1.45082 27.5
28 2478.44 2.8934 27
29 2481.68 1.05e-07 27.5
29 2483.13 1.44848 27.5
29 2484.57 2.8906 27
30 2489.92 1.54e-07 27.5
30 2491.37 1.4536 27.5
30 2492.81 2.89375 27
