0 3.13541 1.17e-07 20.5
0 6.02656 2.89114 20.5
0 7.46993 4.33451 20.5
0 8.91378 5.77837 20.5
1 10.3736 9.8e-08 20.5
1 11.8134 1.43974 20.5
1 13.2642 2.89056 20.5
1 14.7069 4.33329 20.5
2 16.1526 1.01e-07 20.5
2 17.6001 1.44752 20.5
2 19.0421 2.88949 20.5
2 20.5138 4.36116 20.5
2 21.9772 5.8246 20.5
3 23.4304 1.1e-07 20.5
3 24.881 1.45053 20.5
3 26.3238 2.89334 20.5
3 27.782 4.35154 20.5
3 29.2376 5.80717 21
4 30.6808 7.7e-08 21
4 32.1348 1.45404 21
5 33.5938 7e-08 21
5 35.0363 1.44244 21
6 36.5073 6.2e-08 21.5
7 37.9554 1.15e-07 22.5
10 39.3972 6e-08 23
13 40.8641 7.1e-08 23
16 42.3159 8.1e-08 23
19 43.7664 6.6e-08 21.5
22 45.2288 5.4e-08 21
24 46.7723 1.14e-07 20.5
25 48.4053 1.55e-07 21
26 51.1382 1.54e-07 21
27 56.1815 1.51e-07 20.5
