        type trial_config ert_flop   unroll  buffers        nsize       trials       microsecs        bytes        flops         GB/s         GF/s
       float    coalesced       64        1        1            4     16777216    13782003.033    134217728   1073741824        0.010        0.078
       float    coalesced       64        1        1            8     16777216    13781937.484    268435456   2147483648        0.019        0.156
       float    coalesced       64        1        1           16     16777216    14547600.732    536870912   4294967296        0.037        0.295
       float    coalesced       64        1        1           32     16777216    14547625.564   1073741824   8589934592        0.074        0.590
       float    coalesced       64        1        1           64     16777216    16366064.785   2147483648  17179869184        0.131        1.050
       float    coalesced       64        1        1          128     16777216    17457096.489   4294967296  34359738368        0.246        1.968
       float    coalesced       64        1        1          256     16777216    20271252.383   8589934592  68719476736        0.424        3.390
       float    coalesced       64        1        1          512      8388608    11902622.988   8589934592  68719476736        0.722        5.773
       float    coalesced       64        1        1         1024      4194304     7553610.159   8589934592  68719476736        1.137        9.098
       float    coalesced       64        1        1         2048      2097152     5455450.237   8589934592  68719476736        1.575       12.596
       float    coalesced       64        1        1         4096      1048576     4364367.541   8589934592  68719476736        1.968       15.746
       float    coalesced       64        1        1         8192       524288     3859348.351   8589934592  68719476736        2.226       17.806
       float    coalesced       64        1        1        16384       262144     3580179.331   8589934592  68719476736        2.399       19.194
       float    coalesced       64        1        1        32768       131072     3477893.427   8589934592  68719476736        2.470       19.759
       float    coalesced       64        1        1        65536        65536     3375637.457   8589934592  68719476736        2.545       20.357
       float    coalesced       64        1        1       131072        32768     3324517.437   8589934592  68719476736        2.584       20.671
       float    coalesced       64        1        1       262144        16384     3298901.273   8589934592  68719476736        2.604       20.831
       float    coalesced       64        1        1       524288         8192     3286115.840   8589934592  68719476736        2.614       20.912
       float    coalesced       64        1        1      1048576         4096     3279711.531   8589934592  68719476736        2.619       20.953
       float    coalesced       64        1        1      2097152         2048     3276505.220   8589934592  68719476736        2.622       20.973
       float    coalesced       64        1        1      4194304         1024     3274940.443   8589934592  68719476736        2.623       20.983
       float    coalesced       64        1        1      8388608          512     3274104.907   8589934592  68719476736        2.624       20.989
       float    coalesced       64        1        1     16777216          256     3273701.636   8589934592  68719476736        2.624       20.991
       float    coalesced       64        1        1     33554432          128     3273546.513   8589934592  68719476736        2.624       20.992
       float    coalesced       64        1        1     67108864           64     3273416.249   8589934592  68719476736        2.624       20.993
       float    coalesced       64        1        1    134217728           32     3273396.316   8589934592  68719476736        2.624       20.993
       float    coalesced       64        1        1    268435456           16     3273378.538   8589934592  68719476736        2.624       20.993
       float    coalesced       64        1        1    536870912            8     3273344.391   8589934592  68719476736        2.624       20.994
       float    coalesced       64        1        1   1073741824            4     3273342.874   8589934592  68719476736        2.624       20.994
       float    coalesced       64        1        1   2147483648            2     3273333.524   8589934592  68719476736        2.624       20.994
       float    coalesced       64        1        1   4293918720            1     3272519.284   8587837440  68702699520        2.624       20.994
