0 6.64993 6.3e-08 22.5
0 9.53394 2.88401 22.5
0 10.9866 4.3367 22.5
0 12.4288 5.77883 22.5
0 13.8722 7.22225 22.5
0 15.3234 8.67349 22.5
1 16.7664 5.9e-08 22.5
1 18.2087 1.44232 22.5
1 19.6624 2.896 22.5
1 21.1078 4.34141 22.5
1 22.5477 5.78129 22.5
1 24.0004 7.23396 22.5
1 25.4413 8.67485 22.5
1 26.8842 10.1178 23
2 28.3514 1.2e-07 23
2 29.8185 1.46713 23
2 31.2829 2.93148 23
2 32.727 4.37556 23
3 34.1762 1.04e-07 23
3 35.6441 1.46789 23
4 37.0933 5.8e-08 23.5
4 38.5606 1.46734 24.5
6 40.0038 8.8e-08 25.5
8 41.4472 7.2e-08 26.5
10 42.9023 4.2e-08 26.5
13 44.362 5.5e-08 26.5
15 45.8236 5.1e-08 26.5
18 47.2836 6.2e-08 26.5
20 48.8281 1.74e-07 26
21 50.2676 8.4e-08 22.5
22 51.7116 5.4e-08 23
23 54.1699 1.48e-07 23
24 58.8223 1.46e-07 23
25 67.8677 1.46e-07 22.5
