0 6.72737 9.4e-08 23.5
0 9.61313 2.88576 23.5
0 11.0704 4.34301 23.5
0 12.5143 5.78688 23.5
0 13.9591 7.23172 23.5
0 15.4117 8.68431 23.5
0 16.8571 10.1297 23.5
0 18.2998 11.5724 23.5
0 19.7509 13.0235 23.5
0 21.1947 14.4673 23.5
0 22.6373 15.9099 23.5
0 24.0905 17.3631 23.5
0 25.5336 18.8063 23.5
0 26.9776 20.2503 23.5
0 28.4365 21.7091 23.5
0 29.8784 23.151 23.5
0 31.3155 24.5881 23.5
0 32.7727 26.0453 23.5
0 34.2165 27.4892 23.5
0 35.6682 28.9409 23.5
0 37.1166 30.3893 23.5
0 38.5567 31.8294 23
0 40.0088 33.2814 23.5
0 41.4517 34.7244 23.5
0 42.8937 36.1663 23.5
0 44.345 37.6176 23.5
0 45.7891 39.0617 23
0 47.2332 40.5059 23
0 48.6911 41.9637 23.5
0 50.1347 43.4073 23.5
0 51.5769 44.8495 23.5
0 53.0271 46.2997 23
0 54.4702 47.7428 23
0 55.9143 49.1869 23
0 57.3712 50.6438 23
0 58.8143 52.087 23.5
0 60.2587 53.5313 23
0 61.7109 54.9835 23
0 63.1552 56.4278 23
0 64.603 57.8756 23
0 66.0534 59.326 23.5
0 67.4917 60.7643 23.5
0 68.94 62.2126 23.5
0 70.3928 63.6654 23
0 71.8363 65.1089 23
0 73.2791 66.5517 23
1 74.7296 6e-08 23.5
1 76.1725 1.44292 23.5
1 77.6242 2.89461 23
1 79.068 4.33846 23
1 80.5115 5.78191 23
1 81.9621 7.23249 23.5
1 83.4041 8.67454 23.5
1 84.8475 10.1179 23.5
1 86.2997 11.5701 23.5
1 87.7483 13.0187 23
1 89.1883 14.4587 23
1 90.6457 15.9161 23.5
1 92.0891 17.3595 23.5
1 93.5255 18.7959 23.5
1 94.9821 20.2525 23
1 96.4301 21.7005 23
1 97.8699 23.1403 23
1 99.322 24.5925 23.5
1 100.766 26.0367 23.5
1 102.21 27.4802 23.5
1 103.661 28.9318 23.5
1 105.104 30.3748 23
1 106.547 31.8171 23.5
1 107.998 33.2687 23.5
1 109.442 34.7124 23.5
1 110.89 36.1608 23.5
1 112.343 37.6139 23
1 113.78 39.0508 23
1 115.223 40.4934 23
1 116.68 41.9508 23.5
1 118.124 43.3943 23.5
1 119.576 44.8465 23
1 121.02 46.29 23
1 122.462 47.7329 23
1 123.913 49.1835 23.5
1 125.356 50.6269 23.5
1 126.8 52.0706 23.5
1 128.252 53.5225 23
1 129.696 54.9666 23
1 131.14 56.4104 23
1 132.591 57.8616 23
1 134.033 59.3033 23.5
1 135.476 60.7467 23
1 136.938 62.2086 23
1 138.378 63.6486 23
1 139.822 65.0928 23
1 141.274 66.5447 23.5
1 142.722 67.9923 23.5
2 144.16 8.1e-08 23.5
2 145.611 1.45088 23
2 147.055 2.89467 23
2 148.498 4.33807 23
2 149.951 5.79059 23
2 151.395 7.23457 23.5
2 152.839 8.6786 23
2 154.29 10.1301 23
2 155.733 11.5731 23
2 157.177 13.0164 23.5
2 158.634 14.4738 23.5
2 160.078 15.9179 23.5
2 161.53 17.37 23.5
2 162.974 18.8138 23
2 164.418 20.2577 23
2 165.869 21.709 23
2 167.311 23.1509 23.5
2 168.755 24.5951 23.5
2 170.208 26.0473 23
2 171.651 27.491 23
2 173.096 28.9355 23
2 174.554 30.3935 23
2 175.998 31.8373 23.5
2 177.441 33.2807 23.5
2 178.891 34.7312 23
2 180.339 36.1785 23
2 181.778 37.6178 23.5
2 183.23 39.07 23.5
2 184.674 40.5142 23.5
2 186.119 41.9587 23.5
2 187.571 43.4108 23
2 189.015 44.8549 23
2 190.459 46.2987 23
2 191.91 47.7498 23.5
2 193.353 49.1927 23
2 194.796 50.636 23.5
2 196.254 52.0939 23
2 197.698 53.5379 23
2 199.156 54.9954 23.5
2 200.603 56.4426 23.5
2 202.042 57.8821 23
2 203.494 59.3337 23
2 204.938 60.7775 23
2 206.382 62.2213 23
2 207.84 63.6796 23
2 209.284 65.1233 23.5
2 210.727 66.5665 23
3 212.177 8.2e-08 23
3 213.621 1.44342 23
3 215.064 2.8867 23
3 216.516 4.339 23.5
3 217.961 5.78322 23.5
3 219.405 7.22721 23.5
3 220.857 8.67928 23
3 222.3 10.1227 23
3 223.744 11.5662 23
3 225.194 13.0166 23.5
3 226.637 14.46 23.5
3 228.082 15.9044 23
3 229.54 17.3627 23
3 230.984 18.8066 23
3 232.436 20.2589 23.5
3 233.88 21.7028 23.5
3 235.324 23.1464 23.5
3 236.779 24.6014 23.5
3 238.217 26.0393 23
3 239.661 27.4835 23
3 241.113 28.9354 23
3 242.561 30.3835 23.5
3 244.001 31.8235 23.5
3 245.459 33.2817 23
3 246.904 34.7264 23
3 248.348 36.171 23
3 249.801 37.6232 23.5
3 251.245 39.0677 23.5
3 252.69 40.5121 23.5
3 254.142 41.9644 23
3 255.586 43.4081 23
3 257.029 44.8517 23.5
3 258.48 46.3025 23.5
3 259.923 47.7456 23.5
3 261.366 49.189 23
3 262.824 50.647 23
3 264.269 52.0916 23
3 265.721 53.5438 23
3 267.166 54.9885 23.5
3 268.61 56.4324 23
3 270.062 57.8842 23
3 271.505 59.3275 23
3 272.948 60.7706 23
3 274.399 62.2211 23.5
3 275.842 63.6642 23.5
3 277.286 65.1083 23.5
3 278.743 66.5661 23
3 280.191 68.0141 23.5
4 281.63 9.9e-08 23
4 283.08 1.45056 23
4 284.523 2.89353 23.5
4 285.97 4.34073 23
4 287.418 5.78864 23
4 288.862 7.23263 23
4 290.306 8.67617 23
4 291.757 10.1268 23.5
4 293.199 11.5691 23.5
4 294.642 13.0126 23.5
4 296.094 14.4647 23.5
4 297.539 15.9089 23.5
4 298.983 17.3534 23.5
4 300.442 18.8119 23.5
4 301.887 20.2569 23.5
4 303.339 21.7095 23
4 304.783 23.1536 23
4 306.227 24.5971 23
4 307.677 26.0477 23.5
4 309.119 27.4893 23.5
4 310.563 28.9331 23.5
4 312.015 30.3854 23.5
4 313.459 31.8293 23.5
4 314.903 33.2738 23.5
4 316.362 34.7318 23.5
4 317.806 36.1758 23.5
4 319.248 37.6188 23.5
4 320.699 39.0691 23
4 322.142 40.5121 23.5
4 323.589 41.9597 23
4 325.037 43.4076 23.5
4 326.482 44.8523 23.5
4 327.926 46.2964 23.5
4 329.378 47.7488 23.5
4 330.822 49.1919 23.5
4 332.264 50.6338 23.5
4 333.715 52.0848 23.5
4 335.159 53.5293 23.5
4 336.602 54.9727 23.5
4 338.06 56.4307 23.5
4 339.504 57.8747 23.5
4 340.956 59.3266 23.5
4 342.399 60.7696 23.5
4 343.842 62.2121 23.5
4 345.298 63.6687 23.5
4 346.741 65.1115 23
4 348.183 66.5537 23.5
4 349.635 68.0052 23.5
4 351.079 69.4491 23.5
5 352.523 9.5e-08 23.5
5 353.981 1.45781 23.5
5 355.424 2.9008 23.5
5 356.86 4.33759 23.5
5 358.316 5.79316 23.5
5 359.759 7.23635 23.5
5 361.207 8.68437 23.5
5 362.654 10.1316 23.5
5 364.097 11.5742 23.5
5 365.539 13.0167 23.5
5 366.991 14.4681 23.5
5 368.434 15.9115 23.5
5 369.878 17.3552 23.5
5 371.33 18.807 23.5
5 372.773 20.2501 23.5
5 374.215 21.6918 23.5
5 375.665 23.1426 23.5
5 377.109 24.5858 23.5
5 378.553 26.0298 23.5
5 380.015 27.4921 23.5
5 381.454 28.9312 23.5
5 382.891 30.3682 23.5
5 384.348 31.8249 23.5
5 385.791 33.268 23.5
5 387.243 34.7201 23.5
5 388.687 36.1642 23.5
5 390.131 37.6081 23.5
5 391.581 39.0584 23.5
5 393.024 40.501 23.5
5 394.468 41.9449 23.5
5 395.92 43.3971 23.5
5 397.364 44.8411 23.5
5 398.813 46.2898 23.5
5 400.266 47.7429 23.5
5 401.709 49.1865 23.5
5 403.146 50.6233 23.5
5 404.603 52.0806 23.5
5 406.047 53.5244 23.5
5 407.491 54.9684 23.5
5 408.943 56.4201 23.5
5 410.387 57.8641 23.5
5 411.831 59.3077 23.5
5 413.281 60.758 23.5
5 414.724 62.2008 23.5
5 416.167 63.6445 23.5
5 417.619 65.0965 23.5
5 419.063 66.5406 23.5
5 420.508 67.985 23.5
5 421.966 69.443 23.5
5 423.409 70.8864 23.5
6 424.846 9e-08 23.5
6 426.303 1.45724 23.5
6 427.747 2.90106 23.5
6 429.199 4.35276 23.5
6 430.643 5.79691 23.5
6 432.087 7.24083 23.5
6 433.538 8.69165 23.5
6 434.98 10.1342 23.5
6 436.424 11.5776 23.5
6 437.875 13.0294 23.5
6 439.32 14.4737 23.5
6 440.764 15.9179 23.5
6 442.226 17.3803 23.5
6 443.666 18.8198 23.5
6 445.109 20.2635 23.5
6 446.56 21.7143 23.5
6 448.003 23.1572 23.5
6 449.451 24.6055 23.5
6 450.899 26.0531 23.5
6 452.343 27.4973 23.5
6 453.787 28.9406 23.5
6 455.242 30.3961 23.5
6 456.68 31.8344 23.5
6 458.124 33.2777 23.5
6 459.575 34.7295 23.5
6 461.024 36.178 23.5
6 462.463 37.6174 23.5
6 463.921 39.0753 23.5
6 465.366 40.5196 23.5
6 466.809 41.9633 23.5
6 468.26 43.414 23.5
6 469.703 44.8566 23.5
6 471.154 46.3086 23.5
6 472.599 47.7531 23.5
6 474.043 49.1971 23.5
6 475.495 50.6493 23.5
6 476.939 52.0935 23.5
6 478.383 53.5373 23.5
6 479.845 54.9989 23.5
6 481.277 56.4315 23.5
6 482.72 57.8745 23.5
6 484.178 59.3319 23.5
6 485.622 60.7759 23.5
6 487.066 62.22 23.5
6 488.518 63.6717 23.5
6 489.962 65.1159 23.5
6 491.405 66.5595 23.5
6 492.856 68.0103 23.5
6 494.299 69.4534 23.5
6 495.744 70.8977 23.5
6 497.196 72.3498 23.5
6 498.64 73.7939 23.5
6 500.084 75.2381 23.5
7 501.542 8.3e-08 23.5
7 502.984 1.44231 23.5
7 504.42 2.87849 23.5
7 505.877 4.33545 23.5
7 507.32 5.77868 23.5
7 508.772 7.23059 23.5
7 510.215 8.67322 23.5
7 511.657 10.1153 23.5
7 513.107 11.5653 23.5
7 514.55 13.0084 23.5
7 515.992 14.4508 23.5
7 517.442 15.9003 23.5
7 518.884 17.3424 23.5
7 520.327 18.7855 23.5
7 521.778 20.2366 23.5
7 523.22 21.6788 23.5
7 524.666 23.1247 23.5
7 526.113 24.5717 23.5
7 527.557 26.015 23.5
7 529 27.4582 23.5
7 530.45 28.9087 23.5
7 531.892 30.3501 23.5
7 533.335 31.7931 23.5
7 534.792 33.2504 23.5
7 536.235 34.6935 23.5
7 537.677 36.1358 23.5
7 539.128 37.5859 23.5
8 540.57 8.9e-08 23.5
8 542.012 1.44252 23.5
8 543.464 2.89362 23.5
8 544.906 4.33572 23.5
8 546.347 5.7774 23.5
8 547.799 7.2289 23.5
8 549.242 8.6722 23.5
8 550.685 10.1153 23.5
8 552.136 11.5658 23.5
8 553.578 13.0079 23.5
8 555.021 14.4512 23.5
8 556.473 15.9028 23.5
8 557.916 17.3462 23.5
8 559.359 18.789 23.5
8 560.809 20.2394 23.5
8 562.251 21.6811 23.5
9 563.694 8.8e-08 23.5
9 565.15 1.45667 23.5
9 566.593 2.89903 23.5
9 568.028 4.33466 23.5
9 569.484 5.79012 23.5
9 570.927 7.23334 23.5
9 572.378 8.68431 23.5
9 573.82 10.1267 23.5
9 575.262 11.5683 23.5
10 576.713 7.8e-08 24
10 578.158 1.44458 24
10 579.601 2.88804 24
10 581.053 4.34047 23.5
10 582.501 5.78825 23.5
10 583.941 7.22798 24
11 585.392 9.4e-08 24
11 586.834 1.44217 24
11 588.281 2.88901 24
11 589.734 4.34217 24
12 591.177 8.4e-08 24
12 592.621 1.44387 24
12 594.072 2.89491 24
13 595.515 7.3e-08 24
13 596.958 1.44283 24
13 598.408 2.89323 24
13 599.851 4.33614 24
14 601.294 5.2e-08 24
14 602.745 1.45079 24
14 604.187 2.89322 24
15 605.63 7.5e-08 24
15 607.082 1.45138 24
15 608.525 2.89492 24
16 609.969 1.43e-07 24
16 611.426 1.45707 24
17 612.862 6.8e-08 24.5
17 614.304 1.44222 24.5
17 615.762 2.89974 24
18 617.206 5.8e-08 24.5
18 618.658 1.45204 24.5
18 620.107 2.90118 24.5
19 621.547 6.6e-08 24.5
19 623 1.45275 24.5
19 624.444 2.89741 24.5
20 625.889 7.3e-08 24
20 627.347 1.4577 24.5
20 628.784 2.89484 24.5
21 630.227 6.3e-08 24.5
21 631.684 1.45714 24.5
22 633.229 1.68e-07 24
22 634.684 1.45557 24.5
22 636.128 2.89946 24
23 637.58 8.8e-08 24
23 639.022 1.44267 24.5
23 640.465 2.88503 24.5
24 641.916 7.7e-08 24
24 643.36 1.44415 24
24 644.804 2.88806 24
25 646.257 8.5e-08 24.5
25 647.701 1.4442 24
25 649.146 2.88881 24
26 650.597 8e-08 24.5
26 652.04 1.4426 24.5
26 653.483 2.88547 24
27 655.541 1.68e-07 24.5
27 657 1.45875 24
27 658.442 2.90146 24
28 661.586 1.63e-07 24
28 663.023 1.43669 24.5
28 664.466 2.88018 24
29 669.627 1.7e-07 24
29 671.07 1.44281 24
29 672.521 2.89373 23.5
30 682.271 1.87e-07 24
30 683.715 1.44382 24
30 685.158 2.8872 24
