0 5.39107 9e-08 24
0 8.29534 2.90427 24
0 9.73203 4.34096 24
0 11.1725 5.78141 24
0 12.6265 7.2354 24
0 14.0687 8.67763 24
0 15.5128 10.1217 24
0 16.9648 11.5737 24
0 18.4072 13.0161 24
0 19.8532 14.4621 24
0 21.3154 15.9244 24
0 22.7557 17.3646 24
0 24.2033 18.8122 24
0 25.6506 20.2596 24
0 27.0951 21.704 24
0 28.5427 23.1516 24
1 29.9897 1.04e-07 24
1 31.4334 1.4437 24
1 32.8861 2.89641 24
1 34.3399 4.35023 24
1 35.7892 5.79952 24
1 37.2567 7.26701 24
1 38.7108 8.72113 24
1 40.1767 10.187 24
1 41.6469 11.6572 24
1 43.0956 13.1059 24
1 44.5628 14.5731 24
1 46.0164 16.0267 24
1 47.4599 17.4703 24
1 48.9212 18.9315 24
1 50.3865 20.3968 24
1 51.843 21.8534 24
2 53.2915 7.9e-08 24
2 54.7344 1.44291 24
2 56.1861 2.89464 24
2 57.6304 4.33888 24
2 59.0787 5.78717 24
2 60.5469 7.25545 24
2 61.9999 8.7084 24
2 63.4489 10.1575 24
2 64.9158 11.6243 24
2 66.3698 13.0783 24
2 67.8266 14.5351 24
2 69.2704 15.9789 24
2 70.7233 17.4318 24
2 72.1961 18.9046 24
2 73.6436 20.3521 24
2 75.0866 21.7951 24
2 76.5379 23.2464 24
3 78.0026 8.2e-08 24
3 79.4597 1.45717 24
3 80.907 2.90445 24
3 82.3549 4.3523 24
3 83.8053 5.80271 24
3 85.2485 7.24589 24
3 86.7132 8.71064 24
3 88.1687 10.1661 24
3 89.6168 11.6143 24
3 91.0601 13.0575 24
3 92.5282 14.5256 24
3 93.986 15.9835 24
3 95.4536 17.451 24
3 96.9076 18.905 24
3 98.3501 20.3476 24
3 99.8012 21.7986 24
3 101.255 23.2523 24
3 102.714 24.7111 24
4 104.162 8.8e-08 24
4 105.616 1.45428 24
4 107.081 2.91914 24
4 108.521 4.35883 24
4 109.965 5.80343 24
4 111.42 7.25874 24
4 112.879 8.71719 24
4 114.322 10.1602 24
4 115.778 11.6159 24
4 117.221 13.0591 24
5 118.663 8e-08 24
5 120.114 1.45111 24
5 121.573 2.91007 24
5 123.025 4.36178 24
5 124.469 5.80538 24.5
6 125.911 5.6e-08 24.5
6 127.372 1.46041 24.5
6 128.815 2.90316 24.5
7 130.273 7.4e-08 24.5
8 131.721 4.3e-08 25.5
9 133.174 2.6e-08 26.5
10 134.618 7.1e-08 27
12 136.067 6.9e-08 27.5
14 137.515 1.14e-07 27.5
17 138.956 4.5e-08 27.5
19 140.408 3.7e-08 24.5
21 141.851 6.5e-08 27.5
23 143.594 1.7e-07 25.5
24 145.333 1.05e-07 24
25 147.983 1.56e-07 24.5
26 152.519 1.78e-07 24.5
27 161.462 1.78e-07 24
