        type trial_config ert_flop   unroll  buffers        nsize       trials       microsecs        bytes        flops         GB/s         GF/s
       float    coalesced     1009        3        1           12     16777216   196391084.311    402653184  50784632832        0.002        0.259
       float    coalesced     1009        3        1           24     16777216   196391073.605    805306368 101569265664        0.004        0.517
       float    coalesced     1009        3        1           48     16777216   196391118.612   1610612736 203138531328        0.008        1.034
       float    coalesced     1009        3        1           96     16777216   196391058.308   3221225472 406277062656        0.016        2.069
       float    coalesced     1009        3        1          192     16777216   196391125.002   6442450944 812554125312        0.033        4.137
       float    coalesced     1009        3        1          384     11184810   132543921.860   8589934080 1083405435840        0.065        8.174
       float    coalesced     1009        3        1          768      5592405    67888500.766   8589934080 1083405435840        0.127       15.959
       float    coalesced     1009        3        1         1536      2796202    34914266.492   8589932544 1083405242112        0.246       31.030
       float    coalesced     1009        3        1         3072      1398101    18350021.573   8589932544 1083405242112        0.468       59.041
       float    coalesced     1009        3        1         6144       699050    10103184.858   8589926400 1083404467200        0.850      107.234
       float    coalesced     1009        3        1        12288       349525     6001190.488   8589926400 1083404467200        1.431      180.532
       float    coalesced     1009        3        1        24576       174762     3940271.802   8589901824 1083401367552        2.180      274.956
       float    coalesced     1009        3        1        49152        87381     2898435.572   8589901824 1083401367552        2.964      373.788
       float    coalesced     1009        3        1        98304        43690     2387004.460   8589803520 1083388968960        3.599      453.870
       float    coalesced     1009        3        1       196608        21845     2131250.038   8589803520 1083388968960        4.030      508.335
       float    coalesced     1009        3        1       393216        10922     1999642.016   8589410304 1083339374592        4.295      541.767
       float    coalesced     1009        3        1       786432         5461     1935151.423   8589410304 1083339374592        4.439      559.822
       float    coalesced     1009        3        1      1572864         2730     1902582.480   8587837440 1083140997120        4.514      569.300
       float    coalesced     1009        3        1      3145728         1365     1886412.008   8587837440 1083140997120        4.552      574.181
       float    coalesced     1009        3        1      6291456          682     1876992.964   8581545984 1082347487232        4.572      576.639
       float    coalesced     1009        3        1     12582912          341     1873005.907   8581545984 1082347487232        4.582      577.867
       float    coalesced     1009        3        1     25165824          170     1865485.100   8556380160 1079173447680        4.587      578.495
       float    coalesced     1009        3        1     50331648           85     1864428.026   8556380160 1079173447680        4.589      578.823
       float    coalesced     1009        3        1    100663296           42     1842042.933   8455716864 1066477289472        4.590      578.964
       float    coalesced     1009        3        1    201326592           21     1841800.758   8455716864 1066477289472        4.591      579.041
       float    coalesced     1009        3        1    402653184           10     1753936.426   8053063680 1015692656640        4.591      579.093
       float    coalesced     1009        3        1    805306368            5     1753912.840   8053063680 1015692656640        4.591      579.101
       float    coalesced     1009        3        1   1610612736            2     1403209.252   6442450944 812554125312        4.591      579.068
       float    coalesced     1009        3        1   3221225472            1     1403201.051   6442450944 812554125312        4.591      579.072
