        type trial_config ert_flop   unroll  buffers        nsize       trials       microsecs        bytes        flops         GB/s         GF/s
       float    coalesced       16       16        1           64     16777216     7590207.714   2147483648   4294967296        0.283        0.566
       float    coalesced       16       16        1          128     16777216     7701706.702   4294967296   8589934592        0.558        1.115
       float    coalesced       16       16        1          256     16777216     8183103.667   8589934592  17179869184        1.050        2.099
       float    coalesced       16       16        1          512      8388608     4364380.172   8589934592  17179869184        1.968        3.936
       float    coalesced       16       16        1         1024      4194304     2338160.002   8589934592  17179869184        3.674        7.348
       float    coalesced       16       16        1         2048      2097152     1363968.083   8589934592  17179869184        6.298       12.596
       float    coalesced       16       16        1         4096      1048576      779470.321   8589934592  17179869184       11.020       22.040
       float    coalesced       16       16        1         8192       524288      511602.134   8589934592  17179869184       16.790       33.581
       float    coalesced       16       16        1        16384       262144      409253.860   8589934592  17179869184       20.989       41.979
       float    coalesced       16       16        1        32768       131072      361143.956   8589934592  17179869184       23.785       47.571
       float    coalesced       16       16        1        65536        65536      351604.647   8589934592  17179869184       24.431       48.861
       float    coalesced       16       16        1       131072        32768      345443.813   8589934592  17179869184       24.866       49.733
       float    coalesced       16       16        1       262144        16384      343452.644   8589934592  17179869184       25.011       50.021
       float    coalesced       16       16        1       524288         8192      342396.617   8589934592  17179869184       25.088       50.175
       float    coalesced       16       16        1      1048576         4096      341813.540   8589934592  17179869184       25.130       50.261
       float    coalesced       16       16        1      2097152         2048      341449.324   8589934592  17179869184       25.157       50.315
       float    coalesced       16       16        1      4194304         1024      341291.005   8589934592  17179869184       25.169       50.338
       float    coalesced       16       16        1      8388608          512      341187.735   8589934592  17179869184       25.177       50.353
       float    coalesced       16       16        1     16777216          256      341136.302   8589934592  17179869184       25.180       50.361
       float    coalesced       16       16        1     33554432          128      341086.865   8589934592  17179869184       25.184       50.368
       float    coalesced       16       16        1     67108864           64      341123.246   8589934592  17179869184       25.181       50.363
       float    coalesced       16       16        1    134217728           32      341131.811   8589934592  17179869184       25.181       50.361
       float    coalesced       16       16        1    268435456           16      341107.313   8589934592  17179869184       25.182       50.365
       float    coalesced       16       16        1    536870912            8      341095.894   8589934592  17179869184       25.183       50.367
       float    coalesced       16       16        1   1073741824            4      341083.984   8589934592  17179869184       25.184       50.368
       float    coalesced       16       16        1   2147483648            2      341077.570   8589934592  17179869184       25.185       50.369
       float    coalesced       16       16        1   4293918720            1      340993.822   8587837440  17175674880       25.185       50.369
