0 3.43798 1.15e-07 20.5
0 6.32985 2.89187 20.5
0 7.78055 4.34258 20.5
1 9.22377 7.6e-08 20.5
1 10.6669 1.44309 20.5
1 12.1223 2.89855 20.5
1 13.5624 4.33865 20.5
2 15.007 9.5e-08 20.5
2 16.4608 1.45377 20.5
2 17.9046 2.89762 21
2 19.3485 4.34147 20.5
3 20.8214 6.8e-08 21
3 22.2816 1.46017 21
3 23.7357 2.91431 21
4 25.1825 8.6e-08 21.5
5 26.6245 7.2e-08 22
7 28.0759 7e-08 23.5
11 29.54 6.1e-08 23.5
15 31.0082 7.9e-08 24
19 32.4523 7e-08 20.5
22 33.8963 6.7e-08 24
24 36.248 1.6e-07 21
25 39.0914 1.47e-07 21
26 44.1453 1.48e-07 20.5
