        type trial_config ert_flop   unroll  buffers        nsize       trials       microsecs        bytes        flops         GB/s         GF/s
       float    coalesced      377        4        2           32     16777216    60428388.016   1073741824  50600083456        0.018        0.837
       float    coalesced      377        4        2           64     16777216    60746138.445   2147483648 101200166912        0.035        1.666
       float    coalesced      377        4        2          128     16777216    61099724.387   4294967296 202400333824        0.070        3.313
       float    coalesced      377        4        2          256     16777216    61613215.443   8589934592 404800667648        0.139        6.570
       float    coalesced      377        4        2          512     16777216    65463997.156  17179869184 809601335296        0.262       12.367
       float    coalesced      377        4        2         1024      8388608    32732270.737  17179869184 809601335296        0.525       24.734
       float    coalesced      377        4        2         2048      4194304    17020998.726  17179869184 809601335296        1.009       47.565
       float    coalesced      377        4        2         4096      2097152     9033350.452  17179869184 809601335296        1.902       89.624
       float    coalesced      377        4        2         8192      1048576     5001136.610  17179869184 809601335296        3.435      161.883
       float    coalesced      377        4        2        16384       524288     2982042.254  17179869184 809601335296        5.761      271.492
       float    coalesced      377        4        2        32768       262144     2046190.356  17179869184 809601335296        8.396      395.663
       float    coalesced      377        4        2        65536       131072     1495592.596  17179869184 809601335296       11.487      541.325
       float    coalesced      377        4        2       131072        65536     1253010.205  17179869184 809601335296       13.711      646.125
       float    coalesced      377        4        2       262144        32768     1130740.960  17179869184 809601335296       15.193      715.992
       float    coalesced      377        4        2       524288        16384     1068883.848  17179869184 809601335296       16.073      757.427
       float    coalesced      377        4        2      1048576         8192     1038517.385  17179869184 809601335296       16.543      779.574
       float    coalesced      377        4        2      2097152         4096     1023306.360  17179869184 809601335296       16.789      791.162
       float    coalesced      377        4        2      4194304         2048     1015743.610  17179869184 809601335296       16.914      797.053
       float    coalesced      377        4        2      8388608         1024     1011944.939  17179869184 809601335296       16.977      800.045
       float    coalesced      377        4        2     16777216          512     1010011.983  17179869184 809601335296       17.010      801.576
       float    coalesced      377        4        2     33554432          256     1009034.582  17179869184 809601335296       17.026      802.352
       float    coalesced      377        4        2     67108864          128     1008527.194  17179869184 809601335296       17.035      802.756
       float    coalesced      377        4        2    134217728           64     1008362.885  17179869184 809601335296       17.037      802.887
       float    coalesced      377        4        2    268435456           32     1008209.099  17179869184 809601335296       17.040      803.009
       float    coalesced      377        4        2    536870912           16     1008122.331  17179869184 809601335296       17.041      803.078
       float    coalesced      377        4        2   1073741824            8     1008080.069  17179869184 809601335296       17.042      803.112
       float    coalesced      377        4        2   2147483648            4     1008095.941  17179869184 809601335296       17.042      803.099
       float    coalesced      377        4        2   4294967296            2     1008131.728  17179869184 809601335296       17.041      803.071
       float    coalesced      377        4        2   8588886016            1     1007920.102  17177772032 809502507008       17.043      803.142
