        type trial_config ert_flop   unroll  buffers        nsize       trials       microsecs        bytes        flops         GB/s         GF/s
       float    coalesced      256        4        2           32     16777216    43642865.831   1073741824  34359738368        0.025        0.787
       float    coalesced      256        4        2           64     16777216    43642820.886   2147483648  68719476736        0.049        1.575
       float    coalesced      256        4        2          128     16777216    43642818.605   4294967296 137438953472        0.098        3.149
       float    coalesced      256        4        2          256     16777216    43642809.634   8589934592 274877906944        0.197        6.298
       float    coalesced      256        4        2          512     16777216    45373053.373  17179869184 549755813888        0.379       12.116
       float    coalesced      256        4        2         1024      8388608    23805366.431  17179869184 549755813888        0.722       23.094
       float    coalesced      256        4        2         2048      4194304    12547735.524  17179869184 549755813888        1.369       43.813
       float    coalesced      256        4        2         4096      2097152     6757170.461  17179869184 549755813888        2.542       81.359
       float    coalesced      256        4        2         8192      1048576     4091874.961  17179869184 549755813888        4.199      134.353
       float    coalesced      256        4        2        16384       524288     2455309.202  17179869184 549755813888        6.997      223.905
       float    coalesced      256        4        2        32768       262144     1718809.970  17179869184 549755813888        9.995      319.847
       float    coalesced      256        4        2        65536       131072     1354271.467  17179869184 549755813888       12.686      405.942
       float    coalesced      256        4        2       131072        65536     1174191.487  17179869184 549755813888       14.631      468.199
       float    coalesced      256        4        2       262144        32768     1085632.878  17179869184 549755813888       15.825      506.392
       float    coalesced      256        4        2       524288        16384     1041385.290  17179869184 549755813888       16.497      527.908
       float    coalesced      256        4        2      1048576         8192     1023240.911  17179869184 549755813888       16.790      537.269
       float    coalesced      256        4        2      2097152         4096     1009458.531  17179869184 549755813888       17.019      544.605
       float    coalesced      256        4        2      4194304         2048     1004118.722  17179869184 549755813888       17.109      547.501
       float    coalesced      256        4        2      8388608         1024     1001222.650  17179869184 549755813888       17.159      549.084
       float    coalesced      256        4        2     16777216          512      999908.315  17179869184 549755813888       17.181      549.806
       float    coalesced      256        4        2     33554432          256      999284.298  17179869184 549755813888       17.192      550.150
       float    coalesced      256        4        2     67108864          128      998868.277  17179869184 549755813888       17.199      550.379
       float    coalesced      256        4        2    134217728           64      998714.769  17179869184 549755813888       17.202      550.463
       float    coalesced      256        4        2    268435456           32      998611.683  17179869184 549755813888       17.204      550.520
       float    coalesced      256        4        2    536870912           16      998550.698  17179869184 549755813888       17.205      550.554
       float    coalesced      256        4        2   1073741824            8      998535.474  17179869184 549755813888       17.205      550.562
       float    coalesced      256        4        2   2147483648            4      998554.400  17179869184 549755813888       17.205      550.552
       float    coalesced      256        4        2   4294967296            2      998524.392  17179869184 549755813888       17.205      550.568
       float    coalesced      256        4        2   8588886016            1      998496.994  17177772032 549688705024       17.204      550.516
