        type trial_config ert_flop   unroll  buffers        nsize       trials       microsecs        bytes        flops         GB/s         GF/s
        long    coalesced        8       16        2          256     16777216    10071776.770   8589934592   4294967296        0.853        0.426
        long    coalesced        8       16        2          512     16777216    10108843.793  17179869184   8589934592        1.699        0.850
        long    coalesced        8       16        2         1024      8388608     5737288.786  17179869184   8589934592        2.994        1.497
        long    coalesced        8       16        2         2048      4194304     3273609.568  17179869184   8589934592        5.248        2.624
        long    coalesced        8       16        2         4096      2097152     1818863.809  17179869184   8589934592        9.445        4.723
        long    coalesced        8       16        2         8192      1048576     1212671.898  17179869184   8589934592       14.167        7.083
        long    coalesced        8       16        2        16384       524288      909653.193  17179869184   8589934592       18.886        9.443
        long    coalesced        8       16        2        32768       262144      767551.931  17179869184   8589934592       22.383       11.191
        long    coalesced        8       16        2        65536       131072      691798.273  17179869184   8589934592       24.834       12.417
        long    coalesced        8       16        2       131072        65536      657931.444  17179869184   8589934592       26.112       13.056
        long    coalesced        8       16        2       262144        32768      639666.393  17179869184   8589934592       26.858       13.429
        long    coalesced        8       16        2       524288        16384      626910.565  17179869184   8589934592       27.404       13.702
        long    coalesced        8       16        2      1048576         8192      621798.379  17179869184   8589934592       27.629       13.815
        long    coalesced        8       16        2      2097152         4096      619599.780  17179869184   8589934592       27.727       13.864
        long    coalesced        8       16        2      4194304         2048      618395.943  17179869184   8589934592       27.781       13.891
        long    coalesced        8       16        2      8388608         1024      617766.635  17179869184   8589934592       27.810       13.905
        long    coalesced        8       16        2     16777216          512      617406.014  17179869184   8589934592       27.826       13.913
        long    coalesced        8       16        2     33554432          256      617248.285  17179869184   8589934592       27.833       13.916
        long    coalesced        8       16        2     67108864          128      617177.178  17179869184   8589934592       27.836       13.918
        long    coalesced        8       16        2    134217728           64      617137.562  17179869184   8589934592       27.838       13.919
        long    coalesced        8       16        2    268435456           32      617107.002  17179869184   8589934592       27.839       13.920
        long    coalesced        8       16        2    536870912           16      617088.763  17179869184   8589934592       27.840       13.920
        long    coalesced        8       16        2   1073741824            8      617107.149  17179869184   8589934592       27.839       13.920
        long    coalesced        8       16        2   2147483648            4      617102.752  17179869184   8589934592       27.840       13.920
        long    coalesced        8       16        2   4294967296            2      617134.106  17179869184   8589934592       27.838       13.919
        long    coalesced        8       16        2   8588886016            1      617015.544  17177772032   8588886016       27.840       13.920
