        type trial_config ert_flop   unroll  buffers        nsize       trials       microsecs        bytes        flops         GB/s         GF/s
       float    coalesced      215        7        2           56     16777216    47083753.333   1879048192  50499420160        0.040        1.073
       float    coalesced      215        7        2          112     16777216    47610413.092   3758096384 100998840320        0.079        2.121
       float    coalesced      215        7        2          224     16777216    47610306.245   7516192768 201997680640        0.158        4.243
       float    coalesced      215        7        2          448     16777216    49098146.509  15032385536 403995361280        0.306        8.228
       float    coalesced      215        7        2          896      9586980    28560759.223  17179868160 461708956800        0.602       16.166
       float    coalesced      215        7        2         1792      4793490    15241180.228  17179868160 461708956800        1.127       30.294
       float    coalesced      215        7        2         3584      2396745     8016419.251  17179868160 461708956800        2.143       57.595
       float    coalesced      215        7        2         7168      1198372     4676411.845  17179860992 461708764160        3.674       98.731
       float    coalesced      215        7        2        14336       599186     2694483.858  17179860992 461708764160        6.376      171.353
       float    coalesced      215        7        2        28672       299593     1819199.414  17179860992 461708764160        9.444      253.798
       float    coalesced      215        7        2        57344       149796     1381972.851  17179803648 461707223040       12.431      334.093
       float    coalesced      215        7        2       114688        74898     1169414.525  17179803648 461707223040       14.691      394.819
       float    coalesced      215        7        2       229376        37449     1052558.307  17179803648 461707223040       16.322      438.652
       float    coalesced      215        7        2       458752        18724      998938.236  17179344896 461694894080       17.198      462.186
       float    coalesced      215        7        2       917504         9362      970479.706  17179344896 461694894080       17.702      475.739
       float    coalesced      215        7        2      1835008         4681      956536.449  17179344896 461694894080       17.960      482.674
       float    coalesced      215        7        2      3670016         2340      950013.340  17175674880 461596262400       18.079      485.884
       float    coalesced      215        7        2      7340032         1170      946053.644  17175674880 461596262400       18.155      487.918
       float    coalesced      215        7        2     14680064          585      944331.018  17175674880 461596262400       18.188      488.808
       float    coalesced      215        7        2     29360128          292      941797.753  17146314752 460807208960       18.206      489.285
       float    coalesced      215        7        2     58720256          146      941421.654  17146314752 460807208960       18.213      489.480
       float    coalesced      215        7        2    117440512           73      941187.164  17146314752 460807208960       18.218      489.602
       float    coalesced      215        7        2    234881024           36      928132.250  16911433728 454494781440       18.221      489.688
       float    coalesced      215        7        2    469762048           18      928093.672  16911433728 454494781440       18.222      489.708
       float    coalesced      215        7        2    939524096            9      928104.399  16911433728 454494781440       18.221      489.702
       float    coalesced      215        7        2   1879048192            4      824980.837  15032385536 403995361280       18.221      489.703
       float    coalesced      215        7        2   3758096384            2      825015.533  15032385536 403995361280       18.221      489.682
       float    coalesced      215        7        2   7516192768            1      825000.129  15032385536 403995361280       18.221      489.691
