0 6.5027 8.8e-08 22
0 9.38683 2.88413 22
0 10.8377 4.33502 22
0 12.2832 5.78048 22
0 13.7224 7.21974 22.5
1 15.1765 6.7e-08 22.5
1 16.6165 1.44 22.5
1 18.0643 2.88776 22.5
2 19.5178 5.8e-08 22.5
2 20.9571 1.43923 23.5
3 22.4107 5.1e-08 24
4 23.8527 5.4e-08 24.5
6 25.293 4.7e-08 25.5
8 26.7454 1.31e-07 26
11 28.1842 5.2e-08 26
13 29.6299 5e-08 26
16 31.0839 5e-08 22
18 32.527 6e-08 22.5
20 34.1731 1.7e-07 22.5
21 35.8243 1.63e-07 22
22 38.4711 1.54e-07 22.5
23 43.0208 1.45e-07 22.5
24 51.8702 1.51e-07 22
