0 5.09137 7.1e-08 24
0 7.99094 2.89958 24
0 9.42765 4.33628 24
0 10.8712 5.77981 24
0 12.3288 7.23741 24
0 13.766 8.67463 24
0 15.2099 10.1185 24
0 16.6684 11.5771 24
0 18.1054 13.014 24
0 19.5492 14.4578 24
0 21.0076 15.9163 24
0 22.4522 17.3608 24
0 23.8959 18.8046 24
0 25.3467 20.2554 24
0 26.7892 21.6978 24
0 28.2374 23.146 24
0 29.6861 24.5947 24
0 31.1457 26.0543 24
0 32.588 27.4966 24
0 34.0558 28.9644 24
0 35.505 30.4136 24
0 36.9678 31.8765 24
0 38.4173 33.326 24
0 39.8775 34.7862 24
0 41.3403 36.249 24
0 42.7828 37.6915 24
0 44.232 39.1406 24
1 45.6991 8.5e-08 24
1 47.1534 1.45429 24
1 48.6099 2.91077 24
1 50.0539 4.35484 24
1 51.4966 5.79748 24
1 52.9697 7.27065 24
1 54.4227 8.72365 24
1 55.8722 10.1731 24
1 57.3401 11.641 24
1 58.7992 13.1002 24
1 60.2565 14.5574 24
1 61.7162 16.0171 24
1 63.1709 17.4718 24
1 64.6221 18.923 24
1 66.0759 20.3768 24
1 67.5256 21.8265 24
1 68.9979 23.2988 24
1 70.4461 24.747 24
1 71.8969 26.1978 24
1 73.3613 27.6622 24
1 74.8148 29.1157 24
1 76.2827 30.5836 24
1 77.737 32.0379 24
1 79.1876 33.4885 24
1 80.642 34.9429 24
1 82.1022 36.4031 24
1 83.5636 37.8645 24
1 85.0115 39.3124 24
2 86.4547 9.7e-08 24
2 87.9089 1.45416 24
2 89.3505 2.89575 24
2 90.7943 4.3396 24
2 92.2443 5.78965 24
2 93.7024 7.24773 24
2 95.1596 8.70488 24
2 96.6202 10.1655 24
2 98.0614 11.6067 24
2 99.5342 13.0795 24
2 100.991 14.5367 24
2 102.43 15.9757 24
2 103.897 17.4419 24
2 105.341 18.886 24
2 106.809 20.3544 24
2 108.251 21.7964 24
2 109.711 23.2562 24
2 111.161 24.7062 24
2 112.614 26.1595 24
2 114.057 27.6025 24
2 115.514 29.0592 24
2 116.958 30.5029 24
2 118.401 31.9464 24
2 119.852 33.3968 24
2 121.316 34.8611 24
2 122.767 36.3119 24
2 124.225 37.7706 24
2 125.668 39.2135 24
2 127.136 40.681 24
3 128.579 9.5e-08 24
3 130.021 1.44168 24
3 131.476 2.89765 24
3 132.918 4.33947 24
3 134.362 5.78273 24
3 135.813 7.23395 24
3 137.255 8.67623 24
3 138.697 10.1186 24
3 140.17 11.591 24
3 141.613 13.034 24
3 143.064 14.4852 24
3 144.517 15.9386 24
3 145.96 17.3809 24
3 147.41 18.8314 24
3 148.869 20.2905 24
3 150.312 21.7329 24
3 151.775 23.1964 24
3 153.215 24.6363 24
3 154.669 26.0897 24
3 156.118 27.5391 24
3 157.561 28.9822 24
3 159.004 30.4252 24
3 160.454 31.8754 24
3 161.912 33.3333 24
3 163.363 34.7842 24
3 164.816 36.2368 24
3 166.258 37.679 24
3 167.709 39.13 24
3 169.152 40.573 24
3 170.595 42.0164 24
4 172.045 9.2e-08 24
4 173.487 1.44229 24
4 174.93 2.88556 24
4 176.403 4.35787 24
4 177.845 5.80059 24
4 179.288 7.24339 24
4 180.743 8.69851 24
4 182.186 10.1413 24
4 183.628 11.5833 24
4 185.079 13.0345 24
4 186.523 14.478 24
4 187.965 15.9205 24
4 189.415 17.3698 24
4 190.858 18.8133 24
4 192.306 20.2612 24
4 193.762 21.717 24
4 195.205 23.16 24
4 196.665 24.6201 24
4 198.107 26.0622 24
4 199.564 27.5195 24
4 201.017 28.972 24
4 202.469 30.424 24
4 203.911 31.8665 24
4 205.362 33.3175 24
4 206.804 34.7594 24
4 208.246 36.2014 24
4 209.696 37.6515 24
4 211.139 39.0943 24
4 212.591 40.5464 24
4 214.042 41.9966 24
5 215.499 6.9e-08 24
5 216.932 1.4336 24
5 218.399 2.90015 24
5 219.841 4.34234 24
5 221.292 5.79313 24
5 222.735 7.23592 24
5 224.177 8.67842 24
5 225.628 10.1293 24
5 227.07 11.5712 24
5 228.522 13.0236 24
5 229.979 14.4808 24
5 231.416 15.9169 24
5 232.879 17.3804 24
5 234.329 18.8307 24
5 235.771 20.2727 24
5 237.215 21.7158 24
6 238.67 6.7e-08 24
6 240.113 1.44291 24
6 241.558 2.88799 24
6 243.006 4.33641 24
6 244.448 5.77822 24
6 245.903 7.23247 24
6 247.352 8.68234 24
6 248.796 10.1255 24.5
7 250.257 6.5e-08 24.5
7 251.7 1.44267 24.5
7 253.141 2.88461 24.5
7 254.609 4.352 24.5
7 256.053 5.79584 24.5
8 257.509 5.5e-08 24.5
8 258.956 1.44732 24.5
8 260.398 2.88946 25
9 261.842 7.1e-08 25
10 263.309 6.5e-08 25.5
10 264.744 1.43528 25.5
11 266.197 8e-08 26
12 267.647 6.5e-08 26
14 269.099 8e-08 26
15 270.55 3.8e-08 26
16 272.005 5.5e-08 26
17 273.444 6.2e-08 26
19 274.9 6.4e-08 26
20 276.342 5.3e-08 26
21 277.777 6.2e-08 26
22 279.233 1.31e-07 26
23 280.675 5.9e-08 26
24 282.127 6.9e-08 24.5
25 283.677 1.45e-07 24.5
26 286.736 1e-07 25.5
27 291.779 1.83e-07 24.5
28 300.824 1.45e-07 24.5
