0 6.63165 8.7e-08 20.5
0 9.52881 2.89716 20.5
0 10.9724 4.34075 21
0 12.4136 5.78194 21
0 13.8714 7.23971 21
1 15.3153 7.5e-08 20.5
1 16.7619 1.44668 20.5
1 18.214 2.89879 20.5
1 19.6549 4.33961 20.5
1 21.0975 5.78229 20.5
1 22.5481 7.23288 20.5
1 23.9912 8.67598 20.5
2 25.4336 6.9e-08 20.5
2 26.8909 1.45735 20.5
2 28.3366 2.90306 20.5
2 29.7864 4.35288 20.5
2 31.2307 5.79719 20.5
2 32.6758 7.24228 20.5
3 34.1434 1.1e-07 20.5
3 35.597 1.45363 20.5
3 37.0426 2.89923 20.5
3 38.5137 4.37033 20.5
3 39.9617 5.81838 20.5
3 41.4193 7.27598 20.5
3 42.8736 8.73022 21
4 44.3173 5e-08 21
4 45.7856 1.46832 20.5
4 47.2398 2.92246 20.5
4 48.7078 4.39048 20.5
4 50.1568 5.8395 21
4 51.6102 7.29289 20.5
4 53.0769 8.75956 20.5
4 54.5299 10.2126 21
5 55.9964 6.9e-08 21
5 57.4391 1.44271 21
5 58.8808 2.88438 21
5 60.3374 4.341 21
5 61.7975 5.80105 21
5 63.2543 7.25792 21
5 64.697 8.70057 21
5 66.1442 10.1478 21
5 67.6119 11.6155 21
6 69.061 6.8e-08 21
6 70.5028 1.44183 21
6 71.9543 2.89327 21
6 73.3972 4.33622 21
6 74.8635 5.80248 21
7 76.311 8.6e-08 21
7 77.7707 1.45974 21
7 79.2327 2.92174 21
7 80.6761 4.36513 21.5
8 82.1306 9.1e-08 21.5
8 83.5919 1.46124 21.5
9 85.04 6.1e-08 21.5
9 86.5074 1.4674 22
10 87.9515 6.7e-08 22
10 89.4108 1.45932 22
11 90.878 9.9e-08 22
12 92.3308 6.7e-08 22
13 93.7959 6.8e-08 22
13 95.24 1.4441 22
14 96.683 5.9e-08 22
15 98.1342 6.5e-08 22
15 99.5984 1.46421 22
16 101.05 6.7e-08 22
17 102.509 5.8e-08 22
18 103.952 5.3e-08 22
18 105.409 1.4563 22
19 106.852 6.2e-08 22
20 108.295 5.5e-08 22
20 109.753 1.45792 22
21 111.212 7.7e-08 22
22 112.662 5.2e-08 22
23 114.12 6.3e-08 22
23 115.562 1.44186 22
24 117.027 7.9e-08 22
25 118.867 1.62e-07 22
25 120.314 1.44722 21
26 121.865 1.62e-07 22
26 123.307 1.44271 21
27 125.859 1.43e-07 22
27 127.302 1.44286 21
28 132.048 1.54e-07 22
28 133.489 1.44032 21
29 142.536 1.47e-07 22
29 143.977 1.44092 21
