        type trial_config ert_flop   unroll  buffers        nsize       trials       microsecs        bytes        flops         GB/s         GF/s
         int    coalesced       16        1        2            8     16777216     8030306.364    268435456    536870912        0.033        0.067
         int    coalesced       16        1        2           16     16777216     8183511.283    536870912   1073741824        0.066        0.131
         int    coalesced       16        1        2           32     16777216     8507831.416   1073741824   2147483648        0.126        0.252
         int    coalesced       16        1        2           64     16777216     9352471.415   2147483648   4294967296        0.230        0.459
         int    coalesced       16        1        2          128     16777216    10911078.268   4294967296   8589934592        0.394        0.787
         int    coalesced       16        1        2          256     16777216    12033956.120   8589934592  17179869184        0.714        1.428
         int    coalesced       16        1        2          512     16777216    15403650.294  17179869184  34359738368        1.115        2.231
         int    coalesced       16        1        2         1024      8388608     9352400.849  17179869184  34359738368        1.837        3.674
         int    coalesced       16        1        2         2048      4194304     6774259.499  17179869184  34359738368        2.536        5.072
         int    coalesced       16        1        2         4096      2097152     5455726.066  17179869184  34359738368        3.149        6.298
         int    coalesced       16        1        2         8192      1048576     4676369.330  17179869184  34359738368        3.674        7.348
         int    coalesced       16        1        2        16384       524288     4294171.217  17179869184  34359738368        4.001        8.001
         int    coalesced       16        1        2        32768       262144     4091897.006  17179869184  34359738368        4.199        8.397
         int    coalesced       16        1        2        65536       131072     4073638.542  17179869184  34359738368        4.217        8.435
         int    coalesced       16        1        2       131072        65536     4023087.696  17179869184  34359738368        4.270        8.541
         int    coalesced       16        1        2       262144        32768     3999267.285  17179869184  34359738368        4.296        8.592
         int    coalesced       16        1        2       524288        16384     3987723.549  17179869184  34359738368        4.308        8.616
         int    coalesced       16        1        2      1048576         8192     3981840.339  17179869184  34359738368        4.315        8.629
         int    coalesced       16        1        2      2097152         4096     3979030.277  17179869184  34359738368        4.318        8.635
         int    coalesced       16        1        2      4194304         2048     3977551.782  17179869184  34359738368        4.319        8.638
         int    coalesced       16        1        2      8388608         1024     3976750.005  17179869184  34359738368        4.320        8.640
         int    coalesced       16        1        2     16777216          512     3976487.333  17179869184  34359738368        4.320        8.641
         int    coalesced       16        1        2     33554432          256     3976236.036  17179869184  34359738368        4.321        8.641
         int    coalesced       16        1        2     67108864          128     3976224.267  17179869184  34359738368        4.321        8.641
         int    coalesced       16        1        2    134217728           64     3976249.913  17179869184  34359738368        4.321        8.641
         int    coalesced       16        1        2    268435456           32     3976124.108  17179869184  34359738368        4.321        8.642
         int    coalesced       16        1        2    536870912           16     3976131.569  17179869184  34359738368        4.321        8.641
         int    coalesced       16        1        2   1073741824            8     3976063.911  17179869184  34359738368        4.321        8.642
         int    coalesced       16        1        2   2147483648            4     3976166.334  17179869184  34359738368        4.321        8.641
         int    coalesced       16        1        2   4294967296            2     3976057.433  17179869184  34359738368        4.321        8.642
         int    coalesced       16        1        2   8588886016            1     3975689.935  17177772032  34355544064        4.321        8.641
