0 2.94997 9e-08 21
0 5.84206 2.89209 21
0 7.28519 4.33522 21
0 8.73536 5.78539 21
0 10.1793 7.22931 21
1 11.623 7.3e-08 21
1 13.0732 1.45015 21
1 14.5149 2.89186 21
1 15.9589 4.33585 21
1 17.4164 5.79343 21
2 18.8589 7e-08 21
2 20.3006 1.44165 21
2 21.752 2.8931 21
2 23.1945 4.33554 21
2 24.638 5.77905 21
2 26.0887 7.22971 21
3 27.5321 8.2e-08 21
3 28.9755 1.44348 21
3 30.4323 2.90021 21.5
4 31.8758 5.9e-08 21.5
4 33.3273 1.45145 21.5
5 34.7687 6.9e-08 23
8 36.2125 7e-08 24
12 37.6633 5.4e-08 24
16 39.1066 7e-08 24
20 40.6489 1.77e-07 24
23 42.6898 1.75e-07 21
24 44.2296 1.2e-07 21.5
25 46.9862 1.73e-07 21.5
26 52.0318 1.76e-07 21
