0 3.37732 1.45e-07 20.5
0 6.26979 2.89248 20.5
0 7.71167 4.33435 20.5
0 9.15455 5.77724 20.5
0 10.6115 7.23421 20.5
1 12.0558 6.3e-08 20.5
1 13.4963 1.44055 20.5
1 14.9456 2.88986 20.5
1 16.3873 4.33153 20.5
1 17.83 5.77424 20.5
1 19.2811 7.22536 20.5
2 20.7237 6.2e-08 20.5
2 22.1726 1.44891 20.5
2 23.6221 2.89846 20.5
2 25.0654 4.34171 20.5
2 26.5165 5.79278 20.5
2 27.96 7.23632 20.5
3 29.4095 1.54e-07 20.5
3 30.8674 1.45789 20.5
3 32.3103 2.90079 20.5
3 33.7569 4.34735 20.5
3 35.2093 5.79979 20.5
3 36.6645 7.25497 20.5
4 38.1077 1e-07 20.5
4 39.5604 1.45271 20.5
4 41.0098 2.90213 20.5
4 42.4603 4.35259 20.5
4 43.913 5.80526 20.5
4 45.3576 7.24986 20.5
4 46.8146 8.70689 20.5
5 48.2575 5.8e-08 20.5
5 49.6994 1.44191 20.5
5 51.1515 2.89397 20.5
5 52.5994 4.34194 20.5
5 54.0406 5.78308 20.5
5 55.4967 7.23924 20.5
5 56.9412 8.68373 20.5
5 58.402 10.1445 20.5
5 59.8364 11.5789 20.5
6 61.2798 8.2e-08 20.5
6 62.7367 1.45687 20.5
6 64.18 2.90016 20.5
6 65.6269 4.3471 20.5
6 67.0797 5.79988 20.5
6 68.5353 7.25546 20.5
6 69.9918 8.71201 20.5
6 71.432 10.1522 20.5
6 72.8815 11.6017 20.5
6 74.3322 13.0524 20.5
6 75.782 14.5022 20.5
7 77.2256 7.1e-08 20.5
7 78.6778 1.45222 20.5
7 80.1222 2.89659 20.5
7 81.5666 4.34096 20.5
7 83.03 5.80438 20.5
7 84.474 7.24842 20.5
7 85.9264 8.70076 20.5
7 87.371 10.1454 20.5
7 88.8152 11.5896 20.5
7 90.2665 13.0409 20.5
7 91.7207 14.4951 20.5
7 93.1647 15.9391 20.5
7 94.6171 17.3915 20.5
8 96.0611 7e-08 20.5
8 97.5043 1.44314 20.5
8 98.9556 2.89451 20.5
8 100.399 4.33792 20.5
8 101.842 5.78066 20.5
8 103.298 7.237 20.5
8 104.747 8.68538 20.5
8 106.198 10.1368 20.5
8 107.642 11.5808 20.5
9 109.086 6.9e-08 20.5
9 110.544 1.45775 20.5
9 111.987 2.90108 20.5
9 113.43 4.34448 20.5
9 114.881 5.79548 20.5
9 116.323 7.2374 20.5
9 117.767 8.68058 20.5
10 119.218 7.2e-08 20.5
10 120.659 1.44173 20.5
10 122.103 2.88524 20.5
10 123.559 4.34101 20.5
10 125.002 5.78376 20.5
10 126.457 7.23912 20.5
11 127.9 6.7e-08 20.5
11 129.343 1.44279 20.5
11 130.8 2.89975 20.5
11 132.243 4.34322 20.5
11 133.687 5.78653 20.5
12 135.138 7.1e-08 20.5
12 136.581 1.44327 20.5
12 138.024 2.88618 20.5
12 139.475 4.33683 20.5
12 140.918 5.78021 20.5
13 142.361 7.2e-08 20.5
13 143.818 1.45728 20.5
13 145.262 2.9009 20.5
13 146.713 4.35193 20.5
13 148.16 5.79936 20.5
14 149.603 7.4e-08 20.5
14 151.059 1.45617 20.5
14 152.502 2.89905 20.5
14 153.945 4.34171 20.5
14 155.396 5.79239 20.5
15 156.838 5.6e-08 20.5
15 158.278 1.44077 20.5
15 159.728 2.89062 20.5
15 161.171 4.33329 20.5
16 162.613 4.8e-08 20.5
16 164.064 1.45085 20.5
16 165.507 2.89329 20.5
16 166.95 4.33638 20.5
16 168.407 5.79342 20.5
17 169.848 7.1e-08 20.5
17 171.299 1.45081 20.5
17 172.741 2.89307 20.5
17 174.184 4.33564 20.5
17 175.635 5.78662 20.5
18 177.077 7.4e-08 20.5
18 178.52 1.44256 20.5
18 179.977 2.89947 20.5
18 181.419 4.34204 20.5
18 182.864 5.78657 20.5
19 184.312 1.2809e-05 20.5
19 185.755 1.44267 20.5
19 187.197 2.88513 20.5
19 188.648 4.33582 20.5
20 190.09 6.8e-08 20.5
20 191.533 1.4437 20.5
20 192.99 2.90008 20.5
20 194.432 4.34237 20.5
20 195.883 5.79349 20.5
21 197.325 1.26e-07 20.5
21 198.768 1.44302 20.5
21 200.219 2.89372 20.5
21 201.662 4.33657 20.5
21 203.104 5.779 20.5
22 204.561 6.8e-08 20.5
22 206.004 1.44323 20.5
22 207.447 2.88578 20.5
22 208.903 4.34224 20.5
23 210.345 7.9e-08 20.5
23 211.787 1.44169 20.5
23 213.236 2.89021 20.5
23 214.677 4.33141 20.5
23 216.12 5.77441 20.5
24 217.576 8.2e-08 20.5
24 219.018 1.44229 20.5
24 220.469 2.89323 20.5
24 221.912 4.33576 20.5
24 223.355 5.77864 20.5
25 224.805 7.7e-08 20.5
25 226.248 1.44329 20.5
25 227.691 2.88614 20.5
25 229.147 4.3423 20.5
25 230.595 5.79035 20.5
26 232.038 7.4e-08 20.5
26 233.49 1.45121 20.5
26 234.932 2.89391 20.5
26 236.375 4.33696 20.5
27 238.133 7.8e-08 20.5
27 239.568 1.43536 20.5
27 241.024 2.89112 20.5
27 242.466 4.3333 20.5
27 243.917 5.7843 21
28 245.56 1.55e-07 20.5
28 247.001 1.44192 20.5
28 248.444 2.88494 20.5
28 249.9 4.34075 20.5
28 251.343 5.7836 21
29 253.694 1.46e-07 20.5
29 255.136 1.44203 20.5
29 256.579 2.88499 20.5
29 258.03 4.33559 20.5
29 259.472 5.7781 21
30 262.917 1.54e-07 20.5
30 264.359 1.44205 20.5
30 265.809 2.89174 20.5
30 267.251 4.33447 20.5
30 268.694 5.77689 21
31 274.348 1.34e-07 20.5
31 275.795 1.44747 20.5
31 277.238 2.89076 20.5
31 278.681 4.33328 20.5
31 280.138 5.79057 20.5
