0 6.48936 9.1e-08 20.5
0 9.38493 2.89557 20.5
0 10.8255 4.3361 20.5
0 12.2793 5.78994 20.5
1 13.7208 1.15e-07 20.5
1 15.1635 1.4427 20.5
1 16.6121 2.89121 20.5
1 18.0564 4.33555 20.5
2 19.5004 7.3e-08 20.5
2 20.9545 1.45412 20.5
2 22.3993 2.89888 20.5
2 23.849 4.3486 20.5
2 25.2923 5.79193 20.5
3 26.7368 1.01e-07 20.5
3 28.2055 1.46871 20.5
3 29.6592 2.92243 20.5
3 31.1033 4.36647 20.5
3 32.566 5.82917 20.5
4 34.0231 1.38e-07 20.5
4 35.4901 1.46691 20.5
4 36.9435 2.92031 20.5
4 38.3872 4.36406 20.5
4 39.8598 5.83661 20.5
4 41.307 7.28385 21
5 42.7744 6.7e-08 21
5 44.2226 1.44819 21
5 45.6663 2.8919 21
5 47.1178 4.34337 21
6 48.5819 7.4e-08 21
6 50.0495 1.46761 21.5
7 51.5035 1.14e-07 21.5
7 52.9532 1.44971 22
8 54.411 9.4e-08 22.5
9 55.8712 7.1e-08 22.5
11 57.3384 7e-08 23
12 58.7911 6e-08 23
13 60.2389 8e-08 23
15 61.6953 8.2e-08 23
16 63.154 7e-08 23
18 64.6219 9e-08 23
19 66.0761 8e-08 23
21 67.5243 1.07e-07 23
22 68.9822 7.3e-08 23
23 70.4263 5.9e-08 23
24 71.8834 6.8e-08 22.5
25 73.3256 6.7e-08 21
26 76.069 1e-07 21
27 81.2112 1.09e-07 21
28 90.4577 1e-07 20.5
