0 6.68038 6.4e-08 20.5
0 9.5726 2.89222 20.5
0 11.0141 4.33373 20.5
0 12.4542 5.77385 20.5
0 13.9036 7.22324 20.5
1 15.3484 7.3e-08 20.5
1 16.7905 1.44212 20.5
1 18.2441 2.8957 20.5
1 19.6869 4.3385 20.5
1 21.1378 5.78939 20.5
1 22.5827 7.23423 20.5
2 24.0252 5.2e-08 20.5
2 25.4756 1.45038 20.5
2 26.916 2.89075 20.5
2 28.3583 4.33308 20.5
2 29.8146 5.78941 20.5
2 31.2568 7.23158 20.5
2 32.7147 8.68943 21
3 34.1637 7.8e-08 21
3 35.6044 1.44078 21
3 37.0698 2.90618 20.5
3 38.5172 4.35354 20.5
3 39.9586 5.7949 20.5
3 41.4279 7.26423 21
3 42.8813 8.71761 21
4 44.3288 6.1e-08 21
4 45.7955 1.46666 21
4 47.2385 2.90968 21
4 48.71 4.38112 21
4 50.1619 5.83309 21
5 51.6029 9.2e-08 21
5 53.0679 1.46504 21
5 54.5106 2.90772 21.5
6 55.9716 3.31e-07 21.5
7 57.4361 7.1e-08 22
7 58.8778 1.44169 22.5
8 60.3315 6.3e-08 23
10 61.7747 6.9e-08 23.5
11 63.2285 6.3e-08 23.5
13 64.6933 6.7e-08 23.5
14 66.1574 6.3e-08 23.5
16 67.6134 6e-08 23.5
17 69.0568 6.3e-08 23.5
19 70.5054 7.1e-08 23.5
20 71.9769 1.16e-07 23.5
21 73.4412 6e-08 23.5
23 75.1976 1.45e-07 21
24 77.0394 1.53e-07 21
25 79.7923 1.05e-07 21
26 84.3405 1.67e-07 21
27 92.4947 1.02e-07 21
