0 3.40177 6.2e-08 21
0 6.29611 2.89434 21
0 7.73779 4.33602 21
0 9.19118 5.78941 21
0 10.6323 7.23051 21
0 12.075 8.67323 21
0 13.5261 10.1243 21
0 14.9656 11.5638 21
0 16.413 13.0113 21
1 17.8638 6.8e-08 21
1 19.3074 1.44357 21
1 20.7609 2.89702 21
1 22.2205 4.35666 21
1 23.6788 5.81496 21
1 25.1445 7.28071 21
1 26.5866 8.7228 21
1 28.0372 10.1733 21
1 29.4834 11.6196 21
2 30.9431 8e-08 21
2 32.3941 1.451 21
2 33.8371 2.89403 21
2 35.285 4.3419 21
2 36.7512 5.80811 21
2 38.2036 7.26048 21
2 39.6695 8.72637 21
2 41.1119 10.1688 21
2 42.5649 11.6218 21
2 44.0314 13.0883 21
3 45.4733 8.6e-08 21
3 46.9227 1.44932 21
3 48.3703 2.89693 21
3 49.8293 4.356 21
3 51.2856 5.81224 21
3 52.727 7.25367 21
3 54.1737 8.70031 21
3 55.6307 10.1573 21
3 57.0737 11.6003 21
3 58.5349 13.0615 21
4 59.994 7e-08 21
4 61.4381 1.44413 21
4 62.8886 2.89461 21
4 64.3311 4.33707 21
4 65.7789 5.78486 21
4 67.2353 7.24124 21
4 68.6884 8.69439 21
4 70.1394 10.1454 21
4 71.6038 11.6098 21
4 73.0455 13.0515 21
4 74.5005 14.5065 21
5 75.9435 8e-08 21
5 77.3866 1.44307 21
5 78.8434 2.89987 21
5 80.2864 4.34295 21
5 81.7373 5.79378 21
5 83.1801 7.23665 21.5
6 84.6232 8.7e-08 21.5
6 86.0739 1.45065 21.5
6 87.5379 2.91461 21.5
7 88.9812 5.8e-08 21
7 90.4497 1.46844 21.5
8 91.8936 8.1e-08 21.5
9 93.3469 5.9e-08 21.5
10 94.7879 5.9e-08 22
11 96.2306 5.8e-08 22.5
13 97.6814 5.5e-08 22.5
14 99.14 7.9e-08 22.5
16 100.58 7.6e-08 22.5
18 102.032 6.3e-08 22.5
20 103.481 8e-08 22.5
21 104.926 5.6e-08 22.5
23 106.387 8.2e-08 22.5
24 107.827 5e-08 22.5
25 109.277 8e-08 21
26 110.82 1.02e-07 21.5
27 114.073 9.9e-08 21.5
28 119.612 1.09e-07 21
