0 6.77446 1.54e-07 21.5
0 9.6664 2.89194 21.5
0 11.1088 4.33429 21.5
0 12.5665 5.79203 21.5
0 14.0092 7.2347 22
1 15.4532 1.11e-07 22
1 16.9024 1.44923 22
1 18.3456 2.89244 22
1 19.7888 4.33563 22
2 21.2421 7.1e-08 22
3 22.6847 6.6e-08 23
4 24.1274 7.5e-08 24
5 25.5845 6.4e-08 24.5
7 27.039 1.14e-07 25
10 28.4931 1.14e-07 25
12 29.9323 7.7e-08 25
15 31.3758 5.9e-08 25
17 32.8435 5.6e-08 24.5
19 34.2869 6.8e-08 25
21 36.7358 1.44e-07 21.5
22 39.2717 1.23e-07 22
23 43.9168 1.44e-07 22
24 53.0746 1.44e-07 21.5
