0 6.01918 1.11e-07 21
0 8.90284 2.88366 21
0 10.3543 4.33512 21
0 11.7971 5.77792 21
0 13.2397 7.22051 21
0 14.6949 8.67574 21
0 16.1332 10.114 21
0 17.577 11.5578 21
0 19.0349 13.0157 21
0 20.4776 14.4584 21
0 21.9238 15.9046 21
1 23.3759 1.15e-07 21
1 24.8182 1.44233 21
1 26.2622 2.88627 21
1 27.7096 4.33368 21
1 29.1542 5.77832 21
1 30.5957 7.21982 21
1 32.0522 8.67626 21
1 33.4976 10.1217 21
1 34.9497 11.5738 21
1 36.3966 13.0207 21
1 37.8394 14.4635 21
2 39.3076 8e-08 21
2 40.7696 1.462 21
2 42.2292 2.92161 21
2 43.6732 4.36562 21
2 45.1275 5.81986 21
2 46.5956 7.28803 21
2 48.0447 8.73709 21
2 49.4876 10.18 21
2 50.9587 11.6511 21
2 52.4122 13.1046 21
2 53.8726 14.565 21
3 55.3213 9.6e-08 21
3 56.7631 1.44174 21
3 58.2132 2.89188 21
3 59.6567 4.33534 21
3 61.1048 5.78347 21
3 62.5665 7.2452 21
3 64.0152 8.69385 21
3 65.4761 10.1548 21
3 66.9444 11.6231 21
3 68.3866 13.0652 21
3 69.8481 14.5268 21
3 71.2898 15.9685 21
4 72.7254 1.32e-07 21
4 74.1917 1.46636 21
4 75.6392 2.91381 21
4 77.1014 4.37608 21
4 78.5496 5.82424 21
4 80.0022 7.27688 21
4 81.4668 8.7414 21
4 82.9144 10.1891 21
4 84.364 11.6386 21
4 85.8045 13.0791 21
4 87.2508 14.5254 21
4 88.7154 15.99 21
4 90.1626 17.4373 21
5 91.6084 9.7e-08 21
5 93.0598 1.45145 21
5 94.5033 2.89496 21
5 95.9578 4.3494 21
5 97.4087 5.80034 21
5 98.8608 7.25238 21
5 100.322 8.71391 21
5 101.771 10.1626 21
5 103.225 11.617 21
5 104.693 13.0845 21
5 106.141 14.5324 21
5 107.592 15.9833 21
5 109.035 17.427 21
5 110.477 18.8684 21
6 111.928 1.04e-07 21
6 113.369 1.44086 21
6 114.828 2.89973 21
6 116.276 4.34797 21
6 117.726 5.79742 21
6 119.169 7.24055 21
6 120.63 8.70168 21
6 122.072 10.1436 21.5
6 123.527 11.5985 21
6 124.971 13.0424 21
6 126.429 14.5011 21
6 127.882 15.954 21.5
6 129.336 17.4078 21
6 130.78 18.8518 21.5
6 132.231 20.3031 21
6 133.686 21.7574 21.5
7 135.137 9.6e-08 21.5
7 136.586 1.44902 21.5
7 138.03 2.89239 21.5
7 139.482 4.34422 21.5
7 140.924 5.78631 21.5
7 142.368 7.23035 21.5
7 143.825 8.68744 21.5
7 145.268 10.1305 21.5
7 146.711 11.5738 21.5
8 148.167 1.1e-07 21.5
8 149.611 1.44348 21.5
8 151.054 2.88652 21.5
8 152.521 4.35381 21.5
8 153.963 5.79539 21.5
8 155.418 7.25083 21.5
9 156.862 7.2e-08 21.5
9 158.309 1.4475 21.5
9 159.764 2.90283 21.5
9 161.207 4.34513 22
10 162.649 8.1e-08 22
10 164.1 1.45117 22
10 165.549 2.89961 22
11 166.989 7.9e-08 22
11 168.439 1.44941 22
11 169.896 2.90687 22
12 171.346 8.7e-08 22
12 172.79 1.4432 22
12 174.237 2.89076 22
13 175.687 8.6e-08 22
13 177.141 1.45418 22
14 178.586 6.9e-08 22
14 180.037 1.45141 22
14 181.479 2.8937 22
15 182.922 5.3e-08 22
15 184.389 1.46659 22
15 185.821 2.89903 22
16 187.264 6.1e-08 22
16 188.72 1.45629 22
17 190.163 8.1e-08 22
17 191.62 1.45659 22
17 193.062 2.89844 22
18 194.509 7.2e-08 22
18 195.958 1.44895 22
19 197.4 1.34e-07 22
19 198.841 1.44136 22
19 200.297 2.89724 22
20 201.739 9.5e-08 22
20 203.182 1.44235 22
21 204.643 6.7e-08 22
21 206.085 1.44288 22
21 207.528 2.88507 22
22 208.988 6.5e-08 22
22 210.431 1.44336 22
22 211.887 2.89912 22
23 213.329 3.6e-08 22
23 214.771 1.44219 22
24 216.222 5.6e-08 22
24 217.68 1.45826 22
24 219.124 2.90174 22
25 220.581 1.2e-07 22
25 222.023 1.44192 22
26 223.966 5.9e-08 22
26 225.41 1.44467 22
26 226.852 2.88683 21.5
27 228.717 1.54e-07 22
27 230.169 1.45279 22
27 231.612 2.89584 21.5
28 234.265 9.8e-08 22
28 235.708 1.44344 22
28 237.15 2.88539 21.5
29 241.803 1.46e-07 22
29 243.247 1.44333 22
29 244.703 2.90001 21.5
30 253.751 1.15e-07 22
30 255.202 1.45112 22
30 256.645 2.89391 21.5
