0 6.68339 1.34e-07 20.5
0 9.56831 2.88492 20.5
0 11.0198 4.3364 20.5
0 12.4603 5.7769 20.5
0 13.9037 7.22034 20.5
1 15.3607 9.3e-08 20.5
1 16.8018 1.44113 20.5
1 18.2531 2.89246 20.5
1 19.6974 4.33675 20.5
1 21.1379 5.77724 20.5
1 22.5888 7.22816 21
2 24.0318 7.7e-08 21
2 25.4775 1.44568 21
2 26.9302 2.89845 21
2 28.3731 4.3413 21
2 29.8161 5.78426 21
2 31.2655 7.23374 21
3 32.7072 6.1e-08 21
3 34.1494 1.4422 21
3 35.6204 2.91321 21
3 37.073 4.36582 21
3 38.5296 5.82235 21
3 39.9823 7.2751 21
3 41.4352 8.72797 21
4 42.9011 5.7e-08 21
4 44.3519 1.45076 21
4 45.8185 2.9174 21
4 47.2609 4.35972 21
4 48.7025 5.80133 21
4 50.1628 7.26162 21
5 51.6216 6.3e-08 21.5
5 53.0764 1.45478 21.5
5 54.5227 2.90117 21.5
5 55.9651 4.34352 22
6 57.437 5.2e-08 22
6 58.8834 1.44636 22.5
7 60.3314 5.8e-08 23
7 61.798 1.46657 23.5
8 63.2403 5.8e-08 24
9 64.6903 5.6e-08 24
10 66.1485 5.8e-08 24
11 67.6011 5.8e-08 24.5
12 69.0677 5.5e-08 24.5
13 70.5108 5.7e-08 24.5
14 71.9665 4.8e-08 24.5
15 73.4147 5.1e-08 24.5
16 74.8737 4.9e-08 24.5
17 76.3291 5.5e-08 24.5
18 77.7709 5.9e-08 24.5
19 79.2126 5.1e-08 24.5
20 80.6772 3.8e-08 24.5
22 82.3328 1.1e-07 24.5
23 83.9701 1.54e-07 24.5
24 85.9158 1.47e-07 24.5
25 88.356 9.8e-08 24.5
26 92.2001 1.6e-07 24.5
27 98.6536 1e-07 21
