0 6.38824 8.1e-08 21.5
0 9.28585 2.89761 21.5
0 10.7256 4.33734 21.5
0 12.1689 5.78062 21.5
0 13.6196 7.23138 21.5
1 15.0659 1.37e-07 21.5
1 16.5089 1.443 21.5
1 17.9564 2.89054 22
2 19.3988 6.3e-08 22
2 20.8439 1.44509 22.5
3 22.2933 1.28e-07 23
4 23.7328 6.6e-08 24
6 25.176 6.4e-08 24.5
9 26.6302 5.8e-08 24.5
12 28.0729 6.8e-08 24.5
14 29.5246 6.7e-08 24.5
17 30.9673 1.22e-07 24.5
19 32.5373 1.52e-07 24.5
20 33.9775 7e-08 25.5
21 35.4449 1.26e-07 23
22 37.6889 1.45e-07 21.5
23 42.0407 1.87e-07 21.5
24 50.5887 1.44e-07 21.5
