        type trial_config ert_flop   unroll  buffers        nsize       trials       microsecs        bytes        flops         GB/s         GF/s
 signed_char    coalesced       16       64        1           64     16777216     7701796.437   2147483648  17179869184        0.279        2.231
 signed_char    coalesced       16       64        1          128     16777216     7701757.336   4294967296  34359738368        0.558        4.461
 signed_char    coalesced       16       64        1          256     16777216     8183107.179   8589934592  68719476736        1.050        8.398
 signed_char    coalesced       16       64        1          512      8388608     4473231.298   8589934592  68719476736        1.920       15.362
 signed_char    coalesced       16       64        1         1024      4194304     2518023.490   8589934592  68719476736        3.411       27.291
 signed_char    coalesced       16       64        1         2048      2097152     1426722.107   8589934592  68719476736        6.021       48.166
 signed_char    coalesced       16       64        1         4096      1048576      818450.169   8589934592  68719476736       10.495       83.963
 signed_char    coalesced       16       64        1         8192       524288      545644.069   8589934592  68719476736       15.743      125.942
 signed_char    coalesced       16       64        1        16384       262144      439747.490   8589934592  68719476736       19.534      156.270
 signed_char    coalesced       16       64        1        32768       131072      372579.411   8589934592  68719476736       23.055      184.442
 signed_char    coalesced       16       64        1        65536        65536      357737.338   8589934592  68719476736       24.012      192.095
 signed_char    coalesced       16       64        1       131072        32768      348883.066   8589934592  68719476736       24.621      196.970
 signed_char    coalesced       16       64        1       262144        16384      345416.445   8589934592  68719476736       24.868      198.947
 signed_char    coalesced       16       64        1       524288         8192      343297.530   8589934592  68719476736       25.022      200.175
 signed_char    coalesced       16       64        1      1048576         4096      342284.000   8589934592  68719476736       25.096      200.767
 signed_char    coalesced       16       64        1      2097152         2048      341778.010   8589934592  68719476736       25.133      201.065
 signed_char    coalesced       16       64        1      4194304         1024      341424.091   8589934592  68719476736       25.159      201.273
 signed_char    coalesced       16       64        1      8388608          512      341258.896   8589934592  68719476736       25.171      201.371
 signed_char    coalesced       16       64        1     16777216          256      341182.620   8589934592  68719476736       25.177      201.416
 signed_char    coalesced       16       64        1     33554432          128      341126.634   8589934592  68719476736       25.181      201.449
 signed_char    coalesced       16       64        1     67108864           64      341120.342   8589934592  68719476736       25.182      201.452
 signed_char    coalesced       16       64        1    134217728           32      341097.847   8589934592  68719476736       25.183      201.466
 signed_char    coalesced       16       64        1    268435456           16      341095.429   8589934592  68719476736       25.183      201.467
 signed_char    coalesced       16       64        1    536870912            8      341099.165   8589934592  68719476736       25.183      201.465
 signed_char    coalesced       16       64        1   1073741824            4      341125.628   8589934592  68719476736       25.181      201.449
 signed_char    coalesced       16       64        1   2147483648            2      341105.574   8589934592  68719476736       25.183      201.461
 signed_char    coalesced       16       64        1   4293918720            1      341005.478   8587837440  68702699520       25.184      201.471
