        type trial_config ert_flop   unroll  buffers        nsize       trials       microsecs        bytes        flops         GB/s         GF/s
         int    coalesced       16       16        1           64     16777216     7701769.751   2147483648   4294967296        0.279        0.558
         int    coalesced       16       16        1          128     16777216     7701721.204   4294967296   8589934592        0.558        1.115
         int    coalesced       16       16        1          256     16777216     8183120.064   8589934592  17179869184        1.050        2.099
         int    coalesced       16       16        1          512      8388608     4364404.014   8589934592  17179869184        1.968        3.936
         int    coalesced       16       16        1         1024      4194304     2518001.705   8589934592  17179869184        3.411        6.823
         int    coalesced       16       16        1         2048      2097152     1363958.604   8589934592  17179869184        6.298       12.596
         int    coalesced       16       16        1         4096      1048576      818407.135   8589934592  17179869184       10.496       20.992
         int    coalesced       16       16        1         8192       524288      539000.879   8589934592  17179869184       15.937       31.874
         int    coalesced       16       16        1        16384       262144      438493.438   8589934592  17179869184       19.590       39.179
         int    coalesced       16       16        1        32768       131072      368254.524   8589934592  17179869184       23.326       46.652
         int    coalesced       16       16        1        65536        65536      360400.947   8589934592  17179869184       23.834       47.669
         int    coalesced       16       16        1       131072        32768      349640.248   8589934592  17179869184       24.568       49.136
         int    coalesced       16       16        1       262144        16384      346289.910   8589934592  17179869184       24.806       49.611
         int    coalesced       16       16        1       524288         8192      343411.958   8589934592  17179869184       25.013       50.027
         int    coalesced       16       16        1      1048576         4096      342469.157   8589934592  17179869184       25.082       50.165
         int    coalesced       16       16        1      2097152         2048      341780.567   8589934592  17179869184       25.133       50.266
         int    coalesced       16       16        1      4194304         1024      341456.763   8589934592  17179869184       25.157       50.313
         int    coalesced       16       16        1      8388608          512      341271.302   8589934592  17179869184       25.170       50.341
         int    coalesced       16       16        1     16777216          256      341207.611   8589934592  17179869184       25.175       50.350
         int    coalesced       16       16        1     33554432          128      341119.953   8589934592  17179869184       25.182       50.363
         int    coalesced       16       16        1     67108864           64      341157.459   8589934592  17179869184       25.179       50.358
         int    coalesced       16       16        1    134217728           32      341120.992   8589934592  17179869184       25.181       50.363
         int    coalesced       16       16        1    268435456           16      341120.148   8589934592  17179869184       25.182       50.363
         int    coalesced       16       16        1    536870912            8      341114.908   8589934592  17179869184       25.182       50.364
         int    coalesced       16       16        1   1073741824            4      341091.296   8589934592  17179869184       25.184       50.367
         int    coalesced       16       16        1   2147483648            2      341097.151   8589934592  17179869184       25.183       50.366
         int    coalesced       16       16        1   4293918720            1      341006.918   8587837440  17175674880       25.184       50.368
