        type trial_config ert_flop   unroll  buffers        nsize       trials       microsecs        bytes        flops         GB/s         GF/s
         int    coalesced        1       16        1           64     16777216     5571744.180   2147483648    268435456        0.385        0.048
         int    coalesced        1       16        1          128     16777216     5692830.103   4294967296    536870912        0.754        0.094
         int    coalesced        1       16        1          256     16777216     5982305.121   8589934592   1073741824        1.436        0.179
         int    coalesced        1       16        1          512      8388608     3445848.144   8589934592   1073741824        2.493        0.312
         int    coalesced        1       16        1         1024      4194304     1925754.474   8589934592   1073741824        4.461        0.558
         int    coalesced        1       16        1         2048      2097152     1091434.019   8589934592   1073741824        7.870        0.984
         int    coalesced        1       16        1         4096      1048576      682265.083   8589934592   1073741824       12.590        1.574
         int    coalesced        1       16        1         8192       524288      454949.680   8589934592   1073741824       18.881        2.360
         int    coalesced        1       16        1        16384       262144      379168.032   8589934592   1073741824       22.655        2.832
         int    coalesced        1       16        1        32768       131072      354354.966   8589934592   1073741824       24.241        3.030
         int    coalesced        1       16        1        65536        65536      348896.616   8589934592   1073741824       24.620        3.078
         int    coalesced        1       16        1       131072        32768      346243.532   8589934592   1073741824       24.809        3.101
         int    coalesced        1       16        1       262144        16384      343974.608   8589934592   1073741824       24.973        3.122
         int    coalesced        1       16        1       524288         8192      342749.500   8589934592   1073741824       25.062        3.133
         int    coalesced        1       16        1      1048576         4096      342048.493   8589934592   1073741824       25.113        3.139
         int    coalesced        1       16        1      2097152         2048      341713.197   8589934592   1073741824       25.138        3.142
         int    coalesced        1       16        1      4194304         1024      341507.168   8589934592   1073741824       25.153        3.144
         int    coalesced        1       16        1      8388608          512      341424.769   8589934592   1073741824       25.159        3.145
         int    coalesced        1       16        1     16777216          256      341332.765   8589934592   1073741824       25.166        3.146
         int    coalesced        1       16        1     33554432          128      341321.801   8589934592   1073741824       25.167        3.146
         int    coalesced        1       16        1     67108864           64      341306.757   8589934592   1073741824       25.168        3.146
         int    coalesced        1       16        1    134217728           32      341335.719   8589934592   1073741824       25.166        3.146
         int    coalesced        1       16        1    268435456           16      341302.974   8589934592   1073741824       25.168        3.146
         int    coalesced        1       16        1    536870912            8      341308.348   8589934592   1073741824       25.168        3.146
         int    coalesced        1       16        1   1073741824            4      341303.554   8589934592   1073741824       25.168        3.146
         int    coalesced        1       16        1   2147483648            2      341326.384   8589934592   1073741824       25.166        3.146
         int    coalesced        1       16        1   4293918720            1      341271.725   8587837440   1073479680       25.164        3.146
