        type trial_config ert_flop   unroll  buffers        nsize       trials       microsecs        bytes        flops         GB/s         GF/s
       float    coalesced      250        6        2           48     16777216    52582793.459   1610612736  50331648000        0.031        0.957
       float    coalesced      250        6        2           96     16777216    52928591.640   3221225472 100663296000        0.061        1.902
       float    coalesced      250        6        2          192     16777216    53911702.688   6442450944 201326592000        0.120        3.734
       float    coalesced      250        6        2          384     16777216    55720348.742  12884901888 402653184000        0.231        7.226
       float    coalesced      250        6        2          768     11184810    37408218.256  17179868160 536870880000        0.459       14.352
       float    coalesced      250        6        2         1536      5592405    19639095.138  17179868160 536870880000        0.875       27.337
       float    coalesced      250        6        2         3072      2796202    10507302.048  17179865088 536870784000        1.635       51.095
       float    coalesced      250        6        2         6144      1398101     5657834.525  17179865088 536870784000        3.036       94.890
       float    coalesced      250        6        2        12288       699050     3374632.329  17179852800 536870400000        5.091      159.090
       float    coalesced      250        6        2        24576       349525     2215407.769  17179852800 536870400000        7.755      242.335
       float    coalesced      250        6        2        49152       174762     1637045.386  17179803648 536868864000       10.494      327.950
       float    coalesced      250        6        2        98304        87381     1364306.924  17179803648 536868864000       12.592      393.510
       float    coalesced      250        6        2       196608        43690     1198309.634  17179607040 536862720000       14.337      448.017
       float    coalesced      250        6        2       393216        21845     1126749.299  17179607040 536862720000       15.247      476.470
       float    coalesced      250        6        2       786432        10922     1090580.065  17178820608 536838144000       15.752      492.250
       float    coalesced      250        6        2      1572864         5461     1072223.356  17178820608 536838144000       16.022      500.678
       float    coalesced      250        6        2      3145728         2730     1062983.733  17175674880 536739840000       16.158      504.937
       float    coalesced      250        6        2      6291456         1365     1058485.883  17175674880 536739840000       16.227      507.083
       float    coalesced      250        6        2     12582912          682     1055414.014  17163091968 536346624000       16.262      508.186
       float    coalesced      250        6        2     25165824          341     1054286.787  17163091968 536346624000       16.279      508.729
       float    coalesced      250        6        2     50331648          170     1050644.912  17112760320 534773760000       16.288      508.996
       float    coalesced      250        6        2    100663296           85     1050394.272  17112760320 534773760000       16.292      509.117
       float    coalesced      250        6        2    201326592           42     1037855.374  16911433728 528482304000       16.295      509.206
       float    coalesced      250        6        2    402653184           21     1037790.188  16911433728 528482304000       16.296      509.238
       float    coalesced      250        6        2    805306368           10      988388.049  16106127360 503316480000       16.295      509.230
       float    coalesced      250        6        2   1610612736            5      988372.596  16106127360 503316480000       16.296      509.238
       float    coalesced      250        6        2   3221225472            2      790757.779  12884901888 402653184000       16.294      509.199
       float    coalesced      250        6        2   6442450944            1      790736.895  12884901888 402653184000       16.295      509.213
