        type trial_config ert_flop   unroll  buffers        nsize       trials       microsecs        bytes        flops         GB/s         GF/s
         int    coalesced        1      128        2         1024      8388608     5036160.755  17179869184   2147483648        3.411        0.426
         int    coalesced        1      128        2         2048      4194304     2728072.497  17179869184   2147483648        6.297        0.787
         int    coalesced        1      128        2         4096      2097152     1637037.654  17179869184   2147483648       10.494        1.312
         int    coalesced        1      128        2         8192      1048576     1167512.631  17179869184   2147483648       14.715        1.839
         int    coalesced        1      128        2        16384       524288      893510.133  17179869184   2147483648       19.227        2.403
         int    coalesced        1      128        2        32768       262144      767585.726  17179869184   2147483648       22.382        2.798
         int    coalesced        1      128        2        65536       131072      698710.518  17179869184   2147483648       24.588        3.073
         int    coalesced        1      128        2       131072        65536      667666.157  17179869184   2147483648       25.731        3.216
         int    coalesced        1      128        2       262144        32768      651313.627  17179869184   2147483648       26.377        3.297
         int    coalesced        1      128        2       524288        16384      642391.805  17179869184   2147483648       26.744        3.343
         int    coalesced        1      128        2      1048576         8192      639740.354  17179869184   2147483648       26.854        3.357
         int    coalesced        1      128        2      2097152         4096      636535.489  17179869184   2147483648       26.990        3.374
         int    coalesced        1      128        2      4194304         2048      635475.980  17179869184   2147483648       27.035        3.379
         int    coalesced        1      128        2      8388608         1024      634997.746  17179869184   2147483648       27.055        3.382
         int    coalesced        1      128        2     16777216          512      634709.895  17179869184   2147483648       27.067        3.383
         int    coalesced        1      128        2     33554432          256      634583.923  17179869184   2147483648       27.073        3.384
         int    coalesced        1      128        2     67108864          128      634490.790  17179869184   2147483648       27.077        3.385
         int    coalesced        1      128        2    134217728           64      634487.211  17179869184   2147483648       27.077        3.385
         int    coalesced        1      128        2    268435456           32      634473.901  17179869184   2147483648       27.077        3.385
         int    coalesced        1      128        2    536870912           16      634444.377  17179869184   2147483648       27.079        3.385
         int    coalesced        1      128        2   1073741824            8      634508.509  17179869184   2147483648       27.076        3.384
         int    coalesced        1      128        2   2147483648            4      634458.756  17179869184   2147483648       27.078        3.385
         int    coalesced        1      128        2   4294967296            2      634462.609  17179869184   2147483648       27.078        3.385
         int    coalesced        1      128        2   8588886016            1      634379.036  17177772032   2147221504       27.078        3.385
