        type trial_config ert_flop   unroll  buffers        nsize       trials       microsecs        bytes        flops         GB/s         GF/s
       float    coalesced      757        4        1           16     16777216   105989025.827    536870912  50801410048        0.005        0.479
       float    coalesced      757        4        1           32     16777216   106378818.371   1073741824 101602820096        0.010        0.955
       float    coalesced      757        4        1           64     16777216   106416081.334   2147483648 203205640192        0.020        1.910
       float    coalesced      757        4        1          128     16777216   107122612.345   4294967296 406411280384        0.040        3.794
       float    coalesced      757        4        1          256     16777216   109106375.644   8589934592 812822560768        0.079        7.450
       float    coalesced      757        4        1          512      8388608    55127639.321   8589934592 812822560768        0.156       14.744
       float    coalesced      757        4        1         1024      4194304    28268796.632   8589934592 812822560768        0.304       28.753
       float    coalesced      757        4        1         2048      2097152    14547843.145   8589934592 812822560768        0.590       55.872
       float    coalesced      757        4        1         4096      1048576     8183321.660   8589934592 812822560768        1.050       99.327
       float    coalesced      757        4        1         8192       524288     4296393.953   8589934592 812822560768        1.999      189.187
       float    coalesced      757        4        1        16384       262144     2603985.333   8589934592 812822560768        3.299      312.146
       float    coalesced      757        4        1        32768       131072     1767106.015   8589934592 812822560768        4.861      459.974
       float    coalesced      757        4        1        65536        65536     1337874.464   8589934592 812822560768        6.421      607.548
       float    coalesced      757        4        1       131072        32768     1125523.450   8589934592 812822560768        7.632      722.173
       float    coalesced      757        4        1       262144        16384     1023184.075   8589934592 812822560768        8.395      794.405
       float    coalesced      757        4        1       524288         8192      963135.711   8589934592 812822560768        8.919      843.934
       float    coalesced      757        4        1      1048576         4096      936462.884   8589934592 812822560768        9.173      867.971
       float    coalesced      757        4        1      2097152         2048      923016.777   8589934592 812822560768        9.306      880.615
       float    coalesced      757        4        1      4194304         1024      916292.488   8589934592 812822560768        9.375      887.078
       float    coalesced      757        4        1      8388608          512      912938.863   8589934592 812822560768        9.409      890.336
       float    coalesced      757        4        1     16777216          256      911308.114   8589934592 812822560768        9.426      891.929
       float    coalesced      757        4        1     33554432          128      910388.430   8589934592 812822560768        9.435      892.831
       float    coalesced      757        4        1     67108864           64      909969.072   8589934592 812822560768        9.440      893.242
       float    coalesced      757        4        1    134217728           32      909774.614   8589934592 812822560768        9.442      893.433
       float    coalesced      757        4        1    268435456           16      909682.317   8589934592 812822560768        9.443      893.524
       float    coalesced      757        4        1    536870912            8      909629.483   8589934592 812822560768        9.443      893.575
       float    coalesced      757        4        1   1073741824            4      909586.324   8589934592 812822560768        9.444      893.618
       float    coalesced      757        4        1   2147483648            2      909539.632   8589934592 812822560768        9.444      893.664
       float    coalesced      757        4        1   4293918720            1      909325.038   8587837440 812624117760        9.444      893.656
