0 6.60694 8.3e-08 23
0 9.49937 2.89243 23
0 10.939 4.33206 23
0 12.3906 5.78369 23
0 13.8303 7.22333 23
0 15.2758 8.66886 23
0 16.7299 10.1229 23
0 18.1682 11.5612 23
0 19.6097 13.0028 23
0 21.0662 14.4593 23
0 22.5091 15.9022 23
0 23.9515 17.3446 23
0 25.3983 18.7913 23
0 26.8411 20.2341 23
0 28.2918 21.6849 23
0 29.7451 23.1382 23
0 31.1926 24.5857 23
0 32.6593 26.0524 23
0 34.1124 27.5055 23
0 35.5543 28.9474 23
0 37.0205 30.4136 23
0 38.4735 31.8666 23
0 39.9293 33.3224 23
0 41.372 34.765 23
0 42.8369 36.2299 23
0 44.293 37.686 23
0 45.7396 39.1327 23
0 47.1824 40.5754 23
0 48.6327 42.0258 23
0 50.0954 43.4885 23
0 51.55 44.9431 23
0 52.997 46.3901 23
0 54.4561 47.8491 23
0 55.9063 49.2994 23
0 57.3634 50.7564 23
0 58.8051 52.1982 23
0 60.2717 53.6648 23
0 61.7254 55.1184 23
0 63.1766 56.5697 23
0 64.6407 58.0338 23
0 66.0943 59.4873 23
0 67.5626 60.9557 23
0 69.0172 62.4103 23
0 70.4682 63.8613 23
0 71.9213 65.3143 23
0 73.3792 66.7723 23
0 74.8343 68.2273 23
0 76.281 69.674 23
0 77.7234 71.1165 23
0 79.1936 72.5866 23
1 80.6461 8.2e-08 23
1 82.112 1.46588 23
1 83.5647 2.91863 23
1 85.0088 4.36276 23
1 86.4595 5.81339 23
1 87.9182 7.27213 23
1 89.369 8.72289 23
1 90.8215 10.1754 23
1 92.2709 11.6248 23
1 93.721 13.075 23
1 95.1635 14.5174 23
1 96.6225 15.9764 23
1 98.0873 17.4412 23
1 99.5253 18.8792 23
1 100.972 20.3262 23
1 102.422 21.7763 23
1 103.864 23.2178 23
1 105.307 24.6606 23
1 106.78 26.1336 23
1 108.222 27.5756 23
1 109.672 29.026 23
1 111.131 30.4851 23
1 112.574 31.9282 23
1 114.035 33.389 23
1 115.477 34.8306 23
1 116.919 36.2729 23
1 118.37 37.7235 23
1 119.813 39.1665 23
1 121.255 40.6094 23
1 122.727 42.0813 23
1 124.17 43.5243 23
1 125.637 44.9907 23
1 127.077 46.4313 23
1 128.531 47.8848 23
1 129.98 49.3343 23
1 131.422 50.7763 23
1 132.871 52.2245 23
1 134.321 53.6748 23
1 135.765 55.1187 23
1 137.207 56.561 23
1 138.679 58.0333 23
1 140.122 59.4758 23
1 141.572 60.9261 23
1 143.032 62.3858 23
1 144.476 63.8294 23
1 145.941 65.2948 23
1 147.382 66.7362 23
1 148.851 68.2045 23
1 150.295 69.6485 23
1 151.738 71.0918 23
1 153.19 72.5437 23
2 154.633 7.6e-08 23
2 156.077 1.44338 23
2 157.534 2.90092 23
2 158.978 4.34502 23
2 160.437 5.80374 23
2 161.888 7.25472 23
2 163.332 8.69884 23
2 164.801 10.1672 23
2 166.245 11.6118 23
2 167.704 13.0703 23
2 169.158 14.5245 23
2 170.613 15.9796 23
2 172.056 17.4228 23
2 173.508 18.8744 23
2 174.973 20.3396 23
2 176.422 21.7891 23
2 177.865 23.2318 23
2 179.314 24.6809 23
2 180.764 26.1309 23
2 182.206 27.5729 23
2 183.649 29.0154 23
2 185.117 30.4836 23
2 186.561 31.9276 23
2 188.005 33.3721 23
2 189.457 34.8233 23
2 190.901 36.2672 23
2 192.355 37.7218 23
2 193.805 39.1718 23
2 195.246 40.6131 23
2 196.702 42.069 23
2 198.145 43.5113 23
2 199.587 44.9533 23
2 201.055 46.4213 23
2 202.498 47.8642 23
2 203.953 49.3196 23
2 205.402 50.769 23
2 206.845 52.212 23
2 208.288 53.6546 23
2 209.762 55.1285 23
2 211.204 56.5706 23
2 212.671 58.0373 23
2 214.115 59.4814 23
2 215.559 60.9256 23
2 217.016 62.383 23
2 218.46 63.8263 23
2 219.902 65.2684 23
2 221.368 66.7343 23
2 222.811 68.1776 23
2 224.263 69.6301 23
2 225.707 71.0738 23
2 227.151 72.5179 23
3 228.602 8.3e-08 23
3 230.061 1.45908 23
3 231.505 2.90267 23
3 232.961 4.35928 23
3 234.405 5.80246 23
3 235.849 7.24674 23
3 237.317 8.71475 23
3 238.76 10.158 23
3 240.211 11.6089 23
3 241.653 13.0513 23
3 243.095 14.4933 23
3 244.547 15.9453 23
3 245.991 17.3893 23
3 247.45 18.8479 23
3 248.901 20.2991 23
3 250.349 21.7469 23
3 251.79 23.1882 23
3 253.257 24.655 23
3 254.7 26.0982 23
3 256.164 27.5616 23
3 257.606 29.0041 23
3 259.071 30.4689 23
3 260.522 31.9204 23
3 261.965 33.3632 23
3 263.408 34.8061 23
3 264.859 36.2569 23
3 266.302 37.6999 23
3 267.77 39.1677 23
3 269.214 40.6116 23
3 270.67 42.0683 23
3 272.126 43.5236 23
3 273.569 44.9665 23
3 275.011 46.4093 23
3 276.463 47.8611 23
3 277.907 49.3052 23
3 279.357 50.7545 23
3 280.814 52.2117 23
3 282.258 53.6559 23
3 283.72 55.118 23
3 285.164 56.5618 23
3 286.619 58.0173 23
3 288.069 59.4669 23
3 289.513 60.9113 23
3 290.958 62.3557 23
3 292.427 63.8244 23
3 293.864 65.2622 23
3 295.332 66.7296 23
3 296.776 68.1736 23
3 298.225 69.6227 23
3 299.683 71.0811 23
3 301.14 72.5382 23
3 302.582 73.9798 23
4 304.034 6.4e-08 23
4 305.479 1.44424 23
4 306.925 2.89105 23
4 308.381 4.34693 23
4 309.84 5.80541 23
4 311.298 7.26372 23
4 312.742 8.70768 23
4 314.196 10.1616 23
4 315.648 11.6137 23
4 317.106 13.0716 23
4 318.539 14.5049 23
4 320.007 15.9722 23
4 321.45 17.4158 23
4 322.902 18.8676 23
4 324.346 20.3116 23
4 325.806 21.7714 23
4 327.257 23.2227 23
4 328.701 24.6671 23
4 330.145 26.1111 23
4 331.597 27.5627 23
4 333.04 29.0058 23
4 334.507 30.4728 23
4 335.95 31.9161 23
4 337.395 33.3603 23
4 338.846 34.8119 23
4 340.289 36.2548 23
4 341.754 37.72 23
4 343.206 39.172 23
4 344.651 40.6165 23
4 346.106 42.0714 23
4 347.556 43.5216 23
4 348.999 44.9648 23
4 350.451 46.4161 23
4 351.894 47.8592 23
4 353.342 49.3077 23
4 354.8 50.7661 23
4 356.245 52.2106 23
4 357.689 53.6546 23
4 359.141 55.1067 23
4 360.595 56.5609 23
4 362.039 58.0048 23
4 363.507 59.4723 23
4 364.951 60.9167 23
4 366.402 62.3681 23
4 367.861 63.8267 23
4 369.305 65.2703 23
4 370.77 66.7355 23
4 372.211 68.1762 23
4 373.652 69.6179 23
4 375.109 71.0751 23
4 376.569 72.535 23
4 378.019 73.9847 23
5 379.478 6.5e-08 23
5 380.921 1.4424 23
5 382.376 2.89786 23
5 383.82 4.34198 23
5 385.277 5.79885 23
5 386.723 7.2443 23
5 388.167 8.68864 23
5 389.619 10.1406 23
5 391.066 11.5871 23
5 392.507 13.0289 23
5 393.979 14.5001 23
5 395.423 15.9444 23
5 396.867 17.3888 23
5 398.32 18.8412 23
5 399.781 20.302 23
5 401.232 21.7538 23
5 402.676 23.1974 23
5 404.125 24.6462 23
5 405.583 26.1045 23
5 407.044 27.5651 23
5 408.486 29.0071 23
5 409.952 30.4734 23
5 411.396 31.917 23
5 412.852 33.3737 23
5 414.296 34.8175 23
5 415.753 36.2745 23
5 417.202 37.7236 23
5 418.646 39.168 23
5 420.088 40.6097 23
5 421.539 42.0606 23
5 422.983 43.5045 23
5 424.427 44.9483 23
5 425.877 46.3989 23
5 427.321 47.8428 23
5 428.788 49.3099 23
5 430.232 50.7535 23
5 431.681 52.2024 23
5 433.139 53.6608 23
5 434.583 55.1049 23
5 436.028 56.5492 23
5 437.49 58.0117 23
5 438.935 59.4563 23
5 440.403 60.9246 23
5 441.847 62.3683 23
5 443.291 63.8124 23
5 444.759 65.2802 23
5 446.202 66.7238 23
5 447.646 68.1677 23
5 449.098 69.6193 23
5 450.54 71.062 23
5 451.983 72.5047 23
5 453.451 73.9728 23
5 454.894 75.4159 23
5 456.352 76.8731 23
5 457.796 78.3176 23
6 459.24 6.9e-08 23
6 460.708 1.4683 23
6 462.153 2.91256 23
6 463.597 4.35675 23
6 465.065 5.82444 23
6 466.509 7.2686 23
6 467.961 8.72132 23
6 469.404 10.1639 23
6 470.848 11.6077 23
6 472.3 13.0596 23
6 473.743 14.5028 23
6 475.186 15.9459 23
6 476.659 17.4185 23
6 478.103 18.8625 23
6 479.561 20.3214 23
6 481.01 21.7697 23
6 482.462 23.222 23
6 483.914 24.6736 23
6 485.358 26.1174 23
6 486.816 27.5757 23
6 488.267 29.0274 23
6 489.728 30.4877 23
6 491.165 31.9249 23
6 492.633 33.3926 23
6 494.076 34.836 23
6 495.528 36.2876 23
6 496.97 37.7295 23
6 498.43 39.1895 23
6 499.881 40.6411 23
6 501.325 42.085 23
6 502.769 43.5286 23
6 504.219 44.9791 23
6 505.679 46.4391 23
6 507.13 47.8903 23
6 508.579 49.3389 23
6 510.023 50.7831 23
6 511.481 52.2412 23
6 512.936 53.6958 23
6 514.38 55.1403 23
6 515.832 56.5917 23
6 517.292 58.0518 23
6 518.744 59.5038 23
6 520.187 60.9473 23
6 521.632 62.3915 23
6 523.103 63.8631 23
6 524.545 65.3054 23
6 525.988 66.7475 23
6 527.443 68.2027 23
6 528.887 69.6466 23
6 530.342 71.1018 23
6 531.793 72.5526 23
6 533.244 74.0037 23
6 534.695 75.4552 23
6 536.14 76.8994 23
6 537.583 78.3429 23
6 539.04 79.8003 23
7 540.484 6.5e-08 23
7 541.926 1.44231 23
7 543.378 2.89377 23
7 544.825 4.34102 23
7 546.269 5.78536 23
7 547.728 7.24362 23
7 549.182 8.69822 23
7 550.634 10.1503 23
7 552.093 11.6088 23
7 553.534 13.0498 23
7 554.991 14.5069 23
7 556.433 15.9493 23
7 557.877 17.3928 23
7 559.35 18.8657 23
7 560.794 20.3096 23
7 562.246 21.7621 23
7 563.69 23.2064 23
7 565.15 24.6664 23
7 566.602 26.1177 23
7 568.045 27.5613 23
7 569.489 29.0049 23
7 570.94 30.4565 23
7 572.384 31.9002 23
7 573.832 33.348 23
7 575.284 34.7996 23
7 576.736 36.2519 23
7 578.188 37.7035 23
7 579.646 39.1618 23
7 581.089 40.605 23
8 582.554 6.7e-08 23
8 583.994 1.43977 23
8 585.462 2.90772 23
8 586.905 4.35083 23
8 588.349 5.79413 23
8 589.799 7.24502 23
8 591.243 8.68903 23
8 592.687 10.1328 23
8 594.144 11.5891 23
8 595.587 13.0328 23
8 597.045 14.4908 23
8 598.496 15.9411 23
8 599.938 17.3831 23
8 601.403 18.8489 23
8 602.846 20.292 23
8 604.304 21.7494 23
9 605.758 7.9e-08 23
9 607.212 1.45442 23
9 608.656 2.89824 23
9 610.108 4.35007 23
9 611.551 5.7938 23
9 612.995 7.23776 23
9 614.468 8.70995 23
9 615.911 10.1533 23
9 617.379 11.6212 23.5
10 618.823 5.5e-08 23.5
10 620.267 1.44398 23.5
10 621.735 2.9123 23.5
10 623.179 4.35589 23.5
10 624.631 5.80765 23.5
10 626.08 7.25675 23.5
11 627.521 5.5e-08 23.5
11 628.973 1.45189 23.5
11 630.414 2.89263 23.5
11 631.858 4.33622 23.5
12 633.329 5.9e-08 23.5
12 634.77 1.44104 23.5
12 636.212 2.88322 24
13 637.679 5.1e-08 24
13 639.121 1.44204 24
13 640.571 2.89204 24
14 642.024 5.9e-08 24
14 643.467 1.44308 24
14 644.936 2.91136 24
15 646.375 7.3e-08 24
15 647.816 1.44154 24
16 649.267 6.4e-08 24
16 650.71 1.44297 24
16 652.153 2.88609 24
17 653.62 5.2e-08 24
17 655.064 1.44323 24
18 656.515 5.9e-08 24
18 657.963 1.44872 24
18 659.405 2.89059 24
19 660.867 7.6e-08 24
19 662.301 1.4343 24
20 663.743 5.5e-08 24
20 665.199 1.4562 24
20 666.658 2.9155 24
21 668.099 4.4e-08 24
21 669.564 1.46584 24
22 671.008 5.9e-08 24
22 672.463 1.4558 24
23 673.904 6.1e-08 24
23 675.347 1.44266 24
23 676.798 2.89333 24
24 678.241 6.2e-08 24
24 679.684 1.44339 24
25 681.457 1.66e-07 24
25 682.899 1.44207 24
25 684.355 2.89818 24
26 685.797 7e-08 24
26 687.24 1.44303 24
26 688.708 2.91028 23.5
27 690.151 8e-08 24
27 691.602 1.4508 24
27 693.061 2.91009 23
28 695.706 1.44e-07 24
28 697.148 1.4427 24
28 698.591 2.88531 23.5
29 703.25 1.18e-07 24
29 704.693 1.44276 24
29 706.136 2.88571 23.5
30 715.393 1.47e-07 24
30 716.832 1.43878 24
30 718.283 2.89022 23.5
