0 3.40969 1.54e-07 20.5
0 6.29856 2.88886 20.5
0 7.74886 4.33917 20.5
1 9.19247 8.3e-08 20.5
1 10.636 1.44353 20.5
1 12.0874 2.89495 20.5
1 13.5285 4.33602 20.5
1 14.9707 5.7782 20.5
2 16.4274 8e-08 20.5
2 17.874 1.44664 20.5
2 19.3184 2.89105 20.5
2 20.7707 4.34331 20.5
3 22.2161 6.1e-08 20.5
3 23.6586 1.44259 20.5
3 25.117 2.90096 20.5
3 26.5659 4.34988 20.5
3 28.0183 5.80229 20.5
4 29.4623 8.8e-08 20.5
4 30.9056 1.44336 20.5
4 32.3626 2.90037 20.5
4 33.8067 4.34447 20.5
4 35.2558 5.79355 20.5
5 36.7073 6.6e-08 20.5
5 38.1508 1.44355 20.5
5 39.5952 2.88793 20.5
5 41.0533 4.34607 20.5
5 42.4972 5.78991 20.5
5 43.9484 7.24117 20.5
5 45.3923 8.68507 20.5
6 46.836 6.8e-08 20.5
6 48.2872 1.45119 20.5
6 49.7308 2.89473 20.5
6 51.1757 4.33967 20.5
6 52.6291 5.7931 20.5
6 54.0732 7.23711 20.5
6 55.5159 8.6799 20.5
6 56.9664 10.1303 20.5
6 58.4131 11.5771 20.5
6 59.8569 13.0209 20.5
7 61.315 6.7e-08 20.5
7 62.7598 1.44482 20.5
7 64.2113 2.89634 20.5
7 65.6545 4.33953 20.5
7 67.103 5.78798 20.5
7 68.56 7.24502 20.5
7 70.0031 8.68812 20.5
7 71.4532 10.1382 20.5
7 72.9023 11.5873 20.5
7 74.346 13.031 20.5
7 75.7879 14.4729 20.5
7 77.239 15.924 20.5
7 78.6818 17.3668 20.5
8 80.1255 6.3e-08 20.5
8 81.5828 1.45732 20.5
8 83.0242 2.89872 20.5
8 84.4741 4.34863 20.5
8 85.9173 5.79181 20.5
8 87.3605 7.23499 20.5
8 88.8115 8.68606 20.5
8 90.2553 10.1298 20.5
8 91.6982 11.5728 20.5
8 93.1543 13.0288 20.5
8 94.6024 14.4769 20.5
8 96.0462 15.9207 20.5
8 97.498 17.3725 20.5
8 98.9414 18.8159 20.5
8 100.385 20.2599 20.5
8 101.843 21.717 20.5
8 103.285 23.16 20.5
9 104.737 8.1e-08 20.5
9 106.179 1.44186 20.5
9 107.622 2.88459 20.5
9 109.074 4.33665 20.5
9 110.518 5.7803 20.5
9 111.96 7.22229 20.5
9 113.415 8.67765 20.5
9 114.858 10.1207 20.5
9 116.3 11.5628 20.5
9 117.752 13.0143 20.5
9 119.195 14.4573 20.5
9 120.638 15.9009 20.5
9 122.089 17.3517 20.5
10 123.531 9.2e-08 20.5
10 124.974 1.44273 20.5
10 126.431 2.89953 20.5
10 127.874 4.34263 20.5
10 129.324 5.79314 20.5
10 130.768 7.23661 20.5
10 132.211 8.68009 20.5
10 133.662 10.1313 20.5
10 135.105 11.5743 20.5
10 136.549 13.0175 20.5
10 138.01 14.4786 20.5
11 139.448 7.1e-08 20.5
11 140.891 1.4428 20.5
11 142.341 2.8933 20.5
11 143.784 4.33612 20.5
11 145.227 5.77896 20.5
11 146.678 7.23028 20.5
11 148.121 8.67289 20.5
11 149.564 10.1156 20.5
11 151.021 11.5728 20.5
11 152.464 13.0161 20.5
12 153.914 1.07e-07 20.5
12 155.357 1.4432 20.5
12 156.801 2.88666 20.5
12 158.251 4.33644 20.5
12 159.694 5.7798 20.5
12 161.137 7.22296 20.5
12 162.593 8.6787 20.5
12 164.036 10.1214 20.5
12 165.477 11.5633 20.5
12 166.934 13.0202 20.5
13 168.379 6.9e-08 20.5
13 169.823 1.44414 20.5
13 171.281 2.9022 20.5
13 172.724 4.34508 20.5
13 174.175 5.79676 20.5
13 175.617 7.23855 20.5
13 177.061 8.68213 20.5
13 178.512 10.1333 20.5
13 179.954 11.5755 20.5
14 181.397 6.7e-08 20.5
14 182.854 1.45671 20.5
14 184.298 2.90056 20.5
14 185.739 4.34246 20.5
14 187.191 5.79366 20.5
14 188.632 7.23528 20.5
14 190.075 8.67843 20.5
14 191.526 10.1292 20.5
14 192.969 11.5724 20.5
14 194.413 13.0156 20.5
15 195.868 7.6e-08 20.5
15 197.311 1.44328 20.5
15 198.763 2.89464 20.5
15 200.205 4.33665 20.5
15 201.648 5.77996 20.5
15 203.098 7.22979 20.5
15 204.541 8.67261 20.5
15 205.983 10.115 20.5
15 207.439 11.5711 20.5
16 208.882 5.9e-08 20.5
16 210.325 1.44292 20.5
16 211.777 2.89448 20.5
16 213.219 4.33646 20.5
16 214.662 5.77968 20.5
16 216.112 7.22954 20.5
16 217.554 8.67201 20.5
16 218.996 10.1138 20.5
16 220.455 11.5731 20.5
17 221.895 1.02e-07 20.5
17 223.346 1.45141 20.5
17 224.789 2.89377 20.5
17 226.233 4.33753 20.5
17 227.687 5.79196 20.5
17 229.125 7.2301 20.5
17 230.568 8.67305 20.5
17 232.025 10.1299 20.5
17 233.468 11.5729 20.5
17 234.914 13.0194 20.5
18 236.359 7.4e-08 20.5
18 237.801 1.44193 20.5
18 239.244 2.88501 20.5
18 240.696 4.33632 20.5
18 242.139 5.77986 20.5
18 243.581 7.22136 20.5
18 245.036 8.67691 20.5
18 246.479 10.1201 20.5
18 247.929 11.5699 20.5
19 249.372 9.9e-08 20.5
19 250.815 1.4428 20.5
19 252.266 2.89388 20.5
19 253.709 4.33708 20.5
19 255.15 5.77856 20.5
19 256.607 7.23566 20.5
19 258.05 8.67833 20.5
19 259.492 10.1198 20.5
19 260.943 11.5713 20.5
20 262.385 6.2e-08 20.5
20 263.828 1.44291 20.5
20 265.278 2.89294 20.5
20 266.721 4.33606 20.5
20 268.17 5.7853 20.5
20 269.621 7.2361 20.5
20 271.063 8.67787 20.5
20 272.514 10.1287 20.5
20 273.955 11.5703 20.5
21 275.398 1.32e-07 20.5
21 276.849 1.45084 20.5
21 278.291 2.89255 20.5
21 279.734 4.33541 20.5
21 281.189 5.79091 20.5
21 282.632 7.23394 20.5
21 284.073 8.67512 20.5
21 285.525 10.1264 20.5
21 286.967 11.5684 20.5
21 288.41 13.0113 20.5
22 289.861 5.8e-08 20.5
22 291.302 1.44155 20.5
22 292.745 2.88392 20.5
22 294.201 4.34018 20.5
22 295.644 5.78316 20.5
22 297.095 7.2343 20.5
22 298.537 8.67601 20.5
22 299.98 10.1191 20.5
22 301.43 11.569 20.5
23 302.873 8.8e-08 20.5
23 304.315 1.44171 20.5
23 305.772 2.89895 20.5
23 307.215 4.34199 20.5
23 308.657 5.78359 20.5
23 310.112 7.23923 20.5
23 311.556 8.68308 20.5
23 313 10.1271 20.5
23 314.457 11.5839 20.5
24 315.9 7.4e-08 20.5
24 317.35 1.45092 20.5
24 318.793 2.89374 20.5
24 320.236 4.33599 20.5
24 321.686 5.78621 20.5
24 323.129 7.22922 20.5
24 324.572 8.6722 20.5
24 326.027 10.1275 20.5
24 327.47 11.5702 20.5
25 328.911 6.7e-08 20.5
25 330.362 1.45139 20.5
25 331.804 2.89322 20.5
25 333.247 4.33606 20.5
25 334.698 5.78711 20.5
25 336.139 7.22865 20.5
25 337.582 8.67165 20.5
25 339.038 10.1272 20.5
25 340.481 11.5701 20.5
25 341.932 13.0208 20.5
26 343.373 8.5e-08 20.5
26 344.816 1.44298 20.5
26 346.266 2.89222 20.5
26 347.708 4.33517 20.5
26 349.151 5.77808 20.5
26 350.607 7.23342 20.5
26 352.049 8.67617 20.5
26 353.492 10.1184 20.5
26 354.942 11.5683 20.5
27 356.383 6.4e-08 20.5
27 357.826 1.44292 20.5
27 359.277 2.8938 20.5
27 360.718 4.33511 20.5
27 362.167 5.78389 20.5
27 363.618 7.23459 20.5
27 365.059 8.67605 20.5
27 366.51 10.1269 20.5
27 367.952 11.5683 20.5
28 369.495 1.12e-07 20.5
28 370.935 1.44034 20.5
28 372.379 2.88413 20.5
28 373.829 4.33475 20.5
28 375.273 5.77793 20.5
28 376.716 7.22087 20.5
28 378.167 8.67196 20.5
28 379.609 10.1146 20.5
28 381.057 11.5622 20.5
28 382.507 13.0129 20.5
29 383.949 6.9e-08 20.5
29 385.4 1.45087 20.5
29 386.842 2.89247 20.5
29 388.285 4.33549 20.5
29 389.736 5.7863 20.5
29 391.177 7.22812 20.5
29 392.62 8.67105 20.5
29 394.076 10.1264 20.5
29 395.519 11.5693 20.5
30 398.061 1.45e-07 20.5
30 399.512 1.45125 20.5
30 400.953 2.89189 20.5
30 402.396 4.33522 20.5
30 403.847 5.7863 20.5
30 405.289 7.22815 20.5
30 406.732 8.67129 20.5
30 408.188 10.127 20.5
30 409.63 11.5688 20.5
30 411.073 13.012 21
31 413.925 1.55e-07 20.5
31 415.369 1.44361 20.5
31 416.82 2.89526 20.5
31 418.264 4.33837 20.5
31 419.706 5.78109 20.5
31 421.163 7.23787 20.5
31 422.605 8.67953 20.5
31 424.046 10.1208 20.5
31 425.497 11.5723 20.5
31 426.939 13.0142 21
32 431.885 1.46e-07 20.5
32 433.323 1.43817 20.5
32 434.772 2.88713 20.5
32 436.223 4.33804 20.5
32 437.665 5.77983 20.5
32 439.116 7.2307 20.5
32 440.557 8.6724 20.5
32 442.001 10.1156 20.5
32 443.45 11.5651 20.5
32 444.893 13.0083 20.5
