        type trial_config ert_flop   unroll  buffers        nsize       trials       microsecs        bytes        flops         GB/s         GF/s
       float    coalesced        1       48        1          192     16777216     8183349.749   6442450944    805306368        0.787        0.098
       float    coalesced        1       48        1          384     11184810     6020012.270   8589934080   1073741760        1.427        0.178
       float    coalesced        1       48        1          768      5592405     3317532.477   8589934080   1073741760        2.589        0.324
       float    coalesced        1       48        1         1536      2796202     1818796.973   8589932544   1073741568        4.723        0.590
       float    coalesced        1       48        1         3072      1398101      992198.794   8589932544   1073741568        8.657        1.082
       float    coalesced        1       48        1         6144       699050      613016.894   8589926400   1073740800       14.013        1.752
       float    coalesced        1       48        1        12288       349525      454919.949   8589926400   1073740800       18.882        2.360
       float    coalesced        1       48        1        24576       174762      372285.482   8589901824   1073737728       23.073        2.884
       float    coalesced        1       48        1        49152        87381      331058.968   8589901824   1073737728       25.947        3.243
       float    coalesced        1       48        1        98304        43690      312868.015   8589803520   1073725440       27.455        3.432
       float    coalesced        1       48        1       196608        21845      305519.496   8589803520   1073725440       28.115        3.514
       float    coalesced        1       48        1       393216        10922      303253.002   8589410304   1073676288       28.324        3.541
       float    coalesced        1       48        1       786432         5461      301850.724   8589410304   1073676288       28.456        3.557
       float    coalesced        1       48        1      1572864         2730      301773.402   8587837440   1073479680       28.458        3.557
       float    coalesced        1       48        1      3145728         1365      301867.284   8587837440   1073479680       28.449        3.556
       float    coalesced        1       48        1      6291456          682      301551.373   8581545984   1072693248       28.458        3.557
       float    coalesced        1       48        1     12582912          341      301605.497   8581545984   1072693248       28.453        3.557
       float    coalesced        1       48        1     25165824          170      300738.078   8556380160   1069547520       28.451        3.556
       float    coalesced        1       48        1     50331648           85      300717.087   8556380160   1069547520       28.453        3.557
       float    coalesced        1       48        1    100663296           42      297152.208   8455716864   1056964608       28.456        3.557
       float    coalesced        1       48        1    201326592           21      297492.178   8455716864   1056964608       28.423        3.553
       float    coalesced        1       48        1    402653184           10      283078.807   8053063680   1006632960       28.448        3.556
       float    coalesced        1       48        1    805306368            5      283042.253   8053063680   1006632960       28.452        3.556
       float    coalesced        1       48        1   1610612736            2      226730.777   6442450944    805306368       28.415        3.552
       float    coalesced        1       48        1   3221225472            1      226577.851   6442450944    805306368       28.434        3.554
