        type trial_config ert_flop   unroll  buffers        nsize       trials       microsecs        bytes        flops         GB/s         GF/s
       float    coalesced      605        5        1           20     16777216   119542646.645    671088640  50751078400        0.006        0.425
       float    coalesced      605        5        1           40     16777216   120016971.416   1342177280 101502156800        0.011        0.846
       float    coalesced      605        5        1           80     16777216   120016922.290   2684354560 203004313600        0.022        1.691
       float    coalesced      605        5        1          160     16777216   120856212.281   5368709120 406008627200        0.044        3.359
       float    coalesced      605        5        1          320     13421772    98263295.401   8589934080 649613764800        0.087        6.611
       float    coalesced      605        5        1          640      6710886    50015261.441   8589934080 649613764800        0.172       12.988
       float    coalesced      605        5        1         1280      3355443    26185792.824   8589934080 649613764800        0.328       24.808
       float    coalesced      605        5        1         2560      1677721    13446948.586   8589931520 649613571200        0.639       48.309
       float    coalesced      605        5        1         5120       838860     7382487.709   8589926400 649613184000        1.164       87.994
       float    coalesced      605        5        1        10240       419430     4364579.194   8589926400 649613184000        1.968      148.838
       float    coalesced      605        5        1        20480       209715     2864336.179   8589926400 649613184000        2.999      226.794
       float    coalesced      605        5        1        40960       104857     2114262.926   8589885440 649610086400        4.063      307.251
       float    coalesced      605        5        1        81920        52428     1739170.530   8589803520 649603891200        4.939      373.514
       float    coalesced      605        5        1       163840        26214     1549207.134   8589803520 649603891200        5.545      419.314
       float    coalesced      605        5        1       327680        13107     1454222.752   8589803520 649603891200        5.907      446.702
       float    coalesced      605        5        1       655360         6553     1407080.632   8589148160 649554329600        6.104      461.633
       float    coalesced      605        5        1      1310720         3276     1383423.503   8587837440 649455206400        6.208      469.455
       float    coalesced      605        5        1      2621440         1638     1371639.471   8587837440 649455206400        6.261      473.488
       float    coalesced      605        5        1      5242880          819     1365883.154   8587837440 649455206400        6.287      475.484
       float    coalesced      605        5        1     10485760          409     1361237.398   8577351680 648662220800        6.301      476.524
       float    coalesced      605        5        1     20971520          204     1356442.511   8556380160 647076249600        6.308      477.039
       float    coalesced      605        5        1     41943040          102     1355700.599   8556380160 647076249600        6.311      477.300
       float    coalesced      605        5        1     83886080           51     1355275.692   8556380160 647076249600        6.313      477.450
       float    coalesced      605        5        1    167772160           25     1328564.580   8388608000 634388480000        6.314      477.499
       float    coalesced      605        5        1    335544320           12     1275402.069   8053063680 609012940800        6.314      477.507
       float    coalesced      605        5        1    671088640            6     1275312.210   8053063680 609012940800        6.315      477.540
       float    coalesced      605        5        1   1342177280            3     1275325.720   8053063680 609012940800        6.315      477.535
       float    coalesced      605        5        1   2684354560            1      850280.475   5368709120 406008627200        6.314      477.500
