        type trial_config ert_flop   unroll  buffers        nsize       trials       microsecs        bytes        flops         GB/s         GF/s
 signed_char    coalesced        8      128        1          128     16777216     6891113.336   4294967296  17179869184        0.623        2.493
 signed_char    coalesced        8      128        1          256     16777216     7273892.375   8589934592  34359738368        1.181        4.724
 signed_char    coalesced        8      128        1          512      8388608     4048283.019   8589934592  34359738368        2.122        8.487
 signed_char    coalesced        8      128        1         1024      4194304     2182270.425   8589934592  34359738368        3.936       15.745
 signed_char    coalesced        8      128        1         2048      2097152     1259043.631   8589934592  34359738368        6.823       27.290
 signed_char    coalesced        8      128        1         4096      1048576      744013.199   8589934592  34359738368       11.545       46.182
 signed_char    coalesced        8      128        1         8192       524288      497731.357   8589934592  34359738368       17.258       69.033
 signed_char    coalesced        8      128        1        16384       262144      363724.014   8589934592  34359738368       23.617       94.467
 signed_char    coalesced        8      128        1        32768       131072      306975.982   8589934592  34359738368       27.982      111.930
 signed_char    coalesced        8      128        1        65536        65536      307008.722   8589934592  34359738368       27.979      111.918
 signed_char    coalesced        8      128        1       131072        32768      299487.970   8589934592  34359738368       28.682      114.728
 signed_char    coalesced        8      128        1       262144        16384      295389.942   8589934592  34359738368       29.080      116.320
 signed_char    coalesced        8      128        1       524288         8192      292880.796   8589934592  34359738368       29.329      117.316
 signed_char    coalesced        8      128        1      1048576         4096      291985.967   8589934592  34359738368       29.419      117.676
 signed_char    coalesced        8      128        1      2097152         2048      291477.554   8589934592  34359738368       29.470      117.881
 signed_char    coalesced        8      128        1      4194304         1024      291237.891   8589934592  34359738368       29.495      117.978
 signed_char    coalesced        8      128        1      8388608          512      291136.132   8589934592  34359738368       29.505      118.019
 signed_char    coalesced        8      128        1     16777216          256      291087.278   8589934592  34359738368       29.510      118.039
 signed_char    coalesced        8      128        1     33554432          128      291026.943   8589934592  34359738368       29.516      118.064
 signed_char    coalesced        8      128        1     67108864           64      291045.659   8589934592  34359738368       29.514      118.056
 signed_char    coalesced        8      128        1    134217728           32      291058.874   8589934592  34359738368       29.513      118.051
 signed_char    coalesced        8      128        1    268435456           16      291027.387   8589934592  34359738368       29.516      118.064
 signed_char    coalesced        8      128        1    536870912            8      291048.196   8589934592  34359738368       29.514      118.055
 signed_char    coalesced        8      128        1   1073741824            4      291009.523   8589934592  34359738368       29.518      118.071
 signed_char    coalesced        8      128        1   2147483648            2      290987.487   8589934592  34359738368       29.520      118.080
 signed_char    coalesced        8      128        1   4293918720            1      290952.828   8587837440  34351349760       29.516      118.065
