0 3.46147 1.7e-07 21
0 6.35276 2.89129 21
0 7.80317 4.3417 21
0 9.2462 5.78473 21
0 10.6891 7.22762 21
0 12.14 8.67853 21
0 13.5808 10.1194 21
0 15.0296 11.5681 21
0 16.4897 13.0283 21
0 17.9385 14.477 21
0 19.3794 15.918 21
1 20.8383 1.01e-07 21
1 22.2832 1.44486 21
1 23.7398 2.90152 21
1 25.1844 4.34604 21
1 26.6395 5.80115 21
1 28.0923 7.25394 21
1 29.537 8.69864 21
1 30.987 10.1487 21
1 32.4452 11.6068 21
1 33.8887 13.0503 21
1 35.346 14.5077 21
2 36.7899 9.8e-08 21
2 38.2349 1.44497 21
2 39.6931 2.90317 21
2 41.1419 4.35203 21
2 42.5864 5.79647 21
2 44.0385 7.24864 21
2 45.4826 8.69267 21
2 46.9259 10.136 21
2 48.3826 11.5927 21
2 49.8256 13.0357 21
2 51.2856 14.4957 21
3 52.7263 8.1e-08 21
3 54.1706 1.44429 21
3 55.6274 2.90115 21
3 57.0702 4.34394 21
3 58.5182 5.79189 21
3 59.9709 7.24461 21
3 61.4243 8.69796 21
3 62.8643 10.138 21
3 64.315 11.5887 21
3 65.7586 13.0323 21
3 67.2106 14.4843 21
3 68.6548 15.9286 21
4 70.1006 9.6e-08 21
4 71.5563 1.45564 21
4 73.0001 2.89947 21
4 74.4479 4.34725 21
4 75.8995 5.79885 21
4 77.3437 7.24304 21
4 78.7885 8.68784 21
4 80.2449 10.1443 21
4 81.6881 11.5875 21
4 83.1442 13.0436 21
4 84.5884 14.4878 21
4 86.0328 15.9322 21
4 87.4905 17.3899 21
5 88.9333 8e-08 21
5 90.3761 1.4428 21
5 91.8255 2.89221 21
5 93.2686 4.33531 21
5 94.71 5.77669 21
5 96.1613 7.22797 21
5 97.604 8.67065 21
5 99.0517 10.1184 21
5 100.508 11.5744 21
5 101.952 13.0189 21
5 103.404 14.4712 21
5 104.848 15.9143 21
5 106.291 17.3574 21
5 107.747 18.8142 21
6 109.19 6.9e-08 21
6 110.632 1.44194 21
6 112.083 2.89294 21
6 113.525 4.33492 21
6 114.968 5.77789 21
6 116.42 7.22927 21
6 117.874 8.68357 21
6 119.327 10.1362 21
6 120.769 11.579 21
6 122.213 13.0222 21
6 123.664 14.4732 21
6 125.105 15.9149 21
6 126.548 17.3577 21
6 128.006 18.8151 21
6 129.449 20.258 21
6 130.891 21.7009 21
7 132.34 7.4e-08 21
7 133.783 1.44233 21
7 135.226 2.8854 21
7 136.675 4.33503 21
7 138.116 5.77603 21
7 139.579 7.23867 21
7 141.023 8.68259 21
7 142.467 10.1266 21
7 143.918 11.578 21
8 145.361 6.2e-08 21
8 146.804 1.44285 21
8 148.26 2.89867 21
8 149.703 4.34137 21
8 151.146 5.78452 21
9 152.596 6.6e-08 21
9 154.039 1.44211 21
9 155.482 2.88514 21
9 156.933 4.33651 21
10 158.375 5e-08 21
10 159.824 1.44853 21
10 161.28 2.90444 21
10 162.724 4.34836 21
11 164.176 5.8e-08 21
11 165.619 1.44351 21
12 167.062 5.5e-08 21
12 168.519 1.45704 21
12 169.962 2.90015 21
13 171.405 6.7e-08 21
13 172.855 1.44952 21
14 174.297 6.3e-08 21
14 175.74 1.4431 21
14 177.19 2.89274 21
15 178.633 5.6e-08 21
15 180.076 1.44277 21
16 181.532 6.1e-08 21
16 182.98 1.448 21
16 184.432 2.89985 21
17 185.876 7.9e-08 21
17 187.32 1.44369 21
18 188.777 4.8e-08 21
18 190.22 1.44238 21
18 191.662 2.88454 21
19 193.113 8.9e-08 21
19 194.555 1.44197 21
20 195.998 6.2e-08 21
20 197.449 1.45129 21
20 198.892 2.89415 21
21 200.34 6.2e-08 21
21 201.79 1.45075 21
22 203.232 5.4e-08 21
22 204.688 1.45591 21
23 206.132 4.9e-08 21
23 207.576 1.44396 21
23 209.034 2.90121 21
24 210.476 6.1e-08 21
24 211.92 1.44319 21
25 213.371 5.8e-08 21
25 214.812 1.44187 21
25 216.255 2.88462 21
26 217.705 5.6e-08 21
26 219.148 1.44298 21
27 221.197 9.1e-08 21
27 222.645 1.44799 21
27 224.096 2.89874 21
28 225.938 1.64e-07 21
28 227.381 1.44285 21
28 228.838 2.89973 21
29 231.881 1.5e-07 21
29 233.324 1.44338 21
29 234.778 2.89716 21
30 240.021 1.54e-07 21
30 241.454 1.43279 21
30 242.896 2.87511 21
