        type trial_config ert_flop   unroll  buffers        nsize       trials       microsecs        bytes        flops         GB/s         GF/s
 signed_char    coalesced        8       32        1           32     16777216     6234818.807   1073741824   4294967296        0.172        0.689
 signed_char    coalesced        8       32        1           64     16777216     6234753.760   2147483648   8589934592        0.344        1.378
 signed_char    coalesced        8       32        1          128     16777216     6546508.306   4294967296  17179869184        0.656        2.624
 signed_char    coalesced        8       32        1          256     16777216     7273879.181   8589934592  34359738368        1.181        4.724
 signed_char    coalesced        8       32        1          512      8388608     4178697.553   8589934592  34359738368        2.056        8.223
 signed_char    coalesced        8       32        1         1024      4194304     2341886.351   8589934592  34359738368        3.668       14.672
 signed_char    coalesced        8       32        1         2048      2097152     1487965.485   8589934592  34359738368        5.773       23.092
 signed_char    coalesced        8       32        1         4096      1048576      909356.588   8589934592  34359738368        9.446       37.785
 signed_char    coalesced        8       32        1         8192       524288      682036.735   8589934592  34359738368       12.595       50.378
 signed_char    coalesced        8       32        1        16384       262144      564749.137   8589934592  34359738368       15.210       60.841
 signed_char    coalesced        8       32        1        32768       131072      511546.815   8589934592  34359738368       16.792       67.168
 signed_char    coalesced        8       32        1        65536        65536      471782.714   8589934592  34359738368       18.207       72.830
 signed_char    coalesced        8       32        1       131072        32768      450575.598   8589934592  34359738368       19.064       76.257
 signed_char    coalesced        8       32        1       262144        16384      441251.767   8589934592  34359738368       19.467       77.869
 signed_char    coalesced        8       32        1       524288         8192      436147.424   8589934592  34359738368       19.695       78.780
 signed_char    coalesced        8       32        1      1048576         4096      433641.865   8589934592  34359738368       19.809       79.235
 signed_char    coalesced        8       32        1      2097152         2048      432291.783   8589934592  34359738368       19.871       79.483
 signed_char    coalesced        8       32        1      4194304         1024      431630.500   8589934592  34359738368       19.901       79.605
 signed_char    coalesced        8       32        1      8388608          512      431519.577   8589934592  34359738368       19.906       79.625
 signed_char    coalesced        8       32        1     16777216          256      431387.575   8589934592  34359738368       19.912       79.649
 signed_char    coalesced        8       32        1     33554432          128      431273.238   8589934592  34359738368       19.918       79.670
 signed_char    coalesced        8       32        1     67108864           64      431247.232   8589934592  34359738368       19.919       79.675
 signed_char    coalesced        8       32        1    134217728           32      431223.405   8589934592  34359738368       19.920       79.680
 signed_char    coalesced        8       32        1    268435456           16      431232.845   8589934592  34359738368       19.919       79.678
 signed_char    coalesced        8       32        1    536870912            8      431250.732   8589934592  34359738368       19.919       79.675
 signed_char    coalesced        8       32        1   1073741824            4      431218.908   8589934592  34359738368       19.920       79.681
 signed_char    coalesced        8       32        1   2147483648            2      431239.039   8589934592  34359738368       19.919       79.677
 signed_char    coalesced        8       32        1   4293918720            1      431111.077   8587837440  34351349760       19.920       79.681
