0 6.51581 1.54e-07 21
0 9.41223 2.89642 21
0 10.8551 4.33932 21
0 12.2974 5.78157 21
1 13.7471 1e-07 21
1 15.1921 1.44498 21
1 16.633 2.88587 21
1 18.0909 4.34377 21
1 19.5336 5.78644 21
2 20.977 6.5e-08 21.5
2 22.4284 1.45133 21.5
2 23.8718 2.89473 21.5
2 25.3149 4.33785 21.5
2 26.7639 5.78686 21.5
2 28.2083 7.23125 21.5
3 29.6551 6.4e-08 21.5
3 31.1075 1.45246 21.5
3 32.5484 2.89329 22
4 33.9981 6.7e-08 22
4 35.4414 1.44331 22.5
5 36.8884 6.9e-08 23.5
6 38.3506 6.6e-08 24.5
8 39.7976 6.4e-08 25
11 41.2372 6.7e-08 25
13 42.6936 5.1e-08 25
16 44.1431 6.1e-08 25
18 45.5911 5e-08 25
21 47.2428 1.54e-07 25
22 48.6858 6.1e-08 25
23 50.1279 7.4e-08 21.5
24 52.38 1.54e-07 21.5
25 56.9364 1.55e-07 21.5
26 65.6915 1.69e-07 21.5
