        type trial_config ert_flop   unroll  buffers        nsize       trials       microsecs        bytes        flops         GB/s         GF/s
       float    coalesced        8        4        1           16     16777216     6546502.542    536870912    536870912        0.082        0.082
       float    coalesced        8        4        1           32     16777216     6546464.393   1073741824   1073741824        0.164        0.164
       float    coalesced        8        4        1           64     16777216     6891049.118   2147483648   2147483648        0.312        0.312
       float    coalesced        8        4        1          128     16777216     7701740.539   4294967296   4294967296        0.558        0.558
       float    coalesced        8        4        1          256     16777216     8728648.295   8589934592   8589934592        0.984        0.984
       float    coalesced        8        4        1          512      8388608     5101241.710   8589934592   8589934592        1.684        1.684
       float    coalesced        8        4        1         1024      4194304     3273305.724   8589934592   8589934592        2.624        2.624
       float    coalesced        8        4        1         2048      2097152     2045824.873   8589934592   8589934592        4.199        4.199
       float    coalesced        8        4        1         4096      1048576     1459968.808   8589934592   8589934592        5.884        5.884
       float    coalesced        8        4        1         8192       524288     1169161.631   8589934592   8589934592        7.347        7.347
       float    coalesced        8        4        1        16384       262144     1023028.998   8589934592   8589934592        8.397        8.397
       float    coalesced        8        4        1        32768       131072      915309.468   8589934592   8589934592        9.385        9.385
       float    coalesced        8        4        1        65536        65536      870401.278   8589934592   8589934592        9.869        9.869
       float    coalesced        8        4        1       131072        32768      852493.994   8589934592   8589934592       10.076       10.076
       float    coalesced        8        4        1       262144        16384      839781.596   8589934592   8589934592       10.229       10.229
       float    coalesced        8        4        1       524288         8192      834013.565   8589934592   8589934592       10.300       10.300
       float    coalesced        8        4        1      1048576         4096      831200.710   8589934592   8589934592       10.334       10.334
       float    coalesced        8        4        1      2097152         2048      830308.661   8589934592   8589934592       10.345       10.345
       float    coalesced        8        4        1      4194304         1024      829625.763   8589934592   8589934592       10.354       10.354
       float    coalesced        8        4        1      8388608          512      829301.645   8589934592   8589934592       10.358       10.358
       float    coalesced        8        4        1     16777216          256      829123.807   8589934592   8589934592       10.360       10.360
       float    coalesced        8        4        1     33554432          128      829051.180   8589934592   8589934592       10.361       10.361
       float    coalesced        8        4        1     67108864           64      828994.361   8589934592   8589934592       10.362       10.362
       float    coalesced        8        4        1    134217728           32      828984.891   8589934592   8589934592       10.362       10.362
       float    coalesced        8        4        1    268435456           16      828956.278   8589934592   8589934592       10.362       10.362
       float    coalesced        8        4        1    536870912            8      828988.640   8589934592   8589934592       10.362       10.362
       float    coalesced        8        4        1   1073741824            4      828936.573   8589934592   8589934592       10.363       10.363
       float    coalesced        8        4        1   2147483648            2      828933.408   8589934592   8589934592       10.363       10.363
       float    coalesced        8        4        1   4293918720            1      828755.705   8587837440   8587837440       10.362       10.362
