0 3.34531 6.3e-08 20.5
0 6.24894 2.90363 20.5
0 7.68507 4.33976 20.5
0 9.13135 5.78604 20.5
1 10.5856 1.02e-07 20.5
1 12.0294 1.44378 20.5
1 13.4814 2.89576 20.5
1 14.924 4.3384 20.5
1 16.3678 5.78218 20.5
2 17.8185 1.28e-07 20.5
2 19.2618 1.4433 20.5
2 20.7057 2.88723 20.5
2 22.1649 4.3464 20.5
3 23.6165 8.7e-08 20.5
3 25.0646 1.44808 20.5
3 26.5159 2.89935 20.5
3 27.9742 4.3577 20.5
3 29.4297 5.81324 20.5
3 30.8783 7.26178 20.5
4 32.3378 9.8e-08 20.5
4 33.7898 1.452 20.5
4 35.2323 2.89449 20.5
4 36.6814 4.34359 20.5
4 38.1488 5.81102 20.5
4 39.6009 7.26317 20.5
5 41.0689 1.02e-07 20.5
5 42.512 1.44311 20.5
5 43.9551 2.88619 20.5
5 45.4118 4.3429 20.5
5 46.8594 5.79055 20.5
5 48.3148 7.2459 20.5
5 49.7758 8.70692 20.5
6 51.218 8e-08 20.5
6 52.6691 1.45114 20.5
6 54.133 2.915 20.5
6 55.5887 4.37071 20.5
6 57.0517 5.83371 21
7 58.5092 7.6e-08 21
7 59.9575 1.4483 21
7 61.4009 2.89166 21
8 62.8447 8.6e-08 21
8 64.3168 1.47206 21
9 65.7649 6.8e-08 21
9 67.2087 1.44376 21
10 68.6665 5.9e-08 21
11 70.1105 8.2e-08 21
12 71.5669 8.9e-08 21
12 73.0106 1.44373 21
13 74.4702 8.2e-08 21
14 75.922 8.3e-08 21
15 77.3654 7.7e-08 21
16 78.8091 7.1e-08 21
16 80.2605 1.45142 21
17 81.725 7.4e-08 21
18 83.1758 8.4e-08 21
19 84.6187 6.8e-08 21
20 86.0666 7.4e-08 21
20 87.5157 1.44909 21
21 88.9576 7.1e-08 21
22 90.4009 6.5e-08 20.5
23 91.8572 6.4e-08 21
23 93.3005 1.44331 21
24 94.7435 7.8e-08 21
25 96.1951 6.2e-08 21
26 98.2434 1.54e-07 21
26 99.687 1.44365 20.5
27 101.131 7e-08 21
27 102.583 1.45158 21
28 105.326 1.46e-07 21
28 106.759 1.43269 20.5
29 111.605 1.37e-07 21
29 113.055 1.45 20.5
