0 3.27156 7.9e-08 27.5
0 6.14626 2.87469 27.5
0 7.60067 4.3291 27.5
0 9.04302 5.77146 27.5
0 10.4868 7.21523 27.5
0 11.9364 8.66484 27.5
0 13.3815 10.1099 27.5
0 14.8246 11.553 27.5
0 16.2725 13.0009 27.5
0 17.7157 14.4441 27.5
0 19.1813 15.9098 27.5
0 20.6384 17.3668 27.5
0 22.0914 18.8198 27.5
0 23.5341 20.2625 27.5
0 24.984 21.7125 27.5
0 26.4279 23.1563 27.5
0 27.8845 24.6129 27.5
0 29.3521 26.0805 27.5
0 30.8002 27.5286 27.5
0 32.2727 29.0011 27.5
0 33.7261 30.4546 27.5
0 35.1795 31.9079 27.5
0 36.6469 33.3754 27.5
0 38.1054 34.8339 27.5
0 39.5732 36.3017 27.5
0 41.0318 37.7602 27.5
0 42.4854 39.2139 27.5
0 43.9578 40.6863 27.5
0 45.415 42.1435 27.5
0 46.8637 43.5922 27.5
0 48.3236 45.0521 27.5
0 49.7614 46.4898 27.5
0 51.2295 47.9579 27.5
0 52.6908 49.4192 27.5
0 54.1329 50.8614 27.5
0 55.5995 52.3279 27.5
0 57.0439 53.7724 27.5
0 58.5066 55.235 27.5
0 59.9492 56.6777 27.5
0 61.3928 58.1212 27.5
0 62.8495 59.5779 27.5
0 64.2935 61.0219 27.5
0 65.753 62.4814 27.5
0 67.2041 63.9325 27.5
0 68.6478 65.3763 27.5
0 70.101 66.8294 27.5
0 71.5528 68.2812 27.5
0 73.007 69.7354 27.5
0 74.4495 71.1779 27.5
0 75.9013 72.6298 27.5
0 77.3614 74.0899 27.5
0 78.7984 75.5268 27.5
0 80.2549 76.9833 27.5
0 81.7142 78.4427 27.5
0 83.1667 79.8951 27.5
0 84.61 81.3385 27.5
0 86.0539 82.7824 27.5
0 87.5061 84.2346 27.5
0 88.9549 85.6833 27.5
0 90.399 87.1274 27.5
0 91.8504 88.5789 27.5
0 93.3151 90.0435 27.5
0 94.7575 91.486 27.5
0 96.2094 92.9379 27.5
0 97.6526 94.381 27.5
0 99.0953 95.8238 27.5
0 100.558 97.2861 27.5
0 102 98.7285 27.5
0 103.443 100.171 27.5
0 104.903 101.631 27.5
0 106.346 103.075 27.5
0 107.79 104.518 27.5
0 109.24 105.969 27.5
0 110.684 107.413 27.5
0 112.129 108.857 27.5
0 113.581 110.309 27.5
0 115.024 111.752 27.5
0 116.473 113.201 27.5
0 117.931 114.66 27.5
0 119.374 116.103 27.5
0 120.811 117.54 27.5
0 122.268 118.997 27.5
0 123.722 120.451 27.5
0 125.173 121.902 27.5
0 126.617 123.346 27.5
0 128.06 124.789 27.5
0 129.512 126.24 27.5
0 130.966 127.695 27.5
0 132.41 129.138 27.5
0 133.862 130.59 27.5
0 135.322 132.051 27.5
0 136.766 133.495 27.5
0 138.218 134.947 27.5
0 139.662 136.391 27.5
0 141.107 137.836 27.5
0 142.569 139.298 27.5
0 144.013 140.742 27.5
0 145.457 142.186 27.5
0 146.913 143.642 27.5
0 148.357 145.085 27.5
0 149.8 146.529 27.5
0 151.251 147.98 27.5
0 152.696 149.425 27.5
1 154.139 1.12e-07 27.5
1 155.591 1.45196 27.5
1 157.05 2.91042 27.5
1 158.485 4.34595 27.5
1 159.943 5.80387 27.5
1 161.381 7.24124 27.5
1 162.825 8.68525 27.5
1 164.283 10.1434 27.5
1 165.72 11.5809 27.5
1 167.163 13.024 27.5
1 168.637 14.4975 27.5
1 170.081 15.9419 27.5
1 171.533 17.3939 27.5
1 172.981 18.842 27.5
1 174.424 20.2846 27.5
1 175.876 21.737 27.5
1 177.321 23.1813 27.5
1 178.765 24.6253 27.5
1 180.238 26.0983 27.5
1 181.681 27.5419 27.5
1 183.126 28.9864 27.5
1 184.588 30.4492 27.5
1 186.031 31.8918 27.5
1 187.475 33.3355 27.5
1 188.927 34.7877 27.5
1 190.369 36.2301 27.5
1 191.818 37.6791 27.5
1 193.27 39.1304 27.5
1 194.714 40.5751 27.5
1 196.158 42.0183 27.5
1 197.609 43.4697 27.5
1 199.053 44.9134 27.5
1 200.496 46.3567 27.5
1 201.947 47.8076 27.5
1 203.411 49.2721 27.5
1 204.863 50.7236 27.5
1 206.307 52.1673 27.5
1 207.76 53.6206 27.5
1 209.212 55.0726 27.5
1 210.655 56.516 27.5
1 212.099 57.9594 27.5
1 213.551 59.4112 27.5
1 215.004 60.8645 27.5
1 216.447 62.3075 27.5
1 217.905 63.7653 27.5
1 219.358 65.2191 27.5
1 220.802 66.6625 27.5
1 222.254 68.1145 27.5
1 223.708 69.5691 27.5
1 225.152 71.0131 27.5
1 226.605 72.4654 27.5
1 228.048 73.9092 27.5
1 229.492 75.3528 27.5
1 230.96 76.8205 27.5
1 232.397 78.258 27.5
1 233.841 79.7014 27.5
1 235.314 81.1744 27.5
1 236.758 82.6184 27.5
1 238.21 84.0711 27.5
1 239.654 85.5145 27.5
1 241.096 86.9572 27.5
1 242.548 88.4088 27.5
1 243.992 89.8522 27.5
1 245.435 91.296 27.5
1 246.897 92.758 27.5
1 248.341 94.2017 27.5
1 249.785 95.6456 27.5
1 251.237 97.0978 27.5
1 252.68 98.5411 27.5
1 254.141 100.001 27.5
1 255.593 101.454 27.5
1 257.036 102.897 27.5
1 258.48 104.341 27.5
1 259.933 105.793 27.5
1 261.392 107.252 27.5
1 262.836 108.696 27.5
1 264.288 110.149 27.5
1 265.748 111.609 27.5
1 267.186 113.047 27.5
1 268.643 114.504 27.5
1 270.088 115.948 27.5
1 271.531 117.392 27.5
1 272.998 118.858 27.5
1 274.441 120.302 27.5
1 275.893 121.754 27.5
1 277.342 123.203 27.5
1 278.786 124.647 27.5
1 280.238 126.098 27.5
1 281.681 127.542 27.5
1 283.124 128.985 27.5
1 284.576 130.436 27.5
1 286.02 131.88 27.5
1 287.464 133.325 27.5
1 288.915 134.776 27.5
1 290.359 136.219 27.5
1 291.807 137.668 27.5
1 293.266 139.126 27.5
1 294.703 140.564 27.5
1 296.147 142.007 27.5
1 297.605 143.466 27.5
1 299.064 144.925 27.5
1 300.508 146.369 27.5
1 301.959 147.82 27.5
1 303.408 149.269 27.5
2 304.852 8.6e-08 27.5
2 306.305 1.45282 27.5
2 307.749 2.89684 27.5
2 309.192 4.34019 27.5
2 310.644 5.79198 27.5
2 312.088 7.23605 27.5
2 313.532 8.68011 27.5
2 314.984 10.1324 27.5
2 316.429 11.5767 27.5
2 317.872 13.0203 27.5
2 319.324 14.4724 27.5
2 320.769 15.9168 27.5
2 322.212 17.3598 27.5
2 323.663 18.8112 27.5
2 325.107 20.2554 27.5
2 326.551 21.6987 27.5
2 328.002 23.15 27.5
2 329.467 24.6152 27.5
2 330.919 26.0673 27.5
2 332.364 27.5118 27.5
2 333.817 28.9655 27.5
2 335.269 30.4171 27.5
2 336.713 31.8612 27.5
2 338.156 33.304 27.5
2 339.609 34.7567 27.5
2 341.069 36.2169 27.5
2 342.506 37.6545 27.5
2 343.964 39.1125 27.5
2 345.418 40.5663 27.5
2 346.861 42.009 27.5
2 348.313 43.4606 27.5
2 349.757 44.9048 27.5
2 351.2 46.3478 27.5
2 352.662 47.8103 27.5
2 354.105 49.2531 27.5
2 355.549 50.697 27.5
2 357.006 52.1543 27.5
2 358.45 53.5984 27.5
2 359.893 55.0414 27.5
2 361.345 56.4931 27.5
2 362.789 57.9372 27.5
2 364.233 59.3808 27.5
2 365.684 60.8318 27.5
2 367.128 62.2761 27.5
2 368.571 63.7195 27.5
2 370.024 65.1716 27.5
2 371.468 66.6158 27.5
2 372.911 68.0593 27.5
2 374.363 69.5108 27.5
2 375.828 70.9762 27.5
2 377.28 72.428 27.5
2 378.724 73.872 27.5
2 380.177 75.3252 27.5
2 381.629 76.7773 27.5
2 383.073 78.2206 27.5
2 384.516 79.6641 27.5
2 385.969 81.1167 27.5
2 387.423 82.5709 27.5
2 388.867 84.0146 27.5
2 390.325 85.4727 27.5
2 391.779 86.9272 27.5
2 393.222 88.3701 27.5
2 394.674 89.8221 27.5
2 396.118 91.2655 27.5
2 397.56 92.7083 27.5
2 399.023 94.1708 27.5
2 400.466 95.6138 27.5
2 401.909 97.0575 27.5
2 403.367 98.5147 27.5
2 404.811 99.9588 27.5
2 406.255 101.403 27.5
2 407.706 102.854 27.5
2 409.151 104.299 27.5
2 410.594 105.742 27.5
2 412.045 107.193 27.5
2 413.489 108.637 27.5
2 414.933 110.081 27.5
2 416.385 111.533 27.5
2 417.829 112.977 27.5
2 419.273 114.421 27.5
2 420.724 115.872 27.5
2 422.19 117.338 27.5
2 423.642 118.79 27.5
2 425.086 120.234 27.5
2 426.54 121.688 27.5
2 427.992 123.14 27.5
2 429.436 124.584 27.5
2 430.879 126.027 27.5
2 432.331 127.479 27.5
2 433.785 128.933 27.5
2 435.228 130.376 27.5
2 436.687 131.835 27.5
2 438.14 133.288 27.5
2 439.583 134.731 27.5
2 441.035 136.183 27.5
2 442.478 137.626 27.5
2 443.923 139.071 27.5
2 445.385 140.533 27.5
2 446.829 141.977 27.5
2 448.273 143.421 27.5
2 449.73 144.878 27.5
2 451.174 146.322 27.5
2 452.617 147.765 27.5
2 454.069 149.217 27.5
3 455.514 9e-08 27.5
3 456.957 1.44367 27.5
3 458.409 2.89493 27.5
3 459.853 4.33949 27.5
3 461.297 5.78349 27.5
3 462.749 7.23519 27.5
3 464.214 8.70046 27.5
3 465.666 10.1526 27.5
3 467.111 11.5975 27.5
3 468.565 13.0508 27.5
3 470.017 14.5029 27.5
3 471.461 15.9471 27.5
3 472.904 17.3906 27.5
3 474.357 18.8429 27.5
3 475.822 20.3084 27.5
3 477.266 21.7524 27.5
3 478.718 23.2041 27.5
3 480.172 24.6579 27.5
3 481.616 26.1021 27.5
3 483.068 27.5541 27.5
3 484.511 28.9977 27.5
3 485.956 30.4419 27.5
3 487.418 31.9044 27.5
3 488.862 33.3479 27.5
3 490.306 34.7921 27.5
3 491.774 36.2604 27.5
3 493.217 37.7033 27.5
3 494.669 39.1552 27.5
3 496.113 40.5995 27.5
3 497.557 42.0429 27.5
3 499.019 43.5052 27.5
3 500.463 44.949 27.5
3 501.906 46.3919 27.5
3 503.374 47.8603 27.5
3 504.819 49.3048 27.5
3 506.256 50.7418 27.5
3 507.713 52.1992 27.5
3 509.157 53.6433 27.5
3 510.616 55.1019 27.5
3 512.067 56.5531 27.5
3 513.511 57.997 27.5
3 514.96 59.4466 27.5
3 516.413 60.8992 27.5
3 517.858 62.3441 27.5
3 519.301 63.7875 27.5
3 520.753 65.2388 27.5
3 522.218 66.7044 27.5
3 523.671 68.1569 27.5
3 525.115 69.6014 27.5
3 526.569 71.0551 27.5
3 528.021 72.5068 27.5
3 529.465 73.9515 27.5
3 530.909 75.3952 27.5
3 532.36 76.8459 27.5
3 533.804 78.2902 27.5
3 535.248 79.7345 27.5
3 536.699 81.1856 27.5
3 538.159 82.6456 27.5
3 539.603 84.0896 27.5
3 541.055 85.5408 27.5
3 542.498 86.9847 27.5
3 543.943 88.4294 27.5
3 545.405 89.8913 27.5
3 546.849 91.3348 27.5
3 548.292 92.7787 27.5
3 549.744 94.23 27.5
3 551.187 95.6732 27.5
3 552.636 97.1226 27.5
3 554.088 98.5747 27.5
3 555.533 100.019 27.5
3 556.977 101.463 27.5
3 558.429 102.915 27.5
3 559.894 104.38 27.5
3 561.346 105.832 27.5
3 562.79 107.277 27.5
3 564.243 108.73 27.5
3 565.696 110.182 27.5
3 567.14 111.627 27.5
3 568.583 113.069 27.5
3 570.035 114.521 27.5
3 571.496 115.982 27.5
3 572.933 117.419 27.5
3 574.391 118.877 27.5
3 575.846 120.332 27.5
3 577.289 121.775 27.5
3 578.741 123.227 27.5
3 580.195 124.681 27.5
3 581.639 126.125 27.5
3 583.091 127.578 27.5
3 584.536 129.022 27.5
3 585.98 130.466 27.5
3 587.447 131.933 27.5
3 588.891 133.377 27.5
3 590.329 134.815 27.5
3 591.802 136.288 27.5
3 593.245 137.731 27.5
3 594.697 139.183 27.5
3 596.14 140.626 27.5
3 597.583 142.069 27.5
3 599.041 143.527 27.5
3 600.485 144.971 27.5
3 601.929 146.415 27.5
3 603.401 147.887 27.5
3 604.844 149.33 27.5
3 606.288 150.774 27.5
4 607.74 9.7e-08 27.5
4 609.183 1.44273 27.5
4 610.637 2.89701 27.5
4 612.089 4.34956 27.5
4 613.533 5.79334 27.5
4 614.977 7.23709 27.5
4 616.429 8.68948 27.5
4 617.873 10.1335 27.5
4 619.316 11.5764 27.5
4 620.768 13.0283 27.5
4 622.234 14.4943 27.5
4 623.687 15.947 27.5
4 625.131 17.3915 27.5
4 626.575 18.8349 27.5
4 628.026 20.2865 27.5
4 629.481 21.7412 27.5
4 630.925 23.1851 27.5
4 632.377 24.637 27.5
4 633.842 26.1025 27.5
4 635.287 27.547 27.5
4 636.739 28.9994 27.5
4 638.183 30.4436 27.5
4 639.626 31.8863 27.5
4 641.089 33.3489 27.5
4 642.532 34.7922 27.5
4 643.976 36.2363 27.5
4 645.444 37.7042 27.5
4 646.881 39.1416 27.5
4 648.325 40.5854 27.5
4 649.783 42.0435 27.5
4 651.221 43.4808 27.5
4 652.675 44.9355 27.5
4 654.127 46.3869 27.5
4 655.571 47.831 27.5
4 657.033 49.2929 27.5
4 658.476 50.7363 27.5
4 659.92 52.1802 27.5
4 661.372 53.6321 27.5
4 662.815 55.0753 27.5
4 664.264 56.5243 27.5
4 665.715 57.9755 27.5
4 667.159 59.4196 27.5
4 668.613 60.8736 27.5
4 670.071 62.3308 27.5
4 671.515 63.7755 27.5
4 672.959 65.2195 27.5
4 674.411 66.6716 27.5
4 675.865 68.1256 27.5
4 677.31 69.5699 27.5
4 678.761 71.0217 27.5
4 680.215 72.4751 27.5
4 681.657 73.9172 27.5
4 683.109 75.369 27.5
4 684.553 76.8135 27.5
4 685.997 78.2573 27.5
4 687.464 79.7241 27.5
4 688.907 81.1676 27.5
4 690.351 82.6116 27.5
4 691.819 84.079 27.5
4 693.263 85.5228 27.5
4 694.714 86.9747 27.5
4 696.163 88.4236 27.5
4 697.608 89.8684 27.5
4 699.06 91.3201 27.5
4 700.504 92.7638 27.5
4 701.949 94.2088 27.5
4 703.423 95.6829 27.5
4 704.867 97.1268 27.5
4 706.311 98.5708 27.5
4 707.767 100.027 27.5
4 709.21 101.47 27.5
4 710.654 102.914 27.5
4 712.107 104.367 27.5
4 713.55 105.811 27.5
4 714.999 107.259 27.5
4 716.45 108.71 27.5
4 717.895 110.155 27.5
4 719.345 111.605 27.5
4 720.803 113.063 27.5
4 722.247 114.508 27.5
4 723.685 115.945 27.5
4 725.142 117.402 27.5
4 726.602 118.862 27.5
4 728.054 120.315 27.5
4 729.499 121.759 27.5
4 730.947 123.207 27.5
4 732.398 124.658 27.5
4 733.841 126.102 27.5
4 735.285 127.546 27.5
4 736.737 128.997 27.5
4 738.202 130.462 27.5
4 739.646 131.906 27.5
4 741.098 133.358 27.5
4 742.551 134.811 27.5
4 743.995 136.255 27.5
4 745.448 137.708 27.5
4 746.901 139.162 27.5
4 748.345 140.605 27.5
4 749.803 142.063 27.5
4 751.247 143.507 27.5
4 752.684 144.944 27.5
4 754.153 146.413 27.5
4 755.597 147.857 27.5
4 757.048 149.308 27.5
4 758.501 150.762 27.5
5 759.946 9.6e-08 27.5
5 761.397 1.45134 27.5
5 762.84 2.89415 27.5
5 764.284 4.33798 27.5
5 765.751 5.80476 27.5
5 767.194 7.24849 27.5
5 768.639 8.69289 27.5
5 770.09 10.1441 27.5
5 771.533 11.5873 27.5
5 772.978 13.032 27.5
5 774.43 14.4841 27.5
5 775.873 15.9274 27.5
5 777.317 17.3714 27.5
5 778.77 18.8239 27.5
5 780.223 20.2772 27.5
5 781.666 21.7205 27.5
5 783.117 23.1711 27.5
5 784.571 24.6247 27.5
5 786.015 26.0691 27.5
5 787.467 27.5215 27.5
5 788.927 28.9807 27.5
5 790.379 30.433 27.5
5 791.823 31.8767 27.5
5 793.266 33.3201 27.5
5 794.719 34.7727 27.5
5 796.173 36.2267 27.5
5 797.616 37.6702 27.5
5 799.068 39.1217 27.5
5 800.516 40.5701 27.5
5 801.96 42.0144 27.5
5 803.412 43.466 27.5
5 804.856 44.9099 27.5
5 806.299 46.3527 27.5
5 807.772 47.8257 27.5
5 809.215 49.2693 27.5
5 810.66 50.7137 27.5
5 812.121 52.1753 27.5
5 813.565 53.619 27.5
5 815.009 55.0631 27.5
5 816.46 56.5135 27.5
5 817.903 57.9571 27.5
5 819.357 59.411 27.5
5 820.808 60.8624 27.5
5 822.252 62.3065 27.5
5 823.696 63.7501 27.5
5 825.148 65.2016 27.5
5 826.592 66.6458 27.5
5 828.035 68.0889 27.5
5 829.486 69.5398 27.5
5 830.945 70.9995 27.5
5 832.383 72.4365 27.5
5 833.841 73.8949 27.5
5 835.296 75.3497 27.5
5 836.747 76.8007 27.5
6 838.191 7.1e-08 27.5
6 839.634 1.44356 27.5
6 841.086 2.89509 27.5
6 842.53 4.33924 27.5
6 843.974 5.78274 27.5
6 845.425 7.2342 27.5
6 846.868 8.67695 27.5
6 848.311 10.1198 27.5
6 849.771 11.5803 27.5
6 851.214 13.0236 27.5
6 852.658 14.467 27.5
6 854.114 15.9231 27.5
6 855.557 17.3663 27.5
6 857 18.8091 27.5
6 858.451 20.2605 27.5
6 859.896 21.7052 27.5
6 861.35 23.1592 27.5
6 862.808 24.6167 27.5
6 864.251 26.0601 27.5
6 865.704 27.5135 27.5
6 867.156 28.9656 27.5
6 868.6 30.4094 27.5
6 870.044 31.853 27.5
6 871.495 33.3046 27.5
6 872.95 34.7588 27.5
6 874.393 36.2021 27.5
6 875.845 37.6542 27.5
6 877.294 39.1031 27.5
7 878.738 8.2e-08 27.5
7 880.189 1.45085 27.5
7 881.633 2.89467 27.5
7 883.076 4.3381 27.5
7 884.528 5.78939 27.5
7 885.971 7.23302 27.5
7 887.414 8.67612 27.5
7 888.866 10.1274 27.5
7 890.31 11.5716 27.5
7 891.753 13.0143 27.5
7 893.204 14.4653 27.5
7 894.647 15.9088 27.5
7 896.095 17.3571 27.5
7 897.546 18.8079 27.5
8 898.99 8.6e-08 27.5
8 900.433 1.44366 27.5
8 901.885 2.89485 27.5
8 903.327 4.33778 27.5
8 904.771 5.78139 27.5
8 906.222 7.23221 27.5
8 907.666 8.67599 27.5
9 909.108 6.8e-08 27.5
9 910.581 1.47261 27.5
9 912.024 2.91558 27.5
9 913.468 4.35909 27.5
10 914.919 7.4e-08 27.5
10 916.363 1.4438 27.5
10 917.825 2.9061 28
11 919.268 7.2e-08 28
12 920.712 4e-08 28
12 922.162 1.44956 28.5
13 923.605 5.9e-08 28.5
14 925.048 7.1e-08 28.5
16 926.499 5.3e-08 28.5
17 927.942 6.9e-08 28.5
18 929.401 5.1e-08 28.5
19 930.852 7.6e-08 28.5
21 932.296 5.6e-08 28.5
22 933.74 6.5e-08 28.5
23 935.19 3.6e-08 28.5
24 936.638 5.6e-08 28.5
25 938.08 1.1e-07 28
26 940.031 1.64e-07 28
27 943.169 1.45e-07 28.5
28 948.711 1.54e-07 28
