        type trial_config ert_flop   unroll  buffers        nsize       trials       microsecs        bytes        flops         GB/s         GF/s
       float    coalesced       64       32        1          128     16777216    14965680.478   4294967296  34359738368        0.287        2.296
       float    coalesced       64       32        1          256     16777216    15403579.591   8589934592  68719476736        0.558        4.461
       float    coalesced       64       32        1          512      8388608     8183322.583   8589934592  68719476736        1.050        8.398
       float    coalesced       64       32        1         1024      4194304     4105740.138   8589934592  68719476736        2.092       16.737
       float    coalesced       64       32        1         2048      2097152     2229862.005   8589934592  68719476736        3.852       30.818
       float    coalesced       64       32        1         4096      1048576     1216519.703   8589934592  68719476736        7.061       56.489
       float    coalesced       64       32        1         8192       524288      731013.723   8589934592  68719476736       11.751       94.006
       float    coalesced       64       32        1        16384       262144      479083.582   8589934592  68719476736       17.930      143.439
       float    coalesced       64       32        1        32768       131072      348132.114   8589934592  68719476736       24.674      197.395
       float    coalesced       64       32        1        65536        65536      319556.996   8589934592  68719476736       26.881      215.046
       float    coalesced       64       32        1       131072        32768      307564.976   8589934592  68719476736       27.929      223.431
       float    coalesced       64       32        1       262144        16384      298622.806   8589934592  68719476736       28.765      230.121
       float    coalesced       64       32        1       524288         8192      294680.599   8589934592  68719476736       29.150      233.200
       float    coalesced       64       32        1      1048576         4096      292723.788   8589934592  68719476736       29.345      234.759
       float    coalesced       64       32        1      2097152         2048      291832.164   8589934592  68719476736       29.435      235.476
       float    coalesced       64       32        1      4194304         1024      291393.773   8589934592  68719476736       29.479      235.830
       float    coalesced       64       32        1      8388608          512      291141.236   8589934592  68719476736       29.504      236.035
       float    coalesced       64       32        1     16777216          256      291055.263   8589934592  68719476736       29.513      236.105
       float    coalesced       64       32        1     33554432          128      291064.224   8589934592  68719476736       29.512      236.097
       float    coalesced       64       32        1     67108864           64      290992.614   8589934592  68719476736       29.519      236.155
       float    coalesced       64       32        1    134217728           32      290940.702   8589934592  68719476736       29.525      236.198
       float    coalesced       64       32        1    268435456           16      290927.654   8589934592  68719476736       29.526      236.208
       float    coalesced       64       32        1    536870912            8      290953.256   8589934592  68719476736       29.523      236.187
       float    coalesced       64       32        1   1073741824            4      290956.409   8589934592  68719476736       29.523      236.185
       float    coalesced       64       32        1   2147483648            2      290930.247   8589934592  68719476736       29.526      236.206
       float    coalesced       64       32        1   4293918720            1      290896.049   8587837440  68702699520       29.522      236.176
