        type trial_config ert_flop   unroll  buffers        nsize       trials       microsecs        bytes        flops         GB/s         GF/s
        long    coalesced        2        1        1            8     16777216     5455480.596    268435456     33554432        0.049        0.006
        long    coalesced        2        1        1           16     16777216     5692617.744    536870912     67108864        0.094        0.012
        long    coalesced        2        1        1           32     16777216     5951351.765   1073741824    134217728        0.180        0.023
        long    coalesced        2        1        1           64     16777216     6546489.387   2147483648    268435456        0.328        0.041
        long    coalesced        2        1        1          128     16777216     7701788.436   4294967296    536870912        0.558        0.070
        long    coalesced        2        1        1          256     16777216     9352063.617   8589934592   1073741824        0.919        0.115
        long    coalesced        2        1        1          512      8388608     5951397.740   8589934592   1073741824        1.443        0.180
        long    coalesced        2        1        1         1024      4194304     3850941.536   8589934592   1073741824        2.231        0.279
        long    coalesced        2        1        1         2048      2097152     2727802.968   8589934592   1073741824        3.149        0.394
        long    coalesced        2        1        1         4096      1048576     2231848.161   8589934592   1073741824        3.849        0.481
        long    coalesced        2        1        1         8192       524288     1954581.098   8589934592   1073741824        4.395        0.549
        long    coalesced        2        1        1        16384       262144     1818555.716   8589934592   1073741824        4.723        0.590
        long    coalesced        2        1        1        32768       131072     1738984.377   8589934592   1073741824        4.940        0.617
        long    coalesced        2        1        1        65536        65536     1705255.378   8589934592   1073741824        5.037        0.630
        long    coalesced        2        1        1       131072        32768     1689681.057   8589934592   1073741824        5.084        0.635
        long    coalesced        2        1        1       262144        16384     1679577.756   8589934592   1073741824        5.114        0.639
        long    coalesced        2        1        1       524288         8192     1674949.818   8589934592   1073741824        5.128        0.641
        long    coalesced        2        1        1      1048576         4096     1673144.221   8589934592   1073741824        5.134        0.642
        long    coalesced        2        1        1      2097152         2048     1672453.757   8589934592   1073741824        5.136        0.642
        long    coalesced        2        1        1      4194304         1024     1672197.752   8589934592   1073741824        5.137        0.642
        long    coalesced        2        1        1      8388608          512     1672075.557   8589934592   1073741824        5.137        0.642
        long    coalesced        2        1        1     16777216          256     1671990.738   8589934592   1073741824        5.138        0.642
        long    coalesced        2        1        1     33554432          128     1671926.646   8589934592   1073741824        5.138        0.642
        long    coalesced        2        1        1     67108864           64     1671918.456   8589934592   1073741824        5.138        0.642
        long    coalesced        2        1        1    134217728           32     1671863.857   8589934592   1073741824        5.138        0.642
        long    coalesced        2        1        1    268435456           16     1671848.148   8589934592   1073741824        5.138        0.642
        long    coalesced        2        1        1    536870912            8     1671737.073   8589934592   1073741824        5.138        0.642
        long    coalesced        2        1        1   1073741824            4     1671839.386   8589934592   1073741824        5.138        0.642
        long    coalesced        2        1        1   2147483648            2     1671937.584   8589934592   1073741824        5.138        0.642
        long    coalesced        2        1        1   4293918720            1     1671474.244   8587837440   1073479680        5.138        0.642
