0 3.21473 8.3e-08 25.5
0 6.11286 2.89813 25.5
0 7.55308 4.33835 25.5
0 9.00007 5.78534 25.5
0 10.4469 7.23221 25.5
0 11.8927 8.67797 25.5
0 13.3363 10.1215 25.5
0 14.787 11.5723 25.5
0 16.2271 13.0124 25.5
0 17.6704 14.4556 25.5
0 19.1528 15.938 25.5
0 20.6118 17.397 25.5
0 22.0796 18.8649 25.5
0 23.54 20.3253 25.5
0 24.9865 21.7717 25.5
0 26.4372 23.2225 25.5
0 27.881 24.6663 25.5
0 29.3245 26.1097 25.5
0 30.7752 27.5605 25.5
0 32.2345 29.0197 25.5
0 33.686 30.4713 25.5
0 35.1397 31.925 25.5
0 36.5874 33.3727 25.5
0 38.0377 34.8229 25.5
0 39.5023 36.2876 25.5
0 40.9557 37.7409 25.5
0 42.4079 39.1932 25.5
0 43.8729 40.6581 25.5
0 45.33 42.1152 25.5
0 46.773 43.5582 25.5
0 48.2274 45.0126 25.5
0 49.6953 46.4805 25.5
0 51.1381 47.9234 25.5
0 52.5813 49.3666 25.5
0 54.0436 50.8288 25.5
0 55.4924 52.2776 25.5
0 56.9362 53.7215 25.5
0 58.4091 55.1944 25.5
0 59.8672 56.6525 25.5
0 61.3142 58.0995 25.5
0 62.7571 59.5423 25.5
0 64.2003 60.9855 25.5
0 65.6737 62.459 25.5
0 67.1178 63.9031 25.5
0 68.5616 65.3468 25.5
0 70.0182 66.8035 25.5
0 71.4617 68.247 25.5
0 72.9041 69.6893 25.5
0 74.3723 71.1575 25.5
0 75.8147 72.6 25.5
0 77.2768 74.0621 25.5
0 78.7198 75.5051 25.5
0 80.1625 76.9478 25.5
0 81.6146 78.3999 25.5
0 83.058 79.8433 25.5
0 84.5174 81.3027 25.5
0 85.9678 82.7531 25.5
0 87.4265 84.2118 25.5
0 88.8704 85.6557 25.5
0 90.3227 87.108 25.5
0 91.7657 88.551 25.5
0 93.2081 89.9934 25.5
0 94.6811 91.4664 25.5
0 96.1237 92.909 25.5
0 97.5757 94.361 25.5
0 99.0197 95.8049 25.5
0 100.473 97.2581 25.5
0 101.924 98.709 25.5
0 103.368 100.153 25.5
0 104.811 101.596 25.5
0 106.261 103.047 25.5
0 107.726 104.511 25.5
0 109.168 105.954 25.5
0 110.62 107.405 25.5
0 112.063 108.849 25.5
0 113.506 110.291 25.5
0 114.957 111.743 25.5
0 116.401 113.186 25.5
1 117.845 9e-08 25.5
1 119.295 1.45071 25.5
1 120.738 2.89337 25.5
1 122.181 4.33681 25.5
1 123.633 5.78801 25.5
1 125.075 7.23067 25.5
1 126.519 8.67445 25.5
1 127.971 10.1266 25.5
1 129.415 11.5702 25.5
1 130.857 13.0129 25.5
1 132.325 14.4803 25.5
1 133.769 15.9242 25.5
1 135.22 17.3759 25.5
1 136.673 18.8285 25.5
1 138.117 20.2722 25.5
1 139.569 21.7244 25.5
1 141.029 23.1847 25.5
1 142.466 24.6214 25.5
1 143.922 26.0777 25.5
1 145.366 27.5218 25.5
1 146.81 28.9659 25.5
1 148.272 30.4272 25.5
1 149.715 31.8707 25.5
1 151.159 33.3143 25.5
1 152.611 34.7665 25.5
1 154.055 36.21 25.5
1 155.498 37.6532 25.5
1 156.949 39.1042 25.5
1 158.393 40.5482 25.5
1 159.842 41.9972 25.5
1 161.3 43.4553 25.5
1 162.744 44.8997 25.5
1 164.196 46.3518 25.5
1 165.64 47.7955 25.5
1 167.093 49.2487 25.5
1 168.546 50.701 25.5
1 169.99 52.1451 25.5
1 171.433 53.5882 25.5
1 172.884 55.0394 25.5
1 174.327 56.4822 25.5
1 175.77 57.9257 25.5
1 177.222 59.3773 25.5
1 178.664 60.8199 25.5
1 180.108 62.2634 25.5
1 181.581 63.7363 25.5
1 183.024 65.1799 25.5
1 184.468 66.6233 25.5
1 185.924 68.0798 25.5
1 187.368 69.5236 25.5
1 188.812 70.9672 25.5
1 190.262 72.4173 25.5
1 191.705 73.8609 25.5
1 193.15 75.3051 25.5
1 194.608 76.763 25.5
1 196.044 78.1998 25.5
1 197.487 79.643 25.5
1 198.945 81.1002 25.5
1 200.404 82.5596 25.5
1 201.856 84.0116 25.5
1 203.3 85.4558 25.5
1 204.76 86.9155 25.5
1 206.211 88.3664 25.5
1 207.654 89.8095 25.5
1 209.098 91.2531 25.5
1 210.549 92.7048 25.5
1 211.992 94.1474 25.5
1 213.435 95.5903 25.5
1 214.886 97.0417 25.5
1 216.33 98.4851 25.5
1 217.773 99.9281 25.5
1 219.234 101.389 25.5
1 220.678 102.833 25.5
1 222.121 104.277 25.5
1 223.572 105.727 25.5
1 225.016 107.172 25.5
1 226.465 108.621 25.5
1 227.922 110.077 25.5
1 229.366 111.522 25.5
1 230.818 112.974 25.5
1 232.262 114.417 25.5
2 233.705 8.5e-08 25.5
2 235.157 1.4524 25.5
2 236.601 2.89675 25.5
2 238.045 4.34044 25.5
2 239.497 5.7921 25.5
2 240.956 7.25114 25.5
2 242.393 8.68876 25.5
2 243.851 10.1463 25.5
2 245.304 11.5994 25.5
2 246.747 13.0422 25.5
2 248.199 14.4942 25.5
2 249.653 15.9486 25.5
2 251.097 17.392 25.5
2 252.548 18.8434 25.5
2 253.992 20.287 25.5
2 255.436 21.7315 25.5
2 256.904 23.199 25.5
2 258.346 24.641 25.5
2 259.798 26.0931 25.5
2 261.242 27.5371 25.5
2 262.685 28.9805 25.5
2 264.135 30.4307 25.5
2 265.579 31.8743 25.5
2 267.023 33.3184 25.5
2 268.491 34.7863 25.5
2 269.929 36.2239 25.5
2 271.372 37.6671 25.5
2 272.829 39.1245 25.5
2 274.273 40.5681 25.5
2 275.726 42.0219 25.5
2 277.177 43.4725 25.5
2 278.621 44.9161 25.5
2 280.065 46.3601 25.5
2 281.516 47.8115 25.5
2 282.96 49.2549 25.5
2 284.403 50.6988 25.5
2 285.856 52.151 25.5
2 287.321 53.6164 25.5
2 288.773 55.0685 25.5
2 290.217 56.5121 25.5
2 291.659 57.9544 25.5
2 293.111 59.406 25.5
2 294.56 60.8551 25.5
2 296.003 62.298 25.5
2 297.455 63.7503 25.5
2 298.899 65.1947 25.5
2 300.343 66.6387 25.5
2 301.795 68.0903 25.5
2 303.237 69.5328 25.5
2 304.682 70.977 25.5
2 306.155 72.4499 25.5
2 307.598 73.8935 25.5
2 309.042 75.3375 25.5
2 310.494 76.7895 25.5
2 311.937 78.2325 25.5
2 313.385 79.6803 25.5
2 314.836 81.131 25.5
2 316.279 82.5746 25.5
2 317.723 84.0188 25.5
2 319.181 85.4762 25.5
2 320.618 86.9133 25.5
2 322.061 88.3566 25.5
2 323.519 89.8146 25.5
2 324.963 91.2583 25.5
2 326.406 92.7012 25.5
2 327.871 94.1668 25.5
2 329.314 95.6096 25.5
2 330.767 97.0619 25.5
2 332.226 98.5217 25.5
2 333.67 99.9652 25.5
2 335.121 101.416 25.5
2 336.564 102.859 25.5
2 338.008 104.304 25.5
2 339.46 105.755 25.5
2 340.902 107.197 25.5
2 342.345 108.641 25.5
2 343.797 110.093 25.5
2 345.241 111.536 25.5
2 346.695 112.99 25.5
3 348.146 8.6e-08 25.5
3 349.589 1.4438 25.5
3 351.033 2.88775 25.5
3 352.484 4.33864 25.5
3 353.928 5.7825 25.5
3 355.372 7.22632 25.5
3 356.823 8.67737 25.5
3 358.266 10.1203 25.5
3 359.709 11.5634 25.5
3 361.167 13.0209 25.5
3 362.604 14.4582 25.5
3 364.047 15.9009 25.5
3 365.504 17.3588 25.5
3 366.948 18.8022 25.5
3 368.385 20.2393 25.5
3 369.842 21.6962 25.5
3 371.286 23.1399 25.5
3 372.748 24.6021 25.5
3 374.191 26.045 25.5
3 375.634 27.488 25.5
3 377.086 28.9399 25.5
3 378.529 30.3836 25.5
3 379.978 31.8321 25.5
3 381.435 33.2896 25.5
3 382.872 34.7261 25.5
3 384.335 36.1891 25.5
3 385.785 37.6396 25.5
3 387.229 39.0832 25.5
3 388.678 40.5322 25.5
3 390.129 41.9837 25.5
3 391.573 43.4276 25.5
3 393.016 44.8704 25.5
3 394.467 46.3209 25.5
3 395.909 47.7637 25.5
3 397.353 49.2071 25.5
3 398.804 50.6581 25.5
3 400.245 52.0998 25.5
3 401.689 53.5432 25.5
3 403.16 55.0146 25.5
3 404.604 56.4582 25.5
3 406.054 57.9087 25.5
3 407.498 59.3519 25.5
3 408.941 60.7952 25.5
3 410.398 62.252 25.5
3 411.841 63.6955 25.5
3 413.285 65.1391 25.5
3 414.735 66.5893 25.5
3 416.178 68.0318 25.5
3 417.621 69.4755 25.5
3 419.079 70.9331 25.5
3 420.515 72.3697 25.5
3 421.979 73.8333 25.5
3 423.43 75.284 25.5
3 424.873 76.7273 25.5
3 426.316 78.1705 25.5
3 427.768 79.6219 25.5
3 429.216 81.07 25.5
3 430.659 82.5131 25.5
3 432.109 83.9635 25.5
3 433.552 85.4064 25.5
3 434.996 86.8499 25.5
3 436.447 88.3013 25.5
3 437.889 89.7438 25.5
3 439.333 91.1876 25.5
3 440.806 92.6603 25.5
3 442.249 94.1038 25.5
3 443.701 95.5553 25.5
3 445.144 96.998 25.5
3 446.586 98.4406 25.5
3 448.059 99.9133 25.5
3 449.502 101.357 25.5
3 450.946 102.8 25.5
3 452.397 104.252 25.5
3 453.839 105.694 25.5
3 455.282 107.136 25.5
3 456.733 108.588 25.5
3 458.176 110.03 25.5
3 459.634 111.488 25.5
3 461.084 112.938 25.5
4 462.527 9.4e-08 25.5
4 463.97 1.44345 25.5
4 465.421 2.89438 25.5
4 466.879 4.35252 25.5
4 468.331 5.80395 25.5
4 469.774 7.24716 25.5
4 471.217 8.69007 25.5
4 472.668 10.1413 25.5
4 474.112 11.585 25.5
4 475.555 13.0279 25.5
4 477.004 14.4774 25.5
4 478.447 15.9207 25.5
4 479.89 17.3639 25.5
4 481.341 18.8147 25.5
4 482.784 20.2573 25.5
4 484.227 21.7007 25.5
4 485.695 23.1686 25.5
4 487.132 24.6051 25.5
4 488.574 26.0473 25.5
4 490.031 27.504 25.5
4 491.467 28.9402 25.5
4 492.925 30.3983 25.5
4 494.376 31.849 25.5
4 495.819 33.292 25.5
4 497.261 34.7348 25.5
4 498.713 36.1862 25.5
4 500.166 37.6397 25.5
4 501.609 39.0827 25.5
4 503.06 40.5332 25.5
4 504.52 41.9929 25.5
4 505.971 43.4447 25.5
4 507.415 44.8881 25.5
4 508.857 46.3305 25.5
4 510.308 47.7817 25.5
4 511.752 49.225 25.5
4 513.194 50.6678 25.5
4 514.645 52.1184 25.5
4 516.089 53.5622 25.5
4 517.532 55.0055 25.5
4 518.994 56.4671 25.5
4 520.436 57.9097 25.5
4 521.88 59.3531 25.5
4 523.337 60.8104 25.5
4 524.774 62.2473 25.5
4 526.233 63.7061 25.5
4 527.684 65.1572 25.5
4 529.127 66.6004 25.5
4 530.569 68.0428 25.5
4 532.02 69.4937 25.5
4 533.464 70.937 25.5
4 534.907 72.3805 25.5
4 536.357 73.8306 25.5
4 537.81 75.2835 25.5
4 539.254 76.7269 25.5
4 540.705 78.1783 25.5
4 542.147 79.6207 25.5
4 543.59 81.0636 25.5
4 545.057 82.5306 25.5
4 546.5 83.9732 25.5
4 547.951 85.424 25.5
4 549.394 86.867 25.5
4 550.837 88.3105 25.5
4 552.288 89.7611 25.5
4 553.731 91.2042 25.5
4 555.175 92.6481 25.5
5 556.627 8.7e-08 25.5
5 558.07 1.44318 25.5
5 559.517 2.89065 25.5
5 560.967 4.34075 25.5
5 562.41 5.78351 25.5
5 563.854 7.22736 25.5
5 565.311 8.68473 25.5
5 566.749 10.1224 25.5
5 568.192 11.5655 25.5
5 569.65 13.0233 25.5
5 571.093 14.4666 25.5
5 572.537 15.91 25.5
5 573.987 17.3605 25.5
5 575.43 18.8031 25.5
5 576.874 20.2473 25.5
5 578.335 21.7087 25.5
5 579.778 23.1514 25.5
5 581.222 24.595 25.5
5 582.673 26.0465 25.5
5 584.116 27.4897 25.5
5 585.559 28.9323 25.5
5 587.011 30.3838 25.5
5 588.454 31.8275 25.5
5 589.897 33.2708 25.5
5 591.347 34.7204 25.5
5 592.79 36.1636 25.5
5 594.234 37.6074 25.5
5 595.691 39.0647 25.5
5 597.144 40.5168 25.5
5 598.595 41.9686 25.5
5 600.039 43.4119 25.5
5 601.482 44.8551 25.5
5 602.932 46.3054 25.5
6 604.375 9.8e-08 25.5
6 605.818 1.44311 25.5
6 607.268 2.89352 25.5
6 608.71 4.33528 25.5
6 610.153 5.77781 25.5
6 611.604 7.22903 25.5
6 613.046 8.67103 25.5
6 614.488 10.1133 25.5
6 615.956 11.5808 25.5
6 617.392 13.0166 25.5
6 618.834 14.459 25.5
6 620.291 15.9161 25.5
6 621.734 17.3591 25.5
6 623.186 18.8114 25.5
6 624.637 20.2625 25.5
6 626.08 21.7052 25.5
6 627.532 23.1576 25.5
7 628.983 9.5e-08 25.5
7 630.427 1.44327 25.5
7 631.869 2.88611 25.5
7 633.319 4.33528 25.5
7 634.777 5.79399 25.5
7 636.228 7.245 25.5
7 637.67 8.68641 25.5
7 639.113 10.1292 25.5
7 640.564 11.5805 26
8 642.007 1.43e-07 26
8 643.45 1.44326 26
8 644.901 2.89412 26
8 646.345 4.33802 26
8 647.789 5.7822 26
9 649.241 6.8e-08 26
9 650.684 1.44287 26
9 652.126 2.88524 26.5
10 653.599 1.15e-07 26.5
10 655.042 1.44292 27
11 656.486 1.01e-07 27
12 657.937 7.7e-08 27.5
13 659.38 5.9e-08 27.5
14 660.833 6.4e-08 27.5
15 662.283 6.6e-08 27.5
16 663.726 6.4e-08 27.5
17 665.169 6.1e-08 27.5
18 666.62 4.5e-08 27.5
19 668.063 6.7e-08 27.5
20 669.507 6.7e-08 27.5
21 670.964 9e-08 27.5
22 672.422 6.8e-08 27.5
23 673.873 6.2e-08 27.5
24 675.316 1.19e-07 28
25 676.759 6.2e-08 26
26 679.011 1.47e-07 27.5
27 683.052 1.19e-07 26
