0 3.43034 9.3e-08 20.5
0 6.31909 2.88875 20.5
0 7.76155 4.33121 20.5
0 9.21959 5.78925 20.5
1 10.6619 1.18e-07 20.5
1 12.1043 1.44239 20.5
1 13.5534 2.89144 20.5
1 14.992 4.3301 20.5
2 16.4348 1.16e-07 20.5
2 17.8852 1.45047 20.5
2 19.3612 2.92642 20.5
2 20.8326 4.39788 20.5
2 22.2796 5.84484 20.5
3 23.7234 1.25e-07 20.5
3 25.1812 1.4578 20.5
3 26.6348 2.91146 20.5
3 28.1004 4.37703 20.5
3 29.5581 5.83471 20.5
4 31.0071 1.17e-07 20.5
4 32.4626 1.4555 20.5
4 33.905 2.89787 20.5
4 35.3602 4.35311 20.5
4 36.8206 5.8135 20.5
4 38.2801 7.27304 20.5
5 39.7483 1.15e-07 20.5
5 41.1923 1.444 20.5
5 42.6443 2.89593 20.5
5 44.0878 4.33951 20.5
5 45.5309 5.78257 20.5
5 46.9876 7.23928 20.5
5 48.4406 8.6923 20.5
6 49.8826 1.44e-07 20.5
6 51.349 1.46643 20.5
6 52.8014 2.91889 20.5
6 54.2732 4.39062 20.5
6 55.7321 5.84959 20.5
7 57.1818 1.21e-07 20.5
7 58.632 1.4502 20.5
7 60.0733 2.89155 20.5
8 61.5291 1.97e-07 20.5
8 62.9721 1.44301 21
9 64.4319 8e-08 21
10 65.8838 8.2e-08 21
10 67.3273 1.44353 21
11 68.7699 8e-08 21
12 70.2419 1.43e-07 21
13 71.6859 6.2e-08 21
13 73.1538 1.46784 21
14 74.5975 1.36e-07 21
15 76.0406 5.9e-08 21
16 77.4912 9.7e-08 21
16 78.9376 1.44644 21
17 80.3812 1.31e-07 21
18 81.8489 1.02e-07 21
19 83.2917 7.1e-08 21
20 84.7434 1.03e-07 21
20 86.1862 1.44278 21
21 87.6285 9.4e-08 21
22 89.1003 4.4e-08 21
23 90.5437 8.4e-08 21
24 92.0872 1.2e-07 21
24 93.5253 1.43813 21
25 94.9746 1.01e-07 21
26 96.6159 1.22e-07 21
26 98.0578 1.44181 20.5
27 99.6067 1.06e-07 21
27 101.048 1.44127 20.5
28 103.794 1.06e-07 21
28 105.246 1.45158 20.5
29 110.386 1.08e-07 21
29 111.837 1.45089 20.5
