0 6.73609 9.8e-08 23.5
0 9.62241 2.88631 23.5
0 11.0788 4.34274 23.5
0 12.5239 5.78782 23.5
0 13.9659 7.22982 23.5
0 15.4178 8.68168 23.5
0 16.8629 10.1268 23.5
0 18.3059 11.5698 23.5
0 19.7578 13.0217 23.5
0 21.202 14.4659 23.5
0 22.6477 15.9116 23.5
0 24.105 17.3689 23.5
0 25.5489 18.8128 23.5
0 27.002 20.2659 23.5
0 28.4452 21.7091 23.5
0 29.8888 23.1527 23.5
0 31.3409 24.6048 23.5
0 32.7858 26.0497 23.5
0 34.2298 27.4937 23.5
0 35.688 28.9519 23.5
0 37.1309 30.3948 23.5
0 38.5748 31.8387 23.5
0 40.0267 33.2907 23.5
0 41.4712 34.7351 23.5
0 42.914 36.1779 23.5
0 44.3703 37.6342 23.5
0 45.8092 39.0731 23.5
1 47.2528 1.03e-07 23.5
1 48.7102 1.45748 23.5
1 50.1545 2.90174 23.5
1 51.6058 4.35305 23.5
1 53.0499 5.79712 23.5
1 54.4939 7.24117 23.5
1 55.9453 8.69249 23.5
1 57.3896 10.1369 23.5
1 58.8331 11.5803 23.5
1 60.2904 13.0377 23.5
1 61.7341 14.4813 23.5
1 63.1777 15.9249 23.5
1 64.6294 17.3766 23.5
1 66.0733 18.8206 23.5
1 67.5168 20.264 23.5
1 68.9691 21.7163 23.5
1 70.4132 23.1605 23.5
1 71.8571 24.6043 23.5
1 73.3151 26.0623 23.5
1 74.7595 27.5067 23.5
1 76.2115 28.9587 23.5
1 77.6557 30.403 23.5
1 79.0991 31.8463 23.5
1 80.5512 33.2985 23.5
1 81.9947 34.742 23.5
1 83.4388 36.186 23.5
1 84.8965 37.6437 23.5
2 86.3397 1.04e-07 23.5
2 87.7839 1.44425 23.5
2 89.2358 2.89609 23.5
2 90.6797 4.34003 23.5
2 92.1238 5.7841 23.5
2 93.5796 7.2399 23.5
2 95.0194 8.67967 23.5
2 96.4631 10.1234 23.5
2 97.9257 11.586 23.5
2 99.3657 13.026 23.5
2 100.818 14.4779 23.5
2 102.261 15.9216 23.5
2 103.705 17.3653 23.5
2 105.156 18.8167 23.5
2 106.6 20.2605 23.5
2 108.044 21.7042 23.5
2 109.501 23.1617 23.5
2 110.945 24.6053 23.5
2 112.389 26.0492 23.5
2 113.841 27.501 23.5
2 115.284 28.9448 23.5
2 116.729 30.3889 23.5
2 118.18 31.8403 23.5
2 119.624 33.2846 23.5
2 121.068 34.7284 23.5
2 122.526 36.1865 23.5
2 123.975 37.635 23.5
3 125.422 7.7e-08 23.5
3 126.866 1.44385 23.5
3 128.31 2.88837 23.5
3 129.766 4.34404 23.5
3 131.206 5.78387 23.5
3 132.649 7.22742 23.5
3 134.107 8.68513 23.5
3 135.551 10.1289 23.5
3 136.995 11.573 23.5
3 138.448 13.0256 23.5
3 139.892 14.4697 23.5
3 141.335 15.9132 23.5
3 142.791 17.3691 23.5
3 144.231 18.8086 23.5
3 145.674 20.2523 23.5
3 147.132 21.7098 23.5
3 148.576 23.1534 23.5
3 150.027 24.6051 23.5
3 151.471 26.0494 23.5
3 152.915 27.4931 23.5
3 154.367 28.9446 23.5
3 155.815 30.3934 23.5
3 157.255 31.8327 23.5
3 158.712 33.2902 23.5
3 160.155 34.7331 23.5
3 161.598 36.1761 23.5
3 163.05 37.6278 23.5
3 164.494 39.0716 23.5
4 165.937 6.9e-08 23.5
4 167.389 1.45168 23.5
4 168.832 2.89539 23.5
4 170.276 4.33874 23.5
4 171.733 5.79629 23.5
4 173.177 7.23977 23.5
4 174.628 8.69144 23.5
4 176.072 10.1348 23.5
4 177.515 11.5782 23.5
4 178.966 13.0291 23.5
4 180.408 14.4712 23.5
4 181.855 15.9181 23.5
4 183.303 17.3658 23.5
4 184.746 18.8092 23.5
4 186.189 20.2525 23.5
4 187.647 21.7099 23.5
4 189.09 23.1535 23.5
4 190.534 24.5974 23.5
4 191.986 26.0493 23.5
4 193.43 27.4934 23.5
4 194.874 28.9375 23.5
4 196.326 30.3894 23.5
4 197.771 31.8341 23.5
4 199.215 33.2782 23.5
4 200.672 34.7355 23.5
4 202.117 36.1797 23.5
4 203.569 37.632 23.5
4 205.013 39.0764 23.5
4 206.458 40.5206 23.5
4 207.909 41.9722 23.5
5 209.353 1.15e-07 23.5
5 210.797 1.44412 23.5
5 212.254 2.90137 23.5
5 213.698 4.34498 23.5
5 215.142 5.78916 23.5
5 216.594 7.24096 23.5
5 218.038 8.68492 23.5
5 219.482 10.1292 23.5
5 220.938 11.5854 23.5
5 222.378 13.0249 23.5
5 223.821 14.4681 23.5
5 225.279 15.9263 23.5
5 226.723 17.3706 23.5
5 228.175 18.8223 23.5
5 229.619 20.2658 23.5
5 231.063 21.7103 23.5
5 232.514 23.1612 23.5
5 233.958 24.6057 23.5
5 235.403 26.05 23.5
5 236.86 27.5072 23.5
5 238.304 28.9512 23.5
5 239.752 30.3992 23.5
5 241.2 31.8472 23.5
5 242.644 33.291 23.5
5 244.088 34.7351 23.5
5 245.539 36.1867 23.5
5 246.988 37.6355 23.5
5 248.427 39.0743 23.5
5 249.885 40.5318 23.5
5 251.329 41.9761 23.5
6 252.785 1.21e-07 23.5
6 254.225 1.44002 23.5
6 255.669 2.88396 23.5
6 257.121 4.33598 23.5
6 258.565 5.78041 23.5
6 260.009 7.22435 23.5
6 261.467 8.68207 23.5
6 262.91 10.1254 23.5
6 264.354 11.569 23.5
6 265.81 13.025 23.5
6 267.25 14.4645 23.5
6 268.698 15.9129 23.5
6 270.145 17.36 23.5
6 271.593 18.8076 23.5
6 273.033 20.2476 23.5
6 274.491 21.7055 23.5
7 275.935 8.6e-08 23.5
7 277.387 1.45212 23.5
7 278.83 2.89481 23.5
7 280.274 4.33887 23.5
7 281.725 5.79071 23.5
7 283.17 7.23488 23.5
7 284.614 8.67912 23.5
7 286.072 10.1368 23.5
7 287.516 11.5809 24
8 288.959 9.1e-08 24
8 290.416 1.45705 24
8 291.856 2.89675 24
8 293.3 4.34105 24
8 294.753 5.79345 24
9 296.195 9.9e-08 24
9 297.639 1.44358 24
9 299.096 2.9008 24
10 300.54 7.2e-08 24.5
10 301.991 1.45127 24.5
10 303.435 2.8952 24.5
11 304.878 6.5e-08 24.5
11 306.33 1.45126 24.5
12 307.773 7.2e-08 24.5
13 309.216 7.7e-08 25
13 310.674 1.45767 25
14 312.116 6.6e-08 25
15 313.56 6.1e-08 25
15 315.011 1.45094 25
16 316.453 8.6e-08 25
17 317.895 6.4e-08 25
17 319.346 1.451 25
18 320.789 7.2e-08 25
19 322.232 7.4e-08 25
20 323.684 7.2e-08 25
20 325.127 1.44348 25
21 326.571 1.71e-07 25
22 328.028 4.3e-08 25
22 329.473 1.44504 25
23 330.924 7.5e-08 24.5
24 332.367 6.5e-08 25
24 333.81 1.44297 25
25 335.261 7.5e-08 25
25 336.703 1.44194 24
26 338.145 7.3e-08 25
26 339.596 1.45104 24
27 342.14 1.24e-07 25
27 343.589 1.44879 24
28 348.13 1.63e-07 25
28 349.573 1.44363 24
29 358.531 1.2e-07 25
29 359.976 1.4452 24
