        type trial_config ert_flop   unroll  buffers        nsize       trials       microsecs        bytes        flops         GB/s         GF/s
 signed_char    coalesced        2       64        2          128     16777216     6234840.588   4294967296   4294967296        0.689        0.689
 signed_char    coalesced        2       64        2          256     16777216     6546481.757   8589934592   8589934592        1.312        1.312
 signed_char    coalesced        2       64        2          512     16777216     6891051.594  17179869184  17179869184        2.493        2.493
 signed_char    coalesced        2       64        2         1024      8388608     3931266.437  17179869184  17179869184        4.370        4.370
 signed_char    coalesced        2       64        2         2048      4194304     2361913.322  17179869184  17179869184        7.274        7.274
 signed_char    coalesced        2       64        2         4096      2097152     1363995.532  17179869184  17179869184       12.595       12.595
 signed_char    coalesced        2       64        2         8192      1048576      909384.083  17179869184  17179869184       18.892       18.892
 signed_char    coalesced        2       64        2        16384       524288      682006.776  17179869184  17179869184       25.190       25.190
 signed_char    coalesced        2       64        2        32768       262144      591670.891  17179869184  17179869184       29.036       29.036
 signed_char    coalesced        2       64        2        65536       131072      578653.430  17179869184  17179869184       29.689       29.689
 signed_char    coalesced        2       64        2       131072        65536      572854.084  17179869184  17179869184       29.990       29.990
 signed_char    coalesced        2       64        2       262144        32768      568743.889  17179869184  17179869184       30.207       30.207
 signed_char    coalesced        2       64        2       524288        16384      566305.227  17179869184  17179869184       30.337       30.337
 signed_char    coalesced        2       64        2      1048576         8192      564981.721  17179869184  17179869184       30.408       30.408
 signed_char    coalesced        2       64        2      2097152         4096      564207.647  17179869184  17179869184       30.450       30.450
 signed_char    coalesced        2       64        2      4194304         2048      563913.878  17179869184  17179869184       30.465       30.465
 signed_char    coalesced        2       64        2      8388608         1024      563710.028  17179869184  17179869184       30.476       30.476
 signed_char    coalesced        2       64        2     16777216          512      563616.939  17179869184  17179869184       30.481       30.481
 signed_char    coalesced        2       64        2     33554432          256      563576.087  17179869184  17179869184       30.484       30.484
 signed_char    coalesced        2       64        2     67108864          128      563562.321  17179869184  17179869184       30.484       30.484
 signed_char    coalesced        2       64        2    134217728           64      563575.301  17179869184  17179869184       30.484       30.484
 signed_char    coalesced        2       64        2    268435456           32      563584.560  17179869184  17179869184       30.483       30.483
 signed_char    coalesced        2       64        2    536870912           16      563568.333  17179869184  17179869184       30.484       30.484
 signed_char    coalesced        2       64        2   1073741824            8      563559.912  17179869184  17179869184       30.485       30.485
 signed_char    coalesced        2       64        2   2147483648            4      563602.558  17179869184  17179869184       30.482       30.482
 signed_char    coalesced        2       64        2   4294967296            2      563538.460  17179869184  17179869184       30.486       30.486
 signed_char    coalesced        2       64        2   8588886016            1      563513.166  17177772032  17177772032       30.483       30.483
