        type trial_config ert_flop   unroll  buffers        nsize       trials       microsecs        bytes        flops         GB/s         GF/s
       float    coalesced        8       16        1           64     16777216     6891080.501   2147483648   2147483648        0.312        0.312
       float    coalesced        8       16        1          128     16777216     6891007.686   4294967296   4294967296        0.623        0.623
       float    coalesced        8       16        1          256     16777216     7273899.037   8589934592   8589934592        1.181        1.181
       float    coalesced        8       16        1          512      8388608     4071653.397   8589934592   8589934592        2.110        2.110
       float    coalesced        8       16        1         1024      4194304     2182260.656   8589934592   8589934592        3.936        3.936
       float    coalesced        8       16        1         2048      2097152     1259013.322   8589934592   8589934592        6.823        6.823
       float    coalesced        8       16        1         4096      1048576      744007.471   8589934592   8589934592       11.545       11.545
       float    coalesced        8       16        1         8192       524288      481416.614   8589934592   8589934592       17.843       17.843
       float    coalesced        8       16        1        16384       262144      409209.698   8589934592   8589934592       20.992       20.992
       float    coalesced        8       16        1        32768       131072      355448.969   8589934592   8589934592       24.166       24.166
       float    coalesced        8       16        1        65536        65536      348666.962   8589934592   8589934592       24.637       24.637
       float    coalesced        8       16        1       131072        32768      345477.229   8589934592   8589934592       24.864       24.864
       float    coalesced        8       16        1       262144        16384      343769.257   8589934592   8589934592       24.988       24.988
       float    coalesced        8       16        1       524288         8192      342730.228   8589934592   8589934592       25.063       25.063
       float    coalesced        8       16        1      1048576         4096      342294.515   8589934592   8589934592       25.095       25.095
       float    coalesced        8       16        1      2097152         2048      341716.345   8589934592   8589934592       25.138       25.138
       float    coalesced        8       16        1      4194304         1024      341455.288   8589934592   8589934592       25.157       25.157
       float    coalesced        8       16        1      8388608          512      341294.197   8589934592   8589934592       25.169       25.169
       float    coalesced        8       16        1     16777216          256      341140.396   8589934592   8589934592       25.180       25.180
       float    coalesced        8       16        1     33554432          128      341106.047   8589934592   8589934592       25.183       25.183
       float    coalesced        8       16        1     67108864           64      341050.941   8589934592   8589934592       25.187       25.187
       float    coalesced        8       16        1    134217728           32      341137.217   8589934592   8589934592       25.180       25.180
       float    coalesced        8       16        1    268435456           16      341105.852   8589934592   8589934592       25.183       25.183
       float    coalesced        8       16        1    536870912            8      341093.342   8589934592   8589934592       25.184       25.184
       float    coalesced        8       16        1   1073741824            4      341095.233   8589934592   8589934592       25.183       25.183
       float    coalesced        8       16        1   2147483648            2      341085.255   8589934592   8589934592       25.184       25.184
       float    coalesced        8       16        1   4293918720            1      341005.773   8587837440   8587837440       25.184       25.184
