0 3.3758 7.6e-08 27.5
0 6.26429 2.88849 27.5
0 7.70858 4.33278 27.5
0 9.16016 5.78436 27.5
0 10.6045 7.2287 27.5
0 12.048 8.67221 27.5
0 13.5027 10.1269 27.5
0 14.9471 11.5713 27.5
0 16.3886 13.0128 27.5
0 17.8403 14.4645 27.5
0 19.2847 15.9089 27.5
0 20.7308 17.355 27.5
0 22.1955 18.8197 27.5
0 23.6438 20.268 27.5
0 25.1158 21.74 27.5
0 26.568 23.1922 27.5
0 28.0167 24.6409 27.5
0 29.4842 26.1084 27.5
0 30.9427 27.5669 27.5
0 32.3992 29.0234 27.5
0 33.8513 30.4755 27.5
0 35.3101 31.9343 27.5
0 36.7773 33.4015 27.5
0 38.2268 34.851 27.5
0 39.6758 36.3 27.5
0 41.1444 37.7686 27.5
0 42.5986 39.2228 27.5
0 44.0661 40.6903 27.5
0 45.5257 42.1499 27.5
0 46.9837 43.6079 27.5
0 48.4309 45.0551 27.5
0 49.8959 46.5201 27.5
0 51.3481 47.9723 27.5
0 52.8023 49.4265 27.5
0 54.2456 50.8698 27.5
0 55.7188 52.343 27.5
0 57.1623 53.7865 27.5
0 58.6067 55.2309 27.5
0 60.0689 56.6931 27.5
0 61.5125 58.1367 27.5
0 62.9674 59.5916 27.5
0 64.418 61.0422 27.5
0 65.8625 62.4867 27.5
0 67.3118 63.936 27.5
0 68.7692 65.3934 27.5
0 70.2066 66.8308 27.5
0 71.6609 68.2851 27.5
0 73.1126 69.7368 27.5
0 74.5571 71.1813 27.5
0 75.9998 72.624 27.5
0 77.4617 74.0859 27.5
0 78.9061 75.5303 27.5
0 80.3571 76.9813 27.5
0 81.8114 78.4356 27.5
0 83.2548 79.8789 27.5
0 84.7055 81.3297 27.5
0 86.1491 82.7733 27.5
0 87.5926 84.2168 27.5
0 89.0604 85.6846 27.5
0 90.5039 87.1281 27.5
0 91.9412 88.5654 27.5
0 93.4143 90.0385 27.5
0 94.8566 91.4808 27.5
0 96.2985 92.9227 27.5
0 97.7557 94.3799 27.5
0 99.1992 95.8234 27.5
0 100.643 97.2671 27.5
0 102.093 98.7174 27.5
0 103.537 100.161 27.5
0 104.991 101.615 27.5
0 106.441 103.065 27.5
0 107.884 104.508 27.5
0 109.331 105.955 27.5
0 110.782 107.406 27.5
0 112.225 108.849 27.5
0 113.667 110.291 27.5
0 115.118 111.742 27.5
0 116.57 113.194 27.5
0 118.013 114.637 27.5
0 119.463 116.087 27.5
0 120.923 117.548 27.5
0 122.367 118.991 27.5
0 123.818 120.442 27.5
0 125.261 121.885 27.5
0 126.697 123.321 27.5
0 128.17 124.794 27.5
0 129.613 126.237 27.5
0 131.064 127.688 27.5
0 132.512 129.136 27.5
0 133.956 130.58 27.5
0 135.407 132.032 27.5
0 136.851 133.475 27.5
0 138.294 134.919 27.5
0 139.762 136.387 27.5
0 141.201 137.825 27.5
0 142.643 139.268 27.5
0 144.111 140.736 27.5
0 145.555 142.179 27.5
0 146.999 143.623 27.5
0 148.451 145.075 27.5
0 149.895 146.519 27.5
0 151.353 147.977 27.5
0 152.805 149.429 27.5
0 154.249 150.873 27.5
0 155.697 152.322 27.5
1 157.148 8.9e-08 27.5
1 158.591 1.44282 27.5
1 160.034 2.88528 27.5
1 161.485 4.33695 27.5
1 162.928 5.78003 27.5
1 164.371 7.22298 27.5
1 165.823 8.67466 27.5
1 167.272 10.1237 27.5
1 168.717 11.5682 27.5
1 170.168 13.0191 27.5
1 171.611 14.4628 27.5
1 173.054 15.9052 27.5
1 174.521 17.3725 27.5
1 175.965 18.8168 27.5
1 177.402 20.254 27.5
1 178.86 21.712 27.5
1 180.305 23.1563 27.5
1 181.771 24.6229 27.5
1 183.215 26.0664 27.5
1 184.658 27.5095 27.5
1 186.115 28.9669 27.5
1 187.56 30.4113 27.5
1 189.004 31.8556 27.5
1 190.455 33.3066 27.5
1 191.9 34.7511 27.5
1 193.353 36.2046 27.5
1 194.811 37.6622 27.5
1 196.255 39.1065 27.5
1 197.708 40.56 27.5
1 199.16 42.0116 27.5
1 200.603 43.4544 27.5
1 202.061 44.9127 27.5
1 203.513 46.3645 27.5
1 204.957 47.8086 27.5
1 206.4 49.252 27.5
1 207.851 50.7028 27.5
1 209.3 52.1519 27.5
1 210.744 53.5954 27.5
1 212.194 55.0454 27.5
1 213.658 56.5096 27.5
1 215.109 57.9606 27.5
1 216.552 59.4033 27.5
1 217.995 60.847 27.5
1 219.447 62.2987 27.5
1 220.9 63.7518 27.5
1 222.344 65.1953 27.5
1 223.796 66.6477 27.5
1 225.25 68.1018 27.5
1 226.694 69.5459 27.5
1 228.146 70.9977 27.5
1 229.588 72.44 27.5
1 231.031 73.883 27.5
1 232.497 75.3482 27.5
1 233.94 76.7912 27.5
1 235.378 78.2291 27.5
1 236.85 79.7014 27.5
1 238.293 81.1447 27.5
1 239.736 82.5876 27.5
1 241.187 84.0388 27.5
1 242.632 85.4833 27.5
1 244.075 86.9268 27.5
1 245.526 88.3776 27.5
1 246.97 89.8217 27.5
1 248.423 91.275 27.5
1 249.876 92.7271 27.5
1 251.32 94.1714 27.5
1 252.763 95.615 27.5
1 254.215 97.0665 27.5
1 255.676 98.5271 27.5
1 257.12 99.9711 27.5
1 258.571 101.423 27.5
1 260.015 102.867 27.5
1 261.459 104.31 27.5
1 262.926 105.777 27.5
1 264.369 107.22 27.5
1 265.821 108.673 27.5
1 267.27 110.122 27.5
1 268.714 111.566 27.5
1 270.165 113.017 27.5
1 271.609 114.46 27.5
1 273.053 115.905 27.5
1 274.526 117.378 27.5
1 275.97 118.822 27.5
1 277.414 120.266 27.5
1 278.871 121.723 27.5
1 280.314 123.166 27.5
1 281.759 124.61 27.5
1 283.22 126.072 27.5
1 284.664 127.515 27.5
1 286.108 128.96 27.5
1 287.56 130.412 27.5
1 289.004 131.856 27.5
1 290.454 133.305 27.5
1 291.911 134.762 27.5
1 293.355 136.207 27.5
1 294.792 137.644 27.5
1 296.25 139.102 27.5
1 297.71 140.561 27.5
1 299.162 142.014 27.5
1 300.605 143.457 27.5
1 302.055 144.906 27.5
1 303.506 146.358 27.5
1 304.95 147.802 27.5
1 306.394 149.246 27.5
1 307.846 150.697 27.5
2 309.289 1.02e-07 27.5
2 310.734 1.44418 27.5
2 312.185 2.89567 27.5
2 313.628 4.33896 27.5
2 315.073 5.78322 27.5
2 316.545 7.25565 27.5
2 317.989 8.69988 27.5
2 319.433 10.1433 27.5
2 320.891 11.6011 27.5
2 322.335 13.045 27.5
2 323.778 14.489 27.5
2 325.23 15.9404 27.5
2 326.673 17.3832 27.5
2 328.117 18.8273 27.5
2 329.568 20.2784 27.5
2 331.025 21.7358 27.5
2 332.465 23.1756 27.5
2 333.916 24.6268 27.5
2 335.381 26.0916 27.5
2 336.833 27.5439 27.5
2 338.277 28.9879 27.5
2 339.731 30.442 27.5
2 341.183 31.8936 27.5
2 342.627 33.3375 27.5
2 344.07 34.7807 27.5
2 345.522 36.2326 27.5
2 346.982 37.6926 27.5
2 348.419 39.1299 27.5
2 349.878 40.5881 27.5
2 351.332 42.0425 27.5
2 352.776 43.4864 27.5
2 354.228 44.9387 27.5
2 355.683 46.3936 27.5
2 357.126 47.8368 27.5
2 358.578 49.2884 27.5
2 360.022 50.7327 27.5
2 361.465 52.1758 27.5
2 362.933 53.6438 27.5
2 364.377 55.0874 27.5
2 365.814 56.525 27.5
2 367.272 57.9823 27.5
2 368.716 59.4262 27.5
2 370.183 60.8934 27.5
2 371.627 62.3372 27.5
2 373.072 63.7822 27.5
2 374.539 65.2493 27.5
2 375.983 66.6935 27.5
2 377.42 68.131 27.5
2 378.879 69.5894 27.5
2 380.323 71.0337 27.5
2 381.782 72.4927 27.5
2 383.234 73.9443 27.5
2 384.677 75.3873 27.5
2 386.128 76.8383 27.5
2 387.578 78.2887 27.5
2 389.022 79.7326 27.5
2 390.465 81.1757 27.5
2 391.918 82.6281 27.5
2 393.378 84.0885 27.5
2 394.816 85.5262 27.5
2 396.274 86.9847 27.5
2 397.729 88.4395 27.5
2 399.18 89.8901 27.5
2 400.624 91.3344 27.5
2 402.068 92.7789 27.5
2 403.521 94.2314 27.5
2 404.975 95.6853 27.5
2 406.419 97.1293 27.5
2 407.877 98.5875 27.5
2 409.33 100.04 27.5
2 410.775 101.485 27.5
2 412.227 102.937 27.5
2 413.671 104.381 27.5
2 415.115 105.825 27.5
2 416.567 107.278 27.5
2 418.012 108.722 27.5
2 419.455 110.166 27.5
2 420.912 111.622 27.5
2 422.356 113.067 27.5
2 423.8 114.511 27.5
2 425.252 115.963 27.5
2 426.696 117.406 27.5
2 428.145 118.855 27.5
2 429.596 120.306 27.5
2 431.04 121.751 27.5
2 432.484 123.194 27.5
2 433.936 124.646 27.5
2 435.396 126.106 27.5
2 436.848 127.559 27.5
2 438.293 129.003 27.5
2 439.736 130.447 27.5
2 441.189 131.899 27.5
2 442.644 133.354 27.5
2 444.088 134.798 27.5
2 445.54 136.25 27.5
2 447 137.711 27.5
2 448.444 139.155 27.5
2 449.895 140.606 27.5
2 451.34 142.05 27.5
2 452.783 143.493 27.5
2 454.248 144.959 27.5
2 455.692 146.402 27.5
2 457.136 147.846 27.5
2 458.593 149.304 27.5
2 460.038 150.748 27.5
2 461.481 152.191 27.5
3 462.932 9.8e-08 27.5
3 464.377 1.4442 27.5
3 465.82 2.88804 27.5
3 467.272 4.33967 27.5
3 468.717 5.7842 27.5
3 470.16 7.22783 27.5
3 471.611 8.67905 27.5
3 473.077 10.145 27.5
3 474.529 11.5969 27.5
3 475.974 13.0415 27.5
3 477.417 14.4848 27.5
3 478.869 15.9362 27.5
3 480.318 17.3856 27.5
3 481.762 18.8297 27.5
3 483.215 20.2821 27.5
3 484.668 21.7356 27.5
3 486.112 23.1795 27.5
3 487.57 24.6375 27.5
3 489.007 26.075 27.5
3 490.451 27.5182 27.5
3 491.919 28.9865 27.5
3 493.363 30.4307 27.5
3 494.807 31.8744 27.5
3 496.27 33.3371 27.5
3 497.714 34.7816 27.5
3 499.158 36.2254 27.5
3 500.61 37.6774 27.5
3 502.054 39.1218 27.5
3 503.498 40.5653 27.5
3 504.949 42.0165 27.5
3 506.394 43.4612 27.5
3 507.837 44.9049 27.5
3 509.288 46.3559 27.5
3 510.732 47.7999 27.5
3 512.176 49.2432 27.5
3 513.627 50.6946 27.5
3 515.087 52.1549 27.5
3 516.531 53.5988 27.5
3 517.983 55.0509 27.5
3 519.443 56.5107 27.5
3 520.894 57.962 27.5
3 522.339 59.4067 27.5
3 523.784 60.8511 27.5
3 525.235 62.3025 27.5
3 526.694 63.7616 27.5
3 528.137 65.2049 27.5
3 529.589 66.6563 27.5
3 531.048 68.1159 27.5
3 532.492 69.5591 27.5
3 533.943 71.0111 27.5
3 535.386 72.4541 27.5
3 536.83 73.8979 27.5
3 538.288 75.3556 27.5
3 539.732 76.7999 27.5
3 541.177 78.2441 27.5
3 542.627 79.6947 27.5
3 544.071 81.1383 27.5
3 545.515 82.5824 27.5
3 546.966 84.0337 27.5
3 548.41 85.4779 27.5
3 549.86 86.9272 27.5
3 551.318 88.3851 27.5
3 552.755 89.8223 27.5
3 554.198 91.2658 27.5
3 555.657 92.7244 27.5
3 557.115 94.1826 27.5
3 558.567 95.6342 27.5
3 560.01 97.0776 27.5
3 561.459 98.5269 27.5
3 562.911 99.9789 27.5
3 564.356 101.423 27.5
3 565.8 102.867 27.5
3 567.252 104.32 27.5
3 568.717 105.784 27.5
3 570.161 107.229 27.5
3 571.614 108.681 27.5
3 573.067 110.134 27.5
3 574.511 111.579 27.5
3 575.963 113.03 27.5
3 577.406 114.473 27.5
3 578.85 115.918 27.5
3 580.318 117.386 27.5
3 581.756 118.824 27.5
3 583.2 120.267 27.5
3 584.668 121.736 27.5
3 586.112 123.179 27.5
3 587.564 124.632 27.5
3 589.008 126.076 27.5
3 590.45 127.518 27.5
3 591.912 128.98 27.5
3 593.356 130.424 27.5
3 594.8 131.868 27.5
3 596.269 133.337 27.5
3 597.713 134.78 27.5
3 599.15 136.218 27.5
3 600.608 137.676 27.5
3 602.053 139.12 27.5
3 603.511 140.579 27.5
3 604.962 142.03 27.5
3 606.407 143.474 27.5
3 607.856 144.924 27.5
3 609.309 146.376 27.5
3 610.753 147.821 27.5
3 612.197 149.264 27.5
3 613.648 150.716 27.5
3 615.108 152.175 27.5
4 616.545 9.8e-08 27.5
4 618.003 1.45806 27.5
4 619.457 2.91183 27.5
4 620.909 4.36377 27.5
4 622.353 5.80767 27.5
4 623.796 7.25066 27.5
4 625.247 8.70222 27.5
4 626.692 10.1471 27.5
4 628.137 11.5916 27.5
4 629.588 13.0429 27.5
4 631.032 14.4872 27.5
4 632.476 15.9314 27.5
4 633.933 17.3876 27.5
4 635.376 18.8312 27.5
4 636.82 20.2747 27.5
4 638.277 21.7325 27.5
4 639.721 23.1764 27.5
4 641.164 24.6193 27.5
4 642.615 26.0702 27.5
4 644.059 27.5139 27.5
4 645.511 28.9662 27.5
4 646.968 30.4235 27.5
4 648.405 31.8603 27.5
4 649.849 33.3036 27.5
4 651.306 34.7606 27.5
4 652.758 36.2131 27.5
4 654.202 37.6566 27.5
4 655.653 39.1081 27.5
4 657.112 40.5667 27.5
4 658.555 42.01 27.5
4 660.007 43.4623 27.5
4 661.451 44.9065 27.5
4 662.895 46.3499 27.5
4 664.346 47.8014 27.5
4 665.791 49.2458 27.5
4 667.235 50.6898 27.5
4 668.708 52.1632 27.5
4 670.151 53.6064 27.5
4 671.603 55.0585 27.5
4 673.047 56.502 27.5
4 674.49 57.9453 27.5
4 675.953 59.4079 27.5
4 677.395 60.8504 27.5
4 678.839 62.2938 27.5
4 680.291 63.7464 27.5
4 681.735 65.1896 27.5
4 683.188 66.6429 27.5
4 684.646 68.1013 27.5
4 686.084 69.539 27.5
4 687.543 70.9984 27.5
4 688.995 72.4502 27.5
4 690.438 73.8931 27.5
4 691.882 75.3371 27.5
4 693.334 76.789 27.5
4 694.789 78.2436 27.5
4 696.233 79.6876 27.5
4 697.685 81.1398 27.5
4 699.134 82.5886 27.5
4 700.578 84.0327 27.5
4 702.028 85.483 27.5
4 703.472 86.927 27.5
4 704.916 88.3712 27.5
4 706.367 89.8218 27.5
4 707.811 91.2657 27.5
4 709.255 92.7099 27.5
4 710.722 94.1769 27.5
4 712.166 95.6209 27.5
4 713.609 97.0642 27.5
4 715.06 98.5153 27.5
4 716.504 99.9591 27.5
4 717.966 101.421 27.5
4 719.409 102.864 27.5
4 720.853 104.308 27.5
4 722.305 105.76 27.5
4 723.748 107.203 27.5
4 725.197 108.652 27.5
4 726.649 110.104 27.5
4 728.093 111.548 27.5
4 729.536 112.991 27.5
4 730.987 114.442 27.5
4 732.452 115.907 27.5
4 733.895 117.35 27.5
4 735.348 118.803 27.5
4 736.801 120.256 27.5
4 738.245 121.7 27.5
4 739.698 123.153 27.5
4 741.142 124.597 27.5
4 742.585 126.04 27.5
4 744.058 127.513 27.5
4 745.501 128.956 27.5
4 746.954 130.409 27.5
4 748.408 131.863 27.5
4 749.851 133.306 27.5
4 751.303 134.758 27.5
4 752.747 136.202 27.5
4 754.19 137.645 27.5
4 755.663 139.118 27.5
4 757.107 140.562 27.5
4 758.551 142.006 27.5
4 760.012 143.467 27.5
4 761.456 144.911 27.5
4 762.9 146.355 27.5
4 764.362 147.817 27.5
4 765.806 149.261 27.5
4 767.25 150.705 27.5
4 768.702 152.157 27.5
4 770.145 153.6 27.5
4 771.594 155.049 27.5
5 773.051 1.1e-07 27.5
5 774.495 1.44381 27.5
5 775.939 2.88708 27.5
5 777.39 4.33863 27.5
5 778.834 5.78259 27.5
5 780.278 7.22638 27.5
5 781.729 8.67739 27.5
5 783.188 10.1366 27.5
5 784.64 11.5885 27.5
5 786.084 13.0327 27.5
5 787.527 14.476 27.5
5 788.978 15.927 27.5
5 790.438 17.387 27.5
5 791.876 18.8243 27.5
5 793.333 20.2817 27.5
5 794.777 21.7259 27.5
5 796.221 23.17 27.5
5 797.688 24.6363 27.5
5 799.131 26.0794 27.5
5 800.575 27.5231 27.5
5 802.032 28.9803 27.5
5 803.475 30.4241 27.5
5 804.919 31.8679 27.5
5 806.37 33.3186 27.5
5 807.814 34.7624 27.5
5 809.263 36.2118 27.5
5 810.721 37.6698 27.5
5 812.166 39.1141 27.5
5 813.627 40.5755 27.5
5 815.071 42.0191 27.5
5 816.514 43.463 27.5
5 817.967 44.9152 27.5
5 819.41 46.3585 27.5
5 820.864 47.8128 27.5
5 822.322 49.271 27.5
5 823.766 50.7149 27.5
5 825.219 52.1678 27.5
5 826.671 53.6192 27.5
5 828.114 55.0629 27.5
5 829.557 56.5058 27.5
5 831.009 57.9572 27.5
5 832.463 59.4115 27.5
5 833.906 60.8544 27.5
5 835.358 62.3062 27.5
5 836.818 63.7667 27.5
5 838.262 65.2103 27.5
5 839.713 66.6612 27.5
5 841.157 68.1053 27.5
5 842.601 69.5492 27.5
5 844.067 71.0157 27.5
5 845.51 72.4583 27.5
5 846.962 73.9103 27.5
5 848.411 75.3595 27.5
5 849.855 76.8031 27.5
6 851.312 1.13e-07 27.5
6 852.75 1.43741 27.5
6 854.193 2.88107 27.5
6 855.651 4.33876 27.5
6 857.088 5.77609 27.5
6 858.532 7.2195 27.5
6 859.989 8.67704 27.5
6 861.433 10.1207 27.5
6 862.891 11.579 27.5
6 864.342 13.0299 27.5
6 865.785 14.4732 27.5
6 867.229 15.9167 27.5
6 868.679 17.3672 27.5
6 870.128 18.8157 27.5
6 871.571 20.2594 27.5
6 873.024 21.7118 27.5
6 874.484 23.1718 27.5
6 875.921 24.6093 27.5
6 877.379 26.067 27.5
6 878.823 27.5113 27.5
6 880.267 28.9551 27.5
6 881.729 30.4172 27.5
6 883.173 31.861 27.5
6 884.625 33.3133 27.5
6 886.079 34.7667 27.5
6 887.522 36.2102 27.5
6 888.98 37.6678 27.5
6 890.418 39.1055 27.5
7 891.861 8e-08 27.5
7 893.329 1.46801 27.5
7 894.773 2.91209 27.5
7 896.216 4.35511 27.5
7 897.668 5.80685 27.5
7 899.112 7.25112 27.5
7 900.556 8.6954 27.5
7 902.008 10.1468 27.5
7 903.452 11.5912 27.5
7 904.901 13.0403 27.5
7 906.354 14.4926 27.5
7 907.798 15.9369 27.5
7 909.241 17.3799 27.5
7 910.692 18.8308 27.5
7 912.152 20.2908 27.5
8 913.589 6.6e-08 27.5
8 915.045 1.45677 27.5
8 916.489 2.90042 27.5
8 917.932 4.3438 27.5
8 919.383 5.79409 27.5
8 920.827 7.23826 27.5
8 922.27 8.68139 27.5
9 923.736 8.2e-08 27.5
9 925.179 1.44335 27.5
9 926.632 2.89568 27.5
9 928.076 4.34009 27.5
10 929.52 7.4e-08 27.5
10 930.987 1.46775 27.5
10 932.432 2.91208 28
11 933.875 7.2e-08 28
11 935.327 1.45173 28
12 936.771 6.6e-08 28.5
13 938.215 5.3e-08 28.5
14 939.667 6.1e-08 28.5
16 941.11 5.8e-08 28.5
17 942.553 6e-08 28.5
18 944.004 5.9e-08 28.5
19 945.462 9.9e-08 28.5
20 946.904 5.5e-08 28.5
22 948.356 7.6e-08 27.5
23 949.805 6.3e-08 28.5
24 951.248 6.5e-08 27.5
25 952.7 5.1e-08 28
26 954.844 1.23e-07 28.5
27 958.197 1.54e-07 27.5
28 963.943 1.5e-07 28.5
