        type trial_config ert_flop   unroll  buffers        nsize       trials       microsecs        bytes        flops         GB/s         GF/s
 signed_char    coalesced     2048        1        1            1     16777216   168335084.285     33554432  34359738368        0.000        0.204
 signed_char    coalesced     2048        1        1            2     16777216   168335006.835     67108864  68719476736        0.000        0.408
 signed_char    coalesced     2048        1        1            4     16777216   168335039.364    134217728 137438953472        0.001        0.816
 signed_char    coalesced     2048        1        1            8     16777216   168938392.846    268435456 274877906944        0.002        1.627
 signed_char    coalesced     2048        1        1           16     16777216   170205422.425    536870912 549755813888        0.003        3.230
 signed_char    coalesced     2048        1        1           32     16777216   174569661.302   1073741824 1099511627776        0.006        6.298
 signed_char    coalesced     2048        1        1           64     16777216   177391899.618   2147483648 2199023255552        0.012       12.396
 signed_char    coalesced     2048        1        1          128     16777216   180804292.616   4294967296 4398046511104        0.024       24.325
 signed_char    coalesced     2048        1        1          256     16777216   187852138.590   8589934592 8796093022208        0.046       46.825
 signed_char    coalesced     2048        1        1          512      8388608   100845555.553   8589934592 8796093022208        0.085       87.223
 signed_char    coalesced     2048        1        1         1024      4194304    57280804.192   8589934592 8796093022208        0.150      153.561
 signed_char    coalesced     2048        1        1         2048      2097152    35620057.777   8589934592 8796093022208        0.241      246.942
 signed_char    coalesced     2048        1        1         4096      1048576    24549030.783   8589934592 8796093022208        0.350      358.307
 signed_char    coalesced     2048        1        1         8192       524288    19230082.560   8589934592 8796093022208        0.447      457.413
 signed_char    coalesced     2048        1        1        16384       262144    16473717.443   8589934592 8796093022208        0.521      533.947
 signed_char    coalesced     2048        1        1        32768       131072    15107152.010   8589934592 8796093022208        0.569      582.247
 signed_char    coalesced     2048        1        1        65536        65536    14422631.332   8589934592 8796093022208        0.596      609.881
 signed_char    coalesced     2048        1        1       131072        32768    14064631.226   8589934592 8796093022208        0.611      625.405
 signed_char    coalesced     2048        1        1       262144        16384    13900200.222   8589934592 8796093022208        0.618      632.803
 signed_char    coalesced     2048        1        1       524288         8192    13817989.793   8589934592 8796093022208        0.622      636.568
 signed_char    coalesced     2048        1        1      1048576         4096    13776940.461   8589934592 8796093022208        0.624      638.465
 signed_char    coalesced     2048        1        1      2097152         2048    13756365.183   8589934592 8796093022208        0.624      639.420
 signed_char    coalesced     2048        1        1      4194304         1024    13746095.037   8589934592 8796093022208        0.625      639.898
 signed_char    coalesced     2048        1        1      8388608          512    13740999.653   8589934592 8796093022208        0.625      640.135
 signed_char    coalesced     2048        1        1     16777216          256    13738406.266   8589934592 8796093022208        0.625      640.256
 signed_char    coalesced     2048        1        1     33554432          128    13737116.292   8589934592 8796093022208        0.625      640.316
 signed_char    coalesced     2048        1        1     67108864           64    13736451.800   8589934592 8796093022208        0.625      640.347
 signed_char    coalesced     2048        1        1    134217728           32    13736171.997   8589934592 8796093022208        0.625      640.360
 signed_char    coalesced     2048        1        1    268435456           16    13735980.623   8589934592 8796093022208        0.625      640.369
 signed_char    coalesced     2048        1        1    536870912            8    13735912.791   8589934592 8796093022208        0.625      640.372
 signed_char    coalesced     2048        1        1   1073741824            4    13735801.123   8589934592 8796093022208        0.625      640.377
 signed_char    coalesced     2048        1        1   2147483648            2    13735881.372   8589934592 8796093022208        0.625      640.373
 signed_char    coalesced     2048        1        1   4293918720            1    13732443.173   8587837440 8793945538560        0.625      640.377
