0 6.94129 1.02e-07 20.5
0 9.83664 2.89534 20.5
0 11.2834 4.34208 20.5
0 12.7241 5.78285 20.5
1 14.1819 1.04e-07 20.5
1 15.6254 1.44357 20.5
1 17.0801 2.89826 20.5
1 18.5227 4.34087 20.5
2 19.9639 7.7e-08 20.5
2 21.4182 1.45428 20.5
2 22.8578 2.89395 20.5
2 24.3013 4.33747 20.5
2 25.7604 5.79648 21
3 27.2012 6.2e-08 21
3 28.6448 1.44358 21
3 30.0985 2.89726 21
3 31.5434 4.34219 21
3 32.9929 5.79168 21
4 34.4595 1.23e-07 21
4 35.9029 1.44339 21
4 37.3544 2.89491 21.5
5 38.7978 6.9e-08 21.5
5 40.2617 1.46396 22
6 41.7188 7.8e-08 22.5
7 43.1788 6.6e-08 23.5
9 44.6343 4.4e-08 23.5
11 46.0764 2.88e-07 23
13 47.5235 6e-08 23
14 48.992 7.3e-08 23
16 50.441 9.6e-08 23
18 51.884 4.4e-08 23.5
19 53.3408 8.4e-08 21
21 54.799 6.4e-08 23
22 56.2508 5.9e-08 23
23 57.7076 6.8e-08 23.5
24 59.1576 5.7e-08 21
25 61.7078 1.37e-07 21
26 66.4504 1.54e-07 21
27 75.3084 1.53e-07 21
