0 3.39066 9.4e-08 27.5
0 6.27341 2.88276 27.5
0 7.73155 4.34089 27.5
0 9.17486 5.78421 27.5
0 10.6125 7.22181 27.5
0 12.07 8.67936 27.5
0 13.5139 10.1232 27.5
0 14.955 11.5644 27.5
0 16.406 13.0153 27.5
0 17.8499 14.4593 27.5
0 19.2937 15.903 27.5
0 20.7608 17.3702 27.5
0 22.2083 18.8177 27.5
0 23.6814 20.2907 27.5
0 25.1358 21.7452 27.5
0 26.5796 23.189 27.5
0 28.0472 24.6566 27.5
0 29.5067 26.116 27.5
0 30.9642 27.5735 27.5
0 32.429 29.0383 27.5
0 33.8822 30.4915 27.5
0 35.3507 31.96 27.5
0 36.8043 33.4137 27.5
0 38.2665 34.8758 27.5
0 39.7161 36.3255 27.5
0 41.1814 37.7908 27.5
0 42.6381 39.2474 27.5
0 44.0913 40.7007 27.5
0 45.5407 42.15 27.5
0 47.0131 43.6224 27.5
0 48.457 45.0663 27.5
0 49.9251 46.5344 27.5
0 51.3622 47.9716 27.5
0 52.8265 49.4359 27.5
0 54.2917 50.901 27.5
0 55.7319 52.3412 27.5
0 57.1761 53.7854 27.5
0 58.6271 55.2364 27.5
0 60.0871 56.6965 27.5
0 61.5395 58.1489 27.5
0 62.9977 59.6071 27.5
0 64.4413 61.0506 27.5
0 65.8931 62.5024 27.5
0 67.3374 63.9468 27.5
0 68.7866 65.3959 27.5
0 70.2448 66.8542 27.5
0 71.6889 68.2983 27.5
0 73.1472 69.7566 27.5
0 74.598 71.2073 27.5
0 76.0416 72.651 27.5
0 77.4853 74.0946 27.5
0 78.9374 75.5467 27.5
0 80.3857 76.9951 27.5
0 81.8283 78.4376 27.5
0 83.28 79.8894 27.5
1 84.7244 1.05e-07 27.5
1 86.1675 1.4431 27.5
1 87.6191 2.89472 27.5
1 89.0636 4.3392 27.5
1 90.5067 5.78234 27.5
1 91.9581 7.23373 27.5
1 93.4019 8.67751 27.5
1 94.8513 10.1269 27.5
1 96.3096 11.5852 27.5
1 97.7534 13.029 27.5
1 99.1913 14.4669 27.5
1 100.649 15.9246 27.5
1 102.103 17.379 27.5
1 103.555 18.8309 27.5
1 104.999 20.2742 27.5
1 106.443 21.7186 27.5
1 107.895 23.1703 27.5
1 109.348 24.6235 27.5
1 110.792 26.0677 27.5
1 112.25 27.5254 27.5
1 113.703 28.9781 27.5
1 115.146 30.4219 27.5
1 116.599 31.8743 27.5
1 118.042 33.3176 27.5
1 119.486 34.7613 27.5
1 120.949 36.2242 27.5
1 122.392 37.6677 27.5
1 123.835 39.1106 27.5
1 125.303 40.5787 27.5
1 126.747 42.0224 27.5
1 128.184 43.4595 27.5
1 129.642 44.9175 27.5
1 131.086 46.3618 27.5
1 132.553 47.8282 27.5
1 133.996 49.2721 27.5
1 135.439 50.7151 27.5
1 136.908 52.1838 27.5
1 138.353 53.6281 27.5
1 139.79 55.0657 27.5
1 141.246 56.5215 27.5
1 142.69 57.9652 27.5
1 144.148 59.4237 27.5
1 145.599 60.8742 27.5
1 147.042 62.318 27.5
1 148.492 63.7673 27.5
1 149.944 65.2196 27.5
1 151.389 66.6641 27.5
1 152.832 68.1074 27.5
1 154.283 69.5585 27.5
1 155.748 71.0233 27.5
1 157.2 72.4756 27.5
1 158.644 73.9196 27.5
1 160.098 75.3739 27.5
1 161.55 76.8257 27.5
1 162.995 78.2702 27.5
1 164.438 79.7133 27.5
2 165.889 7.5e-08 27.5
2 167.333 1.44443 27.5
2 168.777 2.88871 27.5
2 170.229 4.33996 27.5
2 171.672 5.78336 27.5
2 173.116 7.22773 27.5
2 174.589 8.70049 27.5
2 176.033 10.1447 27.5
2 177.476 11.5877 27.5
2 178.928 13.0395 27.5
2 180.372 14.4838 27.5
2 181.815 15.9262 27.5
2 183.267 17.3784 27.5
2 184.711 18.8223 27.5
2 186.165 20.2765 27.5
2 187.617 21.7281 27.5
2 189.06 23.1718 27.5
2 190.504 24.6157 27.5
2 191.955 26.0665 27.5
2 193.415 27.5261 27.5
2 194.867 28.9785 27.5
2 196.31 30.4217 27.5
2 197.754 31.8654 27.5
2 199.206 33.3178 27.5
2 200.659 34.7704 27.5
2 202.102 36.2134 27.5
2 203.555 37.6658 27.5
2 205.004 39.1152 27.5
2 206.448 40.5595 27.5
2 207.9 42.0115 27.5
2 209.343 43.4542 27.5
2 210.787 44.898 27.5
2 212.26 46.3712 27.5
2 213.704 47.8153 27.5
2 215.146 49.2577 27.5
2 216.603 50.7142 27.5
2 218.046 52.1573 27.5
2 219.49 53.6011 27.5
2 220.942 55.0533 27.5
2 222.386 56.497 27.5
2 223.83 57.941 27.5
2 225.282 59.3935 27.5
2 226.727 60.8379 27.5
2 228.17 62.2813 27.5
2 229.622 63.7329 27.5
2 231.066 65.1771 27.5
2 232.509 66.6202 27.5
2 233.96 68.0717 27.5
2 235.425 69.5367 27.5
2 236.877 70.9883 27.5
2 238.321 72.4322 27.5
2 239.764 73.8752 27.5
2 241.215 75.3262 27.5
2 242.669 76.7804 27.5
2 244.113 78.224 27.5
2 245.564 79.6749 27.5
3 247.008 8.1e-08 27.5
3 248.452 1.44404 27.5
3 249.903 2.89511 27.5
3 251.346 4.33834 27.5
3 252.791 5.78308 27.5
3 254.243 7.23493 27.5
3 255.686 8.67813 27.5
3 257.151 10.1429 27.5
3 258.602 11.5943 27.5
3 260.046 13.0384 27.5
3 261.501 14.4926 27.5
3 262.952 15.9437 27.5
3 264.396 17.388 27.5
3 265.84 18.8324 27.5
3 267.299 20.2907 27.5
3 268.758 21.7497 27.5
3 270.209 23.201 27.5
3 271.653 24.6447 27.5
3 273.097 26.0894 27.5
3 274.55 27.5418 27.5
3 275.998 28.9898 27.5
3 277.442 30.4339 27.5
3 278.893 31.885 27.5
3 280.358 33.3499 27.5
3 281.802 34.7936 27.5
3 283.254 36.2462 27.5
3 284.698 37.6905 27.5
3 286.141 39.1334 27.5
3 287.599 40.5906 27.5
3 289.042 42.0337 27.5
3 290.486 43.478 27.5
3 291.954 44.9465 27.5
3 293.392 46.3844 27.5
3 294.836 47.8283 27.5
3 296.294 49.2863 27.5
3 297.739 50.7311 27.5
3 299.201 52.1932 27.5
3 300.645 53.6369 27.5
3 302.089 55.081 27.5
3 303.541 56.5334 27.5
3 304.985 57.9775 27.5
3 306.439 59.431 27.5
3 307.897 60.8892 27.5
3 309.341 62.3334 27.5
3 310.796 63.7876 27.5
3 312.247 65.2394 27.5
3 313.692 66.6842 27.5
3 315.137 68.1286 27.5
3 316.588 69.5803 27.5
3 318.042 71.0342 27.5
3 319.487 72.4788 27.5
3 320.938 73.9304 27.5
3 322.398 75.3896 27.5
3 323.85 76.8419 27.5
3 325.294 78.2861 27.5
3 326.737 79.7292 27.5
3 328.189 81.1809 27.5
4 329.633 9.3e-08 27.5
4 331.077 1.44347 27.5
4 332.529 2.89538 27.5
4 333.973 4.34007 27.5
4 335.418 5.785 27.5
4 336.88 7.24714 27.5
4 338.323 8.68963 27.5
4 339.767 10.134 27.5
4 341.236 11.6028 27.5
4 342.68 13.0463 27.5
4 344.123 14.4901 27.5
4 345.576 15.9423 27.5
4 347.019 17.3859 27.5
4 348.478 18.8444 27.5
4 349.929 20.2953 27.5
4 351.373 21.7398 27.5
4 352.822 23.1891 27.5
4 354.28 24.6465 27.5
4 355.724 26.091 27.5
4 357.168 27.5346 27.5
4 358.619 28.986 27.5
4 360.079 30.4457 27.5
4 361.531 31.8974 27.5
4 362.975 33.3418 27.5
4 364.424 34.7903 27.5
4 365.882 36.2485 27.5
4 367.319 37.6862 27.5
4 368.763 39.1301 27.5
4 370.221 40.5877 27.5
5 371.665 8.7e-08 27.5
5 373.102 1.43724 27.5
5 374.559 2.89407 27.5
5 376.003 4.33761 27.5
5 377.446 5.78114 27.5
5 378.913 7.24791 27.5
5 380.356 8.69133 27.5
5 381.8 10.1351 27.5
5 383.252 11.5868 27.5
5 384.695 13.0303 27.5
5 386.144 14.4789 27.5
5 387.595 15.9296 27.5
5 389.039 17.3739 27.5
5 390.488 18.8234 27.5
5 391.946 20.2806 27.5
6 393.389 1.13e-07 27.5
6 394.833 1.44414 27.5
6 396.285 2.89601 27.5
6 397.739 4.3499 27.5
6 399.191 5.80199 27.5
6 400.634 7.24438 27.5
6 402.076 8.68726 27.5
6 403.529 10.14 27.5
7 404.973 9.6e-08 27.5
7 406.415 1.44239 27.5
7 407.867 2.89408 27.5
7 409.332 4.35922 28
8 410.775 6.9e-08 28
8 412.227 1.4513 28
9 413.67 5.9e-08 28.5
10 415.113 5.6e-08 29
11 416.575 5.5e-08 29.5
13 418.018 5.1e-08 29.5
16 419.462 6.4e-08 29.5
18 420.915 6.3e-08 29.5
21 422.459 1.62e-07 29.5
23 424.1 1.62e-07 29.5
24 425.542 7e-08 28.5
25 426.984 6.8e-08 28
26 429.636 1.33e-07 28
27 434.879 1.44e-07 28
