0 6.6489 1.6e-07 22
0 9.55257 2.90367 22
0 10.9933 4.34441 22
0 12.4367 5.78781 22
0 13.8867 7.23783 22
0 15.33 8.68114 22
1 16.7731 6.6e-08 22
1 18.227 1.45383 22
1 19.6674 2.89431 22
2 21.1179 5.4e-08 22.5
2 22.5688 1.45082 22.5
3 24.0105 6e-08 23
3 25.4605 1.44999 23.5
5 26.9008 4.9e-08 24.5
7 28.3445 6e-08 25.5
9 29.7952 6.5e-08 25.5
12 31.2583 6.2e-08 25.5
14 32.7209 4.9e-08 25.5
17 34.1766 5.6e-08 25.5
19 35.7213 1.52e-07 25.5
20 37.1552 5.7e-08 23
21 38.5969 5.3e-08 22
22 41.0548 1.8e-07 22
23 45.8003 1.05e-07 22
24 54.7489 1.52e-07 22
