        type trial_config ert_flop   unroll  buffers        nsize       trials       microsecs        bytes        flops         GB/s         GF/s
      double    coalesced       83        2        2           32     16777216    84718109.675   1073741824   5570035712        0.013        0.066
      double    coalesced       83        2        2           64     16777216    84963210.635   2147483648  11140071424        0.025        0.131
      double    coalesced       83        2        2          128     16777216    87285236.576   4294967296  22280142848        0.049        0.255
      double    coalesced       83        2        2          256     16777216    87285292.214   8589934592  44560285696        0.098        0.511
      double    coalesced       83        2        2          512     16777216    88175926.614  17179869184  89120571392        0.195        1.011
      double    coalesced       83        2        2         1024      8388608    45492143.269  17179869184  89120571392        0.378        1.959
      double    coalesced       83        2        2         2048      4194304    23567792.289  17179869184  89120571392        0.729        3.781
      double    coalesced       83        2        2         4096      2097152    12415924.406  17179869184  89120571392        1.384        7.178
      double    coalesced       83        2        2         8192      1048576     6819530.086  17179869184  89120571392        2.519       13.068
      double    coalesced       83        2        2        16384       524288     4091871.809  17179869184  89120571392        4.199       21.780
      double    coalesced       83        2        2        32768       262144     2618379.737  17179869184  89120571392        6.561       34.037
      double    coalesced       83        2        2        65536       131072     1935362.342  17179869184  89120571392        8.877       46.049
      double    coalesced       83        2        2       131072        65536     1583078.564  17179869184  89120571392       10.852       56.296
      double    coalesced       83        2        2       262144        32768     1413085.766  17179869184  89120571392       12.158       63.068
      double    coalesced       83        2        2       524288        16384     1327792.128  17179869184  89120571392       12.939       67.119
      double    coalesced       83        2        2      1048576         8192     1284433.119  17179869184  89120571392       13.375       69.385
      double    coalesced       83        2        2      2097152         4096     1263379.979  17179869184  89120571392       13.598       70.541
      double    coalesced       83        2        2      4194304         2048     1252722.920  17179869184  89120571392       13.714       71.141
      double    coalesced       83        2        2      8388608         1024     1247300.390  17179869184  89120571392       13.774       71.451
      double    coalesced       83        2        2     16777216          512     1244695.764  17179869184  89120571392       13.802       71.600
      double    coalesced       83        2        2     33554432          256     1243370.397  17179869184  89120571392       13.817       71.677
      double    coalesced       83        2        2     67108864          128     1242742.556  17179869184  89120571392       13.824       71.713
      double    coalesced       83        2        2    134217728           64     1242382.046  17179869184  89120571392       13.828       71.734
      double    coalesced       83        2        2    268435456           32     1242203.489  17179869184  89120571392       13.830       71.744
      double    coalesced       83        2        2    536870912           16     1242133.969  17179869184  89120571392       13.831       71.748
      double    coalesced       83        2        2   1073741824            8     1242055.541  17179869184  89120571392       13.832       71.752
      double    coalesced       83        2        2   2147483648            4     1242064.498  17179869184  89120571392       13.832       71.752
      double    coalesced       83        2        2   4294967296            2     1242052.652  17179869184  89120571392       13.832       71.753
      double    coalesced       83        2        2   8588886016            1     1241842.153  17177772032  89109692416       13.832       71.756
