        type trial_config ert_flop   unroll  buffers        nsize       trials       microsecs        bytes        flops         GB/s         GF/s
 signed_char    coalesced        8       16        1           16     16777216     6234794.800    536870912   2147483648        0.086        0.344
 signed_char    coalesced        8       16        1           32     16777216     6234794.423   1073741824   4294967296        0.172        0.689
 signed_char    coalesced        8       16        1           64     16777216     6546535.328   2147483648   8589934592        0.328        1.312
 signed_char    coalesced        8       16        1          128     16777216     7273913.782   4294967296  17179869184        0.590        2.362
 signed_char    coalesced        8       16        1          256     16777216     8656762.723   8589934592  34359738368        0.992        3.969
 signed_char    coalesced        8       16        1          512      8388608     5035809.090   8589934592  34359738368        1.706        6.823
 signed_char    coalesced        8       16        1         1024      4194304     3273369.476   8589934592  34359738368        2.624       10.497
 signed_char    coalesced        8       16        1         2048      2097152     2045914.538   8589934592  34359738368        4.199       16.794
 signed_char    coalesced        8       16        1         4096      1048576     1487973.650   8589934592  34359738368        5.773       23.092
 signed_char    coalesced        8       16        1         8192       524288     1169134.996   8589934592  34359738368        7.347       29.389
 signed_char    coalesced        8       16        1        16384       262144     1023023.758   8589934592  34359738368        8.397       33.586
 signed_char    coalesced        8       16        1        32768       131072      962822.248   8589934592  34359738368        8.922       35.686
 signed_char    coalesced        8       16        1        65536        65536      895146.844   8589934592  34359738368        9.596       38.384
 signed_char    coalesced        8       16        1       131072        32768      876204.409   8589934592  34359738368        9.804       39.214
 signed_char    coalesced        8       16        1       262144        16384      868685.803   8589934592  34359738368        9.888       39.554
 signed_char    coalesced        8       16        1       524288         8192      864999.991   8589934592  34359738368        9.931       39.722
 signed_char    coalesced        8       16        1      1048576         4096      863171.639   8589934592  34359738368        9.952       39.806
 signed_char    coalesced        8       16        1      2097152         2048      862446.472   8589934592  34359738368        9.960       39.840
 signed_char    coalesced        8       16        1      4194304         1024      861936.064   8589934592  34359738368        9.966       39.863
 signed_char    coalesced        8       16        1      8388608          512      861710.194   8589934592  34359738368        9.968       39.874
 signed_char    coalesced        8       16        1     16777216          256      861590.085   8589934592  34359738368        9.970       39.879
 signed_char    coalesced        8       16        1     33554432          128      861615.598   8589934592  34359738368        9.970       39.878
 signed_char    coalesced        8       16        1     67108864           64      861515.800   8589934592  34359738368        9.971       39.883
 signed_char    coalesced        8       16        1    134217728           32      861561.027   8589934592  34359738368        9.970       39.881
 signed_char    coalesced        8       16        1    268435456           16      861497.235   8589934592  34359738368        9.971       39.884
 signed_char    coalesced        8       16        1    536870912            8      861521.865   8589934592  34359738368        9.971       39.883
 signed_char    coalesced        8       16        1   1073741824            4      861483.416   8589934592  34359738368        9.971       39.884
 signed_char    coalesced        8       16        1   2147483648            2      861532.115   8589934592  34359738368        9.971       39.882
 signed_char    coalesced        8       16        1   4293918720            1      861337.472   8587837440  34351349760        9.970       39.881
