0 6.69701 8.9e-08 20.5
0 9.58318 2.88617 20.5
0 11.0347 4.3377 20.5
0 12.4757 5.77866 20.5
1 13.921 6.3e-08 20.5
1 15.3697 1.44869 20.5
1 16.8132 2.8922 20.5
1 18.2585 4.33743 20.5
1 19.716 5.79496 20.5
2 21.1552 6.7e-08 20.5
2 22.6064 1.45125 20.5
2 24.0491 2.89387 20.5
2 25.4941 4.3389 20.5
2 26.9443 5.78911 20.5
3 28.3887 7.4e-08 20.5
3 29.8513 1.46256 20.5
3 31.3081 2.91939 20.5
3 32.7677 4.37893 20.5
3 34.224 5.83527 20.5
3 35.6894 7.30065 20.5
4 37.1561 1.13e-07 20.5
4 38.6202 1.46412 20.5
4 40.0643 2.9082 20.5
4 41.5155 4.35941 20.5
4 42.9795 5.82347 20.5
4 44.4288 7.27278 20.5
4 45.8947 8.73865 20.5
5 47.3429 6e-08 20.5
5 48.795 1.4521 20.5
5 50.2553 2.91244 20.5
5 51.7098 4.36691 20.5
5 53.1781 5.83524 20.5
5 54.6322 7.28932 20.5
5 56.1052 8.7623 20.5
6 57.558 9e-08 20.5
6 59.0007 1.4427 20.5
6 60.4664 2.90842 20.5
6 61.9079 4.34992 20.5
6 63.3598 5.80175 20.5
6 64.808 7.25001 20.5
6 66.2678 8.70979 20.5
6 67.7296 10.1716 20.5
6 69.1786 11.6206 20.5
6 70.6504 13.0924 20.5
7 72.1097 7.7e-08 20.5
7 73.5633 1.45366 20.5
7 75.0309 2.92128 20.5
7 76.4745 4.36479 20.5
7 77.9263 5.81658 20.5
7 79.3695 7.25984 20.5
8 80.8129 6.5e-08 21
8 82.2793 1.46646 21
8 83.7328 2.91993 21
8 85.1803 4.36743 21
8 86.6311 5.81825 21
9 88.0713 6.1e-08 21
9 89.5432 1.47192 21
9 90.9916 2.92029 21
9 92.4503 4.37905 21
10 93.9071 7.5e-08 21
10 95.3495 1.44241 21
10 96.7929 2.88583 21
11 98.2602 9.5e-08 21
11 99.7032 1.44305 21
11 101.16 2.89986 21
12 102.603 6.1e-08 21
12 104.045 1.44245 21
12 105.502 2.89966 21.5
13 106.955 8.1e-08 21
13 108.398 1.44306 21.5
14 109.85 6.4e-08 21
14 111.293 1.44294 21
14 112.759 2.90904 21
15 114.201 6.5e-08 21
15 115.65 1.44822 21.5
15 117.108 2.90634 21.5
16 118.562 5.5e-08 21
16 120.006 1.44386 21.5
16 121.473 2.9115 21
17 122.917 6.9e-08 21
17 124.368 1.45105 21.5
17 125.81 2.89275 21
18 127.253 6.2e-08 21.5
18 128.72 1.46689 21.5
19 130.163 6.9e-08 21.5
19 131.617 1.45362 21.5
19 133.067 2.90414 21
20 134.51 6.1e-08 21
20 135.976 1.46625 21
20 137.419 2.90888 21.5
21 138.862 1.02e-07 21
21 140.313 1.45106 21.5
21 141.756 2.89318 21.5
22 143.204 7.2e-08 21
22 144.666 1.46156 21
23 146.209 1.53e-07 21.5
23 147.659 1.45078 21.5
23 149.104 2.89505 21
24 150.555 7.8e-08 21.5
24 152.014 1.45942 21
24 153.457 2.90195 21.5
25 154.908 8.2e-08 21
25 156.354 1.44673 21
25 157.798 2.89061 21
26 159.256 7.3e-08 21
26 160.699 1.44379 21
26 162.151 2.89553 21
27 164.195 1e-07 21.5
27 165.64 1.44453 21.5
27 167.083 2.88821 21
28 170.436 1.54e-07 21.5
28 171.879 1.44341 21.5
28 173.333 2.89702 21
29 178.579 1.47e-07 21
29 180.019 1.4407 21.5
29 181.463 2.88379 20.5
30 191.22 1.54e-07 21.5
30 192.677 1.45745 21.5
30 194.119 2.89857 20.5
