0 5.27973 6.6e-08 24.5
0 8.16261 2.88288 24.5
0 9.61108 4.33135 24.5
0 11.0573 5.77761 24.5
0 12.5001 7.22039 24.5
0 13.9512 8.67149 24.5
0 15.3941 10.1144 24.5
0 16.8375 11.5577 24.5
0 18.2948 13.0151 24.5
0 19.7382 14.4585 24.5
0 21.1811 15.9013 24.5
0 22.6308 17.3511 24.5
0 24.0724 18.7927 24.5
0 25.5167 20.237 24.5
0 26.9635 21.6837 24.5
0 28.406 23.1263 24.5
0 29.8492 24.5694 24.5
0 31.3005 26.0208 24.5
0 32.7437 27.464 24.5
0 34.1885 28.9088 24.5
0 35.6665 30.3868 24.5
0 37.112 31.8323 24.5
0 38.5834 33.3037 24.5
0 40.031 34.7513 24.5
0 41.4739 36.1942 24.5
0 42.9407 37.6609 24.5
0 44.3975 39.1177 24.5
0 45.8645 40.5848 24.5
0 47.3167 42.0369 24.5
0 48.7641 43.4843 24.5
0 50.2143 44.9346 24.5
0 51.6562 46.3765 24.5
0 53.0981 47.8184 24.5
0 54.5651 49.2854 24.5
0 56.0137 50.7339 24.5
0 57.4791 52.1994 24.5
0 58.922 53.6423 24.5
0 60.3809 55.1012 24.5
0 61.8471 56.5674 24.5
0 63.3001 58.0203 24.5
0 64.7679 59.4882 24.5
0 66.2117 60.9319 24.5
0 67.6709 62.3911 24.5
0 69.136 63.8563 24.5
0 70.5898 65.3101 24.5
0 72.0568 66.7771 24.5
0 73.5001 68.2204 24.5
0 74.9591 69.6794 24.5
0 76.4256 71.1459 24.5
0 77.8792 72.5995 24.5
0 79.3467 74.0669 24.5
0 80.7906 75.5109 24.5
0 82.2497 76.97 24.5
0 83.7136 78.4339 24.5
1 85.1641 1.49e-07 24.5
1 86.6199 1.45575 24.5
1 88.0634 2.89926 24.5
1 89.5074 4.34324 24.5
1 90.9804 5.81628 24.5
1 92.4374 7.27321 24.5
1 93.8886 8.72448 24.5
1 95.3443 10.1802 24.5
1 96.7862 11.6221 24.5
1 98.2596 13.0955 24.5
1 99.7163 14.5522 24.5
1 101.156 15.9915 24.5
1 102.623 17.4587 24.5
1 104.079 18.9149 24.5
1 105.528 20.3642 24.5
1 106.972 21.8076 24.5
1 108.415 23.251 24.5
1 109.888 24.7236 24.5
1 111.33 26.1663 24.5
1 112.778 27.6141 24.5
1 114.228 29.064 24.5
1 115.684 30.5201 24.5
1 117.124 31.96 24.5
1 118.583 33.4193 24.5
1 120.026 34.8615 24.5
1 121.476 36.3121 24.5
1 122.935 37.7708 24.5
1 124.37 39.2058 24.5
1 125.835 40.6707 24.5
1 127.277 42.113 24.5
1 128.719 43.5553 24.5
1 130.174 45.0099 24.5
1 131.617 46.4526 24.5
1 133.058 47.8943 24.5
1 134.524 49.3599 24.5
1 135.967 50.8028 24.5
1 137.417 52.2529 24.5
1 138.86 53.6961 24.5
1 140.308 55.1437 24.5
1 141.758 56.594 24.5
1 143.216 58.0515 24.5
1 144.649 59.4847 25
1 146.115 60.9509 24.5
1 147.558 62.3938 24.5
1 149.001 63.8365 24.5
1 150.468 65.3039 25
1 151.912 66.748 24.5
1 153.364 68.2002 24.5
1 154.807 69.643 24.5
1 156.26 71.0961 24.5
1 157.71 72.5456 24.5
1 159.153 73.9884 24.5
1 160.611 75.4473 24.5
1 162.063 76.8992 24.5
2 163.52 6.4e-08 24.5
2 164.961 1.44123 24.5
2 166.429 2.90914 25
2 167.873 4.35349 24.5
2 169.325 5.80561 24.5
2 170.768 7.24888 24.5
2 172.211 8.69166 24.5
2 173.661 10.1413 25
2 175.104 11.5843 25
2 176.548 13.0281 24.5
2 178.02 14.5007 24.5
2 179.462 15.9427 24.5
2 180.905 17.3854 24.5
2 182.373 18.8534 25
2 183.817 20.297 25
2 185.282 21.7625 24.5
2 186.722 23.2029 24.5
2 188.182 24.662 24.5
2 189.633 26.1131 25
2 191.074 27.5549 25
2 192.527 29.0076 25
2 193.979 30.4591 24.5
2 195.422 31.9024 24.5
2 196.877 33.3575 25
2 198.327 34.8074 25
2 199.782 36.2629 25
2 201.232 37.712 25
2 202.691 39.1715 24.5
2 204.134 40.6141 24.5
2 205.584 42.064 25
2 207.025 43.5058 25
2 208.467 44.9476 25
2 209.928 46.4088 24.5
2 211.371 47.8512 24.5
2 212.812 49.2924 25
2 214.261 50.7418 25
2 215.703 52.1839 24.5
2 217.151 53.6315 24.5
2 218.607 55.0875 24.5
2 220.062 56.5426 24.5
2 221.51 57.9906 24.5
2 222.952 59.4322 25
2 224.394 60.8741 25
2 225.844 62.3249 25
2 227.287 63.7679 24.5
2 228.746 65.2268 24.5
2 230.196 66.6767 25
2 231.652 68.1319 25
2 233.091 69.5713 25
2 234.558 71.038 24.5
2 236 72.4804 24.5
2 237.442 73.922 24.5
2 238.891 75.3719 25
2 240.334 76.8146 24.5
2 241.801 78.2814 24.5
3 243.242 8.3e-08 24.5
3 244.701 1.45856 24.5
3 246.151 2.90892 24.5
3 247.593 4.35091 24.5
3 249.045 5.8029 25
3 250.496 7.25354 24.5
3 251.938 8.69618 24.5
3 253.381 10.1388 24.5
3 254.831 11.5893 24.5
3 256.273 13.0308 25
3 257.715 14.4734 24.5
3 259.173 15.9307 24.5
3 260.616 17.3743 24.5
3 262.067 18.8251 25
3 263.52 20.2781 25
3 264.962 21.72 25
3 266.428 23.1861 25
3 267.871 24.6294 24.5
3 269.315 26.0725 25
3 270.776 27.534 25
3 272.223 28.9807 25
3 273.66 30.4182 24.5
3 275.126 31.8842 24.5
3 276.569 33.3268 24.5
3 278.02 34.778 24.5
3 279.463 36.2209 25
3 280.915 37.6727 25
3 282.365 39.1226 25
3 283.821 40.5789 24.5
3 285.254 42.0119 25
3 286.72 43.4781 25
3 288.163 44.9211 25
3 289.606 46.3636 25
3 291.056 47.8138 24.5
3 292.498 49.2558 24.5
3 293.945 50.7034 24.5
3 295.395 52.1526 25
3 296.853 53.6106 25
3 298.303 55.0611 24.5
3 299.746 56.5036 25
3 301.197 57.9551 24.5
3 302.647 59.405 25
3 304.09 60.8475 25
3 305.533 62.2905 25
3 306.989 63.7467 24.5
3 308.425 65.1828 24.5
3 309.888 66.6455 24.5
3 311.337 68.0948 25
3 312.784 69.5417 25
3 314.225 70.9832 24.5
3 315.676 72.4341 24.5
3 317.135 73.893 24.5
3 318.577 75.3352 25
3 320.027 76.7847 25
3 321.479 78.237 25
3 322.93 79.6884 25
4 324.374 6.3e-08 25
4 325.816 1.44206 25
4 327.265 2.89134 25
4 328.707 4.33379 25
4 330.15 5.77663 25
4 331.624 7.25 25
4 333.065 8.69108 25
4 334.512 10.1388 25
4 335.962 11.5886 25
4 337.406 13.0326 25
4 338.854 14.4805 25
4 340.31 15.9366 25
4 341.753 17.379 25
4 343.214 18.8401 25
4 344.656 20.2822 25
4 346.113 21.7398 25
4 347.564 23.1905 25
4 349.017 24.6436 25
4 350.46 26.0863 25
4 351.915 27.5419 25
4 353.359 28.985 25
4 354.815 30.4411 25
4 356.264 31.8904 25
4 357.708 33.3344 25
4 359.159 34.7855 25
4 360.602 36.2288 25
4 362.056 37.682 25
4 363.505 39.1319 25
4 364.961 40.5872 25
4 366.393 42.0193 25
4 367.858 43.4846 25
4 369.3 44.9264 25
4 370.742 46.3684 25
4 372.191 47.8174 25
4 373.633 49.2595 25
4 375.076 50.702 25
4 376.526 52.1529 25
4 377.979 53.6052 25
4 379.42 55.0464 25
4 380.891 56.5171 25
4 382.329 57.9556 25
4 383.785 59.4115 25
4 385.228 60.854 25
4 386.671 62.2974 25
4 388.138 63.7643 25
4 389.58 65.2065 25
4 391.022 66.6482 25
4 392.473 68.0991 25
4 393.916 69.5424 25
4 395.364 70.9905 25
4 396.814 72.4404 25
4 398.273 73.8994 25
4 399.724 75.3506 25
4 401.18 76.8061 25
4 402.618 78.2444 25
4 404.085 79.7113 25
5 405.527 6.8e-08 25
5 406.969 1.44217 25
5 408.418 2.89139 25
5 409.86 4.33348 25
5 411.304 5.77663 25
5 412.755 7.22774 25
5 414.208 8.68071 25
5 415.649 10.1223 25
5 417.099 11.5719 25
5 418.543 13.0159 25
5 419.991 14.4643 25
5 421.447 15.92 25
5 422.89 17.3629 25
5 424.351 18.8243 25
5 425.793 20.2662 25
5 427.245 21.7179 25
5 428.701 23.1739 25
5 430.154 24.6272 25
5 431.597 26.0698 25
5 433.047 27.5197 25
5 434.493 28.9665 25
5 435.935 30.4084 25
5 437.385 31.8583 25
5 438.844 33.3174 25
5 440.296 34.7687 25
5 441.737 36.2105 25
5 443.179 37.6519 25
5 444.63 39.1027 25
5 446.078 40.5509 25
5 447.52 41.9936 25
5 448.972 43.4451 25
5 450.431 44.9045 25
5 451.875 46.3479 25
5 453.339 47.8123 25
5 454.778 49.251 25
5 456.221 50.6938 25
5 457.671 52.1445 25
5 459.115 53.5878 25
5 460.558 55.0307 25
5 462.015 56.4879 25
5 463.458 57.9315 25
5 464.901 59.3738 25
5 466.36 60.8335 25
5 467.803 62.2761 25
5 469.268 63.7411 25
5 470.702 65.1749 25
5 472.161 66.6338 25
5 473.613 68.0862 25
5 475.056 69.529 25
5 476.499 70.9724 25
5 477.95 72.4236 25
5 479.403 73.8759 25
5 480.845 75.3182 25
5 482.312 76.7854 25
5 483.757 78.2301 25
5 485.209 79.6822 25
5 486.669 81.1422 25
5 488.113 82.5866 25
6 489.565 6.9e-08 25
6 491.009 1.44323 25
6 492.451 2.88536 25
6 493.9 4.33519 25
6 495.344 5.77884 25
6 496.787 7.22215 25
6 498.238 8.67318 25
6 499.687 10.1215 25
6 501.13 11.5644 25
6 502.586 13.021 25
6 504.039 14.4737 25
6 505.489 15.9236 25
6 506.945 17.3794 25
6 508.384 18.8191 25
6 509.852 20.2863 25
6 511.294 21.7282 25
6 512.735 23.1697 25
6 514.191 24.6253 25
6 515.633 26.0677 25
6 517.075 27.5101 25
6 518.543 28.9772 25
6 519.985 30.4197 25
6 521.434 31.8691 25
6 522.877 33.3115 25
6 524.33 34.7647 25
6 525.78 36.215 25
6 527.222 37.6566 25
6 528.664 39.0987 25
6 530.115 40.5498 25
6 531.579 42.0137 25
7 533.022 7.2e-08 25
7 534.482 1.46065 25
7 535.924 2.90278 25
7 537.366 4.34465 25
7 538.817 5.79489 25
7 540.276 7.254 25
7 541.726 8.70481 25
7 543.169 10.1471 25
7 544.61 11.5886 25
7 546.061 13.0393 25
7 547.504 14.482 25
7 548.946 15.9242 25
7 550.401 17.3797 25
7 551.845 18.8231 25
7 553.301 20.2791 25
7 554.752 21.7307 25
8 556.205 6.8e-08 25
8 557.648 1.44265 25
8 559.102 2.8971 25
8 560.544 4.33914 25
8 561.986 5.78058 25
8 563.435 7.23013 25
8 564.898 8.69346 25
8 566.349 10.144 25
9 567.791 9.7e-08 25
9 569.243 1.45215 25
9 570.694 2.90231 25
9 572.152 4.36067 25
9 573.595 5.80366 25.5
10 575.056 9.3e-08 25.5
10 576.498 1.44204 25.5
10 577.94 2.88428 25.5
11 579.391 8.4e-08 25.5
11 580.835 1.44385 25.5
12 582.284 6.6e-08 26
12 583.74 1.45622 26
13 585.193 6.6e-08 26
13 586.644 1.45121 26
14 588.086 6.5e-08 26
15 589.533 5.8e-08 26.5
15 590.983 1.44983 26.5
16 592.437 6.4e-08 26.5
17 593.873 6.8e-08 26.5
17 595.328 1.45551 26.5
18 596.771 6.3e-08 26.5
19 598.231 8.3e-08 26
20 599.681 7.5e-08 26.5
20 601.14 1.45945 26.5
21 602.592 5.5e-08 26.5
22 604.034 5.9e-08 26.5
22 605.476 1.4424 26.5
23 606.932 1.07e-07 26.5
24 608.374 6.1e-08 26.5
24 609.816 1.4414 26.5
25 611.267 7.3e-08 25.5
26 613.511 1.51e-07 26.5
26 614.957 1.44632 25
27 617.5 1.8e-07 26.5
27 618.943 1.44267 25.5
28 623.602 1.45e-07 26.5
28 625.04 1.43863 25.5
29 634.09 1.12e-07 26.5
29 635.53 1.43978 25
