0 3.39158 9.8e-08 20.5
0 6.28034 2.88876 20.5
0 7.73112 4.33954 20.5
0 9.17276 5.78118 20.5
1 10.6236 7.6e-08 20.5
1 12.065 1.44148 20.5
1 13.508 2.88449 20.5
1 14.9584 4.33481 20.5
2 16.4104 1.38e-07 20.5
2 17.8541 1.44373 20.5
2 19.3063 2.89587 20.5
2 20.7549 4.34454 20.5
3 22.1989 7.4e-08 20.5
3 23.6567 1.45773 20.5
3 25.1056 2.90665 20.5
3 26.5557 4.35678 20.5
3 27.9974 5.79846 20.5
4 29.4407 7.7e-08 20.5
4 30.8902 1.44959 20.5
4 32.3441 2.90342 20.5
4 33.7878 4.3471 20.5
4 35.2446 5.80399 20.5
4 36.6882 7.24756 20.5
5 38.132 7.4e-08 20.5
5 39.5951 1.46306 20.5
5 41.0374 2.90535 20.5
5 42.4933 4.36124 20.5
5 43.9375 5.80547 20.5
5 45.3891 7.25708 20.5
5 46.8395 8.70747 20.5
6 48.2875 6.7e-08 20.5
6 49.7317 1.44421 20.5
6 51.1839 2.89643 20.5
6 52.6279 4.34035 20.5
6 54.0787 5.7912 20.5
6 55.5278 7.24033 20.5
6 56.9696 8.68212 20.5
6 58.4256 10.1381 20.5
6 59.8699 11.5824 20.5
7 61.3143 1.12e-07 20.5
7 62.7721 1.45781 20.5
7 64.2148 2.90047 20.5
7 65.6577 4.34338 20.5
7 67.1071 5.79277 20.5
7 68.5487 7.23446 20.5
7 69.9916 8.67726 20.5
7 71.4427 10.1284 20.5
7 72.8854 11.5711 20.5
7 74.3408 13.0265 20.5
7 75.7843 14.47 20.5
7 77.2261 15.9118 20.5
8 78.6767 8e-08 20.5
8 80.1184 1.44165 20.5
8 81.5615 2.88477 20.5
8 83.0109 4.33418 20.5
8 84.4541 5.77741 20.5
8 85.8972 7.22047 20.5
8 87.3591 8.6824 20.5
8 88.8034 10.1266 20.5
9 90.2468 6.2e-08 20.5
9 91.6972 1.45042 20.5
9 93.1406 2.89382 20.5
9 94.5896 4.34277 20.5
9 96.0403 5.79355 20.5
9 97.4821 7.2353 20.5
10 98.9316 5.7e-08 20.5
10 100.373 1.44148 20.5
10 101.816 2.88468 20.5
10 103.267 4.33548 20.5
10 104.72 5.78811 20.5
10 106.164 7.23222 20.5
11 107.616 6.1e-08 20.5
11 109.06 1.44394 20.5
11 110.503 2.88685 20.5
11 111.953 4.33758 20.5
11 113.396 5.78043 20.5
12 114.845 8.1e-08 20.5
12 116.295 1.45057 20.5
12 117.737 2.892 20.5
12 119.193 4.34773 20.5
13 120.637 7.4e-08 20.5
13 122.08 1.44366 20.5
13 123.537 2.90051 20.5
13 124.983 4.34634 20.5
13 126.423 5.7861 20.5
14 127.873 1.01e-07 20.5
14 129.315 1.44168 20.5
14 130.758 2.88445 20.5
14 132.209 4.33544 20.5
14 133.65 5.77671 20.5
15 135.093 6.4e-08 20.5
15 136.549 1.45564 20.5
15 137.992 2.89881 20.5
15 139.442 4.34932 20.5
16 140.889 6.8e-08 20.5
16 142.333 1.44348 20.5
16 143.79 2.90084 20.5
16 145.234 4.34479 20.5
16 146.678 5.78826 20.5
17 148.129 7.1e-08 20.5
17 149.572 1.4431 20.5
17 151.014 2.88542 20.5
17 152.465 4.33637 20.5
18 153.907 6.1e-08 20.5
18 155.35 1.44258 20.5
18 156.807 2.89974 20.5
18 158.25 4.34242 20.5
18 159.7 5.79248 20.5
19 161.143 6.3e-08 20.5
19 162.585 1.44191 20.5
19 164.036 2.89286 20.5
19 165.478 4.33534 20.5
20 166.921 6.6e-08 20.5
20 168.377 1.45661 20.5
20 169.82 2.89917 20.5
20 171.262 4.34183 20.5
20 172.714 5.79356 20.5
21 174.156 5.5e-08 20.5
21 175.599 1.44319 20.5
21 177.049 2.89267 20.5
21 178.491 4.33498 20.5
22 179.934 8e-08 20.5
22 181.39 1.45651 20.5
22 182.839 2.90535 20.5
22 184.289 4.35561 20.5
22 185.733 5.79941 20.5
23 187.176 7.7e-08 20.5
23 188.634 1.45722 20.5
23 190.077 2.90074 20.5
23 191.521 4.34463 20.5
23 192.972 5.79576 20.5
24 194.415 7.7e-08 20.5
24 195.858 1.44294 20.5
24 197.313 2.89811 20.5
24 198.751 4.33597 20.5
25 200.193 6.5e-08 20.5
25 201.65 1.45688 20.5
25 203.093 2.89995 20.5
25 204.544 4.35078 20.5
25 205.986 5.79246 20.5
26 207.429 8e-08 20.5
26 208.878 1.4495 20.5
26 210.322 2.89255 20.5
26 211.764 4.33553 20.5
27 213.32 1.62e-07 20.5
27 214.76 1.44011 20.5
27 216.217 2.8969 20.5
27 217.658 4.33815 20.5
27 219.109 5.78904 20.5
28 220.551 7.6e-08 20.5
28 221.994 1.44272 20.5
28 223.444 2.89287 20.5
28 224.886 4.33536 20.5
28 226.329 5.77775 21
29 228.286 1.47e-07 20.5
29 229.728 1.4419 20.5
29 231.179 2.89286 20.5
29 232.622 4.33626 20.5
29 234.066 5.77958 21
30 237.124 1.45e-07 20.5
30 238.563 1.43909 20.5
30 240.007 2.88317 20.5
30 241.459 4.33518 20.5
30 242.903 5.7787 21
31 248.35 1.54e-07 20.5
31 249.79 1.44084 20.5
31 251.242 2.89243 20.5
31 252.686 4.33661 20.5
31 254.13 5.78016 20.5
