0 3.49475 1.44e-07 22.5
0 6.39022 2.89547 22.5
0 7.82873 4.33398 22.5
0 9.27219 5.77744 22.5
0 10.7257 7.231 22.5
0 12.1677 8.67298 22.5
0 13.608 10.1132 22.5
0 15.0624 11.5676 22.5
0 16.5029 13.0082 22.5
0 17.9541 14.4593 22.5
0 19.4125 15.9177 22.5
0 20.861 17.3662 22.5
0 22.3341 18.8394 22.5
0 23.7813 20.2865 22.5
0 25.2256 21.7309 22.5
0 26.6993 23.2045 22.5
0 28.1473 24.6526 22.5
0 29.6055 26.1108 22.5
0 31.0655 27.5707 22.5
0 32.5078 29.013 22.5
0 33.9581 30.4633 22.5
0 35.4002 31.9055 22.5
0 36.8496 33.3549 22.5
0 38.3109 34.8161 22.5
0 39.7592 36.2645 22.5
0 41.2178 37.723 22.5
0 42.6776 39.1828 22.5
0 44.121 40.6262 22.5
0 45.5778 42.083 22.5
0 47.0376 43.5429 22.5
0 48.5053 45.0105 22.5
0 49.9496 46.4549 22.5
0 51.4035 47.9087 22.5
0 52.8756 49.3808 22.5
0 54.3199 50.8252 22.5
0 55.7935 52.2988 22.5
0 57.2515 53.7568 22.5
0 58.6902 55.1955 22.5
0 60.142 56.6473 22.5
0 61.5853 58.0905 22.5
0 63.0566 59.5619 22.5
0 64.5009 61.0061 22.5
0 65.9665 62.4718 22.5
0 67.4181 63.9234 22.5
0 68.8599 65.3652 22.5
0 70.3034 66.8087 22.5
0 71.7537 68.259 22.5
0 73.1971 69.7024 22.5
0 74.6637 71.169 22.5
0 76.1068 72.6121 22.5
0 77.5504 74.0557 22.5
0 79.0004 75.5056 22.5
0 80.444 76.9493 22.5
0 81.9087 78.414 22.5
0 83.3614 79.8667 22.5
0 84.8221 81.3274 22.5
0 86.2736 82.7789 22.5
0 87.7173 84.2225 22.5
0 89.1606 85.6659 22.5
0 90.612 87.1173 22.5
0 92.0769 88.5821 22.5
0 93.5217 90.0269 22.5
0 94.9741 91.4793 22.5
0 96.418 92.9233 22.5
0 97.8617 94.3669 22.5
0 99.3287 95.834 22.5
0 100.772 97.2772 22.5
0 102.223 98.7286 22.5
0 103.667 100.172 22.5
0 105.111 101.616 22.5
0 106.566 103.072 22.5
0 108.01 104.515 22.5
0 109.462 105.967 22.5
0 110.913 107.418 22.5
0 112.357 108.862 22.5
0 113.806 110.311 22.5
0 115.258 111.763 22.5
0 116.71 113.216 22.5
0 118.161 114.666 22.5
0 119.605 116.11 22.5
0 121.048 117.553 22.5
0 122.504 119.009 22.5
0 123.947 120.452 22.5
0 125.39 121.895 22.5
0 126.841 123.346 22.5
0 128.288 124.793 22.5
0 129.732 126.237 22.5
0 131.19 127.695 22.5
0 132.635 129.14 22.5
0 134.086 130.591 22.5
0 135.535 132.04 22.5
0 136.979 133.484 22.5
0 138.438 134.943 22.5
0 139.882 136.387 22.5
0 141.326 137.832 22.5
0 142.778 139.283 22.5
0 144.221 140.727 22.5
0 145.665 142.17 22.5
0 147.116 143.622 22.5
0 148.559 145.065 22.5
0 150.031 146.536 22.5
0 151.475 147.981 22.5
0 152.92 149.425 22.5
0 154.389 150.894 22.5
0 155.833 152.338 22.5
0 157.276 153.782 22.5
0 158.728 155.233 22.5
0 160.17 156.675 22.5
0 161.619 158.124 22.5
0 163.07 159.576 22.5
0 164.512 161.017 22.5
0 165.974 162.479 22.5
0 167.415 163.921 22.5
0 168.859 165.364 22.5
0 170.316 166.821 22.5
0 171.759 168.264 22.5
0 173.211 169.717 22.5
0 174.663 171.168 22.5
0 176.106 172.611 22.5
0 177.556 174.061 22.5
0 179.007 175.512 22.5
0 180.449 176.954 22.5
0 181.9 178.405 22.5
0 183.342 179.847 22.5
0 184.785 181.291 22.5
0 186.236 182.742 22.5
0 187.7 184.205 22.5
0 189.143 185.648 22.5
0 190.595 187.101 22.5
0 192.039 188.544 22.5
0 193.483 189.989 22.5
0 194.95 191.455 22.5
0 196.393 192.898 22.5
0 197.844 194.35 22.5
0 199.288 195.793 22.5
0 200.731 197.236 22.5
0 202.187 198.692 22.5
0 203.63 200.135 22.5
0 205.073 201.578 22.5
0 206.533 203.039 22.5
0 207.976 204.481 22.5
0 209.425 205.931 22.5
0 210.876 207.381 22.5
0 212.319 208.824 22.5
0 213.775 210.28 22.5
0 215.219 211.724 22.5
0 216.664 213.169 22.5
0 218.122 214.627 22.5
0 219.565 216.07 22.5
0 221.009 217.514 22.5
0 222.46 218.965 22.5
0 223.902 220.407 22.5
0 225.345 221.851 22.5
0 226.797 223.302 22.5
0 228.24 224.745 22.5
0 229.688 226.194 22.5
0 231.14 227.645 22.5
0 232.592 229.097 22.5
0 234.044 230.549 22.5
0 235.487 231.992 22.5
0 236.931 233.436 22.5
0 238.388 234.893 22.5
0 239.83 236.335 22.5
0 241.273 237.778 22.5
1 242.723 8.7e-08 22.5
1 244.165 1.44219 22.5
1 245.609 2.88564 22.5
1 247.06 4.33734 22.5
1 248.504 5.78061 22.5
1 249.952 7.22868 22.5
1 251.403 8.67977 22.5
1 252.846 10.123 22.5
1 254.301 11.5779 22.5
1 255.746 13.0225 22.5
1 257.19 14.467 22.5
1 258.657 15.9341 22.5
1 260.101 17.3781 22.5
1 261.544 18.8213 22.5
1 262.996 20.2728 22.5
1 264.439 21.716 22.5
1 265.91 23.1873 22.5
1 267.355 24.6321 22.5
1 268.8 26.0767 22.5
1 270.257 27.5342 22.5
1 271.701 28.9775 22.5
1 273.154 30.4306 22.5
1 274.604 31.8812 22.5
1 276.047 33.324 22.5
1 277.491 34.7675 22.5
1 278.948 36.2245 22.5
1 280.391 37.6678 22.5
1 281.841 39.1178 22.5
1 283.284 40.5611 22.5
1 284.726 42.0029 22.5
1 286.177 43.4544 22.5
1 287.636 44.9129 22.5
1 289.075 46.3516 22.5
1 290.526 47.8034 22.5
1 291.97 49.2474 22.5
1 293.414 50.6905 22.5
1 294.864 52.1409 22.5
1 296.308 53.5851 22.5
1 297.752 55.0289 22.5
1 299.224 56.5013 22.5
1 300.669 57.9455 22.5
1 302.127 59.4038 22.5
1 303.582 60.8585 22.5
1 305.026 62.3026 22.5
1 306.477 63.7541 22.5
1 307.921 65.1976 22.5
1 309.37 66.6469 22.5
1 310.821 68.0981 22.5
1 312.265 69.5416 22.5
1 313.715 70.9916 22.5
1 315.157 72.4337 22.5
1 316.6 73.8772 22.5
1 318.073 75.3498 22.5
1 319.518 76.7945 22.5
1 320.962 78.2387 22.5
1 322.414 79.6909 22.5
1 323.857 81.1341 22.5
1 325.325 82.6016 22.5
1 326.767 84.0442 22.5
1 328.211 85.4876 22.5
1 329.662 86.939 22.5
1 331.104 88.3811 22.5
1 332.553 89.8302 22.5
1 334.005 91.2815 22.5
1 335.448 92.7248 22.5
1 336.902 94.179 22.5
1 338.352 95.6293 22.5
1 339.802 97.0792 22.5
1 341.254 98.531 22.5
1 342.698 99.9752 22.5
1 344.148 101.425 22.5
1 345.598 102.875 22.5
1 347.048 104.325 22.5
1 348.492 105.769 22.5
1 349.945 107.222 22.5
1 351.389 108.666 22.5
1 352.834 110.111 22.5
1 354.286 111.563 22.5
1 355.729 113.006 22.5
1 357.179 114.456 22.5
1 358.64 115.917 22.5
1 360.083 117.36 22.5
1 361.534 118.811 22.5
1 362.976 120.253 22.5
1 364.425 121.702 22.5
1 365.887 123.164 22.5
1 367.33 124.607 22.5
1 368.773 126.05 22.5
1 370.225 127.502 22.5
1 371.673 128.95 22.5
1 373.116 130.393 22.5
1 374.566 131.843 22.5
1 376.008 133.285 22.5
1 377.467 134.744 22.5
1 378.91 136.187 22.5
1 380.354 137.631 22.5
1 381.812 139.089 22.5
1 383.254 140.531 22.5
1 384.707 141.984 22.5
1 386.159 143.436 22.5
1 387.603 144.88 22.5
1 389.053 146.329 22.5
1 390.504 147.781 22.5
1 391.947 149.224 22.5
1 393.397 150.674 22.5
1 394.84 152.117 22.5
1 396.293 153.57 22.5
1 397.75 155.027 22.5
1 399.194 156.471 22.5
1 400.636 157.913 22.5
1 402.087 159.364 22.5
1 403.534 160.811 22.5
1 404.979 162.256 22.5
1 406.438 163.715 22.5
1 407.881 165.158 22.5
1 409.332 166.609 22.5
1 410.776 168.053 22.5
1 412.219 169.496 22.5
1 413.671 170.948 22.5
1 415.113 172.39 22.5
1 416.556 173.833 22.5
1 418.024 175.3 22.5
1 419.467 176.744 22.5
1 420.91 178.187 22.5
1 422.361 179.638 22.5
1 423.804 181.081 22.5
1 425.276 182.553 22.5
1 426.72 183.997 22.5
1 428.164 185.441 22.5
1 429.622 186.899 22.5
1 431.067 188.343 22.5
1 432.51 189.787 22.5
1 433.961 191.238 22.5
1 435.404 192.681 22.5
1 436.847 194.124 22.5
1 438.299 195.575 22.5
1 439.742 197.019 22.5
1 441.19 198.467 22.5
1 442.64 199.917 22.5
1 444.094 201.371 22.5
1 445.545 202.822 22.5
1 446.989 204.266 22.5
1 448.432 205.709 22.5
1 449.89 207.167 22.5
1 451.332 208.609 22.5
1 452.774 210.051 22.5
1 454.226 211.503 22.5
1 455.668 212.945 22.5
1 457.111 214.388 22.5
1 458.578 215.855 22.5
1 460.018 217.295 22.5
1 461.471 218.748 22.5
1 462.915 220.191 22.5
1 464.358 221.635 22.5
1 465.809 223.086 22.5
1 467.252 224.529 22.5
1 468.695 225.972 22.5
1 470.168 227.445 22.5
1 471.612 228.889 22.5
1 473.057 230.334 22.5
1 474.515 231.792 22.5
1 475.958 233.235 22.5
1 477.414 234.691 22.5
1 478.859 236.136 22.5
1 480.304 237.581 22.5
1 481.762 239.039 22.5
2 483.206 7.6e-08 22.5
2 484.65 1.44367 22.5
2 486.101 2.89512 22.5
2 487.544 4.33762 22.5
2 488.987 5.78099 22.5
2 490.437 7.23109 22.5
2 491.881 8.67462 22.5
2 493.33 10.1242 22.5
2 494.782 11.5755 22.5
2 496.234 13.0275 22.5
2 497.685 14.4788 22.5
2 499.129 15.9225 22.5
2 500.572 17.366 22.5
2 502.028 18.822 22.5
2 503.472 20.2654 22.5
2 504.914 21.7074 22.5
2 506.381 23.175 22.5
2 507.818 24.6119 22.5
2 509.267 26.0613 22.5
2 510.729 27.5226 22.5
2 512.172 28.9658 22.5
2 513.623 30.4173 22.5
2 515.066 31.8596 22.5
2 516.509 33.3029 22.5
2 517.965 34.759 22.5
2 519.409 36.2024 22.5
2 520.85 37.6442 22.5
2 522.311 39.105 22.5
2 523.755 40.5484 22.5
2 525.198 41.9917 22.5
2 526.655 43.449 22.5
2 528.099 44.8925 22.5
2 529.554 46.3474 22.5
2 530.998 47.7916 22.5
2 532.442 49.2359 22.5
2 533.9 50.6943 22.5
2 535.344 52.1382 22.5
2 536.789 53.5824 22.5
2 538.24 55.0337 22.5
2 539.682 56.4761 22.5
2 541.126 57.9194 22.5
2 542.577 59.3709 22.5
2 544.02 60.8142 22.5
2 545.469 62.2624 22.5
2 546.92 63.7136 22.5
2 548.362 65.1558 22.5
2 549.813 66.6072 22.5
2 551.256 68.0494 22.5
2 552.699 69.4928 22.5
2 554.15 70.9441 22.5
2 555.592 72.3862 22.5
2 557.036 73.8295 22.5
2 558.509 75.303 22.5
2 559.953 76.7467 22.5
2 561.398 78.1915 22.5
2 562.865 79.6587 22.5
2 564.308 81.1018 22.5
2 565.759 82.5531 22.5
2 567.203 83.9967 22.5
2 568.645 85.4384 22.5
2 570.102 86.896 22.5
2 571.545 88.3393 22.5
2 572.989 89.7825 22.5
2 574.449 91.2429 22.5
2 575.892 92.6857 22.5
2 577.341 94.135 22.5
2 578.793 95.5864 22.5
2 580.235 97.0285 22.5
2 581.691 98.485 22.5
2 583.136 99.9297 22.5
2 584.58 101.374 22.5
2 586.038 102.832 22.5
2 587.481 104.275 22.5
2 588.925 105.718 22.5
2 590.376 107.17 22.5
2 591.818 108.612 22.5
2 593.261 110.055 22.5
2 594.713 111.507 22.5
2 596.172 112.966 22.5
2 597.623 114.417 22.5
2 599.066 115.86 22.5
2 600.51 117.303 22.5
2 601.961 118.755 22.5
2 603.403 120.197 22.5
2 604.847 121.641 22.5
2 606.303 123.097 22.5
2 607.757 124.551 22.5
2 609.201 125.994 22.5
2 610.652 127.446 22.5
2 612.096 128.889 22.5
2 613.544 130.338 22.5
2 615.005 131.799 22.5
2 616.449 133.243 22.5
2 617.9 134.694 22.5
2 619.343 136.136 22.5
2 620.786 137.58 22.5
2 622.243 139.036 22.5
2 623.686 140.48 22.5
2 625.129 141.922 22.5
2 626.591 143.384 22.5
2 628.034 144.828 22.5
2 629.483 146.277 22.5
2 630.935 147.728 22.5
2 632.377 149.171 22.5
2 633.833 150.627 22.5
2 635.277 152.071 22.5
2 636.722 153.516 22.5
2 638.18 154.974 22.5
2 639.623 156.417 22.5
2 641.067 157.861 22.5
2 642.518 159.312 22.5
2 643.96 160.754 22.5
2 645.404 162.198 22.5
2 646.856 163.649 22.5
2 648.299 165.093 22.5
2 649.747 166.541 22.5
2 651.203 167.997 22.5
2 652.653 169.447 22.5
2 654.104 170.897 22.5
2 655.546 172.34 22.5
2 656.989 173.783 22.5
2 658.445 175.239 22.5
2 659.889 176.683 22.5
2 661.332 178.126 22.5
2 662.782 179.576 22.5
2 664.224 181.018 22.5
2 665.668 182.461 22.5
2 667.141 183.934 22.5
2 668.585 185.379 22.5
2 670.037 186.831 22.5
2 671.482 188.276 22.5
2 672.925 189.719 22.5
2 674.393 191.187 22.5
2 675.836 192.63 22.5
2 677.28 194.074 22.5
2 678.732 195.526 22.5
2 680.175 196.969 22.5
2 681.623 198.417 22.5
2 683.075 199.869 22.5
2 684.519 201.312 22.5
2 685.979 202.773 22.5
2 687.423 204.217 22.5
2 688.866 205.66 22.5
2 690.323 207.117 22.5
2 691.766 208.56 22.5
2 693.218 210.012 22.5
2 694.669 211.463 22.5
2 696.113 212.907 22.5
2 697.563 214.357 22.5
2 699.013 215.807 22.5
2 700.456 217.25 22.5
2 701.908 218.702 22.5
2 703.35 220.144 22.5
2 704.794 221.588 22.5
2 706.245 223.039 22.5
2 707.709 224.503 22.5
2 709.153 225.947 22.5
2 710.605 227.399 22.5
2 712.066 228.859 22.5
2 713.518 230.312 22.5
2 714.962 231.756 22.5
2 716.405 233.199 22.5
2 717.857 234.65 22.5
2 719.299 236.093 22.5
2 720.743 237.536 22.5
2 722.199 238.993 22.5
3 723.642 8.6e-08 22.5
3 725.084 1.44224 22.5
3 726.536 2.8935 22.5
3 727.978 4.33568 22.5
3 729.421 5.77926 22.5
3 730.873 7.23095 22.5
3 732.315 8.67303 22.5
3 733.788 10.1456 22.5
3 735.232 11.5902 22.5
3 736.677 13.0349 22.5
3 738.134 14.4921 22.5
3 739.577 15.9352 22.5
3 741.031 17.3888 22.5
3 742.482 18.8397 22.5
3 743.925 20.2831 22.5
3 745.398 21.7558 22.5
3 746.842 23.2001 22.5
3 748.287 24.6448 22.5
3 749.745 26.1029 22.5
3 751.188 27.5462 22.5
3 752.642 29.0001 22.5
3 754.093 30.4511 22.5
3 755.537 31.8946 22.5
3 756.986 33.3441 22.5
3 758.437 34.7952 22.5
3 759.879 36.2373 22.5
3 761.331 37.6886 22.5
3 762.773 39.1307 22.5
3 764.227 40.5846 22.5
3 765.684 42.0418 22.5
3 767.127 43.4853 22.5
3 768.571 44.9288 22.5
3 770.021 46.3788 22.5
3 771.468 47.8259 22.5
3 772.912 49.2702 22.5
3 774.37 50.7283 22.5
3 775.815 52.1729 22.5
3 777.267 53.6252 22.5
3 778.711 55.0686 22.5
3 780.155 56.5124 22.5
3 781.606 57.9638 22.5
3 783.069 59.4273 22.5
3 784.514 60.8715 22.5
3 785.966 62.3241 22.5
3 787.411 63.7689 22.5
3 788.854 65.2121 22.5
3 790.322 66.6795 22.5
3 791.766 68.1238 22.5
3 793.217 69.5752 22.5
3 794.66 71.0174 22.5
3 796.103 72.4609 22.5
3 797.559 73.9169 22.5
3 799.002 75.3602 22.5
3 800.445 76.8024 22.5
3 801.896 78.2537 22.5
3 803.338 79.6961 22.5
3 804.782 81.1395 22.5
3 806.233 82.591 22.5
3 807.676 84.0342 22.5
3 809.143 85.5005 22.5
3 810.585 86.9433 22.5
3 812.029 88.3869 22.5
3 813.481 89.8383 22.5
3 814.923 91.2806 22.5
3 816.366 92.7241 22.5
3 817.823 94.1804 22.5
3 819.266 95.6239 22.5
3 820.708 97.066 22.5
3 822.16 98.5174 22.5
3 823.612 99.9698 22.5
3 825.055 101.413 22.5
3 826.512 102.87 22.5
3 827.966 104.324 22.5
3 829.417 105.774 22.5
3 830.86 107.218 22.5
3 832.304 108.661 22.5
3 833.761 110.119 22.5
3 835.203 111.561 22.5
3 836.645 113.003 22.5
3 838.096 114.454 22.5
3 839.538 115.895 22.5
3 840.981 117.339 22.5
3 842.432 118.79 22.5
3 843.875 120.233 22.5
3 845.323 121.681 22.5
3 846.775 123.132 22.5
3 848.217 124.575 22.5
3 849.673 126.031 22.5
3 851.117 127.475 22.5
3 852.562 128.92 22.5
3 854.019 130.377 22.5
3 855.463 131.821 22.5
3 856.906 133.264 22.5
3 858.358 134.715 22.5
3 859.8 136.158 22.5
3 861.244 137.601 22.5
3 862.695 139.053 22.5
3 864.16 140.518 22.5
3 865.612 141.97 22.5
3 867.057 143.414 22.5
3 868.517 144.875 22.5
3 869.969 146.327 22.5
3 871.413 147.771 22.5
3 872.856 149.214 22.5
3 874.308 150.666 22.5
3 875.752 152.109 22.5
3 877.2 153.558 22.5
3 878.652 155.01 22.5
3 880.094 156.452 22.5
3 881.546 157.904 22.5
3 882.993 159.351 22.5
3 884.438 160.796 22.5
3 885.896 162.253 22.5
3 887.34 163.698 22.5
3 888.785 165.142 22.5
3 890.236 166.594 22.5
3 891.68 168.038 22.5
3 893.124 169.482 22.5
3 894.575 170.933 22.5
3 896.018 172.375 22.5
3 897.467 173.825 22.5
3 898.918 175.276 22.5
3 900.377 176.735 22.5
3 901.834 178.192 22.5
3 903.278 179.636 22.5
3 904.733 181.091 22.5
3 906.185 182.543 22.5
3 907.628 183.986 22.5
3 909.072 185.43 22.5
3 910.53 186.887 22.5
3 911.973 188.331 22.5
3 913.425 189.783 22.5
3 914.867 191.225 22.5
3 916.321 192.679 22.5
3 917.778 194.136 22.5
3 919.221 195.579 22.5
3 920.664 197.022 22.5
3 922.116 198.474 22.5
3 923.564 199.922 22.5
3 925.008 201.366 22.5
3 926.466 202.824 22.5
3 927.91 204.268 22.5
3 929.363 205.72 22.5
3 930.806 207.164 22.5
3 932.25 208.608 22.5
3 933.701 210.059 22.5
3 935.145 211.503 22.5
3 936.589 212.946 22.5
3 938.055 214.413 22.5
3 939.499 215.856 22.5
3 940.942 217.3 22.5
3 942.392 218.75 22.5
3 943.836 220.194 22.5
3 945.286 221.644 22.5
3 946.737 223.095 22.5
3 948.18 224.538 22.5
3 949.642 225.999 22.5
3 951.085 227.442 22.5
3 952.527 228.885 22.5
3 953.985 230.342 22.5
3 955.427 231.785 22.5
3 956.88 233.238 22.5
3 958.332 234.69 22.5
3 959.776 236.134 22.5
3 961.219 237.577 22.5
3 962.676 239.034 22.5
4 964.12 9.9e-08 22.5
4 965.572 1.45159 22.5
4 967.014 2.89387 22.5
4 968.457 4.33744 22.5
4 969.908 5.78793 22.5
4 971.352 7.2316 22.5
4 972.795 8.67517 22.5
4 974.251 10.1313 22.5
4 975.705 11.5848 22.5
4 977.148 13.028 22.5
4 978.6 14.4797 22.5
4 980.043 15.923 22.5
4 981.491 17.3713 22.5
4 982.943 18.8226 22.5
4 984.385 20.2649 22.5
4 985.853 21.7327 22.5
4 987.29 23.1697 22.5
4 988.733 24.6135 22.5
4 990.201 26.081 22.5
4 991.645 27.5246 22.5
4 993.088 28.968 22.5
4 994.539 30.4188 22.5
4 995.982 31.8617 22.5
4 997.43 33.3099 22.5
4 998.88 34.7599 22.5
4 1000.32 36.2034 22.5
4 1001.79 37.6653 22.5
4 1003.23 39.1082 22.5
4 1004.67 40.5516 22.5
4 1006.13 42.0078 22.5
4 1007.57 43.4507 22.5
4 1009.02 44.9031 22.5
4 1010.47 46.3545 22.5
4 1011.92 47.7979 22.5
4 1013.37 49.2474 22.5
4 1014.82 50.6987 22.5
4 1016.26 52.1409 22.5
4 1017.71 53.5922 22.5
4 1019.15 55.0344 22.5
4 1020.61 56.4881 22.5
4 1022.07 57.9451 22.5
4 1023.51 59.3888 22.5
4 1024.95 60.8309 22.5
4 1026.4 62.2824 22.5
4 1027.84 63.7248 22.5
4 1029.29 65.1684 22.5
4 1030.74 66.6202 22.5
4 1032.18 68.0623 22.5
4 1033.63 69.5118 22.5
4 1035.08 70.9632 22.5
4 1036.53 72.4053 22.5
4 1037.99 73.8736 22.5
4 1039.43 75.31 22.5
4 1040.87 76.7534 22.5
4 1042.34 78.2246 22.5
4 1043.79 79.6689 22.5
4 1045.23 81.113 22.5
4 1046.69 82.5713 22.5
4 1048.14 84.0154 22.5
4 1049.59 85.4669 22.5
4 1051.03 86.9104 22.5
4 1052.47 88.354 22.5
4 1053.95 89.8268 22.5
4 1055.39 91.2711 22.5
4 1056.84 92.7156 22.5
4 1058.29 94.167 22.5
4 1059.73 95.6106 22.5
4 1061.2 97.0825 22.5
4 1062.65 98.5268 22.5
4 1064.09 99.971 22.5
4 1065.55 101.429 22.5
4 1066.99 102.874 22.5
4 1068.44 104.317 22.5
4 1069.89 105.769 22.5
4 1071.33 107.213 22.5
4 1072.78 108.656 22.5
4 1074.23 110.108 22.5
4 1075.69 111.572 22.5
4 1077.14 113.025 22.5
4 1078.59 114.469 22.5
4 1080.03 115.913 22.5
4 1081.49 117.371 22.5
4 1082.93 118.814 22.5
4 1084.38 120.257 22.5
4 1085.83 121.709 22.5
4 1087.28 123.162 22.5
4 1088.72 124.605 22.5
4 1090.18 126.062 22.5
4 1091.63 127.505 22.5
4 1093.08 128.957 22.5
4 1094.52 130.404 22.5
4 1095.97 131.848 22.5
4 1097.43 133.307 22.5
4 1098.87 134.751 22.5
4 1100.32 136.196 22.5
4 1101.77 137.647 22.5
4 1103.21 139.089 22.5
4 1104.65 140.533 22.5
4 1106.12 142.004 22.5
4 1107.57 143.448 22.5
4 1109.02 144.901 22.5
4 1110.47 146.346 22.5
4 1111.91 147.79 22.5
4 1113.38 149.263 22.5
4 1114.83 150.707 22.5
4 1116.27 152.151 22.5
4 1117.73 153.61 22.5
4 1119.17 155.054 22.5
4 1120.63 156.506 22.5
4 1122.07 157.949 22.5
4 1123.51 159.393 22.5
4 1124.98 160.864 22.5
4 1126.43 162.308 22.5
4 1127.87 163.752 22.5
4 1129.32 165.205 22.5
4 1130.77 166.649 22.5
4 1132.24 168.116 22.5
4 1133.68 169.56 22.5
4 1135.12 171.003 22.5
4 1136.57 172.455 22.5
4 1138.02 173.899 22.5
4 1139.46 175.342 22.5
4 1140.92 176.798 22.5
4 1142.36 178.242 22.5
4 1143.8 179.684 22.5
4 1145.25 181.135 22.5
4 1146.71 182.588 22.5
4 1148.16 184.038 22.5
4 1149.61 185.49 22.5
4 1151.06 186.942 22.5
4 1152.51 188.393 22.5
4 1153.96 189.837 22.5
4 1155.4 191.281 22.5
4 1156.86 192.737 22.5
4 1158.3 194.18 22.5
4 1159.74 195.623 22.5
4 1161.19 197.074 22.5
4 1162.64 198.517 22.5
4 1164.08 199.961 22.5
4 1165.55 201.434 22.5
4 1167 202.878 22.5
4 1168.45 204.33 22.5
4 1169.91 205.79 22.5
4 1171.35 207.235 22.5
4 1172.81 208.687 22.5
4 1174.25 210.131 22.5
4 1175.69 211.574 22.5
4 1177.15 213.026 22.5
4 1178.59 214.469 22.5
4 1180.04 215.918 22.5
4 1181.49 217.37 22.5
4 1182.93 218.812 22.5
4 1184.39 220.275 22.5
4 1185.84 221.718 22.5
4 1187.28 223.162 22.5
4 1188.75 224.629 22.5
4 1190.19 226.071 22.5
4 1191.63 227.514 22.5
4 1193.09 228.966 22.5
4 1194.53 230.409 22.5
4 1195.98 231.859 22.5
4 1197.43 233.311 22.5
4 1198.87 234.753 22.5
4 1200.32 236.204 22.5
4 1201.77 237.647 22.5
4 1203.21 239.09 22.5
5 1204.66 1.18e-07 22.5
5 1206.12 1.45842 22.5
5 1207.56 2.90144 22.5
5 1209.01 4.35305 22.5
5 1210.46 5.79556 22.5
5 1211.9 7.239 22.5
5 1213.35 8.69087 22.5
5 1214.8 10.1343 22.5
5 1216.24 11.5827 22.5
5 1217.7 13.0342 22.5
5 1219.14 14.4764 22.5
5 1220.59 15.928 22.5
5 1222.03 17.3701 22.5
5 1223.48 18.8139 22.5
5 1224.95 20.2867 22.5
5 1226.39 21.7312 22.5
5 1227.84 23.1757 22.5
5 1229.29 24.6278 22.5
5 1230.73 26.0723 22.5
5 1232.2 27.5403 22.5
5 1233.65 28.9835 22.5
5 1235.09 30.4276 22.5
5 1236.56 31.9003 22.5
5 1238.01 33.3445 22.5
5 1239.45 34.7886 22.5
5 1240.9 36.2406 22.5
5 1242.35 37.6851 22.5
5 1243.82 39.158 22.5
5 1245.26 40.602 22.5
5 1246.71 42.0467 22.5
5 1248.17 43.5049 22.5
5 1249.61 44.9495 22.5
5 1251.06 46.3939 22.5
5 1252.51 47.8456 22.5
5 1253.95 49.2894 22.5
5 1255.39 50.7331 22.5
5 1256.85 52.1834 22.5
5 1258.29 53.6272 22.5
5 1259.73 55.0697 22.5
5 1261.19 56.5268 22.5
5 1262.64 57.9819 22.5
5 1264.09 59.433 22.5
5 1265.54 60.8768 22.5
5 1266.98 62.3207 22.5
5 1268.44 63.7783 22.5
5 1269.88 65.2203 22.5
5 1271.32 66.6628 22.5
5 1272.78 68.1145 22.5
5 1274.22 69.5572 22.5
5 1275.66 71.0008 22.5
5 1277.14 72.4733 22.5
5 1278.58 73.9174 22.5
5 1280.03 75.3699 22.5
5 1281.5 76.8354 22.5
5 1282.94 78.2777 22.5
5 1284.39 79.728 22.5
5 1285.83 81.1707 22.5
5 1287.28 82.6144 22.5
5 1288.73 84.0664 22.5
5 1290.17 85.5088 22.5
5 1291.62 86.9586 22.5
5 1293.07 88.4088 22.5
5 1294.51 89.8525 22.5
5 1295.98 91.3146 22.5
5 1297.42 92.7573 22.5
5 1298.86 94.2 22.5
5 1300.33 95.6671 22.5
5 1301.77 97.1111 22.5
5 1303.22 98.5547 22.5
5 1304.67 100.005 22.5
5 1306.11 101.449 22.5
5 1307.56 102.898 22.5
5 1309.01 104.35 22.5
5 1310.45 105.792 22.5
5 1311.91 107.244 22.5
5 1313.35 108.686 22.5
5 1314.8 110.14 22.5
5 1316.26 111.597 22.5
5 1317.7 113.041 22.5
5 1319.14 114.483 22.5
5 1320.6 115.935 22.5
5 1322.04 117.382 22.5
5 1323.49 118.826 22.5
5 1324.95 120.284 22.5
5 1326.39 121.728 22.5
5 1327.84 123.18 22.5
5 1329.29 124.624 22.5
5 1330.73 126.068 22.5
5 1332.18 127.52 22.5
5 1333.62 128.962 22.5
5 1335.07 130.406 22.5
5 1336.53 131.873 22.5
5 1337.98 133.317 22.5
5 1339.42 134.76 22.5
5 1340.87 136.212 22.5
5 1342.32 137.654 22.5
5 1343.76 139.097 22.5
5 1345.21 140.553 22.5
5 1346.66 141.997 22.5
5 1348.12 143.457 22.5
5 1349.56 144.9 22.5
5 1351.01 146.344 22.5
5 1352.46 147.801 22.5
5 1353.91 149.244 22.5
5 1355.36 150.697 22.5
5 1356.81 152.148 22.5
5 1358.25 153.592 22.5
5 1359.7 155.035 22.5
5 1361.15 156.492 22.5
5 1362.6 157.936 22.5
5 1364.05 159.388 22.5
5 1365.49 160.83 22.5
5 1366.95 162.284 22.5
5 1368.4 163.74 22.5
5 1369.85 165.184 22.5
5 1371.29 166.627 22.5
5 1372.74 168.078 22.5
5 1374.19 169.527 22.5
5 1375.63 170.971 22.5
5 1377.09 172.43 22.5
5 1378.54 173.874 22.5
5 1379.99 175.326 22.5
5 1381.43 176.77 22.5
5 1382.88 178.214 22.5
5 1384.33 179.665 22.5
5 1385.79 181.13 22.5
5 1387.24 182.574 22.5
5 1388.69 184.026 22.5
5 1390.13 185.471 22.5
5 1391.58 186.916 22.5
5 1393.05 188.384 22.5
5 1394.49 189.828 22.5
5 1395.94 191.28 22.5
5 1397.39 192.724 22.5
5 1398.83 194.167 22.5
5 1400.29 195.624 22.5
5 1401.73 197.067 22.5
5 1403.17 198.51 22.5
5 1404.62 199.961 22.5
5 1406.07 201.404 22.5
5 1407.51 202.848 22.5
5 1408.96 204.299 22.5
5 1410.4 205.742 22.5
5 1411.88 207.214 22.5
5 1413.32 208.658 22.5
5 1414.76 210.103 22.5
5 1416.22 211.561 22.5
5 1417.67 213.005 22.5
5 1419.11 214.449 22.5
5 1420.56 215.901 22.5
5 1422.01 217.343 22.5
5 1423.45 218.787 22.5
5 1424.9 220.239 22.5
5 1426.34 221.681 22.5
5 1427.79 223.131 22.5
5 1429.24 224.582 22.5
5 1430.7 226.034 22.5
5 1432.15 227.486 22.5
5 1433.59 228.929 22.5
5 1435.03 230.372 22.5
5 1436.49 231.83 22.5
5 1437.93 233.273 22.5
5 1439.38 234.716 22.5
5 1440.83 236.167 22.5
5 1442.27 237.61 22.5
5 1443.71 239.052 22.5
5 1445.19 240.525 22.5
5 1446.63 241.97 22.5
5 1448.08 243.422 22.5
6 1449.53 9.1e-08 22.5
6 1450.97 1.44422 22.5
6 1452.45 2.91733 22.5
6 1453.89 4.36152 22.5
6 1455.33 5.80553 22.5
6 1456.79 7.26385 22.5
6 1458.24 8.70817 22.5
6 1459.69 10.1605 22.5
6 1461.13 11.6049 22.5
6 1462.58 13.0482 22.5
6 1464.03 14.5005 22.5
6 1465.47 15.9431 22.5
6 1466.91 17.3868 22.5
6 1468.37 18.8437 22.5
6 1469.81 20.2866 22.5
6 1471.27 21.7401 22.5
6 1472.72 23.1916 22.5
6 1474.16 24.6352 22.5
6 1475.61 26.0848 22.5
6 1477.06 27.5362 22.5
6 1478.52 28.9883 22.5
6 1479.97 30.4398 22.5
6 1481.41 31.8834 22.5
6 1482.85 33.327 22.5
6 1484.31 34.7831 22.5
6 1485.76 36.2364 22.5
6 1487.21 37.6797 22.5
6 1488.66 39.1312 22.5
6 1490.12 40.5889 22.5
6 1491.57 42.0403 22.5
6 1493.01 43.4837 22.5
6 1494.46 44.9272 22.5
6 1495.91 46.3779 22.5
6 1497.35 47.8207 22.5
6 1498.79 49.2642 22.5
6 1500.25 50.7215 22.5
6 1501.69 52.1636 22.5
6 1503.13 53.607 22.5
6 1504.58 55.0568 22.5
6 1506.03 56.4989 22.5
6 1507.49 57.9576 22.5
6 1508.94 59.4095 22.5
6 1510.38 60.8532 22.5
6 1511.83 62.3047 22.5
6 1513.27 63.7468 22.5
6 1514.72 65.1904 22.5
6 1516.17 66.6419 22.5
6 1517.61 68.0841 22.5
6 1519.08 69.5488 22.5
6 1520.53 71.0009 22.5
6 1521.97 72.4452 22.5
6 1523.44 73.9134 22.5
6 1524.89 75.3572 22.5
6 1526.33 76.8009 22.5
6 1527.78 78.2522 22.5
6 1529.22 79.6959 22.5
6 1530.67 81.1393 22.5
6 1532.12 82.5953 22.5
6 1533.57 84.0387 22.5
6 1535.01 85.481 22.5
6 1536.46 86.9324 22.5
6 1537.91 88.385 22.5
6 1539.36 89.8284 22.5
6 1540.81 91.2855 22.5
6 1542.27 92.7388 22.5
6 1543.72 94.1901 22.5
6 1545.16 95.6338 22.5
6 1546.61 97.0774 22.5
6 1548.06 98.5335 22.5
6 1549.5 99.9767 22.5
6 1550.95 101.419 22.5
6 1552.41 102.887 22.5
6 1553.85 104.325 22.5
6 1555.3 105.774 22.5
6 1556.76 107.236 22.5
6 1558.21 108.683 22.5
6 1559.66 110.13 22.5
6 1561.1 111.573 22.5
6 1562.54 113.016 22.5
6 1564 114.472 22.5
6 1565.44 115.915 22.5
6 1566.88 117.357 22.5
6 1568.35 118.818 22.5
6 1569.79 120.261 22.5
6 1571.24 121.71 22.5
6 1572.69 123.162 22.5
6 1574.13 124.604 22.5
6 1575.59 126.058 22.5
6 1577.03 127.502 22.5
6 1578.47 128.945 22.5
6 1579.93 130.402 22.5
6 1581.37 131.846 22.5
6 1582.82 133.289 22.5
6 1584.27 134.741 22.5
6 1585.71 136.184 22.5
6 1587.16 137.632 22.5
6 1588.61 139.082 22.5
6 1590.05 140.523 22.5
6 1591.49 141.965 22.5
6 1592.95 143.422 22.5
6 1594.4 144.875 22.5
6 1595.85 146.326 22.5
6 1597.3 147.769 22.5
6 1598.74 149.212 22.5
6 1600.2 150.669 22.5
6 1601.64 152.112 22.5
6 1603.08 153.555 22.5
6 1604.53 155.006 22.5
6 1605.99 156.458 22.5
6 1607.43 157.902 22.5
6 1608.89 159.358 22.5
6 1610.33 160.801 22.5
6 1611.78 162.252 22.5
6 1613.23 163.7 22.5
6 1614.67 165.142 22.5
6 1616.12 166.592 22.5
6 1617.56 168.033 22.5
6 1619 169.476 22.5
6 1620.46 170.932 22.5
6 1621.9 172.375 22.5
6 1623.35 173.819 22.5
6 1624.8 175.27 22.5
6 1626.24 176.713 22.5
6 1627.69 178.161 22.5
6 1629.14 179.611 22.5
6 1630.58 181.053 22.5
6 1632.05 182.518 22.5
6 1633.49 183.961 22.5
6 1634.93 185.404 22.5
6 1636.38 186.855 22.5
6 1637.83 188.298 22.5
6 1639.27 189.741 22.5
6 1640.73 191.199 22.5
6 1642.17 192.641 22.5
6 1643.61 194.085 22.5
6 1645.06 195.536 22.5
6 1646.52 196.99 22.5
6 1647.96 198.433 22.5
6 1649.42 199.89 22.5
6 1650.87 201.343 22.5
6 1652.32 202.794 22.5
6 1653.77 204.238 22.5
6 1655.21 205.68 22.5
6 1656.66 207.137 22.5
6 1658.11 208.579 22.5
6 1659.55 210.023 22.5
6 1661 211.475 22.5
6 1662.45 212.917 22.5
6 1663.89 214.36 22.5
6 1665.36 215.832 22.5
6 1666.8 217.274 22.5
6 1668.25 218.723 22.5
6 1669.69 220.166 22.5
6 1671.14 221.609 22.5
6 1672.59 223.059 22.5
6 1674.03 224.502 22.5
6 1675.47 225.945 22.5
6 1676.93 227.402 22.5
6 1678.37 228.845 22.5
6 1679.82 230.288 22.5
6 1681.27 231.739 22.5
6 1682.71 233.182 22.5
6 1684.16 234.63 22.5
6 1685.61 236.08 22.5
6 1687.05 237.522 22.5
6 1688.49 238.964 22.5
6 1689.95 240.42 22.5
6 1691.4 241.873 22.5
6 1692.85 243.324 22.5
6 1694.3 244.767 22.5
6 1695.74 246.21 22.5
6 1697.2 247.668 22.5
7 1698.64 8.1e-08 22.5
7 1700.08 1.44296 22.5
7 1701.53 2.89389 22.5
7 1702.98 4.33683 22.5
7 1704.42 5.78021 22.5
7 1705.87 7.23121 22.5
7 1707.31 8.67416 22.5
7 1708.76 10.1178 22.5
7 1710.21 11.5752 22.5
7 1711.66 13.0189 22.5
7 1713.12 14.4793 22.5
7 1714.56 15.923 22.5
7 1716 17.3665 22.5
7 1717.46 18.8228 22.5
7 1718.9 20.2664 22.5
7 1720.36 21.72 22.5
7 1721.81 23.1715 22.5
7 1723.25 24.6145 22.5
7 1724.7 26.0573 22.5
7 1726.15 27.5135 22.5
7 1727.61 28.972 22.5
7 1729.06 30.4221 22.5
7 1730.5 31.8636 22.5
7 1731.96 33.3215 22.5
7 1733.41 34.7726 22.5
7 1734.85 36.2162 22.5
7 1736.3 37.6585 22.5
7 1737.75 39.1101 22.5
7 1739.19 40.5527 22.5
7 1740.63 41.9963 22.5
7 1742.09 43.453 22.5
7 1743.53 44.8959 22.5
7 1744.99 46.3471 22.5
7 1746.44 47.8005 22.5
7 1747.88 49.2435 22.5
7 1749.34 50.7009 22.5
7 1750.79 52.1549 22.5
7 1752.24 53.5979 22.5
7 1753.69 55.0498 22.5
7 1755.13 56.4931 22.5
7 1756.57 57.9355 22.5
7 1758.03 59.3917 22.5
7 1759.47 60.8354 22.5
7 1760.94 62.3027 22.5
7 1762.38 63.7437 22.5
7 1763.82 65.185 22.5
7 1765.29 66.6513 22.5
7 1766.73 68.094 22.5
7 1768.18 69.5376 22.5
7 1769.63 70.9889 22.5
7 1771.07 72.4325 22.5
7 1772.51 73.8763 22.5
7 1773.97 75.3331 22.5
7 1775.42 76.7767 22.5
7 1776.88 78.2386 22.5
7 1778.32 79.6823 22.5
7 1779.76 81.1253 22.5
7 1781.22 82.5817 22.5
7 1782.66 84.0257 22.5
7 1784.12 85.478 22.5
7 1785.57 86.9291 22.5
7 1787.01 88.3727 22.5
7 1788.45 89.8164 22.5
7 1789.91 91.2731 22.5
7 1791.35 92.716 22.5
7 1792.81 94.1671 22.5
7 1794.25 95.6103 22.5
7 1795.7 97.0638 22.5
7 1797.16 98.5204 22.5
7 1798.6 99.963 22.5
7 1800.04 101.406 22.5
7 1801.5 102.857 22.5
7 1802.94 104.305 22.5
7 1804.38 105.746 22.5
7 1805.83 107.195 22.5
7 1807.28 108.638 22.5
7 1808.72 110.08 22.5
7 1810.18 111.537 22.5
7 1811.62 112.98 22.5
7 1813.07 114.431 22.5
7 1814.51 115.874 22.5
7 1815.95 117.316 22.5
7 1817.43 118.789 22.5
7 1818.87 120.23 22.5
7 1820.31 121.672 22.5
7 1821.77 123.127 22.5
7 1823.21 124.57 22.5
7 1824.65 126.013 22.5
7 1826.11 127.47 22.5
7 1827.55 128.912 22.5
7 1829 130.359 22.5
7 1830.44 131.804 22.5
7 1831.88 133.245 22.5
7 1833.33 134.696 22.5
7 1834.78 136.138 22.5
7 1836.23 137.591 22.5
7 1837.69 139.048 22.5
7 1839.13 140.491 22.5
7 1840.58 141.945 22.5
7 1842.03 143.396 22.5
7 1843.48 144.839 22.5
7 1844.92 146.282 22.5
7 1846.38 147.739 22.5
7 1847.82 149.183 22.5
7 1849.27 150.634 22.5
7 1850.72 152.077 22.5
7 1852.16 153.52 22.5
7 1853.61 154.971 22.5
7 1855.07 156.435 22.5
7 1856.52 157.877 22.5
7 1857.97 159.327 22.5
7 1859.41 160.774 22.5
7 1860.86 162.217 22.5
7 1862.31 163.674 22.5
7 1863.76 165.118 22.5
7 1865.21 166.569 22.5
7 1866.65 168.013 22.5
7 1868.09 169.456 22.5
7 1869.55 170.908 22.5
7 1870.99 172.351 22.5
7 1872.43 173.794 22.5
7 1873.91 175.267 22.5
7 1875.35 176.709 22.5
7 1876.79 178.151 22.5
7 1878.24 179.601 22.5
7 1879.68 181.043 22.5
7 1881.12 182.486 22.5
7 1882.58 183.943 22.5
7 1884.02 185.386 22.5
7 1885.47 186.836 22.5
7 1886.92 188.28 22.5
7 1888.36 189.723 22.5
7 1889.81 191.174 22.5
7 1891.26 192.617 22.5
7 1892.72 194.081 22.5
7 1894.17 195.531 22.5
7 1895.61 196.974 22.5
7 1897.05 198.416 22.5
7 1898.5 199.866 22.5
7 1899.96 201.324 22.5
7 1901.41 202.776 22.5
7 1902.86 204.218 22.5
7 1904.3 205.661 22.5
7 1905.75 207.113 22.5
7 1907.19 208.555 22.5
7 1908.64 209.998 22.5
7 1910.09 211.454 22.5
7 1911.54 212.898 22.5
7 1912.98 214.34 22.5
7 1914.44 215.802 22.5
7 1915.88 217.245 22.5
7 1917.33 218.689 22.5
7 1918.78 220.146 22.5
7 1920.23 221.589 22.5
7 1921.68 223.045 22.5
7 1923.13 224.489 22.5
7 1924.57 225.932 22.5
7 1926.03 227.39 22.5
7 1927.47 228.834 22.5
7 1928.92 230.277 22.5
7 1930.37 231.729 22.5
7 1931.81 233.173 22.5
7 1933.26 234.621 22.5
7 1934.71 236.071 22.5
7 1936.15 237.513 22.5
7 1937.59 238.954 22.5
7 1939.05 240.411 22.5
7 1940.5 241.863 22.5
7 1941.95 243.314 22.5
7 1943.4 244.757 22.5
7 1944.84 246.201 22.5
7 1946.3 247.658 22.5
7 1947.74 249.102 22.5
7 1949.18 250.544 22.5
7 1950.63 251.996 22.5
8 1952.08 8.1e-08 22.5
8 1953.52 1.44302 22.5
8 1954.97 2.89352 22.5
8 1956.41 4.33631 22.5
8 1957.86 5.77918 22.5
8 1959.31 7.23668 22.5
8 1960.76 8.68011 22.5
8 1962.22 10.1409 22.5
8 1963.66 11.5842 22.5
8 1965.1 13.0276 22.5
8 1966.57 14.4949 22.5
8 1968.02 15.9384 22.5
8 1969.46 17.3816 22.5
8 1970.91 18.8327 22.5
8 1972.35 20.276 22.5
8 1973.83 21.7487 22.5
8 1975.27 23.1904 22.5
8 1976.71 24.632 22.5
8 1978.17 26.098 22.5
8 1979.62 27.5402 22.5
8 1981.06 28.9827 22.5
8 1982.51 30.4338 22.5
8 1983.95 31.8778 22.5
8 1985.4 33.3197 22.5
8 1986.85 34.7705 22.5
8 1988.29 36.2128 22.5
8 1989.73 37.6554 22.5
8 1991.19 39.1121 22.5
8 1992.65 40.57 22.5
8 1994.1 42.0201 22.5
8 1995.54 43.4616 22.5
8 1996.98 44.9036 22.5
8 1998.44 46.3598 22.5
8 1999.89 47.8131 22.5
8 2001.33 49.256 22.5
8 2002.78 50.7074 22.5
8 2004.23 52.1497 22.5
8 2005.67 53.5931 22.5
8 2007.13 55.0493 22.5
8 2008.57 56.4926 22.5
8 2010.02 57.9435 22.5
8 2011.47 59.3962 22.5
8 2012.92 60.8393 22.5
8 2014.37 62.2965 22.5
8 2015.82 63.7401 22.5
8 2017.26 65.1842 22.5
8 2018.72 66.6405 22.5
8 2020.16 68.0846 22.5
8 2021.61 69.5286 22.5
8 2023.06 70.9863 22.5
8 2024.51 72.4302 22.5
8 2025.96 73.8816 22.5
8 2027.4 75.325 22.5
8 2028.85 76.7685 22.5
8 2030.32 78.24 22.5
8 2031.76 79.6841 22.5
8 2033.21 81.1282 22.5
8 2034.66 82.5802 22.5
8 2036.1 84.024 22.5
8 2037.57 85.4917 22.5
8 2039.01 86.935 22.5
8 2040.46 88.3786 22.5
8 2041.91 89.8299 22.5
8 2043.35 91.2734 22.5
8 2044.79 92.7167 22.5
8 2046.25 94.1725 22.5
8 2047.69 95.6154 22.5
8 2049.13 97.0578 22.5
8 2050.58 98.5076 22.5
8 2052.04 99.9608 22.5
8 2053.48 101.404 22.5
8 2054.94 102.86 22.5
8 2056.39 104.318 22.5
8 2057.85 105.768 22.5
8 2059.29 107.21 22.5
8 2060.73 108.652 22.5
8 2062.18 110.107 22.5
8 2063.63 111.55 22.5
8 2065.07 112.993 22.5
8 2066.52 114.443 22.5
8 2067.96 115.886 22.5
8 2069.41 117.329 22.5
8 2070.88 118.802 22.5
8 2072.32 120.245 22.5
8 2073.77 121.696 22.5
8 2075.22 123.144 22.5
8 2076.66 124.587 22.5
8 2078.12 126.043 22.5
8 2079.56 127.487 22.5
8 2081.01 128.929 22.5
8 2082.46 130.38 22.5
8 2083.9 131.824 22.5
8 2085.34 133.266 22.5
8 2086.79 134.718 22.5
8 2088.24 136.161 22.5
8 2089.68 137.605 22.5
8 2091.14 139.061 22.5
8 2092.6 140.519 22.5
8 2094.05 141.976 22.5
8 2095.5 143.42 22.5
8 2096.94 144.864 22.5
8 2098.39 146.316 22.5
8 2099.84 147.759 22.5
8 2101.28 149.203 22.5
8 2102.73 150.654 22.5
8 2104.2 152.119 22.5
8 2105.64 153.568 22.5
8 2107.09 155.01 22.5
8 2108.54 156.459 22.5
8 2109.99 157.916 22.5
8 2111.44 159.36 22.5
8 2112.88 160.803 22.5
8 2114.33 162.255 22.5
8 2115.77 163.698 22.5
8 2117.22 165.142 22.5
8 2118.67 166.593 22.5
8 2120.11 168.036 22.5
8 2121.56 169.479 22.5
8 2123.03 170.951 22.5
8 2124.47 172.394 22.5
8 2125.92 173.843 22.5
8 2127.36 175.285 22.5
8 2128.8 176.728 22.5
8 2130.27 178.194 22.5
8 2131.71 179.637 22.5
8 2133.16 181.081 22.5
8 2134.61 182.532 22.5
8 2136.05 183.975 22.5
8 2137.5 185.418 22.5
8 2138.95 186.876 22.5
8 2140.4 188.319 22.5
8 2141.86 189.78 22.5
8 2143.3 191.224 22.5
8 2144.74 192.667 22.5
8 2146.2 194.125 22.5
8 2147.64 195.568 22.5
8 2149.1 197.022 22.5
8 2150.55 198.473 22.5
8 2151.99 199.917 22.5
8 2153.44 201.361 22.5
8 2154.89 202.818 22.5
8 2156.34 204.261 22.5
8 2157.79 205.712 22.5
8 2159.23 207.156 22.5
8 2160.69 208.61 22.5
8 2162.14 210.067 22.5
8 2163.59 211.51 22.5
8 2165.03 212.954 22.5
8 2166.48 214.405 22.5
8 2167.93 215.854 22.5
8 2169.37 217.295 22.5
8 2170.82 218.745 22.5
8 2172.26 220.187 22.5
8 2173.71 221.63 22.5
8 2175.16 223.087 22.5
8 2176.61 224.531 22.5
8 2178.06 225.982 22.5
8 2179.51 227.435 22.5
8 2180.96 228.879 22.5
8 2182.41 230.336 22.5
8 2183.86 231.78 22.5
8 2185.3 233.224 22.5
8 2186.76 234.68 22.5
8 2188.2 236.123 22.5
8 2189.64 237.567 22.5
8 2191.1 239.025 22.5
8 2192.55 240.469 22.5
8 2194 241.921 22.5
8 2195.44 243.364 22.5
8 2196.89 244.808 22.5
8 2198.34 246.26 22.5
8 2199.78 247.704 22.5
8 2201.25 249.169 22.5
8 2202.7 250.62 22.5
8 2204.14 252.064 22.5
8 2205.59 253.513 22.5
8 2207.05 254.97 22.5
8 2208.49 256.411 22.5
8 2209.94 257.863 22.5
8 2211.38 259.306 22.5
9 2212.83 1.04e-07 22.5
9 2214.28 1.4509 22.5
9 2215.72 2.89411 22.5
9 2217.16 4.33761 22.5
9 2218.62 5.79384 22.5
9 2220.06 7.23733 22.5
9 2221.51 8.67978 22.5
9 2222.96 10.1313 22.5
9 2224.4 11.5746 22.5
9 2225.84 13.0175 22.5
9 2227.32 14.4905 22.5
9 2228.76 15.9344 22.5
9 2230.21 17.386 22.5
9 2231.66 18.8305 22.5
9 2233.1 20.275 22.5
9 2234.57 21.7434 22.5
9 2236.01 23.1872 22.5
9 2237.46 24.6311 22.5
9 2238.93 26.1034 22.5
9 2240.37 27.5452 22.5
9 2241.82 28.995 22.5
9 2243.26 30.4379 22.5
9 2244.71 31.8813 22.5
9 2246.17 33.348 22.5
9 2247.62 34.7912 22.5
9 2249.06 36.2349 22.5
9 2250.51 37.6868 22.5
9 2251.96 39.1299 22.5
9 2253.4 40.5735 22.5
9 2254.85 42.0248 22.5
9 2256.29 43.4685 22.5
9 2257.74 44.9107 22.5
9 2259.19 46.3671 22.5
9 2260.65 47.8213 22.5
9 2262.1 49.2721 22.5
9 2263.54 50.7161 22.5
9 2264.99 52.1593 22.5
9 2266.44 53.6163 22.5
9 2267.89 55.0591 22.5
9 2269.33 56.5023 22.5
9 2270.78 57.9537 22.5
9 2272.23 59.4078 22.5
9 2273.68 60.851 22.5
9 2275.13 62.3082 22.5
9 2276.58 63.7519 22.5
9 2278.03 65.2033 22.5
9 2279.48 66.6521 22.5
9 2280.92 68.0945 22.5
9 2282.37 69.5435 22.5
9 2283.81 70.9856 22.5
9 2285.26 72.4293 22.5
9 2286.71 73.8857 22.5
9 2288.16 75.329 22.5
9 2289.6 76.7723 22.5
9 2291.06 78.2343 22.5
9 2292.5 79.6779 22.5
9 2293.95 81.1217 22.5
9 2295.4 82.5781 22.5
9 2296.85 84.0215 22.5
9 2298.3 85.4769 22.5
9 2299.74 86.9183 22.5
9 2301.19 88.3599 22.5
9 2302.64 89.8103 22.5
9 2304.08 91.2535 22.5
9 2305.54 92.7178 22.5
9 2306.99 94.1674 22.5
9 2308.44 95.6098 22.5
9 2309.88 97.0572 22.5
9 2311.34 98.5144 22.5
9 2312.78 99.957 22.5
9 2314.23 101.4 22.5
9 2315.68 102.851 22.5
9 2317.12 104.294 22.5
9 2318.57 105.744 22.5
9 2320.01 107.186 22.5
9 2321.46 108.638 22.5
9 2322.92 110.095 22.5
9 2324.36 111.538 22.5
9 2325.81 112.981 22.5
9 2327.26 114.432 22.5
9 2328.71 115.881 22.5
9 2330.15 117.325 22.5
9 2331.61 118.782 22.5
9 2333.05 120.225 22.5
9 2334.5 121.676 22.5
9 2335.95 123.119 22.5
9 2337.39 124.563 22.5
9 2338.84 126.015 22.5
9 2340.31 127.479 22.5
9 2341.75 128.921 22.5
9 2343.2 130.371 22.5
9 2344.64 131.814 22.5
9 2346.08 133.257 22.5
9 2347.55 134.725 22.5
9 2348.99 136.168 22.5
10 2350.45 8.9e-08 22.5
10 2351.89 1.44298 22.5
10 2353.33 2.88668 22.5
10 2354.78 4.33736 22.5
10 2356.23 5.78054 22.5
10 2357.67 7.22454 22.5
10 2359.13 8.68099 22.5
10 2360.57 10.1244 22.5
10 2362.01 11.5671 22.5
10 2363.46 13.018 22.5
10 2364.91 14.461 22.5
10 2366.35 15.9092 22.5
10 2367.8 17.3595 22.5
10 2369.25 18.8017 22.5
10 2370.69 20.2436 22.5
10 2372.14 21.6997 22.5
10 2373.6 23.1527 22.5
10 2375.05 24.604 22.5
10 2376.49 26.0475 22.5
10 2377.94 27.491 22.5
10 2379.39 28.9477 22.5
10 2380.85 30.4068 22.5
10 2382.3 31.8506 22.5
10 2383.75 33.308 22.5
10 2385.21 34.7618 22.5
10 2386.66 36.2135 22.5
10 2388.1 37.6572 22.5
10 2389.55 39.101 22.5
10 2391 40.5584 22.5
10 2392.45 42.0024 22.5
10 2393.89 43.446 22.5
10 2395.34 44.8978 22.5
10 2396.79 46.3409 22.5
10 2398.23 47.7841 22.5
10 2399.7 49.2566 22.5
10 2401.14 50.6987 22.5
10 2402.59 52.1482 22.5
10 2404.04 53.5905 22.5
10 2405.48 55.0337 22.5
10 2406.95 56.5001 22.5
10 2408.39 57.943 22.5
10 2409.83 59.3867 22.5
10 2411.28 60.8378 22.5
10 2412.73 62.2805 22.5
10 2414.17 63.7241 22.5
10 2415.62 65.175 22.5
10 2417.06 66.6183 22.5
10 2418.52 68.0727 22.5
10 2419.97 69.5222 22.5
10 2421.41 70.9646 22.5
10 2422.86 72.4148 22.5
10 2424.3 73.8569 22.5
10 2425.75 75.3001 22.5
11 2427.2 1.01e-07 22.5
11 2428.64 1.44324 22.5
11 2430.08 2.88609 22.5
11 2431.54 4.34229 22.5
11 2432.98 5.78514 22.5
11 2434.42 7.22776 22.5
11 2435.88 8.68105 22.5
11 2437.32 10.1218 22.5
11 2438.76 11.5652 22.5
11 2440.21 13.0159 22.5
11 2441.66 14.459 22.5
11 2443.11 15.9132 22.5
11 2444.56 17.3628 22.5
11 2446 18.8045 22.5
11 2447.46 20.2592 22.5
11 2448.9 21.7019 22.5
11 2450.34 23.1452 22.5
11 2451.8 24.6012 22.5
11 2453.24 26.044 22.5
11 2454.7 27.5013 22.5
11 2456.15 28.9524 22.5
11 2457.59 30.3959 22.5
11 2459.05 31.8501 22.5
11 2460.5 33.2994 22.5
11 2461.94 34.7415 22.5
11 2463.39 36.1914 22.5
11 2464.83 37.6334 22.5
11 2466.27 39.0771 22.5
11 2467.73 40.5284 22.5
11 2469.17 41.9704 22.5
11 2470.61 43.4137 22.5
12 2472.07 6.1e-08 22.5
12 2473.51 1.443 22.5
12 2474.95 2.88566 22.5
12 2476.4 4.3363 22.5
12 2477.85 5.7839 22.5
12 2479.29 7.22517 22.5
12 2480.74 8.67435 22.5
12 2482.18 10.1172 22.5
12 2483.63 11.5597 22.5
12 2485.08 13.0165 22.5
12 2486.53 14.4588 22.5
12 2487.98 15.9101 22.5
12 2489.42 17.3526 22.5
12 2490.86 18.7954 22.5
12 2492.31 20.246 22.5
12 2493.76 21.689 22.5
12 2495.2 23.132 22.5
12 2496.65 24.5881 22.5
12 2498.1 26.0314 22.5
12 2499.56 27.4893 22.5
12 2501.01 28.939 22.5
13 2502.45 9.5e-08 22.5
13 2503.89 1.44211 22.5
13 2505.35 2.8987 22.5
13 2506.8 4.35088 22.5
13 2508.25 5.80215 22.5
13 2509.69 7.24573 22.5
13 2511.14 8.68863 22.5
13 2512.59 10.1454 22.5
13 2514.03 11.5879 22.5
13 2515.48 13.0308 22.5
13 2516.93 14.4819 22.5
13 2518.37 15.9251 22.5
13 2519.82 17.3684 22.5
13 2521.29 18.8403 22.5
13 2522.73 20.2814 22.5
14 2524.18 9e-08 22.5
14 2525.62 1.4419 22.5
14 2527.06 2.88486 22.5
14 2528.53 4.3519 22.5
14 2529.97 5.79475 22.5
14 2531.42 7.23829 22.5
14 2532.87 8.68915 22.5
14 2534.31 10.1315 22.5
14 2535.75 11.5751 22.5
14 2537.2 13.0264 22.5
14 2538.65 14.4697 22.5
14 2540.12 15.9418 22.5
14 2541.56 17.3832 22.5
15 2543 5.9e-08 22.5
15 2544.45 1.45109 22.5
15 2545.9 2.89378 22.5
15 2547.36 4.35296 22.5
15 2548.81 5.80387 22.5
15 2550.25 7.2465 22.5
15 2551.69 8.68978 22.5
15 2553.14 10.1405 22.5
15 2554.59 11.584 22.5
15 2556.03 13.027 22.5
15 2557.49 14.4835 22.5
16 2558.93 5.6e-08 22.5
16 2560.38 1.45101 22.5
16 2561.83 2.89892 22.5
16 2563.27 4.34019 22.5
16 2564.72 5.78963 22.5
16 2566.18 7.24768 22.5
16 2567.62 8.69035 22.5
16 2569.07 10.1413 22.5
16 2570.51 11.5837 22.5
16 2571.96 13.0269 22.5
17 2573.41 6e-08 22.5
17 2574.85 1.44358 22.5
17 2576.29 2.88597 22.5
17 2577.75 4.34287 22.5
17 2579.19 5.78624 22.5
17 2580.65 7.24213 22.5
17 2582.09 8.68401 22.5
17 2583.53 10.1256 22.5
17 2584.98 11.5757 22.5
17 2586.43 13.018 22.5
17 2587.88 14.4765 22.5
18 2589.34 5.4e-08 22.5
18 2590.78 1.44277 22.5
18 2592.22 2.88581 22.5
18 2593.67 4.33715 22.5
18 2595.12 5.78043 22.5
18 2596.56 7.22356 22.5
18 2598.02 8.68 22.5
18 2599.46 10.1235 22.5
18 2600.91 11.5746 22.5
18 2602.36 13.0225 22.5
19 2603.8 5.2e-08 22.5
19 2605.25 1.4493 22.5
19 2606.69 2.89213 22.5
19 2608.13 4.33479 22.5
19 2609.59 5.79115 22.5
19 2611.03 7.23392 22.5
19 2612.48 8.67658 22.5
19 2613.93 10.1322 22.5
19 2615.37 11.5737 22.5
19 2616.81 13.0149 22.5
20 2618.26 5.8e-08 22.5
20 2619.71 1.44289 22.5
20 2621.16 2.89673 22.5
20 2622.61 4.34623 22.5
20 2624.05 5.78668 22.5
20 2625.5 7.23721 22.5
20 2626.94 8.68008 22.5
20 2628.39 10.1224 22.5
20 2629.84 11.5731 22.5
20 2631.28 13.0158 22.5
21 2632.74 4.9e-08 22.5
21 2634.19 1.44969 22.5
21 2635.64 2.89158 22.5
21 2637.08 4.3336 22.5
21 2638.53 5.78412 22.5
21 2639.99 7.24311 22.5
21 2641.44 8.69462 22.5
21 2642.88 10.1381 22.5
21 2644.32 11.5811 22.5
21 2645.78 13.0321 22.5
22 2647.22 5e-08 22.5
22 2648.66 1.44287 22.5
22 2650.12 2.89958 22.5
22 2651.58 4.35781 22.5
22 2653.02 5.79914 22.5
22 2654.47 7.24893 22.5
22 2655.91 8.69104 22.5
22 2657.35 10.1338 22.5
22 2658.82 11.6009 22.5
22 2660.26 13.0438 22.5
23 2661.71 6.3e-08 22.5
23 2663.16 1.44319 22.5
23 2664.6 2.88661 22.5
23 2666.06 4.34339 22.5
23 2667.5 5.78623 22.5
23 2668.94 7.22865 22.5
23 2670.4 8.68463 22.5
23 2671.84 10.1256 22.5
23 2673.28 11.5677 22.5
23 2674.73 13.018 22.5
24 2676.18 5.5e-08 22.5
24 2677.63 1.45362 22.5
24 2679.08 2.90221 22.5
24 2680.52 4.34334 22.5
24 2681.97 5.79399 22.5
24 2683.41 7.23695 22.5
24 2684.85 8.67953 22.5
24 2686.31 10.1308 22.5
24 2687.75 11.5736 22.5
24 2689.21 13.0378 22.5
25 2690.66 5.6e-08 22.5
25 2692.1 1.4412 22.5
25 2693.55 2.88332 22.5
25 2695 4.33391 22.5
25 2696.45 5.79269 22.5
25 2697.91 7.24336 22.5
25 2699.35 8.68622 22.5
25 2700.79 10.1294 22.5
25 2702.24 11.5807 22.5
26 2703.79 1.45e-07 22.5
26 2705.23 1.44871 22.5
26 2706.68 2.89053 22.5
26 2708.12 4.33266 22.5
26 2709.57 5.78375 22.5
26 2711.03 7.24776 22.5
26 2712.48 8.69714 22.5
26 2713.92 10.1384 22.5
26 2715.37 11.5805 22.5
26 2716.82 13.0306 22.5
27 2718.27 7.6e-08 22.5
27 2719.72 1.44286 22.5
27 2721.17 2.89343 22.5
27 2722.61 4.33613 22.5
27 2724.05 5.77848 22.5
27 2725.5 7.22889 22.5
27 2726.94 8.67027 22.5
27 2728.39 10.1118 22.5
27 2729.84 11.5617 22.5
27 2731.28 13.0043 22.5
28 2733.02 1.62e-07 22.5
28 2734.46 1.43846 22.5
28 2735.9 2.87946 22.5
28 2737.37 4.35009 22.5
28 2738.81 5.79123 22.5
28 2740.26 7.24032 22.5
28 2741.7 8.6831 22.5
28 2743.15 10.1251 22.5
28 2744.61 11.5922 22.5
28 2746.06 13.035 22.5
29 2747.9 1.54e-07 22.5
29 2749.34 1.44266 22.5
29 2750.8 2.89945 22.5
29 2752.24 4.34257 22.5
29 2753.69 5.79351 22.5
29 2755.14 7.23645 22.5
29 2756.58 8.67916 22.5
29 2758.03 10.1295 22.5
29 2759.47 11.5719 22.5
29 2760.91 13.0131 22.5
30 2763.46 1.23e-07 22.5
30 2764.92 1.45227 22.5
30 2766.35 2.8873 22.5
30 2767.79 4.32849 22.5
30 2769.25 5.78464 22.5
30 2770.69 7.22771 22.5
30 2772.14 8.67784 22.5
30 2773.58 10.1208 22.5
30 2775.03 11.5636 22.5
30 2776.48 13.0146 22.5
31 2780.42 1.45e-07 22.5
31 2781.86 1.44215 22.5
31 2783.31 2.88912 22.5
31 2784.75 4.3317 22.5
31 2786.2 5.77457 22.5
31 2787.65 7.23151 22.5
31 2789.1 8.67411 22.5
31 2790.54 10.1167 22.5
31 2791.99 11.5675 22.5
31 2793.43 13.0105 22.5
32 2799.48 1.45e-07 22.5
32 2800.92 1.44051 22.5
32 2802.36 2.88253 22.5
32 2803.81 4.33226 22.5
32 2805.25 5.77287 22.5
32 2806.69 7.21471 22.5
32 2808.15 8.67096 22.5
32 2809.59 10.1136 22.5
32 2811.04 11.5564 22.5
32 2812.49 13.0071 22.5
