0 6.74433 9.4e-08 24.5
0 9.64255 2.89821 24.5
0 11.0969 4.35255 24.5
0 12.5405 5.7962 24.5
0 13.9841 7.23976 24.5
0 15.4349 8.69062 24.5
0 16.8747 10.1303 24.5
1 18.3181 7.7e-08 24.5
1 19.7779 1.45982 24.5
1 21.221 2.90286 24.5
1 22.6616 4.34349 25
2 24.1127 7.8e-08 25
2 25.5553 1.44263 24.5
3 26.9991 6.8e-08 25.5
3 28.4532 1.45405 26
5 29.893 6.5e-08 27
6 31.3372 5.9e-08 28
9 32.7963 6.7e-08 28
11 34.265 6.2e-08 28
14 35.7239 6.4e-08 28
16 37.1723 6.1e-08 28
19 38.8138 1.61e-07 28
20 40.27 6.8e-08 27
21 41.7125 8e-08 24.5
22 44.1564 1.63e-07 24.5
23 48.7001 1.68e-07 24.5
24 57.5519 1.59e-07 24.5
