        type trial_config ert_flop   unroll  buffers        nsize       trials       microsecs        bytes        flops         GB/s         GF/s
 signed_char    coalesced        4        4        1            4     16777216     5864371.265    134217728    268435456        0.023        0.046
 signed_char    coalesced        4        4        1            8     16777216     5951358.267    268435456    536870912        0.045        0.090
 signed_char    coalesced        4        4        1           16     16777216     6234820.325    536870912   1073741824        0.086        0.172
 signed_char    coalesced        4        4        1           32     16777216     6891062.142   1073741824   2147483648        0.156        0.312
 signed_char    coalesced        4        4        1           64     16777216     8183089.989   2147483648   4294967296        0.262        0.525
 signed_char    coalesced        4        4        1          128     16777216     9698472.882   4294967296   8589934592        0.443        0.886
 signed_char    coalesced        4        4        1          256     16777216    12469405.114   8589934592  17179869184        0.689        1.378
 signed_char    coalesced        4        4        1          512      8388608     7878834.435   8589934592  17179869184        1.090        2.181
 signed_char    coalesced        4        4        1         1024      4194304     5593494.574   8589934592  17179869184        1.536        3.071
 signed_char    coalesced        4        4        1         2048      2097152     4514856.324   8589934592  17179869184        1.903        3.805
 signed_char    coalesced        4        4        1         4096      1048576     4091652.759   8589934592  17179869184        2.099        4.199
 signed_char    coalesced        4        4        1         8192       524288     3682460.645   8589934592  17179869184        2.333        4.665
 signed_char    coalesced        4        4        1        16384       262144     3580176.038   8589934592  17179869184        2.399        4.799
 signed_char    coalesced        4        4        1        32768       131072     3477868.904   8589934592  17179869184        2.470        4.940
 signed_char    coalesced        4        4        1        65536        65536     3375571.436   8589934592  17179869184        2.545        5.089
 signed_char    coalesced        4        4        1       131072        32768     3324441.905   8589934592  17179869184        2.584        5.168
 signed_char    coalesced        4        4        1       262144        16384     3298860.047   8589934592  17179869184        2.604        5.208
 signed_char    coalesced        4        4        1       524288         8192     3286104.470   8589934592  17179869184        2.614        5.228
 signed_char    coalesced        4        4        1      1048576         4096     3279701.379   8589934592  17179869184        2.619        5.238
 signed_char    coalesced        4        4        1      2097152         2048     3276520.030   8589934592  17179869184        2.622        5.243
 signed_char    coalesced        4        4        1      4194304         1024     3274919.121   8589934592  17179869184        2.623        5.246
 signed_char    coalesced        4        4        1      8388608          512     3274088.027   8589934592  17179869184        2.624        5.247
 signed_char    coalesced        4        4        1     16777216          256     3273717.587   8589934592  17179869184        2.624        5.248
 signed_char    coalesced        4        4        1     33554432          128     3273556.891   8589934592  17179869184        2.624        5.248
 signed_char    coalesced        4        4        1     67108864           64     3273444.602   8589934592  17179869184        2.624        5.248
 signed_char    coalesced        4        4        1    134217728           32     3273377.124   8589934592  17179869184        2.624        5.248
 signed_char    coalesced        4        4        1    268435456           16     3273339.651   8589934592  17179869184        2.624        5.248
 signed_char    coalesced        4        4        1    536870912            8     3273333.014   8589934592  17179869184        2.624        5.248
 signed_char    coalesced        4        4        1   1073741824            4     3273319.462   8589934592  17179869184        2.624        5.248
 signed_char    coalesced        4        4        1   2147483648            2     3273327.837   8589934592  17179869184        2.624        5.248
 signed_char    coalesced        4        4        1   4293918720            1     3272536.563   8587837440  17175674880        2.624        5.248
