0 6.59621 1.21e-07 20.5
0 9.49199 2.89578 20.5
0 10.9331 4.33684 20.5
0 12.3836 5.78742 20.5
1 13.8291 7.6e-08 20.5
1 15.2694 1.4403 20.5
1 16.7264 2.89724 20.5
1 18.1697 4.34056 20.5
1 19.6124 5.78328 20.5
2 21.0641 5.3e-08 20.5
2 22.5096 1.44548 20.5
2 23.9529 2.88883 20.5
2 25.405 4.3409 20.5
2 26.845 5.78094 20.5
3 28.2881 5.8e-08 20.5
3 29.7458 1.45775 20.5
3 31.1875 2.89947 20.5
3 32.6387 4.35069 20.5
3 34.0869 5.79881 20.5
3 35.5342 7.24615 20.5
4 36.9913 9.4e-08 20.5
4 38.4454 1.4541 20.5
4 39.8885 2.89712 20.5
4 41.3612 4.36988 20.5
4 42.8129 5.82154 20.5
4 44.2795 7.28813 20.5
4 45.7328 8.74146 20.5
5 47.1758 7.2e-08 20.5
5 48.6485 1.47268 20.5
5 50.1003 2.9245 20.5
5 51.5675 4.39171 20.5
5 53.0157 5.83988 20.5
5 54.465 7.28916 20.5
5 55.9318 8.75596 20.5
5 57.3852 10.2094 21
6 58.8526 6.6e-08 21
6 60.2966 1.44405 21
6 61.741 2.88838 21
6 63.1909 4.33836 21
6 64.6394 5.78678 21
7 66.0836 6.5e-08 21
7 67.5468 1.4632 21
7 68.9891 2.90547 21
8 70.4457 5.9e-08 21.5
8 71.9061 1.46042 21.5
8 73.361 2.91532 21.5
9 74.8294 5.9e-08 21.5
10 76.2732 5.8e-08 21.5
10 77.7296 1.45643 21.5
11 79.1902 1.48e-07 21.5
11 80.6444 1.45421 22
12 82.1133 6.6e-08 22
13 83.5576 5.5e-08 22
14 85.0137 5.6e-08 22
14 86.4568 1.44311 22
15 87.9039 5.9e-08 22
16 89.3718 7.2e-08 22
16 90.8209 1.44912 22
17 92.2625 5.6e-08 22
18 93.713 5.8e-08 22
19 95.176 5.5e-08 22
19 96.6335 1.45744 22
20 98.0922 6.7e-08 22
21 99.5407 6.2e-08 22
21 100.995 1.4546 22
22 102.437 5e-08 22
23 103.897 6.7e-08 22
23 105.338 1.44164 22
24 106.781 5.6e-08 21
25 108.433 9.6e-08 22
25 109.898 1.46472 21
26 111.542 1.56e-07 22
26 112.986 1.444 21
27 115.645 1.54e-07 22
27 117.087 1.44217 21
28 121.847 1.48e-07 22
28 123.295 1.44776 21
29 132.344 1.48e-07 22
29 133.796 1.45194 20.5
