        type trial_config ert_flop   unroll  buffers        nsize       trials       microsecs        bytes        flops         GB/s         GF/s
       float    coalesced       45       32        2          256     16777216    16366348.159   8589934592  48318382080        0.525        2.952
       float    coalesced       45       32        2          512     16777216    17092391.825  17179869184  96636764160        1.005        5.654
       float    coalesced       45       32        2         1024      8388608     9352362.064  17179869184  96636764160        1.837       10.333
       float    coalesced       45       32        2         2048      4194304     4910267.248  17179869184  96636764160        3.499       19.681
       float    coalesced       45       32        2         4096      2097152     2728141.312  17179869184  96636764160        6.297       35.422
       float    coalesced       45       32        2         8192      1048576     1637037.862  17179869184  96636764160       10.494       59.031
       float    coalesced       45       32        2        16384       524288     1137339.020  17179869184  96636764160       15.105       84.967
       float    coalesced       45       32        2        32768       262144      877199.008  17179869184  96636764160       19.585      110.165
       float    coalesced       45       32        2        65536       131072      739396.879  17179869184  96636764160       23.235      130.697
       float    coalesced       45       32        2       131072        65536      676897.523  17179869184  96636764160       25.380      142.764
       float    coalesced       45       32        2       262144        32768      641650.155  17179869184  96636764160       26.775      150.607
       float    coalesced       45       32        2       524288        16384      625474.277  17179869184  96636764160       27.467      154.502
       float    coalesced       45       32        2      1048576         8192      617317.277  17179869184  96636764160       27.830      156.543
       float    coalesced       45       32        2      2097152         4096      613049.926  17179869184  96636764160       28.024      157.633
       float    coalesced       45       32        2      4194304         2048      610989.033  17179869184  96636764160       28.118      158.164
       float    coalesced       45       32        2      8388608         1024      610032.195  17179869184  96636764160       28.162      158.413
       float    coalesced       45       32        2     16777216          512      609426.750  17179869184  96636764160       28.190      158.570
       float    coalesced       45       32        2     33554432          256      609244.013  17179869184  96636764160       28.199      158.618
       float    coalesced       45       32        2     67108864          128      609078.394  17179869184  96636764160       28.206      158.661
       float    coalesced       45       32        2    134217728           64      609017.549  17179869184  96636764160       28.209      158.676
       float    coalesced       45       32        2    268435456           32      609007.955  17179869184  96636764160       28.210      158.679
       float    coalesced       45       32        2    536870912           16      608963.114  17179869184  96636764160       28.212      158.691
       float    coalesced       45       32        2   1073741824            8      608971.895  17179869184  96636764160       28.211      158.688
       float    coalesced       45       32        2   2147483648            4      608943.998  17179869184  96636764160       28.213      158.696
       float    coalesced       45       32        2   4294967296            2      608938.381  17179869184  96636764160       28.213      158.697
       float    coalesced       45       32        2   8588886016            1      608865.241  17177772032  96624967680       28.213      158.697
